<?xml version="1.0" encoding="UTF-8"?>
<testsuite xmlns:xsi="http://www.w3.org/2001/XMLSchema-instance" xsi:noNamespaceSchemaLocation="https://maven.apache.org/surefire/maven-surefire-plugin/xsd/surefire-test-report.xsd" version="3.0.2" name="com.rts.tap.BackendApiApplicationTests" time="11.764" tests="1" errors="1" skipped="0" failures="0">
  <properties>
    <property name="java.specification.version" value="17"/>
    <property name="sun.cpu.isalist" value="amd64"/>
    <property name="sun.jnu.encoding" value="Cp1252"/>
    <property name="java.class.path" value="C:\Users\keerthana.prabu\Downloads\mrf-service\target\test-classes;C:\Users\keerthana.prabu\Downloads\mrf-service\target\classes;C:\Users\keerthana.prabu\.m2\repository\org\springframework\boot\spring-boot-starter-data-jpa\3.4.1\spring-boot-starter-data-jpa-3.4.1.jar;C:\Users\keerthana.prabu\.m2\repository\org\springframework\boot\spring-boot-starter\3.4.1\spring-boot-starter-3.4.1.jar;C:\Users\keerthana.prabu\.m2\repository\org\springframework\boot\spring-boot\3.4.1\spring-boot-3.4.1.jar;C:\Users\keerthana.prabu\.m2\repository\org\springframework\boot\spring-boot-autoconfigure\3.4.1\spring-boot-autoconfigure-3.4.1.jar;C:\Users\keerthana.prabu\.m2\repository\org\springframework\boot\spring-boot-starter-logging\3.4.1\spring-boot-starter-logging-3.4.1.jar;C:\Users\keerthana.prabu\.m2\repository\ch\qos\logback\logback-classic\1.5.12\logback-classic-1.5.12.jar;C:\Users\keerthana.prabu\.m2\repository\ch\qos\logback\logback-core\1.5.12\logback-core-1.5.12.jar;C:\Users\keerthana.prabu\.m2\repository\org\apache\logging\log4j\log4j-to-slf4j\2.24.3\log4j-to-slf4j-2.24.3.jar;C:\Users\keerthana.prabu\.m2\repository\org\slf4j\jul-to-slf4j\2.0.16\jul-to-slf4j-2.0.16.jar;C:\Users\keerthana.prabu\.m2\repository\jakarta\annotation\jakarta.annotation-api\2.1.1\jakarta.annotation-api-2.1.1.jar;C:\Users\keerthana.prabu\.m2\repository\org\yaml\snakeyaml\2.3\snakeyaml-2.3.jar;C:\Users\keerthana.prabu\.m2\repository\org\springframework\boot\spring-boot-starter-jdbc\3.4.1\spring-boot-starter-jdbc-3.4.1.jar;C:\Users\keerthana.prabu\.m2\repository\com\zaxxer\HikariCP\5.1.0\HikariCP-5.1.0.jar;C:\Users\keerthana.prabu\.m2\repository\org\springframework\spring-jdbc\6.2.1\spring-jdbc-6.2.1.jar;C:\Users\keerthana.prabu\.m2\repository\org\hibernate\orm\hibernate-core\6.6.4.Final\hibernate-core-6.6.4.Final.jar;C:\Users\keerthana.prabu\.m2\repository\jakarta\transaction\jakarta.transaction-api\2.0.1\jakarta.transaction-api-2.0.1.jar;C:\Users\keerthana.prabu\.m2\repository\org\jboss\logging\jboss-logging\3.6.1.Final\jboss-logging-3.6.1.Final.jar;C:\Users\keerthana.prabu\.m2\repository\org\hibernate\common\hibernate-commons-annotations\7.0.3.Final\hibernate-commons-annotations-7.0.3.Final.jar;C:\Users\keerthana.prabu\.m2\repository\io\smallrye\jandex\3.2.0\jandex-3.2.0.jar;C:\Users\keerthana.prabu\.m2\repository\com\fasterxml\classmate\1.7.0\classmate-1.7.0.jar;C:\Users\keerthana.prabu\.m2\repository\org\glassfish\jaxb\jaxb-runtime\4.0.5\jaxb-runtime-4.0.5.jar;C:\Users\keerthana.prabu\.m2\repository\org\glassfish\jaxb\jaxb-core\4.0.5\jaxb-core-4.0.5.jar;C:\Users\keerthana.prabu\.m2\repository\org\glassfish\jaxb\txw2\4.0.5\txw2-4.0.5.jar;C:\Users\keerthana.prabu\.m2\repository\com\sun\istack\istack-commons-runtime\4.1.2\istack-commons-runtime-4.1.2.jar;C:\Users\keerthana.prabu\.m2\repository\jakarta\inject\jakarta.inject-api\2.0.1\jakarta.inject-api-2.0.1.jar;C:\Users\keerthana.prabu\.m2\repository\org\antlr\antlr4-runtime\4.13.0\antlr4-runtime-4.13.0.jar;C:\Users\keerthana.prabu\.m2\repository\org\springframework\data\spring-data-jpa\3.4.1\spring-data-jpa-3.4.1.jar;C:\Users\keerthana.prabu\.m2\repository\org\springframework\data\spring-data-commons\3.4.1\spring-data-commons-3.4.1.jar;C:\Users\keerthana.prabu\.m2\repository\org\springframework\spring-orm\6.2.1\spring-orm-6.2.1.jar;C:\Users\keerthana.prabu\.m2\repository\org\springframework\spring-context\6.2.1\spring-context-6.2.1.jar;C:\Users\keerthana.prabu\.m2\repository\org\springframework\spring-tx\6.2.1\spring-tx-6.2.1.jar;C:\Users\keerthana.prabu\.m2\repository\org\springframework\spring-beans\6.2.1\spring-beans-6.2.1.jar;C:\Users\keerthana.prabu\.m2\repository\org\springframework\spring-aspects\6.2.1\spring-aspects-6.2.1.jar;C:\Users\keerthana.prabu\.m2\repository\org\aspectj\aspectjweaver\1.9.22.1\aspectjweaver-1.9.22.1.jar;C:\Users\keerthana.prabu\.m2\repository\org\springframework\boot\spring-boot-starter-web\3.4.1\spring-boot-starter-web-3.4.1.jar;C:\Users\keerthana.prabu\.m2\repository\org\springframework\boot\spring-boot-starter-json\3.4.1\spring-boot-starter-json-3.4.1.jar;C:\Users\keerthana.prabu\.m2\repository\com\fasterxml\jackson\datatype\jackson-datatype-jdk8\2.18.2\jackson-datatype-jdk8-2.18.2.jar;C:\Users\keerthana.prabu\.m2\repository\com\fasterxml\jackson\datatype\jackson-datatype-jsr310\2.18.2\jackson-datatype-jsr310-2.18.2.jar;C:\Users\keerthana.prabu\.m2\repository\com\fasterxml\jackson\module\jackson-module-parameter-names\2.18.2\jackson-module-parameter-names-2.18.2.jar;C:\Users\keerthana.prabu\.m2\repository\org\springframework\boot\spring-boot-starter-tomcat\3.4.1\spring-boot-starter-tomcat-3.4.1.jar;C:\Users\keerthana.prabu\.m2\repository\org\apache\tomcat\embed\tomcat-embed-core\10.1.34\tomcat-embed-core-10.1.34.jar;C:\Users\keerthana.prabu\.m2\repository\org\apache\tomcat\embed\tomcat-embed-el\10.1.34\tomcat-embed-el-10.1.34.jar;C:\Users\keerthana.prabu\.m2\repository\org\apache\tomcat\embed\tomcat-embed-websocket\10.1.34\tomcat-embed-websocket-10.1.34.jar;C:\Users\keerthana.prabu\.m2\repository\org\springframework\spring-web\6.2.1\spring-web-6.2.1.jar;C:\Users\keerthana.prabu\.m2\repository\io\micrometer\micrometer-observation\1.14.2\micrometer-observation-1.14.2.jar;C:\Users\keerthana.prabu\.m2\repository\io\micrometer\micrometer-commons\1.14.2\micrometer-commons-1.14.2.jar;C:\Users\keerthana.prabu\.m2\repository\org\springframework\spring-webmvc\6.2.1\spring-webmvc-6.2.1.jar;C:\Users\keerthana.prabu\.m2\repository\org\springframework\spring-expression\6.2.1\spring-expression-6.2.1.jar;C:\Users\keerthana.prabu\.m2\repository\org\apache\commons\commons-csv\1.10.0\commons-csv-1.10.0.jar;C:\Users\keerthana.prabu\.m2\repository\org\springframework\boot\spring-boot-starter-web-services\3.4.1\spring-boot-starter-web-services-3.4.1.jar;C:\Users\keerthana.prabu\.m2\repository\com\sun\xml\messaging\saaj\saaj-impl\3.0.4\saaj-impl-3.0.4.jar;C:\Users\keerthana.prabu\.m2\repository\jakarta\xml\soap\jakarta.xml.soap-api\3.0.2\jakarta.xml.soap-api-3.0.2.jar;C:\Users\keerthana.prabu\.m2\repository\org\jvnet\staxex\stax-ex\2.1.0\stax-ex-2.1.0.jar;C:\Users\keerthana.prabu\.m2\repository\jakarta\activation\jakarta.activation-api\2.1.3\jakarta.activation-api-2.1.3.jar;C:\Users\keerthana.prabu\.m2\repository\org\eclipse\angus\angus-activation\2.0.2\angus-activation-2.0.2.jar;C:\Users\keerthana.prabu\.m2\repository\jakarta\xml\ws\jakarta.xml.ws-api\4.0.2\jakarta.xml.ws-api-4.0.2.jar;C:\Users\keerthana.prabu\.m2\repository\org\springframework\spring-oxm\6.2.1\spring-oxm-6.2.1.jar;C:\Users\keerthana.prabu\.m2\repository\org\springframework\ws\spring-ws-core\4.0.11\spring-ws-core-4.0.11.jar;C:\Users\keerthana.prabu\.m2\repository\org\springframework\ws\spring-xml\4.0.11\spring-xml-4.0.11.jar;C:\Users\keerthana.prabu\.m2\repository\org\springframework\boot\spring-boot-starter-mail\3.4.1\spring-boot-starter-mail-3.4.1.jar;C:\Users\keerthana.prabu\.m2\repository\org\springframework\spring-context-support\6.2.1\spring-context-support-6.2.1.jar;C:\Users\keerthana.prabu\.m2\repository\org\eclipse\angus\jakarta.mail\2.0.3\jakarta.mail-2.0.3.jar;C:\Users\keerthana.prabu\.m2\repository\org\springframework\boot\spring-boot-starter-data-mongodb\3.4.1\spring-boot-starter-data-mongodb-3.4.1.jar;C:\Users\keerthana.prabu\.m2\repository\org\mongodb\mongodb-driver-sync\5.2.1\mongodb-driver-sync-5.2.1.jar;C:\Users\keerthana.prabu\.m2\repository\org\mongodb\bson\5.2.1\bson-5.2.1.jar;C:\Users\keerthana.prabu\.m2\repository\org\mongodb\mongodb-driver-core\5.2.1\mongodb-driver-core-5.2.1.jar;C:\Users\keerthana.prabu\.m2\repository\org\mongodb\bson-record-codec\5.2.1\bson-record-codec-5.2.1.jar;C:\Users\keerthana.prabu\.m2\repository\org\springframework\data\spring-data-mongodb\4.4.1\spring-data-mongodb-4.4.1.jar;C:\Users\keerthana.prabu\.m2\repository\org\springframework\boot\spring-boot-starter-test\3.4.1\spring-boot-starter-test-3.4.1.jar;C:\Users\keerthana.prabu\.m2\repository\org\springframework\boot\spring-boot-test\3.4.1\spring-boot-test-3.4.1.jar;C:\Users\keerthana.prabu\.m2\repository\org\springframework\boot\spring-boot-test-autoconfigure\3.4.1\spring-boot-test-autoconfigure-3.4.1.jar;C:\Users\keerthana.prabu\.m2\repository\com\jayway\jsonpath\json-path\2.9.0\json-path-2.9.0.jar;C:\Users\keerthana.prabu\.m2\repository\jakarta\xml\bind\jakarta.xml.bind-api\4.0.2\jakarta.xml.bind-api-4.0.2.jar;C:\Users\keerthana.prabu\.m2\repository\net\minidev\json-smart\2.5.1\json-smart-2.5.1.jar;C:\Users\keerthana.prabu\.m2\repository\net\minidev\accessors-smart\2.5.1\accessors-smart-2.5.1.jar;C:\Users\keerthana.prabu\.m2\repository\org\ow2\asm\asm\9.6\asm-9.6.jar;C:\Users\keerthana.prabu\.m2\repository\org\assertj\assertj-core\3.26.3\assertj-core-3.26.3.jar;C:\Users\keerthana.prabu\.m2\repository\org\awaitility\awaitility\4.2.2\awaitility-4.2.2.jar;C:\Users\keerthana.prabu\.m2\repository\org\hamcrest\hamcrest\2.2\hamcrest-2.2.jar;C:\Users\keerthana.prabu\.m2\repository\org\skyscreamer\jsonassert\1.5.3\jsonassert-1.5.3.jar;C:\Users\keerthana.prabu\.m2\repository\com\vaadin\external\google\android-json\0.0.20131108.vaadin1\android-json-0.0.20131108.vaadin1.jar;C:\Users\keerthana.prabu\.m2\repository\org\springframework\spring-core\6.2.1\spring-core-6.2.1.jar;C:\Users\keerthana.prabu\.m2\repository\org\springframework\spring-jcl\6.2.1\spring-jcl-6.2.1.jar;C:\Users\keerthana.prabu\.m2\repository\org\springframework\spring-test\6.2.1\spring-test-6.2.1.jar;C:\Users\keerthana.prabu\.m2\repository\org\xmlunit\xmlunit-core\2.10.0\xmlunit-core-2.10.0.jar;C:\Users\keerthana.prabu\.m2\repository\org\mockito\mockito-core\5.14.2\mockito-core-5.14.2.jar;C:\Users\keerthana.prabu\.m2\repository\net\bytebuddy\byte-buddy\1.15.11\byte-buddy-1.15.11.jar;C:\Users\keerthana.prabu\.m2\repository\net\bytebuddy\byte-buddy-agent\1.15.11\byte-buddy-agent-1.15.11.jar;C:\Users\keerthana.prabu\.m2\repository\org\objenesis\objenesis\3.3\objenesis-3.3.jar;C:\Users\keerthana.prabu\.m2\repository\org\springdoc\springdoc-openapi-starter-webmvc-ui\2.5.0\springdoc-openapi-starter-webmvc-ui-2.5.0.jar;C:\Users\keerthana.prabu\.m2\repository\org\springdoc\springdoc-openapi-starter-webmvc-api\2.5.0\springdoc-openapi-starter-webmvc-api-2.5.0.jar;C:\Users\keerthana.prabu\.m2\repository\org\springdoc\springdoc-openapi-starter-common\2.5.0\springdoc-openapi-starter-common-2.5.0.jar;C:\Users\keerthana.prabu\.m2\repository\io\swagger\core\v3\swagger-core-jakarta\2.2.21\swagger-core-jakarta-2.2.21.jar;C:\Users\keerthana.prabu\.m2\repository\io\swagger\core\v3\swagger-annotations-jakarta\2.2.21\swagger-annotations-jakarta-2.2.21.jar;C:\Users\keerthana.prabu\.m2\repository\io\swagger\core\v3\swagger-models-jakarta\2.2.21\swagger-models-jakarta-2.2.21.jar;C:\Users\keerthana.prabu\.m2\repository\jakarta\validation\jakarta.validation-api\3.0.2\jakarta.validation-api-3.0.2.jar;C:\Users\keerthana.prabu\.m2\repository\com\fasterxml\jackson\dataformat\jackson-dataformat-yaml\2.18.2\jackson-dataformat-yaml-2.18.2.jar;C:\Users\keerthana.prabu\.m2\repository\org\webjars\swagger-ui\5.13.0\swagger-ui-5.13.0.jar;C:\Users\keerthana.prabu\.m2\repository\com\opencsv\opencsv\5.7.1\opencsv-5.7.1.jar;C:\Users\keerthana.prabu\.m2\repository\org\apache\commons\commons-lang3\3.17.0\commons-lang3-3.17.0.jar;C:\Users\keerthana.prabu\.m2\repository\org\apache\commons\commons-text\1.10.0\commons-text-1.10.0.jar;C:\Users\keerthana.prabu\.m2\repository\commons-beanutils\commons-beanutils\1.9.4\commons-beanutils-1.9.4.jar;C:\Users\keerthana.prabu\.m2\repository\commons-logging\commons-logging\1.2\commons-logging-1.2.jar;C:\Users\keerthana.prabu\.m2\repository\commons-collections\commons-collections\3.2.2\commons-collections-3.2.2.jar;C:\Users\keerthana.prabu\.m2\repository\org\apache\commons\commons-collections4\4.4\commons-collections4-4.4.jar;C:\Users\keerthana.prabu\.m2\repository\org\apache\poi\poi-ooxml\5.2.3\poi-ooxml-5.2.3.jar;C:\Users\keerthana.prabu\.m2\repository\org\apache\poi\poi\5.2.3\poi-5.2.3.jar;C:\Users\keerthana.prabu\.m2\repository\commons-codec\commons-codec\1.17.1\commons-codec-1.17.1.jar;C:\Users\keerthana.prabu\.m2\repository\org\apache\commons\commons-math3\3.6.1\commons-math3-3.6.1.jar;C:\Users\keerthana.prabu\.m2\repository\com\zaxxer\SparseBitSet\1.2\SparseBitSet-1.2.jar;C:\Users\keerthana.prabu\.m2\repository\org\apache\poi\poi-ooxml-lite\5.2.3\poi-ooxml-lite-5.2.3.jar;C:\Users\keerthana.prabu\.m2\repository\org\apache\xmlbeans\xmlbeans\5.1.1\xmlbeans-5.1.1.jar;C:\Users\keerthana.prabu\.m2\repository\org\apache\commons\commons-compress\1.21\commons-compress-1.21.jar;C:\Users\keerthana.prabu\.m2\repository\commons-io\commons-io\2.11.0\commons-io-2.11.0.jar;C:\Users\keerthana.prabu\.m2\repository\com\github\virtuald\curvesapi\1.07\curvesapi-1.07.jar;C:\Users\keerthana.prabu\.m2\repository\org\apache\logging\log4j\log4j-api\2.24.3\log4j-api-2.24.3.jar;C:\Users\keerthana.prabu\.m2\repository\com\h2database\h2\2.3.232\h2-2.3.232.jar;C:\Users\keerthana.prabu\.m2\repository\com\mysql\mysql-connector-j\9.1.0\mysql-connector-j-9.1.0.jar;C:\Users\keerthana.prabu\.m2\repository\org\junit\jupiter\junit-jupiter\5.11.4\junit-jupiter-5.11.4.jar;C:\Users\keerthana.prabu\.m2\repository\org\junit\jupiter\junit-jupiter-api\5.11.4\junit-jupiter-api-5.11.4.jar;C:\Users\keerthana.prabu\.m2\repository\org\opentest4j\opentest4j\1.3.0\opentest4j-1.3.0.jar;C:\Users\keerthana.prabu\.m2\repository\org\junit\platform\junit-platform-commons\1.11.4\junit-platform-commons-1.11.4.jar;C:\Users\keerthana.prabu\.m2\repository\org\apiguardian\apiguardian-api\1.1.2\apiguardian-api-1.1.2.jar;C:\Users\keerthana.prabu\.m2\repository\org\junit\jupiter\junit-jupiter-params\5.11.4\junit-jupiter-params-5.11.4.jar;C:\Users\keerthana.prabu\.m2\repository\org\junit\jupiter\junit-jupiter-engine\5.11.4\junit-jupiter-engine-5.11.4.jar;C:\Users\keerthana.prabu\.m2\repository\org\junit\platform\junit-platform-engine\1.11.4\junit-platform-engine-1.11.4.jar;C:\Users\keerthana.prabu\.m2\repository\org\mockito\mockito-junit-jupiter\5.14.2\mockito-junit-jupiter-5.14.2.jar;C:\Users\keerthana.prabu\.m2\repository\javax\xml\bind\jaxb-api\2.3.1\jaxb-api-2.3.1.jar;C:\Users\keerthana.prabu\.m2\repository\javax\activation\javax.activation-api\1.2.0\javax.activation-api-1.2.0.jar;C:\Users\keerthana.prabu\.m2\repository\org\javassist\javassist\3.25.0-GA\javassist-3.25.0-GA.jar;C:\Users\keerthana.prabu\.m2\repository\org\springframework\security\spring-security-test\6.4.2\spring-security-test-6.4.2.jar;C:\Users\keerthana.prabu\.m2\repository\org\springframework\security\spring-security-core\6.4.2\spring-security-core-6.4.2.jar;C:\Users\keerthana.prabu\.m2\repository\org\springframework\security\spring-security-crypto\6.4.2\spring-security-crypto-6.4.2.jar;C:\Users\keerthana.prabu\.m2\repository\org\springframework\security\spring-security-web\6.4.2\spring-security-web-6.4.2.jar;C:\Users\keerthana.prabu\.m2\repository\org\springframework\boot\spring-boot-starter-security\3.4.1\spring-boot-starter-security-3.4.1.jar;C:\Users\keerthana.prabu\.m2\repository\org\springframework\spring-aop\6.2.1\spring-aop-6.2.1.jar;C:\Users\keerthana.prabu\.m2\repository\org\springframework\security\spring-security-config\6.4.2\spring-security-config-6.4.2.jar;C:\Users\keerthana.prabu\.m2\repository\io\github\bonigarcia\webdrivermanager\5.9.2\webdrivermanager-5.9.2.jar;C:\Users\keerthana.prabu\.m2\repository\org\slf4j\slf4j-api\2.0.16\slf4j-api-2.0.16.jar;C:\Users\keerthana.prabu\.m2\repository\com\google\code\gson\gson\2.11.0\gson-2.11.0.jar;C:\Users\keerthana.prabu\.m2\repository\com\google\errorprone\error_prone_annotations\2.27.0\error_prone_annotations-2.27.0.jar;C:\Users\keerthana.prabu\.m2\repository\com\github\docker-java\docker-java\3.4.0\docker-java-3.4.0.jar;C:\Users\keerthana.prabu\.m2\repository\com\github\docker-java\docker-java-core\3.4.0\docker-java-core-3.4.0.jar;C:\Users\keerthana.prabu\.m2\repository\com\github\docker-java\docker-java-api\3.4.0\docker-java-api-3.4.0.jar;C:\Users\keerthana.prabu\.m2\repository\com\google\guava\guava\33.3.1-jre\guava-33.3.1-jre.jar;C:\Users\keerthana.prabu\.m2\repository\com\google\guava\failureaccess\1.0.2\failureaccess-1.0.2.jar;C:\Users\keerthana.prabu\.m2\repository\com\google\guava\listenablefuture\9999.0-empty-to-avoid-conflict-with-guava\listenablefuture-9999.0-empty-to-avoid-conflict-with-guava.jar;C:\Users\keerthana.prabu\.m2\repository\com\google\code\findbugs\jsr305\3.0.2\jsr305-3.0.2.jar;C:\Users\keerthana.prabu\.m2\repository\org\checkerframework\checker-qual\3.43.0\checker-qual-3.43.0.jar;C:\Users\keerthana.prabu\.m2\repository\com\google\j2objc\j2objc-annotations\3.0.0\j2objc-annotations-3.0.0.jar;C:\Users\keerthana.prabu\.m2\repository\org\slf4j\jcl-over-slf4j\2.0.16\jcl-over-slf4j-2.0.16.jar;C:\Users\keerthana.prabu\.m2\repository\com\github\docker-java\docker-java-transport-httpclient5\3.4.0\docker-java-transport-httpclient5-3.4.0.jar;C:\Users\keerthana.prabu\.m2\repository\com\github\docker-java\docker-java-transport\3.4.0\docker-java-transport-3.4.0.jar;C:\Users\keerthana.prabu\.m2\repository\net\java\dev\jna\jna\5.13.0\jna-5.13.0.jar;C:\Users\keerthana.prabu\.m2\repository\org\brotli\dec\0.1.2\dec-0.1.2.jar;C:\Users\keerthana.prabu\.m2\repository\org\apache\httpcomponents\client5\httpclient5\5.4.1\httpclient5-5.4.1.jar;C:\Users\keerthana.prabu\.m2\repository\org\apache\httpcomponents\core5\httpcore5\5.3.1\httpcore5-5.3.1.jar;C:\Users\keerthana.prabu\.m2\repository\org\apache\httpcomponents\core5\httpcore5-h2\5.3.1\httpcore5-h2-5.3.1.jar;C:\Users\keerthana.prabu\.m2\repository\org\springframework\boot\spring-boot-starter-webflux\3.4.1\spring-boot-starter-webflux-3.4.1.jar;C:\Users\keerthana.prabu\.m2\repository\org\springframework\boot\spring-boot-starter-reactor-netty\3.4.1\spring-boot-starter-reactor-netty-3.4.1.jar;C:\Users\keerthana.prabu\.m2\repository\io\projectreactor\netty\reactor-netty-http\1.2.1\reactor-netty-http-1.2.1.jar;C:\Users\keerthana.prabu\.m2\repository\io\netty\netty-codec-http\4.1.116.Final\netty-codec-http-4.1.116.Final.jar;C:\Users\keerthana.prabu\.m2\repository\io\netty\netty-common\4.1.116.Final\netty-common-4.1.116.Final.jar;C:\Users\keerthana.prabu\.m2\repository\io\netty\netty-buffer\4.1.116.Final\netty-buffer-4.1.116.Final.jar;C:\Users\keerthana.prabu\.m2\repository\io\netty\netty-transport\4.1.116.Final\netty-transport-4.1.116.Final.jar;C:\Users\keerthana.prabu\.m2\repository\io\netty\netty-codec\4.1.116.Final\netty-codec-4.1.116.Final.jar;C:\Users\keerthana.prabu\.m2\repository\io\netty\netty-handler\4.1.116.Final\netty-handler-4.1.116.Final.jar;C:\Users\keerthana.prabu\.m2\repository\io\netty\netty-codec-http2\4.1.116.Final\netty-codec-http2-4.1.116.Final.jar;C:\Users\keerthana.prabu\.m2\repository\io\netty\netty-resolver-dns\4.1.116.Final\netty-resolver-dns-4.1.116.Final.jar;C:\Users\keerthana.prabu\.m2\repository\io\netty\netty-resolver\4.1.116.Final\netty-resolver-4.1.116.Final.jar;C:\Users\keerthana.prabu\.m2\repository\io\netty\netty-codec-dns\4.1.116.Final\netty-codec-dns-4.1.116.Final.jar;C:\Users\keerthana.prabu\.m2\repository\io\netty\netty-resolver-dns-native-macos\4.1.116.Final\netty-resolver-dns-native-macos-4.1.116.Final-osx-x86_64.jar;C:\Users\keerthana.prabu\.m2\repository\io\netty\netty-resolver-dns-classes-macos\4.1.116.Final\netty-resolver-dns-classes-macos-4.1.116.Final.jar;C:\Users\keerthana.prabu\.m2\repository\io\netty\netty-transport-native-epoll\4.1.116.Final\netty-transport-native-epoll-4.1.116.Final-linux-x86_64.jar;C:\Users\keerthana.prabu\.m2\repository\io\netty\netty-transport-native-unix-common\4.1.116.Final\netty-transport-native-unix-common-4.1.116.Final.jar;C:\Users\keerthana.prabu\.m2\repository\io\netty\netty-transport-classes-epoll\4.1.116.Final\netty-transport-classes-epoll-4.1.116.Final.jar;C:\Users\keerthana.prabu\.m2\repository\io\projectreactor\netty\reactor-netty-core\1.2.1\reactor-netty-core-1.2.1.jar;C:\Users\keerthana.prabu\.m2\repository\io\netty\netty-handler-proxy\4.1.116.Final\netty-handler-proxy-4.1.116.Final.jar;C:\Users\keerthana.prabu\.m2\repository\io\netty\netty-codec-socks\4.1.116.Final\netty-codec-socks-4.1.116.Final.jar;C:\Users\keerthana.prabu\.m2\repository\org\springframework\spring-webflux\6.2.1\spring-webflux-6.2.1.jar;C:\Users\keerthana.prabu\.m2\repository\io\projectreactor\reactor-core\3.7.1\reactor-core-3.7.1.jar;C:\Users\keerthana.prabu\.m2\repository\org\reactivestreams\reactive-streams\1.0.4\reactive-streams-1.0.4.jar;C:\Users\keerthana.prabu\.m2\repository\com\fasterxml\jackson\core\jackson-databind\2.18.2\jackson-databind-2.18.2.jar;C:\Users\keerthana.prabu\.m2\repository\com\fasterxml\jackson\core\jackson-annotations\2.18.2\jackson-annotations-2.18.2.jar;C:\Users\keerthana.prabu\.m2\repository\com\fasterxml\jackson\core\jackson-core\2.18.2\jackson-core-2.18.2.jar;C:\Users\keerthana.prabu\.m2\repository\jakarta\persistence\jakarta.persistence-api\3.1.0\jakarta.persistence-api-3.1.0.jar;C:\Users\keerthana.prabu\.m2\repository\org\springframework\cloud\spring-cloud-starter-netflix-eureka-client\4.2.0\spring-cloud-starter-netflix-eureka-client-4.2.0.jar;C:\Users\keerthana.prabu\.m2\repository\org\springframework\cloud\spring-cloud-starter\4.2.0\spring-cloud-starter-4.2.0.jar;C:\Users\keerthana.prabu\.m2\repository\org\springframework\cloud\spring-cloud-context\4.2.0\spring-cloud-context-4.2.0.jar;C:\Users\keerthana.prabu\.m2\repository\org\bouncycastle\bcprov-jdk18on\1.78.1\bcprov-jdk18on-1.78.1.jar;C:\Users\keerthana.prabu\.m2\repository\org\springframework\cloud\spring-cloud-netflix-eureka-client\4.2.0\spring-cloud-netflix-eureka-client-4.2.0.jar;C:\Users\keerthana.prabu\.m2\repository\com\netflix\eureka\eureka-client\2.0.4\eureka-client-2.0.4.jar;C:\Users\keerthana.prabu\.m2\repository\com\thoughtworks\xstream\xstream\1.4.20\xstream-1.4.20.jar;C:\Users\keerthana.prabu\.m2\repository\io\github\x-stream\mxparser\1.2.2\mxparser-1.2.2.jar;C:\Users\keerthana.prabu\.m2\repository\xmlpull\xmlpull\1.1.3.1\xmlpull-1.1.3.1.jar;C:\Users\keerthana.prabu\.m2\repository\jakarta\ws\rs\jakarta.ws.rs-api\3.1.0\jakarta.ws.rs-api-3.1.0.jar;C:\Users\keerthana.prabu\.m2\repository\com\netflix\spectator\spectator-api\1.7.3\spectator-api-1.7.3.jar;C:\Users\keerthana.prabu\.m2\repository\org\apache\httpcomponents\httpclient\4.5.3\httpclient-4.5.3.jar;C:\Users\keerthana.prabu\.m2\repository\org\apache\httpcomponents\httpcore\4.4.16\httpcore-4.4.16.jar;C:\Users\keerthana.prabu\.m2\repository\commons-configuration\commons-configuration\1.10\commons-configuration-1.10.jar;C:\Users\keerthana.prabu\.m2\repository\commons-lang\commons-lang\2.6\commons-lang-2.6.jar;C:\Users\keerthana.prabu\.m2\repository\com\netflix\netflix-commons\netflix-eventbus\0.3.0\netflix-eventbus-0.3.0.jar;C:\Users\keerthana.prabu\.m2\repository\com\netflix\netflix-commons\netflix-infix\0.3.0\netflix-infix-0.3.0.jar;C:\Users\keerthana.prabu\.m2\repository\commons-jxpath\commons-jxpath\1.3\commons-jxpath-1.3.jar;C:\Users\keerthana.prabu\.m2\repository\joda-time\joda-time\2.3\joda-time-2.3.jar;C:\Users\keerthana.prabu\.m2\repository\org\antlr\antlr-runtime\3.4\antlr-runtime-3.4.jar;C:\Users\keerthana.prabu\.m2\repository\org\antlr\stringtemplate\3.2.1\stringtemplate-3.2.1.jar;C:\Users\keerthana.prabu\.m2\repository\antlr\antlr\2.7.7\antlr-2.7.7.jar;C:\Users\keerthana.prabu\.m2\repository\com\netflix\servo\servo-core\0.5.3\servo-core-0.5.3.jar;C:\Users\keerthana.prabu\.m2\repository\org\apache\commons\commons-math\2.2\commons-math-2.2.jar;C:\Users\keerthana.prabu\.m2\repository\javax\annotation\javax.annotation-api\1.2\javax.annotation-api-1.2.jar;C:\Users\keerthana.prabu\.m2\repository\org\codehaus\jettison\jettison\1.5.4\jettison-1.5.4.jar;C:\Users\keerthana.prabu\.m2\repository\org\springframework\cloud\spring-cloud-starter-loadbalancer\4.2.0\spring-cloud-starter-loadbalancer-4.2.0.jar;C:\Users\keerthana.prabu\.m2\repository\org\springframework\cloud\spring-cloud-loadbalancer\4.2.0\spring-cloud-loadbalancer-4.2.0.jar;C:\Users\keerthana.prabu\.m2\repository\io\projectreactor\addons\reactor-extra\3.5.2\reactor-extra-3.5.2.jar;C:\Users\keerthana.prabu\.m2\repository\org\springframework\boot\spring-boot-starter-cache\3.4.1\spring-boot-starter-cache-3.4.1.jar;C:\Users\keerthana.prabu\.m2\repository\com\stoyanr\evictor\1.0.0\evictor-1.0.0.jar;C:\Users\keerthana.prabu\.m2\repository\org\springframework\cloud\spring-cloud-starter-openfeign\4.2.0\spring-cloud-starter-openfeign-4.2.0.jar;C:\Users\keerthana.prabu\.m2\repository\org\springframework\cloud\spring-cloud-openfeign-core\4.2.0\spring-cloud-openfeign-core-4.2.0.jar;C:\Users\keerthana.prabu\.m2\repository\io\github\openfeign\feign-form-spring\13.5\feign-form-spring-13.5.jar;C:\Users\keerthana.prabu\.m2\repository\io\github\openfeign\feign-form\13.5\feign-form-13.5.jar;C:\Users\keerthana.prabu\.m2\repository\commons-fileupload\commons-fileupload\1.5\commons-fileupload-1.5.jar;C:\Users\keerthana.prabu\.m2\repository\org\springframework\cloud\spring-cloud-commons\4.2.0\spring-cloud-commons-4.2.0.jar;C:\Users\keerthana.prabu\.m2\repository\io\github\openfeign\feign-core\13.5\feign-core-13.5.jar;C:\Users\keerthana.prabu\.m2\repository\io\github\openfeign\feign-slf4j\13.5\feign-slf4j-13.5.jar;C:\Users\keerthana.prabu\.m2\repository\org\apache\logging\log4j\log4j-core\2.24.3\log4j-core-2.24.3.jar;C:\Users\keerthana.prabu\.m2\repository\org\apache\logging\log4j\log4j-layout-template-json\2.24.3\log4j-layout-template-json-2.24.3.jar;"/>
    <property name="LOGBACK_ROLLINGPOLICY_MAX_FILE_SIZE" value="10485760"/>
    <property name="java.vm.vendor" value="Eclipse Adoptium"/>
    <property name="sun.arch.data.model" value="64"/>
    <property name="user.variant" value=""/>
    <property name="java.vendor.url" value="https://adoptium.net/"/>
    <property name="user.timezone" value="Asia/Calcutta"/>
    <property name="org.jboss.logging.provider" value="slf4j"/>
    <property name="os.name" value="Windows 10"/>
    <property name="java.vm.specification.version" value="17"/>
    <property name="APPLICATION_NAME" value="mrf-service"/>
    <property name="user.country" value="IN"/>
    <property name="sun.java.launcher" value="SUN_STANDARD"/>
    <property name="sun.boot.library.path" value="D:\sts-4.21.1.RELEASE\plugins\org.eclipse.justj.openjdk.hotspot.jre.full.win32.x86_64_17.0.10.v20240120-1143\jre\bin"/>
    <property name="sun.java.command" value="C:\Users\keerthana.prabu\AppData\Local\Temp\surefire11893998954917439230\surefirebooter-20250203120817243_3.jar C:\Users\keerthana.prabu\AppData\Local\Temp\surefire11893998954917439230 2025-02-03T12-08-16_921-jvmRun1 surefire-20250203120817243_1tmp surefire_0-20250203120817243_2tmp"/>
    <property name="jdk.debug" value="release"/>
    <property name="surefire.test.class.path" value="C:\Users\keerthana.prabu\Downloads\mrf-service\target\test-classes;C:\Users\keerthana.prabu\Downloads\mrf-service\target\classes;C:\Users\keerthana.prabu\.m2\repository\org\springframework\boot\spring-boot-starter-data-jpa\3.4.1\spring-boot-starter-data-jpa-3.4.1.jar;C:\Users\keerthana.prabu\.m2\repository\org\springframework\boot\spring-boot-starter\3.4.1\spring-boot-starter-3.4.1.jar;C:\Users\keerthana.prabu\.m2\repository\org\springframework\boot\spring-boot\3.4.1\spring-boot-3.4.1.jar;C:\Users\keerthana.prabu\.m2\repository\org\springframework\boot\spring-boot-autoconfigure\3.4.1\spring-boot-autoconfigure-3.4.1.jar;C:\Users\keerthana.prabu\.m2\repository\org\springframework\boot\spring-boot-starter-logging\3.4.1\spring-boot-starter-logging-3.4.1.jar;C:\Users\keerthana.prabu\.m2\repository\ch\qos\logback\logback-classic\1.5.12\logback-classic-1.5.12.jar;C:\Users\keerthana.prabu\.m2\repository\ch\qos\logback\logback-core\1.5.12\logback-core-1.5.12.jar;C:\Users\keerthana.prabu\.m2\repository\org\apache\logging\log4j\log4j-to-slf4j\2.24.3\log4j-to-slf4j-2.24.3.jar;C:\Users\keerthana.prabu\.m2\repository\org\slf4j\jul-to-slf4j\2.0.16\jul-to-slf4j-2.0.16.jar;C:\Users\keerthana.prabu\.m2\repository\jakarta\annotation\jakarta.annotation-api\2.1.1\jakarta.annotation-api-2.1.1.jar;C:\Users\keerthana.prabu\.m2\repository\org\yaml\snakeyaml\2.3\snakeyaml-2.3.jar;C:\Users\keerthana.prabu\.m2\repository\org\springframework\boot\spring-boot-starter-jdbc\3.4.1\spring-boot-starter-jdbc-3.4.1.jar;C:\Users\keerthana.prabu\.m2\repository\com\zaxxer\HikariCP\5.1.0\HikariCP-5.1.0.jar;C:\Users\keerthana.prabu\.m2\repository\org\springframework\spring-jdbc\6.2.1\spring-jdbc-6.2.1.jar;C:\Users\keerthana.prabu\.m2\repository\org\hibernate\orm\hibernate-core\6.6.4.Final\hibernate-core-6.6.4.Final.jar;C:\Users\keerthana.prabu\.m2\repository\jakarta\transaction\jakarta.transaction-api\2.0.1\jakarta.transaction-api-2.0.1.jar;C:\Users\keerthana.prabu\.m2\repository\org\jboss\logging\jboss-logging\3.6.1.Final\jboss-logging-3.6.1.Final.jar;C:\Users\keerthana.prabu\.m2\repository\org\hibernate\common\hibernate-commons-annotations\7.0.3.Final\hibernate-commons-annotations-7.0.3.Final.jar;C:\Users\keerthana.prabu\.m2\repository\io\smallrye\jandex\3.2.0\jandex-3.2.0.jar;C:\Users\keerthana.prabu\.m2\repository\com\fasterxml\classmate\1.7.0\classmate-1.7.0.jar;C:\Users\keerthana.prabu\.m2\repository\org\glassfish\jaxb\jaxb-runtime\4.0.5\jaxb-runtime-4.0.5.jar;C:\Users\keerthana.prabu\.m2\repository\org\glassfish\jaxb\jaxb-core\4.0.5\jaxb-core-4.0.5.jar;C:\Users\keerthana.prabu\.m2\repository\org\glassfish\jaxb\txw2\4.0.5\txw2-4.0.5.jar;C:\Users\keerthana.prabu\.m2\repository\com\sun\istack\istack-commons-runtime\4.1.2\istack-commons-runtime-4.1.2.jar;C:\Users\keerthana.prabu\.m2\repository\jakarta\inject\jakarta.inject-api\2.0.1\jakarta.inject-api-2.0.1.jar;C:\Users\keerthana.prabu\.m2\repository\org\antlr\antlr4-runtime\4.13.0\antlr4-runtime-4.13.0.jar;C:\Users\keerthana.prabu\.m2\repository\org\springframework\data\spring-data-jpa\3.4.1\spring-data-jpa-3.4.1.jar;C:\Users\keerthana.prabu\.m2\repository\org\springframework\data\spring-data-commons\3.4.1\spring-data-commons-3.4.1.jar;C:\Users\keerthana.prabu\.m2\repository\org\springframework\spring-orm\6.2.1\spring-orm-6.2.1.jar;C:\Users\keerthana.prabu\.m2\repository\org\springframework\spring-context\6.2.1\spring-context-6.2.1.jar;C:\Users\keerthana.prabu\.m2\repository\org\springframework\spring-tx\6.2.1\spring-tx-6.2.1.jar;C:\Users\keerthana.prabu\.m2\repository\org\springframework\spring-beans\6.2.1\spring-beans-6.2.1.jar;C:\Users\keerthana.prabu\.m2\repository\org\springframework\spring-aspects\6.2.1\spring-aspects-6.2.1.jar;C:\Users\keerthana.prabu\.m2\repository\org\aspectj\aspectjweaver\1.9.22.1\aspectjweaver-1.9.22.1.jar;C:\Users\keerthana.prabu\.m2\repository\org\springframework\boot\spring-boot-starter-web\3.4.1\spring-boot-starter-web-3.4.1.jar;C:\Users\keerthana.prabu\.m2\repository\org\springframework\boot\spring-boot-starter-json\3.4.1\spring-boot-starter-json-3.4.1.jar;C:\Users\keerthana.prabu\.m2\repository\com\fasterxml\jackson\datatype\jackson-datatype-jdk8\2.18.2\jackson-datatype-jdk8-2.18.2.jar;C:\Users\keerthana.prabu\.m2\repository\com\fasterxml\jackson\datatype\jackson-datatype-jsr310\2.18.2\jackson-datatype-jsr310-2.18.2.jar;C:\Users\keerthana.prabu\.m2\repository\com\fasterxml\jackson\module\jackson-module-parameter-names\2.18.2\jackson-module-parameter-names-2.18.2.jar;C:\Users\keerthana.prabu\.m2\repository\org\springframework\boot\spring-boot-starter-tomcat\3.4.1\spring-boot-starter-tomcat-3.4.1.jar;C:\Users\keerthana.prabu\.m2\repository\org\apache\tomcat\embed\tomcat-embed-core\10.1.34\tomcat-embed-core-10.1.34.jar;C:\Users\keerthana.prabu\.m2\repository\org\apache\tomcat\embed\tomcat-embed-el\10.1.34\tomcat-embed-el-10.1.34.jar;C:\Users\keerthana.prabu\.m2\repository\org\apache\tomcat\embed\tomcat-embed-websocket\10.1.34\tomcat-embed-websocket-10.1.34.jar;C:\Users\keerthana.prabu\.m2\repository\org\springframework\spring-web\6.2.1\spring-web-6.2.1.jar;C:\Users\keerthana.prabu\.m2\repository\io\micrometer\micrometer-observation\1.14.2\micrometer-observation-1.14.2.jar;C:\Users\keerthana.prabu\.m2\repository\io\micrometer\micrometer-commons\1.14.2\micrometer-commons-1.14.2.jar;C:\Users\keerthana.prabu\.m2\repository\org\springframework\spring-webmvc\6.2.1\spring-webmvc-6.2.1.jar;C:\Users\keerthana.prabu\.m2\repository\org\springframework\spring-expression\6.2.1\spring-expression-6.2.1.jar;C:\Users\keerthana.prabu\.m2\repository\org\apache\commons\commons-csv\1.10.0\commons-csv-1.10.0.jar;C:\Users\keerthana.prabu\.m2\repository\org\springframework\boot\spring-boot-starter-web-services\3.4.1\spring-boot-starter-web-services-3.4.1.jar;C:\Users\keerthana.prabu\.m2\repository\com\sun\xml\messaging\saaj\saaj-impl\3.0.4\saaj-impl-3.0.4.jar;C:\Users\keerthana.prabu\.m2\repository\jakarta\xml\soap\jakarta.xml.soap-api\3.0.2\jakarta.xml.soap-api-3.0.2.jar;C:\Users\keerthana.prabu\.m2\repository\org\jvnet\staxex\stax-ex\2.1.0\stax-ex-2.1.0.jar;C:\Users\keerthana.prabu\.m2\repository\jakarta\activation\jakarta.activation-api\2.1.3\jakarta.activation-api-2.1.3.jar;C:\Users\keerthana.prabu\.m2\repository\org\eclipse\angus\angus-activation\2.0.2\angus-activation-2.0.2.jar;C:\Users\keerthana.prabu\.m2\repository\jakarta\xml\ws\jakarta.xml.ws-api\4.0.2\jakarta.xml.ws-api-4.0.2.jar;C:\Users\keerthana.prabu\.m2\repository\org\springframework\spring-oxm\6.2.1\spring-oxm-6.2.1.jar;C:\Users\keerthana.prabu\.m2\repository\org\springframework\ws\spring-ws-core\4.0.11\spring-ws-core-4.0.11.jar;C:\Users\keerthana.prabu\.m2\repository\org\springframework\ws\spring-xml\4.0.11\spring-xml-4.0.11.jar;C:\Users\keerthana.prabu\.m2\repository\org\springframework\boot\spring-boot-starter-mail\3.4.1\spring-boot-starter-mail-3.4.1.jar;C:\Users\keerthana.prabu\.m2\repository\org\springframework\spring-context-support\6.2.1\spring-context-support-6.2.1.jar;C:\Users\keerthana.prabu\.m2\repository\org\eclipse\angus\jakarta.mail\2.0.3\jakarta.mail-2.0.3.jar;C:\Users\keerthana.prabu\.m2\repository\org\springframework\boot\spring-boot-starter-data-mongodb\3.4.1\spring-boot-starter-data-mongodb-3.4.1.jar;C:\Users\keerthana.prabu\.m2\repository\org\mongodb\mongodb-driver-sync\5.2.1\mongodb-driver-sync-5.2.1.jar;C:\Users\keerthana.prabu\.m2\repository\org\mongodb\bson\5.2.1\bson-5.2.1.jar;C:\Users\keerthana.prabu\.m2\repository\org\mongodb\mongodb-driver-core\5.2.1\mongodb-driver-core-5.2.1.jar;C:\Users\keerthana.prabu\.m2\repository\org\mongodb\bson-record-codec\5.2.1\bson-record-codec-5.2.1.jar;C:\Users\keerthana.prabu\.m2\repository\org\springframework\data\spring-data-mongodb\4.4.1\spring-data-mongodb-4.4.1.jar;C:\Users\keerthana.prabu\.m2\repository\org\springframework\boot\spring-boot-starter-test\3.4.1\spring-boot-starter-test-3.4.1.jar;C:\Users\keerthana.prabu\.m2\repository\org\springframework\boot\spring-boot-test\3.4.1\spring-boot-test-3.4.1.jar;C:\Users\keerthana.prabu\.m2\repository\org\springframework\boot\spring-boot-test-autoconfigure\3.4.1\spring-boot-test-autoconfigure-3.4.1.jar;C:\Users\keerthana.prabu\.m2\repository\com\jayway\jsonpath\json-path\2.9.0\json-path-2.9.0.jar;C:\Users\keerthana.prabu\.m2\repository\jakarta\xml\bind\jakarta.xml.bind-api\4.0.2\jakarta.xml.bind-api-4.0.2.jar;C:\Users\keerthana.prabu\.m2\repository\net\minidev\json-smart\2.5.1\json-smart-2.5.1.jar;C:\Users\keerthana.prabu\.m2\repository\net\minidev\accessors-smart\2.5.1\accessors-smart-2.5.1.jar;C:\Users\keerthana.prabu\.m2\repository\org\ow2\asm\asm\9.6\asm-9.6.jar;C:\Users\keerthana.prabu\.m2\repository\org\assertj\assertj-core\3.26.3\assertj-core-3.26.3.jar;C:\Users\keerthana.prabu\.m2\repository\org\awaitility\awaitility\4.2.2\awaitility-4.2.2.jar;C:\Users\keerthana.prabu\.m2\repository\org\hamcrest\hamcrest\2.2\hamcrest-2.2.jar;C:\Users\keerthana.prabu\.m2\repository\org\skyscreamer\jsonassert\1.5.3\jsonassert-1.5.3.jar;C:\Users\keerthana.prabu\.m2\repository\com\vaadin\external\google\android-json\0.0.20131108.vaadin1\android-json-0.0.20131108.vaadin1.jar;C:\Users\keerthana.prabu\.m2\repository\org\springframework\spring-core\6.2.1\spring-core-6.2.1.jar;C:\Users\keerthana.prabu\.m2\repository\org\springframework\spring-jcl\6.2.1\spring-jcl-6.2.1.jar;C:\Users\keerthana.prabu\.m2\repository\org\springframework\spring-test\6.2.1\spring-test-6.2.1.jar;C:\Users\keerthana.prabu\.m2\repository\org\xmlunit\xmlunit-core\2.10.0\xmlunit-core-2.10.0.jar;C:\Users\keerthana.prabu\.m2\repository\org\mockito\mockito-core\5.14.2\mockito-core-5.14.2.jar;C:\Users\keerthana.prabu\.m2\repository\net\bytebuddy\byte-buddy\1.15.11\byte-buddy-1.15.11.jar;C:\Users\keerthana.prabu\.m2\repository\net\bytebuddy\byte-buddy-agent\1.15.11\byte-buddy-agent-1.15.11.jar;C:\Users\keerthana.prabu\.m2\repository\org\objenesis\objenesis\3.3\objenesis-3.3.jar;C:\Users\keerthana.prabu\.m2\repository\org\springdoc\springdoc-openapi-starter-webmvc-ui\2.5.0\springdoc-openapi-starter-webmvc-ui-2.5.0.jar;C:\Users\keerthana.prabu\.m2\repository\org\springdoc\springdoc-openapi-starter-webmvc-api\2.5.0\springdoc-openapi-starter-webmvc-api-2.5.0.jar;C:\Users\keerthana.prabu\.m2\repository\org\springdoc\springdoc-openapi-starter-common\2.5.0\springdoc-openapi-starter-common-2.5.0.jar;C:\Users\keerthana.prabu\.m2\repository\io\swagger\core\v3\swagger-core-jakarta\2.2.21\swagger-core-jakarta-2.2.21.jar;C:\Users\keerthana.prabu\.m2\repository\io\swagger\core\v3\swagger-annotations-jakarta\2.2.21\swagger-annotations-jakarta-2.2.21.jar;C:\Users\keerthana.prabu\.m2\repository\io\swagger\core\v3\swagger-models-jakarta\2.2.21\swagger-models-jakarta-2.2.21.jar;C:\Users\keerthana.prabu\.m2\repository\jakarta\validation\jakarta.validation-api\3.0.2\jakarta.validation-api-3.0.2.jar;C:\Users\keerthana.prabu\.m2\repository\com\fasterxml\jackson\dataformat\jackson-dataformat-yaml\2.18.2\jackson-dataformat-yaml-2.18.2.jar;C:\Users\keerthana.prabu\.m2\repository\org\webjars\swagger-ui\5.13.0\swagger-ui-5.13.0.jar;C:\Users\keerthana.prabu\.m2\repository\com\opencsv\opencsv\5.7.1\opencsv-5.7.1.jar;C:\Users\keerthana.prabu\.m2\repository\org\apache\commons\commons-lang3\3.17.0\commons-lang3-3.17.0.jar;C:\Users\keerthana.prabu\.m2\repository\org\apache\commons\commons-text\1.10.0\commons-text-1.10.0.jar;C:\Users\keerthana.prabu\.m2\repository\commons-beanutils\commons-beanutils\1.9.4\commons-beanutils-1.9.4.jar;C:\Users\keerthana.prabu\.m2\repository\commons-logging\commons-logging\1.2\commons-logging-1.2.jar;C:\Users\keerthana.prabu\.m2\repository\commons-collections\commons-collections\3.2.2\commons-collections-3.2.2.jar;C:\Users\keerthana.prabu\.m2\repository\org\apache\commons\commons-collections4\4.4\commons-collections4-4.4.jar;C:\Users\keerthana.prabu\.m2\repository\org\apache\poi\poi-ooxml\5.2.3\poi-ooxml-5.2.3.jar;C:\Users\keerthana.prabu\.m2\repository\org\apache\poi\poi\5.2.3\poi-5.2.3.jar;C:\Users\keerthana.prabu\.m2\repository\commons-codec\commons-codec\1.17.1\commons-codec-1.17.1.jar;C:\Users\keerthana.prabu\.m2\repository\org\apache\commons\commons-math3\3.6.1\commons-math3-3.6.1.jar;C:\Users\keerthana.prabu\.m2\repository\com\zaxxer\SparseBitSet\1.2\SparseBitSet-1.2.jar;C:\Users\keerthana.prabu\.m2\repository\org\apache\poi\poi-ooxml-lite\5.2.3\poi-ooxml-lite-5.2.3.jar;C:\Users\keerthana.prabu\.m2\repository\org\apache\xmlbeans\xmlbeans\5.1.1\xmlbeans-5.1.1.jar;C:\Users\keerthana.prabu\.m2\repository\org\apache\commons\commons-compress\1.21\commons-compress-1.21.jar;C:\Users\keerthana.prabu\.m2\repository\commons-io\commons-io\2.11.0\commons-io-2.11.0.jar;C:\Users\keerthana.prabu\.m2\repository\com\github\virtuald\curvesapi\1.07\curvesapi-1.07.jar;C:\Users\keerthana.prabu\.m2\repository\org\apache\logging\log4j\log4j-api\2.24.3\log4j-api-2.24.3.jar;C:\Users\keerthana.prabu\.m2\repository\com\h2database\h2\2.3.232\h2-2.3.232.jar;C:\Users\keerthana.prabu\.m2\repository\com\mysql\mysql-connector-j\9.1.0\mysql-connector-j-9.1.0.jar;C:\Users\keerthana.prabu\.m2\repository\org\junit\jupiter\junit-jupiter\5.11.4\junit-jupiter-5.11.4.jar;C:\Users\keerthana.prabu\.m2\repository\org\junit\jupiter\junit-jupiter-api\5.11.4\junit-jupiter-api-5.11.4.jar;C:\Users\keerthana.prabu\.m2\repository\org\opentest4j\opentest4j\1.3.0\opentest4j-1.3.0.jar;C:\Users\keerthana.prabu\.m2\repository\org\junit\platform\junit-platform-commons\1.11.4\junit-platform-commons-1.11.4.jar;C:\Users\keerthana.prabu\.m2\repository\org\apiguardian\apiguardian-api\1.1.2\apiguardian-api-1.1.2.jar;C:\Users\keerthana.prabu\.m2\repository\org\junit\jupiter\junit-jupiter-params\5.11.4\junit-jupiter-params-5.11.4.jar;C:\Users\keerthana.prabu\.m2\repository\org\junit\jupiter\junit-jupiter-engine\5.11.4\junit-jupiter-engine-5.11.4.jar;C:\Users\keerthana.prabu\.m2\repository\org\junit\platform\junit-platform-engine\1.11.4\junit-platform-engine-1.11.4.jar;C:\Users\keerthana.prabu\.m2\repository\org\mockito\mockito-junit-jupiter\5.14.2\mockito-junit-jupiter-5.14.2.jar;C:\Users\keerthana.prabu\.m2\repository\javax\xml\bind\jaxb-api\2.3.1\jaxb-api-2.3.1.jar;C:\Users\keerthana.prabu\.m2\repository\javax\activation\javax.activation-api\1.2.0\javax.activation-api-1.2.0.jar;C:\Users\keerthana.prabu\.m2\repository\org\javassist\javassist\3.25.0-GA\javassist-3.25.0-GA.jar;C:\Users\keerthana.prabu\.m2\repository\org\springframework\security\spring-security-test\6.4.2\spring-security-test-6.4.2.jar;C:\Users\keerthana.prabu\.m2\repository\org\springframework\security\spring-security-core\6.4.2\spring-security-core-6.4.2.jar;C:\Users\keerthana.prabu\.m2\repository\org\springframework\security\spring-security-crypto\6.4.2\spring-security-crypto-6.4.2.jar;C:\Users\keerthana.prabu\.m2\repository\org\springframework\security\spring-security-web\6.4.2\spring-security-web-6.4.2.jar;C:\Users\keerthana.prabu\.m2\repository\org\springframework\boot\spring-boot-starter-security\3.4.1\spring-boot-starter-security-3.4.1.jar;C:\Users\keerthana.prabu\.m2\repository\org\springframework\spring-aop\6.2.1\spring-aop-6.2.1.jar;C:\Users\keerthana.prabu\.m2\repository\org\springframework\security\spring-security-config\6.4.2\spring-security-config-6.4.2.jar;C:\Users\keerthana.prabu\.m2\repository\io\github\bonigarcia\webdrivermanager\5.9.2\webdrivermanager-5.9.2.jar;C:\Users\keerthana.prabu\.m2\repository\org\slf4j\slf4j-api\2.0.16\slf4j-api-2.0.16.jar;C:\Users\keerthana.prabu\.m2\repository\com\google\code\gson\gson\2.11.0\gson-2.11.0.jar;C:\Users\keerthana.prabu\.m2\repository\com\google\errorprone\error_prone_annotations\2.27.0\error_prone_annotations-2.27.0.jar;C:\Users\keerthana.prabu\.m2\repository\com\github\docker-java\docker-java\3.4.0\docker-java-3.4.0.jar;C:\Users\keerthana.prabu\.m2\repository\com\github\docker-java\docker-java-core\3.4.0\docker-java-core-3.4.0.jar;C:\Users\keerthana.prabu\.m2\repository\com\github\docker-java\docker-java-api\3.4.0\docker-java-api-3.4.0.jar;C:\Users\keerthana.prabu\.m2\repository\com\google\guava\guava\33.3.1-jre\guava-33.3.1-jre.jar;C:\Users\keerthana.prabu\.m2\repository\com\google\guava\failureaccess\1.0.2\failureaccess-1.0.2.jar;C:\Users\keerthana.prabu\.m2\repository\com\google\guava\listenablefuture\9999.0-empty-to-avoid-conflict-with-guava\listenablefuture-9999.0-empty-to-avoid-conflict-with-guava.jar;C:\Users\keerthana.prabu\.m2\repository\com\google\code\findbugs\jsr305\3.0.2\jsr305-3.0.2.jar;C:\Users\keerthana.prabu\.m2\repository\org\checkerframework\checker-qual\3.43.0\checker-qual-3.43.0.jar;C:\Users\keerthana.prabu\.m2\repository\com\google\j2objc\j2objc-annotations\3.0.0\j2objc-annotations-3.0.0.jar;C:\Users\keerthana.prabu\.m2\repository\org\slf4j\jcl-over-slf4j\2.0.16\jcl-over-slf4j-2.0.16.jar;C:\Users\keerthana.prabu\.m2\repository\com\github\docker-java\docker-java-transport-httpclient5\3.4.0\docker-java-transport-httpclient5-3.4.0.jar;C:\Users\keerthana.prabu\.m2\repository\com\github\docker-java\docker-java-transport\3.4.0\docker-java-transport-3.4.0.jar;C:\Users\keerthana.prabu\.m2\repository\net\java\dev\jna\jna\5.13.0\jna-5.13.0.jar;C:\Users\keerthana.prabu\.m2\repository\org\brotli\dec\0.1.2\dec-0.1.2.jar;C:\Users\keerthana.prabu\.m2\repository\org\apache\httpcomponents\client5\httpclient5\5.4.1\httpclient5-5.4.1.jar;C:\Users\keerthana.prabu\.m2\repository\org\apache\httpcomponents\core5\httpcore5\5.3.1\httpcore5-5.3.1.jar;C:\Users\keerthana.prabu\.m2\repository\org\apache\httpcomponents\core5\httpcore5-h2\5.3.1\httpcore5-h2-5.3.1.jar;C:\Users\keerthana.prabu\.m2\repository\org\springframework\boot\spring-boot-starter-webflux\3.4.1\spring-boot-starter-webflux-3.4.1.jar;C:\Users\keerthana.prabu\.m2\repository\org\springframework\boot\spring-boot-starter-reactor-netty\3.4.1\spring-boot-starter-reactor-netty-3.4.1.jar;C:\Users\keerthana.prabu\.m2\repository\io\projectreactor\netty\reactor-netty-http\1.2.1\reactor-netty-http-1.2.1.jar;C:\Users\keerthana.prabu\.m2\repository\io\netty\netty-codec-http\4.1.116.Final\netty-codec-http-4.1.116.Final.jar;C:\Users\keerthana.prabu\.m2\repository\io\netty\netty-common\4.1.116.Final\netty-common-4.1.116.Final.jar;C:\Users\keerthana.prabu\.m2\repository\io\netty\netty-buffer\4.1.116.Final\netty-buffer-4.1.116.Final.jar;C:\Users\keerthana.prabu\.m2\repository\io\netty\netty-transport\4.1.116.Final\netty-transport-4.1.116.Final.jar;C:\Users\keerthana.prabu\.m2\repository\io\netty\netty-codec\4.1.116.Final\netty-codec-4.1.116.Final.jar;C:\Users\keerthana.prabu\.m2\repository\io\netty\netty-handler\4.1.116.Final\netty-handler-4.1.116.Final.jar;C:\Users\keerthana.prabu\.m2\repository\io\netty\netty-codec-http2\4.1.116.Final\netty-codec-http2-4.1.116.Final.jar;C:\Users\keerthana.prabu\.m2\repository\io\netty\netty-resolver-dns\4.1.116.Final\netty-resolver-dns-4.1.116.Final.jar;C:\Users\keerthana.prabu\.m2\repository\io\netty\netty-resolver\4.1.116.Final\netty-resolver-4.1.116.Final.jar;C:\Users\keerthana.prabu\.m2\repository\io\netty\netty-codec-dns\4.1.116.Final\netty-codec-dns-4.1.116.Final.jar;C:\Users\keerthana.prabu\.m2\repository\io\netty\netty-resolver-dns-native-macos\4.1.116.Final\netty-resolver-dns-native-macos-4.1.116.Final-osx-x86_64.jar;C:\Users\keerthana.prabu\.m2\repository\io\netty\netty-resolver-dns-classes-macos\4.1.116.Final\netty-resolver-dns-classes-macos-4.1.116.Final.jar;C:\Users\keerthana.prabu\.m2\repository\io\netty\netty-transport-native-epoll\4.1.116.Final\netty-transport-native-epoll-4.1.116.Final-linux-x86_64.jar;C:\Users\keerthana.prabu\.m2\repository\io\netty\netty-transport-native-unix-common\4.1.116.Final\netty-transport-native-unix-common-4.1.116.Final.jar;C:\Users\keerthana.prabu\.m2\repository\io\netty\netty-transport-classes-epoll\4.1.116.Final\netty-transport-classes-epoll-4.1.116.Final.jar;C:\Users\keerthana.prabu\.m2\repository\io\projectreactor\netty\reactor-netty-core\1.2.1\reactor-netty-core-1.2.1.jar;C:\Users\keerthana.prabu\.m2\repository\io\netty\netty-handler-proxy\4.1.116.Final\netty-handler-proxy-4.1.116.Final.jar;C:\Users\keerthana.prabu\.m2\repository\io\netty\netty-codec-socks\4.1.116.Final\netty-codec-socks-4.1.116.Final.jar;C:\Users\keerthana.prabu\.m2\repository\org\springframework\spring-webflux\6.2.1\spring-webflux-6.2.1.jar;C:\Users\keerthana.prabu\.m2\repository\io\projectreactor\reactor-core\3.7.1\reactor-core-3.7.1.jar;C:\Users\keerthana.prabu\.m2\repository\org\reactivestreams\reactive-streams\1.0.4\reactive-streams-1.0.4.jar;C:\Users\keerthana.prabu\.m2\repository\com\fasterxml\jackson\core\jackson-databind\2.18.2\jackson-databind-2.18.2.jar;C:\Users\keerthana.prabu\.m2\repository\com\fasterxml\jackson\core\jackson-annotations\2.18.2\jackson-annotations-2.18.2.jar;C:\Users\keerthana.prabu\.m2\repository\com\fasterxml\jackson\core\jackson-core\2.18.2\jackson-core-2.18.2.jar;C:\Users\keerthana.prabu\.m2\repository\jakarta\persistence\jakarta.persistence-api\3.1.0\jakarta.persistence-api-3.1.0.jar;C:\Users\keerthana.prabu\.m2\repository\org\springframework\cloud\spring-cloud-starter-netflix-eureka-client\4.2.0\spring-cloud-starter-netflix-eureka-client-4.2.0.jar;C:\Users\keerthana.prabu\.m2\repository\org\springframework\cloud\spring-cloud-starter\4.2.0\spring-cloud-starter-4.2.0.jar;C:\Users\keerthana.prabu\.m2\repository\org\springframework\cloud\spring-cloud-context\4.2.0\spring-cloud-context-4.2.0.jar;C:\Users\keerthana.prabu\.m2\repository\org\bouncycastle\bcprov-jdk18on\1.78.1\bcprov-jdk18on-1.78.1.jar;C:\Users\keerthana.prabu\.m2\repository\org\springframework\cloud\spring-cloud-netflix-eureka-client\4.2.0\spring-cloud-netflix-eureka-client-4.2.0.jar;C:\Users\keerthana.prabu\.m2\repository\com\netflix\eureka\eureka-client\2.0.4\eureka-client-2.0.4.jar;C:\Users\keerthana.prabu\.m2\repository\com\thoughtworks\xstream\xstream\1.4.20\xstream-1.4.20.jar;C:\Users\keerthana.prabu\.m2\repository\io\github\x-stream\mxparser\1.2.2\mxparser-1.2.2.jar;C:\Users\keerthana.prabu\.m2\repository\xmlpull\xmlpull\1.1.3.1\xmlpull-1.1.3.1.jar;C:\Users\keerthana.prabu\.m2\repository\jakarta\ws\rs\jakarta.ws.rs-api\3.1.0\jakarta.ws.rs-api-3.1.0.jar;C:\Users\keerthana.prabu\.m2\repository\com\netflix\spectator\spectator-api\1.7.3\spectator-api-1.7.3.jar;C:\Users\keerthana.prabu\.m2\repository\org\apache\httpcomponents\httpclient\4.5.3\httpclient-4.5.3.jar;C:\Users\keerthana.prabu\.m2\repository\org\apache\httpcomponents\httpcore\4.4.16\httpcore-4.4.16.jar;C:\Users\keerthana.prabu\.m2\repository\commons-configuration\commons-configuration\1.10\commons-configuration-1.10.jar;C:\Users\keerthana.prabu\.m2\repository\commons-lang\commons-lang\2.6\commons-lang-2.6.jar;C:\Users\keerthana.prabu\.m2\repository\com\netflix\netflix-commons\netflix-eventbus\0.3.0\netflix-eventbus-0.3.0.jar;C:\Users\keerthana.prabu\.m2\repository\com\netflix\netflix-commons\netflix-infix\0.3.0\netflix-infix-0.3.0.jar;C:\Users\keerthana.prabu\.m2\repository\commons-jxpath\commons-jxpath\1.3\commons-jxpath-1.3.jar;C:\Users\keerthana.prabu\.m2\repository\joda-time\joda-time\2.3\joda-time-2.3.jar;C:\Users\keerthana.prabu\.m2\repository\org\antlr\antlr-runtime\3.4\antlr-runtime-3.4.jar;C:\Users\keerthana.prabu\.m2\repository\org\antlr\stringtemplate\3.2.1\stringtemplate-3.2.1.jar;C:\Users\keerthana.prabu\.m2\repository\antlr\antlr\2.7.7\antlr-2.7.7.jar;C:\Users\keerthana.prabu\.m2\repository\com\netflix\servo\servo-core\0.5.3\servo-core-0.5.3.jar;C:\Users\keerthana.prabu\.m2\repository\org\apache\commons\commons-math\2.2\commons-math-2.2.jar;C:\Users\keerthana.prabu\.m2\repository\javax\annotation\javax.annotation-api\1.2\javax.annotation-api-1.2.jar;C:\Users\keerthana.prabu\.m2\repository\org\codehaus\jettison\jettison\1.5.4\jettison-1.5.4.jar;C:\Users\keerthana.prabu\.m2\repository\org\springframework\cloud\spring-cloud-starter-loadbalancer\4.2.0\spring-cloud-starter-loadbalancer-4.2.0.jar;C:\Users\keerthana.prabu\.m2\repository\org\springframework\cloud\spring-cloud-loadbalancer\4.2.0\spring-cloud-loadbalancer-4.2.0.jar;C:\Users\keerthana.prabu\.m2\repository\io\projectreactor\addons\reactor-extra\3.5.2\reactor-extra-3.5.2.jar;C:\Users\keerthana.prabu\.m2\repository\org\springframework\boot\spring-boot-starter-cache\3.4.1\spring-boot-starter-cache-3.4.1.jar;C:\Users\keerthana.prabu\.m2\repository\com\stoyanr\evictor\1.0.0\evictor-1.0.0.jar;C:\Users\keerthana.prabu\.m2\repository\org\springframework\cloud\spring-cloud-starter-openfeign\4.2.0\spring-cloud-starter-openfeign-4.2.0.jar;C:\Users\keerthana.prabu\.m2\repository\org\springframework\cloud\spring-cloud-openfeign-core\4.2.0\spring-cloud-openfeign-core-4.2.0.jar;C:\Users\keerthana.prabu\.m2\repository\io\github\openfeign\feign-form-spring\13.5\feign-form-spring-13.5.jar;C:\Users\keerthana.prabu\.m2\repository\io\github\openfeign\feign-form\13.5\feign-form-13.5.jar;C:\Users\keerthana.prabu\.m2\repository\commons-fileupload\commons-fileupload\1.5\commons-fileupload-1.5.jar;C:\Users\keerthana.prabu\.m2\repository\org\springframework\cloud\spring-cloud-commons\4.2.0\spring-cloud-commons-4.2.0.jar;C:\Users\keerthana.prabu\.m2\repository\io\github\openfeign\feign-core\13.5\feign-core-13.5.jar;C:\Users\keerthana.prabu\.m2\repository\io\github\openfeign\feign-slf4j\13.5\feign-slf4j-13.5.jar;C:\Users\keerthana.prabu\.m2\repository\org\apache\logging\log4j\log4j-core\2.24.3\log4j-core-2.24.3.jar;C:\Users\keerthana.prabu\.m2\repository\org\apache\logging\log4j\log4j-layout-template-json\2.24.3\log4j-layout-template-json-2.24.3.jar;"/>
    <property name="sun.cpu.endian" value="little"/>
    <property name="user.home" value="C:\Users\keerthana.prabu"/>
    <property name="user.language" value="en"/>
    <property name="java.specification.vendor" value="Oracle Corporation"/>
    <property name="java.version.date" value="2024-01-16"/>
    <property name="java.home" value="D:\sts-4.21.1.RELEASE\plugins\org.eclipse.justj.openjdk.hotspot.jre.full.win32.x86_64_17.0.10.v20240120-1143\jre"/>
    <property name="file.separator" value="\"/>
    <property name="style.color" value="always"/>
    <property name="basedir" value="C:\Users\keerthana.prabu\Downloads\mrf-service"/>
    <property name="java.vm.compressedOopsMode" value="Zero based"/>
    <property name="line.separator" value="&#10;"/>
    <property name="java.vm.specification.vendor" value="Oracle Corporation"/>
    <property name="java.specification.name" value="Java Platform API Specification"/>
    <property name="FILE_LOG_CHARSET" value="windows-1252"/>
    <property name="java.awt.headless" value="true"/>
    <property name="surefire.real.class.path" value="C:\Users\keerthana.prabu\AppData\Local\Temp\surefire11893998954917439230\surefirebooter-20250203120817243_3.jar"/>
    <property name="user.script" value=""/>
    <property name="sun.management.compiler" value="HotSpot 64-Bit Tiered Compilers"/>
    <property name="java.runtime.version" value="17.0.10+7"/>
    <property name="user.name" value="keerthana.prabu"/>
    <property name="path.separator" value=";"/>
    <property name="os.version" value="10.0"/>
    <property name="java.runtime.name" value="OpenJDK Runtime Environment"/>
    <property name="file.encoding" value="Cp1252"/>
    <property name="FILE_LOG_PATTERN" value="%d{yyyy-MM-dd HH:mm:ss} [%thread] %-5level %logger{36} - %msg%n"/>
    <property name="java.vm.name" value="OpenJDK 64-Bit Server VM"/>
    <property name="java.vendor.version" value="Temurin-17.0.10+7"/>
    <property name="LOG_FILE" value="logs/tap-api.log"/>
    <property name="localRepository" value="C:\Users\keerthana.prabu\.m2\repository"/>
    <property name="java.vendor.url.bug" value="https://github.com/adoptium/adoptium-support/issues"/>
    <property name="java.io.tmpdir" value="C:\Users\KEERTH~1.PRA\AppData\Local\Temp\"/>
    <property name="com.zaxxer.hikari.pool_number" value="1"/>
    <property name="java.version" value="17.0.10"/>
    <property name="user.dir" value="C:\Users\keerthana.prabu\Downloads\mrf-service"/>
    <property name="os.arch" value="amd64"/>
    <property name="java.vm.specification.name" value="Java Virtual Machine Specification"/>
    <property name="PID" value="35316"/>
    <property name="sun.os.patch.level" value=""/>
    <property name="CONSOLE_LOG_CHARSET" value="windows-1252"/>
    <property name="LOGBACK_ROLLINGPOLICY_MAX_HISTORY" value="30"/>
    <property name="native.encoding" value="Cp1252"/>
    <property name="java.library.path" value="D:\sts-4.21.1.RELEASE\plugins\org.eclipse.justj.openjdk.hotspot.jre.full.win32.x86_64_17.0.10.v20240120-1143\jre\bin;C:\Windows\Sun\Java\bin;C:\Windows\system32;C:\Windows;D:/sts-4.21.1.RELEASE//plugins/org.eclipse.justj.openjdk.hotspot.jre.full.win32.x86_64_17.0.10.v20240120-1143/jre/bin/server;D:/sts-4.21.1.RELEASE//plugins/org.eclipse.justj.openjdk.hotspot.jre.full.win32.x86_64_17.0.10.v20240120-1143/jre/bin;C:\Program Files\Common Files\Oracle\Java\javapath;C:\Windows\system32;C:\Windows;C:\Windows\System32\Wbem;C:\Windows\System32\WindowsPowerShell\v1.0\;C:\Windows\System32\OpenSSH\;C:\Program Files\Microsoft VS Code\bin;D:\sonarqube-9.9.4.87374\sonarqube-9.9.4.87374\bin\windows-x86-64;D:\apache-maven-3.9.6-bin\apache-maven-3.9.6\bin;C:\Program Files\Git\cmd;C:\Program Files\Docker\Docker\resources\bin;C:\Program Files\nodejs\;C:\Program Files\PuTTY\;C:\Users\keerthana.prabu\AppData\Local\Microsoft\WindowsApps;C:\Users\keerthana.prabu\AppData\Roaming\npm;D:\sts-4.21.1.RELEASE;;."/>
    <property name="java.vm.info" value="mixed mode"/>
    <property name="java.vendor" value="Eclipse Adoptium"/>
    <property name="java.vm.version" value="17.0.10+7"/>
    <property name="sun.io.unicode.encoding" value="UnicodeLittle"/>
    <property name="java.class.version" value="61.0"/>
    <property name="CONSOLE_LOG_PATTERN" value="%d{yyyy-MM-dd HH:mm:ss} [%thread] %-5level %logger{36} - %msg%n"/>
    <property name="LOGGED_APPLICATION_NAME" value="[mrf-service] "/>
  </properties>
  <testcase name="contextLoads" classname="com.rts.tap.BackendApiApplicationTests" time="0.014">
    <error message="Failed to load ApplicationContext for [WebMergedContextConfiguration@38f0de07 testClass = com.rts.tap.BackendApiApplicationTests, locations = [], classes = [com.rts.tap.MrfServiceApplication], contextInitializerClasses = [], activeProfiles = [], propertySourceDescriptors = [], propertySourceProperties = [&quot;org.springframework.boot.test.context.SpringBootTestContextBootstrapper=true&quot;], contextCustomizers = [org.springframework.boot.test.context.filter.ExcludeFilterContextCustomizer@64a8c844, org.springframework.boot.test.json.DuplicateJsonObjectContextCustomizerFactory$DuplicateJsonObjectContextCustomizer@68ad99fe, org.springframework.boot.test.mock.mockito.MockitoContextCustomizer@0, org.springframework.boot.test.web.client.TestRestTemplateContextCustomizer@85e6769, org.springframework.boot.test.web.reactive.server.WebTestClientContextCustomizer@4e858e0a, org.springframework.boot.test.web.reactor.netty.DisableReactorResourceFactoryGlobalResourcesContextCustomizerFactory$DisableReactorResourceFactoryGlobalResourcesContextCustomizerCustomizer@5a85c92, org.springframework.boot.test.autoconfigure.OnFailureConditionReportContextCustomizerFactory$OnFailureConditionReportContextCustomizer@53dacd14, org.springframework.boot.test.autoconfigure.actuate.observability.ObservabilityContextCustomizerFactory$DisableObservabilityContextCustomizer@1f, org.springframework.boot.test.autoconfigure.properties.PropertyMappingContextCustomizer@0, org.springframework.boot.test.autoconfigure.web.servlet.WebDriverContextCustomizer@6bea52d4, org.springframework.test.context.support.DynamicPropertiesContextCustomizer@0, org.springframework.boot.test.context.SpringBootTestAnnotation@87ccf24d], resourceBasePath = &quot;src/main/webapp&quot;, contextLoader = org.springframework.boot.test.context.SpringBootContextLoader, parent = null]" type="java.lang.IllegalStateException"><![CDATA[java.lang.IllegalStateException: Failed to load ApplicationContext for [WebMergedContextConfiguration@38f0de07 testClass = com.rts.tap.BackendApiApplicationTests, locations = [], classes = [com.rts.tap.MrfServiceApplication], contextInitializerClasses = [], activeProfiles = [], propertySourceDescriptors = [], propertySourceProperties = ["org.springframework.boot.test.context.SpringBootTestContextBootstrapper=true"], contextCustomizers = [org.springframework.boot.test.context.filter.ExcludeFilterContextCustomizer@64a8c844, org.springframework.boot.test.json.DuplicateJsonObjectContextCustomizerFactory$DuplicateJsonObjectContextCustomizer@68ad99fe, org.springframework.boot.test.mock.mockito.MockitoContextCustomizer@0, org.springframework.boot.test.web.client.TestRestTemplateContextCustomizer@85e6769, org.springframework.boot.test.web.reactive.server.WebTestClientContextCustomizer@4e858e0a, org.springframework.boot.test.web.reactor.netty.DisableReactorResourceFactoryGlobalResourcesContextCustomizerFactory$DisableReactorResourceFactoryGlobalResourcesContextCustomizerCustomizer@5a85c92, org.springframework.boot.test.autoconfigure.OnFailureConditionReportContextCustomizerFactory$OnFailureConditionReportContextCustomizer@53dacd14, org.springframework.boot.test.autoconfigure.actuate.observability.ObservabilityContextCustomizerFactory$DisableObservabilityContextCustomizer@1f, org.springframework.boot.test.autoconfigure.properties.PropertyMappingContextCustomizer@0, org.springframework.boot.test.autoconfigure.web.servlet.WebDriverContextCustomizer@6bea52d4, org.springframework.test.context.support.DynamicPropertiesContextCustomizer@0, org.springframework.boot.test.context.SpringBootTestAnnotation@87ccf24d], resourceBasePath = "src/main/webapp", contextLoader = org.springframework.boot.test.context.SpringBootContextLoader, parent = null]
	at org.springframework.test.context.cache.DefaultCacheAwareContextLoaderDelegate.loadContext(DefaultCacheAwareContextLoaderDelegate.java:180)
	at org.springframework.test.context.support.DefaultTestContext.getApplicationContext(DefaultTestContext.java:130)
	at org.springframework.test.context.web.ServletTestExecutionListener.setUpRequestContextIfNecessary(ServletTestExecutionListener.java:191)
	at org.springframework.test.context.web.ServletTestExecutionListener.prepareTestInstance(ServletTestExecutionListener.java:130)
	at org.springframework.test.context.TestContextManager.prepareTestInstance(TestContextManager.java:260)
	at org.springframework.test.context.junit.jupiter.SpringExtension.postProcessTestInstance(SpringExtension.java:160)
	at java.base/java.util.stream.ForEachOps$ForEachOp$OfRef.accept(ForEachOps.java:183)
	at java.base/java.util.stream.ReferencePipeline$3$1.accept(ReferencePipeline.java:197)
	at java.base/java.util.stream.ReferencePipeline$2$1.accept(ReferencePipeline.java:179)
	at java.base/java.util.stream.ReferencePipeline$3$1.accept(ReferencePipeline.java:197)
	at java.base/java.util.ArrayList$ArrayListSpliterator.forEachRemaining(ArrayList.java:1625)
	at java.base/java.util.stream.AbstractPipeline.copyInto(AbstractPipeline.java:509)
	at java.base/java.util.stream.AbstractPipeline.wrapAndCopyInto(AbstractPipeline.java:499)
	at java.base/java.util.stream.ForEachOps$ForEachOp.evaluateSequential(ForEachOps.java:150)
	at java.base/java.util.stream.ForEachOps$ForEachOp$OfRef.evaluateSequential(ForEachOps.java:173)
	at java.base/java.util.stream.AbstractPipeline.evaluate(AbstractPipeline.java:234)
	at java.base/java.util.stream.ReferencePipeline.forEach(ReferencePipeline.java:596)
	at java.base/java.util.Optional.orElseGet(Optional.java:364)
	at java.base/java.util.ArrayList.forEach(ArrayList.java:1511)
	at java.base/java.util.ArrayList.forEach(ArrayList.java:1511)
Caused by: org.springframework.beans.factory.BeanCreationException: Error creating bean with name 'entityManagerFactory' defined in class path resource [org/springframework/boot/autoconfigure/orm/jpa/HibernateJpaConfiguration.class]: [PersistenceUnit: default] Unable to build Hibernate SessionFactory; nested exception is org.hibernate.exception.GenericJDBCException: Unable to open JDBC Connection for DDL execution [Access denied for user 'root'@'localhost' (using password: YES)] [n/a]
	at org.springframework.beans.factory.support.AbstractAutowireCapableBeanFactory.initializeBean(AbstractAutowireCapableBeanFactory.java:1808)
	at org.springframework.beans.factory.support.AbstractAutowireCapableBeanFactory.doCreateBean(AbstractAutowireCapableBeanFactory.java:601)
	at org.springframework.beans.factory.support.AbstractAutowireCapableBeanFactory.createBean(AbstractAutowireCapableBeanFactory.java:523)
	at org.springframework.beans.factory.support.AbstractBeanFactory.lambda$doGetBean$0(AbstractBeanFactory.java:336)
	at org.springframework.beans.factory.support.DefaultSingletonBeanRegistry.getSingleton(DefaultSingletonBeanRegistry.java:289)
	at org.springframework.beans.factory.support.AbstractBeanFactory.doGetBean(AbstractBeanFactory.java:334)
	at org.springframework.beans.factory.support.AbstractBeanFactory.getBean(AbstractBeanFactory.java:204)
	at org.springframework.context.support.AbstractApplicationContext.finishBeanFactoryInitialization(AbstractApplicationContext.java:970)
	at org.springframework.context.support.AbstractApplicationContext.refresh(AbstractApplicationContext.java:627)
	at org.springframework.boot.SpringApplication.refresh(SpringApplication.java:752)
	at org.springframework.boot.SpringApplication.refreshContext(SpringApplication.java:439)
	at org.springframework.boot.SpringApplication.run(SpringApplication.java:318)
	at org.springframework.boot.test.context.SpringBootContextLoader.lambda$loadContext$3(SpringBootContextLoader.java:137)
	at org.springframework.util.function.ThrowingSupplier.get(ThrowingSupplier.java:58)
	at org.springframework.util.function.ThrowingSupplier.get(ThrowingSupplier.java:46)
	at org.springframework.boot.SpringApplication.withHook(SpringApplication.java:1461)
	at org.springframework.boot.test.context.SpringBootContextLoader$ContextLoaderHook.run(SpringBootContextLoader.java:553)
	at org.springframework.boot.test.context.SpringBootContextLoader.loadContext(SpringBootContextLoader.java:137)
	at org.springframework.boot.test.context.SpringBootContextLoader.loadContext(SpringBootContextLoader.java:108)
	at org.springframework.test.context.cache.DefaultCacheAwareContextLoaderDelegate.loadContextInternal(DefaultCacheAwareContextLoaderDelegate.java:225)
	at org.springframework.test.context.cache.DefaultCacheAwareContextLoaderDelegate.loadContext(DefaultCacheAwareContextLoaderDelegate.java:152)
	... 19 more
Caused by: jakarta.persistence.PersistenceException: [PersistenceUnit: default] Unable to build Hibernate SessionFactory; nested exception is org.hibernate.exception.GenericJDBCException: Unable to open JDBC Connection for DDL execution [Access denied for user 'root'@'localhost' (using password: YES)] [n/a]
	at org.springframework.orm.jpa.AbstractEntityManagerFactoryBean.buildNativeEntityManagerFactory(AbstractEntityManagerFactoryBean.java:431)
	at org.springframework.orm.jpa.AbstractEntityManagerFactoryBean.afterPropertiesSet(AbstractEntityManagerFactoryBean.java:400)
	at org.springframework.orm.jpa.LocalContainerEntityManagerFactoryBean.afterPropertiesSet(LocalContainerEntityManagerFactoryBean.java:366)
	at org.springframework.beans.factory.support.AbstractAutowireCapableBeanFactory.invokeInitMethods(AbstractAutowireCapableBeanFactory.java:1855)
	at org.springframework.beans.factory.support.AbstractAutowireCapableBeanFactory.initializeBean(AbstractAutowireCapableBeanFactory.java:1804)
	... 39 more
Caused by: org.hibernate.exception.GenericJDBCException: Unable to open JDBC Connection for DDL execution [Access denied for user 'root'@'localhost' (using password: YES)] [n/a]
	at org.hibernate.exception.internal.StandardSQLExceptionConverter.convert(StandardSQLExceptionConverter.java:63)
	at org.hibernate.engine.jdbc.spi.SqlExceptionHelper.convert(SqlExceptionHelper.java:108)
	at org.hibernate.engine.jdbc.spi.SqlExceptionHelper.convert(SqlExceptionHelper.java:94)
	at org.hibernate.resource.transaction.backend.jdbc.internal.DdlTransactionIsolatorNonJtaImpl.getIsolatedConnection(DdlTransactionIsolatorNonJtaImpl.java:74)
	at org.hibernate.resource.transaction.backend.jdbc.internal.DdlTransactionIsolatorNonJtaImpl.getIsolatedConnection(DdlTransactionIsolatorNonJtaImpl.java:39)
	at org.hibernate.tool.schema.internal.exec.ImprovedExtractionContextImpl.getJdbcConnection(ImprovedExtractionContextImpl.java:63)
	at org.hibernate.tool.schema.internal.exec.ImprovedExtractionContextImpl.getJdbcDatabaseMetaData(ImprovedExtractionContextImpl.java:70)
	at org.hibernate.tool.schema.extract.internal.InformationExtractorJdbcDatabaseMetaDataImpl.processTableResultSet(InformationExtractorJdbcDatabaseMetaDataImpl.java:65)
	at org.hibernate.tool.schema.extract.internal.AbstractInformationExtractorImpl.getTables(AbstractInformationExtractorImpl.java:570)
	at org.hibernate.tool.schema.extract.internal.DatabaseInformationImpl.getTablesInformation(DatabaseInformationImpl.java:122)
	at org.hibernate.tool.schema.internal.GroupedSchemaMigratorImpl.performTablesMigration(GroupedSchemaMigratorImpl.java:72)
	at org.hibernate.tool.schema.internal.AbstractSchemaMigrator.performMigration(AbstractSchemaMigrator.java:233)
	at org.hibernate.tool.schema.internal.AbstractSchemaMigrator.doMigration(AbstractSchemaMigrator.java:112)
	at org.hibernate.tool.schema.spi.SchemaManagementToolCoordinator.performDatabaseAction(SchemaManagementToolCoordinator.java:280)
	at org.hibernate.tool.schema.spi.SchemaManagementToolCoordinator.lambda$process$5(SchemaManagementToolCoordinator.java:144)
	at java.base/java.util.HashMap.forEach(HashMap.java:1421)
	at org.hibernate.tool.schema.spi.SchemaManagementToolCoordinator.process(SchemaManagementToolCoordinator.java:141)
	at org.hibernate.boot.internal.SessionFactoryObserverForSchemaExport.sessionFactoryCreated(SessionFactoryObserverForSchemaExport.java:37)
	at org.hibernate.internal.SessionFactoryObserverChain.sessionFactoryCreated(SessionFactoryObserverChain.java:35)
	at org.hibernate.internal.SessionFactoryImpl.<init>(SessionFactoryImpl.java:324)
	at org.hibernate.boot.internal.SessionFactoryBuilderImpl.build(SessionFactoryBuilderImpl.java:463)
	at org.hibernate.jpa.boot.internal.EntityManagerFactoryBuilderImpl.build(EntityManagerFactoryBuilderImpl.java:1506)
	at org.springframework.orm.jpa.vendor.SpringHibernateJpaPersistenceProvider.createContainerEntityManagerFactory(SpringHibernateJpaPersistenceProvider.java:66)
	at org.springframework.orm.jpa.LocalContainerEntityManagerFactoryBean.createNativeEntityManagerFactory(LocalContainerEntityManagerFactoryBean.java:390)
	at org.springframework.orm.jpa.AbstractEntityManagerFactoryBean.buildNativeEntityManagerFactory(AbstractEntityManagerFactoryBean.java:419)
	... 43 more
Caused by: java.sql.SQLException: Access denied for user 'root'@'localhost' (using password: YES)
	at com.mysql.cj.jdbc.exceptions.SQLError.createSQLException(SQLError.java:121)
	at com.mysql.cj.jdbc.exceptions.SQLExceptionsMapping.translateException(SQLExceptionsMapping.java:114)
	at com.mysql.cj.jdbc.ConnectionImpl.createNewIO(ConnectionImpl.java:837)
	at com.mysql.cj.jdbc.ConnectionImpl.<init>(ConnectionImpl.java:420)
	at com.mysql.cj.jdbc.ConnectionImpl.getInstance(ConnectionImpl.java:238)
	at com.mysql.cj.jdbc.NonRegisteringDriver.connect(NonRegisteringDriver.java:180)
	at com.zaxxer.hikari.util.DriverDataSource.getConnection(DriverDataSource.java:137)
	at com.zaxxer.hikari.pool.PoolBase.newConnection(PoolBase.java:360)
	at com.zaxxer.hikari.pool.PoolBase.newPoolEntry(PoolBase.java:202)
	at com.zaxxer.hikari.pool.HikariPool.createPoolEntry(HikariPool.java:461)
	at com.zaxxer.hikari.pool.HikariPool.checkFailFast(HikariPool.java:550)
	at com.zaxxer.hikari.pool.HikariPool.<init>(HikariPool.java:98)
	at com.zaxxer.hikari.HikariDataSource.getConnection(HikariDataSource.java:111)
	at org.hibernate.engine.jdbc.connections.internal.DatasourceConnectionProviderImpl.getConnection(DatasourceConnectionProviderImpl.java:126)
	at org.hibernate.engine.jdbc.env.internal.JdbcEnvironmentInitiator$ConnectionProviderJdbcConnectionAccess.obtainConnection(JdbcEnvironmentInitiator.java:467)
	at org.hibernate.resource.transaction.backend.jdbc.internal.DdlTransactionIsolatorNonJtaImpl.getIsolatedConnection(DdlTransactionIsolatorNonJtaImpl.java:46)
	... 64 more
]]></error>
    <system-out><![CDATA[12:08:20.992 [main] INFO org.springframework.test.context.support.AnnotationConfigContextLoaderUtils -- Could not detect default configuration classes for test class [com.rts.tap.BackendApiApplicationTests]: BackendApiApplicationTests does not declare any static, non-private, non-final, nested classes annotated with @Configuration.
12:08:21.156 [main] INFO org.springframework.boot.test.context.SpringBootTestContextBootstrapper -- Found @SpringBootConfiguration com.rts.tap.MrfServiceApplication for test class com.rts.tap.BackendApiApplicationTests

  .   ____          _            __ _ _
 /\\ / ___'_ __ _ _(_)_ __  __ _ \ \ \ \
( ( )\___ | '_ | '_| | '_ \/ _` | \ \ \ \
 \\/  ___)| |_)| | | | | || (_| |  ) ) ) )
  '  |____| .__|_| |_|_| |_\__, | / / / /
 =========|_|==============|___/=/_/_/_/

 :: Spring Boot ::                (v3.4.1)

2025-02-03 12:08:22 [main] INFO  c.rts.tap.BackendApiApplicationTests - Starting BackendApiApplicationTests using Java 17.0.10 with PID 35316 (started by keerthana.prabu in C:\Users\keerthana.prabu\Downloads\mrf-service)
2025-02-03 12:08:22 [main] INFO  c.rts.tap.BackendApiApplicationTests - No active profile set, falling back to 1 default profile: "default"
2025-02-03 12:08:24 [main] INFO  o.s.d.r.c.RepositoryConfigurationDelegate - Multiple Spring Data modules found, entering strict repository configuration mode
2025-02-03 12:08:24 [main] INFO  o.s.d.r.c.RepositoryConfigurationDelegate - Bootstrapping Spring Data JPA repositories in DEFAULT mode.
2025-02-03 12:08:24 [main] INFO  o.s.d.r.c.RepositoryConfigurationDelegate - Finished Spring Data repository scanning in 45 ms. Found 0 JPA repository interfaces.
2025-02-03 12:08:24 [main] INFO  o.s.d.r.c.RepositoryConfigurationDelegate - Multiple Spring Data modules found, entering strict repository configuration mode
2025-02-03 12:08:24 [main] INFO  o.s.d.r.c.RepositoryConfigurationDelegate - Bootstrapping Spring Data MongoDB repositories in DEFAULT mode.
2025-02-03 12:08:24 [main] INFO  o.s.d.r.c.RepositoryConfigurationDelegate - Finished Spring Data repository scanning in 20 ms. Found 0 MongoDB repository interfaces.
2025-02-03 12:08:24 [main] INFO  o.s.cloud.context.scope.GenericScope - BeanFactory id=db6b1679-c0bd-3563-b7d0-b3823be1013a
2025-02-03 12:08:24 [main] WARN  o.s.c.s.PostProcessorRegistrationDelegate$BeanPostProcessorChecker - Bean 'org.springframework.ws.config.annotation.DelegatingWsConfiguration' of type [org.springframework.ws.config.annotation.DelegatingWsConfiguration$$SpringCGLIB$$0] is not eligible for getting processed by all BeanPostProcessors (for example: not eligible for auto-proxying). The currently created BeanPostProcessor [annotationActionEndpointMapping] is declared through a non-static factory method on that class; consider declaring it as static instead.
2025-02-03 12:08:25 [main] INFO  o.s.w.s.a.s.AnnotationActionEndpointMapping - Supporting [WS-Addressing August 2004, WS-Addressing 1.0]
2025-02-03 12:08:25 [main] DEBUG o.h.jpa.internal.util.LogHelper - PersistenceUnitInfo [
	name: default
	persistence provider classname: null
	classloader: jdk.internal.loader.ClassLoaders$AppClassLoader@28c97a5
	excludeUnlistedClasses: true
	JTA datasource: null
	Non JTA datasource: HikariDataSource (null)
	Transaction type: RESOURCE_LOCAL
	PU root URL: file:/C:/Users/keerthana.prabu/Downloads/mrf-service/target/test-classes/
	Shared Cache Mode: UNSPECIFIED
	Validation Mode: AUTO
	Jar files URLs []
	Managed classes names [
		com.rts.tap.model.Admin
		com.rts.tap.model.ApproverLevel
		com.rts.tap.model.Assessment
		com.rts.tap.model.BasicJobTable
		com.rts.tap.model.Budget
		com.rts.tap.model.BusinessUnit
		com.rts.tap.model.Candidate
		com.rts.tap.model.Candidate360
		com.rts.tap.model.Candidate360QuestionBank
		com.rts.tap.model.CandidateDocument
		com.rts.tap.model.CandidateStatus
		com.rts.tap.model.Client
		com.rts.tap.model.ClientOrganization
		com.rts.tap.model.Department
		com.rts.tap.model.Documents
		com.rts.tap.model.Employee
		com.rts.tap.model.Experience
		com.rts.tap.model.FamilyDetails
		com.rts.tap.model.Interview
		com.rts.tap.model.Interviewer
		com.rts.tap.model.JobDescription
		com.rts.tap.model.JobPosting
		com.rts.tap.model.Jobs
		com.rts.tap.model.LoginCredentials
		com.rts.tap.model.MRF
		com.rts.tap.model.MRFAgreement
		com.rts.tap.model.MRFCandidate
		com.rts.tap.model.MRFCriteria
		com.rts.tap.model.MrfJd
		com.rts.tap.model.MRFRecruiters
		com.rts.tap.model.MRFRecruitingManager
		com.rts.tap.model.MRFStatus
		com.rts.tap.model.MRFVendor
		com.rts.tap.model.Notifications
		com.rts.tap.model.Offer
		com.rts.tap.model.OfferApproval
		com.rts.tap.model.Organization
		com.rts.tap.model.OrganizationLocation
		com.rts.tap.model.PersonalInfo
		com.rts.tap.model.Qualification
		com.rts.tap.model.RecruiterOverallPerformance
		com.rts.tap.model.RecruiterPerformance
		com.rts.tap.model.RecruitmentProcess
		com.rts.tap.model.ReferralCandiate
		com.rts.tap.model.Requirement
		com.rts.tap.model.Role
		com.rts.tap.model.Score
		com.rts.tap.model.SubRequirements
		com.rts.tap.model.ThirdPartyCredentitals
		com.rts.tap.model.ThirdPartyRole
		com.rts.tap.model.Vendor
		com.rts.tap.model.VendorPerformance
		com.rts.tap.model.VendorPerformanceHistory
		com.rts.tap.model.WorkFlow]
	Mapping files names []
	Properties []
2025-02-03 12:08:25 [main] DEBUG o.h.i.internal.IntegratorServiceImpl - Adding Integrator [org.hibernate.boot.beanvalidation.BeanValidationIntegrator].
2025-02-03 12:08:25 [main] DEBUG o.h.i.internal.IntegratorServiceImpl - Adding Integrator [org.hibernate.cache.internal.CollectionCacheInvalidator].
2025-02-03 12:08:25 [main] INFO  org.hibernate.Version - HHH000412: Hibernate ORM core version 6.6.4.Final
2025-02-03 12:08:25 [main] DEBUG org.hibernate.cfg.Environment - HHH000206: 'hibernate.properties' not found
2025-02-03 12:08:25 [main] DEBUG org.hibernate.orm.idgen.factory - Registering IdentifierGenerator strategy [uuid2] -> [org.hibernate.id.UUIDGenerator]
2025-02-03 12:08:25 [main] DEBUG org.hibernate.orm.idgen.factory - Registering IdentifierGenerator strategy [guid] -> [org.hibernate.id.GUIDGenerator]
2025-02-03 12:08:25 [main] DEBUG org.hibernate.orm.idgen.factory - Registering IdentifierGenerator strategy [uuid] -> [org.hibernate.id.UUIDHexGenerator]
2025-02-03 12:08:25 [main] DEBUG org.hibernate.orm.idgen.factory - Registering IdentifierGenerator strategy [uuid.hex] -> [org.hibernate.id.UUIDHexGenerator]
2025-02-03 12:08:25 [main] DEBUG org.hibernate.orm.idgen.factory - Registering IdentifierGenerator strategy [assigned] -> [org.hibernate.id.Assigned]
2025-02-03 12:08:25 [main] DEBUG org.hibernate.orm.idgen.factory - Registering IdentifierGenerator strategy [identity] -> [org.hibernate.id.IdentityGenerator]
2025-02-03 12:08:25 [main] DEBUG org.hibernate.orm.idgen.factory - Registering IdentifierGenerator strategy [select] -> [org.hibernate.id.SelectGenerator]
2025-02-03 12:08:25 [main] DEBUG org.hibernate.orm.idgen.factory - Registering IdentifierGenerator strategy [sequence] -> [org.hibernate.id.enhanced.SequenceStyleGenerator]
2025-02-03 12:08:25 [main] DEBUG org.hibernate.orm.idgen.factory - Registering IdentifierGenerator strategy [increment] -> [org.hibernate.id.IncrementGenerator]
2025-02-03 12:08:25 [main] DEBUG org.hibernate.orm.idgen.factory - Registering IdentifierGenerator strategy [foreign] -> [org.hibernate.id.ForeignGenerator]
2025-02-03 12:08:25 [main] DEBUG org.hibernate.orm.idgen.factory - Registering IdentifierGenerator strategy [enhanced-sequence] -> [org.hibernate.id.enhanced.SequenceStyleGenerator]
2025-02-03 12:08:25 [main] DEBUG org.hibernate.orm.idgen.factory - Registering IdentifierGenerator strategy [enhanced-table] -> [org.hibernate.id.enhanced.TableGenerator]
2025-02-03 12:08:25 [main] DEBUG o.h.c.i.RegionFactoryInitiator - Cannot default RegionFactory based on registered strategies as `[]` RegionFactory strategies were registered
2025-02-03 12:08:25 [main] INFO  o.h.c.i.RegionFactoryInitiator - HHH000026: Second-level cache disabled
2025-02-03 12:08:26 [main] DEBUG o.hibernate.type.BasicTypeRegistry - Adding type registration boolean -> org.hibernate.type.BasicTypeReference@1d5048d1
2025-02-03 12:08:26 [main] DEBUG o.hibernate.type.BasicTypeRegistry - Adding type registration boolean -> org.hibernate.type.BasicTypeReference@1d5048d1
2025-02-03 12:08:26 [main] DEBUG o.hibernate.type.BasicTypeRegistry - Adding type registration java.lang.Boolean -> org.hibernate.type.BasicTypeReference@1d5048d1
2025-02-03 12:08:26 [main] DEBUG o.hibernate.type.BasicTypeRegistry - Adding type registration numeric_boolean -> org.hibernate.type.BasicTypeReference@47d9c01
2025-02-03 12:08:26 [main] DEBUG o.hibernate.type.BasicTypeRegistry - Adding type registration org.hibernate.type.NumericBooleanConverter -> org.hibernate.type.BasicTypeReference@47d9c01
2025-02-03 12:08:26 [main] DEBUG o.hibernate.type.BasicTypeRegistry - Adding type registration true_false -> org.hibernate.type.BasicTypeReference@5358c8fa
2025-02-03 12:08:26 [main] DEBUG o.hibernate.type.BasicTypeRegistry - Adding type registration org.hibernate.type.TrueFalseConverter -> org.hibernate.type.BasicTypeReference@5358c8fa
2025-02-03 12:08:26 [main] DEBUG o.hibernate.type.BasicTypeRegistry - Adding type registration yes_no -> org.hibernate.type.BasicTypeReference@1a02ebe0
2025-02-03 12:08:26 [main] DEBUG o.hibernate.type.BasicTypeRegistry - Adding type registration org.hibernate.type.YesNoConverter -> org.hibernate.type.BasicTypeReference@1a02ebe0
2025-02-03 12:08:26 [main] DEBUG o.hibernate.type.BasicTypeRegistry - Adding type registration byte -> org.hibernate.type.BasicTypeReference@58b3eb1
2025-02-03 12:08:26 [main] DEBUG o.hibernate.type.BasicTypeRegistry - Adding type registration byte -> org.hibernate.type.BasicTypeReference@58b3eb1
2025-02-03 12:08:26 [main] DEBUG o.hibernate.type.BasicTypeRegistry - Adding type registration java.lang.Byte -> org.hibernate.type.BasicTypeReference@58b3eb1
2025-02-03 12:08:26 [main] DEBUG o.hibernate.type.BasicTypeRegistry - Adding type registration binary -> org.hibernate.type.BasicTypeReference@6d7e2795
2025-02-03 12:08:26 [main] DEBUG o.hibernate.type.BasicTypeRegistry - Adding type registration byte[] -> org.hibernate.type.BasicTypeReference@6d7e2795
2025-02-03 12:08:26 [main] DEBUG o.hibernate.type.BasicTypeRegistry - Adding type registration [B -> org.hibernate.type.BasicTypeReference@6d7e2795
2025-02-03 12:08:26 [main] DEBUG o.hibernate.type.BasicTypeRegistry - Adding type registration binary_wrapper -> org.hibernate.type.BasicTypeReference@78743dd8
2025-02-03 12:08:26 [main] DEBUG o.hibernate.type.BasicTypeRegistry - Adding type registration wrapper-binary -> org.hibernate.type.BasicTypeReference@78743dd8
2025-02-03 12:08:26 [main] DEBUG o.hibernate.type.BasicTypeRegistry - Adding type registration image -> org.hibernate.type.BasicTypeReference@752494dd
2025-02-03 12:08:26 [main] DEBUG o.hibernate.type.BasicTypeRegistry - Adding type registration blob -> org.hibernate.type.BasicTypeReference@2986427e
2025-02-03 12:08:26 [main] DEBUG o.hibernate.type.BasicTypeRegistry - Adding type registration java.sql.Blob -> org.hibernate.type.BasicTypeReference@2986427e
2025-02-03 12:08:26 [main] DEBUG o.hibernate.type.BasicTypeRegistry - Adding type registration materialized_blob -> org.hibernate.type.BasicTypeReference@35d88a54
2025-02-03 12:08:26 [main] DEBUG o.hibernate.type.BasicTypeRegistry - Adding type registration materialized_blob_wrapper -> org.hibernate.type.BasicTypeReference@6c1bebca
2025-02-03 12:08:26 [main] DEBUG o.hibernate.type.BasicTypeRegistry - Adding type registration short -> org.hibernate.type.BasicTypeReference@3d4818e8
2025-02-03 12:08:26 [main] DEBUG o.hibernate.type.BasicTypeRegistry - Adding type registration short -> org.hibernate.type.BasicTypeReference@3d4818e8
2025-02-03 12:08:26 [main] DEBUG o.hibernate.type.BasicTypeRegistry - Adding type registration java.lang.Short -> org.hibernate.type.BasicTypeReference@3d4818e8
2025-02-03 12:08:26 [main] DEBUG o.hibernate.type.BasicTypeRegistry - Adding type registration integer -> org.hibernate.type.BasicTypeReference@26c6288d
2025-02-03 12:08:26 [main] DEBUG o.hibernate.type.BasicTypeRegistry - Adding type registration int -> org.hibernate.type.BasicTypeReference@26c6288d
2025-02-03 12:08:26 [main] DEBUG o.hibernate.type.BasicTypeRegistry - Adding type registration java.lang.Integer -> org.hibernate.type.BasicTypeReference@26c6288d
2025-02-03 12:08:26 [main] DEBUG o.hibernate.type.BasicTypeRegistry - Adding type registration long -> org.hibernate.type.BasicTypeReference@57bd9c2b
2025-02-03 12:08:26 [main] DEBUG o.hibernate.type.BasicTypeRegistry - Adding type registration long -> org.hibernate.type.BasicTypeReference@57bd9c2b
2025-02-03 12:08:26 [main] DEBUG o.hibernate.type.BasicTypeRegistry - Adding type registration java.lang.Long -> org.hibernate.type.BasicTypeReference@57bd9c2b
2025-02-03 12:08:26 [main] DEBUG o.hibernate.type.BasicTypeRegistry - Adding type registration float -> org.hibernate.type.BasicTypeReference@644b68ad
2025-02-03 12:08:26 [main] DEBUG o.hibernate.type.BasicTypeRegistry - Adding type registration float -> org.hibernate.type.BasicTypeReference@644b68ad
2025-02-03 12:08:26 [main] DEBUG o.hibernate.type.BasicTypeRegistry - Adding type registration java.lang.Float -> org.hibernate.type.BasicTypeReference@644b68ad
2025-02-03 12:08:26 [main] DEBUG o.hibernate.type.BasicTypeRegistry - Adding type registration double -> org.hibernate.type.BasicTypeReference@1939a394
2025-02-03 12:08:26 [main] DEBUG o.hibernate.type.BasicTypeRegistry - Adding type registration double -> org.hibernate.type.BasicTypeReference@1939a394
2025-02-03 12:08:26 [main] DEBUG o.hibernate.type.BasicTypeRegistry - Adding type registration java.lang.Double -> org.hibernate.type.BasicTypeReference@1939a394
2025-02-03 12:08:26 [main] DEBUG o.hibernate.type.BasicTypeRegistry - Adding type registration big_integer -> org.hibernate.type.BasicTypeReference@e2c627e
2025-02-03 12:08:26 [main] DEBUG o.hibernate.type.BasicTypeRegistry - Adding type registration java.math.BigInteger -> org.hibernate.type.BasicTypeReference@e2c627e
2025-02-03 12:08:26 [main] DEBUG o.hibernate.type.BasicTypeRegistry - Adding type registration big_decimal -> org.hibernate.type.BasicTypeReference@35cbeb54
2025-02-03 12:08:26 [main] DEBUG o.hibernate.type.BasicTypeRegistry - Adding type registration java.math.BigDecimal -> org.hibernate.type.BasicTypeReference@35cbeb54
2025-02-03 12:08:26 [main] DEBUG o.hibernate.type.BasicTypeRegistry - Adding type registration character -> org.hibernate.type.BasicTypeReference@a7ae340
2025-02-03 12:08:26 [main] DEBUG o.hibernate.type.BasicTypeRegistry - Adding type registration char -> org.hibernate.type.BasicTypeReference@a7ae340
2025-02-03 12:08:26 [main] DEBUG o.hibernate.type.BasicTypeRegistry - Adding type registration java.lang.Character -> org.hibernate.type.BasicTypeReference@a7ae340
2025-02-03 12:08:26 [main] DEBUG o.hibernate.type.BasicTypeRegistry - Adding type registration character_nchar -> org.hibernate.type.BasicTypeReference@5e8bd498
2025-02-03 12:08:26 [main] DEBUG o.hibernate.type.BasicTypeRegistry - Adding type registration string -> org.hibernate.type.BasicTypeReference@335972a5
2025-02-03 12:08:26 [main] DEBUG o.hibernate.type.BasicTypeRegistry - Adding type registration java.lang.String -> org.hibernate.type.BasicTypeReference@335972a5
2025-02-03 12:08:26 [main] DEBUG o.hibernate.type.BasicTypeRegistry - Adding type registration nstring -> org.hibernate.type.BasicTypeReference@59a2bed1
2025-02-03 12:08:26 [main] DEBUG o.hibernate.type.BasicTypeRegistry - Adding type registration characters -> org.hibernate.type.BasicTypeReference@49f2646
2025-02-03 12:08:26 [main] DEBUG o.hibernate.type.BasicTypeRegistry - Adding type registration char[] -> org.hibernate.type.BasicTypeReference@49f2646
2025-02-03 12:08:26 [main] DEBUG o.hibernate.type.BasicTypeRegistry - Adding type registration [C -> org.hibernate.type.BasicTypeReference@49f2646
2025-02-03 12:08:26 [main] DEBUG o.hibernate.type.BasicTypeRegistry - Adding type registration wrapper-characters -> org.hibernate.type.BasicTypeReference@4b00d59
2025-02-03 12:08:26 [main] DEBUG o.hibernate.type.BasicTypeRegistry - Adding type registration text -> org.hibernate.type.BasicTypeReference@7c048b30
2025-02-03 12:08:26 [main] DEBUG o.hibernate.type.BasicTypeRegistry - Adding type registration ntext -> org.hibernate.type.BasicTypeReference@309cf657
2025-02-03 12:08:26 [main] DEBUG o.hibernate.type.BasicTypeRegistry - Adding type registration clob -> org.hibernate.type.BasicTypeReference@4d4c4b14
2025-02-03 12:08:26 [main] DEBUG o.hibernate.type.BasicTypeRegistry - Adding type registration java.sql.Clob -> org.hibernate.type.BasicTypeReference@4d4c4b14
2025-02-03 12:08:26 [main] DEBUG o.hibernate.type.BasicTypeRegistry - Adding type registration nclob -> org.hibernate.type.BasicTypeReference@49925d21
2025-02-03 12:08:26 [main] DEBUG o.hibernate.type.BasicTypeRegistry - Adding type registration java.sql.NClob -> org.hibernate.type.BasicTypeReference@49925d21
2025-02-03 12:08:26 [main] DEBUG o.hibernate.type.BasicTypeRegistry - Adding type registration materialized_clob -> org.hibernate.type.BasicTypeReference@11170228
2025-02-03 12:08:26 [main] DEBUG o.hibernate.type.BasicTypeRegistry - Adding type registration materialized_clob_char_array -> org.hibernate.type.BasicTypeReference@46ee7013
2025-02-03 12:08:26 [main] DEBUG o.hibernate.type.BasicTypeRegistry - Adding type registration materialized_clob_character_array -> org.hibernate.type.BasicTypeReference@69d58731
2025-02-03 12:08:26 [main] DEBUG o.hibernate.type.BasicTypeRegistry - Adding type registration materialized_nclob -> org.hibernate.type.BasicTypeReference@3275a47f
2025-02-03 12:08:26 [main] DEBUG o.hibernate.type.BasicTypeRegistry - Adding type registration materialized_nclob_character_array -> org.hibernate.type.BasicTypeReference@1b5af65b
2025-02-03 12:08:26 [main] DEBUG o.hibernate.type.BasicTypeRegistry - Adding type registration materialized_nclob_char_array -> org.hibernate.type.BasicTypeReference@2e0163cb
2025-02-03 12:08:26 [main] DEBUG o.hibernate.type.BasicTypeRegistry - Adding type registration Duration -> org.hibernate.type.BasicTypeReference@6b289535
2025-02-03 12:08:26 [main] DEBUG o.hibernate.type.BasicTypeRegistry - Adding type registration java.time.Duration -> org.hibernate.type.BasicTypeReference@6b289535
2025-02-03 12:08:26 [main] DEBUG o.hibernate.type.BasicTypeRegistry - Adding type registration LocalDateTime -> org.hibernate.type.BasicTypeReference@74619273
2025-02-03 12:08:26 [main] DEBUG o.hibernate.type.BasicTypeRegistry - Adding type registration java.time.LocalDateTime -> org.hibernate.type.BasicTypeReference@74619273
2025-02-03 12:08:26 [main] DEBUG o.hibernate.type.BasicTypeRegistry - Adding type registration LocalDate -> org.hibernate.type.BasicTypeReference@38c55a8a
2025-02-03 12:08:26 [main] DEBUG o.hibernate.type.BasicTypeRegistry - Adding type registration java.time.LocalDate -> org.hibernate.type.BasicTypeReference@38c55a8a
2025-02-03 12:08:26 [main] DEBUG o.hibernate.type.BasicTypeRegistry - Adding type registration LocalTime -> org.hibernate.type.BasicTypeReference@1d7f7962
2025-02-03 12:08:26 [main] DEBUG o.hibernate.type.BasicTypeRegistry - Adding type registration java.time.LocalTime -> org.hibernate.type.BasicTypeReference@1d7f7962
2025-02-03 12:08:26 [main] DEBUG o.hibernate.type.BasicTypeRegistry - Adding type registration OffsetDateTime -> org.hibernate.type.BasicTypeReference@32d1d6c5
2025-02-03 12:08:26 [main] DEBUG o.hibernate.type.BasicTypeRegistry - Adding type registration java.time.OffsetDateTime -> org.hibernate.type.BasicTypeReference@32d1d6c5
2025-02-03 12:08:26 [main] DEBUG o.hibernate.type.BasicTypeRegistry - Adding type registration OffsetDateTimeWithTimezone -> org.hibernate.type.BasicTypeReference@4a5b38e6
2025-02-03 12:08:26 [main] DEBUG o.hibernate.type.BasicTypeRegistry - Adding type registration OffsetDateTimeWithoutTimezone -> org.hibernate.type.BasicTypeReference@58583a2d
2025-02-03 12:08:26 [main] DEBUG o.hibernate.type.BasicTypeRegistry - Adding type registration OffsetTime -> org.hibernate.type.BasicTypeReference@3e8afc2d
2025-02-03 12:08:26 [main] DEBUG o.hibernate.type.BasicTypeRegistry - Adding type registration java.time.OffsetTime -> org.hibernate.type.BasicTypeReference@3e8afc2d
2025-02-03 12:08:26 [main] DEBUG o.hibernate.type.BasicTypeRegistry - Adding type registration OffsetTimeUtc -> org.hibernate.type.BasicTypeReference@2d172c7
2025-02-03 12:08:26 [main] DEBUG o.hibernate.type.BasicTypeRegistry - Adding type registration OffsetTimeWithTimezone -> org.hibernate.type.BasicTypeReference@115ef673
2025-02-03 12:08:26 [main] DEBUG o.hibernate.type.BasicTypeRegistry - Adding type registration OffsetTimeWithoutTimezone -> org.hibernate.type.BasicTypeReference@8ce3f27
2025-02-03 12:08:26 [main] DEBUG o.hibernate.type.BasicTypeRegistry - Adding type registration ZonedDateTime -> org.hibernate.type.BasicTypeReference@614cd187
2025-02-03 12:08:26 [main] DEBUG o.hibernate.type.BasicTypeRegistry - Adding type registration java.time.ZonedDateTime -> org.hibernate.type.BasicTypeReference@614cd187
2025-02-03 12:08:26 [main] DEBUG o.hibernate.type.BasicTypeRegistry - Adding type registration ZonedDateTimeWithTimezone -> org.hibernate.type.BasicTypeReference@6802d023
2025-02-03 12:08:26 [main] DEBUG o.hibernate.type.BasicTypeRegistry - Adding type registration ZonedDateTimeWithoutTimezone -> org.hibernate.type.BasicTypeReference@e895e3e
2025-02-03 12:08:26 [main] DEBUG o.hibernate.type.BasicTypeRegistry - Adding type registration date -> org.hibernate.type.BasicTypeReference@77476fcf
2025-02-03 12:08:26 [main] DEBUG o.hibernate.type.BasicTypeRegistry - Adding type registration java.sql.Date -> org.hibernate.type.BasicTypeReference@77476fcf
2025-02-03 12:08:26 [main] DEBUG o.hibernate.type.BasicTypeRegistry - Adding type registration time -> org.hibernate.type.BasicTypeReference@70805849
2025-02-03 12:08:26 [main] DEBUG o.hibernate.type.BasicTypeRegistry - Adding type registration java.sql.Time -> org.hibernate.type.BasicTypeReference@70805849
2025-02-03 12:08:26 [main] DEBUG o.hibernate.type.BasicTypeRegistry - Adding type registration timestamp -> org.hibernate.type.BasicTypeReference@e7d0db2
2025-02-03 12:08:26 [main] DEBUG o.hibernate.type.BasicTypeRegistry - Adding type registration java.sql.Timestamp -> org.hibernate.type.BasicTypeReference@e7d0db2
2025-02-03 12:08:26 [main] DEBUG o.hibernate.type.BasicTypeRegistry - Adding type registration java.util.Date -> org.hibernate.type.BasicTypeReference@e7d0db2
2025-02-03 12:08:26 [main] DEBUG o.hibernate.type.BasicTypeRegistry - Adding type registration calendar -> org.hibernate.type.BasicTypeReference@4a41caed
2025-02-03 12:08:26 [main] DEBUG o.hibernate.type.BasicTypeRegistry - Adding type registration java.util.Calendar -> org.hibernate.type.BasicTypeReference@4a41caed
2025-02-03 12:08:26 [main] DEBUG o.hibernate.type.BasicTypeRegistry - Adding type registration java.util.GregorianCalendar -> org.hibernate.type.BasicTypeReference@4a41caed
2025-02-03 12:08:26 [main] DEBUG o.hibernate.type.BasicTypeRegistry - Adding type registration calendar_date -> org.hibernate.type.BasicTypeReference@6b4fd7d
2025-02-03 12:08:26 [main] DEBUG o.hibernate.type.BasicTypeRegistry - Adding type registration calendar_time -> org.hibernate.type.BasicTypeReference@7404aff2
2025-02-03 12:08:26 [main] DEBUG o.hibernate.type.BasicTypeRegistry - Adding type registration instant -> org.hibernate.type.BasicTypeReference@12723c5d
2025-02-03 12:08:26 [main] DEBUG o.hibernate.type.BasicTypeRegistry - Adding type registration java.time.Instant -> org.hibernate.type.BasicTypeReference@12723c5d
2025-02-03 12:08:26 [main] DEBUG o.hibernate.type.BasicTypeRegistry - Adding type registration uuid -> org.hibernate.type.BasicTypeReference@56a09a5c
2025-02-03 12:08:26 [main] DEBUG o.hibernate.type.BasicTypeRegistry - Adding type registration java.util.UUID -> org.hibernate.type.BasicTypeReference@56a09a5c
2025-02-03 12:08:26 [main] DEBUG o.hibernate.type.BasicTypeRegistry - Adding type registration pg-uuid -> org.hibernate.type.BasicTypeReference@56a09a5c
2025-02-03 12:08:26 [main] DEBUG o.hibernate.type.BasicTypeRegistry - Adding type registration uuid-binary -> org.hibernate.type.BasicTypeReference@775edae0
2025-02-03 12:08:26 [main] DEBUG o.hibernate.type.BasicTypeRegistry - Adding type registration uuid-char -> org.hibernate.type.BasicTypeReference@26f480c6
2025-02-03 12:08:26 [main] DEBUG o.hibernate.type.BasicTypeRegistry - Adding type registration class -> org.hibernate.type.BasicTypeReference@2567c091
2025-02-03 12:08:26 [main] DEBUG o.hibernate.type.BasicTypeRegistry - Adding type registration java.lang.Class -> org.hibernate.type.BasicTypeReference@2567c091
2025-02-03 12:08:26 [main] DEBUG o.hibernate.type.BasicTypeRegistry - Adding type registration currency -> org.hibernate.type.BasicTypeReference@7747cc1b
2025-02-03 12:08:26 [main] DEBUG o.hibernate.type.BasicTypeRegistry - Adding type registration Currency -> org.hibernate.type.BasicTypeReference@7747cc1b
2025-02-03 12:08:26 [main] DEBUG o.hibernate.type.BasicTypeRegistry - Adding type registration java.util.Currency -> org.hibernate.type.BasicTypeReference@7747cc1b
2025-02-03 12:08:26 [main] DEBUG o.hibernate.type.BasicTypeRegistry - Adding type registration locale -> org.hibernate.type.BasicTypeReference@76cf91c9
2025-02-03 12:08:26 [main] DEBUG o.hibernate.type.BasicTypeRegistry - Adding type registration java.util.Locale -> org.hibernate.type.BasicTypeReference@76cf91c9
2025-02-03 12:08:26 [main] DEBUG o.hibernate.type.BasicTypeRegistry - Adding type registration serializable -> org.hibernate.type.BasicTypeReference@74bfdd66
2025-02-03 12:08:26 [main] DEBUG o.hibernate.type.BasicTypeRegistry - Adding type registration java.io.Serializable -> org.hibernate.type.BasicTypeReference@74bfdd66
2025-02-03 12:08:26 [main] DEBUG o.hibernate.type.BasicTypeRegistry - Adding type registration timezone -> org.hibernate.type.BasicTypeReference@6fc7e828
2025-02-03 12:08:26 [main] DEBUG o.hibernate.type.BasicTypeRegistry - Adding type registration java.util.TimeZone -> org.hibernate.type.BasicTypeReference@6fc7e828
2025-02-03 12:08:26 [main] DEBUG o.hibernate.type.BasicTypeRegistry - Adding type registration ZoneOffset -> org.hibernate.type.BasicTypeReference@26a9c6df
2025-02-03 12:08:26 [main] DEBUG o.hibernate.type.BasicTypeRegistry - Adding type registration java.time.ZoneOffset -> org.hibernate.type.BasicTypeReference@26a9c6df
2025-02-03 12:08:26 [main] DEBUG o.hibernate.type.BasicTypeRegistry - Adding type registration url -> org.hibernate.type.BasicTypeReference@2ce24a1a
2025-02-03 12:08:26 [main] DEBUG o.hibernate.type.BasicTypeRegistry - Adding type registration java.net.URL -> org.hibernate.type.BasicTypeReference@2ce24a1a
2025-02-03 12:08:26 [main] DEBUG o.hibernate.type.BasicTypeRegistry - Adding type registration vector -> org.hibernate.type.BasicTypeReference@26bce60d
2025-02-03 12:08:26 [main] DEBUG o.hibernate.type.BasicTypeRegistry - Adding type registration float_vector -> org.hibernate.type.BasicTypeReference@76eadc5a
2025-02-03 12:08:26 [main] DEBUG o.hibernate.type.BasicTypeRegistry - Adding type registration double_vector -> org.hibernate.type.BasicTypeReference@1e9d7366
2025-02-03 12:08:26 [main] DEBUG o.hibernate.type.BasicTypeRegistry - Adding type registration byte_vector -> org.hibernate.type.BasicTypeReference@20914835
2025-02-03 12:08:26 [main] DEBUG o.hibernate.type.BasicTypeRegistry - Adding type registration row_version -> org.hibernate.type.BasicTypeReference@615c4ea4
2025-02-03 12:08:26 [main] DEBUG o.hibernate.type.BasicTypeRegistry - Adding type registration object -> org.hibernate.type.JavaObjectType@1b6cad77
2025-02-03 12:08:26 [main] DEBUG o.hibernate.type.BasicTypeRegistry - Adding type registration java.lang.Object -> org.hibernate.type.JavaObjectType@1b6cad77
2025-02-03 12:08:26 [main] DEBUG o.hibernate.type.BasicTypeRegistry - Adding type registration null -> org.hibernate.type.NullType@2cf88901
2025-02-03 12:08:26 [main] DEBUG o.hibernate.type.BasicTypeRegistry - Adding type registration imm_date -> org.hibernate.type.BasicTypeReference@4780341
2025-02-03 12:08:26 [main] DEBUG o.hibernate.type.BasicTypeRegistry - Adding type registration imm_time -> org.hibernate.type.BasicTypeReference@3c910acd
2025-02-03 12:08:26 [main] DEBUG o.hibernate.type.BasicTypeRegistry - Adding type registration imm_timestamp -> org.hibernate.type.BasicTypeReference@612ac38b
2025-02-03 12:08:26 [main] DEBUG o.hibernate.type.BasicTypeRegistry - Adding type registration imm_calendar -> org.hibernate.type.BasicTypeReference@9f2fe2e
2025-02-03 12:08:26 [main] DEBUG o.hibernate.type.BasicTypeRegistry - Adding type registration imm_calendar_date -> org.hibernate.type.BasicTypeReference@4dd4965a
2025-02-03 12:08:26 [main] DEBUG o.hibernate.type.BasicTypeRegistry - Adding type registration imm_calendar_time -> org.hibernate.type.BasicTypeReference@79273a4f
2025-02-03 12:08:26 [main] DEBUG o.hibernate.type.BasicTypeRegistry - Adding type registration imm_binary -> org.hibernate.type.BasicTypeReference@4e26987b
2025-02-03 12:08:26 [main] DEBUG o.hibernate.type.BasicTypeRegistry - Adding type registration imm_serializable -> org.hibernate.type.BasicTypeReference@50bb1c1f
2025-02-03 12:08:26 [main] DEBUG o.h.b.internal.BootstrapContextImpl - Injecting JPA temp ClassLoader [org.springframework.instrument.classloading.SimpleThrowawayClassLoader@173cfb01] into BootstrapContext; was [null]
2025-02-03 12:08:26 [main] DEBUG o.h.b.internal.ClassLoaderAccessImpl - ClassLoaderAccessImpl#injectTempClassLoader(org.springframework.instrument.classloading.SimpleThrowawayClassLoader@173cfb01) [was null]
2025-02-03 12:08:26 [main] DEBUG o.h.b.internal.BootstrapContextImpl - Injecting ScanEnvironment [org.hibernate.jpa.boot.internal.StandardJpaScanEnvironmentImpl@52290e63] into BootstrapContext; was [null]
2025-02-03 12:08:26 [main] DEBUG o.h.b.internal.BootstrapContextImpl - Injecting ScanOptions [org.hibernate.boot.archive.scan.internal.StandardScanOptions@6c2dd88b] into BootstrapContext; was [org.hibernate.boot.archive.scan.internal.StandardScanOptions@49d979c4]
2025-02-03 12:08:26 [main] INFO  o.s.o.j.p.SpringPersistenceUnitInfo - No LoadTimeWeaver setup: ignoring JPA class transformer
2025-02-03 12:08:26 [main] DEBUG o.h.b.internal.BootstrapContextImpl - Injecting JPA temp ClassLoader [null] into BootstrapContext; was [org.springframework.instrument.classloading.SimpleThrowawayClassLoader@173cfb01]
2025-02-03 12:08:26 [main] DEBUG o.h.b.internal.ClassLoaderAccessImpl - ClassLoaderAccessImpl#injectTempClassLoader(null) [was org.springframework.instrument.classloading.SimpleThrowawayClassLoader@173cfb01]
2025-02-03 12:08:26 [main] INFO  com.zaxxer.hikari.HikariDataSource - HikariPool-1 - Starting...
2025-02-03 12:08:28 [main] DEBUG o.h.e.jdbc.spi.SqlExceptionHelper - unable to obtain isolated JDBC connection [n/a]
java.sql.SQLException: Access denied for user 'root'@'localhost' (using password: YES)
	at com.mysql.cj.jdbc.exceptions.SQLError.createSQLException(SQLError.java:121)
	at com.mysql.cj.jdbc.exceptions.SQLExceptionsMapping.translateException(SQLExceptionsMapping.java:114)
	at com.mysql.cj.jdbc.ConnectionImpl.createNewIO(ConnectionImpl.java:837)
	at com.mysql.cj.jdbc.ConnectionImpl.<init>(ConnectionImpl.java:420)
	at com.mysql.cj.jdbc.ConnectionImpl.getInstance(ConnectionImpl.java:238)
	at com.mysql.cj.jdbc.NonRegisteringDriver.connect(NonRegisteringDriver.java:180)
	at com.zaxxer.hikari.util.DriverDataSource.getConnection(DriverDataSource.java:137)
	at com.zaxxer.hikari.pool.PoolBase.newConnection(PoolBase.java:360)
	at com.zaxxer.hikari.pool.PoolBase.newPoolEntry(PoolBase.java:202)
	at com.zaxxer.hikari.pool.HikariPool.createPoolEntry(HikariPool.java:461)
	at com.zaxxer.hikari.pool.HikariPool.checkFailFast(HikariPool.java:550)
	at com.zaxxer.hikari.pool.HikariPool.<init>(HikariPool.java:98)
	at com.zaxxer.hikari.HikariDataSource.getConnection(HikariDataSource.java:111)
	at org.hibernate.engine.jdbc.connections.internal.DatasourceConnectionProviderImpl.getConnection(DatasourceConnectionProviderImpl.java:126)
	at org.hibernate.engine.jdbc.env.internal.JdbcEnvironmentInitiator$ConnectionProviderJdbcConnectionAccess.obtainConnection(JdbcEnvironmentInitiator.java:467)
	at org.hibernate.resource.transaction.backend.jdbc.internal.JdbcIsolationDelegate.delegateWork(JdbcIsolationDelegate.java:61)
	at org.hibernate.engine.jdbc.env.internal.JdbcEnvironmentInitiator.getJdbcEnvironmentUsingJdbcMetadata(JdbcEnvironmentInitiator.java:320)
	at org.hibernate.engine.jdbc.env.internal.JdbcEnvironmentInitiator.initiateService(JdbcEnvironmentInitiator.java:129)
	at org.hibernate.engine.jdbc.env.internal.JdbcEnvironmentInitiator.initiateService(JdbcEnvironmentInitiator.java:81)
	at org.hibernate.boot.registry.internal.StandardServiceRegistryImpl.initiateService(StandardServiceRegistryImpl.java:130)
	at org.hibernate.service.internal.AbstractServiceRegistryImpl.createService(AbstractServiceRegistryImpl.java:263)
	at org.hibernate.service.internal.AbstractServiceRegistryImpl.initializeService(AbstractServiceRegistryImpl.java:238)
	at org.hibernate.service.internal.AbstractServiceRegistryImpl.getService(AbstractServiceRegistryImpl.java:215)
	at org.hibernate.boot.model.relational.Database.<init>(Database.java:45)
	at org.hibernate.boot.internal.InFlightMetadataCollectorImpl.getDatabase(InFlightMetadataCollectorImpl.java:226)
	at org.hibernate.boot.internal.InFlightMetadataCollectorImpl.<init>(InFlightMetadataCollectorImpl.java:194)
	at org.hibernate.boot.model.process.spi.MetadataBuildingProcess.complete(MetadataBuildingProcess.java:171)
	at org.hibernate.jpa.boot.internal.EntityManagerFactoryBuilderImpl.metadata(EntityManagerFactoryBuilderImpl.java:1431)
	at org.hibernate.jpa.boot.internal.EntityManagerFactoryBuilderImpl.build(EntityManagerFactoryBuilderImpl.java:1502)
	at org.springframework.orm.jpa.vendor.SpringHibernateJpaPersistenceProvider.createContainerEntityManagerFactory(SpringHibernateJpaPersistenceProvider.java:66)
	at org.springframework.orm.jpa.LocalContainerEntityManagerFactoryBean.createNativeEntityManagerFactory(LocalContainerEntityManagerFactoryBean.java:390)
	at org.springframework.orm.jpa.AbstractEntityManagerFactoryBean.buildNativeEntityManagerFactory(AbstractEntityManagerFactoryBean.java:419)
	at org.springframework.orm.jpa.AbstractEntityManagerFactoryBean.afterPropertiesSet(AbstractEntityManagerFactoryBean.java:400)
	at org.springframework.orm.jpa.LocalContainerEntityManagerFactoryBean.afterPropertiesSet(LocalContainerEntityManagerFactoryBean.java:366)
	at org.springframework.beans.factory.support.AbstractAutowireCapableBeanFactory.invokeInitMethods(AbstractAutowireCapableBeanFactory.java:1855)
	at org.springframework.beans.factory.support.AbstractAutowireCapableBeanFactory.initializeBean(AbstractAutowireCapableBeanFactory.java:1804)
	at org.springframework.beans.factory.support.AbstractAutowireCapableBeanFactory.doCreateBean(AbstractAutowireCapableBeanFactory.java:601)
	at org.springframework.beans.factory.support.AbstractAutowireCapableBeanFactory.createBean(AbstractAutowireCapableBeanFactory.java:523)
	at org.springframework.beans.factory.support.AbstractBeanFactory.lambda$doGetBean$0(AbstractBeanFactory.java:336)
	at org.springframework.beans.factory.support.DefaultSingletonBeanRegistry.getSingleton(DefaultSingletonBeanRegistry.java:289)
	at org.springframework.beans.factory.support.AbstractBeanFactory.doGetBean(AbstractBeanFactory.java:334)
	at org.springframework.beans.factory.support.AbstractBeanFactory.getBean(AbstractBeanFactory.java:204)
	at org.springframework.context.support.AbstractApplicationContext.finishBeanFactoryInitialization(AbstractApplicationContext.java:970)
	at org.springframework.context.support.AbstractApplicationContext.refresh(AbstractApplicationContext.java:627)
	at org.springframework.boot.SpringApplication.refresh(SpringApplication.java:752)
	at org.springframework.boot.SpringApplication.refreshContext(SpringApplication.java:439)
	at org.springframework.boot.SpringApplication.run(SpringApplication.java:318)
	at org.springframework.boot.test.context.SpringBootContextLoader.lambda$loadContext$3(SpringBootContextLoader.java:137)
	at org.springframework.util.function.ThrowingSupplier.get(ThrowingSupplier.java:58)
	at org.springframework.util.function.ThrowingSupplier.get(ThrowingSupplier.java:46)
	at org.springframework.boot.SpringApplication.withHook(SpringApplication.java:1461)
	at org.springframework.boot.test.context.SpringBootContextLoader$ContextLoaderHook.run(SpringBootContextLoader.java:553)
	at org.springframework.boot.test.context.SpringBootContextLoader.loadContext(SpringBootContextLoader.java:137)
	at org.springframework.boot.test.context.SpringBootContextLoader.loadContext(SpringBootContextLoader.java:108)
	at org.springframework.test.context.cache.DefaultCacheAwareContextLoaderDelegate.loadContextInternal(DefaultCacheAwareContextLoaderDelegate.java:225)
	at org.springframework.test.context.cache.DefaultCacheAwareContextLoaderDelegate.loadContext(DefaultCacheAwareContextLoaderDelegate.java:152)
	at org.springframework.test.context.support.DefaultTestContext.getApplicationContext(DefaultTestContext.java:130)
	at org.springframework.test.context.web.ServletTestExecutionListener.setUpRequestContextIfNecessary(ServletTestExecutionListener.java:191)
	at org.springframework.test.context.web.ServletTestExecutionListener.prepareTestInstance(ServletTestExecutionListener.java:130)
	at org.springframework.test.context.TestContextManager.prepareTestInstance(TestContextManager.java:260)
	at org.springframework.test.context.junit.jupiter.SpringExtension.postProcessTestInstance(SpringExtension.java:160)
	at org.junit.jupiter.engine.descriptor.ClassBasedTestDescriptor.lambda$invokeTestInstancePostProcessors$11(ClassBasedTestDescriptor.java:378)
	at org.junit.jupiter.engine.descriptor.ClassBasedTestDescriptor.executeAndMaskThrowable(ClassBasedTestDescriptor.java:383)
	at org.junit.jupiter.engine.descriptor.ClassBasedTestDescriptor.lambda$invokeTestInstancePostProcessors$12(ClassBasedTestDescriptor.java:378)
	at java.base/java.util.stream.ForEachOps$ForEachOp$OfRef.accept(ForEachOps.java:183)
	at java.base/java.util.stream.ReferencePipeline$3$1.accept(ReferencePipeline.java:197)
	at java.base/java.util.stream.ReferencePipeline$2$1.accept(ReferencePipeline.java:179)
	at java.base/java.util.stream.ReferencePipeline$3$1.accept(ReferencePipeline.java:197)
	at java.base/java.util.ArrayList$ArrayListSpliterator.forEachRemaining(ArrayList.java:1625)
	at java.base/java.util.stream.AbstractPipeline.copyInto(AbstractPipeline.java:509)
	at java.base/java.util.stream.AbstractPipeline.wrapAndCopyInto(AbstractPipeline.java:499)
	at java.base/java.util.stream.ForEachOps$ForEachOp.evaluateSequential(ForEachOps.java:150)
	at java.base/java.util.stream.ForEachOps$ForEachOp$OfRef.evaluateSequential(ForEachOps.java:173)
	at java.base/java.util.stream.AbstractPipeline.evaluate(AbstractPipeline.java:234)
	at java.base/java.util.stream.ReferencePipeline.forEach(ReferencePipeline.java:596)
	at org.junit.jupiter.engine.descriptor.ClassBasedTestDescriptor.invokeTestInstancePostProcessors(ClassBasedTestDescriptor.java:377)
	at org.junit.jupiter.engine.descriptor.ClassBasedTestDescriptor.lambda$instantiateAndPostProcessTestInstance$7(ClassBasedTestDescriptor.java:290)
	at org.junit.platform.engine.support.hierarchical.ThrowableCollector.execute(ThrowableCollector.java:73)
	at org.junit.jupiter.engine.descriptor.ClassBasedTestDescriptor.instantiateAndPostProcessTestInstance(ClassBasedTestDescriptor.java:289)
	at org.junit.jupiter.engine.descriptor.ClassBasedTestDescriptor.lambda$testInstancesProvider$5(ClassBasedTestDescriptor.java:279)
	at java.base/java.util.Optional.orElseGet(Optional.java:364)
	at org.junit.jupiter.engine.descriptor.ClassBasedTestDescriptor.lambda$testInstancesProvider$6(ClassBasedTestDescriptor.java:278)
	at org.junit.jupiter.engine.execution.TestInstancesProvider.getTestInstances(TestInstancesProvider.java:31)
	at org.junit.jupiter.engine.descriptor.TestMethodTestDescriptor.lambda$prepare$1(TestMethodTestDescriptor.java:105)
	at org.junit.platform.engine.support.hierarchical.ThrowableCollector.execute(ThrowableCollector.java:73)
	at org.junit.jupiter.engine.descriptor.TestMethodTestDescriptor.prepare(TestMethodTestDescriptor.java:104)
	at org.junit.jupiter.engine.descriptor.TestMethodTestDescriptor.prepare(TestMethodTestDescriptor.java:68)
	at org.junit.platform.engine.support.hierarchical.NodeTestTask.lambda$prepare$2(NodeTestTask.java:128)
	at org.junit.platform.engine.support.hierarchical.ThrowableCollector.execute(ThrowableCollector.java:73)
	at org.junit.platform.engine.support.hierarchical.NodeTestTask.prepare(NodeTestTask.java:128)
	at org.junit.platform.engine.support.hierarchical.NodeTestTask.execute(NodeTestTask.java:95)
	at java.base/java.util.ArrayList.forEach(ArrayList.java:1511)
	at org.junit.platform.engine.support.hierarchical.SameThreadHierarchicalTestExecutorService.invokeAll(SameThreadHierarchicalTestExecutorService.java:41)
	at org.junit.platform.engine.support.hierarchical.NodeTestTask.lambda$executeRecursively$6(NodeTestTask.java:160)
	at org.junit.platform.engine.support.hierarchical.ThrowableCollector.execute(ThrowableCollector.java:73)
	at org.junit.platform.engine.support.hierarchical.NodeTestTask.lambda$executeRecursively$8(NodeTestTask.java:146)
	at org.junit.platform.engine.support.hierarchical.Node.around(Node.java:137)
	at org.junit.platform.engine.support.hierarchical.NodeTestTask.lambda$executeRecursively$9(NodeTestTask.java:144)
	at org.junit.platform.engine.support.hierarchical.ThrowableCollector.execute(ThrowableCollector.java:73)
	at org.junit.platform.engine.support.hierarchical.NodeTestTask.executeRecursively(NodeTestTask.java:143)
	at org.junit.platform.engine.support.hierarchical.NodeTestTask.execute(NodeTestTask.java:100)
	at java.base/java.util.ArrayList.forEach(ArrayList.java:1511)
	at org.junit.platform.engine.support.hierarchical.SameThreadHierarchicalTestExecutorService.invokeAll(SameThreadHierarchicalTestExecutorService.java:41)
	at org.junit.platform.engine.support.hierarchical.NodeTestTask.lambda$executeRecursively$6(NodeTestTask.java:160)
	at org.junit.platform.engine.support.hierarchical.ThrowableCollector.execute(ThrowableCollector.java:73)
	at org.junit.platform.engine.support.hierarchical.NodeTestTask.lambda$executeRecursively$8(NodeTestTask.java:146)
	at org.junit.platform.engine.support.hierarchical.Node.around(Node.java:137)
	at org.junit.platform.engine.support.hierarchical.NodeTestTask.lambda$executeRecursively$9(NodeTestTask.java:144)
	at org.junit.platform.engine.support.hierarchical.ThrowableCollector.execute(ThrowableCollector.java:73)
	at org.junit.platform.engine.support.hierarchical.NodeTestTask.executeRecursively(NodeTestTask.java:143)
	at org.junit.platform.engine.support.hierarchical.NodeTestTask.execute(NodeTestTask.java:100)
	at org.junit.platform.engine.support.hierarchical.SameThreadHierarchicalTestExecutorService.submit(SameThreadHierarchicalTestExecutorService.java:35)
	at org.junit.platform.engine.support.hierarchical.HierarchicalTestExecutor.execute(HierarchicalTestExecutor.java:57)
	at org.junit.platform.engine.support.hierarchical.HierarchicalTestEngine.execute(HierarchicalTestEngine.java:54)
	at org.junit.platform.launcher.core.EngineExecutionOrchestrator.execute(EngineExecutionOrchestrator.java:198)
	at org.junit.platform.launcher.core.EngineExecutionOrchestrator.execute(EngineExecutionOrchestrator.java:169)
	at org.junit.platform.launcher.core.EngineExecutionOrchestrator.execute(EngineExecutionOrchestrator.java:93)
	at org.junit.platform.launcher.core.EngineExecutionOrchestrator.lambda$execute$0(EngineExecutionOrchestrator.java:58)
	at org.junit.platform.launcher.core.EngineExecutionOrchestrator.withInterceptedStreams(EngineExecutionOrchestrator.java:141)
	at org.junit.platform.launcher.core.EngineExecutionOrchestrator.execute(EngineExecutionOrchestrator.java:57)
	at org.junit.platform.launcher.core.DefaultLauncher.execute(DefaultLauncher.java:103)
	at org.junit.platform.launcher.core.DefaultLauncher.execute(DefaultLauncher.java:85)
	at org.junit.platform.launcher.core.DelegatingLauncher.execute(DelegatingLauncher.java:47)
	at org.apache.maven.surefire.junitplatform.LazyLauncher.execute(LazyLauncher.java:56)
	at org.apache.maven.surefire.junitplatform.JUnitPlatformProvider.execute(JUnitPlatformProvider.java:184)
	at org.apache.maven.surefire.junitplatform.JUnitPlatformProvider.invokeAllTests(JUnitPlatformProvider.java:148)
	at org.apache.maven.surefire.junitplatform.JUnitPlatformProvider.invoke(JUnitPlatformProvider.java:122)
	at org.apache.maven.surefire.booter.ForkedBooter.runSuitesInProcess(ForkedBooter.java:385)
	at org.apache.maven.surefire.booter.ForkedBooter.execute(ForkedBooter.java:162)
	at org.apache.maven.surefire.booter.ForkedBooter.run(ForkedBooter.java:507)
	at org.apache.maven.surefire.booter.ForkedBooter.main(ForkedBooter.java:495)
2025-02-03 12:08:28 [main] WARN  o.h.e.jdbc.spi.SqlExceptionHelper - SQL Error: 1045, SQLState: 28000
2025-02-03 12:08:28 [main] ERROR o.h.e.jdbc.spi.SqlExceptionHelper - Access denied for user 'root'@'localhost' (using password: YES)
2025-02-03 12:08:28 [main] WARN  o.h.e.j.e.i.JdbcEnvironmentInitiator - HHH000342: Could not obtain connection to query metadata
org.hibernate.exception.GenericJDBCException: unable to obtain isolated JDBC connection [Access denied for user 'root'@'localhost' (using password: YES)] [n/a]
	at org.hibernate.exception.internal.StandardSQLExceptionConverter.convert(StandardSQLExceptionConverter.java:63)
	at org.hibernate.engine.jdbc.spi.SqlExceptionHelper.convert(SqlExceptionHelper.java:108)
	at org.hibernate.engine.jdbc.spi.SqlExceptionHelper.convert(SqlExceptionHelper.java:94)
	at org.hibernate.resource.transaction.backend.jdbc.internal.JdbcIsolationDelegate.delegateWork(JdbcIsolationDelegate.java:116)
	at org.hibernate.engine.jdbc.env.internal.JdbcEnvironmentInitiator.getJdbcEnvironmentUsingJdbcMetadata(JdbcEnvironmentInitiator.java:320)
	at org.hibernate.engine.jdbc.env.internal.JdbcEnvironmentInitiator.initiateService(JdbcEnvironmentInitiator.java:129)
	at org.hibernate.engine.jdbc.env.internal.JdbcEnvironmentInitiator.initiateService(JdbcEnvironmentInitiator.java:81)
	at org.hibernate.boot.registry.internal.StandardServiceRegistryImpl.initiateService(StandardServiceRegistryImpl.java:130)
	at org.hibernate.service.internal.AbstractServiceRegistryImpl.createService(AbstractServiceRegistryImpl.java:263)
	at org.hibernate.service.internal.AbstractServiceRegistryImpl.initializeService(AbstractServiceRegistryImpl.java:238)
	at org.hibernate.service.internal.AbstractServiceRegistryImpl.getService(AbstractServiceRegistryImpl.java:215)
	at org.hibernate.boot.model.relational.Database.<init>(Database.java:45)
	at org.hibernate.boot.internal.InFlightMetadataCollectorImpl.getDatabase(InFlightMetadataCollectorImpl.java:226)
	at org.hibernate.boot.internal.InFlightMetadataCollectorImpl.<init>(InFlightMetadataCollectorImpl.java:194)
	at org.hibernate.boot.model.process.spi.MetadataBuildingProcess.complete(MetadataBuildingProcess.java:171)
	at org.hibernate.jpa.boot.internal.EntityManagerFactoryBuilderImpl.metadata(EntityManagerFactoryBuilderImpl.java:1431)
	at org.hibernate.jpa.boot.internal.EntityManagerFactoryBuilderImpl.build(EntityManagerFactoryBuilderImpl.java:1502)
	at org.springframework.orm.jpa.vendor.SpringHibernateJpaPersistenceProvider.createContainerEntityManagerFactory(SpringHibernateJpaPersistenceProvider.java:66)
	at org.springframework.orm.jpa.LocalContainerEntityManagerFactoryBean.createNativeEntityManagerFactory(LocalContainerEntityManagerFactoryBean.java:390)
	at org.springframework.orm.jpa.AbstractEntityManagerFactoryBean.buildNativeEntityManagerFactory(AbstractEntityManagerFactoryBean.java:419)
	at org.springframework.orm.jpa.AbstractEntityManagerFactoryBean.afterPropertiesSet(AbstractEntityManagerFactoryBean.java:400)
	at org.springframework.orm.jpa.LocalContainerEntityManagerFactoryBean.afterPropertiesSet(LocalContainerEntityManagerFactoryBean.java:366)
	at org.springframework.beans.factory.support.AbstractAutowireCapableBeanFactory.invokeInitMethods(AbstractAutowireCapableBeanFactory.java:1855)
	at org.springframework.beans.factory.support.AbstractAutowireCapableBeanFactory.initializeBean(AbstractAutowireCapableBeanFactory.java:1804)
	at org.springframework.beans.factory.support.AbstractAutowireCapableBeanFactory.doCreateBean(AbstractAutowireCapableBeanFactory.java:601)
	at org.springframework.beans.factory.support.AbstractAutowireCapableBeanFactory.createBean(AbstractAutowireCapableBeanFactory.java:523)
	at org.springframework.beans.factory.support.AbstractBeanFactory.lambda$doGetBean$0(AbstractBeanFactory.java:336)
	at org.springframework.beans.factory.support.DefaultSingletonBeanRegistry.getSingleton(DefaultSingletonBeanRegistry.java:289)
	at org.springframework.beans.factory.support.AbstractBeanFactory.doGetBean(AbstractBeanFactory.java:334)
	at org.springframework.beans.factory.support.AbstractBeanFactory.getBean(AbstractBeanFactory.java:204)
	at org.springframework.context.support.AbstractApplicationContext.finishBeanFactoryInitialization(AbstractApplicationContext.java:970)
	at org.springframework.context.support.AbstractApplicationContext.refresh(AbstractApplicationContext.java:627)
	at org.springframework.boot.SpringApplication.refresh(SpringApplication.java:752)
	at org.springframework.boot.SpringApplication.refreshContext(SpringApplication.java:439)
	at org.springframework.boot.SpringApplication.run(SpringApplication.java:318)
	at org.springframework.boot.test.context.SpringBootContextLoader.lambda$loadContext$3(SpringBootContextLoader.java:137)
	at org.springframework.util.function.ThrowingSupplier.get(ThrowingSupplier.java:58)
	at org.springframework.util.function.ThrowingSupplier.get(ThrowingSupplier.java:46)
	at org.springframework.boot.SpringApplication.withHook(SpringApplication.java:1461)
	at org.springframework.boot.test.context.SpringBootContextLoader$ContextLoaderHook.run(SpringBootContextLoader.java:553)
	at org.springframework.boot.test.context.SpringBootContextLoader.loadContext(SpringBootContextLoader.java:137)
	at org.springframework.boot.test.context.SpringBootContextLoader.loadContext(SpringBootContextLoader.java:108)
	at org.springframework.test.context.cache.DefaultCacheAwareContextLoaderDelegate.loadContextInternal(DefaultCacheAwareContextLoaderDelegate.java:225)
	at org.springframework.test.context.cache.DefaultCacheAwareContextLoaderDelegate.loadContext(DefaultCacheAwareContextLoaderDelegate.java:152)
	at org.springframework.test.context.support.DefaultTestContext.getApplicationContext(DefaultTestContext.java:130)
	at org.springframework.test.context.web.ServletTestExecutionListener.setUpRequestContextIfNecessary(ServletTestExecutionListener.java:191)
	at org.springframework.test.context.web.ServletTestExecutionListener.prepareTestInstance(ServletTestExecutionListener.java:130)
	at org.springframework.test.context.TestContextManager.prepareTestInstance(TestContextManager.java:260)
	at org.springframework.test.context.junit.jupiter.SpringExtension.postProcessTestInstance(SpringExtension.java:160)
	at org.junit.jupiter.engine.descriptor.ClassBasedTestDescriptor.lambda$invokeTestInstancePostProcessors$11(ClassBasedTestDescriptor.java:378)
	at org.junit.jupiter.engine.descriptor.ClassBasedTestDescriptor.executeAndMaskThrowable(ClassBasedTestDescriptor.java:383)
	at org.junit.jupiter.engine.descriptor.ClassBasedTestDescriptor.lambda$invokeTestInstancePostProcessors$12(ClassBasedTestDescriptor.java:378)
	at java.base/java.util.stream.ForEachOps$ForEachOp$OfRef.accept(ForEachOps.java:183)
	at java.base/java.util.stream.ReferencePipeline$3$1.accept(ReferencePipeline.java:197)
	at java.base/java.util.stream.ReferencePipeline$2$1.accept(ReferencePipeline.java:179)
	at java.base/java.util.stream.ReferencePipeline$3$1.accept(ReferencePipeline.java:197)
	at java.base/java.util.ArrayList$ArrayListSpliterator.forEachRemaining(ArrayList.java:1625)
	at java.base/java.util.stream.AbstractPipeline.copyInto(AbstractPipeline.java:509)
	at java.base/java.util.stream.AbstractPipeline.wrapAndCopyInto(AbstractPipeline.java:499)
	at java.base/java.util.stream.ForEachOps$ForEachOp.evaluateSequential(ForEachOps.java:150)
	at java.base/java.util.stream.ForEachOps$ForEachOp$OfRef.evaluateSequential(ForEachOps.java:173)
	at java.base/java.util.stream.AbstractPipeline.evaluate(AbstractPipeline.java:234)
	at java.base/java.util.stream.ReferencePipeline.forEach(ReferencePipeline.java:596)
	at org.junit.jupiter.engine.descriptor.ClassBasedTestDescriptor.invokeTestInstancePostProcessors(ClassBasedTestDescriptor.java:377)
	at org.junit.jupiter.engine.descriptor.ClassBasedTestDescriptor.lambda$instantiateAndPostProcessTestInstance$7(ClassBasedTestDescriptor.java:290)
	at org.junit.platform.engine.support.hierarchical.ThrowableCollector.execute(ThrowableCollector.java:73)
	at org.junit.jupiter.engine.descriptor.ClassBasedTestDescriptor.instantiateAndPostProcessTestInstance(ClassBasedTestDescriptor.java:289)
	at org.junit.jupiter.engine.descriptor.ClassBasedTestDescriptor.lambda$testInstancesProvider$5(ClassBasedTestDescriptor.java:279)
	at java.base/java.util.Optional.orElseGet(Optional.java:364)
	at org.junit.jupiter.engine.descriptor.ClassBasedTestDescriptor.lambda$testInstancesProvider$6(ClassBasedTestDescriptor.java:278)
	at org.junit.jupiter.engine.execution.TestInstancesProvider.getTestInstances(TestInstancesProvider.java:31)
	at org.junit.jupiter.engine.descriptor.TestMethodTestDescriptor.lambda$prepare$1(TestMethodTestDescriptor.java:105)
	at org.junit.platform.engine.support.hierarchical.ThrowableCollector.execute(ThrowableCollector.java:73)
	at org.junit.jupiter.engine.descriptor.TestMethodTestDescriptor.prepare(TestMethodTestDescriptor.java:104)
	at org.junit.jupiter.engine.descriptor.TestMethodTestDescriptor.prepare(TestMethodTestDescriptor.java:68)
	at org.junit.platform.engine.support.hierarchical.NodeTestTask.lambda$prepare$2(NodeTestTask.java:128)
	at org.junit.platform.engine.support.hierarchical.ThrowableCollector.execute(ThrowableCollector.java:73)
	at org.junit.platform.engine.support.hierarchical.NodeTestTask.prepare(NodeTestTask.java:128)
	at org.junit.platform.engine.support.hierarchical.NodeTestTask.execute(NodeTestTask.java:95)
	at java.base/java.util.ArrayList.forEach(ArrayList.java:1511)
	at org.junit.platform.engine.support.hierarchical.SameThreadHierarchicalTestExecutorService.invokeAll(SameThreadHierarchicalTestExecutorService.java:41)
	at org.junit.platform.engine.support.hierarchical.NodeTestTask.lambda$executeRecursively$6(NodeTestTask.java:160)
	at org.junit.platform.engine.support.hierarchical.ThrowableCollector.execute(ThrowableCollector.java:73)
	at org.junit.platform.engine.support.hierarchical.NodeTestTask.lambda$executeRecursively$8(NodeTestTask.java:146)
	at org.junit.platform.engine.support.hierarchical.Node.around(Node.java:137)
	at org.junit.platform.engine.support.hierarchical.NodeTestTask.lambda$executeRecursively$9(NodeTestTask.java:144)
	at org.junit.platform.engine.support.hierarchical.ThrowableCollector.execute(ThrowableCollector.java:73)
	at org.junit.platform.engine.support.hierarchical.NodeTestTask.executeRecursively(NodeTestTask.java:143)
	at org.junit.platform.engine.support.hierarchical.NodeTestTask.execute(NodeTestTask.java:100)
	at java.base/java.util.ArrayList.forEach(ArrayList.java:1511)
	at org.junit.platform.engine.support.hierarchical.SameThreadHierarchicalTestExecutorService.invokeAll(SameThreadHierarchicalTestExecutorService.java:41)
	at org.junit.platform.engine.support.hierarchical.NodeTestTask.lambda$executeRecursively$6(NodeTestTask.java:160)
	at org.junit.platform.engine.support.hierarchical.ThrowableCollector.execute(ThrowableCollector.java:73)
	at org.junit.platform.engine.support.hierarchical.NodeTestTask.lambda$executeRecursively$8(NodeTestTask.java:146)
	at org.junit.platform.engine.support.hierarchical.Node.around(Node.java:137)
	at org.junit.platform.engine.support.hierarchical.NodeTestTask.lambda$executeRecursively$9(NodeTestTask.java:144)
	at org.junit.platform.engine.support.hierarchical.ThrowableCollector.execute(ThrowableCollector.java:73)
	at org.junit.platform.engine.support.hierarchical.NodeTestTask.executeRecursively(NodeTestTask.java:143)
	at org.junit.platform.engine.support.hierarchical.NodeTestTask.execute(NodeTestTask.java:100)
	at org.junit.platform.engine.support.hierarchical.SameThreadHierarchicalTestExecutorService.submit(SameThreadHierarchicalTestExecutorService.java:35)
	at org.junit.platform.engine.support.hierarchical.HierarchicalTestExecutor.execute(HierarchicalTestExecutor.java:57)
	at org.junit.platform.engine.support.hierarchical.HierarchicalTestEngine.execute(HierarchicalTestEngine.java:54)
	at org.junit.platform.launcher.core.EngineExecutionOrchestrator.execute(EngineExecutionOrchestrator.java:198)
	at org.junit.platform.launcher.core.EngineExecutionOrchestrator.execute(EngineExecutionOrchestrator.java:169)
	at org.junit.platform.launcher.core.EngineExecutionOrchestrator.execute(EngineExecutionOrchestrator.java:93)
	at org.junit.platform.launcher.core.EngineExecutionOrchestrator.lambda$execute$0(EngineExecutionOrchestrator.java:58)
	at org.junit.platform.launcher.core.EngineExecutionOrchestrator.withInterceptedStreams(EngineExecutionOrchestrator.java:141)
	at org.junit.platform.launcher.core.EngineExecutionOrchestrator.execute(EngineExecutionOrchestrator.java:57)
	at org.junit.platform.launcher.core.DefaultLauncher.execute(DefaultLauncher.java:103)
	at org.junit.platform.launcher.core.DefaultLauncher.execute(DefaultLauncher.java:85)
	at org.junit.platform.launcher.core.DelegatingLauncher.execute(DelegatingLauncher.java:47)
	at org.apache.maven.surefire.junitplatform.LazyLauncher.execute(LazyLauncher.java:56)
	at org.apache.maven.surefire.junitplatform.JUnitPlatformProvider.execute(JUnitPlatformProvider.java:184)
	at org.apache.maven.surefire.junitplatform.JUnitPlatformProvider.invokeAllTests(JUnitPlatformProvider.java:148)
	at org.apache.maven.surefire.junitplatform.JUnitPlatformProvider.invoke(JUnitPlatformProvider.java:122)
	at org.apache.maven.surefire.booter.ForkedBooter.runSuitesInProcess(ForkedBooter.java:385)
	at org.apache.maven.surefire.booter.ForkedBooter.execute(ForkedBooter.java:162)
	at org.apache.maven.surefire.booter.ForkedBooter.run(ForkedBooter.java:507)
	at org.apache.maven.surefire.booter.ForkedBooter.main(ForkedBooter.java:495)
Caused by: java.sql.SQLException: Access denied for user 'root'@'localhost' (using password: YES)
	at com.mysql.cj.jdbc.exceptions.SQLError.createSQLException(SQLError.java:121)
	at com.mysql.cj.jdbc.exceptions.SQLExceptionsMapping.translateException(SQLExceptionsMapping.java:114)
	at com.mysql.cj.jdbc.ConnectionImpl.createNewIO(ConnectionImpl.java:837)
	at com.mysql.cj.jdbc.ConnectionImpl.<init>(ConnectionImpl.java:420)
	at com.mysql.cj.jdbc.ConnectionImpl.getInstance(ConnectionImpl.java:238)
	at com.mysql.cj.jdbc.NonRegisteringDriver.connect(NonRegisteringDriver.java:180)
	at com.zaxxer.hikari.util.DriverDataSource.getConnection(DriverDataSource.java:137)
	at com.zaxxer.hikari.pool.PoolBase.newConnection(PoolBase.java:360)
	at com.zaxxer.hikari.pool.PoolBase.newPoolEntry(PoolBase.java:202)
	at com.zaxxer.hikari.pool.HikariPool.createPoolEntry(HikariPool.java:461)
	at com.zaxxer.hikari.pool.HikariPool.checkFailFast(HikariPool.java:550)
	at com.zaxxer.hikari.pool.HikariPool.<init>(HikariPool.java:98)
	at com.zaxxer.hikari.HikariDataSource.getConnection(HikariDataSource.java:111)
	at org.hibernate.engine.jdbc.connections.internal.DatasourceConnectionProviderImpl.getConnection(DatasourceConnectionProviderImpl.java:126)
	at org.hibernate.engine.jdbc.env.internal.JdbcEnvironmentInitiator$ConnectionProviderJdbcConnectionAccess.obtainConnection(JdbcEnvironmentInitiator.java:467)
	at org.hibernate.resource.transaction.backend.jdbc.internal.JdbcIsolationDelegate.delegateWork(JdbcIsolationDelegate.java:61)
	... 115 common frames omitted
2025-02-03 12:08:28 [main] WARN  org.hibernate.orm.deprecation - HHH90000025: MySQL8Dialect does not need to be specified explicitly using 'hibernate.dialect' (remove the property setting and it will be selected by default)
2025-02-03 12:08:28 [main] DEBUG org.hibernate.orm.dialect - HHH035001: Using dialect: org.hibernate.dialect.MySQL8Dialect, version: 8.0
2025-02-03 12:08:28 [main] WARN  org.hibernate.orm.deprecation - HHH90000026: MySQL8Dialect has been deprecated; use org.hibernate.dialect.MySQLDialect instead
2025-02-03 12:08:28 [main] DEBUG o.h.e.j.e.s.IdentifierHelperBuilder - IdentifierCaseStrategy for both quoted and unquoted identifiers was set to the same strategy [MIXED]; that will likely lead to problems in schema update and validation if using quoted identifiers
2025-02-03 12:08:28 [main] DEBUG org.hibernate.orm.jdbc.lob - HHH10010002: Disabling contextual LOB creation as connection was null
2025-02-03 12:08:28 [main] INFO  o.hibernate.orm.connections.pooling - HHH10001005: Database info:
	Database JDBC URL [Connecting through datasource 'HikariDataSource (null)']
	Database driver: undefined/unknown
	Database version: 8.0
	Autocommit mode: undefined/unknown
	Isolation level: undefined/unknown
	Minimum pool size: undefined/unknown
	Maximum pool size: undefined/unknown
2025-02-03 12:08:28 [main] DEBUG o.h.t.d.sql.spi.DdlTypeRegistry - addDescriptor(12, org.hibernate.type.descriptor.sql.internal.CapacityDependentDdlType@3f2afa8b) replaced previous registration(org.hibernate.type.descriptor.sql.internal.CapacityDependentDdlType@6b2efcae)
2025-02-03 12:08:28 [main] DEBUG o.h.t.d.sql.spi.DdlTypeRegistry - addDescriptor(-9, org.hibernate.type.descriptor.sql.internal.CapacityDependentDdlType@8aa1562) replaced previous registration(org.hibernate.type.descriptor.sql.internal.CapacityDependentDdlType@5c70c771)
2025-02-03 12:08:28 [main] DEBUG o.h.t.d.sql.spi.DdlTypeRegistry - addDescriptor(-3, org.hibernate.type.descriptor.sql.internal.CapacityDependentDdlType@346690d6) replaced previous registration(org.hibernate.type.descriptor.sql.internal.CapacityDependentDdlType@2831c178)
2025-02-03 12:08:28 [main] DEBUG o.h.t.d.sql.spi.DdlTypeRegistry - addDescriptor(4003, org.hibernate.type.descriptor.sql.internal.DdlTypeImpl@70e8c019) replaced previous registration(org.hibernate.type.descriptor.sql.internal.DdlTypeImpl@2a79da3a)
2025-02-03 12:08:28 [main] DEBUG o.h.t.d.sql.spi.DdlTypeRegistry - addDescriptor(4001, org.hibernate.type.descriptor.sql.internal.DdlTypeImpl@2a191f83) replaced previous registration(org.hibernate.type.descriptor.sql.internal.DdlTypeImpl@c8531b9)
2025-02-03 12:08:28 [main] DEBUG o.h.t.d.sql.spi.DdlTypeRegistry - addDescriptor(4002, org.hibernate.type.descriptor.sql.internal.DdlTypeImpl@3adbd038) replaced previous registration(org.hibernate.type.descriptor.sql.internal.DdlTypeImpl@5e976553)
2025-02-03 12:08:28 [main] DEBUG o.h.t.d.sql.spi.DdlTypeRegistry - addDescriptor(2004, org.hibernate.type.descriptor.sql.internal.CapacityDependentDdlType@3c108c05) replaced previous registration(org.hibernate.type.descriptor.sql.internal.DdlTypeImpl@193d7ac7)
2025-02-03 12:08:28 [main] DEBUG o.h.t.d.sql.spi.DdlTypeRegistry - addDescriptor(2005, org.hibernate.type.descriptor.sql.internal.CapacityDependentDdlType@7d0333c8) replaced previous registration(org.hibernate.type.descriptor.sql.internal.DdlTypeImpl@185b7cc6)
2025-02-03 12:08:28 [main] DEBUG o.h.t.d.sql.spi.DdlTypeRegistry - addDescriptor(2011, org.hibernate.type.descriptor.sql.internal.CapacityDependentDdlType@2093bb6c) replaced previous registration(org.hibernate.type.descriptor.sql.internal.DdlTypeImpl@528a16fb)
2025-02-03 12:08:28 [main] DEBUG o.h.t.d.jdbc.spi.JdbcTypeRegistry - addDescriptor(NCharTypeDescriptor) replaced previous registration(CharTypeDescriptor)
2025-02-03 12:08:28 [main] DEBUG o.h.t.d.jdbc.spi.JdbcTypeRegistry - addDescriptor(NVarcharTypeDescriptor) replaced previous registration(VarcharTypeDescriptor)
2025-02-03 12:08:28 [main] DEBUG o.h.t.d.jdbc.spi.JdbcTypeRegistry - addDescriptor(LongNVarcharTypeDescriptor) replaced previous registration(LongVarcharTypeDescriptor)
2025-02-03 12:08:28 [main] DEBUG o.h.t.d.jdbc.spi.JdbcTypeRegistry - addDescriptor(NClobTypeDescriptor(DEFAULT)) replaced previous registration(ClobTypeDescriptor(DEFAULT))
2025-02-03 12:08:28 [main] DEBUG o.hibernate.type.BasicTypeRegistry - Adding type registration null -> org.hibernate.type.NullType@712e4b18
2025-02-03 12:08:28 [main] DEBUG o.hibernate.type.BasicTypeRegistry - Type registration key [null] overrode previous entry : `org.hibernate.type.NullType@2cf88901`
2025-02-03 12:08:28 [main] DEBUG o.hibernate.type.BasicTypeRegistry - Adding type registration org.hibernate.type.DurationType -> basicType@1(java.time.Duration,3015)
2025-02-03 12:08:28 [main] DEBUG o.hibernate.type.BasicTypeRegistry - Adding type registration Duration -> basicType@1(java.time.Duration,3015)
2025-02-03 12:08:28 [main] DEBUG o.hibernate.type.BasicTypeRegistry - Adding type registration java.time.Duration -> basicType@1(java.time.Duration,3015)
2025-02-03 12:08:28 [main] DEBUG o.hibernate.type.BasicTypeRegistry - Adding type registration org.hibernate.type.OffsetDateTimeType -> basicType@2(java.time.OffsetDateTime,3003)
2025-02-03 12:08:28 [main] DEBUG o.hibernate.type.BasicTypeRegistry - Adding type registration OffsetDateTime -> basicType@2(java.time.OffsetDateTime,3003)
2025-02-03 12:08:28 [main] DEBUG o.hibernate.type.BasicTypeRegistry - Adding type registration java.time.OffsetDateTime -> basicType@2(java.time.OffsetDateTime,3003)
2025-02-03 12:08:28 [main] DEBUG o.hibernate.type.BasicTypeRegistry - Adding type registration org.hibernate.type.ZonedDateTimeType -> basicType@3(java.time.ZonedDateTime,3003)
2025-02-03 12:08:28 [main] DEBUG o.hibernate.type.BasicTypeRegistry - Adding type registration ZonedDateTime -> basicType@3(java.time.ZonedDateTime,3003)
2025-02-03 12:08:28 [main] DEBUG o.hibernate.type.BasicTypeRegistry - Adding type registration java.time.ZonedDateTime -> basicType@3(java.time.ZonedDateTime,3003)
2025-02-03 12:08:28 [main] DEBUG o.hibernate.type.BasicTypeRegistry - Adding type registration org.hibernate.type.OffsetTimeType -> basicType@4(java.time.OffsetTime,3007)
2025-02-03 12:08:28 [main] DEBUG o.hibernate.type.BasicTypeRegistry - Adding type registration OffsetTime -> basicType@4(java.time.OffsetTime,3007)
2025-02-03 12:08:28 [main] DEBUG o.hibernate.type.BasicTypeRegistry - Adding type registration java.time.OffsetTime -> basicType@4(java.time.OffsetTime,3007)
2025-02-03 12:08:28 [main] DEBUG o.h.type.spi.TypeConfiguration$Scope - Scoping TypeConfiguration [org.hibernate.type.spi.TypeConfiguration@25a2f432] to MetadataBuildingContext [org.hibernate.boot.internal.MetadataBuildingContextRootImpl@7efba9b9]
2025-02-03 12:08:28 [main] DEBUG o.h.boot.model.relational.Namespace - Created database namespace [logicalName=Name{catalog=null, schema=null}, physicalName=Name{catalog=null, schema=null}]
2025-02-03 12:08:28 [main] DEBUG o.h.boot.model.internal.EntityBinder - Binding entity from annotated class: com.rts.tap.model.Admin
2025-02-03 12:08:28 [main] DEBUG o.h.boot.model.internal.EntityBinder - Import with entity name Admin
2025-02-03 12:08:28 [main] DEBUG o.h.boot.model.internal.EntityBinder - Bind entity com.rts.tap.model.Admin on table admins
2025-02-03 12:08:28 [main] DEBUG o.h.b.model.internal.AnnotatedColumn - Binding column: AnnotatedDiscriminatorColumn(column='DTYPE')
2025-02-03 12:08:28 [main] DEBUG o.h.b.model.internal.AnnotatedColumn - Binding column: AnnotatedColumn(column='admin_id')
2025-02-03 12:08:28 [main] DEBUG o.h.b.internal.ClassLoaderAccessImpl - Not known whether passed class name [com.rts.tap.model.Admin] is safe
2025-02-03 12:08:28 [main] DEBUG o.h.b.internal.ClassLoaderAccessImpl - No temp ClassLoader provided; using live ClassLoader for loading potentially unsafe class : com.rts.tap.model.Admin
2025-02-03 12:08:28 [main] DEBUG o.h.b.model.internal.PropertyBinder - MetadataSourceProcessor property adminId with lazy=false
2025-02-03 12:08:28 [main] DEBUG o.h.b.m.i.AbstractPropertyHolder - Attempting to locate auto-apply AttributeConverter for property [com.rts.tap.model.Admin:adminId]
2025-02-03 12:08:28 [main] DEBUG o.h.b.m.internal.BasicValueBinder - building BasicValue for adminId
2025-02-03 12:08:28 [main] DEBUG org.hibernate.mapping.BasicValue - Skipping column re-registration: admins.admin_id
2025-02-03 12:08:28 [main] DEBUG o.h.b.model.internal.PropertyBinder - Building property adminId
2025-02-03 12:08:28 [main] DEBUG o.h.boot.model.internal.BinderHelper - #makeIdGenerator(BasicValue([Column(admin_id)]), adminId, identity, , ...)
2025-02-03 12:08:28 [main] DEBUG o.h.b.model.internal.AnnotatedColumn - Binding column: AnnotatedColumn(column='admin_email')
2025-02-03 12:08:28 [main] DEBUG o.h.b.model.internal.PropertyBinder - MetadataSourceProcessor property adminEmail with lazy=false
2025-02-03 12:08:28 [main] DEBUG o.h.b.m.i.AbstractPropertyHolder - Attempting to locate auto-apply AttributeConverter for property [com.rts.tap.model.Admin:adminEmail]
2025-02-03 12:08:28 [main] DEBUG o.h.b.m.internal.BasicValueBinder - building BasicValue for adminEmail
2025-02-03 12:08:28 [main] DEBUG org.hibernate.mapping.BasicValue - Skipping column re-registration: admins.admin_email
2025-02-03 12:08:28 [main] DEBUG o.h.b.model.internal.PropertyBinder - Building property adminEmail
2025-02-03 12:08:28 [main] DEBUG o.h.b.model.internal.AnnotatedColumn - Binding column: AnnotatedColumn(column='created_date')
2025-02-03 12:08:28 [main] DEBUG o.h.b.model.internal.PropertyBinder - MetadataSourceProcessor property createdDate with lazy=false
2025-02-03 12:08:28 [main] DEBUG o.h.b.m.i.AbstractPropertyHolder - Attempting to locate auto-apply AttributeConverter for property [com.rts.tap.model.Admin:createdDate]
2025-02-03 12:08:28 [main] DEBUG o.h.b.m.internal.BasicValueBinder - building BasicValue for createdDate
2025-02-03 12:08:28 [main] DEBUG org.hibernate.mapping.BasicValue - Skipping column re-registration: admins.created_date
2025-02-03 12:08:28 [main] DEBUG o.h.b.model.internal.PropertyBinder - Building property createdDate
2025-02-03 12:08:28 [main] DEBUG o.h.b.model.internal.AnnotatedColumn - Binding column: AnnotatedJoinColumn(column='organization_id')
2025-02-03 12:08:28 [main] DEBUG o.h.b.model.internal.AnnotatedColumn - Binding column: AnnotatedColumn()
2025-02-03 12:08:28 [main] DEBUG o.h.b.model.internal.PropertyBinder - Building property organization
2025-02-03 12:08:28 [main] DEBUG o.h.b.model.internal.AnnotatedColumn - Binding column: AnnotatedColumn(column='password_hash')
2025-02-03 12:08:28 [main] DEBUG o.h.b.model.internal.PropertyBinder - MetadataSourceProcessor property passwordHash with lazy=false
2025-02-03 12:08:28 [main] DEBUG o.h.b.m.i.AbstractPropertyHolder - Attempting to locate auto-apply AttributeConverter for property [com.rts.tap.model.Admin:passwordHash]
2025-02-03 12:08:28 [main] DEBUG o.h.b.m.internal.BasicValueBinder - building BasicValue for passwordHash
2025-02-03 12:08:28 [main] DEBUG org.hibernate.mapping.BasicValue - Skipping column re-registration: admins.password_hash
2025-02-03 12:08:28 [main] DEBUG o.h.b.model.internal.PropertyBinder - Building property passwordHash
2025-02-03 12:08:28 [main] DEBUG o.h.b.model.internal.AnnotatedColumn - Binding column: AnnotatedColumn(column='updated_date')
2025-02-03 12:08:28 [main] DEBUG o.h.b.model.internal.PropertyBinder - MetadataSourceProcessor property updatedDate with lazy=false
2025-02-03 12:08:28 [main] DEBUG o.h.b.m.i.AbstractPropertyHolder - Attempting to locate auto-apply AttributeConverter for property [com.rts.tap.model.Admin:updatedDate]
2025-02-03 12:08:28 [main] DEBUG o.h.b.m.internal.BasicValueBinder - building BasicValue for updatedDate
2025-02-03 12:08:28 [main] DEBUG org.hibernate.mapping.BasicValue - Skipping column re-registration: admins.updated_date
2025-02-03 12:08:28 [main] DEBUG o.h.b.model.internal.PropertyBinder - Building property updatedDate
2025-02-03 12:08:28 [main] DEBUG o.h.b.model.internal.AnnotatedColumn - Binding column: AnnotatedColumn(column='username')
2025-02-03 12:08:28 [main] DEBUG o.h.b.model.internal.PropertyBinder - MetadataSourceProcessor property username with lazy=false
2025-02-03 12:08:28 [main] DEBUG o.h.b.m.i.AbstractPropertyHolder - Attempting to locate auto-apply AttributeConverter for property [com.rts.tap.model.Admin:username]
2025-02-03 12:08:28 [main] DEBUG o.h.b.m.internal.BasicValueBinder - building BasicValue for username
2025-02-03 12:08:28 [main] DEBUG org.hibernate.mapping.BasicValue - Skipping column re-registration: admins.username
2025-02-03 12:08:28 [main] DEBUG o.h.b.model.internal.PropertyBinder - Building property username
2025-02-03 12:08:28 [main] DEBUG o.h.b.r.c.i.ClassLoaderServiceImpl - HHH000194: Package not found or no package-info.java: com.rts.tap.model
2025-02-03 12:08:28 [main] DEBUG o.h.boot.model.internal.EntityBinder - Binding entity from annotated class: com.rts.tap.model.ApproverLevel
2025-02-03 12:08:28 [main] DEBUG o.h.boot.model.internal.EntityBinder - Import with entity name ApproverLevel
2025-02-03 12:08:28 [main] DEBUG o.h.boot.model.internal.EntityBinder - Bind entity com.rts.tap.model.ApproverLevel on table approver_level
2025-02-03 12:08:28 [main] DEBUG o.h.b.model.internal.AnnotatedColumn - Binding column: AnnotatedDiscriminatorColumn(column='DTYPE')
2025-02-03 12:08:28 [main] DEBUG o.h.b.model.internal.AnnotatedColumn - Binding column: AnnotatedColumn()
2025-02-03 12:08:28 [main] DEBUG o.h.b.internal.ClassLoaderAccessImpl - Not known whether passed class name [com.rts.tap.model.ApproverLevel] is safe
2025-02-03 12:08:28 [main] DEBUG o.h.b.internal.ClassLoaderAccessImpl - No temp ClassLoader provided; using live ClassLoader for loading potentially unsafe class : com.rts.tap.model.ApproverLevel
2025-02-03 12:08:28 [main] DEBUG o.h.b.model.internal.PropertyBinder - MetadataSourceProcessor property approverId with lazy=false
2025-02-03 12:08:28 [main] DEBUG o.h.b.m.i.AbstractPropertyHolder - Attempting to locate auto-apply AttributeConverter for property [com.rts.tap.model.ApproverLevel:approverId]
2025-02-03 12:08:28 [main] DEBUG o.h.b.m.internal.BasicValueBinder - building BasicValue for approverId
2025-02-03 12:08:28 [main] DEBUG org.hibernate.mapping.BasicValue - Skipping column re-registration: approver_level.approver_id
2025-02-03 12:08:28 [main] DEBUG o.h.b.model.internal.PropertyBinder - Building property approverId
2025-02-03 12:08:28 [main] DEBUG o.h.boot.model.internal.BinderHelper - #makeIdGenerator(BasicValue([Column(approver_id)]), approverId, identity, , ...)
2025-02-03 12:08:28 [main] DEBUG o.h.b.model.internal.AnnotatedColumn - Binding column: AnnotatedJoinColumn(column='employeeId')
2025-02-03 12:08:28 [main] DEBUG o.h.b.model.internal.AnnotatedColumn - Binding column: AnnotatedColumn()
2025-02-03 12:08:28 [main] DEBUG o.h.b.model.internal.PropertyBinder - Building property employee
2025-02-03 12:08:28 [main] DEBUG o.h.b.model.internal.AnnotatedColumn - Binding column: AnnotatedColumn()
2025-02-03 12:08:28 [main] DEBUG o.h.b.model.internal.PropertyBinder - MetadataSourceProcessor property level with lazy=false
2025-02-03 12:08:28 [main] DEBUG o.h.b.m.i.AbstractPropertyHolder - Attempting to locate auto-apply AttributeConverter for property [com.rts.tap.model.ApproverLevel:level]
2025-02-03 12:08:28 [main] DEBUG o.h.b.m.internal.BasicValueBinder - building BasicValue for level
2025-02-03 12:08:28 [main] DEBUG org.hibernate.mapping.BasicValue - Skipping column re-registration: approver_level.level
2025-02-03 12:08:28 [main] DEBUG o.h.b.model.internal.PropertyBinder - Building property level
2025-02-03 12:08:28 [main] DEBUG o.h.b.model.internal.AnnotatedColumn - Binding column: AnnotatedJoinColumn(column='mrfId')
2025-02-03 12:08:28 [main] DEBUG o.h.b.model.internal.AnnotatedColumn - Binding column: AnnotatedColumn()
2025-02-03 12:08:28 [main] DEBUG o.h.b.model.internal.PropertyBinder - Building property mrf
2025-02-03 12:08:28 [main] DEBUG o.h.b.r.c.i.ClassLoaderServiceImpl - HHH000194: Package not found or no package-info.java: com.rts.tap.model
2025-02-03 12:08:28 [main] DEBUG o.h.boot.model.internal.EntityBinder - Binding entity from annotated class: com.rts.tap.model.Assessment
2025-02-03 12:08:28 [main] DEBUG o.h.boot.model.internal.EntityBinder - Import with entity name Assessment
2025-02-03 12:08:28 [main] DEBUG o.h.boot.model.internal.EntityBinder - Bind entity com.rts.tap.model.Assessment on table assessment
2025-02-03 12:08:28 [main] DEBUG o.h.b.model.internal.AnnotatedColumn - Binding column: AnnotatedDiscriminatorColumn(column='DTYPE')
2025-02-03 12:08:28 [main] DEBUG o.h.b.model.internal.AnnotatedColumn - Binding column: AnnotatedColumn()
2025-02-03 12:08:28 [main] DEBUG o.h.b.internal.ClassLoaderAccessImpl - Not known whether passed class name [com.rts.tap.model.Assessment] is safe
2025-02-03 12:08:28 [main] DEBUG o.h.b.internal.ClassLoaderAccessImpl - No temp ClassLoader provided; using live ClassLoader for loading potentially unsafe class : com.rts.tap.model.Assessment
2025-02-03 12:08:28 [main] DEBUG o.h.b.model.internal.PropertyBinder - MetadataSourceProcessor property assessmentId with lazy=false
2025-02-03 12:08:28 [main] DEBUG o.h.b.m.i.AbstractPropertyHolder - Attempting to locate auto-apply AttributeConverter for property [com.rts.tap.model.Assessment:assessmentId]
2025-02-03 12:08:28 [main] DEBUG o.h.b.m.internal.BasicValueBinder - building BasicValue for assessmentId
2025-02-03 12:08:28 [main] DEBUG org.hibernate.mapping.BasicValue - Skipping column re-registration: assessment.assessment_id
2025-02-03 12:08:28 [main] DEBUG o.h.b.model.internal.PropertyBinder - Building property assessmentId
2025-02-03 12:08:28 [main] DEBUG o.h.boot.model.internal.BinderHelper - #makeIdGenerator(BasicValue([Column(assessment_id)]), assessmentId, identity, , ...)
2025-02-03 12:08:28 [main] DEBUG o.h.b.model.internal.AnnotatedColumn - Binding column: AnnotatedColumn()
2025-02-03 12:08:28 [main] DEBUG o.h.b.model.internal.PropertyBinder - MetadataSourceProcessor property assessmentEndDate with lazy=false
2025-02-03 12:08:28 [main] DEBUG o.h.b.m.i.AbstractPropertyHolder - Attempting to locate auto-apply AttributeConverter for property [com.rts.tap.model.Assessment:assessmentEndDate]
2025-02-03 12:08:28 [main] DEBUG o.h.b.m.internal.BasicValueBinder - building BasicValue for assessmentEndDate
2025-02-03 12:08:28 [main] DEBUG org.hibernate.mapping.BasicValue - Skipping column re-registration: assessment.assessment_end_date
2025-02-03 12:08:28 [main] DEBUG o.h.b.model.internal.PropertyBinder - Building property assessmentEndDate
2025-02-03 12:08:28 [main] DEBUG o.h.b.model.internal.AnnotatedColumn - Binding column: AnnotatedColumn()
2025-02-03 12:08:28 [main] DEBUG o.h.b.model.internal.PropertyBinder - MetadataSourceProcessor property assessmentEndTime with lazy=false
2025-02-03 12:08:28 [main] DEBUG o.h.b.m.i.AbstractPropertyHolder - Attempting to locate auto-apply AttributeConverter for property [com.rts.tap.model.Assessment:assessmentEndTime]
2025-02-03 12:08:28 [main] DEBUG o.h.b.m.internal.BasicValueBinder - building BasicValue for assessmentEndTime
2025-02-03 12:08:28 [main] DEBUG org.hibernate.mapping.BasicValue - Skipping column re-registration: assessment.assessment_end_time
2025-02-03 12:08:28 [main] DEBUG o.h.b.model.internal.PropertyBinder - Building property assessmentEndTime
2025-02-03 12:08:28 [main] DEBUG o.h.b.model.internal.AnnotatedColumn - Binding column: AnnotatedColumn()
2025-02-03 12:08:28 [main] DEBUG o.h.b.model.internal.PropertyBinder - MetadataSourceProcessor property assessmentLink with lazy=false
2025-02-03 12:08:28 [main] DEBUG o.h.b.m.i.AbstractPropertyHolder - Attempting to locate auto-apply AttributeConverter for property [com.rts.tap.model.Assessment:assessmentLink]
2025-02-03 12:08:28 [main] DEBUG o.h.b.m.internal.BasicValueBinder - building BasicValue for assessmentLink
2025-02-03 12:08:28 [main] DEBUG org.hibernate.mapping.BasicValue - Skipping column re-registration: assessment.assessment_link
2025-02-03 12:08:28 [main] DEBUG o.h.b.model.internal.PropertyBinder - Building property assessmentLink
2025-02-03 12:08:28 [main] DEBUG o.h.b.model.internal.AnnotatedColumn - Binding column: AnnotatedColumn()
2025-02-03 12:08:28 [main] DEBUG o.h.b.model.internal.PropertyBinder - MetadataSourceProcessor property assessmentName with lazy=false
2025-02-03 12:08:28 [main] DEBUG o.h.b.m.i.AbstractPropertyHolder - Attempting to locate auto-apply AttributeConverter for property [com.rts.tap.model.Assessment:assessmentName]
2025-02-03 12:08:28 [main] DEBUG o.h.b.m.internal.BasicValueBinder - building BasicValue for assessmentName
2025-02-03 12:08:28 [main] DEBUG org.hibernate.mapping.BasicValue - Skipping column re-registration: assessment.assessment_name
2025-02-03 12:08:28 [main] DEBUG o.h.b.model.internal.PropertyBinder - Building property assessmentName
2025-02-03 12:08:28 [main] DEBUG o.h.b.model.internal.AnnotatedColumn - Binding column: AnnotatedColumn()
2025-02-03 12:08:28 [main] DEBUG o.h.b.model.internal.PropertyBinder - MetadataSourceProcessor property assessmentStartDate with lazy=false
2025-02-03 12:08:28 [main] DEBUG o.h.b.m.i.AbstractPropertyHolder - Attempting to locate auto-apply AttributeConverter for property [com.rts.tap.model.Assessment:assessmentStartDate]
2025-02-03 12:08:28 [main] DEBUG o.h.b.m.internal.BasicValueBinder - building BasicValue for assessmentStartDate
2025-02-03 12:08:28 [main] DEBUG org.hibernate.mapping.BasicValue - Skipping column re-registration: assessment.assessment_start_date
2025-02-03 12:08:28 [main] DEBUG o.h.b.model.internal.PropertyBinder - Building property assessmentStartDate
2025-02-03 12:08:28 [main] DEBUG o.h.b.model.internal.AnnotatedColumn - Binding column: AnnotatedColumn()
2025-02-03 12:08:28 [main] DEBUG o.h.b.model.internal.PropertyBinder - MetadataSourceProcessor property assessmentStartTime with lazy=false
2025-02-03 12:08:28 [main] DEBUG o.h.b.m.i.AbstractPropertyHolder - Attempting to locate auto-apply AttributeConverter for property [com.rts.tap.model.Assessment:assessmentStartTime]
2025-02-03 12:08:28 [main] DEBUG o.h.b.m.internal.BasicValueBinder - building BasicValue for assessmentStartTime
2025-02-03 12:08:28 [main] DEBUG org.hibernate.mapping.BasicValue - Skipping column re-registration: assessment.assessment_start_time
2025-02-03 12:08:28 [main] DEBUG o.h.b.model.internal.PropertyBinder - Building property assessmentStartTime
2025-02-03 12:08:28 [main] DEBUG o.h.b.model.internal.AnnotatedColumn - Binding column: AnnotatedColumn()
2025-02-03 12:08:28 [main] DEBUG o.h.b.model.internal.PropertyBinder - MetadataSourceProcessor property assessmentType with lazy=false
2025-02-03 12:08:28 [main] DEBUG o.h.b.m.i.AbstractPropertyHolder - Attempting to locate auto-apply AttributeConverter for property [com.rts.tap.model.Assessment:assessmentType]
2025-02-03 12:08:28 [main] DEBUG o.h.b.m.internal.BasicValueBinder - building BasicValue for assessmentType
2025-02-03 12:08:28 [main] DEBUG org.hibernate.mapping.BasicValue - Skipping column re-registration: assessment.assessment_type
2025-02-03 12:08:28 [main] DEBUG o.h.b.model.internal.PropertyBinder - Building property assessmentType
2025-02-03 12:08:28 [main] DEBUG o.h.b.model.internal.AnnotatedColumn - Binding column: AnnotatedJoinColumn()
2025-02-03 12:08:28 [main] DEBUG o.h.b.model.internal.AnnotatedColumn - Binding column: AnnotatedColumn()
2025-02-03 12:08:28 [main] DEBUG o.h.b.model.internal.PropertyBinder - Building property recruitmentProcess
2025-02-03 12:08:28 [main] DEBUG o.h.b.r.c.i.ClassLoaderServiceImpl - HHH000194: Package not found or no package-info.java: com.rts.tap.model
2025-02-03 12:08:28 [main] DEBUG o.h.boot.model.internal.EntityBinder - Binding entity from annotated class: com.rts.tap.model.BasicJobTable
2025-02-03 12:08:28 [main] DEBUG o.h.boot.model.internal.EntityBinder - Import with entity name BasicJobTable
2025-02-03 12:08:28 [main] DEBUG o.h.boot.model.internal.EntityBinder - Bind entity com.rts.tap.model.BasicJobTable on table basic_job_table
2025-02-03 12:08:28 [main] DEBUG o.h.b.model.internal.AnnotatedColumn - Binding column: AnnotatedDiscriminatorColumn(column='DTYPE')
2025-02-03 12:08:28 [main] DEBUG o.h.b.model.internal.AnnotatedColumn - Binding column: AnnotatedColumn()
2025-02-03 12:08:28 [main] DEBUG o.h.b.internal.ClassLoaderAccessImpl - Not known whether passed class name [com.rts.tap.model.BasicJobTable] is safe
2025-02-03 12:08:28 [main] DEBUG o.h.b.internal.ClassLoaderAccessImpl - No temp ClassLoader provided; using live ClassLoader for loading potentially unsafe class : com.rts.tap.model.BasicJobTable
2025-02-03 12:08:28 [main] DEBUG o.h.b.model.internal.PropertyBinder - MetadataSourceProcessor property basicJobTableId with lazy=false
2025-02-03 12:08:28 [main] DEBUG o.h.b.m.i.AbstractPropertyHolder - Attempting to locate auto-apply AttributeConverter for property [com.rts.tap.model.BasicJobTable:basicJobTableId]
2025-02-03 12:08:28 [main] DEBUG o.h.b.m.internal.BasicValueBinder - building BasicValue for basicJobTableId
2025-02-03 12:08:28 [main] DEBUG org.hibernate.mapping.BasicValue - Skipping column re-registration: basic_job_table.basic_job_table_id
2025-02-03 12:08:28 [main] DEBUG o.h.b.model.internal.PropertyBinder - Building property basicJobTableId
2025-02-03 12:08:28 [main] DEBUG o.h.boot.model.internal.BinderHelper - #makeIdGenerator(BasicValue([Column(basic_job_table_id)]), basicJobTableId, identity, , ...)
2025-02-03 12:08:28 [main] DEBUG o.h.b.model.internal.AnnotatedColumn - Binding column: AnnotatedColumn()
2025-02-03 12:08:28 [main] DEBUG o.h.b.model.internal.PropertyBinder - MetadataSourceProcessor property Role with lazy=false
2025-02-03 12:08:28 [main] DEBUG o.h.b.m.i.AbstractPropertyHolder - Attempting to locate auto-apply AttributeConverter for property [com.rts.tap.model.BasicJobTable:Role]
2025-02-03 12:08:28 [main] DEBUG o.h.b.m.internal.BasicValueBinder - building BasicValue for Role
2025-02-03 12:08:28 [main] DEBUG org.hibernate.mapping.BasicValue - Skipping column re-registration: basic_job_table.role
2025-02-03 12:08:28 [main] DEBUG o.h.b.model.internal.PropertyBinder - Building property Role
2025-02-03 12:08:28 [main] DEBUG o.h.b.model.internal.AnnotatedColumn - Binding column: AnnotatedColumn()
2025-02-03 12:08:28 [main] DEBUG o.h.b.model.internal.PropertyBinder - MetadataSourceProcessor property experience with lazy=false
2025-02-03 12:08:28 [main] DEBUG o.h.b.m.i.AbstractPropertyHolder - Attempting to locate auto-apply AttributeConverter for property [com.rts.tap.model.BasicJobTable:experience]
2025-02-03 12:08:28 [main] DEBUG o.h.b.m.internal.BasicValueBinder - building BasicValue for experience
2025-02-03 12:08:28 [main] DEBUG org.hibernate.mapping.BasicValue - Skipping column re-registration: basic_job_table.experience
2025-02-03 12:08:28 [main] DEBUG o.h.b.model.internal.PropertyBinder - Building property experience
2025-02-03 12:08:28 [main] DEBUG o.h.b.model.internal.AnnotatedColumn - Binding column: AnnotatedColumn()
2025-02-03 12:08:28 [main] DEBUG o.h.b.model.internal.PropertyBinder - MetadataSourceProcessor property jobDescription with lazy=false
2025-02-03 12:08:28 [main] DEBUG o.h.b.m.i.AbstractPropertyHolder - Attempting to locate auto-apply AttributeConverter for property [com.rts.tap.model.BasicJobTable:jobDescription]
2025-02-03 12:08:28 [main] DEBUG o.h.b.m.internal.BasicValueBinder - building BasicValue for jobDescription
2025-02-03 12:08:28 [main] DEBUG org.hibernate.mapping.BasicValue - Skipping column re-registration: basic_job_table.job_description
2025-02-03 12:08:28 [main] DEBUG o.h.b.model.internal.PropertyBinder - Building property jobDescription
2025-02-03 12:08:28 [main] DEBUG o.h.b.model.internal.AnnotatedColumn - Binding column: AnnotatedColumn()
2025-02-03 12:08:28 [main] DEBUG o.h.b.model.internal.PropertyBinder - MetadataSourceProcessor property jobPackage with lazy=false
2025-02-03 12:08:28 [main] DEBUG o.h.b.m.i.AbstractPropertyHolder - Attempting to locate auto-apply AttributeConverter for property [com.rts.tap.model.BasicJobTable:jobPackage]
2025-02-03 12:08:28 [main] DEBUG o.h.b.m.internal.BasicValueBinder - building BasicValue for jobPackage
2025-02-03 12:08:28 [main] DEBUG org.hibernate.mapping.BasicValue - Skipping column re-registration: basic_job_table.job_package
2025-02-03 12:08:28 [main] DEBUG o.h.b.model.internal.PropertyBinder - Building property jobPackage
2025-02-03 12:08:28 [main] DEBUG o.h.b.model.internal.AnnotatedColumn - Binding column: AnnotatedColumn()
2025-02-03 12:08:28 [main] DEBUG o.h.b.model.internal.PropertyBinder - MetadataSourceProcessor property jobTitle with lazy=false
2025-02-03 12:08:28 [main] DEBUG o.h.b.m.i.AbstractPropertyHolder - Attempting to locate auto-apply AttributeConverter for property [com.rts.tap.model.BasicJobTable:jobTitle]
2025-02-03 12:08:28 [main] DEBUG o.h.b.m.internal.BasicValueBinder - building BasicValue for jobTitle
2025-02-03 12:08:28 [main] DEBUG org.hibernate.mapping.BasicValue - Skipping column re-registration: basic_job_table.job_title
2025-02-03 12:08:28 [main] DEBUG o.h.b.model.internal.PropertyBinder - Building property jobTitle
2025-02-03 12:08:28 [main] DEBUG o.h.b.r.c.i.ClassLoaderServiceImpl - HHH000194: Package not found or no package-info.java: com.rts.tap.model
2025-02-03 12:08:28 [main] DEBUG o.h.boot.model.internal.EntityBinder - Binding entity from annotated class: com.rts.tap.model.Budget
2025-02-03 12:08:28 [main] DEBUG o.h.boot.model.internal.EntityBinder - Import with entity name Budget
2025-02-03 12:08:28 [main] DEBUG o.h.boot.model.internal.EntityBinder - Bind entity com.rts.tap.model.Budget on table budget
2025-02-03 12:08:28 [main] DEBUG o.h.b.model.internal.AnnotatedColumn - Binding column: AnnotatedDiscriminatorColumn(column='DTYPE')
2025-02-03 12:08:28 [main] DEBUG o.h.b.model.internal.AnnotatedColumn - Binding column: AnnotatedColumn()
2025-02-03 12:08:28 [main] DEBUG o.h.b.internal.ClassLoaderAccessImpl - Not known whether passed class name [com.rts.tap.model.Budget] is safe
2025-02-03 12:08:28 [main] DEBUG o.h.b.internal.ClassLoaderAccessImpl - No temp ClassLoader provided; using live ClassLoader for loading potentially unsafe class : com.rts.tap.model.Budget
2025-02-03 12:08:28 [main] DEBUG o.h.b.model.internal.PropertyBinder - MetadataSourceProcessor property budgetId with lazy=false
2025-02-03 12:08:28 [main] DEBUG o.h.b.m.i.AbstractPropertyHolder - Attempting to locate auto-apply AttributeConverter for property [com.rts.tap.model.Budget:budgetId]
2025-02-03 12:08:28 [main] DEBUG o.h.b.m.internal.BasicValueBinder - building BasicValue for budgetId
2025-02-03 12:08:28 [main] DEBUG org.hibernate.mapping.BasicValue - Skipping column re-registration: budget.budget_id
2025-02-03 12:08:28 [main] DEBUG o.h.b.model.internal.PropertyBinder - Building property budgetId
2025-02-03 12:08:28 [main] DEBUG o.h.boot.model.internal.BinderHelper - #makeIdGenerator(BasicValue([Column(budget_id)]), budgetId, identity, , ...)
2025-02-03 12:08:28 [main] DEBUG o.h.b.model.internal.AnnotatedColumn - Binding column: AnnotatedColumn()
2025-02-03 12:08:28 [main] DEBUG o.h.b.model.internal.PropertyBinder - MetadataSourceProcessor property analyzedMaximumCTC with lazy=false
2025-02-03 12:08:28 [main] DEBUG o.h.b.m.i.AbstractPropertyHolder - Attempting to locate auto-apply AttributeConverter for property [com.rts.tap.model.Budget:analyzedMaximumCTC]
2025-02-03 12:08:28 [main] DEBUG o.h.b.m.internal.BasicValueBinder - building BasicValue for analyzedMaximumCTC
2025-02-03 12:08:28 [main] DEBUG org.hibernate.mapping.BasicValue - Skipping column re-registration: budget.analyzed_maximumctc
2025-02-03 12:08:28 [main] DEBUG o.h.b.model.internal.PropertyBinder - Building property analyzedMaximumCTC
2025-02-03 12:08:28 [main] DEBUG o.h.b.model.internal.AnnotatedColumn - Binding column: AnnotatedColumn()
2025-02-03 12:08:28 [main] DEBUG o.h.b.model.internal.PropertyBinder - MetadataSourceProcessor property analyzedMinimumCTC with lazy=false
2025-02-03 12:08:28 [main] DEBUG o.h.b.m.i.AbstractPropertyHolder - Attempting to locate auto-apply AttributeConverter for property [com.rts.tap.model.Budget:analyzedMinimumCTC]
2025-02-03 12:08:28 [main] DEBUG o.h.b.m.internal.BasicValueBinder - building BasicValue for analyzedMinimumCTC
2025-02-03 12:08:28 [main] DEBUG org.hibernate.mapping.BasicValue - Skipping column re-registration: budget.analyzed_minimumctc
2025-02-03 12:08:28 [main] DEBUG o.h.b.model.internal.PropertyBinder - Building property analyzedMinimumCTC
2025-02-03 12:08:28 [main] DEBUG o.h.b.model.internal.AnnotatedColumn - Binding column: AnnotatedColumn()
2025-02-03 12:08:28 [main] DEBUG o.h.b.model.internal.PropertyBinder - MetadataSourceProcessor property budgetForResource with lazy=false
2025-02-03 12:08:28 [main] DEBUG o.h.b.m.i.AbstractPropertyHolder - Attempting to locate auto-apply AttributeConverter for property [com.rts.tap.model.Budget:budgetForResource]
2025-02-03 12:08:28 [main] DEBUG o.h.b.m.internal.BasicValueBinder - building BasicValue for budgetForResource
2025-02-03 12:08:28 [main] DEBUG org.hibernate.mapping.BasicValue - Skipping column re-registration: budget.budget_for_resource
2025-02-03 12:08:28 [main] DEBUG o.h.b.model.internal.PropertyBinder - Building property budgetForResource
2025-02-03 12:08:28 [main] DEBUG o.h.b.model.internal.AnnotatedColumn - Binding column: AnnotatedColumn()
2025-02-03 12:08:28 [main] DEBUG o.h.b.model.internal.PropertyBinder - MetadataSourceProcessor property isNegotiable with lazy=false
2025-02-03 12:08:28 [main] DEBUG o.h.b.m.i.AbstractPropertyHolder - Attempting to locate auto-apply AttributeConverter for property [com.rts.tap.model.Budget:isNegotiable]
2025-02-03 12:08:28 [main] DEBUG o.h.b.m.internal.BasicValueBinder - building BasicValue for isNegotiable
2025-02-03 12:08:28 [main] DEBUG org.hibernate.mapping.BasicValue - Skipping column re-registration: budget.is_negotiable
2025-02-03 12:08:28 [main] DEBUG o.h.b.model.internal.PropertyBinder - Building property isNegotiable
2025-02-03 12:08:28 [main] DEBUG o.h.b.model.internal.AnnotatedColumn - Binding column: AnnotatedJoinColumn(column='requirementId')
2025-02-03 12:08:28 [main] DEBUG o.h.b.model.internal.AnnotatedColumn - Binding column: AnnotatedColumn()
2025-02-03 12:08:28 [main] DEBUG o.h.b.model.internal.PropertyBinder - Building property requirement
2025-02-03 12:08:28 [main] DEBUG o.h.b.model.internal.AnnotatedColumn - Binding column: AnnotatedJoinColumn(column='subRequirementId')
2025-02-03 12:08:28 [main] DEBUG o.h.b.model.internal.AnnotatedColumn - Binding column: AnnotatedColumn()
2025-02-03 12:08:28 [main] DEBUG o.h.b.model.internal.PropertyBinder - Building property subRequirementId
2025-02-03 12:08:28 [main] DEBUG o.h.b.model.internal.AnnotatedColumn - Binding column: AnnotatedColumn()
2025-02-03 12:08:28 [main] DEBUG o.h.b.model.internal.PropertyBinder - MetadataSourceProcessor property yearsOfExperience with lazy=false
2025-02-03 12:08:28 [main] DEBUG o.h.b.m.i.AbstractPropertyHolder - Attempting to locate auto-apply AttributeConverter for property [com.rts.tap.model.Budget:yearsOfExperience]
2025-02-03 12:08:28 [main] DEBUG o.h.b.m.internal.BasicValueBinder - building BasicValue for yearsOfExperience
2025-02-03 12:08:28 [main] DEBUG org.hibernate.mapping.BasicValue - Skipping column re-registration: budget.years_of_experience
2025-02-03 12:08:28 [main] DEBUG o.h.b.model.internal.PropertyBinder - Building property yearsOfExperience
2025-02-03 12:08:28 [main] DEBUG o.h.b.r.c.i.ClassLoaderServiceImpl - HHH000194: Package not found or no package-info.java: com.rts.tap.model
2025-02-03 12:08:28 [main] DEBUG o.h.boot.model.internal.EntityBinder - Binding entity from annotated class: com.rts.tap.model.BusinessUnit
2025-02-03 12:08:28 [main] DEBUG o.h.boot.model.internal.EntityBinder - Import with entity name BusinessUnit
2025-02-03 12:08:28 [main] DEBUG o.h.boot.model.internal.EntityBinder - Bind entity com.rts.tap.model.BusinessUnit on table business_units
2025-02-03 12:08:28 [main] DEBUG o.h.b.model.internal.AnnotatedColumn - Binding column: AnnotatedDiscriminatorColumn(column='DTYPE')
2025-02-03 12:08:28 [main] DEBUG o.h.b.model.internal.AnnotatedColumn - Binding column: AnnotatedColumn(column='businessunit_id')
2025-02-03 12:08:28 [main] DEBUG o.h.b.internal.ClassLoaderAccessImpl - Not known whether passed class name [com.rts.tap.model.BusinessUnit] is safe
2025-02-03 12:08:28 [main] DEBUG o.h.b.internal.ClassLoaderAccessImpl - No temp ClassLoader provided; using live ClassLoader for loading potentially unsafe class : com.rts.tap.model.BusinessUnit
2025-02-03 12:08:28 [main] DEBUG o.h.b.model.internal.PropertyBinder - MetadataSourceProcessor property businessunitId with lazy=false
2025-02-03 12:08:28 [main] DEBUG o.h.b.m.i.AbstractPropertyHolder - Attempting to locate auto-apply AttributeConverter for property [com.rts.tap.model.BusinessUnit:businessunitId]
2025-02-03 12:08:28 [main] DEBUG o.h.b.m.internal.BasicValueBinder - building BasicValue for businessunitId
2025-02-03 12:08:28 [main] DEBUG org.hibernate.mapping.BasicValue - Skipping column re-registration: business_units.businessunit_id
2025-02-03 12:08:28 [main] DEBUG o.h.b.model.internal.PropertyBinder - Building property businessunitId
2025-02-03 12:08:28 [main] DEBUG o.h.boot.model.internal.BinderHelper - #makeIdGenerator(BasicValue([Column(businessunit_id)]), businessunitId, identity, , ...)
2025-02-03 12:08:28 [main] DEBUG o.h.b.model.internal.AnnotatedColumn - Binding column: AnnotatedColumn(column='business_unit_location')
2025-02-03 12:08:28 [main] DEBUG o.h.b.model.internal.PropertyBinder - MetadataSourceProcessor property businessUnitLocation with lazy=false
2025-02-03 12:08:28 [main] DEBUG o.h.b.m.i.AbstractPropertyHolder - Attempting to locate auto-apply AttributeConverter for property [com.rts.tap.model.BusinessUnit:businessUnitLocation]
2025-02-03 12:08:28 [main] DEBUG o.h.b.m.internal.BasicValueBinder - building BasicValue for businessUnitLocation
2025-02-03 12:08:28 [main] DEBUG org.hibernate.mapping.BasicValue - Skipping column re-registration: business_units.business_unit_location
2025-02-03 12:08:28 [main] DEBUG o.h.b.model.internal.PropertyBinder - Building property businessUnitLocation
2025-02-03 12:08:28 [main] DEBUG o.h.b.model.internal.AnnotatedColumn - Binding column: AnnotatedColumn(column='business_unit_name')
2025-02-03 12:08:28 [main] DEBUG o.h.b.model.internal.PropertyBinder - MetadataSourceProcessor property businessUnitName with lazy=false
2025-02-03 12:08:28 [main] DEBUG o.h.b.m.i.AbstractPropertyHolder - Attempting to locate auto-apply AttributeConverter for property [com.rts.tap.model.BusinessUnit:businessUnitName]
2025-02-03 12:08:28 [main] DEBUG o.h.b.m.internal.BasicValueBinder - building BasicValue for businessUnitName
2025-02-03 12:08:28 [main] DEBUG org.hibernate.mapping.BasicValue - Skipping column re-registration: business_units.business_unit_name
2025-02-03 12:08:28 [main] DEBUG o.h.b.model.internal.PropertyBinder - Building property businessUnitName
2025-02-03 12:08:28 [main] DEBUG o.h.b.model.internal.AnnotatedColumn - Binding column: AnnotatedColumn(column='created_date')
2025-02-03 12:08:28 [main] DEBUG o.h.b.model.internal.PropertyBinder - MetadataSourceProcessor property createdDate with lazy=false
2025-02-03 12:08:28 [main] DEBUG o.h.b.m.i.AbstractPropertyHolder - Attempting to locate auto-apply AttributeConverter for property [com.rts.tap.model.BusinessUnit:createdDate]
2025-02-03 12:08:28 [main] DEBUG o.h.b.m.internal.BasicValueBinder - building BasicValue for createdDate
2025-02-03 12:08:28 [main] DEBUG org.hibernate.mapping.BasicValue - Skipping column re-registration: business_units.created_date
2025-02-03 12:08:28 [main] DEBUG o.h.b.model.internal.PropertyBinder - Building property createdDate
2025-02-03 12:08:28 [main] DEBUG o.h.b.model.internal.AnnotatedColumn - Binding column: AnnotatedColumn(column='description')
2025-02-03 12:08:28 [main] DEBUG o.h.b.model.internal.PropertyBinder - MetadataSourceProcessor property description with lazy=false
2025-02-03 12:08:28 [main] DEBUG o.h.b.m.i.AbstractPropertyHolder - Attempting to locate auto-apply AttributeConverter for property [com.rts.tap.model.BusinessUnit:description]
2025-02-03 12:08:28 [main] DEBUG o.h.b.m.internal.BasicValueBinder - building BasicValue for description
2025-02-03 12:08:28 [main] DEBUG org.hibernate.mapping.BasicValue - Skipping column re-registration: business_units.description
2025-02-03 12:08:28 [main] DEBUG o.h.b.model.internal.PropertyBinder - Building property description
2025-02-03 12:08:28 [main] DEBUG o.h.b.model.internal.AnnotatedColumn - Binding column: AnnotatedJoinColumn(column='organization_id')
2025-02-03 12:08:28 [main] DEBUG o.h.b.model.internal.AnnotatedColumn - Binding column: AnnotatedColumn()
2025-02-03 12:08:28 [main] DEBUG o.h.b.model.internal.PropertyBinder - Building property organization
2025-02-03 12:08:28 [main] DEBUG o.h.b.model.internal.AnnotatedColumn - Binding column: AnnotatedColumn(column='updated_date')
2025-02-03 12:08:28 [main] DEBUG o.h.b.model.internal.PropertyBinder - MetadataSourceProcessor property updatedDate with lazy=false
2025-02-03 12:08:28 [main] DEBUG o.h.b.m.i.AbstractPropertyHolder - Attempting to locate auto-apply AttributeConverter for property [com.rts.tap.model.BusinessUnit:updatedDate]
2025-02-03 12:08:28 [main] DEBUG o.h.b.m.internal.BasicValueBinder - building BasicValue for updatedDate
2025-02-03 12:08:28 [main] DEBUG org.hibernate.mapping.BasicValue - Skipping column re-registration: business_units.updated_date
2025-02-03 12:08:28 [main] DEBUG o.h.b.model.internal.PropertyBinder - Building property updatedDate
2025-02-03 12:08:28 [main] DEBUG o.h.b.r.c.i.ClassLoaderServiceImpl - HHH000194: Package not found or no package-info.java: com.rts.tap.model
2025-02-03 12:08:28 [main] DEBUG o.h.j.e.i.CallbackDefinitionResolverLegacyImpl - Adding onUpdate as PreUpdate callback for entity com.rts.tap.model.BusinessUnit
2025-02-03 12:08:28 [main] DEBUG o.h.j.e.i.CallbackDefinitionResolverLegacyImpl - Adding onCreate as PrePersist callback for entity com.rts.tap.model.BusinessUnit
2025-02-03 12:08:28 [main] DEBUG o.h.boot.model.internal.EntityBinder - Binding entity from annotated class: com.rts.tap.model.Candidate
2025-02-03 12:08:28 [main] DEBUG o.h.boot.model.internal.EntityBinder - Import with entity name Candidate
2025-02-03 12:08:28 [main] DEBUG o.h.boot.model.internal.EntityBinder - Bind entity com.rts.tap.model.Candidate on table candidate
2025-02-03 12:08:28 [main] DEBUG o.h.b.model.internal.AnnotatedColumn - Binding column: AnnotatedDiscriminatorColumn(column='DTYPE')
2025-02-03 12:08:28 [main] DEBUG o.h.b.model.internal.AnnotatedColumn - Binding column: AnnotatedColumn()
2025-02-03 12:08:28 [main] DEBUG o.h.b.internal.ClassLoaderAccessImpl - Not known whether passed class name [com.rts.tap.model.Candidate] is safe
2025-02-03 12:08:28 [main] DEBUG o.h.b.internal.ClassLoaderAccessImpl - No temp ClassLoader provided; using live ClassLoader for loading potentially unsafe class : com.rts.tap.model.Candidate
2025-02-03 12:08:28 [main] DEBUG o.h.b.model.internal.PropertyBinder - MetadataSourceProcessor property candidateId with lazy=false
2025-02-03 12:08:28 [main] DEBUG o.h.b.m.i.AbstractPropertyHolder - Attempting to locate auto-apply AttributeConverter for property [com.rts.tap.model.Candidate:candidateId]
2025-02-03 12:08:28 [main] DEBUG o.h.b.m.internal.BasicValueBinder - building BasicValue for candidateId
2025-02-03 12:08:28 [main] DEBUG org.hibernate.mapping.BasicValue - Skipping column re-registration: candidate.candidate_id
2025-02-03 12:08:28 [main] DEBUG o.h.b.model.internal.PropertyBinder - Building property candidateId
2025-02-03 12:08:28 [main] DEBUG o.h.boot.model.internal.BinderHelper - #makeIdGenerator(BasicValue([Column(candidate_id)]), candidateId, identity, , ...)
2025-02-03 12:08:28 [main] DEBUG o.h.b.model.internal.AnnotatedColumn - Binding column: AnnotatedColumn()
2025-02-03 12:08:28 [main] DEBUG o.h.b.model.internal.PropertyBinder - MetadataSourceProcessor property Education with lazy=false
2025-02-03 12:08:28 [main] DEBUG o.h.b.m.i.AbstractPropertyHolder - Attempting to locate auto-apply AttributeConverter for property [com.rts.tap.model.Candidate:Education]
2025-02-03 12:08:28 [main] DEBUG o.h.b.m.internal.BasicValueBinder - building BasicValue for Education
2025-02-03 12:08:28 [main] DEBUG org.hibernate.mapping.BasicValue - Skipping column re-registration: candidate.education
2025-02-03 12:08:28 [main] DEBUG o.h.b.model.internal.PropertyBinder - Building property Education
2025-02-03 12:08:28 [main] DEBUG o.h.b.model.internal.AnnotatedColumn - Binding column: IndexColumn(column='MrfJd_ORDER')
2025-02-03 12:08:28 [main] DEBUG o.h.b.model.internal.AnnotatedColumn - Binding column: AnnotatedColumn()
2025-02-03 12:08:28 [main] DEBUG o.h.b.model.internal.AnnotatedColumn - Binding column: AnnotatedColumn(column='MrfJd_KEY')
2025-02-03 12:08:28 [main] DEBUG o.h.b.model.internal.AnnotatedColumn - Binding column: AnnotatedJoinColumn(column='MrfJd_KEY')
2025-02-03 12:08:28 [main] DEBUG o.h.b.model.internal.AnnotatedColumn - Binding column: AnnotatedJoinColumn(column='candidateId')
2025-02-03 12:08:28 [main] DEBUG o.h.b.model.internal.AnnotatedColumn - Binding column: AnnotatedJoinColumn(column='mrfJdId')
2025-02-03 12:08:28 [main] DEBUG o.h.b.m.internal.CollectionBinder - Collection role: com.rts.tap.model.Candidate.MrfJd
2025-02-03 12:08:28 [main] DEBUG o.h.b.model.internal.PropertyBinder - Building property MrfJd
2025-02-03 12:08:28 [main] DEBUG o.h.b.model.internal.AnnotatedColumn - Binding column: AnnotatedColumn()
2025-02-03 12:08:28 [main] DEBUG o.h.b.model.internal.PropertyBinder - MetadataSourceProcessor property assignedAt with lazy=false
2025-02-03 12:08:28 [main] DEBUG o.h.b.m.i.AbstractPropertyHolder - Attempting to locate auto-apply AttributeConverter for property [com.rts.tap.model.Candidate:assignedAt]
2025-02-03 12:08:28 [main] DEBUG o.h.b.m.internal.BasicValueBinder - building BasicValue for assignedAt
2025-02-03 12:08:28 [main] DEBUG org.hibernate.mapping.BasicValue - Skipping column re-registration: candidate.assigned_at
2025-02-03 12:08:28 [main] DEBUG o.h.b.model.internal.PropertyBinder - Building property assignedAt
2025-02-03 12:08:28 [main] DEBUG o.h.b.model.internal.AnnotatedColumn - Binding column: AnnotatedColumn()
2025-02-03 12:08:28 [main] DEBUG o.h.b.model.internal.PropertyBinder - MetadataSourceProcessor property candidate360Id with lazy=false
2025-02-03 12:08:28 [main] DEBUG o.h.b.m.i.AbstractPropertyHolder - Attempting to locate auto-apply AttributeConverter for property [com.rts.tap.model.Candidate:candidate360Id]
2025-02-03 12:08:28 [main] DEBUG o.h.b.m.internal.BasicValueBinder - building BasicValue for candidate360Id
2025-02-03 12:08:28 [main] DEBUG org.hibernate.mapping.BasicValue - Skipping column re-registration: candidate.candidate360id
2025-02-03 12:08:28 [main] DEBUG o.h.b.model.internal.PropertyBinder - Building property candidate360Id
2025-02-03 12:08:28 [main] DEBUG o.h.b.model.internal.AnnotatedColumn - Binding column: AnnotatedColumn()
2025-02-03 12:08:28 [main] DEBUG o.h.b.model.internal.PropertyBinder - MetadataSourceProcessor property candidateProfileImage with lazy=false
2025-02-03 12:08:28 [main] DEBUG o.h.b.m.i.AbstractPropertyHolder - Attempting to locate auto-apply AttributeConverter for property [com.rts.tap.model.Candidate:candidateProfileImage]
2025-02-03 12:08:28 [main] DEBUG o.h.b.m.internal.BasicValueBinder - building BasicValue for candidateProfileImage
2025-02-03 12:08:28 [main] DEBUG org.hibernate.mapping.BasicValue - Skipping column re-registration: candidate.candidate_profile_image
2025-02-03 12:08:28 [main] DEBUG o.h.b.model.internal.PropertyBinder - Building property candidateProfileImage
2025-02-03 12:08:28 [main] DEBUG o.h.b.model.internal.AnnotatedColumn - Binding column: AnnotatedColumn(column='certification')
2025-02-03 12:08:28 [main] DEBUG o.h.b.model.internal.AnnotatedColumn - Binding column: AnnotatedJoinColumn()
2025-02-03 12:08:28 [main] DEBUG o.h.b.model.internal.AnnotatedColumn - Binding column: IndexColumn(column='certifications_ORDER')
2025-02-03 12:08:28 [main] DEBUG o.h.b.model.internal.AnnotatedColumn - Binding column: AnnotatedColumn(column='certification')
2025-02-03 12:08:28 [main] DEBUG o.h.b.model.internal.AnnotatedColumn - Binding column: AnnotatedColumn(column='certifications_KEY')
2025-02-03 12:08:28 [main] DEBUG o.h.b.model.internal.AnnotatedColumn - Binding column: AnnotatedJoinColumn(column='certifications_KEY')
2025-02-03 12:08:28 [main] DEBUG o.h.b.model.internal.AnnotatedColumn - Binding column: AnnotatedJoinColumn(column='candidate_id')
2025-02-03 12:08:28 [main] DEBUG o.h.b.model.internal.AnnotatedColumn - Binding column: AnnotatedJoinColumn()
2025-02-03 12:08:28 [main] DEBUG o.h.b.m.internal.CollectionBinder - Collection role: com.rts.tap.model.Candidate.certifications
2025-02-03 12:08:28 [main] DEBUG o.h.b.model.internal.PropertyBinder - Building property certifications
2025-02-03 12:08:28 [main] DEBUG o.h.b.model.internal.AnnotatedColumn - Binding column: AnnotatedJoinColumn()
2025-02-03 12:08:28 [main] DEBUG o.h.b.model.internal.AnnotatedColumn - Binding column: AnnotatedColumn()
2025-02-03 12:08:28 [main] DEBUG o.h.b.model.internal.PropertyBinder - Building property credentials
2025-02-03 12:08:28 [main] DEBUG o.h.b.model.internal.AnnotatedColumn - Binding column: AnnotatedColumn()
2025-02-03 12:08:28 [main] DEBUG o.h.b.model.internal.PropertyBinder - MetadataSourceProcessor property currentCTC with lazy=false
2025-02-03 12:08:28 [main] DEBUG o.h.b.m.i.AbstractPropertyHolder - Attempting to locate auto-apply AttributeConverter for property [com.rts.tap.model.Candidate:currentCTC]
2025-02-03 12:08:28 [main] DEBUG o.h.b.m.internal.BasicValueBinder - building BasicValue for currentCTC
2025-02-03 12:08:28 [main] DEBUG org.hibernate.mapping.BasicValue - Skipping column re-registration: candidate.currentctc
2025-02-03 12:08:28 [main] DEBUG o.h.b.model.internal.PropertyBinder - Building property currentCTC
2025-02-03 12:08:28 [main] DEBUG o.h.b.model.internal.AnnotatedColumn - Binding column: AnnotatedColumn()
2025-02-03 12:08:28 [main] DEBUG o.h.b.model.internal.PropertyBinder - MetadataSourceProcessor property currentCompany with lazy=false
2025-02-03 12:08:28 [main] DEBUG o.h.b.m.i.AbstractPropertyHolder - Attempting to locate auto-apply AttributeConverter for property [com.rts.tap.model.Candidate:currentCompany]
2025-02-03 12:08:28 [main] DEBUG o.h.b.m.internal.BasicValueBinder - building BasicValue for currentCompany
2025-02-03 12:08:28 [main] DEBUG org.hibernate.mapping.BasicValue - Skipping column re-registration: candidate.current_company
2025-02-03 12:08:28 [main] DEBUG o.h.b.model.internal.PropertyBinder - Building property currentCompany
2025-02-03 12:08:28 [main] DEBUG o.h.b.model.internal.AnnotatedColumn - Binding column: AnnotatedColumn()
2025-02-03 12:08:28 [main] DEBUG o.h.b.model.internal.PropertyBinder - MetadataSourceProcessor property currentLocation with lazy=false
2025-02-03 12:08:28 [main] DEBUG o.h.b.m.i.AbstractPropertyHolder - Attempting to locate auto-apply AttributeConverter for property [com.rts.tap.model.Candidate:currentLocation]
2025-02-03 12:08:28 [main] DEBUG o.h.b.m.internal.BasicValueBinder - building BasicValue for currentLocation
2025-02-03 12:08:28 [main] DEBUG org.hibernate.mapping.BasicValue - Skipping column re-registration: candidate.current_location
2025-02-03 12:08:28 [main] DEBUG o.h.b.model.internal.PropertyBinder - Building property currentLocation
2025-02-03 12:08:28 [main] DEBUG o.h.b.model.internal.AnnotatedColumn - Binding column: AnnotatedJoinColumn()
2025-02-03 12:08:28 [main] DEBUG o.h.b.model.internal.AnnotatedColumn - Binding column: AnnotatedColumn()
2025-02-03 12:08:28 [main] DEBUG o.h.b.model.internal.PropertyBinder - Building property documents
2025-02-03 12:08:28 [main] DEBUG o.h.b.model.internal.AnnotatedColumn - Binding column: AnnotatedColumn()
2025-02-03 12:08:28 [main] DEBUG o.h.b.model.internal.PropertyBinder - MetadataSourceProcessor property email with lazy=false
2025-02-03 12:08:28 [main] DEBUG o.h.b.m.i.AbstractPropertyHolder - Attempting to locate auto-apply AttributeConverter for property [com.rts.tap.model.Candidate:email]
2025-02-03 12:08:28 [main] DEBUG o.h.b.m.internal.BasicValueBinder - building BasicValue for email
2025-02-03 12:08:28 [main] DEBUG org.hibernate.mapping.BasicValue - Skipping column re-registration: candidate.email
2025-02-03 12:08:28 [main] DEBUG o.h.b.model.internal.PropertyBinder - Building property email
2025-02-03 12:08:28 [main] DEBUG o.h.b.model.internal.AnnotatedColumn - Binding column: AnnotatedColumn()
2025-02-03 12:08:28 [main] DEBUG o.h.b.model.internal.PropertyBinder - MetadataSourceProcessor property employementMode with lazy=false
2025-02-03 12:08:28 [main] DEBUG o.h.b.m.i.AbstractPropertyHolder - Attempting to locate auto-apply AttributeConverter for property [com.rts.tap.model.Candidate:employementMode]
2025-02-03 12:08:28 [main] DEBUG o.h.b.m.internal.BasicValueBinder - building BasicValue for employementMode
2025-02-03 12:08:28 [main] DEBUG org.hibernate.mapping.BasicValue - Skipping column re-registration: candidate.employement_mode
2025-02-03 12:08:28 [main] DEBUG o.h.b.model.internal.PropertyBinder - Building property employementMode
2025-02-03 12:08:28 [main] DEBUG o.h.b.model.internal.AnnotatedColumn - Binding column: AnnotatedColumn()
2025-02-03 12:08:28 [main] DEBUG o.h.b.model.internal.PropertyBinder - MetadataSourceProcessor property expectedCTC with lazy=false
2025-02-03 12:08:28 [main] DEBUG o.h.b.m.i.AbstractPropertyHolder - Attempting to locate auto-apply AttributeConverter for property [com.rts.tap.model.Candidate:expectedCTC]
2025-02-03 12:08:28 [main] DEBUG o.h.b.m.internal.BasicValueBinder - building BasicValue for expectedCTC
2025-02-03 12:08:28 [main] DEBUG org.hibernate.mapping.BasicValue - Skipping column re-registration: candidate.expectedctc
2025-02-03 12:08:28 [main] DEBUG o.h.b.model.internal.PropertyBinder - Building property expectedCTC
2025-02-03 12:08:28 [main] DEBUG o.h.b.model.internal.AnnotatedColumn - Binding column: AnnotatedColumn()
2025-02-03 12:08:28 [main] DEBUG o.h.b.model.internal.PropertyBinder - MetadataSourceProcessor property firstName with lazy=false
2025-02-03 12:08:28 [main] DEBUG o.h.b.m.i.AbstractPropertyHolder - Attempting to locate auto-apply AttributeConverter for property [com.rts.tap.model.Candidate:firstName]
2025-02-03 12:08:28 [main] DEBUG o.h.b.m.internal.BasicValueBinder - building BasicValue for firstName
2025-02-03 12:08:28 [main] DEBUG org.hibernate.mapping.BasicValue - Skipping column re-registration: candidate.first_name
2025-02-03 12:08:28 [main] DEBUG o.h.b.model.internal.PropertyBinder - Building property firstName
2025-02-03 12:08:28 [main] DEBUG o.h.b.model.internal.AnnotatedColumn - Binding column: AnnotatedColumn()
2025-02-03 12:08:28 [main] DEBUG o.h.b.model.internal.PropertyBinder - MetadataSourceProcessor property gender with lazy=false
2025-02-03 12:08:28 [main] DEBUG o.h.b.m.i.AbstractPropertyHolder - Attempting to locate auto-apply AttributeConverter for property [com.rts.tap.model.Candidate:gender]
2025-02-03 12:08:28 [main] DEBUG o.h.b.m.internal.BasicValueBinder - building BasicValue for gender
2025-02-03 12:08:28 [main] DEBUG org.hibernate.mapping.BasicValue - Skipping column re-registration: candidate.gender
2025-02-03 12:08:28 [main] DEBUG o.h.b.model.internal.PropertyBinder - Building property gender
2025-02-03 12:08:28 [main] DEBUG o.h.b.model.internal.AnnotatedColumn - Binding column: AnnotatedColumn()
2025-02-03 12:08:28 [main] DEBUG o.h.b.model.internal.PropertyBinder - MetadataSourceProcessor property isMatchingMrf with lazy=false
2025-02-03 12:08:28 [main] DEBUG o.h.b.m.i.AbstractPropertyHolder - Attempting to locate auto-apply AttributeConverter for property [com.rts.tap.model.Candidate:isMatchingMrf]
2025-02-03 12:08:28 [main] DEBUG o.h.b.m.internal.BasicValueBinder - building BasicValue for isMatchingMrf
2025-02-03 12:08:28 [main] DEBUG org.hibernate.mapping.BasicValue - Skipping column re-registration: candidate.is_matching_mrf
2025-02-03 12:08:28 [main] DEBUG o.h.b.model.internal.PropertyBinder - Building property isMatchingMrf
2025-02-03 12:08:28 [main] DEBUG o.h.b.model.internal.AnnotatedColumn - Binding column: AnnotatedColumn()
2025-02-03 12:08:28 [main] DEBUG o.h.b.model.internal.PropertyBinder - MetadataSourceProcessor property isPasswordChanged with lazy=false
2025-02-03 12:08:28 [main] DEBUG o.h.b.m.i.AbstractPropertyHolder - Attempting to locate auto-apply AttributeConverter for property [com.rts.tap.model.Candidate:isPasswordChanged]
2025-02-03 12:08:28 [main] DEBUG o.h.b.m.internal.BasicValueBinder - building BasicValue for isPasswordChanged
2025-02-03 12:08:28 [main] DEBUG org.hibernate.mapping.BasicValue - Skipping column re-registration: candidate.is_password_changed
2025-02-03 12:08:28 [main] DEBUG o.h.b.model.internal.PropertyBinder - Building property isPasswordChanged
2025-02-03 12:08:28 [main] DEBUG o.h.b.model.internal.AnnotatedColumn - Binding column: AnnotatedColumn()
2025-02-03 12:08:28 [main] DEBUG o.h.b.model.internal.PropertyBinder - MetadataSourceProcessor property lastName with lazy=false
2025-02-03 12:08:28 [main] DEBUG o.h.b.m.i.AbstractPropertyHolder - Attempting to locate auto-apply AttributeConverter for property [com.rts.tap.model.Candidate:lastName]
2025-02-03 12:08:28 [main] DEBUG o.h.b.m.internal.BasicValueBinder - building BasicValue for lastName
2025-02-03 12:08:28 [main] DEBUG org.hibernate.mapping.BasicValue - Skipping column re-registration: candidate.last_name
2025-02-03 12:08:28 [main] DEBUG o.h.b.model.internal.PropertyBinder - Building property lastName
2025-02-03 12:08:28 [main] DEBUG o.h.b.model.internal.AnnotatedColumn - Binding column: AnnotatedColumn()
2025-02-03 12:08:28 [main] DEBUG o.h.b.model.internal.PropertyBinder - MetadataSourceProcessor property location with lazy=false
2025-02-03 12:08:28 [main] DEBUG o.h.b.m.i.AbstractPropertyHolder - Attempting to locate auto-apply AttributeConverter for property [com.rts.tap.model.Candidate:location]
2025-02-03 12:08:28 [main] DEBUG o.h.b.m.internal.BasicValueBinder - building BasicValue for location
2025-02-03 12:08:28 [main] DEBUG org.hibernate.mapping.BasicValue - Skipping column re-registration: candidate.location
2025-02-03 12:08:28 [main] DEBUG o.h.b.model.internal.PropertyBinder - Building property location
2025-02-03 12:08:28 [main] DEBUG o.h.b.model.internal.AnnotatedColumn - Binding column: AnnotatedColumn()
2025-02-03 12:08:28 [main] DEBUG o.h.b.model.internal.PropertyBinder - MetadataSourceProcessor property mobileNumber with lazy=false
2025-02-03 12:08:28 [main] DEBUG o.h.b.m.i.AbstractPropertyHolder - Attempting to locate auto-apply AttributeConverter for property [com.rts.tap.model.Candidate:mobileNumber]
2025-02-03 12:08:28 [main] DEBUG o.h.b.m.internal.BasicValueBinder - building BasicValue for mobileNumber
2025-02-03 12:08:28 [main] DEBUG org.hibernate.mapping.BasicValue - Skipping column re-registration: candidate.mobile_number
2025-02-03 12:08:28 [main] DEBUG o.h.b.model.internal.PropertyBinder - Building property mobileNumber
2025-02-03 12:08:28 [main] DEBUG o.h.b.model.internal.AnnotatedColumn - Binding column: AnnotatedColumn()
2025-02-03 12:08:28 [main] DEBUG o.h.b.model.internal.PropertyBinder - MetadataSourceProcessor property noticePeriod with lazy=false
2025-02-03 12:08:28 [main] DEBUG o.h.b.m.i.AbstractPropertyHolder - Attempting to locate auto-apply AttributeConverter for property [com.rts.tap.model.Candidate:noticePeriod]
2025-02-03 12:08:28 [main] DEBUG o.h.b.m.internal.BasicValueBinder - building BasicValue for noticePeriod
2025-02-03 12:08:28 [main] DEBUG org.hibernate.mapping.BasicValue - Skipping column re-registration: candidate.notice_period
2025-02-03 12:08:28 [main] DEBUG o.h.b.model.internal.PropertyBinder - Building property noticePeriod
2025-02-03 12:08:28 [main] DEBUG o.h.b.model.internal.AnnotatedColumn - Binding column: AnnotatedColumn()
2025-02-03 12:08:28 [main] DEBUG o.h.b.model.internal.PropertyBinder - MetadataSourceProcessor property panNumber with lazy=false
2025-02-03 12:08:28 [main] DEBUG o.h.b.m.i.AbstractPropertyHolder - Attempting to locate auto-apply AttributeConverter for property [com.rts.tap.model.Candidate:panNumber]
2025-02-03 12:08:28 [main] DEBUG o.h.b.m.internal.BasicValueBinder - building BasicValue for panNumber
2025-02-03 12:08:28 [main] DEBUG org.hibernate.mapping.BasicValue - Skipping column re-registration: candidate.pan_number
2025-02-03 12:08:28 [main] DEBUG o.h.b.model.internal.PropertyBinder - Building property panNumber
2025-02-03 12:08:28 [main] DEBUG o.h.b.model.internal.AnnotatedColumn - Binding column: AnnotatedColumn()
2025-02-03 12:08:28 [main] DEBUG o.h.b.model.internal.PropertyBinder - MetadataSourceProcessor property password with lazy=false
2025-02-03 12:08:28 [main] DEBUG o.h.b.m.i.AbstractPropertyHolder - Attempting to locate auto-apply AttributeConverter for property [com.rts.tap.model.Candidate:password]
2025-02-03 12:08:28 [main] DEBUG o.h.b.m.internal.BasicValueBinder - building BasicValue for password
2025-02-03 12:08:28 [main] DEBUG org.hibernate.mapping.BasicValue - Skipping column re-registration: candidate.password
2025-02-03 12:08:28 [main] DEBUG o.h.b.model.internal.PropertyBinder - Building property password
2025-02-03 12:08:28 [main] DEBUG o.h.b.model.internal.AnnotatedColumn - Binding column: AnnotatedColumn()
2025-02-03 12:08:28 [main] DEBUG o.h.b.model.internal.PropertyBinder - MetadataSourceProcessor property previousRole with lazy=false
2025-02-03 12:08:28 [main] DEBUG o.h.b.m.i.AbstractPropertyHolder - Attempting to locate auto-apply AttributeConverter for property [com.rts.tap.model.Candidate:previousRole]
2025-02-03 12:08:28 [main] DEBUG o.h.b.m.internal.BasicValueBinder - building BasicValue for previousRole
2025-02-03 12:08:28 [main] DEBUG org.hibernate.mapping.BasicValue - Skipping column re-registration: candidate.previous_role
2025-02-03 12:08:28 [main] DEBUG o.h.b.model.internal.PropertyBinder - Building property previousRole
2025-02-03 12:08:28 [main] DEBUG o.h.b.model.internal.AnnotatedColumn - Binding column: AnnotatedColumn()
2025-02-03 12:08:28 [main] DEBUG o.h.b.model.internal.PropertyBinder - MetadataSourceProcessor property relevantExperience with lazy=false
2025-02-03 12:08:28 [main] DEBUG o.h.b.m.i.AbstractPropertyHolder - Attempting to locate auto-apply AttributeConverter for property [com.rts.tap.model.Candidate:relevantExperience]
2025-02-03 12:08:28 [main] DEBUG o.h.b.m.internal.BasicValueBinder - building BasicValue for relevantExperience
2025-02-03 12:08:28 [main] DEBUG org.hibernate.mapping.BasicValue - Skipping column re-registration: candidate.relevant_experience
2025-02-03 12:08:28 [main] DEBUG o.h.b.model.internal.PropertyBinder - Building property relevantExperience
2025-02-03 12:08:28 [main] DEBUG o.h.b.model.internal.AnnotatedColumn - Binding column: AnnotatedColumn()
2025-02-03 12:08:28 [main] DEBUG o.h.b.model.internal.PropertyBinder - MetadataSourceProcessor property relocate with lazy=false
2025-02-03 12:08:28 [main] DEBUG o.h.b.m.i.AbstractPropertyHolder - Attempting to locate auto-apply AttributeConverter for property [com.rts.tap.model.Candidate:relocate]
2025-02-03 12:08:28 [main] DEBUG o.h.b.m.internal.BasicValueBinder - building BasicValue for relocate
2025-02-03 12:08:28 [main] DEBUG org.hibernate.mapping.BasicValue - Skipping column re-registration: candidate.relocate
2025-02-03 12:08:28 [main] DEBUG o.h.b.model.internal.PropertyBinder - Building property relocate
2025-02-03 12:08:28 [main] DEBUG o.h.b.model.internal.AnnotatedColumn - Binding column: AnnotatedColumn()
2025-02-03 12:08:28 [main] DEBUG o.h.b.model.internal.PropertyBinder - MetadataSourceProcessor property resume with lazy=false
2025-02-03 12:08:28 [main] DEBUG o.h.b.m.i.AbstractPropertyHolder - Attempting to locate auto-apply AttributeConverter for property [com.rts.tap.model.Candidate:resume]
2025-02-03 12:08:28 [main] DEBUG o.h.b.m.internal.BasicValueBinder - building BasicValue for resume
2025-02-03 12:08:28 [main] DEBUG org.hibernate.mapping.BasicValue - Skipping column re-registration: candidate.resume
2025-02-03 12:08:28 [main] DEBUG o.h.b.model.internal.PropertyBinder - Building property resume
2025-02-03 12:08:28 [main] DEBUG o.h.b.model.internal.AnnotatedColumn - Binding column: AnnotatedColumn()
2025-02-03 12:08:28 [main] DEBUG o.h.b.model.internal.PropertyBinder - MetadataSourceProcessor property skill with lazy=false
2025-02-03 12:08:28 [main] DEBUG o.h.b.m.i.AbstractPropertyHolder - Attempting to locate auto-apply AttributeConverter for property [com.rts.tap.model.Candidate:skill]
2025-02-03 12:08:28 [main] DEBUG o.h.b.m.internal.BasicValueBinder - building BasicValue for skill
2025-02-03 12:08:28 [main] DEBUG org.hibernate.mapping.BasicValue - Skipping column re-registration: candidate.skill
2025-02-03 12:08:28 [main] DEBUG o.h.b.model.internal.PropertyBinder - Building property skill
2025-02-03 12:08:28 [main] DEBUG o.h.b.model.internal.AnnotatedColumn - Binding column: AnnotatedColumn()
2025-02-03 12:08:28 [main] DEBUG o.h.b.model.internal.PropertyBinder - MetadataSourceProcessor property source with lazy=false
2025-02-03 12:08:28 [main] DEBUG o.h.b.m.i.AbstractPropertyHolder - Attempting to locate auto-apply AttributeConverter for property [com.rts.tap.model.Candidate:source]
2025-02-03 12:08:28 [main] DEBUG o.h.b.m.internal.BasicValueBinder - building BasicValue for source
2025-02-03 12:08:28 [main] DEBUG org.hibernate.mapping.BasicValue - Skipping column re-registration: candidate.source
2025-02-03 12:08:28 [main] DEBUG o.h.b.model.internal.PropertyBinder - Building property source
2025-02-03 12:08:28 [main] DEBUG o.h.b.model.internal.AnnotatedColumn - Binding column: AnnotatedColumn()
2025-02-03 12:08:28 [main] DEBUG o.h.b.model.internal.PropertyBinder - MetadataSourceProcessor property sourceId with lazy=false
2025-02-03 12:08:28 [main] DEBUG o.h.b.m.i.AbstractPropertyHolder - Attempting to locate auto-apply AttributeConverter for property [com.rts.tap.model.Candidate:sourceId]
2025-02-03 12:08:28 [main] DEBUG o.h.b.m.internal.BasicValueBinder - building BasicValue for sourceId
2025-02-03 12:08:28 [main] DEBUG org.hibernate.mapping.BasicValue - Skipping column re-registration: candidate.source_id
2025-02-03 12:08:28 [main] DEBUG o.h.b.model.internal.PropertyBinder - Building property sourceId
2025-02-03 12:08:28 [main] DEBUG o.h.b.model.internal.AnnotatedColumn - Binding column: AnnotatedColumn()
2025-02-03 12:08:28 [main] DEBUG o.h.b.model.internal.PropertyBinder - MetadataSourceProcessor property status with lazy=false
2025-02-03 12:08:28 [main] DEBUG o.h.b.m.i.AbstractPropertyHolder - Attempting to locate auto-apply AttributeConverter for property [com.rts.tap.model.Candidate:status]
2025-02-03 12:08:28 [main] DEBUG o.h.b.m.internal.BasicValueBinder - building BasicValue for status
2025-02-03 12:08:28 [main] DEBUG org.hibernate.mapping.BasicValue - Skipping column re-registration: candidate.status
2025-02-03 12:08:28 [main] DEBUG o.h.b.model.internal.PropertyBinder - Building property status
2025-02-03 12:08:28 [main] DEBUG o.h.b.model.internal.AnnotatedColumn - Binding column: AnnotatedColumn()
2025-02-03 12:08:28 [main] DEBUG o.h.b.model.internal.PropertyBinder - MetadataSourceProcessor property totalExperience with lazy=false
2025-02-03 12:08:28 [main] DEBUG o.h.b.m.i.AbstractPropertyHolder - Attempting to locate auto-apply AttributeConverter for property [com.rts.tap.model.Candidate:totalExperience]
2025-02-03 12:08:28 [main] DEBUG o.h.b.m.internal.BasicValueBinder - building BasicValue for totalExperience
2025-02-03 12:08:28 [main] DEBUG org.hibernate.mapping.BasicValue - Skipping column re-registration: candidate.total_experience
2025-02-03 12:08:28 [main] DEBUG o.h.b.model.internal.PropertyBinder - Building property totalExperience
2025-02-03 12:08:28 [main] DEBUG o.h.b.model.internal.AnnotatedColumn - Binding column: AnnotatedColumn()
2025-02-03 12:08:28 [main] DEBUG o.h.b.model.internal.PropertyBinder - MetadataSourceProcessor property visaDetails with lazy=false
2025-02-03 12:08:28 [main] DEBUG o.h.b.m.i.AbstractPropertyHolder - Attempting to locate auto-apply AttributeConverter for property [com.rts.tap.model.Candidate:visaDetails]
2025-02-03 12:08:28 [main] DEBUG o.h.b.m.internal.BasicValueBinder - building BasicValue for visaDetails
2025-02-03 12:08:28 [main] DEBUG org.hibernate.mapping.BasicValue - Skipping column re-registration: candidate.visa_details
2025-02-03 12:08:28 [main] DEBUG o.h.b.model.internal.PropertyBinder - Building property visaDetails
2025-02-03 12:08:28 [main] DEBUG o.h.b.r.c.i.ClassLoaderServiceImpl - HHH000194: Package not found or no package-info.java: com.rts.tap.model
2025-02-03 12:08:28 [main] DEBUG o.h.j.e.i.CallbackDefinitionResolverLegacyImpl - Adding onCreate as PrePersist callback for entity com.rts.tap.model.Candidate
2025-02-03 12:08:28 [main] DEBUG o.h.boot.model.internal.EntityBinder - Binding entity from annotated class: com.rts.tap.model.Candidate360
2025-02-03 12:08:28 [main] DEBUG o.h.boot.model.internal.EntityBinder - Import with entity name Candidate360
2025-02-03 12:08:28 [main] DEBUG o.h.boot.model.internal.EntityBinder - Bind entity com.rts.tap.model.Candidate360 on table candidate360
2025-02-03 12:08:28 [main] DEBUG o.h.b.model.internal.AnnotatedColumn - Binding column: AnnotatedDiscriminatorColumn(column='DTYPE')
2025-02-03 12:08:28 [main] DEBUG o.h.b.model.internal.AnnotatedColumn - Binding column: AnnotatedColumn()
2025-02-03 12:08:28 [main] DEBUG o.h.b.internal.ClassLoaderAccessImpl - Not known whether passed class name [com.rts.tap.model.Candidate360] is safe
2025-02-03 12:08:28 [main] DEBUG o.h.b.internal.ClassLoaderAccessImpl - No temp ClassLoader provided; using live ClassLoader for loading potentially unsafe class : com.rts.tap.model.Candidate360
2025-02-03 12:08:28 [main] DEBUG o.h.b.model.internal.PropertyBinder - MetadataSourceProcessor property candidate360Id with lazy=false
2025-02-03 12:08:28 [main] DEBUG o.h.b.m.i.AbstractPropertyHolder - Attempting to locate auto-apply AttributeConverter for property [com.rts.tap.model.Candidate360:candidate360Id]
2025-02-03 12:08:28 [main] DEBUG o.h.b.m.internal.BasicValueBinder - building BasicValue for candidate360Id
2025-02-03 12:08:28 [main] DEBUG org.hibernate.mapping.BasicValue - Skipping column re-registration: candidate360.candidate360id
2025-02-03 12:08:28 [main] DEBUG o.h.b.model.internal.PropertyBinder - Building property candidate360Id
2025-02-03 12:08:28 [main] DEBUG o.h.boot.model.internal.BinderHelper - #makeIdGenerator(BasicValue([Column(candidate360id)]), candidate360Id, identity, , ...)
2025-02-03 12:08:28 [main] DEBUG o.h.b.model.internal.AnnotatedColumn - Binding column: AnnotatedJoinColumn()
2025-02-03 12:08:28 [main] DEBUG o.h.b.model.internal.AnnotatedColumn - Binding column: AnnotatedColumn()
2025-02-03 12:08:28 [main] DEBUG o.h.b.model.internal.PropertyBinder - Building property candidate
2025-02-03 12:08:28 [main] DEBUG o.h.b.model.internal.AnnotatedColumn - Binding column: AnnotatedColumn()
2025-02-03 12:08:28 [main] DEBUG o.h.b.model.internal.PropertyBinder - MetadataSourceProcessor property candidateInfo with lazy=false
2025-02-03 12:08:28 [main] DEBUG o.h.b.m.i.AbstractPropertyHolder - Attempting to locate auto-apply AttributeConverter for property [com.rts.tap.model.Candidate360:candidateInfo]
2025-02-03 12:08:28 [main] DEBUG o.h.b.m.internal.BasicValueBinder - building BasicValue for candidateInfo
2025-02-03 12:08:28 [main] DEBUG org.hibernate.mapping.BasicValue - Skipping column re-registration: candidate360.candidate_info
2025-02-03 12:08:28 [main] DEBUG o.h.b.model.internal.PropertyBinder - Building property candidateInfo
2025-02-03 12:08:28 [main] DEBUG o.h.b.r.c.i.ClassLoaderServiceImpl - HHH000194: Package not found or no package-info.java: com.rts.tap.model
2025-02-03 12:08:28 [main] DEBUG o.h.boot.model.internal.EntityBinder - Binding entity from annotated class: com.rts.tap.model.Candidate360QuestionBank
2025-02-03 12:08:28 [main] DEBUG o.h.boot.model.internal.EntityBinder - Import with entity name Candidate360QuestionBank
2025-02-03 12:08:28 [main] DEBUG o.h.boot.model.internal.EntityBinder - Bind entity com.rts.tap.model.Candidate360QuestionBank on table candidate360question_bank
2025-02-03 12:08:28 [main] DEBUG o.h.b.model.internal.AnnotatedColumn - Binding column: AnnotatedDiscriminatorColumn(column='DTYPE')
2025-02-03 12:08:28 [main] DEBUG o.h.b.model.internal.AnnotatedColumn - Binding column: AnnotatedColumn()
2025-02-03 12:08:28 [main] DEBUG o.h.b.internal.ClassLoaderAccessImpl - Not known whether passed class name [com.rts.tap.model.Candidate360QuestionBank] is safe
2025-02-03 12:08:28 [main] DEBUG o.h.b.internal.ClassLoaderAccessImpl - No temp ClassLoader provided; using live ClassLoader for loading potentially unsafe class : com.rts.tap.model.Candidate360QuestionBank
2025-02-03 12:08:28 [main] DEBUG o.h.b.model.internal.PropertyBinder - MetadataSourceProcessor property candidate360QuestionBankId with lazy=false
2025-02-03 12:08:28 [main] DEBUG o.h.b.m.i.AbstractPropertyHolder - Attempting to locate auto-apply AttributeConverter for property [com.rts.tap.model.Candidate360QuestionBank:candidate360QuestionBankId]
2025-02-03 12:08:28 [main] DEBUG o.h.b.m.internal.BasicValueBinder - building BasicValue for candidate360QuestionBankId
2025-02-03 12:08:28 [main] DEBUG org.hibernate.mapping.BasicValue - Skipping column re-registration: candidate360question_bank.candidate360question_bank_id
2025-02-03 12:08:28 [main] DEBUG o.h.b.model.internal.PropertyBinder - Building property candidate360QuestionBankId
2025-02-03 12:08:28 [main] DEBUG o.h.boot.model.internal.BinderHelper - #makeIdGenerator(BasicValue([Column(candidate360question_bank_id)]), candidate360QuestionBankId, identity, , ...)
2025-02-03 12:08:28 [main] DEBUG o.h.b.model.internal.AnnotatedColumn - Binding column: AnnotatedColumn()
2025-02-03 12:08:28 [main] DEBUG o.h.b.model.internal.PropertyBinder - MetadataSourceProcessor property question with lazy=false
2025-02-03 12:08:28 [main] DEBUG o.h.b.m.i.AbstractPropertyHolder - Attempting to locate auto-apply AttributeConverter for property [com.rts.tap.model.Candidate360QuestionBank:question]
2025-02-03 12:08:28 [main] DEBUG o.h.b.m.internal.BasicValueBinder - building BasicValue for question
2025-02-03 12:08:28 [main] DEBUG org.hibernate.mapping.BasicValue - Skipping column re-registration: candidate360question_bank.question
2025-02-03 12:08:28 [main] DEBUG o.h.b.model.internal.PropertyBinder - Building property question
2025-02-03 12:08:28 [main] DEBUG o.h.b.model.internal.AnnotatedColumn - Binding column: AnnotatedColumn()
2025-02-03 12:08:28 [main] DEBUG o.h.b.model.internal.PropertyBinder - MetadataSourceProcessor property type with lazy=false
2025-02-03 12:08:28 [main] DEBUG o.h.b.m.i.AbstractPropertyHolder - Attempting to locate auto-apply AttributeConverter for property [com.rts.tap.model.Candidate360QuestionBank:type]
2025-02-03 12:08:28 [main] DEBUG o.h.b.m.internal.BasicValueBinder - building BasicValue for type
2025-02-03 12:08:28 [main] DEBUG org.hibernate.mapping.BasicValue - Skipping column re-registration: candidate360question_bank.type
2025-02-03 12:08:28 [main] DEBUG o.h.b.model.internal.PropertyBinder - Building property type
2025-02-03 12:08:28 [main] DEBUG o.h.b.r.c.i.ClassLoaderServiceImpl - HHH000194: Package not found or no package-info.java: com.rts.tap.model
2025-02-03 12:08:28 [main] DEBUG o.h.boot.model.internal.EntityBinder - Binding entity from annotated class: com.rts.tap.model.CandidateDocument
2025-02-03 12:08:28 [main] DEBUG o.h.boot.model.internal.EntityBinder - Import with entity name CandidateDocument
2025-02-03 12:08:28 [main] DEBUG o.h.boot.model.internal.EntityBinder - Bind entity com.rts.tap.model.CandidateDocument on table candidate_documents
2025-02-03 12:08:28 [main] DEBUG o.h.b.model.internal.AnnotatedColumn - Binding column: AnnotatedDiscriminatorColumn(column='DTYPE')
2025-02-03 12:08:28 [main] DEBUG o.h.b.model.internal.AnnotatedColumn - Binding column: AnnotatedColumn()
2025-02-03 12:08:28 [main] DEBUG o.h.b.internal.ClassLoaderAccessImpl - Not known whether passed class name [com.rts.tap.model.CandidateDocument] is safe
2025-02-03 12:08:28 [main] DEBUG o.h.b.internal.ClassLoaderAccessImpl - No temp ClassLoader provided; using live ClassLoader for loading potentially unsafe class : com.rts.tap.model.CandidateDocument
2025-02-03 12:08:28 [main] DEBUG o.h.b.model.internal.PropertyBinder - MetadataSourceProcessor property CandidateDocumentId with lazy=false
2025-02-03 12:08:28 [main] DEBUG o.h.b.m.i.AbstractPropertyHolder - Attempting to locate auto-apply AttributeConverter for property [com.rts.tap.model.CandidateDocument:CandidateDocumentId]
2025-02-03 12:08:28 [main] DEBUG o.h.b.m.internal.BasicValueBinder - building BasicValue for CandidateDocumentId
2025-02-03 12:08:28 [main] DEBUG org.hibernate.mapping.BasicValue - Skipping column re-registration: candidate_documents.candidate_document_id
2025-02-03 12:08:28 [main] DEBUG o.h.b.model.internal.PropertyBinder - Building property CandidateDocumentId
2025-02-03 12:08:28 [main] DEBUG o.h.boot.model.internal.BinderHelper - #makeIdGenerator(BasicValue([Column(candidate_document_id)]), CandidateDocumentId, identity, , ...)
2025-02-03 12:08:28 [main] DEBUG o.h.b.model.internal.AnnotatedColumn - Binding column: AnnotatedColumn()
2025-02-03 12:08:28 [main] DEBUG o.h.b.model.internal.PropertyBinder - MetadataSourceProcessor property aadhar with lazy=false
2025-02-03 12:08:28 [main] DEBUG o.h.b.m.i.AbstractPropertyHolder - Attempting to locate auto-apply AttributeConverter for property [com.rts.tap.model.CandidateDocument:aadhar]
2025-02-03 12:08:28 [main] DEBUG o.h.b.m.internal.BasicValueBinder - building BasicValue for aadhar
2025-02-03 12:08:28 [main] DEBUG org.hibernate.mapping.BasicValue - Skipping column re-registration: candidate_documents.aadhar
2025-02-03 12:08:28 [main] DEBUG o.h.b.model.internal.PropertyBinder - Building property aadhar
2025-02-03 12:08:28 [main] DEBUG o.h.b.model.internal.AnnotatedColumn - Binding column: AnnotatedColumn()
2025-02-03 12:08:28 [main] DEBUG o.h.b.model.internal.PropertyBinder - MetadataSourceProcessor property aadharStatus with lazy=false
2025-02-03 12:08:28 [main] DEBUG o.h.b.m.i.AbstractPropertyHolder - Attempting to locate auto-apply AttributeConverter for property [com.rts.tap.model.CandidateDocument:aadharStatus]
2025-02-03 12:08:28 [main] DEBUG o.h.b.m.internal.BasicValueBinder - building BasicValue for aadharStatus
2025-02-03 12:08:28 [main] DEBUG org.hibernate.mapping.BasicValue - Skipping column re-registration: candidate_documents.aadhar_status
2025-02-03 12:08:28 [main] DEBUG o.h.b.model.internal.PropertyBinder - Building property aadharStatus
2025-02-03 12:08:28 [main] DEBUG o.h.b.model.internal.AnnotatedColumn - Binding column: AnnotatedColumn()
2025-02-03 12:08:28 [main] DEBUG o.h.b.model.internal.PropertyBinder - MetadataSourceProcessor property degreeCertificate with lazy=false
2025-02-03 12:08:28 [main] DEBUG o.h.b.m.i.AbstractPropertyHolder - Attempting to locate auto-apply AttributeConverter for property [com.rts.tap.model.CandidateDocument:degreeCertificate]
2025-02-03 12:08:28 [main] DEBUG o.h.b.m.internal.BasicValueBinder - building BasicValue for degreeCertificate
2025-02-03 12:08:28 [main] DEBUG org.hibernate.mapping.BasicValue - Skipping column re-registration: candidate_documents.degree_certificate
2025-02-03 12:08:28 [main] DEBUG o.h.b.model.internal.PropertyBinder - Building property degreeCertificate
2025-02-03 12:08:28 [main] DEBUG o.h.b.model.internal.AnnotatedColumn - Binding column: AnnotatedColumn()
2025-02-03 12:08:28 [main] DEBUG o.h.b.model.internal.PropertyBinder - MetadataSourceProcessor property degreeCertificateStatus with lazy=false
2025-02-03 12:08:28 [main] DEBUG o.h.b.m.i.AbstractPropertyHolder - Attempting to locate auto-apply AttributeConverter for property [com.rts.tap.model.CandidateDocument:degreeCertificateStatus]
2025-02-03 12:08:28 [main] DEBUG o.h.b.m.internal.BasicValueBinder - building BasicValue for degreeCertificateStatus
2025-02-03 12:08:28 [main] DEBUG org.hibernate.mapping.BasicValue - Skipping column re-registration: candidate_documents.degree_certificate_status
2025-02-03 12:08:28 [main] DEBUG o.h.b.model.internal.PropertyBinder - Building property degreeCertificateStatus
2025-02-03 12:08:28 [main] DEBUG o.h.b.model.internal.AnnotatedColumn - Binding column: AnnotatedColumn()
2025-02-03 12:08:28 [main] DEBUG o.h.b.model.internal.PropertyBinder - MetadataSourceProcessor property experienceLetter with lazy=false
2025-02-03 12:08:28 [main] DEBUG o.h.b.m.i.AbstractPropertyHolder - Attempting to locate auto-apply AttributeConverter for property [com.rts.tap.model.CandidateDocument:experienceLetter]
2025-02-03 12:08:28 [main] DEBUG o.h.b.m.internal.BasicValueBinder - building BasicValue for experienceLetter
2025-02-03 12:08:28 [main] DEBUG org.hibernate.mapping.BasicValue - Skipping column re-registration: candidate_documents.experience_letter
2025-02-03 12:08:28 [main] DEBUG o.h.b.model.internal.PropertyBinder - Building property experienceLetter
2025-02-03 12:08:28 [main] DEBUG o.h.b.model.internal.AnnotatedColumn - Binding column: AnnotatedColumn()
2025-02-03 12:08:28 [main] DEBUG o.h.b.model.internal.PropertyBinder - MetadataSourceProcessor property experienceLetterStatus with lazy=false
2025-02-03 12:08:28 [main] DEBUG o.h.b.m.i.AbstractPropertyHolder - Attempting to locate auto-apply AttributeConverter for property [com.rts.tap.model.CandidateDocument:experienceLetterStatus]
2025-02-03 12:08:28 [main] DEBUG o.h.b.m.internal.BasicValueBinder - building BasicValue for experienceLetterStatus
2025-02-03 12:08:28 [main] DEBUG org.hibernate.mapping.BasicValue - Skipping column re-registration: candidate_documents.experience_letter_status
2025-02-03 12:08:28 [main] DEBUG o.h.b.model.internal.PropertyBinder - Building property experienceLetterStatus
2025-02-03 12:08:28 [main] DEBUG o.h.b.model.internal.AnnotatedColumn - Binding column: AnnotatedColumn()
2025-02-03 12:08:28 [main] DEBUG o.h.b.model.internal.PropertyBinder - MetadataSourceProcessor property panCard with lazy=false
2025-02-03 12:08:28 [main] DEBUG o.h.b.m.i.AbstractPropertyHolder - Attempting to locate auto-apply AttributeConverter for property [com.rts.tap.model.CandidateDocument:panCard]
2025-02-03 12:08:28 [main] DEBUG o.h.b.m.internal.BasicValueBinder - building BasicValue for panCard
2025-02-03 12:08:28 [main] DEBUG org.hibernate.mapping.BasicValue - Skipping column re-registration: candidate_documents.pan_card
2025-02-03 12:08:28 [main] DEBUG o.h.b.model.internal.PropertyBinder - Building property panCard
2025-02-03 12:08:28 [main] DEBUG o.h.b.model.internal.AnnotatedColumn - Binding column: AnnotatedColumn()
2025-02-03 12:08:28 [main] DEBUG o.h.b.model.internal.PropertyBinder - MetadataSourceProcessor property panCardStatus with lazy=false
2025-02-03 12:08:28 [main] DEBUG o.h.b.m.i.AbstractPropertyHolder - Attempting to locate auto-apply AttributeConverter for property [com.rts.tap.model.CandidateDocument:panCardStatus]
2025-02-03 12:08:28 [main] DEBUG o.h.b.m.internal.BasicValueBinder - building BasicValue for panCardStatus
2025-02-03 12:08:28 [main] DEBUG org.hibernate.mapping.BasicValue - Skipping column re-registration: candidate_documents.pan_card_status
2025-02-03 12:08:28 [main] DEBUG o.h.b.model.internal.PropertyBinder - Building property panCardStatus
2025-02-03 12:08:28 [main] DEBUG o.h.b.model.internal.AnnotatedColumn - Binding column: AnnotatedColumn()
2025-02-03 12:08:28 [main] DEBUG o.h.b.model.internal.PropertyBinder - MetadataSourceProcessor property passport with lazy=false
2025-02-03 12:08:28 [main] DEBUG o.h.b.m.i.AbstractPropertyHolder - Attempting to locate auto-apply AttributeConverter for property [com.rts.tap.model.CandidateDocument:passport]
2025-02-03 12:08:28 [main] DEBUG o.h.b.m.internal.BasicValueBinder - building BasicValue for passport
2025-02-03 12:08:28 [main] DEBUG org.hibernate.mapping.BasicValue - Skipping column re-registration: candidate_documents.passport
2025-02-03 12:08:28 [main] DEBUG o.h.b.model.internal.PropertyBinder - Building property passport
2025-02-03 12:08:28 [main] DEBUG o.h.b.model.internal.AnnotatedColumn - Binding column: AnnotatedColumn()
2025-02-03 12:08:28 [main] DEBUG o.h.b.model.internal.PropertyBinder - MetadataSourceProcessor property passportStatus with lazy=false
2025-02-03 12:08:28 [main] DEBUG o.h.b.m.i.AbstractPropertyHolder - Attempting to locate auto-apply AttributeConverter for property [com.rts.tap.model.CandidateDocument:passportStatus]
2025-02-03 12:08:28 [main] DEBUG o.h.b.m.internal.BasicValueBinder - building BasicValue for passportStatus
2025-02-03 12:08:28 [main] DEBUG org.hibernate.mapping.BasicValue - Skipping column re-registration: candidate_documents.passport_status
2025-02-03 12:08:28 [main] DEBUG o.h.b.model.internal.PropertyBinder - Building property passportStatus
2025-02-03 12:08:28 [main] DEBUG o.h.b.model.internal.AnnotatedColumn - Binding column: AnnotatedColumn()
2025-02-03 12:08:28 [main] DEBUG o.h.b.model.internal.PropertyBinder - MetadataSourceProcessor property payslip with lazy=false
2025-02-03 12:08:28 [main] DEBUG o.h.b.m.i.AbstractPropertyHolder - Attempting to locate auto-apply AttributeConverter for property [com.rts.tap.model.CandidateDocument:payslip]
2025-02-03 12:08:28 [main] DEBUG o.h.b.m.internal.BasicValueBinder - building BasicValue for payslip
2025-02-03 12:08:28 [main] DEBUG org.hibernate.mapping.BasicValue - Skipping column re-registration: candidate_documents.payslip
2025-02-03 12:08:28 [main] DEBUG o.h.b.model.internal.PropertyBinder - Building property payslip
2025-02-03 12:08:28 [main] DEBUG o.h.b.model.internal.AnnotatedColumn - Binding column: AnnotatedColumn()
2025-02-03 12:08:28 [main] DEBUG o.h.b.model.internal.PropertyBinder - MetadataSourceProcessor property payslipStatus with lazy=false
2025-02-03 12:08:28 [main] DEBUG o.h.b.m.i.AbstractPropertyHolder - Attempting to locate auto-apply AttributeConverter for property [com.rts.tap.model.CandidateDocument:payslipStatus]
2025-02-03 12:08:28 [main] DEBUG o.h.b.m.internal.BasicValueBinder - building BasicValue for payslipStatus
2025-02-03 12:08:28 [main] DEBUG org.hibernate.mapping.BasicValue - Skipping column re-registration: candidate_documents.payslip_status
2025-02-03 12:08:28 [main] DEBUG o.h.b.model.internal.PropertyBinder - Building property payslipStatus
2025-02-03 12:08:28 [main] DEBUG o.h.b.model.internal.AnnotatedColumn - Binding column: AnnotatedColumn()
2025-02-03 12:08:28 [main] DEBUG o.h.b.model.internal.PropertyBinder - MetadataSourceProcessor property relievingLetter with lazy=false
2025-02-03 12:08:28 [main] DEBUG o.h.b.m.i.AbstractPropertyHolder - Attempting to locate auto-apply AttributeConverter for property [com.rts.tap.model.CandidateDocument:relievingLetter]
2025-02-03 12:08:28 [main] DEBUG o.h.b.m.internal.BasicValueBinder - building BasicValue for relievingLetter
2025-02-03 12:08:28 [main] DEBUG org.hibernate.mapping.BasicValue - Skipping column re-registration: candidate_documents.relieving_letter
2025-02-03 12:08:28 [main] DEBUG o.h.b.model.internal.PropertyBinder - Building property relievingLetter
2025-02-03 12:08:28 [main] DEBUG o.h.b.model.internal.AnnotatedColumn - Binding column: AnnotatedColumn()
2025-02-03 12:08:28 [main] DEBUG o.h.b.model.internal.PropertyBinder - MetadataSourceProcessor property relievingLetterStatus with lazy=false
2025-02-03 12:08:28 [main] DEBUG o.h.b.m.i.AbstractPropertyHolder - Attempting to locate auto-apply AttributeConverter for property [com.rts.tap.model.CandidateDocument:relievingLetterStatus]
2025-02-03 12:08:28 [main] DEBUG o.h.b.m.internal.BasicValueBinder - building BasicValue for relievingLetterStatus
2025-02-03 12:08:28 [main] DEBUG org.hibernate.mapping.BasicValue - Skipping column re-registration: candidate_documents.relieving_letter_status
2025-02-03 12:08:28 [main] DEBUG o.h.b.model.internal.PropertyBinder - Building property relievingLetterStatus
2025-02-03 12:08:28 [main] DEBUG o.h.b.r.c.i.ClassLoaderServiceImpl - HHH000194: Package not found or no package-info.java: com.rts.tap.model
2025-02-03 12:08:28 [main] DEBUG o.h.boot.model.internal.EntityBinder - Binding entity from annotated class: com.rts.tap.model.CandidateStatus
2025-02-03 12:08:28 [main] DEBUG o.h.boot.model.internal.EntityBinder - Import with entity name CandidateStatus
2025-02-03 12:08:28 [main] DEBUG o.h.boot.model.internal.EntityBinder - Bind entity com.rts.tap.model.CandidateStatus on table candidate_status
2025-02-03 12:08:28 [main] DEBUG o.h.b.model.internal.AnnotatedColumn - Binding column: AnnotatedDiscriminatorColumn(column='DTYPE')
2025-02-03 12:08:28 [main] DEBUG o.h.b.model.internal.AnnotatedColumn - Binding column: AnnotatedColumn()
2025-02-03 12:08:28 [main] DEBUG o.h.b.internal.ClassLoaderAccessImpl - Not known whether passed class name [com.rts.tap.model.CandidateStatus] is safe
2025-02-03 12:08:28 [main] DEBUG o.h.b.internal.ClassLoaderAccessImpl - No temp ClassLoader provided; using live ClassLoader for loading potentially unsafe class : com.rts.tap.model.CandidateStatus
2025-02-03 12:08:28 [main] DEBUG o.h.b.model.internal.PropertyBinder - MetadataSourceProcessor property candidateStatusId with lazy=false
2025-02-03 12:08:28 [main] DEBUG o.h.b.m.i.AbstractPropertyHolder - Attempting to locate auto-apply AttributeConverter for property [com.rts.tap.model.CandidateStatus:candidateStatusId]
2025-02-03 12:08:28 [main] DEBUG o.h.b.m.internal.BasicValueBinder - building BasicValue for candidateStatusId
2025-02-03 12:08:28 [main] DEBUG org.hibernate.mapping.BasicValue - Skipping column re-registration: candidate_status.candidate_status_id
2025-02-03 12:08:28 [main] DEBUG o.h.b.model.internal.PropertyBinder - Building property candidateStatusId
2025-02-03 12:08:28 [main] DEBUG o.h.boot.model.internal.BinderHelper - #makeIdGenerator(BasicValue([Column(candidate_status_id)]), candidateStatusId, identity, , ...)
2025-02-03 12:08:28 [main] DEBUG o.h.b.model.internal.AnnotatedColumn - Binding column: AnnotatedJoinColumn()
2025-02-03 12:08:28 [main] DEBUG o.h.b.model.internal.AnnotatedColumn - Binding column: AnnotatedColumn()
2025-02-03 12:08:28 [main] DEBUG o.h.b.model.internal.PropertyBinder - Building property candidate
2025-02-03 12:08:28 [main] DEBUG o.h.b.model.internal.AnnotatedColumn - Binding column: AnnotatedColumn()
2025-02-03 12:08:28 [main] DEBUG o.h.b.model.internal.PropertyBinder - MetadataSourceProcessor property designation with lazy=false
2025-02-03 12:08:28 [main] DEBUG o.h.b.m.i.AbstractPropertyHolder - Attempting to locate auto-apply AttributeConverter for property [com.rts.tap.model.CandidateStatus:designation]
2025-02-03 12:08:28 [main] DEBUG o.h.b.m.internal.BasicValueBinder - building BasicValue for designation
2025-02-03 12:08:28 [main] DEBUG org.hibernate.mapping.BasicValue - Skipping column re-registration: candidate_status.designation
2025-02-03 12:08:28 [main] DEBUG o.h.b.model.internal.PropertyBinder - Building property designation
2025-02-03 12:08:28 [main] DEBUG o.h.b.model.internal.AnnotatedColumn - Binding column: AnnotatedColumn()
2025-02-03 12:08:28 [main] DEBUG o.h.b.model.internal.PropertyBinder - MetadataSourceProcessor property level with lazy=false
2025-02-03 12:08:28 [main] DEBUG o.h.b.m.i.AbstractPropertyHolder - Attempting to locate auto-apply AttributeConverter for property [com.rts.tap.model.CandidateStatus:level]
2025-02-03 12:08:28 [main] DEBUG o.h.b.m.internal.BasicValueBinder - building BasicValue for level
2025-02-03 12:08:28 [main] DEBUG org.hibernate.mapping.BasicValue - Skipping column re-registration: candidate_status.level
2025-02-03 12:08:28 [main] DEBUG o.h.b.model.internal.PropertyBinder - Building property level
2025-02-03 12:08:28 [main] DEBUG o.h.b.model.internal.AnnotatedColumn - Binding column: AnnotatedColumn()
2025-02-03 12:08:28 [main] DEBUG o.h.b.model.internal.PropertyBinder - MetadataSourceProcessor property mrfId with lazy=false
2025-02-03 12:08:28 [main] DEBUG o.h.b.m.i.AbstractPropertyHolder - Attempting to locate auto-apply AttributeConverter for property [com.rts.tap.model.CandidateStatus:mrfId]
2025-02-03 12:08:28 [main] DEBUG o.h.b.m.internal.BasicValueBinder - building BasicValue for mrfId
2025-02-03 12:08:28 [main] DEBUG org.hibernate.mapping.BasicValue - Skipping column re-registration: candidate_status.mrf_id
2025-02-03 12:08:28 [main] DEBUG o.h.b.model.internal.PropertyBinder - Building property mrfId
2025-02-03 12:08:28 [main] DEBUG o.h.b.model.internal.AnnotatedColumn - Binding column: AnnotatedColumn()
2025-02-03 12:08:28 [main] DEBUG o.h.b.model.internal.PropertyBinder - MetadataSourceProcessor property reason with lazy=false
2025-02-03 12:08:28 [main] DEBUG o.h.b.m.i.AbstractPropertyHolder - Attempting to locate auto-apply AttributeConverter for property [com.rts.tap.model.CandidateStatus:reason]
2025-02-03 12:08:28 [main] DEBUG o.h.b.m.internal.BasicValueBinder - building BasicValue for reason
2025-02-03 12:08:28 [main] DEBUG org.hibernate.mapping.BasicValue - Skipping column re-registration: candidate_status.reason
2025-02-03 12:08:28 [main] DEBUG o.h.b.model.internal.PropertyBinder - Building property reason
2025-02-03 12:08:28 [main] DEBUG o.h.b.model.internal.AnnotatedColumn - Binding column: AnnotatedJoinColumn()
2025-02-03 12:08:28 [main] DEBUG o.h.b.model.internal.AnnotatedColumn - Binding column: AnnotatedColumn()
2025-02-03 12:08:28 [main] DEBUG o.h.b.model.internal.PropertyBinder - Building property recruiter
2025-02-03 12:08:28 [main] DEBUG o.h.b.model.internal.AnnotatedColumn - Binding column: AnnotatedColumn()
2025-02-03 12:08:28 [main] DEBUG o.h.b.model.internal.PropertyBinder - MetadataSourceProcessor property status with lazy=false
2025-02-03 12:08:28 [main] DEBUG o.h.b.m.i.AbstractPropertyHolder - Attempting to locate auto-apply AttributeConverter for property [com.rts.tap.model.CandidateStatus:status]
2025-02-03 12:08:28 [main] DEBUG o.h.b.m.internal.BasicValueBinder - building BasicValue for status
2025-02-03 12:08:28 [main] DEBUG org.hibernate.mapping.BasicValue - Skipping column re-registration: candidate_status.status
2025-02-03 12:08:28 [main] DEBUG o.h.b.model.internal.PropertyBinder - Building property status
2025-02-03 12:08:28 [main] DEBUG o.h.b.r.c.i.ClassLoaderServiceImpl - HHH000194: Package not found or no package-info.java: com.rts.tap.model
2025-02-03 12:08:28 [main] DEBUG o.h.boot.model.internal.EntityBinder - Binding entity from annotated class: com.rts.tap.model.Client
2025-02-03 12:08:28 [main] DEBUG o.h.boot.model.internal.EntityBinder - Import with entity name Client
2025-02-03 12:08:28 [main] DEBUG o.h.boot.model.internal.EntityBinder - Bind entity com.rts.tap.model.Client on table client_tbl
2025-02-03 12:08:28 [main] DEBUG o.h.b.model.internal.AnnotatedColumn - Binding column: AnnotatedDiscriminatorColumn(column='DTYPE')
2025-02-03 12:08:28 [main] DEBUG o.h.b.model.internal.AnnotatedColumn - Binding column: AnnotatedColumn()
2025-02-03 12:08:28 [main] DEBUG o.h.b.internal.ClassLoaderAccessImpl - Not known whether passed class name [com.rts.tap.model.Client] is safe
2025-02-03 12:08:28 [main] DEBUG o.h.b.internal.ClassLoaderAccessImpl - No temp ClassLoader provided; using live ClassLoader for loading potentially unsafe class : com.rts.tap.model.Client
2025-02-03 12:08:28 [main] DEBUG o.h.b.model.internal.PropertyBinder - MetadataSourceProcessor property clientId with lazy=false
2025-02-03 12:08:28 [main] DEBUG o.h.b.m.i.AbstractPropertyHolder - Attempting to locate auto-apply AttributeConverter for property [com.rts.tap.model.Client:clientId]
2025-02-03 12:08:28 [main] DEBUG o.h.b.m.internal.BasicValueBinder - building BasicValue for clientId
2025-02-03 12:08:28 [main] DEBUG org.hibernate.mapping.BasicValue - Skipping column re-registration: client_tbl.client_id
2025-02-03 12:08:28 [main] DEBUG o.h.b.model.internal.PropertyBinder - Building property clientId
2025-02-03 12:08:28 [main] DEBUG o.h.boot.model.internal.BinderHelper - #makeIdGenerator(BasicValue([Column(client_id)]), clientId, identity, , ...)
2025-02-03 12:08:28 [main] DEBUG o.h.b.model.internal.AnnotatedColumn - Binding column: AnnotatedColumn()
2025-02-03 12:08:28 [main] DEBUG o.h.b.model.internal.PropertyBinder - MetadataSourceProcessor property activationStatus with lazy=false
2025-02-03 12:08:28 [main] DEBUG o.h.b.m.i.AbstractPropertyHolder - Attempting to locate auto-apply AttributeConverter for property [com.rts.tap.model.Client:activationStatus]
2025-02-03 12:08:28 [main] DEBUG o.h.b.m.internal.BasicValueBinder - building BasicValue for activationStatus
2025-02-03 12:08:28 [main] DEBUG org.hibernate.mapping.BasicValue - Skipping column re-registration: client_tbl.activation_status
2025-02-03 12:08:28 [main] DEBUG o.h.b.model.internal.PropertyBinder - Building property activationStatus
2025-02-03 12:08:28 [main] DEBUG o.h.b.model.internal.AnnotatedColumn - Binding column: AnnotatedColumn()
2025-02-03 12:08:28 [main] DEBUG o.h.b.model.internal.PropertyBinder - MetadataSourceProcessor property clientEmail with lazy=false
2025-02-03 12:08:28 [main] DEBUG o.h.b.m.i.AbstractPropertyHolder - Attempting to locate auto-apply AttributeConverter for property [com.rts.tap.model.Client:clientEmail]
2025-02-03 12:08:28 [main] DEBUG o.h.b.m.internal.BasicValueBinder - building BasicValue for clientEmail
2025-02-03 12:08:28 [main] DEBUG org.hibernate.mapping.BasicValue - Skipping column re-registration: client_tbl.client_email
2025-02-03 12:08:28 [main] DEBUG o.h.b.model.internal.PropertyBinder - Building property clientEmail
2025-02-03 12:08:28 [main] DEBUG o.h.b.model.internal.AnnotatedColumn - Binding column: AnnotatedColumn()
2025-02-03 12:08:28 [main] DEBUG o.h.b.model.internal.PropertyBinder - MetadataSourceProcessor property clientMobile with lazy=false
2025-02-03 12:08:28 [main] DEBUG o.h.b.m.i.AbstractPropertyHolder - Attempting to locate auto-apply AttributeConverter for property [com.rts.tap.model.Client:clientMobile]
2025-02-03 12:08:28 [main] DEBUG o.h.b.m.internal.BasicValueBinder - building BasicValue for clientMobile
2025-02-03 12:08:28 [main] DEBUG org.hibernate.mapping.BasicValue - Skipping column re-registration: client_tbl.client_mobile
2025-02-03 12:08:28 [main] DEBUG o.h.b.model.internal.PropertyBinder - Building property clientMobile
2025-02-03 12:08:28 [main] DEBUG o.h.b.model.internal.AnnotatedColumn - Binding column: AnnotatedColumn()
2025-02-03 12:08:28 [main] DEBUG o.h.b.model.internal.PropertyBinder - MetadataSourceProcessor property clientName with lazy=false
2025-02-03 12:08:28 [main] DEBUG o.h.b.m.i.AbstractPropertyHolder - Attempting to locate auto-apply AttributeConverter for property [com.rts.tap.model.Client:clientName]
2025-02-03 12:08:28 [main] DEBUG o.h.b.m.internal.BasicValueBinder - building BasicValue for clientName
2025-02-03 12:08:28 [main] DEBUG org.hibernate.mapping.BasicValue - Skipping column re-registration: client_tbl.client_name
2025-02-03 12:08:28 [main] DEBUG o.h.b.model.internal.PropertyBinder - Building property clientName
2025-02-03 12:08:28 [main] DEBUG o.h.b.model.internal.AnnotatedColumn - Binding column: AnnotatedJoinColumn()
2025-02-03 12:08:28 [main] DEBUG o.h.b.model.internal.AnnotatedColumn - Binding column: AnnotatedColumn()
2025-02-03 12:08:28 [main] DEBUG o.h.b.model.internal.PropertyBinder - Building property clientOrganization
2025-02-03 12:08:28 [main] DEBUG o.h.b.model.internal.AnnotatedColumn - Binding column: AnnotatedJoinColumn(column='clientPartnerId')
2025-02-03 12:08:28 [main] DEBUG o.h.b.model.internal.AnnotatedColumn - Binding column: AnnotatedColumn()
2025-02-03 12:08:28 [main] DEBUG o.h.b.model.internal.PropertyBinder - Building property clientPartner
2025-02-03 12:08:28 [main] DEBUG o.h.b.model.internal.AnnotatedColumn - Binding column: AnnotatedColumn()
2025-02-03 12:08:28 [main] DEBUG o.h.b.model.internal.PropertyBinder - MetadataSourceProcessor property clientPosition with lazy=false
2025-02-03 12:08:28 [main] DEBUG o.h.b.m.i.AbstractPropertyHolder - Attempting to locate auto-apply AttributeConverter for property [com.rts.tap.model.Client:clientPosition]
2025-02-03 12:08:28 [main] DEBUG o.h.b.m.internal.BasicValueBinder - building BasicValue for clientPosition
2025-02-03 12:08:28 [main] DEBUG org.hibernate.mapping.BasicValue - Skipping column re-registration: client_tbl.client_position
2025-02-03 12:08:28 [main] DEBUG o.h.b.model.internal.PropertyBinder - Building property clientPosition
2025-02-03 12:08:28 [main] DEBUG o.h.b.model.internal.AnnotatedColumn - Binding column: AnnotatedColumn()
2025-02-03 12:08:28 [main] DEBUG o.h.b.model.internal.PropertyBinder - MetadataSourceProcessor property clientStatus with lazy=false
2025-02-03 12:08:28 [main] DEBUG o.h.b.m.i.AbstractPropertyHolder - Attempting to locate auto-apply AttributeConverter for property [com.rts.tap.model.Client:clientStatus]
2025-02-03 12:08:28 [main] DEBUG o.h.b.m.internal.BasicValueBinder - building BasicValue for clientStatus
2025-02-03 12:08:28 [main] DEBUG org.hibernate.mapping.BasicValue - Skipping column re-registration: client_tbl.client_status
2025-02-03 12:08:28 [main] DEBUG o.h.b.model.internal.PropertyBinder - Building property clientStatus
2025-02-03 12:08:28 [main] DEBUG o.h.b.model.internal.AnnotatedColumn - Binding column: AnnotatedColumn()
2025-02-03 12:08:28 [main] DEBUG o.h.b.model.internal.PropertyBinder - MetadataSourceProcessor property createdAt with lazy=false
2025-02-03 12:08:28 [main] DEBUG o.h.b.m.i.AbstractPropertyHolder - Attempting to locate auto-apply AttributeConverter for property [com.rts.tap.model.Client:createdAt]
2025-02-03 12:08:28 [main] DEBUG o.h.b.m.internal.BasicValueBinder - building BasicValue for createdAt
2025-02-03 12:08:28 [main] DEBUG org.hibernate.mapping.BasicValue - Skipping column re-registration: client_tbl.created_at
2025-02-03 12:08:28 [main] DEBUG o.h.b.model.internal.PropertyBinder - Building property createdAt
2025-02-03 12:08:28 [main] DEBUG o.h.b.model.internal.AnnotatedColumn - Binding column: AnnotatedColumn()
2025-02-03 12:08:28 [main] DEBUG o.h.b.model.internal.PropertyBinder - MetadataSourceProcessor property expirationTime with lazy=false
2025-02-03 12:08:28 [main] DEBUG o.h.b.m.i.AbstractPropertyHolder - Attempting to locate auto-apply AttributeConverter for property [com.rts.tap.model.Client:expirationTime]
2025-02-03 12:08:28 [main] DEBUG o.h.b.m.internal.BasicValueBinder - building BasicValue for expirationTime
2025-02-03 12:08:28 [main] DEBUG org.hibernate.mapping.BasicValue - Skipping column re-registration: client_tbl.expiration_time
2025-02-03 12:08:28 [main] DEBUG o.h.b.model.internal.PropertyBinder - Building property expirationTime
2025-02-03 12:08:28 [main] DEBUG o.h.b.model.internal.AnnotatedColumn - Binding column: AnnotatedColumn()
2025-02-03 12:08:28 [main] DEBUG o.h.b.model.internal.PropertyBinder - MetadataSourceProcessor property otp with lazy=false
2025-02-03 12:08:28 [main] DEBUG o.h.b.m.i.AbstractPropertyHolder - Attempting to locate auto-apply AttributeConverter for property [com.rts.tap.model.Client:otp]
2025-02-03 12:08:28 [main] DEBUG o.h.b.m.internal.BasicValueBinder - building BasicValue for otp
2025-02-03 12:08:28 [main] DEBUG org.hibernate.mapping.BasicValue - Skipping column re-registration: client_tbl.otp
2025-02-03 12:08:28 [main] DEBUG o.h.b.model.internal.PropertyBinder - Building property otp
2025-02-03 12:08:28 [main] DEBUG o.h.b.model.internal.AnnotatedColumn - Binding column: AnnotatedColumn()
2025-02-03 12:08:28 [main] DEBUG o.h.b.model.internal.PropertyBinder - MetadataSourceProcessor property password with lazy=false
2025-02-03 12:08:28 [main] DEBUG o.h.b.m.i.AbstractPropertyHolder - Attempting to locate auto-apply AttributeConverter for property [com.rts.tap.model.Client:password]
2025-02-03 12:08:28 [main] DEBUG o.h.b.m.internal.BasicValueBinder - building BasicValue for password
2025-02-03 12:08:28 [main] DEBUG org.hibernate.mapping.BasicValue - Skipping column re-registration: client_tbl.password
2025-02-03 12:08:28 [main] DEBUG o.h.b.model.internal.PropertyBinder - Building property password
2025-02-03 12:08:28 [main] DEBUG o.h.b.model.internal.AnnotatedColumn - Binding column: AnnotatedColumn()
2025-02-03 12:08:28 [main] DEBUG o.h.b.model.internal.PropertyBinder - MetadataSourceProcessor property reason with lazy=false
2025-02-03 12:08:28 [main] DEBUG o.h.b.m.i.AbstractPropertyHolder - Attempting to locate auto-apply AttributeConverter for property [com.rts.tap.model.Client:reason]
2025-02-03 12:08:28 [main] DEBUG o.h.b.m.internal.BasicValueBinder - building BasicValue for reason
2025-02-03 12:08:28 [main] DEBUG org.hibernate.mapping.BasicValue - Skipping column re-registration: client_tbl.reason
2025-02-03 12:08:28 [main] DEBUG o.h.b.model.internal.PropertyBinder - Building property reason
2025-02-03 12:08:28 [main] DEBUG o.h.b.model.internal.AnnotatedColumn - Binding column: AnnotatedJoinColumn()
2025-02-03 12:08:28 [main] DEBUG o.h.b.model.internal.AnnotatedColumn - Binding column: AnnotatedColumn()
2025-02-03 12:08:28 [main] DEBUG o.h.b.model.internal.PropertyBinder - Building property thirdPartyCredentitals
2025-02-03 12:08:28 [main] DEBUG o.h.b.r.c.i.ClassLoaderServiceImpl - HHH000194: Package not found or no package-info.java: com.rts.tap.model
2025-02-03 12:08:28 [main] DEBUG o.h.boot.model.internal.EntityBinder - Binding entity from annotated class: com.rts.tap.model.ClientOrganization
2025-02-03 12:08:28 [main] DEBUG o.h.boot.model.internal.EntityBinder - Import with entity name ClientOrganization
2025-02-03 12:08:28 [main] DEBUG o.h.boot.model.internal.EntityBinder - Bind entity com.rts.tap.model.ClientOrganization on table client_organization_tbl
2025-02-03 12:08:28 [main] DEBUG o.h.b.model.internal.AnnotatedColumn - Binding column: AnnotatedDiscriminatorColumn(column='DTYPE')
2025-02-03 12:08:28 [main] DEBUG o.h.b.model.internal.AnnotatedColumn - Binding column: AnnotatedColumn()
2025-02-03 12:08:28 [main] DEBUG o.h.b.internal.ClassLoaderAccessImpl - Not known whether passed class name [com.rts.tap.model.ClientOrganization] is safe
2025-02-03 12:08:28 [main] DEBUG o.h.b.internal.ClassLoaderAccessImpl - No temp ClassLoader provided; using live ClassLoader for loading potentially unsafe class : com.rts.tap.model.ClientOrganization
2025-02-03 12:08:28 [main] DEBUG o.h.b.model.internal.PropertyBinder - MetadataSourceProcessor property clientOrganizationId with lazy=false
2025-02-03 12:08:28 [main] DEBUG o.h.b.m.i.AbstractPropertyHolder - Attempting to locate auto-apply AttributeConverter for property [com.rts.tap.model.ClientOrganization:clientOrganizationId]
2025-02-03 12:08:28 [main] DEBUG o.h.b.m.internal.BasicValueBinder - building BasicValue for clientOrganizationId
2025-02-03 12:08:28 [main] DEBUG org.hibernate.mapping.BasicValue - Skipping column re-registration: client_organization_tbl.client_organization_id
2025-02-03 12:08:28 [main] DEBUG o.h.b.model.internal.PropertyBinder - Building property clientOrganizationId
2025-02-03 12:08:28 [main] DEBUG o.h.boot.model.internal.BinderHelper - #makeIdGenerator(BasicValue([Column(client_organization_id)]), clientOrganizationId, identity, , ...)
2025-02-03 12:08:28 [main] DEBUG o.h.b.model.internal.AnnotatedColumn - Binding column: AnnotatedColumn()
2025-02-03 12:08:28 [main] DEBUG o.h.b.model.internal.PropertyBinder - MetadataSourceProcessor property organizationAddress with lazy=false
2025-02-03 12:08:28 [main] DEBUG o.h.b.m.i.AbstractPropertyHolder - Attempting to locate auto-apply AttributeConverter for property [com.rts.tap.model.ClientOrganization:organizationAddress]
2025-02-03 12:08:28 [main] DEBUG o.h.b.m.internal.BasicValueBinder - building BasicValue for organizationAddress
2025-02-03 12:08:28 [main] DEBUG org.hibernate.mapping.BasicValue - Skipping column re-registration: client_organization_tbl.organization_address
2025-02-03 12:08:28 [main] DEBUG o.h.b.model.internal.PropertyBinder - Building property organizationAddress
2025-02-03 12:08:28 [main] DEBUG o.h.b.model.internal.AnnotatedColumn - Binding column: AnnotatedColumn()
2025-02-03 12:08:28 [main] DEBUG o.h.b.model.internal.PropertyBinder - MetadataSourceProcessor property organizationContactNumber with lazy=false
2025-02-03 12:08:28 [main] DEBUG o.h.b.m.i.AbstractPropertyHolder - Attempting to locate auto-apply AttributeConverter for property [com.rts.tap.model.ClientOrganization:organizationContactNumber]
2025-02-03 12:08:28 [main] DEBUG o.h.b.m.internal.BasicValueBinder - building BasicValue for organizationContactNumber
2025-02-03 12:08:28 [main] DEBUG org.hibernate.mapping.BasicValue - Skipping column re-registration: client_organization_tbl.organization_contact_number
2025-02-03 12:08:28 [main] DEBUG o.h.b.model.internal.PropertyBinder - Building property organizationContactNumber
2025-02-03 12:08:28 [main] DEBUG o.h.b.model.internal.AnnotatedColumn - Binding column: AnnotatedColumn()
2025-02-03 12:08:28 [main] DEBUG o.h.b.model.internal.PropertyBinder - MetadataSourceProcessor property organizationEmail with lazy=false
2025-02-03 12:08:28 [main] DEBUG o.h.b.m.i.AbstractPropertyHolder - Attempting to locate auto-apply AttributeConverter for property [com.rts.tap.model.ClientOrganization:organizationEmail]
2025-02-03 12:08:28 [main] DEBUG o.h.b.m.internal.BasicValueBinder - building BasicValue for organizationEmail
2025-02-03 12:08:28 [main] DEBUG org.hibernate.mapping.BasicValue - Skipping column re-registration: client_organization_tbl.organization_email
2025-02-03 12:08:28 [main] DEBUG o.h.b.model.internal.PropertyBinder - Building property organizationEmail
2025-02-03 12:08:28 [main] DEBUG o.h.b.model.internal.AnnotatedColumn - Binding column: AnnotatedColumn()
2025-02-03 12:08:28 [main] DEBUG o.h.b.model.internal.PropertyBinder - MetadataSourceProcessor property organizationIndustry with lazy=false
2025-02-03 12:08:28 [main] DEBUG o.h.b.m.i.AbstractPropertyHolder - Attempting to locate auto-apply AttributeConverter for property [com.rts.tap.model.ClientOrganization:organizationIndustry]
2025-02-03 12:08:28 [main] DEBUG o.h.b.m.internal.BasicValueBinder - building BasicValue for organizationIndustry
2025-02-03 12:08:28 [main] DEBUG org.hibernate.mapping.BasicValue - Skipping column re-registration: client_organization_tbl.organization_industry
2025-02-03 12:08:28 [main] DEBUG o.h.b.model.internal.PropertyBinder - Building property organizationIndustry
2025-02-03 12:08:28 [main] DEBUG o.h.b.model.internal.AnnotatedColumn - Binding column: AnnotatedColumn()
2025-02-03 12:08:28 [main] DEBUG o.h.b.model.internal.PropertyBinder - MetadataSourceProcessor property organizationLogo with lazy=false
2025-02-03 12:08:28 [main] DEBUG o.h.b.m.i.AbstractPropertyHolder - Attempting to locate auto-apply AttributeConverter for property [com.rts.tap.model.ClientOrganization:organizationLogo]
2025-02-03 12:08:28 [main] DEBUG o.h.b.m.internal.BasicValueBinder - building BasicValue for organizationLogo
2025-02-03 12:08:28 [main] DEBUG org.hibernate.mapping.BasicValue - Skipping column re-registration: client_organization_tbl.organization_logo
2025-02-03 12:08:28 [main] DEBUG o.h.b.model.internal.PropertyBinder - Building property organizationLogo
2025-02-03 12:08:28 [main] DEBUG o.h.b.model.internal.AnnotatedColumn - Binding column: AnnotatedColumn()
2025-02-03 12:08:28 [main] DEBUG o.h.b.model.internal.PropertyBinder - MetadataSourceProcessor property organizationName with lazy=false
2025-02-03 12:08:28 [main] DEBUG o.h.b.m.i.AbstractPropertyHolder - Attempting to locate auto-apply AttributeConverter for property [com.rts.tap.model.ClientOrganization:organizationName]
2025-02-03 12:08:28 [main] DEBUG o.h.b.m.internal.BasicValueBinder - building BasicValue for organizationName
2025-02-03 12:08:28 [main] DEBUG org.hibernate.mapping.BasicValue - Skipping column re-registration: client_organization_tbl.organization_name
2025-02-03 12:08:28 [main] DEBUG o.h.b.model.internal.PropertyBinder - Building property organizationName
2025-02-03 12:08:28 [main] DEBUG o.h.b.r.c.i.ClassLoaderServiceImpl - HHH000194: Package not found or no package-info.java: com.rts.tap.model
2025-02-03 12:08:28 [main] DEBUG o.h.boot.model.internal.EntityBinder - Binding entity from annotated class: com.rts.tap.model.Department
2025-02-03 12:08:28 [main] DEBUG o.h.boot.model.internal.EntityBinder - Import with entity name Department
2025-02-03 12:08:28 [main] DEBUG o.h.boot.model.internal.EntityBinder - Bind entity com.rts.tap.model.Department on table departments
2025-02-03 12:08:28 [main] DEBUG o.h.b.model.internal.AnnotatedColumn - Binding column: AnnotatedDiscriminatorColumn(column='DTYPE')
2025-02-03 12:08:28 [main] DEBUG o.h.b.model.internal.AnnotatedColumn - Binding column: AnnotatedColumn(column='department_id')
2025-02-03 12:08:28 [main] DEBUG o.h.b.internal.ClassLoaderAccessImpl - Not known whether passed class name [com.rts.tap.model.Department] is safe
2025-02-03 12:08:28 [main] DEBUG o.h.b.internal.ClassLoaderAccessImpl - No temp ClassLoader provided; using live ClassLoader for loading potentially unsafe class : com.rts.tap.model.Department
2025-02-03 12:08:28 [main] DEBUG o.h.b.model.internal.PropertyBinder - MetadataSourceProcessor property departmentId with lazy=false
2025-02-03 12:08:28 [main] DEBUG o.h.b.m.i.AbstractPropertyHolder - Attempting to locate auto-apply AttributeConverter for property [com.rts.tap.model.Department:departmentId]
2025-02-03 12:08:28 [main] DEBUG o.h.b.m.internal.BasicValueBinder - building BasicValue for departmentId
2025-02-03 12:08:28 [main] DEBUG org.hibernate.mapping.BasicValue - Skipping column re-registration: departments.department_id
2025-02-03 12:08:28 [main] DEBUG o.h.b.model.internal.PropertyBinder - Building property departmentId
2025-02-03 12:08:28 [main] DEBUG o.h.boot.model.internal.BinderHelper - #makeIdGenerator(BasicValue([Column(department_id)]), departmentId, identity, , ...)
2025-02-03 12:08:28 [main] DEBUG o.h.b.model.internal.AnnotatedColumn - Binding column: AnnotatedColumn(column='created_date')
2025-02-03 12:08:28 [main] DEBUG o.h.b.model.internal.PropertyBinder - MetadataSourceProcessor property createdDate with lazy=false
2025-02-03 12:08:28 [main] DEBUG o.h.b.m.i.AbstractPropertyHolder - Attempting to locate auto-apply AttributeConverter for property [com.rts.tap.model.Department:createdDate]
2025-02-03 12:08:28 [main] DEBUG o.h.b.m.internal.BasicValueBinder - building BasicValue for createdDate
2025-02-03 12:08:28 [main] DEBUG org.hibernate.mapping.BasicValue - Skipping column re-registration: departments.created_date
2025-02-03 12:08:28 [main] DEBUG o.h.b.model.internal.PropertyBinder - Building property createdDate
2025-02-03 12:08:28 [main] DEBUG o.h.b.model.internal.AnnotatedColumn - Binding column: AnnotatedColumn(column='department_name')
2025-02-03 12:08:28 [main] DEBUG o.h.b.model.internal.PropertyBinder - MetadataSourceProcessor property departmentName with lazy=false
2025-02-03 12:08:28 [main] DEBUG o.h.b.m.i.AbstractPropertyHolder - Attempting to locate auto-apply AttributeConverter for property [com.rts.tap.model.Department:departmentName]
2025-02-03 12:08:28 [main] DEBUG o.h.b.m.internal.BasicValueBinder - building BasicValue for departmentName
2025-02-03 12:08:28 [main] DEBUG org.hibernate.mapping.BasicValue - Skipping column re-registration: departments.department_name
2025-02-03 12:08:28 [main] DEBUG o.h.b.model.internal.PropertyBinder - Building property departmentName
2025-02-03 12:08:28 [main] DEBUG o.h.b.model.internal.AnnotatedColumn - Binding column: AnnotatedColumn(column='description')
2025-02-03 12:08:28 [main] DEBUG o.h.b.model.internal.PropertyBinder - MetadataSourceProcessor property description with lazy=false
2025-02-03 12:08:28 [main] DEBUG o.h.b.m.i.AbstractPropertyHolder - Attempting to locate auto-apply AttributeConverter for property [com.rts.tap.model.Department:description]
2025-02-03 12:08:28 [main] DEBUG o.h.b.m.internal.BasicValueBinder - building BasicValue for description
2025-02-03 12:08:28 [main] DEBUG org.hibernate.mapping.BasicValue - Skipping column re-registration: departments.description
2025-02-03 12:08:28 [main] DEBUG o.h.b.model.internal.PropertyBinder - Building property description
2025-02-03 12:08:28 [main] DEBUG o.h.b.model.internal.AnnotatedColumn - Binding column: AnnotatedJoinColumn(column='organization_id')
2025-02-03 12:08:28 [main] DEBUG o.h.b.model.internal.AnnotatedColumn - Binding column: AnnotatedColumn()
2025-02-03 12:08:28 [main] DEBUG o.h.b.model.internal.PropertyBinder - Building property organization
2025-02-03 12:08:28 [main] DEBUG o.h.b.model.internal.AnnotatedColumn - Binding column: AnnotatedColumn(column='updated_date')
2025-02-03 12:08:28 [main] DEBUG o.h.b.model.internal.PropertyBinder - MetadataSourceProcessor property updatedDate with lazy=false
2025-02-03 12:08:28 [main] DEBUG o.h.b.m.i.AbstractPropertyHolder - Attempting to locate auto-apply AttributeConverter for property [com.rts.tap.model.Department:updatedDate]
2025-02-03 12:08:28 [main] DEBUG o.h.b.m.internal.BasicValueBinder - building BasicValue for updatedDate
2025-02-03 12:08:28 [main] DEBUG org.hibernate.mapping.BasicValue - Skipping column re-registration: departments.updated_date
2025-02-03 12:08:28 [main] DEBUG o.h.b.model.internal.PropertyBinder - Building property updatedDate
2025-02-03 12:08:28 [main] DEBUG o.h.b.r.c.i.ClassLoaderServiceImpl - HHH000194: Package not found or no package-info.java: com.rts.tap.model
2025-02-03 12:08:28 [main] DEBUG o.h.j.e.i.CallbackDefinitionResolverLegacyImpl - Adding onUpdate as PreUpdate callback for entity com.rts.tap.model.Department
2025-02-03 12:08:28 [main] DEBUG o.h.j.e.i.CallbackDefinitionResolverLegacyImpl - Adding onCreate as PrePersist callback for entity com.rts.tap.model.Department
2025-02-03 12:08:28 [main] DEBUG o.h.boot.model.internal.EntityBinder - Binding entity from annotated class: com.rts.tap.model.Documents
2025-02-03 12:08:28 [main] DEBUG o.h.boot.model.internal.EntityBinder - Import with entity name Documents
2025-02-03 12:08:28 [main] DEBUG o.h.boot.model.internal.EntityBinder - Bind entity com.rts.tap.model.Documents on table documents_proof
2025-02-03 12:08:28 [main] DEBUG o.h.b.model.internal.AnnotatedColumn - Binding column: AnnotatedDiscriminatorColumn(column='DTYPE')
2025-02-03 12:08:28 [main] DEBUG o.h.b.model.internal.AnnotatedColumn - Binding column: AnnotatedColumn(column='documents_id')
2025-02-03 12:08:28 [main] DEBUG o.h.b.internal.ClassLoaderAccessImpl - Not known whether passed class name [com.rts.tap.model.Documents] is safe
2025-02-03 12:08:28 [main] DEBUG o.h.b.internal.ClassLoaderAccessImpl - No temp ClassLoader provided; using live ClassLoader for loading potentially unsafe class : com.rts.tap.model.Documents
2025-02-03 12:08:28 [main] DEBUG o.h.b.model.internal.PropertyBinder - MetadataSourceProcessor property documentsId with lazy=false
2025-02-03 12:08:28 [main] DEBUG o.h.b.m.i.AbstractPropertyHolder - Attempting to locate auto-apply AttributeConverter for property [com.rts.tap.model.Documents:documentsId]
2025-02-03 12:08:28 [main] DEBUG o.h.b.m.internal.BasicValueBinder - building BasicValue for documentsId
2025-02-03 12:08:28 [main] DEBUG org.hibernate.mapping.BasicValue - Skipping column re-registration: documents_proof.documents_id
2025-02-03 12:08:28 [main] DEBUG o.h.b.model.internal.PropertyBinder - Building property documentsId
2025-02-03 12:08:28 [main] DEBUG o.h.boot.model.internal.BinderHelper - #makeIdGenerator(BasicValue([Column(documents_id)]), documentsId, identity, , ...)
2025-02-03 12:08:28 [main] DEBUG o.h.b.model.internal.AnnotatedColumn - Binding column: AnnotatedColumn(column='created_date')
2025-02-03 12:08:28 [main] DEBUG o.h.b.model.internal.PropertyBinder - MetadataSourceProcessor property createdDate with lazy=false
2025-02-03 12:08:28 [main] DEBUG o.h.b.m.i.AbstractPropertyHolder - Attempting to locate auto-apply AttributeConverter for property [com.rts.tap.model.Documents:createdDate]
2025-02-03 12:08:28 [main] DEBUG o.h.b.m.internal.BasicValueBinder - building BasicValue for createdDate
2025-02-03 12:08:28 [main] DEBUG org.hibernate.mapping.BasicValue - Skipping column re-registration: documents_proof.created_date
2025-02-03 12:08:28 [main] DEBUG o.h.b.model.internal.PropertyBinder - Building property createdDate
2025-02-03 12:08:28 [main] DEBUG o.h.b.model.internal.AnnotatedColumn - Binding column: AnnotatedColumn(column='documentFile')
2025-02-03 12:08:28 [main] DEBUG o.h.b.model.internal.PropertyBinder - MetadataSourceProcessor property documentFile with lazy=false
2025-02-03 12:08:28 [main] DEBUG o.h.b.m.i.AbstractPropertyHolder - Attempting to locate auto-apply AttributeConverter for property [com.rts.tap.model.Documents:documentFile]
2025-02-03 12:08:28 [main] DEBUG o.h.b.m.internal.BasicValueBinder - building BasicValue for documentFile
2025-02-03 12:08:28 [main] DEBUG org.hibernate.mapping.BasicValue - Skipping column re-registration: documents_proof.document_file
2025-02-03 12:08:28 [main] DEBUG o.h.b.model.internal.PropertyBinder - Building property documentFile
2025-02-03 12:08:28 [main] DEBUG o.h.b.model.internal.AnnotatedColumn - Binding column: AnnotatedColumn(column='document_type')
2025-02-03 12:08:28 [main] DEBUG o.h.b.model.internal.PropertyBinder - MetadataSourceProcessor property documentType with lazy=false
2025-02-03 12:08:28 [main] DEBUG o.h.b.m.i.AbstractPropertyHolder - Attempting to locate auto-apply AttributeConverter for property [com.rts.tap.model.Documents:documentType]
2025-02-03 12:08:28 [main] DEBUG o.h.b.m.internal.BasicValueBinder - building BasicValue for documentType
2025-02-03 12:08:28 [main] DEBUG org.hibernate.mapping.BasicValue - Skipping column re-registration: documents_proof.document_type
2025-02-03 12:08:28 [main] DEBUG o.h.b.model.internal.PropertyBinder - Building property documentType
2025-02-03 12:08:28 [main] DEBUG o.h.b.model.internal.AnnotatedColumn - Binding column: AnnotatedColumn(column='updated_date')
2025-02-03 12:08:28 [main] DEBUG o.h.b.model.internal.PropertyBinder - MetadataSourceProcessor property updatedDate with lazy=false
2025-02-03 12:08:28 [main] DEBUG o.h.b.m.i.AbstractPropertyHolder - Attempting to locate auto-apply AttributeConverter for property [com.rts.tap.model.Documents:updatedDate]
2025-02-03 12:08:28 [main] DEBUG o.h.b.m.internal.BasicValueBinder - building BasicValue for updatedDate
2025-02-03 12:08:28 [main] DEBUG org.hibernate.mapping.BasicValue - Skipping column re-registration: documents_proof.updated_date
2025-02-03 12:08:28 [main] DEBUG o.h.b.model.internal.PropertyBinder - Building property updatedDate
2025-02-03 12:08:28 [main] DEBUG o.h.b.r.c.i.ClassLoaderServiceImpl - HHH000194: Package not found or no package-info.java: com.rts.tap.model
2025-02-03 12:08:28 [main] DEBUG o.h.j.e.i.CallbackDefinitionResolverLegacyImpl - Adding onUpdate as PreUpdate callback for entity com.rts.tap.model.Documents
2025-02-03 12:08:28 [main] DEBUG o.h.j.e.i.CallbackDefinitionResolverLegacyImpl - Adding onCreate as PrePersist callback for entity com.rts.tap.model.Documents
2025-02-03 12:08:28 [main] DEBUG o.h.boot.model.internal.EntityBinder - Binding entity from annotated class: com.rts.tap.model.Employee
2025-02-03 12:08:28 [main] DEBUG o.h.boot.model.internal.EntityBinder - Import with entity name Employee
2025-02-03 12:08:28 [main] DEBUG o.h.boot.model.internal.EntityBinder - Bind entity com.rts.tap.model.Employee on table employees
2025-02-03 12:08:28 [main] DEBUG o.h.b.model.internal.AnnotatedColumn - Binding column: AnnotatedDiscriminatorColumn(column='DTYPE')
2025-02-03 12:08:28 [main] DEBUG o.h.b.model.internal.AnnotatedColumn - Binding column: AnnotatedColumn(column='employee_id')
2025-02-03 12:08:28 [main] DEBUG o.h.b.internal.ClassLoaderAccessImpl - Not known whether passed class name [com.rts.tap.model.Employee] is safe
2025-02-03 12:08:28 [main] DEBUG o.h.b.internal.ClassLoaderAccessImpl - No temp ClassLoader provided; using live ClassLoader for loading potentially unsafe class : com.rts.tap.model.Employee
2025-02-03 12:08:28 [main] DEBUG o.h.b.model.internal.PropertyBinder - MetadataSourceProcessor property employeeId with lazy=false
2025-02-03 12:08:28 [main] DEBUG o.h.b.m.i.AbstractPropertyHolder - Attempting to locate auto-apply AttributeConverter for property [com.rts.tap.model.Employee:employeeId]
2025-02-03 12:08:28 [main] DEBUG o.h.b.m.internal.BasicValueBinder - building BasicValue for employeeId
2025-02-03 12:08:28 [main] DEBUG org.hibernate.mapping.BasicValue - Skipping column re-registration: employees.employee_id
2025-02-03 12:08:28 [main] DEBUG o.h.b.model.internal.PropertyBinder - Building property employeeId
2025-02-03 12:08:28 [main] DEBUG o.h.boot.model.internal.BinderHelper - #makeIdGenerator(BasicValue([Column(employee_id)]), employeeId, identity, , ...)
2025-02-03 12:08:28 [main] DEBUG o.h.b.model.internal.AnnotatedColumn - Binding column: AnnotatedJoinColumn(column='businessunit_id')
2025-02-03 12:08:28 [main] DEBUG o.h.b.model.internal.AnnotatedColumn - Binding column: AnnotatedColumn()
2025-02-03 12:08:28 [main] DEBUG o.h.b.model.internal.PropertyBinder - Building property businessUnit
2025-02-03 12:08:28 [main] DEBUG o.h.b.model.internal.AnnotatedColumn - Binding column: AnnotatedColumn(column='candidate_id')
2025-02-03 12:08:28 [main] DEBUG o.h.b.model.internal.PropertyBinder - MetadataSourceProcessor property candidateId with lazy=false
2025-02-03 12:08:28 [main] DEBUG o.h.b.m.i.AbstractPropertyHolder - Attempting to locate auto-apply AttributeConverter for property [com.rts.tap.model.Employee:candidateId]
2025-02-03 12:08:28 [main] DEBUG o.h.b.m.internal.BasicValueBinder - building BasicValue for candidateId
2025-02-03 12:08:28 [main] DEBUG org.hibernate.mapping.BasicValue - Skipping column re-registration: employees.candidate_id
2025-02-03 12:08:28 [main] DEBUG o.h.b.model.internal.PropertyBinder - Building property candidateId
2025-02-03 12:08:28 [main] DEBUG o.h.b.model.internal.AnnotatedColumn - Binding column: AnnotatedColumn(column='created_date')
2025-02-03 12:08:28 [main] DEBUG o.h.b.model.internal.PropertyBinder - MetadataSourceProcessor property createdDate with lazy=false
2025-02-03 12:08:28 [main] DEBUG o.h.b.m.i.AbstractPropertyHolder - Attempting to locate auto-apply AttributeConverter for property [com.rts.tap.model.Employee:createdDate]
2025-02-03 12:08:28 [main] DEBUG o.h.b.m.internal.BasicValueBinder - building BasicValue for createdDate
2025-02-03 12:08:28 [main] DEBUG org.hibernate.mapping.BasicValue - Skipping column re-registration: employees.created_date
2025-02-03 12:08:28 [main] DEBUG o.h.b.model.internal.PropertyBinder - Building property createdDate
2025-02-03 12:08:28 [main] DEBUG o.h.b.model.internal.AnnotatedColumn - Binding column: AnnotatedJoinColumn()
2025-02-03 12:08:28 [main] DEBUG o.h.b.model.internal.AnnotatedColumn - Binding column: AnnotatedColumn()
2025-02-03 12:08:28 [main] DEBUG o.h.b.model.internal.AnnotatedColumn - Binding column: IndexColumn(column='documents_ORDER')
2025-02-03 12:08:28 [main] DEBUG o.h.b.model.internal.AnnotatedColumn - Binding column: AnnotatedColumn()
2025-02-03 12:08:28 [main] DEBUG o.h.b.model.internal.AnnotatedColumn - Binding column: AnnotatedColumn(column='documents_KEY')
2025-02-03 12:08:28 [main] DEBUG o.h.b.model.internal.AnnotatedColumn - Binding column: AnnotatedJoinColumn(column='documents_KEY')
2025-02-03 12:08:28 [main] DEBUG o.h.b.model.internal.AnnotatedColumn - Binding column: AnnotatedJoinColumn()
2025-02-03 12:08:28 [main] DEBUG o.h.b.model.internal.AnnotatedColumn - Binding column: AnnotatedJoinColumn()
2025-02-03 12:08:28 [main] DEBUG o.h.b.m.internal.CollectionBinder - Collection role: com.rts.tap.model.Employee.documents
2025-02-03 12:08:28 [main] DEBUG o.h.b.model.internal.PropertyBinder - Building property documents
2025-02-03 12:08:28 [main] DEBUG o.h.b.model.internal.AnnotatedColumn - Binding column: AnnotatedColumn(column='employee_email')
2025-02-03 12:08:28 [main] DEBUG o.h.b.model.internal.PropertyBinder - MetadataSourceProcessor property employeeEmail with lazy=false
2025-02-03 12:08:28 [main] DEBUG o.h.b.m.i.AbstractPropertyHolder - Attempting to locate auto-apply AttributeConverter for property [com.rts.tap.model.Employee:employeeEmail]
2025-02-03 12:08:28 [main] DEBUG o.h.b.m.internal.BasicValueBinder - building BasicValue for employeeEmail
2025-02-03 12:08:28 [main] DEBUG org.hibernate.mapping.BasicValue - Skipping column re-registration: employees.employee_email
2025-02-03 12:08:28 [main] DEBUG o.h.b.model.internal.PropertyBinder - Building property employeeEmail
2025-02-03 12:08:28 [main] DEBUG o.h.b.model.internal.AnnotatedColumn - Binding column: AnnotatedColumn(column='employee_name')
2025-02-03 12:08:28 [main] DEBUG o.h.b.model.internal.PropertyBinder - MetadataSourceProcessor property employeeName with lazy=false
2025-02-03 12:08:28 [main] DEBUG o.h.b.m.i.AbstractPropertyHolder - Attempting to locate auto-apply AttributeConverter for property [com.rts.tap.model.Employee:employeeName]
2025-02-03 12:08:28 [main] DEBUG o.h.b.m.internal.BasicValueBinder - building BasicValue for employeeName
2025-02-03 12:08:28 [main] DEBUG org.hibernate.mapping.BasicValue - Skipping column re-registration: employees.employee_name
2025-02-03 12:08:28 [main] DEBUG o.h.b.model.internal.PropertyBinder - Building property employeeName
2025-02-03 12:08:28 [main] DEBUG o.h.b.model.internal.AnnotatedColumn - Binding column: AnnotatedColumn(column='employee_status')
2025-02-03 12:08:28 [main] DEBUG o.h.b.model.internal.PropertyBinder - MetadataSourceProcessor property employeeStatus with lazy=false
2025-02-03 12:08:28 [main] DEBUG o.h.b.m.i.AbstractPropertyHolder - Attempting to locate auto-apply AttributeConverter for property [com.rts.tap.model.Employee:employeeStatus]
2025-02-03 12:08:28 [main] DEBUG o.h.b.m.internal.BasicValueBinder - building BasicValue for employeeStatus
2025-02-03 12:08:28 [main] DEBUG org.hibernate.mapping.BasicValue - Skipping column re-registration: employees.employee_status
2025-02-03 12:08:28 [main] DEBUG o.h.b.model.internal.PropertyBinder - Building property employeeStatus
2025-02-03 12:08:28 [main] DEBUG o.h.b.model.internal.AnnotatedColumn - Binding column: AnnotatedJoinColumn()
2025-02-03 12:08:28 [main] DEBUG o.h.b.model.internal.AnnotatedColumn - Binding column: AnnotatedColumn()
2025-02-03 12:08:28 [main] DEBUG o.h.b.model.internal.AnnotatedColumn - Binding column: IndexColumn(column='experience_ORDER')
2025-02-03 12:08:28 [main] DEBUG o.h.b.model.internal.AnnotatedColumn - Binding column: AnnotatedColumn()
2025-02-03 12:08:28 [main] DEBUG o.h.b.model.internal.AnnotatedColumn - Binding column: AnnotatedColumn(column='experience_KEY')
2025-02-03 12:08:28 [main] DEBUG o.h.b.model.internal.AnnotatedColumn - Binding column: AnnotatedJoinColumn(column='experience_KEY')
2025-02-03 12:08:28 [main] DEBUG o.h.b.model.internal.AnnotatedColumn - Binding column: AnnotatedJoinColumn()
2025-02-03 12:08:28 [main] DEBUG o.h.b.model.internal.AnnotatedColumn - Binding column: AnnotatedJoinColumn()
2025-02-03 12:08:28 [main] DEBUG o.h.b.m.internal.CollectionBinder - Collection role: com.rts.tap.model.Employee.experience
2025-02-03 12:08:28 [main] DEBUG o.h.b.model.internal.PropertyBinder - Building property experience
2025-02-03 12:08:28 [main] DEBUG o.h.b.model.internal.AnnotatedColumn - Binding column: AnnotatedJoinColumn()
2025-02-03 12:08:28 [main] DEBUG o.h.b.model.internal.AnnotatedColumn - Binding column: AnnotatedColumn()
2025-02-03 12:08:28 [main] DEBUG o.h.b.model.internal.AnnotatedColumn - Binding column: IndexColumn(column='familyDetails_ORDER')
2025-02-03 12:08:28 [main] DEBUG o.h.b.model.internal.AnnotatedColumn - Binding column: AnnotatedColumn()
2025-02-03 12:08:28 [main] DEBUG o.h.b.model.internal.AnnotatedColumn - Binding column: AnnotatedColumn(column='familyDetails_KEY')
2025-02-03 12:08:28 [main] DEBUG o.h.b.model.internal.AnnotatedColumn - Binding column: AnnotatedJoinColumn(column='familyDetails_KEY')
2025-02-03 12:08:28 [main] DEBUG o.h.b.model.internal.AnnotatedColumn - Binding column: AnnotatedJoinColumn()
2025-02-03 12:08:28 [main] DEBUG o.h.b.model.internal.AnnotatedColumn - Binding column: AnnotatedJoinColumn()
2025-02-03 12:08:28 [main] DEBUG o.h.b.m.internal.CollectionBinder - Collection role: com.rts.tap.model.Employee.familyDetails
2025-02-03 12:08:28 [main] DEBUG o.h.b.model.internal.PropertyBinder - Building property familyDetails
2025-02-03 12:08:28 [main] DEBUG o.h.b.model.internal.AnnotatedColumn - Binding column: AnnotatedColumn(column='manager_id')
2025-02-03 12:08:28 [main] DEBUG o.h.b.model.internal.PropertyBinder - MetadataSourceProcessor property managerId with lazy=false
2025-02-03 12:08:28 [main] DEBUG o.h.b.m.i.AbstractPropertyHolder - Attempting to locate auto-apply AttributeConverter for property [com.rts.tap.model.Employee:managerId]
2025-02-03 12:08:28 [main] DEBUG o.h.b.m.internal.BasicValueBinder - building BasicValue for managerId
2025-02-03 12:08:28 [main] DEBUG org.hibernate.mapping.BasicValue - Skipping column re-registration: employees.manager_id
2025-02-03 12:08:28 [main] DEBUG o.h.b.model.internal.PropertyBinder - Building property managerId
2025-02-03 12:08:28 [main] DEBUG o.h.b.model.internal.AnnotatedColumn - Binding column: AnnotatedJoinColumn(column='personal_info_id',referencedColumn='personal_info_id')
2025-02-03 12:08:28 [main] DEBUG o.h.b.model.internal.AnnotatedColumn - Binding column: AnnotatedColumn()
2025-02-03 12:08:28 [main] DEBUG o.h.b.model.internal.PropertyBinder - Building property personalInfo
2025-02-03 12:08:28 [main] DEBUG o.h.b.model.internal.AnnotatedColumn - Binding column: AnnotatedJoinColumn()
2025-02-03 12:08:28 [main] DEBUG o.h.b.model.internal.AnnotatedColumn - Binding column: AnnotatedColumn()
2025-02-03 12:08:28 [main] DEBUG o.h.b.model.internal.AnnotatedColumn - Binding column: IndexColumn(column='qualification_ORDER')
2025-02-03 12:08:28 [main] DEBUG o.h.b.model.internal.AnnotatedColumn - Binding column: AnnotatedColumn()
2025-02-03 12:08:28 [main] DEBUG o.h.b.model.internal.AnnotatedColumn - Binding column: AnnotatedColumn(column='qualification_KEY')
2025-02-03 12:08:28 [main] DEBUG o.h.b.model.internal.AnnotatedColumn - Binding column: AnnotatedJoinColumn(column='qualification_KEY')
2025-02-03 12:08:28 [main] DEBUG o.h.b.model.internal.AnnotatedColumn - Binding column: AnnotatedJoinColumn()
2025-02-03 12:08:28 [main] DEBUG o.h.b.model.internal.AnnotatedColumn - Binding column: AnnotatedJoinColumn()
2025-02-03 12:08:28 [main] DEBUG o.h.b.m.internal.CollectionBinder - Collection role: com.rts.tap.model.Employee.qualification
2025-02-03 12:08:28 [main] DEBUG o.h.b.model.internal.PropertyBinder - Building property qualification
2025-02-03 12:08:28 [main] DEBUG o.h.b.model.internal.AnnotatedColumn - Binding column: AnnotatedJoinColumn(column='role_id')
2025-02-03 12:08:28 [main] DEBUG o.h.b.model.internal.AnnotatedColumn - Binding column: AnnotatedColumn()
2025-02-03 12:08:28 [main] DEBUG o.h.b.model.internal.PropertyBinder - Building property role
2025-02-03 12:08:28 [main] DEBUG o.h.b.model.internal.AnnotatedColumn - Binding column: AnnotatedColumn(column='updated_date')
2025-02-03 12:08:28 [main] DEBUG o.h.b.model.internal.PropertyBinder - MetadataSourceProcessor property updatedDate with lazy=false
2025-02-03 12:08:28 [main] DEBUG o.h.b.m.i.AbstractPropertyHolder - Attempting to locate auto-apply AttributeConverter for property [com.rts.tap.model.Employee:updatedDate]
2025-02-03 12:08:28 [main] DEBUG o.h.b.m.internal.BasicValueBinder - building BasicValue for updatedDate
2025-02-03 12:08:28 [main] DEBUG org.hibernate.mapping.BasicValue - Skipping column re-registration: employees.updated_date
2025-02-03 12:08:28 [main] DEBUG o.h.b.model.internal.PropertyBinder - Building property updatedDate
2025-02-03 12:08:28 [main] DEBUG o.h.b.model.internal.AnnotatedColumn - Binding column: AnnotatedColumn(column='work_location')
2025-02-03 12:08:28 [main] DEBUG o.h.b.model.internal.PropertyBinder - MetadataSourceProcessor property workLocation with lazy=false
2025-02-03 12:08:28 [main] DEBUG o.h.b.m.i.AbstractPropertyHolder - Attempting to locate auto-apply AttributeConverter for property [com.rts.tap.model.Employee:workLocation]
2025-02-03 12:08:28 [main] DEBUG o.h.b.m.internal.BasicValueBinder - building BasicValue for workLocation
2025-02-03 12:08:28 [main] DEBUG org.hibernate.mapping.BasicValue - Skipping column re-registration: employees.work_location
2025-02-03 12:08:28 [main] DEBUG o.h.b.model.internal.PropertyBinder - Building property workLocation
2025-02-03 12:08:28 [main] DEBUG o.h.b.r.c.i.ClassLoaderServiceImpl - HHH000194: Package not found or no package-info.java: com.rts.tap.model
2025-02-03 12:08:28 [main] DEBUG o.h.j.e.i.CallbackDefinitionResolverLegacyImpl - Adding onUpdate as PreUpdate callback for entity com.rts.tap.model.Employee
2025-02-03 12:08:28 [main] DEBUG o.h.j.e.i.CallbackDefinitionResolverLegacyImpl - Adding onCreate as PrePersist callback for entity com.rts.tap.model.Employee
2025-02-03 12:08:28 [main] DEBUG o.h.boot.model.internal.EntityBinder - Binding entity from annotated class: com.rts.tap.model.Experience
2025-02-03 12:08:28 [main] DEBUG o.h.boot.model.internal.EntityBinder - Import with entity name Experience
2025-02-03 12:08:28 [main] DEBUG o.h.boot.model.internal.EntityBinder - Bind entity com.rts.tap.model.Experience on table experience
2025-02-03 12:08:28 [main] DEBUG o.h.b.model.internal.AnnotatedColumn - Binding column: AnnotatedDiscriminatorColumn(column='DTYPE')
2025-02-03 12:08:28 [main] DEBUG o.h.b.model.internal.AnnotatedColumn - Binding column: AnnotatedColumn(column='experience_id')
2025-02-03 12:08:28 [main] DEBUG o.h.b.internal.ClassLoaderAccessImpl - Not known whether passed class name [com.rts.tap.model.Experience] is safe
2025-02-03 12:08:28 [main] DEBUG o.h.b.internal.ClassLoaderAccessImpl - No temp ClassLoader provided; using live ClassLoader for loading potentially unsafe class : com.rts.tap.model.Experience
2025-02-03 12:08:28 [main] DEBUG o.h.b.model.internal.PropertyBinder - MetadataSourceProcessor property experienceId with lazy=false
2025-02-03 12:08:28 [main] DEBUG o.h.b.m.i.AbstractPropertyHolder - Attempting to locate auto-apply AttributeConverter for property [com.rts.tap.model.Experience:experienceId]
2025-02-03 12:08:28 [main] DEBUG o.h.b.m.internal.BasicValueBinder - building BasicValue for experienceId
2025-02-03 12:08:28 [main] DEBUG org.hibernate.mapping.BasicValue - Skipping column re-registration: experience.experience_id
2025-02-03 12:08:28 [main] DEBUG o.h.b.model.internal.PropertyBinder - Building property experienceId
2025-02-03 12:08:28 [main] DEBUG o.h.boot.model.internal.BinderHelper - #makeIdGenerator(BasicValue([Column(experience_id)]), experienceId, identity, , ...)
2025-02-03 12:08:28 [main] DEBUG o.h.b.model.internal.AnnotatedColumn - Binding column: AnnotatedColumn(column='companyName')
2025-02-03 12:08:28 [main] DEBUG o.h.b.model.internal.PropertyBinder - MetadataSourceProcessor property companyName with lazy=false
2025-02-03 12:08:28 [main] DEBUG o.h.b.m.i.AbstractPropertyHolder - Attempting to locate auto-apply AttributeConverter for property [com.rts.tap.model.Experience:companyName]
2025-02-03 12:08:28 [main] DEBUG o.h.b.m.internal.BasicValueBinder - building BasicValue for companyName
2025-02-03 12:08:28 [main] DEBUG org.hibernate.mapping.BasicValue - Skipping column re-registration: experience.company_name
2025-02-03 12:08:28 [main] DEBUG o.h.b.model.internal.PropertyBinder - Building property companyName
2025-02-03 12:08:28 [main] DEBUG o.h.b.model.internal.AnnotatedColumn - Binding column: AnnotatedColumn(column='created_date')
2025-02-03 12:08:28 [main] DEBUG o.h.b.model.internal.PropertyBinder - MetadataSourceProcessor property createdDate with lazy=false
2025-02-03 12:08:28 [main] DEBUG o.h.b.m.i.AbstractPropertyHolder - Attempting to locate auto-apply AttributeConverter for property [com.rts.tap.model.Experience:createdDate]
2025-02-03 12:08:28 [main] DEBUG o.h.b.m.internal.BasicValueBinder - building BasicValue for createdDate
2025-02-03 12:08:28 [main] DEBUG org.hibernate.mapping.BasicValue - Skipping column re-registration: experience.created_date
2025-02-03 12:08:28 [main] DEBUG o.h.b.model.internal.PropertyBinder - Building property createdDate
2025-02-03 12:08:28 [main] DEBUG o.h.b.model.internal.AnnotatedColumn - Binding column: AnnotatedColumn(column='from_Date')
2025-02-03 12:08:28 [main] DEBUG o.h.b.model.internal.PropertyBinder - MetadataSourceProcessor property fromDate with lazy=false
2025-02-03 12:08:28 [main] DEBUG o.h.b.m.i.AbstractPropertyHolder - Attempting to locate auto-apply AttributeConverter for property [com.rts.tap.model.Experience:fromDate]
2025-02-03 12:08:28 [main] DEBUG o.h.b.m.internal.BasicValueBinder - building BasicValue for fromDate
2025-02-03 12:08:28 [main] DEBUG org.hibernate.mapping.BasicValue - Skipping column re-registration: experience.from_date
2025-02-03 12:08:28 [main] DEBUG o.h.b.model.internal.PropertyBinder - Building property fromDate
2025-02-03 12:08:28 [main] DEBUG o.h.b.model.internal.AnnotatedColumn - Binding column: AnnotatedColumn(column='role')
2025-02-03 12:08:28 [main] DEBUG o.h.b.model.internal.PropertyBinder - MetadataSourceProcessor property role with lazy=false
2025-02-03 12:08:28 [main] DEBUG o.h.b.m.i.AbstractPropertyHolder - Attempting to locate auto-apply AttributeConverter for property [com.rts.tap.model.Experience:role]
2025-02-03 12:08:28 [main] DEBUG o.h.b.m.internal.BasicValueBinder - building BasicValue for role
2025-02-03 12:08:28 [main] DEBUG org.hibernate.mapping.BasicValue - Skipping column re-registration: experience.role
2025-02-03 12:08:28 [main] DEBUG o.h.b.model.internal.PropertyBinder - Building property role
2025-02-03 12:08:28 [main] DEBUG o.h.b.model.internal.AnnotatedColumn - Binding column: AnnotatedColumn(column='to_Date')
2025-02-03 12:08:28 [main] DEBUG o.h.b.model.internal.PropertyBinder - MetadataSourceProcessor property toDate with lazy=false
2025-02-03 12:08:28 [main] DEBUG o.h.b.m.i.AbstractPropertyHolder - Attempting to locate auto-apply AttributeConverter for property [com.rts.tap.model.Experience:toDate]
2025-02-03 12:08:28 [main] DEBUG o.h.b.m.internal.BasicValueBinder - building BasicValue for toDate
2025-02-03 12:08:28 [main] DEBUG org.hibernate.mapping.BasicValue - Skipping column re-registration: experience.to_date
2025-02-03 12:08:28 [main] DEBUG o.h.b.model.internal.PropertyBinder - Building property toDate
2025-02-03 12:08:28 [main] DEBUG o.h.b.model.internal.AnnotatedColumn - Binding column: AnnotatedColumn(column='updated_date')
2025-02-03 12:08:28 [main] DEBUG o.h.b.model.internal.PropertyBinder - MetadataSourceProcessor property updatedDate with lazy=false
2025-02-03 12:08:28 [main] DEBUG o.h.b.m.i.AbstractPropertyHolder - Attempting to locate auto-apply AttributeConverter for property [com.rts.tap.model.Experience:updatedDate]
2025-02-03 12:08:28 [main] DEBUG o.h.b.m.internal.BasicValueBinder - building BasicValue for updatedDate
2025-02-03 12:08:28 [main] DEBUG org.hibernate.mapping.BasicValue - Skipping column re-registration: experience.updated_date
2025-02-03 12:08:28 [main] DEBUG o.h.b.model.internal.PropertyBinder - Building property updatedDate
2025-02-03 12:08:28 [main] DEBUG o.h.b.r.c.i.ClassLoaderServiceImpl - HHH000194: Package not found or no package-info.java: com.rts.tap.model
2025-02-03 12:08:28 [main] DEBUG o.h.j.e.i.CallbackDefinitionResolverLegacyImpl - Adding onUpdate as PreUpdate callback for entity com.rts.tap.model.Experience
2025-02-03 12:08:28 [main] DEBUG o.h.j.e.i.CallbackDefinitionResolverLegacyImpl - Adding onCreate as PrePersist callback for entity com.rts.tap.model.Experience
2025-02-03 12:08:28 [main] DEBUG o.h.boot.model.internal.EntityBinder - Binding entity from annotated class: com.rts.tap.model.FamilyDetails
2025-02-03 12:08:28 [main] DEBUG o.h.boot.model.internal.EntityBinder - Import with entity name FamilyDetails
2025-02-03 12:08:28 [main] DEBUG o.h.boot.model.internal.EntityBinder - Bind entity com.rts.tap.model.FamilyDetails on table familydetails
2025-02-03 12:08:28 [main] DEBUG o.h.b.model.internal.AnnotatedColumn - Binding column: AnnotatedDiscriminatorColumn(column='DTYPE')
2025-02-03 12:08:28 [main] DEBUG o.h.b.model.internal.AnnotatedColumn - Binding column: AnnotatedColumn(column='familydetails_id')
2025-02-03 12:08:28 [main] DEBUG o.h.b.internal.ClassLoaderAccessImpl - Not known whether passed class name [com.rts.tap.model.FamilyDetails] is safe
2025-02-03 12:08:28 [main] DEBUG o.h.b.internal.ClassLoaderAccessImpl - No temp ClassLoader provided; using live ClassLoader for loading potentially unsafe class : com.rts.tap.model.FamilyDetails
2025-02-03 12:08:28 [main] DEBUG o.h.b.model.internal.PropertyBinder - MetadataSourceProcessor property familyDetailsID with lazy=false
2025-02-03 12:08:28 [main] DEBUG o.h.b.m.i.AbstractPropertyHolder - Attempting to locate auto-apply AttributeConverter for property [com.rts.tap.model.FamilyDetails:familyDetailsID]
2025-02-03 12:08:28 [main] DEBUG o.h.b.m.internal.BasicValueBinder - building BasicValue for familyDetailsID
2025-02-03 12:08:28 [main] DEBUG org.hibernate.mapping.BasicValue - Skipping column re-registration: familydetails.familydetails_id
2025-02-03 12:08:28 [main] DEBUG o.h.b.model.internal.PropertyBinder - Building property familyDetailsID
2025-02-03 12:08:28 [main] DEBUG o.h.boot.model.internal.BinderHelper - #makeIdGenerator(BasicValue([Column(familydetails_id)]), familyDetailsID, identity, , ...)
2025-02-03 12:08:28 [main] DEBUG o.h.b.model.internal.AnnotatedColumn - Binding column: AnnotatedColumn(column='date_of_birth')
2025-02-03 12:08:28 [main] DEBUG o.h.b.model.internal.PropertyBinder - MetadataSourceProcessor property dateOfBirth with lazy=false
2025-02-03 12:08:28 [main] DEBUG o.h.b.m.i.AbstractPropertyHolder - Attempting to locate auto-apply AttributeConverter for property [com.rts.tap.model.FamilyDetails:dateOfBirth]
2025-02-03 12:08:28 [main] DEBUG o.h.b.m.internal.BasicValueBinder - building BasicValue for dateOfBirth
2025-02-03 12:08:28 [main] DEBUG org.hibernate.mapping.BasicValue - Skipping column re-registration: familydetails.date_of_birth
2025-02-03 12:08:28 [main] DEBUG o.h.b.model.internal.PropertyBinder - Building property dateOfBirth
2025-02-03 12:08:28 [main] DEBUG o.h.b.model.internal.AnnotatedColumn - Binding column: AnnotatedColumn(column='familyMember_contactnumber')
2025-02-03 12:08:28 [main] DEBUG o.h.b.model.internal.PropertyBinder - MetadataSourceProcessor property familyMemberContactNumber with lazy=false
2025-02-03 12:08:28 [main] DEBUG o.h.b.m.i.AbstractPropertyHolder - Attempting to locate auto-apply AttributeConverter for property [com.rts.tap.model.FamilyDetails:familyMemberContactNumber]
2025-02-03 12:08:28 [main] DEBUG o.h.b.m.internal.BasicValueBinder - building BasicValue for familyMemberContactNumber
2025-02-03 12:08:28 [main] DEBUG org.hibernate.mapping.BasicValue - Skipping column re-registration: familydetails.family_member_contactnumber
2025-02-03 12:08:28 [main] DEBUG o.h.b.model.internal.PropertyBinder - Building property familyMemberContactNumber
2025-02-03 12:08:28 [main] DEBUG o.h.b.model.internal.AnnotatedColumn - Binding column: AnnotatedColumn(column='familymember_name')
2025-02-03 12:08:28 [main] DEBUG o.h.b.model.internal.PropertyBinder - MetadataSourceProcessor property familyMemberName with lazy=false
2025-02-03 12:08:28 [main] DEBUG o.h.b.m.i.AbstractPropertyHolder - Attempting to locate auto-apply AttributeConverter for property [com.rts.tap.model.FamilyDetails:familyMemberName]
2025-02-03 12:08:28 [main] DEBUG o.h.b.m.internal.BasicValueBinder - building BasicValue for familyMemberName
2025-02-03 12:08:28 [main] DEBUG org.hibernate.mapping.BasicValue - Skipping column re-registration: familydetails.familymember_name
2025-02-03 12:08:28 [main] DEBUG o.h.b.model.internal.PropertyBinder - Building property familyMemberName
2025-02-03 12:08:28 [main] DEBUG o.h.b.model.internal.AnnotatedColumn - Binding column: AnnotatedColumn(column='gender')
2025-02-03 12:08:28 [main] DEBUG o.h.b.model.internal.PropertyBinder - MetadataSourceProcessor property gender with lazy=false
2025-02-03 12:08:28 [main] DEBUG o.h.b.m.i.AbstractPropertyHolder - Attempting to locate auto-apply AttributeConverter for property [com.rts.tap.model.FamilyDetails:gender]
2025-02-03 12:08:28 [main] DEBUG o.h.b.m.internal.BasicValueBinder - building BasicValue for gender
2025-02-03 12:08:28 [main] DEBUG org.hibernate.mapping.BasicValue - Skipping column re-registration: familydetails.gender
2025-02-03 12:08:28 [main] DEBUG o.h.b.model.internal.PropertyBinder - Building property gender
2025-02-03 12:08:28 [main] DEBUG o.h.b.model.internal.AnnotatedColumn - Binding column: AnnotatedColumn(column='occupation')
2025-02-03 12:08:28 [main] DEBUG o.h.b.model.internal.PropertyBinder - MetadataSourceProcessor property occupation with lazy=false
2025-02-03 12:08:28 [main] DEBUG o.h.b.m.i.AbstractPropertyHolder - Attempting to locate auto-apply AttributeConverter for property [com.rts.tap.model.FamilyDetails:occupation]
2025-02-03 12:08:28 [main] DEBUG o.h.b.m.internal.BasicValueBinder - building BasicValue for occupation
2025-02-03 12:08:28 [main] DEBUG org.hibernate.mapping.BasicValue - Skipping column re-registration: familydetails.occupation
2025-02-03 12:08:28 [main] DEBUG o.h.b.model.internal.PropertyBinder - Building property occupation
2025-02-03 12:08:28 [main] DEBUG o.h.b.model.internal.AnnotatedColumn - Binding column: AnnotatedColumn(column='relationship')
2025-02-03 12:08:28 [main] DEBUG o.h.b.model.internal.PropertyBinder - MetadataSourceProcessor property relationship with lazy=false
2025-02-03 12:08:28 [main] DEBUG o.h.b.m.i.AbstractPropertyHolder - Attempting to locate auto-apply AttributeConverter for property [com.rts.tap.model.FamilyDetails:relationship]
2025-02-03 12:08:28 [main] DEBUG o.h.b.m.internal.BasicValueBinder - building BasicValue for relationship
2025-02-03 12:08:28 [main] DEBUG org.hibernate.mapping.BasicValue - Skipping column re-registration: familydetails.relationship
2025-02-03 12:08:28 [main] DEBUG o.h.b.model.internal.PropertyBinder - Building property relationship
2025-02-03 12:08:28 [main] DEBUG o.h.b.r.c.i.ClassLoaderServiceImpl - HHH000194: Package not found or no package-info.java: com.rts.tap.model
2025-02-03 12:08:28 [main] DEBUG o.h.boot.model.internal.EntityBinder - Binding entity from annotated class: com.rts.tap.model.Interview
2025-02-03 12:08:28 [main] DEBUG o.h.boot.model.internal.EntityBinder - Import with entity name Interview
2025-02-03 12:08:28 [main] DEBUG o.h.boot.model.internal.EntityBinder - Bind entity com.rts.tap.model.Interview on table interview
2025-02-03 12:08:28 [main] DEBUG o.h.b.model.internal.AnnotatedColumn - Binding column: AnnotatedDiscriminatorColumn(column='DTYPE')
2025-02-03 12:08:28 [main] DEBUG o.h.b.model.internal.AnnotatedColumn - Binding column: AnnotatedColumn()
2025-02-03 12:08:28 [main] DEBUG o.h.b.internal.ClassLoaderAccessImpl - Not known whether passed class name [com.rts.tap.model.Interview] is safe
2025-02-03 12:08:28 [main] DEBUG o.h.b.internal.ClassLoaderAccessImpl - No temp ClassLoader provided; using live ClassLoader for loading potentially unsafe class : com.rts.tap.model.Interview
2025-02-03 12:08:28 [main] DEBUG o.h.b.model.internal.PropertyBinder - MetadataSourceProcessor property interviewId with lazy=false
2025-02-03 12:08:28 [main] DEBUG o.h.b.m.i.AbstractPropertyHolder - Attempting to locate auto-apply AttributeConverter for property [com.rts.tap.model.Interview:interviewId]
2025-02-03 12:08:28 [main] DEBUG o.h.b.m.internal.BasicValueBinder - building BasicValue for interviewId
2025-02-03 12:08:28 [main] DEBUG org.hibernate.mapping.BasicValue - Skipping column re-registration: interview.interview_id
2025-02-03 12:08:28 [main] DEBUG o.h.b.model.internal.PropertyBinder - Building property interviewId
2025-02-03 12:08:28 [main] DEBUG o.h.boot.model.internal.BinderHelper - #makeIdGenerator(BasicValue([Column(interview_id)]), interviewId, identity, , ...)
2025-02-03 12:08:28 [main] DEBUG o.h.b.model.internal.AnnotatedColumn - Binding column: AnnotatedColumn()
2025-02-03 12:08:28 [main] DEBUG o.h.b.model.internal.PropertyBinder - MetadataSourceProcessor property Others with lazy=false
2025-02-03 12:08:28 [main] DEBUG o.h.b.m.i.AbstractPropertyHolder - Attempting to locate auto-apply AttributeConverter for property [com.rts.tap.model.Interview:Others]
2025-02-03 12:08:28 [main] DEBUG o.h.b.m.internal.BasicValueBinder - building BasicValue for Others
2025-02-03 12:08:28 [main] DEBUG org.hibernate.mapping.BasicValue - Skipping column re-registration: interview.others
2025-02-03 12:08:28 [main] DEBUG o.h.b.model.internal.PropertyBinder - Building property Others
2025-02-03 12:08:28 [main] DEBUG o.h.b.model.internal.AnnotatedColumn - Binding column: AnnotatedJoinColumn()
2025-02-03 12:08:28 [main] DEBUG o.h.b.model.internal.AnnotatedColumn - Binding column: AnnotatedColumn()
2025-02-03 12:08:28 [main] DEBUG o.h.b.model.internal.PropertyBinder - Building property candidate
2025-02-03 12:08:28 [main] DEBUG o.h.b.model.internal.AnnotatedColumn - Binding column: AnnotatedColumn()
2025-02-03 12:08:28 [main] DEBUG o.h.b.model.internal.PropertyBinder - MetadataSourceProcessor property candidateInterviewRescheduleReason with lazy=false
2025-02-03 12:08:28 [main] DEBUG o.h.b.m.i.AbstractPropertyHolder - Attempting to locate auto-apply AttributeConverter for property [com.rts.tap.model.Interview:candidateInterviewRescheduleReason]
2025-02-03 12:08:28 [main] DEBUG o.h.b.m.internal.BasicValueBinder - building BasicValue for candidateInterviewRescheduleReason
2025-02-03 12:08:28 [main] DEBUG org.hibernate.mapping.BasicValue - Skipping column re-registration: interview.candidate_interview_reschedule_reason
2025-02-03 12:08:28 [main] DEBUG o.h.b.model.internal.PropertyBinder - Building property candidateInterviewRescheduleReason
2025-02-03 12:08:28 [main] DEBUG o.h.b.model.internal.AnnotatedColumn - Binding column: AnnotatedColumn()
2025-02-03 12:08:28 [main] DEBUG o.h.b.model.internal.PropertyBinder - MetadataSourceProcessor property candidateStatus with lazy=false
2025-02-03 12:08:28 [main] DEBUG o.h.b.m.i.AbstractPropertyHolder - Attempting to locate auto-apply AttributeConverter for property [com.rts.tap.model.Interview:candidateStatus]
2025-02-03 12:08:28 [main] DEBUG o.h.b.m.internal.BasicValueBinder - building BasicValue for candidateStatus
2025-02-03 12:08:28 [main] DEBUG org.hibernate.mapping.BasicValue - Skipping column re-registration: interview.candidate_status
2025-02-03 12:08:28 [main] DEBUG o.h.b.model.internal.PropertyBinder - Building property candidateStatus
2025-02-03 12:08:28 [main] DEBUG o.h.b.model.internal.AnnotatedColumn - Binding column: AnnotatedColumn()
2025-02-03 12:08:28 [main] DEBUG o.h.b.model.internal.PropertyBinder - MetadataSourceProcessor property interviewDate with lazy=false
2025-02-03 12:08:28 [main] DEBUG o.h.b.m.i.AbstractPropertyHolder - Attempting to locate auto-apply AttributeConverter for property [com.rts.tap.model.Interview:interviewDate]
2025-02-03 12:08:28 [main] DEBUG o.h.b.m.internal.BasicValueBinder - building BasicValue for interviewDate
2025-02-03 12:08:28 [main] DEBUG org.hibernate.mapping.BasicValue - Skipping column re-registration: interview.interview_date
2025-02-03 12:08:28 [main] DEBUG o.h.b.model.internal.PropertyBinder - Building property interviewDate
2025-02-03 12:08:28 [main] DEBUG o.h.b.model.internal.AnnotatedColumn - Binding column: AnnotatedColumn()
2025-02-03 12:08:28 [main] DEBUG o.h.b.model.internal.PropertyBinder - MetadataSourceProcessor property interviewFromTime with lazy=false
2025-02-03 12:08:28 [main] DEBUG o.h.b.m.i.AbstractPropertyHolder - Attempting to locate auto-apply AttributeConverter for property [com.rts.tap.model.Interview:interviewFromTime]
2025-02-03 12:08:28 [main] DEBUG o.h.b.m.internal.BasicValueBinder - building BasicValue for interviewFromTime
2025-02-03 12:08:28 [main] DEBUG org.hibernate.mapping.BasicValue - Skipping column re-registration: interview.interview_from_time
2025-02-03 12:08:28 [main] DEBUG o.h.b.model.internal.PropertyBinder - Building property interviewFromTime
2025-02-03 12:08:28 [main] DEBUG o.h.b.model.internal.AnnotatedColumn - Binding column: AnnotatedColumn()
2025-02-03 12:08:28 [main] DEBUG o.h.b.model.internal.PropertyBinder - MetadataSourceProcessor property interviewTitle with lazy=false
2025-02-03 12:08:28 [main] DEBUG o.h.b.m.i.AbstractPropertyHolder - Attempting to locate auto-apply AttributeConverter for property [com.rts.tap.model.Interview:interviewTitle]
2025-02-03 12:08:28 [main] DEBUG o.h.b.m.internal.BasicValueBinder - building BasicValue for interviewTitle
2025-02-03 12:08:28 [main] DEBUG org.hibernate.mapping.BasicValue - Skipping column re-registration: interview.interview_title
2025-02-03 12:08:28 [main] DEBUG o.h.b.model.internal.PropertyBinder - Building property interviewTitle
2025-02-03 12:08:28 [main] DEBUG o.h.b.model.internal.AnnotatedColumn - Binding column: AnnotatedColumn()
2025-02-03 12:08:28 [main] DEBUG o.h.b.model.internal.PropertyBinder - MetadataSourceProcessor property interviewToTime with lazy=false
2025-02-03 12:08:28 [main] DEBUG o.h.b.m.i.AbstractPropertyHolder - Attempting to locate auto-apply AttributeConverter for property [com.rts.tap.model.Interview:interviewToTime]
2025-02-03 12:08:28 [main] DEBUG o.h.b.m.internal.BasicValueBinder - building BasicValue for interviewToTime
2025-02-03 12:08:28 [main] DEBUG org.hibernate.mapping.BasicValue - Skipping column re-registration: interview.interview_to_time
2025-02-03 12:08:28 [main] DEBUG o.h.b.model.internal.PropertyBinder - Building property interviewToTime
2025-02-03 12:08:28 [main] DEBUG o.h.b.model.internal.AnnotatedColumn - Binding column: AnnotatedColumn()
2025-02-03 12:08:28 [main] DEBUG o.h.b.model.internal.PropertyBinder - MetadataSourceProcessor property interviewerInterviewRescheduleReason with lazy=false
2025-02-03 12:08:28 [main] DEBUG o.h.b.m.i.AbstractPropertyHolder - Attempting to locate auto-apply AttributeConverter for property [com.rts.tap.model.Interview:interviewerInterviewRescheduleReason]
2025-02-03 12:08:28 [main] DEBUG o.h.b.m.internal.BasicValueBinder - building BasicValue for interviewerInterviewRescheduleReason
2025-02-03 12:08:28 [main] DEBUG org.hibernate.mapping.BasicValue - Skipping column re-registration: interview.interviewer_interview_reschedule_reason
2025-02-03 12:08:28 [main] DEBUG o.h.b.model.internal.PropertyBinder - Building property interviewerInterviewRescheduleReason
2025-02-03 12:08:28 [main] DEBUG o.h.b.model.internal.AnnotatedColumn - Binding column: AnnotatedColumn()
2025-02-03 12:08:28 [main] DEBUG o.h.b.model.internal.PropertyBinder - MetadataSourceProcessor property meetingUrl with lazy=false
2025-02-03 12:08:28 [main] DEBUG o.h.b.m.i.AbstractPropertyHolder - Attempting to locate auto-apply AttributeConverter for property [com.rts.tap.model.Interview:meetingUrl]
2025-02-03 12:08:28 [main] DEBUG o.h.b.m.internal.BasicValueBinder - building BasicValue for meetingUrl
2025-02-03 12:08:28 [main] DEBUG org.hibernate.mapping.BasicValue - Skipping column re-registration: interview.meeting_url
2025-02-03 12:08:28 [main] DEBUG o.h.b.model.internal.PropertyBinder - Building property meetingUrl
2025-02-03 12:08:28 [main] DEBUG o.h.b.model.internal.AnnotatedColumn - Binding column: AnnotatedJoinColumn()
2025-02-03 12:08:28 [main] DEBUG o.h.b.model.internal.AnnotatedColumn - Binding column: AnnotatedColumn()
2025-02-03 12:08:28 [main] DEBUG o.h.b.model.internal.PropertyBinder - Building property recruitmentProcess
2025-02-03 12:08:28 [main] DEBUG o.h.b.r.c.i.ClassLoaderServiceImpl - HHH000194: Package not found or no package-info.java: com.rts.tap.model
2025-02-03 12:08:28 [main] DEBUG o.h.boot.model.internal.EntityBinder - Binding entity from annotated class: com.rts.tap.model.Interviewer
2025-02-03 12:08:28 [main] DEBUG o.h.boot.model.internal.EntityBinder - Import with entity name Interviewer
2025-02-03 12:08:28 [main] DEBUG o.h.boot.model.internal.EntityBinder - Bind entity com.rts.tap.model.Interviewer on table interviewer
2025-02-03 12:08:28 [main] DEBUG o.h.b.model.internal.AnnotatedColumn - Binding column: AnnotatedDiscriminatorColumn(column='DTYPE')
2025-02-03 12:08:28 [main] DEBUG o.h.b.model.internal.AnnotatedColumn - Binding column: AnnotatedColumn()
2025-02-03 12:08:28 [main] DEBUG o.h.b.internal.ClassLoaderAccessImpl - Not known whether passed class name [com.rts.tap.model.Interviewer] is safe
2025-02-03 12:08:28 [main] DEBUG o.h.b.internal.ClassLoaderAccessImpl - No temp ClassLoader provided; using live ClassLoader for loading potentially unsafe class : com.rts.tap.model.Interviewer
2025-02-03 12:08:28 [main] DEBUG o.h.b.model.internal.PropertyBinder - MetadataSourceProcessor property interviewerId with lazy=false
2025-02-03 12:08:28 [main] DEBUG o.h.b.m.i.AbstractPropertyHolder - Attempting to locate auto-apply AttributeConverter for property [com.rts.tap.model.Interviewer:interviewerId]
2025-02-03 12:08:28 [main] DEBUG o.h.b.m.internal.BasicValueBinder - building BasicValue for interviewerId
2025-02-03 12:08:28 [main] DEBUG org.hibernate.mapping.BasicValue - Skipping column re-registration: interviewer.interviewer_id
2025-02-03 12:08:28 [main] DEBUG o.h.b.model.internal.PropertyBinder - Building property interviewerId
2025-02-03 12:08:28 [main] DEBUG o.h.boot.model.internal.BinderHelper - #makeIdGenerator(BasicValue([Column(interviewer_id)]), interviewerId, identity, , ...)
2025-02-03 12:08:28 [main] DEBUG o.h.b.model.internal.AnnotatedColumn - Binding column: AnnotatedJoinColumn()
2025-02-03 12:08:28 [main] DEBUG o.h.b.model.internal.AnnotatedColumn - Binding column: AnnotatedColumn()
2025-02-03 12:08:28 [main] DEBUG o.h.b.model.internal.PropertyBinder - Building property client
2025-02-03 12:08:28 [main] DEBUG o.h.b.model.internal.AnnotatedColumn - Binding column: AnnotatedJoinColumn()
2025-02-03 12:08:28 [main] DEBUG o.h.b.model.internal.AnnotatedColumn - Binding column: AnnotatedColumn()
2025-02-03 12:08:28 [main] DEBUG o.h.b.model.internal.PropertyBinder - Building property employee
2025-02-03 12:08:28 [main] DEBUG o.h.b.model.internal.AnnotatedColumn - Binding column: AnnotatedColumn()
2025-02-03 12:08:28 [main] DEBUG o.h.b.model.internal.PropertyBinder - MetadataSourceProcessor property status with lazy=false
2025-02-03 12:08:28 [main] DEBUG o.h.b.m.i.AbstractPropertyHolder - Attempting to locate auto-apply AttributeConverter for property [com.rts.tap.model.Interviewer:status]
2025-02-03 12:08:28 [main] DEBUG o.h.b.m.internal.BasicValueBinder - building BasicValue for status
2025-02-03 12:08:28 [main] DEBUG org.hibernate.mapping.BasicValue - Skipping column re-registration: interviewer.status
2025-02-03 12:08:28 [main] DEBUG o.h.b.model.internal.PropertyBinder - Building property status
2025-02-03 12:08:28 [main] DEBUG o.h.b.r.c.i.ClassLoaderServiceImpl - HHH000194: Package not found or no package-info.java: com.rts.tap.model
2025-02-03 12:08:28 [main] DEBUG o.h.boot.model.internal.EntityBinder - Binding entity from annotated class: com.rts.tap.model.JobDescription
2025-02-03 12:08:28 [main] DEBUG o.h.boot.model.internal.EntityBinder - Import with entity name JobDescription
2025-02-03 12:08:28 [main] DEBUG o.h.boot.model.internal.EntityBinder - Bind entity com.rts.tap.model.JobDescription on table job_description_table
2025-02-03 12:08:28 [main] DEBUG o.h.b.model.internal.AnnotatedColumn - Binding column: AnnotatedDiscriminatorColumn(column='DTYPE')
2025-02-03 12:08:28 [main] DEBUG o.h.b.model.internal.AnnotatedColumn - Binding column: AnnotatedColumn()
2025-02-03 12:08:28 [main] DEBUG o.h.b.internal.ClassLoaderAccessImpl - Not known whether passed class name [com.rts.tap.model.JobDescription] is safe
2025-02-03 12:08:28 [main] DEBUG o.h.b.internal.ClassLoaderAccessImpl - No temp ClassLoader provided; using live ClassLoader for loading potentially unsafe class : com.rts.tap.model.JobDescription
2025-02-03 12:08:28 [main] DEBUG o.h.b.model.internal.PropertyBinder - MetadataSourceProcessor property jobDescriptionId with lazy=false
2025-02-03 12:08:28 [main] DEBUG o.h.b.m.i.AbstractPropertyHolder - Attempting to locate auto-apply AttributeConverter for property [com.rts.tap.model.JobDescription:jobDescriptionId]
2025-02-03 12:08:28 [main] DEBUG o.h.b.m.internal.BasicValueBinder - building BasicValue for jobDescriptionId
2025-02-03 12:08:28 [main] DEBUG org.hibernate.mapping.BasicValue - Skipping column re-registration: job_description_table.job_description_id
2025-02-03 12:08:28 [main] DEBUG o.h.b.model.internal.PropertyBinder - Building property jobDescriptionId
2025-02-03 12:08:28 [main] DEBUG o.h.boot.model.internal.BinderHelper - #makeIdGenerator(BasicValue([Column(job_description_id)]), jobDescriptionId, identity, , ...)
2025-02-03 12:08:28 [main] DEBUG o.h.b.model.internal.AnnotatedColumn - Binding column: AnnotatedColumn()
2025-02-03 12:08:28 [main] DEBUG o.h.b.model.internal.PropertyBinder - MetadataSourceProcessor property jobParameter with lazy=false
2025-02-03 12:08:28 [main] DEBUG o.h.b.m.i.AbstractPropertyHolder - Attempting to locate auto-apply AttributeConverter for property [com.rts.tap.model.JobDescription:jobParameter]
2025-02-03 12:08:28 [main] DEBUG o.h.b.m.internal.BasicValueBinder - building BasicValue for jobParameter
2025-02-03 12:08:28 [main] DEBUG org.hibernate.mapping.BasicValue - Skipping column re-registration: job_description_table.job_parameter
2025-02-03 12:08:28 [main] DEBUG o.h.b.model.internal.PropertyBinder - Building property jobParameter
2025-02-03 12:08:28 [main] DEBUG o.h.b.model.internal.AnnotatedColumn - Binding column: AnnotatedColumn()
2025-02-03 12:08:28 [main] DEBUG o.h.b.model.internal.PropertyBinder - MetadataSourceProcessor property jobTitle with lazy=false
2025-02-03 12:08:28 [main] DEBUG o.h.b.m.i.AbstractPropertyHolder - Attempting to locate auto-apply AttributeConverter for property [com.rts.tap.model.JobDescription:jobTitle]
2025-02-03 12:08:28 [main] DEBUG o.h.b.m.internal.BasicValueBinder - building BasicValue for jobTitle
2025-02-03 12:08:28 [main] DEBUG org.hibernate.mapping.BasicValue - Skipping column re-registration: job_description_table.job_title
2025-02-03 12:08:28 [main] DEBUG o.h.b.model.internal.PropertyBinder - Building property jobTitle
2025-02-03 12:08:28 [main] DEBUG o.h.b.model.internal.AnnotatedColumn - Binding column: AnnotatedColumn()
2025-02-03 12:08:28 [main] DEBUG o.h.b.model.internal.PropertyBinder - MetadataSourceProcessor property rolesAndResponsibilities with lazy=false
2025-02-03 12:08:28 [main] DEBUG o.h.b.m.i.AbstractPropertyHolder - Attempting to locate auto-apply AttributeConverter for property [com.rts.tap.model.JobDescription:rolesAndResponsibilities]
2025-02-03 12:08:28 [main] DEBUG o.h.b.m.internal.BasicValueBinder - building BasicValue for rolesAndResponsibilities
2025-02-03 12:08:28 [main] DEBUG org.hibernate.mapping.BasicValue - Skipping column re-registration: job_description_table.roles_and_responsibilities
2025-02-03 12:08:28 [main] DEBUG o.h.b.model.internal.PropertyBinder - Building property rolesAndResponsibilities
2025-02-03 12:08:28 [main] DEBUG o.h.b.r.c.i.ClassLoaderServiceImpl - HHH000194: Package not found or no package-info.java: com.rts.tap.model
2025-02-03 12:08:28 [main] DEBUG o.h.boot.model.internal.EntityBinder - Binding entity from annotated class: com.rts.tap.model.JobPosting
2025-02-03 12:08:28 [main] DEBUG o.h.boot.model.internal.EntityBinder - Import with entity name JobPosting
2025-02-03 12:08:28 [main] DEBUG o.h.boot.model.internal.EntityBinder - Bind entity com.rts.tap.model.JobPosting on table job_posting
2025-02-03 12:08:28 [main] DEBUG o.h.b.model.internal.AnnotatedColumn - Binding column: AnnotatedDiscriminatorColumn(column='DTYPE')
2025-02-03 12:08:28 [main] DEBUG o.h.b.model.internal.AnnotatedColumn - Binding column: AnnotatedColumn()
2025-02-03 12:08:28 [main] DEBUG o.h.b.internal.ClassLoaderAccessImpl - Not known whether passed class name [com.rts.tap.model.JobPosting] is safe
2025-02-03 12:08:28 [main] DEBUG o.h.b.internal.ClassLoaderAccessImpl - No temp ClassLoader provided; using live ClassLoader for loading potentially unsafe class : com.rts.tap.model.JobPosting
2025-02-03 12:08:28 [main] DEBUG o.h.b.model.internal.PropertyBinder - MetadataSourceProcessor property jobPostingId with lazy=false
2025-02-03 12:08:28 [main] DEBUG o.h.b.m.i.AbstractPropertyHolder - Attempting to locate auto-apply AttributeConverter for property [com.rts.tap.model.JobPosting:jobPostingId]
2025-02-03 12:08:28 [main] DEBUG o.h.b.m.internal.BasicValueBinder - building BasicValue for jobPostingId
2025-02-03 12:08:28 [main] DEBUG org.hibernate.mapping.BasicValue - Skipping column re-registration: job_posting.job_posting_id
2025-02-03 12:08:28 [main] DEBUG o.h.b.model.internal.PropertyBinder - Building property jobPostingId
2025-02-03 12:08:28 [main] DEBUG o.h.boot.model.internal.BinderHelper - #makeIdGenerator(BasicValue([Column(job_posting_id)]), jobPostingId, identity, , ...)
2025-02-03 12:08:28 [main] DEBUG o.h.b.model.internal.AnnotatedColumn - Binding column: AnnotatedColumn(column='JobPoster')
2025-02-03 12:08:28 [main] DEBUG o.h.b.model.internal.PropertyBinder - MetadataSourceProcessor property jobPoster with lazy=false
2025-02-03 12:08:28 [main] DEBUG o.h.b.m.i.AbstractPropertyHolder - Attempting to locate auto-apply AttributeConverter for property [com.rts.tap.model.JobPosting:jobPoster]
2025-02-03 12:08:28 [main] DEBUG o.h.b.m.internal.BasicValueBinder - building BasicValue for jobPoster
2025-02-03 12:08:28 [main] DEBUG org.hibernate.mapping.BasicValue - Skipping column re-registration: job_posting.job_poster
2025-02-03 12:08:28 [main] DEBUG o.h.b.model.internal.PropertyBinder - Building property jobPoster
2025-02-03 12:08:28 [main] DEBUG o.h.b.model.internal.AnnotatedColumn - Binding column: AnnotatedColumn()
2025-02-03 12:08:28 [main] DEBUG o.h.b.model.internal.PropertyBinder - MetadataSourceProcessor property jobUrl with lazy=false
2025-02-03 12:08:28 [main] DEBUG o.h.b.m.i.AbstractPropertyHolder - Attempting to locate auto-apply AttributeConverter for property [com.rts.tap.model.JobPosting:jobUrl]
2025-02-03 12:08:28 [main] DEBUG o.h.b.m.internal.BasicValueBinder - building BasicValue for jobUrl
2025-02-03 12:08:28 [main] DEBUG org.hibernate.mapping.BasicValue - Skipping column re-registration: job_posting.job_url
2025-02-03 12:08:28 [main] DEBUG o.h.b.model.internal.PropertyBinder - Building property jobUrl
2025-02-03 12:08:28 [main] DEBUG o.h.b.model.internal.AnnotatedColumn - Binding column: AnnotatedJoinColumn()
2025-02-03 12:08:28 [main] DEBUG o.h.b.model.internal.AnnotatedColumn - Binding column: AnnotatedColumn()
2025-02-03 12:08:28 [main] DEBUG o.h.b.model.internal.PropertyBinder - Building property mrf
2025-02-03 12:08:28 [main] DEBUG o.h.b.model.internal.AnnotatedColumn - Binding column: AnnotatedJoinColumn()
2025-02-03 12:08:28 [main] DEBUG o.h.b.model.internal.AnnotatedColumn - Binding column: AnnotatedColumn()
2025-02-03 12:08:28 [main] DEBUG o.h.b.model.internal.PropertyBinder - Building property recruiter
2025-02-03 12:08:28 [main] DEBUG o.h.b.r.c.i.ClassLoaderServiceImpl - HHH000194: Package not found or no package-info.java: com.rts.tap.model
2025-02-03 12:08:28 [main] DEBUG o.h.boot.model.internal.EntityBinder - Binding entity from annotated class: com.rts.tap.model.Jobs
2025-02-03 12:08:28 [main] DEBUG o.h.boot.model.internal.EntityBinder - Import with entity name Jobs
2025-02-03 12:08:28 [main] DEBUG o.h.boot.model.internal.EntityBinder - Bind entity com.rts.tap.model.Jobs on table job_titles
2025-02-03 12:08:28 [main] DEBUG o.h.b.model.internal.AnnotatedColumn - Binding column: AnnotatedDiscriminatorColumn(column='DTYPE')
2025-02-03 12:08:28 [main] DEBUG o.h.b.model.internal.AnnotatedColumn - Binding column: AnnotatedColumn()
2025-02-03 12:08:28 [main] DEBUG o.h.b.internal.ClassLoaderAccessImpl - Not known whether passed class name [com.rts.tap.model.Jobs] is safe
2025-02-03 12:08:28 [main] DEBUG o.h.b.internal.ClassLoaderAccessImpl - No temp ClassLoader provided; using live ClassLoader for loading potentially unsafe class : com.rts.tap.model.Jobs
2025-02-03 12:08:28 [main] DEBUG o.h.b.model.internal.PropertyBinder - MetadataSourceProcessor property jobId with lazy=false
2025-02-03 12:08:28 [main] DEBUG o.h.b.m.i.AbstractPropertyHolder - Attempting to locate auto-apply AttributeConverter for property [com.rts.tap.model.Jobs:jobId]
2025-02-03 12:08:28 [main] DEBUG o.h.b.m.internal.BasicValueBinder - building BasicValue for jobId
2025-02-03 12:08:28 [main] DEBUG org.hibernate.mapping.BasicValue - Skipping column re-registration: job_titles.job_id
2025-02-03 12:08:28 [main] DEBUG o.h.b.model.internal.PropertyBinder - Building property jobId
2025-02-03 12:08:28 [main] DEBUG o.h.boot.model.internal.BinderHelper - #makeIdGenerator(BasicValue([Column(job_id)]), jobId, identity, , ...)
2025-02-03 12:08:28 [main] DEBUG o.h.b.model.internal.AnnotatedColumn - Binding column: AnnotatedColumn()
2025-02-03 12:08:28 [main] DEBUG o.h.b.model.internal.PropertyBinder - MetadataSourceProcessor property jobTitle with lazy=false
2025-02-03 12:08:28 [main] DEBUG o.h.b.m.i.AbstractPropertyHolder - Attempting to locate auto-apply AttributeConverter for property [com.rts.tap.model.Jobs:jobTitle]
2025-02-03 12:08:28 [main] DEBUG o.h.b.m.internal.BasicValueBinder - building BasicValue for jobTitle
2025-02-03 12:08:28 [main] DEBUG org.hibernate.mapping.BasicValue - Skipping column re-registration: job_titles.job_title
2025-02-03 12:08:28 [main] DEBUG o.h.b.model.internal.PropertyBinder - Building property jobTitle
2025-02-03 12:08:28 [main] DEBUG o.h.b.r.c.i.ClassLoaderServiceImpl - HHH000194: Package not found or no package-info.java: com.rts.tap.model
2025-02-03 12:08:28 [main] DEBUG o.h.boot.model.internal.EntityBinder - Binding entity from annotated class: com.rts.tap.model.LoginCredentials
2025-02-03 12:08:28 [main] DEBUG o.h.boot.model.internal.EntityBinder - Import with entity name LoginCredentials
2025-02-03 12:08:28 [main] DEBUG o.h.boot.model.internal.EntityBinder - Bind entity com.rts.tap.model.LoginCredentials on table login_credentials
2025-02-03 12:08:28 [main] DEBUG o.h.b.model.internal.AnnotatedColumn - Binding column: AnnotatedDiscriminatorColumn(column='DTYPE')
2025-02-03 12:08:28 [main] DEBUG o.h.b.model.internal.AnnotatedColumn - Binding column: AnnotatedColumn(column='user_id')
2025-02-03 12:08:28 [main] DEBUG o.h.b.internal.ClassLoaderAccessImpl - Not known whether passed class name [com.rts.tap.model.LoginCredentials] is safe
2025-02-03 12:08:28 [main] DEBUG o.h.b.internal.ClassLoaderAccessImpl - No temp ClassLoader provided; using live ClassLoader for loading potentially unsafe class : com.rts.tap.model.LoginCredentials
2025-02-03 12:08:28 [main] DEBUG o.h.b.model.internal.PropertyBinder - MetadataSourceProcessor property userId with lazy=false
2025-02-03 12:08:28 [main] DEBUG o.h.b.m.i.AbstractPropertyHolder - Attempting to locate auto-apply AttributeConverter for property [com.rts.tap.model.LoginCredentials:userId]
2025-02-03 12:08:28 [main] DEBUG o.h.b.m.internal.BasicValueBinder - building BasicValue for userId
2025-02-03 12:08:28 [main] DEBUG org.hibernate.mapping.BasicValue - Skipping column re-registration: login_credentials.user_id
2025-02-03 12:08:28 [main] DEBUG o.h.b.model.internal.PropertyBinder - Building property userId
2025-02-03 12:08:28 [main] DEBUG o.h.boot.model.internal.BinderHelper - #makeIdGenerator(BasicValue([Column(user_id)]), userId, identity, , ...)
2025-02-03 12:08:28 [main] DEBUG o.h.b.model.internal.AnnotatedColumn - Binding column: AnnotatedColumn(column='created_date')
2025-02-03 12:08:28 [main] DEBUG o.h.b.model.internal.PropertyBinder - MetadataSourceProcessor property createdDate with lazy=false
2025-02-03 12:08:28 [main] DEBUG o.h.b.m.i.AbstractPropertyHolder - Attempting to locate auto-apply AttributeConverter for property [com.rts.tap.model.LoginCredentials:createdDate]
2025-02-03 12:08:28 [main] DEBUG o.h.b.m.internal.BasicValueBinder - building BasicValue for createdDate
2025-02-03 12:08:28 [main] DEBUG org.hibernate.mapping.BasicValue - Skipping column re-registration: login_credentials.created_date
2025-02-03 12:08:28 [main] DEBUG o.h.b.model.internal.PropertyBinder - Building property createdDate
2025-02-03 12:08:28 [main] DEBUG o.h.b.model.internal.AnnotatedColumn - Binding column: AnnotatedJoinColumn(column='employee_id')
2025-02-03 12:08:28 [main] DEBUG o.h.b.model.internal.AnnotatedColumn - Binding column: AnnotatedColumn()
2025-02-03 12:08:28 [main] DEBUG o.h.b.model.internal.PropertyBinder - Building property employee
2025-02-03 12:08:28 [main] DEBUG o.h.b.model.internal.AnnotatedColumn - Binding column: AnnotatedColumn(column='failed_attempts')
2025-02-03 12:08:28 [main] DEBUG o.h.b.model.internal.PropertyBinder - MetadataSourceProcessor property failedAttempts with lazy=false
2025-02-03 12:08:28 [main] DEBUG o.h.b.m.i.AbstractPropertyHolder - Attempting to locate auto-apply AttributeConverter for property [com.rts.tap.model.LoginCredentials:failedAttempts]
2025-02-03 12:08:28 [main] DEBUG o.h.b.m.internal.BasicValueBinder - building BasicValue for failedAttempts
2025-02-03 12:08:28 [main] DEBUG org.hibernate.mapping.BasicValue - Skipping column re-registration: login_credentials.failed_attempts
2025-02-03 12:08:28 [main] DEBUG o.h.b.model.internal.PropertyBinder - Building property failedAttempts
2025-02-03 12:08:28 [main] DEBUG o.h.b.model.internal.AnnotatedColumn - Binding column: AnnotatedColumn(column='ispassword_change')
2025-02-03 12:08:28 [main] DEBUG o.h.b.model.internal.PropertyBinder - MetadataSourceProcessor property isPasswordChange with lazy=false
2025-02-03 12:08:28 [main] DEBUG o.h.b.m.i.AbstractPropertyHolder - Attempting to locate auto-apply AttributeConverter for property [com.rts.tap.model.LoginCredentials:isPasswordChange]
2025-02-03 12:08:28 [main] DEBUG o.h.b.m.internal.BasicValueBinder - building BasicValue for isPasswordChange
2025-02-03 12:08:28 [main] DEBUG org.hibernate.mapping.BasicValue - Skipping column re-registration: login_credentials.ispassword_change
2025-02-03 12:08:28 [main] DEBUG o.h.b.model.internal.PropertyBinder - Building property isPasswordChange
2025-02-03 12:08:28 [main] DEBUG o.h.b.model.internal.AnnotatedColumn - Binding column: AnnotatedColumn(column='lockout_count')
2025-02-03 12:08:28 [main] DEBUG o.h.b.model.internal.PropertyBinder - MetadataSourceProcessor property lockoutCount with lazy=false
2025-02-03 12:08:28 [main] DEBUG o.h.b.m.i.AbstractPropertyHolder - Attempting to locate auto-apply AttributeConverter for property [com.rts.tap.model.LoginCredentials:lockoutCount]
2025-02-03 12:08:28 [main] DEBUG o.h.b.m.internal.BasicValueBinder - building BasicValue for lockoutCount
2025-02-03 12:08:28 [main] DEBUG org.hibernate.mapping.BasicValue - Skipping column re-registration: login_credentials.lockout_count
2025-02-03 12:08:28 [main] DEBUG o.h.b.model.internal.PropertyBinder - Building property lockoutCount
2025-02-03 12:08:28 [main] DEBUG o.h.b.model.internal.AnnotatedColumn - Binding column: AnnotatedColumn(column='lockout_time')
2025-02-03 12:08:28 [main] DEBUG o.h.b.model.internal.PropertyBinder - MetadataSourceProcessor property lockoutTime with lazy=false
2025-02-03 12:08:28 [main] DEBUG o.h.b.m.i.AbstractPropertyHolder - Attempting to locate auto-apply AttributeConverter for property [com.rts.tap.model.LoginCredentials:lockoutTime]
2025-02-03 12:08:28 [main] DEBUG o.h.b.m.internal.BasicValueBinder - building BasicValue for lockoutTime
2025-02-03 12:08:28 [main] DEBUG org.hibernate.mapping.BasicValue - Skipping column re-registration: login_credentials.lockout_time
2025-02-03 12:08:28 [main] DEBUG o.h.b.model.internal.PropertyBinder - Building property lockoutTime
2025-02-03 12:08:28 [main] DEBUG o.h.b.model.internal.AnnotatedColumn - Binding column: AnnotatedColumn(column='password_hash')
2025-02-03 12:08:28 [main] DEBUG o.h.b.model.internal.PropertyBinder - MetadataSourceProcessor property passwordHash with lazy=false
2025-02-03 12:08:28 [main] DEBUG o.h.b.m.i.AbstractPropertyHolder - Attempting to locate auto-apply AttributeConverter for property [com.rts.tap.model.LoginCredentials:passwordHash]
2025-02-03 12:08:28 [main] DEBUG o.h.b.m.internal.BasicValueBinder - building BasicValue for passwordHash
2025-02-03 12:08:28 [main] DEBUG org.hibernate.mapping.BasicValue - Skipping column re-registration: login_credentials.password_hash
2025-02-03 12:08:28 [main] DEBUG o.h.b.model.internal.PropertyBinder - Building property passwordHash
2025-02-03 12:08:28 [main] DEBUG o.h.b.model.internal.AnnotatedColumn - Binding column: AnnotatedColumn(column='updated_date')
2025-02-03 12:08:28 [main] DEBUG o.h.b.model.internal.PropertyBinder - MetadataSourceProcessor property updatedDate with lazy=false
2025-02-03 12:08:28 [main] DEBUG o.h.b.m.i.AbstractPropertyHolder - Attempting to locate auto-apply AttributeConverter for property [com.rts.tap.model.LoginCredentials:updatedDate]
2025-02-03 12:08:28 [main] DEBUG o.h.b.m.internal.BasicValueBinder - building BasicValue for updatedDate
2025-02-03 12:08:28 [main] DEBUG org.hibernate.mapping.BasicValue - Skipping column re-registration: login_credentials.updated_date
2025-02-03 12:08:28 [main] DEBUG o.h.b.model.internal.PropertyBinder - Building property updatedDate
2025-02-03 12:08:28 [main] DEBUG o.h.b.model.internal.AnnotatedColumn - Binding column: AnnotatedColumn(column='user_email')
2025-02-03 12:08:28 [main] DEBUG o.h.b.model.internal.PropertyBinder - MetadataSourceProcessor property userEmail with lazy=false
2025-02-03 12:08:28 [main] DEBUG o.h.b.m.i.AbstractPropertyHolder - Attempting to locate auto-apply AttributeConverter for property [com.rts.tap.model.LoginCredentials:userEmail]
2025-02-03 12:08:28 [main] DEBUG o.h.b.m.internal.BasicValueBinder - building BasicValue for userEmail
2025-02-03 12:08:28 [main] DEBUG org.hibernate.mapping.BasicValue - Skipping column re-registration: login_credentials.user_email
2025-02-03 12:08:28 [main] DEBUG o.h.b.model.internal.PropertyBinder - Building property userEmail
2025-02-03 12:08:28 [main] DEBUG o.h.b.r.c.i.ClassLoaderServiceImpl - HHH000194: Package not found or no package-info.java: com.rts.tap.model
2025-02-03 12:08:28 [main] DEBUG o.h.j.e.i.CallbackDefinitionResolverLegacyImpl - Adding onUpdate as PreUpdate callback for entity com.rts.tap.model.LoginCredentials
2025-02-03 12:08:28 [main] DEBUG o.h.j.e.i.CallbackDefinitionResolverLegacyImpl - Adding onCreate as PrePersist callback for entity com.rts.tap.model.LoginCredentials
2025-02-03 12:08:28 [main] DEBUG o.h.boot.model.internal.EntityBinder - Binding entity from annotated class: com.rts.tap.model.MRF
2025-02-03 12:08:28 [main] DEBUG o.h.boot.model.internal.EntityBinder - Import with entity name MRF
2025-02-03 12:08:28 [main] DEBUG o.h.boot.model.internal.EntityBinder - Bind entity com.rts.tap.model.MRF on table mrf_table
2025-02-03 12:08:28 [main] DEBUG o.h.b.model.internal.AnnotatedColumn - Binding column: AnnotatedDiscriminatorColumn(column='DTYPE')
2025-02-03 12:08:28 [main] DEBUG o.h.b.model.internal.AnnotatedColumn - Binding column: AnnotatedColumn()
2025-02-03 12:08:28 [main] DEBUG o.h.b.internal.ClassLoaderAccessImpl - Not known whether passed class name [com.rts.tap.model.MRF] is safe
2025-02-03 12:08:28 [main] DEBUG o.h.b.internal.ClassLoaderAccessImpl - No temp ClassLoader provided; using live ClassLoader for loading potentially unsafe class : com.rts.tap.model.MRF
2025-02-03 12:08:28 [main] DEBUG o.h.b.model.internal.PropertyBinder - MetadataSourceProcessor property mrfId with lazy=false
2025-02-03 12:08:28 [main] DEBUG o.h.b.m.i.AbstractPropertyHolder - Attempting to locate auto-apply AttributeConverter for property [com.rts.tap.model.MRF:mrfId]
2025-02-03 12:08:28 [main] DEBUG o.h.b.m.internal.BasicValueBinder - building BasicValue for mrfId
2025-02-03 12:08:28 [main] DEBUG org.hibernate.mapping.BasicValue - Skipping column re-registration: mrf_table.mrf_id
2025-02-03 12:08:28 [main] DEBUG o.h.b.model.internal.PropertyBinder - Building property mrfId
2025-02-03 12:08:28 [main] DEBUG o.h.boot.model.internal.BinderHelper - #makeIdGenerator(BasicValue([Column(mrf_id)]), mrfId, identity, , ...)
2025-02-03 12:08:28 [main] DEBUG o.h.b.model.internal.AnnotatedColumn - Binding column: AnnotatedJoinColumn(column='businessUnitHeadId')
2025-02-03 12:08:28 [main] DEBUG o.h.b.model.internal.AnnotatedColumn - Binding column: AnnotatedColumn()
2025-02-03 12:08:28 [main] DEBUG o.h.b.model.internal.PropertyBinder - Building property businessUnitHead
2025-02-03 12:08:28 [main] DEBUG o.h.b.model.internal.AnnotatedColumn - Binding column: AnnotatedJoinColumn(column='clientPartnerId')
2025-02-03 12:08:28 [main] DEBUG o.h.b.model.internal.AnnotatedColumn - Binding column: AnnotatedColumn()
2025-02-03 12:08:28 [main] DEBUG o.h.b.model.internal.PropertyBinder - Building property clientPartner
2025-02-03 12:08:28 [main] DEBUG o.h.b.model.internal.AnnotatedColumn - Binding column: AnnotatedColumn()
2025-02-03 12:08:28 [main] DEBUG o.h.b.model.internal.PropertyBinder - MetadataSourceProcessor property createdAt with lazy=false
2025-02-03 12:08:28 [main] DEBUG o.h.b.m.i.AbstractPropertyHolder - Attempting to locate auto-apply AttributeConverter for property [com.rts.tap.model.MRF:createdAt]
2025-02-03 12:08:28 [main] DEBUG o.h.b.m.internal.BasicValueBinder - building BasicValue for createdAt
2025-02-03 12:08:28 [main] DEBUG org.hibernate.mapping.BasicValue - Skipping column re-registration: mrf_table.created_at
2025-02-03 12:08:28 [main] DEBUG o.h.b.model.internal.PropertyBinder - Building property createdAt
2025-02-03 12:08:28 [main] DEBUG o.h.b.model.internal.AnnotatedColumn - Binding column: AnnotatedJoinColumn()
2025-02-03 12:08:28 [main] DEBUG o.h.b.model.internal.AnnotatedColumn - Binding column: AnnotatedColumn()
2025-02-03 12:08:28 [main] DEBUG o.h.b.model.internal.PropertyBinder - Building property mrfAgreement
2025-02-03 12:08:28 [main] DEBUG o.h.b.model.internal.AnnotatedColumn - Binding column: AnnotatedJoinColumn()
2025-02-03 12:08:28 [main] DEBUG o.h.b.model.internal.AnnotatedColumn - Binding column: AnnotatedColumn()
2025-02-03 12:08:28 [main] DEBUG o.h.b.model.internal.PropertyBinder - Building property mrfCriteria
2025-02-03 12:08:28 [main] DEBUG o.h.b.model.internal.AnnotatedColumn - Binding column: AnnotatedColumn()
2025-02-03 12:08:28 [main] DEBUG o.h.b.model.internal.PropertyBinder - MetadataSourceProcessor property mrfDepartmentName with lazy=false
2025-02-03 12:08:28 [main] DEBUG o.h.b.m.i.AbstractPropertyHolder - Attempting to locate auto-apply AttributeConverter for property [com.rts.tap.model.MRF:mrfDepartmentName]
2025-02-03 12:08:28 [main] DEBUG o.h.b.m.internal.BasicValueBinder - building BasicValue for mrfDepartmentName
2025-02-03 12:08:28 [main] DEBUG org.hibernate.mapping.BasicValue - Skipping column re-registration: mrf_table.mrf_department_name
2025-02-03 12:08:28 [main] DEBUG o.h.b.model.internal.PropertyBinder - Building property mrfDepartmentName
2025-02-03 12:08:28 [main] DEBUG o.h.b.model.internal.AnnotatedColumn - Binding column: AnnotatedJoinColumn()
2025-02-03 12:08:28 [main] DEBUG o.h.b.model.internal.AnnotatedColumn - Binding column: AnnotatedColumn()
2025-02-03 12:08:28 [main] DEBUG o.h.b.model.internal.PropertyBinder - Building property mrfJd
2025-02-03 12:08:28 [main] DEBUG o.h.b.model.internal.AnnotatedColumn - Binding column: AnnotatedColumn()
2025-02-03 12:08:28 [main] DEBUG o.h.b.model.internal.PropertyBinder - MetadataSourceProcessor property mrfRequiredTechnology with lazy=false
2025-02-03 12:08:28 [main] DEBUG o.h.b.m.i.AbstractPropertyHolder - Attempting to locate auto-apply AttributeConverter for property [com.rts.tap.model.MRF:mrfRequiredTechnology]
2025-02-03 12:08:28 [main] DEBUG o.h.b.m.internal.BasicValueBinder - building BasicValue for mrfRequiredTechnology
2025-02-03 12:08:28 [main] DEBUG org.hibernate.mapping.BasicValue - Skipping column re-registration: mrf_table.mrf_required_technology
2025-02-03 12:08:28 [main] DEBUG o.h.b.model.internal.PropertyBinder - Building property mrfRequiredTechnology
2025-02-03 12:08:28 [main] DEBUG o.h.b.model.internal.AnnotatedColumn - Binding column: AnnotatedJoinColumn()
2025-02-03 12:08:28 [main] DEBUG o.h.b.model.internal.AnnotatedColumn - Binding column: AnnotatedColumn()
2025-02-03 12:08:28 [main] DEBUG o.h.b.model.internal.PropertyBinder - Building property mrfStatus
2025-02-03 12:08:28 [main] DEBUG o.h.b.model.internal.AnnotatedColumn - Binding column: AnnotatedColumn()
2025-02-03 12:08:28 [main] DEBUG o.h.b.model.internal.PropertyBinder - MetadataSourceProcessor property probableDesignation with lazy=false
2025-02-03 12:08:28 [main] DEBUG o.h.b.m.i.AbstractPropertyHolder - Attempting to locate auto-apply AttributeConverter for property [com.rts.tap.model.MRF:probableDesignation]
2025-02-03 12:08:28 [main] DEBUG o.h.b.m.internal.BasicValueBinder - building BasicValue for probableDesignation
2025-02-03 12:08:28 [main] DEBUG org.hibernate.mapping.BasicValue - Skipping column re-registration: mrf_table.probable_designation
2025-02-03 12:08:28 [main] DEBUG o.h.b.model.internal.PropertyBinder - Building property probableDesignation
2025-02-03 12:08:28 [main] DEBUG o.h.b.model.internal.AnnotatedColumn - Binding column: AnnotatedColumn()
2025-02-03 12:08:28 [main] DEBUG o.h.b.model.internal.PropertyBinder - MetadataSourceProcessor property requiredResourceCount with lazy=false
2025-02-03 12:08:28 [main] DEBUG o.h.b.m.i.AbstractPropertyHolder - Attempting to locate auto-apply AttributeConverter for property [com.rts.tap.model.MRF:requiredResourceCount]
2025-02-03 12:08:28 [main] DEBUG o.h.b.m.internal.BasicValueBinder - building BasicValue for requiredResourceCount
2025-02-03 12:08:28 [main] DEBUG org.hibernate.mapping.BasicValue - Skipping column re-registration: mrf_table.required_resource_count
2025-02-03 12:08:28 [main] DEBUG o.h.b.model.internal.PropertyBinder - Building property requiredResourceCount
2025-02-03 12:08:28 [main] DEBUG o.h.b.model.internal.AnnotatedColumn - Binding column: AnnotatedColumn()
2025-02-03 12:08:28 [main] DEBUG o.h.b.model.internal.PropertyBinder - MetadataSourceProcessor property requiredSkills with lazy=false
2025-02-03 12:08:28 [main] DEBUG o.h.b.m.i.AbstractPropertyHolder - Attempting to locate auto-apply AttributeConverter for property [com.rts.tap.model.MRF:requiredSkills]
2025-02-03 12:08:28 [main] DEBUG o.h.b.m.internal.BasicValueBinder - building BasicValue for requiredSkills
2025-02-03 12:08:28 [main] DEBUG org.hibernate.mapping.BasicValue - Skipping column re-registration: mrf_table.required_skills
2025-02-03 12:08:28 [main] DEBUG o.h.b.model.internal.PropertyBinder - Building property requiredSkills
2025-02-03 12:08:28 [main] DEBUG o.h.b.model.internal.AnnotatedColumn - Binding column: AnnotatedJoinColumn(column='requirementId')
2025-02-03 12:08:28 [main] DEBUG o.h.b.model.internal.AnnotatedColumn - Binding column: AnnotatedColumn()
2025-02-03 12:08:28 [main] DEBUG o.h.b.model.internal.PropertyBinder - Building property requirement
2025-02-03 12:08:28 [main] DEBUG o.h.b.model.internal.AnnotatedColumn - Binding column: AnnotatedJoinColumn()
2025-02-03 12:08:28 [main] DEBUG o.h.b.model.internal.AnnotatedColumn - Binding column: AnnotatedColumn()
2025-02-03 12:08:28 [main] DEBUG o.h.b.model.internal.PropertyBinder - Building property subRequirements
2025-02-03 12:08:28 [main] DEBUG o.h.b.model.internal.AnnotatedColumn - Binding column: AnnotatedColumn()
2025-02-03 12:08:28 [main] DEBUG o.h.b.model.internal.PropertyBinder - MetadataSourceProcessor property updatedAt with lazy=false
2025-02-03 12:08:28 [main] DEBUG o.h.b.m.i.AbstractPropertyHolder - Attempting to locate auto-apply AttributeConverter for property [com.rts.tap.model.MRF:updatedAt]
2025-02-03 12:08:28 [main] DEBUG o.h.b.m.internal.BasicValueBinder - building BasicValue for updatedAt
2025-02-03 12:08:28 [main] DEBUG org.hibernate.mapping.BasicValue - Skipping column re-registration: mrf_table.updated_at
2025-02-03 12:08:28 [main] DEBUG o.h.b.model.internal.PropertyBinder - Building property updatedAt
2025-02-03 12:08:28 [main] DEBUG o.h.b.r.c.i.ClassLoaderServiceImpl - HHH000194: Package not found or no package-info.java: com.rts.tap.model
2025-02-03 12:08:28 [main] DEBUG o.h.boot.model.internal.EntityBinder - Binding entity from annotated class: com.rts.tap.model.MRFAgreement
2025-02-03 12:08:28 [main] DEBUG o.h.boot.model.internal.EntityBinder - Import with entity name MRFAgreement
2025-02-03 12:08:28 [main] DEBUG o.h.boot.model.internal.EntityBinder - Bind entity com.rts.tap.model.MRFAgreement on table mrf_agreement_table
2025-02-03 12:08:28 [main] DEBUG o.h.b.model.internal.AnnotatedColumn - Binding column: AnnotatedDiscriminatorColumn(column='DTYPE')
2025-02-03 12:08:28 [main] DEBUG o.h.b.model.internal.AnnotatedColumn - Binding column: AnnotatedColumn()
2025-02-03 12:08:28 [main] DEBUG o.h.b.internal.ClassLoaderAccessImpl - Not known whether passed class name [com.rts.tap.model.MRFAgreement] is safe
2025-02-03 12:08:28 [main] DEBUG o.h.b.internal.ClassLoaderAccessImpl - No temp ClassLoader provided; using live ClassLoader for loading potentially unsafe class : com.rts.tap.model.MRFAgreement
2025-02-03 12:08:28 [main] DEBUG o.h.b.model.internal.PropertyBinder - MetadataSourceProcessor property mrfAgreementId with lazy=false
2025-02-03 12:08:28 [main] DEBUG o.h.b.m.i.AbstractPropertyHolder - Attempting to locate auto-apply AttributeConverter for property [com.rts.tap.model.MRFAgreement:mrfAgreementId]
2025-02-03 12:08:28 [main] DEBUG o.h.b.m.internal.BasicValueBinder - building BasicValue for mrfAgreementId
2025-02-03 12:08:28 [main] DEBUG org.hibernate.mapping.BasicValue - Skipping column re-registration: mrf_agreement_table.mrf_agreement_id
2025-02-03 12:08:28 [main] DEBUG o.h.b.model.internal.PropertyBinder - Building property mrfAgreementId
2025-02-03 12:08:28 [main] DEBUG o.h.boot.model.internal.BinderHelper - #makeIdGenerator(BasicValue([Column(mrf_agreement_id)]), mrfAgreementId, identity, , ...)
2025-02-03 12:08:28 [main] DEBUG o.h.b.model.internal.AnnotatedColumn - Binding column: AnnotatedColumn()
2025-02-03 12:08:28 [main] DEBUG o.h.b.model.internal.PropertyBinder - MetadataSourceProcessor property billingCycle with lazy=false
2025-02-03 12:08:28 [main] DEBUG o.h.b.m.i.AbstractPropertyHolder - Attempting to locate auto-apply AttributeConverter for property [com.rts.tap.model.MRFAgreement:billingCycle]
2025-02-03 12:08:28 [main] DEBUG o.h.b.m.internal.BasicValueBinder - building BasicValue for billingCycle
2025-02-03 12:08:28 [main] DEBUG org.hibernate.mapping.BasicValue - Skipping column re-registration: mrf_agreement_table.billing_cycle
2025-02-03 12:08:28 [main] DEBUG o.h.b.model.internal.PropertyBinder - Building property billingCycle
2025-02-03 12:08:28 [main] DEBUG o.h.b.model.internal.AnnotatedColumn - Binding column: AnnotatedColumn()
2025-02-03 12:08:28 [main] DEBUG o.h.b.model.internal.PropertyBinder - MetadataSourceProcessor property mrfTemplate with lazy=false
2025-02-03 12:08:28 [main] DEBUG o.h.b.m.i.AbstractPropertyHolder - Attempting to locate auto-apply AttributeConverter for property [com.rts.tap.model.MRFAgreement:mrfTemplate]
2025-02-03 12:08:28 [main] DEBUG o.h.b.m.internal.BasicValueBinder - building BasicValue for mrfTemplate
2025-02-03 12:08:28 [main] DEBUG org.hibernate.mapping.BasicValue - Skipping column re-registration: mrf_agreement_table.mrf_template
2025-02-03 12:08:28 [main] DEBUG o.h.b.model.internal.PropertyBinder - Building property mrfTemplate
2025-02-03 12:08:28 [main] DEBUG o.h.b.model.internal.AnnotatedColumn - Binding column: AnnotatedColumn()
2025-02-03 12:08:28 [main] DEBUG o.h.b.model.internal.PropertyBinder - MetadataSourceProcessor property negotiatedPricePoint with lazy=false
2025-02-03 12:08:28 [main] DEBUG o.h.b.m.i.AbstractPropertyHolder - Attempting to locate auto-apply AttributeConverter for property [com.rts.tap.model.MRFAgreement:negotiatedPricePoint]
2025-02-03 12:08:28 [main] DEBUG o.h.b.m.internal.BasicValueBinder - building BasicValue for negotiatedPricePoint
2025-02-03 12:08:28 [main] DEBUG org.hibernate.mapping.BasicValue - Skipping column re-registration: mrf_agreement_table.negotiated_price_point
2025-02-03 12:08:28 [main] DEBUG o.h.b.model.internal.PropertyBinder - Building property negotiatedPricePoint
2025-02-03 12:08:28 [main] DEBUG o.h.b.model.internal.AnnotatedColumn - Binding column: AnnotatedColumn()
2025-02-03 12:08:28 [main] DEBUG o.h.b.model.internal.PropertyBinder - MetadataSourceProcessor property proposedBudget with lazy=false
2025-02-03 12:08:28 [main] DEBUG o.h.b.m.i.AbstractPropertyHolder - Attempting to locate auto-apply AttributeConverter for property [com.rts.tap.model.MRFAgreement:proposedBudget]
2025-02-03 12:08:28 [main] DEBUG o.h.b.m.internal.BasicValueBinder - building BasicValue for proposedBudget
2025-02-03 12:08:28 [main] DEBUG org.hibernate.mapping.BasicValue - Skipping column re-registration: mrf_agreement_table.proposed_budget
2025-02-03 12:08:28 [main] DEBUG o.h.b.model.internal.PropertyBinder - Building property proposedBudget
2025-02-03 12:08:28 [main] DEBUG o.h.b.model.internal.AnnotatedColumn - Binding column: AnnotatedColumn()
2025-02-03 12:08:28 [main] DEBUG o.h.b.model.internal.PropertyBinder - MetadataSourceProcessor property serviceLevelAgreement with lazy=false
2025-02-03 12:08:28 [main] DEBUG o.h.b.m.i.AbstractPropertyHolder - Attempting to locate auto-apply AttributeConverter for property [com.rts.tap.model.MRFAgreement:serviceLevelAgreement]
2025-02-03 12:08:28 [main] DEBUG o.h.b.m.internal.BasicValueBinder - building BasicValue for serviceLevelAgreement
2025-02-03 12:08:28 [main] DEBUG org.hibernate.mapping.BasicValue - Skipping column re-registration: mrf_agreement_table.service_level_agreement
2025-02-03 12:08:28 [main] DEBUG o.h.b.model.internal.PropertyBinder - Building property serviceLevelAgreement
2025-02-03 12:08:28 [main] DEBUG o.h.b.r.c.i.ClassLoaderServiceImpl - HHH000194: Package not found or no package-info.java: com.rts.tap.model
2025-02-03 12:08:28 [main] DEBUG o.h.boot.model.internal.EntityBinder - Binding entity from annotated class: com.rts.tap.model.MRFCandidate
2025-02-03 12:08:28 [main] DEBUG o.h.boot.model.internal.EntityBinder - Import with entity name MRFCandidate
2025-02-03 12:08:28 [main] DEBUG o.h.boot.model.internal.EntityBinder - Bind entity com.rts.tap.model.MRFCandidate on table mrfcandidate
2025-02-03 12:08:28 [main] DEBUG o.h.b.model.internal.AnnotatedColumn - Binding column: AnnotatedDiscriminatorColumn(column='DTYPE')
2025-02-03 12:08:28 [main] DEBUG o.h.b.model.internal.AnnotatedColumn - Binding column: AnnotatedColumn()
2025-02-03 12:08:28 [main] DEBUG o.h.b.internal.ClassLoaderAccessImpl - Not known whether passed class name [com.rts.tap.model.MRFCandidate] is safe
2025-02-03 12:08:28 [main] DEBUG o.h.b.internal.ClassLoaderAccessImpl - No temp ClassLoader provided; using live ClassLoader for loading potentially unsafe class : com.rts.tap.model.MRFCandidate
2025-02-03 12:08:28 [main] DEBUG o.h.b.model.internal.PropertyBinder - MetadataSourceProcessor property mrfCandidateId with lazy=false
2025-02-03 12:08:28 [main] DEBUG o.h.b.m.i.AbstractPropertyHolder - Attempting to locate auto-apply AttributeConverter for property [com.rts.tap.model.MRFCandidate:mrfCandidateId]
2025-02-03 12:08:28 [main] DEBUG o.h.b.m.internal.BasicValueBinder - building BasicValue for mrfCandidateId
2025-02-03 12:08:28 [main] DEBUG org.hibernate.mapping.BasicValue - Skipping column re-registration: mrfcandidate.mrf_candidate_id
2025-02-03 12:08:28 [main] DEBUG o.h.b.model.internal.PropertyBinder - Building property mrfCandidateId
2025-02-03 12:08:28 [main] DEBUG o.h.boot.model.internal.BinderHelper - #makeIdGenerator(BasicValue([Column(mrf_candidate_id)]), mrfCandidateId, identity, , ...)
2025-02-03 12:08:28 [main] DEBUG o.h.b.model.internal.AnnotatedColumn - Binding column: AnnotatedColumn()
2025-02-03 12:08:28 [main] DEBUG o.h.b.model.internal.PropertyBinder - MetadataSourceProcessor property Status with lazy=false
2025-02-03 12:08:28 [main] DEBUG o.h.b.m.i.AbstractPropertyHolder - Attempting to locate auto-apply AttributeConverter for property [com.rts.tap.model.MRFCandidate:Status]
2025-02-03 12:08:28 [main] DEBUG o.h.b.m.internal.BasicValueBinder - building BasicValue for Status
2025-02-03 12:08:28 [main] DEBUG org.hibernate.mapping.BasicValue - Skipping column re-registration: mrfcandidate.status
2025-02-03 12:08:28 [main] DEBUG o.h.b.model.internal.PropertyBinder - Building property Status
2025-02-03 12:08:28 [main] DEBUG o.h.b.model.internal.AnnotatedColumn - Binding column: IndexColumn(column='candidate_ORDER')
2025-02-03 12:08:28 [main] DEBUG o.h.b.model.internal.AnnotatedColumn - Binding column: AnnotatedColumn()
2025-02-03 12:08:28 [main] DEBUG o.h.b.model.internal.AnnotatedColumn - Binding column: AnnotatedColumn(column='candidate_KEY')
2025-02-03 12:08:28 [main] DEBUG o.h.b.model.internal.AnnotatedColumn - Binding column: AnnotatedJoinColumn(column='candidate_KEY')
2025-02-03 12:08:28 [main] DEBUG o.h.b.model.internal.AnnotatedColumn - Binding column: AnnotatedJoinColumn(column='mrfCandidateId')
2025-02-03 12:08:28 [main] DEBUG o.h.b.model.internal.AnnotatedColumn - Binding column: AnnotatedJoinColumn(column='candidateId')
2025-02-03 12:08:28 [main] DEBUG o.h.b.m.internal.CollectionBinder - Collection role: com.rts.tap.model.MRFCandidate.candidate
2025-02-03 12:08:28 [main] DEBUG o.h.b.model.internal.PropertyBinder - Building property candidate
2025-02-03 12:08:28 [main] DEBUG o.h.b.model.internal.AnnotatedColumn - Binding column: AnnotatedJoinColumn()
2025-02-03 12:08:28 [main] DEBUG o.h.b.model.internal.AnnotatedColumn - Binding column: AnnotatedColumn()
2025-02-03 12:08:28 [main] DEBUG o.h.b.model.internal.PropertyBinder - Building property mrfRecruiter
2025-02-03 12:08:28 [main] DEBUG o.h.b.r.c.i.ClassLoaderServiceImpl - HHH000194: Package not found or no package-info.java: com.rts.tap.model
2025-02-03 12:08:28 [main] DEBUG o.h.boot.model.internal.EntityBinder - Binding entity from annotated class: com.rts.tap.model.MRFCriteria
2025-02-03 12:08:28 [main] DEBUG o.h.boot.model.internal.EntityBinder - Import with entity name MRFCriteria
2025-02-03 12:08:28 [main] DEBUG o.h.boot.model.internal.EntityBinder - Bind entity com.rts.tap.model.MRFCriteria on table mrf_criteria_table
2025-02-03 12:08:28 [main] DEBUG o.h.b.model.internal.AnnotatedColumn - Binding column: AnnotatedDiscriminatorColumn(column='DTYPE')
2025-02-03 12:08:28 [main] DEBUG o.h.b.model.internal.AnnotatedColumn - Binding column: AnnotatedColumn()
2025-02-03 12:08:28 [main] DEBUG o.h.b.internal.ClassLoaderAccessImpl - Not known whether passed class name [com.rts.tap.model.MRFCriteria] is safe
2025-02-03 12:08:28 [main] DEBUG o.h.b.internal.ClassLoaderAccessImpl - No temp ClassLoader provided; using live ClassLoader for loading potentially unsafe class : com.rts.tap.model.MRFCriteria
2025-02-03 12:08:28 [main] DEBUG o.h.b.model.internal.PropertyBinder - MetadataSourceProcessor property mrfCriteriaId with lazy=false
2025-02-03 12:08:28 [main] DEBUG o.h.b.m.i.AbstractPropertyHolder - Attempting to locate auto-apply AttributeConverter for property [com.rts.tap.model.MRFCriteria:mrfCriteriaId]
2025-02-03 12:08:28 [main] DEBUG o.h.b.m.internal.BasicValueBinder - building BasicValue for mrfCriteriaId
2025-02-03 12:08:28 [main] DEBUG org.hibernate.mapping.BasicValue - Skipping column re-registration: mrf_criteria_table.mrf_criteria_id
2025-02-03 12:08:28 [main] DEBUG o.h.b.model.internal.PropertyBinder - Building property mrfCriteriaId
2025-02-03 12:08:28 [main] DEBUG o.h.boot.model.internal.BinderHelper - #makeIdGenerator(BasicValue([Column(mrf_criteria_id)]), mrfCriteriaId, identity, , ...)
2025-02-03 12:08:28 [main] DEBUG o.h.b.model.internal.AnnotatedColumn - Binding column: AnnotatedColumn()
2025-02-03 12:08:28 [main] DEBUG o.h.b.model.internal.PropertyBinder - MetadataSourceProcessor property IsCertificationNeeded with lazy=false
2025-02-03 12:08:28 [main] DEBUG o.h.b.m.i.AbstractPropertyHolder - Attempting to locate auto-apply AttributeConverter for property [com.rts.tap.model.MRFCriteria:IsCertificationNeeded]
2025-02-03 12:08:28 [main] DEBUG o.h.b.m.internal.BasicValueBinder - building BasicValue for IsCertificationNeeded
2025-02-03 12:08:28 [main] DEBUG org.hibernate.mapping.BasicValue - Skipping column re-registration: mrf_criteria_table.is_certification_needed
2025-02-03 12:08:28 [main] DEBUG o.h.b.model.internal.PropertyBinder - Building property IsCertificationNeeded
2025-02-03 12:08:28 [main] DEBUG o.h.b.model.internal.AnnotatedColumn - Binding column: AnnotatedColumn()
2025-02-03 12:08:28 [main] DEBUG o.h.b.model.internal.PropertyBinder - MetadataSourceProcessor property IsVisaRequired with lazy=false
2025-02-03 12:08:28 [main] DEBUG o.h.b.m.i.AbstractPropertyHolder - Attempting to locate auto-apply AttributeConverter for property [com.rts.tap.model.MRFCriteria:IsVisaRequired]
2025-02-03 12:08:28 [main] DEBUG o.h.b.m.internal.BasicValueBinder - building BasicValue for IsVisaRequired
2025-02-03 12:08:28 [main] DEBUG org.hibernate.mapping.BasicValue - Skipping column re-registration: mrf_criteria_table.is_visa_required
2025-02-03 12:08:28 [main] DEBUG o.h.b.model.internal.PropertyBinder - Building property IsVisaRequired
2025-02-03 12:08:28 [main] DEBUG o.h.b.model.internal.AnnotatedColumn - Binding column: AnnotatedColumn()
2025-02-03 12:08:28 [main] DEBUG o.h.b.model.internal.PropertyBinder - MetadataSourceProcessor property certificate with lazy=false
2025-02-03 12:08:28 [main] DEBUG o.h.b.m.i.AbstractPropertyHolder - Attempting to locate auto-apply AttributeConverter for property [com.rts.tap.model.MRFCriteria:certificate]
2025-02-03 12:08:28 [main] DEBUG o.h.b.m.internal.BasicValueBinder - building BasicValue for certificate
2025-02-03 12:08:28 [main] DEBUG org.hibernate.mapping.BasicValue - Skipping column re-registration: mrf_criteria_table.certificate
2025-02-03 12:08:28 [main] DEBUG o.h.b.model.internal.PropertyBinder - Building property certificate
2025-02-03 12:08:28 [main] DEBUG o.h.b.model.internal.AnnotatedColumn - Binding column: AnnotatedColumn()
2025-02-03 12:08:28 [main] DEBUG o.h.b.model.internal.PropertyBinder - MetadataSourceProcessor property closureDate with lazy=false
2025-02-03 12:08:28 [main] DEBUG o.h.b.m.i.AbstractPropertyHolder - Attempting to locate auto-apply AttributeConverter for property [com.rts.tap.model.MRFCriteria:closureDate]
2025-02-03 12:08:28 [main] DEBUG o.h.b.m.internal.BasicValueBinder - building BasicValue for closureDate
2025-02-03 12:08:28 [main] DEBUG org.hibernate.mapping.BasicValue - Skipping column re-registration: mrf_criteria_table.closure_date
2025-02-03 12:08:28 [main] DEBUG o.h.b.model.internal.PropertyBinder - Building property closureDate
2025-02-03 12:08:28 [main] DEBUG o.h.b.model.internal.AnnotatedColumn - Binding column: AnnotatedColumn()
2025-02-03 12:08:28 [main] DEBUG o.h.b.model.internal.PropertyBinder - MetadataSourceProcessor property contractStartDate with lazy=false
2025-02-03 12:08:28 [main] DEBUG o.h.b.m.i.AbstractPropertyHolder - Attempting to locate auto-apply AttributeConverter for property [com.rts.tap.model.MRFCriteria:contractStartDate]
2025-02-03 12:08:28 [main] DEBUG o.h.b.m.internal.BasicValueBinder - building BasicValue for contractStartDate
2025-02-03 12:08:28 [main] DEBUG org.hibernate.mapping.BasicValue - Skipping column re-registration: mrf_criteria_table.contract_start_date
2025-02-03 12:08:28 [main] DEBUG o.h.b.model.internal.PropertyBinder - Building property contractStartDate
2025-02-03 12:08:28 [main] DEBUG o.h.b.model.internal.AnnotatedColumn - Binding column: AnnotatedColumn()
2025-02-03 12:08:28 [main] DEBUG o.h.b.model.internal.PropertyBinder - MetadataSourceProcessor property educationalQualification with lazy=false
2025-02-03 12:08:28 [main] DEBUG o.h.b.m.i.AbstractPropertyHolder - Attempting to locate auto-apply AttributeConverter for property [com.rts.tap.model.MRFCriteria:educationalQualification]
2025-02-03 12:08:28 [main] DEBUG o.h.b.m.internal.BasicValueBinder - building BasicValue for educationalQualification
2025-02-03 12:08:28 [main] DEBUG org.hibernate.mapping.BasicValue - Skipping column re-registration: mrf_criteria_table.educational_qualification
2025-02-03 12:08:28 [main] DEBUG o.h.b.model.internal.PropertyBinder - Building property educationalQualification
2025-02-03 12:08:28 [main] DEBUG o.h.b.model.internal.AnnotatedColumn - Binding column: AnnotatedColumn()
2025-02-03 12:08:28 [main] DEBUG o.h.b.model.internal.PropertyBinder - MetadataSourceProcessor property employmentMode with lazy=false
2025-02-03 12:08:28 [main] DEBUG o.h.b.m.i.AbstractPropertyHolder - Attempting to locate auto-apply AttributeConverter for property [com.rts.tap.model.MRFCriteria:employmentMode]
2025-02-03 12:08:28 [main] DEBUG o.h.b.m.internal.BasicValueBinder - building BasicValue for employmentMode
2025-02-03 12:08:28 [main] DEBUG org.hibernate.mapping.BasicValue - Skipping column re-registration: mrf_criteria_table.employment_mode
2025-02-03 12:08:28 [main] DEBUG o.h.b.model.internal.PropertyBinder - Building property employmentMode
2025-02-03 12:08:28 [main] DEBUG o.h.b.model.internal.AnnotatedColumn - Binding column: AnnotatedColumn()
2025-02-03 12:08:28 [main] DEBUG o.h.b.model.internal.PropertyBinder - MetadataSourceProcessor property jobLocation with lazy=false
2025-02-03 12:08:28 [main] DEBUG o.h.b.m.i.AbstractPropertyHolder - Attempting to locate auto-apply AttributeConverter for property [com.rts.tap.model.MRFCriteria:jobLocation]
2025-02-03 12:08:28 [main] DEBUG o.h.b.m.internal.BasicValueBinder - building BasicValue for jobLocation
2025-02-03 12:08:28 [main] DEBUG org.hibernate.mapping.BasicValue - Skipping column re-registration: mrf_criteria_table.job_location
2025-02-03 12:08:28 [main] DEBUG o.h.b.model.internal.PropertyBinder - Building property jobLocation
2025-02-03 12:08:28 [main] DEBUG o.h.b.model.internal.AnnotatedColumn - Binding column: AnnotatedColumn()
2025-02-03 12:08:28 [main] DEBUG o.h.b.model.internal.PropertyBinder - MetadataSourceProcessor property maximumCTC with lazy=false
2025-02-03 12:08:28 [main] DEBUG o.h.b.m.i.AbstractPropertyHolder - Attempting to locate auto-apply AttributeConverter for property [com.rts.tap.model.MRFCriteria:maximumCTC]
2025-02-03 12:08:28 [main] DEBUG o.h.b.m.internal.BasicValueBinder - building BasicValue for maximumCTC
2025-02-03 12:08:28 [main] DEBUG org.hibernate.mapping.BasicValue - Skipping column re-registration: mrf_criteria_table.maximumctc
2025-02-03 12:08:28 [main] DEBUG o.h.b.model.internal.PropertyBinder - Building property maximumCTC
2025-02-03 12:08:28 [main] DEBUG o.h.b.model.internal.AnnotatedColumn - Binding column: AnnotatedColumn()
2025-02-03 12:08:28 [main] DEBUG o.h.b.model.internal.PropertyBinder - MetadataSourceProcessor property minimumCTC with lazy=false
2025-02-03 12:08:28 [main] DEBUG o.h.b.m.i.AbstractPropertyHolder - Attempting to locate auto-apply AttributeConverter for property [com.rts.tap.model.MRFCriteria:minimumCTC]
2025-02-03 12:08:28 [main] DEBUG o.h.b.m.internal.BasicValueBinder - building BasicValue for minimumCTC
2025-02-03 12:08:28 [main] DEBUG org.hibernate.mapping.BasicValue - Skipping column re-registration: mrf_criteria_table.minimumctc
2025-02-03 12:08:28 [main] DEBUG o.h.b.model.internal.PropertyBinder - Building property minimumCTC
2025-02-03 12:08:28 [main] DEBUG o.h.b.model.internal.AnnotatedColumn - Binding column: AnnotatedColumn()
2025-02-03 12:08:28 [main] DEBUG o.h.b.model.internal.PropertyBinder - MetadataSourceProcessor property mrfLossOrProfit with lazy=false
2025-02-03 12:08:28 [main] DEBUG o.h.b.m.i.AbstractPropertyHolder - Attempting to locate auto-apply AttributeConverter for property [com.rts.tap.model.MRFCriteria:mrfLossOrProfit]
2025-02-03 12:08:28 [main] DEBUG o.h.b.m.internal.BasicValueBinder - building BasicValue for mrfLossOrProfit
2025-02-03 12:08:28 [main] DEBUG org.hibernate.mapping.BasicValue - Skipping column re-registration: mrf_criteria_table.mrf_loss_or_profit
2025-02-03 12:08:28 [main] DEBUG o.h.b.model.internal.PropertyBinder - Building property mrfLossOrProfit
2025-02-03 12:08:28 [main] DEBUG o.h.b.model.internal.AnnotatedColumn - Binding column: AnnotatedColumn()
2025-02-03 12:08:28 [main] DEBUG o.h.b.model.internal.PropertyBinder - MetadataSourceProcessor property visaType with lazy=false
2025-02-03 12:08:28 [main] DEBUG o.h.b.m.i.AbstractPropertyHolder - Attempting to locate auto-apply AttributeConverter for property [com.rts.tap.model.MRFCriteria:visaType]
2025-02-03 12:08:28 [main] DEBUG o.h.b.m.internal.BasicValueBinder - building BasicValue for visaType
2025-02-03 12:08:28 [main] DEBUG org.hibernate.mapping.BasicValue - Skipping column re-registration: mrf_criteria_table.visa_type
2025-02-03 12:08:28 [main] DEBUG o.h.b.model.internal.PropertyBinder - Building property visaType
2025-02-03 12:08:28 [main] DEBUG o.h.b.model.internal.AnnotatedColumn - Binding column: AnnotatedColumn()
2025-02-03 12:08:28 [main] DEBUG o.h.b.model.internal.PropertyBinder - MetadataSourceProcessor property yearsOfExperience with lazy=false
2025-02-03 12:08:28 [main] DEBUG o.h.b.m.i.AbstractPropertyHolder - Attempting to locate auto-apply AttributeConverter for property [com.rts.tap.model.MRFCriteria:yearsOfExperience]
2025-02-03 12:08:28 [main] DEBUG o.h.b.m.internal.BasicValueBinder - building BasicValue for yearsOfExperience
2025-02-03 12:08:28 [main] DEBUG org.hibernate.mapping.BasicValue - Skipping column re-registration: mrf_criteria_table.years_of_experience
2025-02-03 12:08:28 [main] DEBUG o.h.b.model.internal.PropertyBinder - Building property yearsOfExperience
2025-02-03 12:08:28 [main] DEBUG o.h.b.r.c.i.ClassLoaderServiceImpl - HHH000194: Package not found or no package-info.java: com.rts.tap.model
2025-02-03 12:08:28 [main] DEBUG o.h.boot.model.internal.EntityBinder - Binding entity from annotated class: com.rts.tap.model.MrfJd
2025-02-03 12:08:28 [main] DEBUG o.h.boot.model.internal.EntityBinder - Import with entity name MrfJd
2025-02-03 12:08:28 [main] DEBUG o.h.boot.model.internal.EntityBinder - Bind entity com.rts.tap.model.MrfJd on table mrf_jd
2025-02-03 12:08:28 [main] DEBUG o.h.b.model.internal.AnnotatedColumn - Binding column: AnnotatedDiscriminatorColumn(column='DTYPE')
2025-02-03 12:08:28 [main] DEBUG o.h.b.model.internal.AnnotatedColumn - Binding column: AnnotatedColumn()
2025-02-03 12:08:28 [main] DEBUG o.h.b.internal.ClassLoaderAccessImpl - Not known whether passed class name [com.rts.tap.model.MrfJd] is safe
2025-02-03 12:08:28 [main] DEBUG o.h.b.internal.ClassLoaderAccessImpl - No temp ClassLoader provided; using live ClassLoader for loading potentially unsafe class : com.rts.tap.model.MrfJd
2025-02-03 12:08:28 [main] DEBUG o.h.b.model.internal.PropertyBinder - MetadataSourceProcessor property mrfJdId with lazy=false
2025-02-03 12:08:28 [main] DEBUG o.h.b.m.i.AbstractPropertyHolder - Attempting to locate auto-apply AttributeConverter for property [com.rts.tap.model.MrfJd:mrfJdId]
2025-02-03 12:08:28 [main] DEBUG o.h.b.m.internal.BasicValueBinder - building BasicValue for mrfJdId
2025-02-03 12:08:28 [main] DEBUG org.hibernate.mapping.BasicValue - Skipping column re-registration: mrf_jd.mrf_jd_id
2025-02-03 12:08:28 [main] DEBUG o.h.b.model.internal.PropertyBinder - Building property mrfJdId
2025-02-03 12:08:28 [main] DEBUG o.h.boot.model.internal.BinderHelper - #makeIdGenerator(BasicValue([Column(mrf_jd_id)]), mrfJdId, identity, , ...)
2025-02-03 12:08:28 [main] DEBUG o.h.b.model.internal.AnnotatedColumn - Binding column: AnnotatedColumn()
2025-02-03 12:08:28 [main] DEBUG o.h.b.model.internal.PropertyBinder - MetadataSourceProcessor property jobParameter with lazy=false
2025-02-03 12:08:28 [main] DEBUG o.h.b.m.i.AbstractPropertyHolder - Attempting to locate auto-apply AttributeConverter for property [com.rts.tap.model.MrfJd:jobParameter]
2025-02-03 12:08:28 [main] DEBUG o.h.b.m.internal.BasicValueBinder - building BasicValue for jobParameter
2025-02-03 12:08:28 [main] DEBUG org.hibernate.mapping.BasicValue - Skipping column re-registration: mrf_jd.job_parameter
2025-02-03 12:08:28 [main] DEBUG o.h.b.model.internal.PropertyBinder - Building property jobParameter
2025-02-03 12:08:28 [main] DEBUG o.h.b.model.internal.AnnotatedColumn - Binding column: AnnotatedColumn()
2025-02-03 12:08:28 [main] DEBUG o.h.b.model.internal.PropertyBinder - MetadataSourceProcessor property jobTitle with lazy=false
2025-02-03 12:08:28 [main] DEBUG o.h.b.m.i.AbstractPropertyHolder - Attempting to locate auto-apply AttributeConverter for property [com.rts.tap.model.MrfJd:jobTitle]
2025-02-03 12:08:28 [main] DEBUG o.h.b.m.internal.BasicValueBinder - building BasicValue for jobTitle
2025-02-03 12:08:28 [main] DEBUG org.hibernate.mapping.BasicValue - Skipping column re-registration: mrf_jd.job_title
2025-02-03 12:08:28 [main] DEBUG o.h.b.model.internal.PropertyBinder - Building property jobTitle
2025-02-03 12:08:28 [main] DEBUG o.h.b.model.internal.AnnotatedColumn - Binding column: AnnotatedColumn()
2025-02-03 12:08:28 [main] DEBUG o.h.b.model.internal.PropertyBinder - MetadataSourceProcessor property rolesAndResponsibilities with lazy=false
2025-02-03 12:08:28 [main] DEBUG o.h.b.m.i.AbstractPropertyHolder - Attempting to locate auto-apply AttributeConverter for property [com.rts.tap.model.MrfJd:rolesAndResponsibilities]
2025-02-03 12:08:28 [main] DEBUG o.h.b.m.internal.BasicValueBinder - building BasicValue for rolesAndResponsibilities
2025-02-03 12:08:28 [main] DEBUG org.hibernate.mapping.BasicValue - Skipping column re-registration: mrf_jd.roles_and_responsibilities
2025-02-03 12:08:28 [main] DEBUG o.h.b.model.internal.PropertyBinder - Building property rolesAndResponsibilities
2025-02-03 12:08:28 [main] DEBUG o.h.b.r.c.i.ClassLoaderServiceImpl - HHH000194: Package not found or no package-info.java: com.rts.tap.model
2025-02-03 12:08:28 [main] DEBUG o.h.boot.model.internal.EntityBinder - Binding entity from annotated class: com.rts.tap.model.MRFRecruiters
2025-02-03 12:08:28 [main] DEBUG o.h.boot.model.internal.EntityBinder - Import with entity name MRFRecruiters
2025-02-03 12:08:28 [main] DEBUG o.h.boot.model.internal.EntityBinder - Bind entity com.rts.tap.model.MRFRecruiters on table mrf_recruiters_table
2025-02-03 12:08:28 [main] DEBUG o.h.b.model.internal.AnnotatedColumn - Binding column: AnnotatedDiscriminatorColumn(column='DTYPE')
2025-02-03 12:08:28 [main] DEBUG o.h.b.model.internal.AnnotatedColumn - Binding column: AnnotatedColumn()
2025-02-03 12:08:28 [main] DEBUG o.h.b.internal.ClassLoaderAccessImpl - Not known whether passed class name [com.rts.tap.model.MRFRecruiters] is safe
2025-02-03 12:08:28 [main] DEBUG o.h.b.internal.ClassLoaderAccessImpl - No temp ClassLoader provided; using live ClassLoader for loading potentially unsafe class : com.rts.tap.model.MRFRecruiters
2025-02-03 12:08:28 [main] DEBUG o.h.b.model.internal.PropertyBinder - MetadataSourceProcessor property mrfRecruitersId with lazy=false
2025-02-03 12:08:28 [main] DEBUG o.h.b.m.i.AbstractPropertyHolder - Attempting to locate auto-apply AttributeConverter for property [com.rts.tap.model.MRFRecruiters:mrfRecruitersId]
2025-02-03 12:08:28 [main] DEBUG o.h.b.m.internal.BasicValueBinder - building BasicValue for mrfRecruitersId
2025-02-03 12:08:28 [main] DEBUG org.hibernate.mapping.BasicValue - Skipping column re-registration: mrf_recruiters_table.mrf_recruiters_id
2025-02-03 12:08:28 [main] DEBUG o.h.b.model.internal.PropertyBinder - Building property mrfRecruitersId
2025-02-03 12:08:28 [main] DEBUG o.h.boot.model.internal.BinderHelper - #makeIdGenerator(BasicValue([Column(mrf_recruiters_id)]), mrfRecruitersId, identity, , ...)
2025-02-03 12:08:28 [main] DEBUG o.h.b.model.internal.AnnotatedColumn - Binding column: AnnotatedColumn()
2025-02-03 12:08:28 [main] DEBUG o.h.b.model.internal.PropertyBinder - MetadataSourceProcessor property achievedCount with lazy=false
2025-02-03 12:08:28 [main] DEBUG o.h.b.m.i.AbstractPropertyHolder - Attempting to locate auto-apply AttributeConverter for property [com.rts.tap.model.MRFRecruiters:achievedCount]
2025-02-03 12:08:28 [main] DEBUG o.h.b.m.internal.BasicValueBinder - building BasicValue for achievedCount
2025-02-03 12:08:28 [main] DEBUG org.hibernate.mapping.BasicValue - Skipping column re-registration: mrf_recruiters_table.achieved_count
2025-02-03 12:08:28 [main] DEBUG o.h.b.model.internal.PropertyBinder - Building property achievedCount
2025-02-03 12:08:28 [main] DEBUG o.h.b.model.internal.AnnotatedColumn - Binding column: AnnotatedColumn()
2025-02-03 12:08:28 [main] DEBUG o.h.b.model.internal.PropertyBinder - MetadataSourceProcessor property assignedCount with lazy=false
2025-02-03 12:08:28 [main] DEBUG o.h.b.m.i.AbstractPropertyHolder - Attempting to locate auto-apply AttributeConverter for property [com.rts.tap.model.MRFRecruiters:assignedCount]
2025-02-03 12:08:28 [main] DEBUG o.h.b.m.internal.BasicValueBinder - building BasicValue for assignedCount
2025-02-03 12:08:28 [main] DEBUG org.hibernate.mapping.BasicValue - Skipping column re-registration: mrf_recruiters_table.assigned_count
2025-02-03 12:08:28 [main] DEBUG o.h.b.model.internal.PropertyBinder - Building property assignedCount
2025-02-03 12:08:28 [main] DEBUG o.h.b.model.internal.AnnotatedColumn - Binding column: AnnotatedColumn()
2025-02-03 12:08:28 [main] DEBUG o.h.b.model.internal.PropertyBinder - MetadataSourceProcessor property closedDate with lazy=false
2025-02-03 12:08:28 [main] DEBUG o.h.b.m.i.AbstractPropertyHolder - Attempting to locate auto-apply AttributeConverter for property [com.rts.tap.model.MRFRecruiters:closedDate]
2025-02-03 12:08:28 [main] DEBUG o.h.b.m.internal.BasicValueBinder - building BasicValue for closedDate
2025-02-03 12:08:28 [main] DEBUG org.hibernate.mapping.BasicValue - Skipping column re-registration: mrf_recruiters_table.closed_date
2025-02-03 12:08:28 [main] DEBUG o.h.b.model.internal.PropertyBinder - Building property closedDate
2025-02-03 12:08:28 [main] DEBUG o.h.b.model.internal.AnnotatedColumn - Binding column: AnnotatedColumn()
2025-02-03 12:08:28 [main] DEBUG o.h.b.model.internal.PropertyBinder - MetadataSourceProcessor property createdAt with lazy=false
2025-02-03 12:08:28 [main] DEBUG o.h.b.m.i.AbstractPropertyHolder - Attempting to locate auto-apply AttributeConverter for property [com.rts.tap.model.MRFRecruiters:createdAt]
2025-02-03 12:08:28 [main] DEBUG o.h.b.m.internal.BasicValueBinder - building BasicValue for createdAt
2025-02-03 12:08:28 [main] DEBUG org.hibernate.mapping.BasicValue - Skipping column re-registration: mrf_recruiters_table.created_at
2025-02-03 12:08:28 [main] DEBUG o.h.b.model.internal.PropertyBinder - Building property createdAt
2025-02-03 12:08:28 [main] DEBUG o.h.b.model.internal.AnnotatedColumn - Binding column: AnnotatedJoinColumn(column='mrfRecruitingManagerId')
2025-02-03 12:08:28 [main] DEBUG o.h.b.model.internal.AnnotatedColumn - Binding column: AnnotatedColumn()
2025-02-03 12:08:28 [main] DEBUG o.h.b.model.internal.PropertyBinder - Building property mrfRecruitingManager
2025-02-03 12:08:28 [main] DEBUG o.h.b.model.internal.AnnotatedColumn - Binding column: AnnotatedColumn()
2025-02-03 12:08:28 [main] DEBUG o.h.b.model.internal.PropertyBinder - MetadataSourceProcessor property recruiterAssignedStatus with lazy=false
2025-02-03 12:08:28 [main] DEBUG o.h.b.m.i.AbstractPropertyHolder - Attempting to locate auto-apply AttributeConverter for property [com.rts.tap.model.MRFRecruiters:recruiterAssignedStatus]
2025-02-03 12:08:28 [main] DEBUG o.h.b.m.internal.BasicValueBinder - building BasicValue for recruiterAssignedStatus
2025-02-03 12:08:28 [main] DEBUG org.hibernate.mapping.BasicValue - Skipping column re-registration: mrf_recruiters_table.recruiter_assigned_status
2025-02-03 12:08:28 [main] DEBUG o.h.b.model.internal.PropertyBinder - Building property recruiterAssignedStatus
2025-02-03 12:08:28 [main] DEBUG o.h.b.model.internal.AnnotatedColumn - Binding column: AnnotatedJoinColumn(column='recruiterId')
2025-02-03 12:08:28 [main] DEBUG o.h.b.model.internal.AnnotatedColumn - Binding column: AnnotatedColumn()
2025-02-03 12:08:28 [main] DEBUG o.h.b.model.internal.PropertyBinder - Building property recruiterId
2025-02-03 12:08:28 [main] DEBUG o.h.b.model.internal.AnnotatedColumn - Binding column: AnnotatedColumn()
2025-02-03 12:08:28 [main] DEBUG o.h.b.model.internal.PropertyBinder - MetadataSourceProcessor property updatedAt with lazy=false
2025-02-03 12:08:28 [main] DEBUG o.h.b.m.i.AbstractPropertyHolder - Attempting to locate auto-apply AttributeConverter for property [com.rts.tap.model.MRFRecruiters:updatedAt]
2025-02-03 12:08:28 [main] DEBUG o.h.b.m.internal.BasicValueBinder - building BasicValue for updatedAt
2025-02-03 12:08:28 [main] DEBUG org.hibernate.mapping.BasicValue - Skipping column re-registration: mrf_recruiters_table.updated_at
2025-02-03 12:08:28 [main] DEBUG o.h.b.model.internal.PropertyBinder - Building property updatedAt
2025-02-03 12:08:28 [main] DEBUG o.h.b.r.c.i.ClassLoaderServiceImpl - HHH000194: Package not found or no package-info.java: com.rts.tap.model
2025-02-03 12:08:28 [main] DEBUG o.h.boot.model.internal.EntityBinder - Binding entity from annotated class: com.rts.tap.model.MRFRecruitingManager
2025-02-03 12:08:28 [main] DEBUG o.h.boot.model.internal.EntityBinder - Import with entity name MRFRecruitingManager
2025-02-03 12:08:28 [main] DEBUG o.h.boot.model.internal.EntityBinder - Bind entity com.rts.tap.model.MRFRecruitingManager on table mrf_recruiting_manager_table
2025-02-03 12:08:28 [main] DEBUG o.h.b.model.internal.AnnotatedColumn - Binding column: AnnotatedDiscriminatorColumn(column='DTYPE')
2025-02-03 12:08:28 [main] DEBUG o.h.b.model.internal.AnnotatedColumn - Binding column: AnnotatedColumn()
2025-02-03 12:08:28 [main] DEBUG o.h.b.internal.ClassLoaderAccessImpl - Not known whether passed class name [com.rts.tap.model.MRFRecruitingManager] is safe
2025-02-03 12:08:28 [main] DEBUG o.h.b.internal.ClassLoaderAccessImpl - No temp ClassLoader provided; using live ClassLoader for loading potentially unsafe class : com.rts.tap.model.MRFRecruitingManager
2025-02-03 12:08:28 [main] DEBUG o.h.b.model.internal.PropertyBinder - MetadataSourceProcessor property mrfRecruitingManagerId with lazy=false
2025-02-03 12:08:28 [main] DEBUG o.h.b.m.i.AbstractPropertyHolder - Attempting to locate auto-apply AttributeConverter for property [com.rts.tap.model.MRFRecruitingManager:mrfRecruitingManagerId]
2025-02-03 12:08:28 [main] DEBUG o.h.b.m.internal.BasicValueBinder - building BasicValue for mrfRecruitingManagerId
2025-02-03 12:08:28 [main] DEBUG org.hibernate.mapping.BasicValue - Skipping column re-registration: mrf_recruiting_manager_table.mrf_recruiting_manager_id
2025-02-03 12:08:28 [main] DEBUG o.h.b.model.internal.PropertyBinder - Building property mrfRecruitingManagerId
2025-02-03 12:08:28 [main] DEBUG o.h.boot.model.internal.BinderHelper - #makeIdGenerator(BasicValue([Column(mrf_recruiting_manager_id)]), mrfRecruitingManagerId, identity, , ...)
2025-02-03 12:08:28 [main] DEBUG o.h.b.model.internal.AnnotatedColumn - Binding column: AnnotatedJoinColumn(column='mrfId')
2025-02-03 12:08:28 [main] DEBUG o.h.b.model.internal.AnnotatedColumn - Binding column: AnnotatedColumn()
2025-02-03 12:08:28 [main] DEBUG o.h.b.model.internal.PropertyBinder - Building property mrf
2025-02-03 12:08:28 [main] DEBUG o.h.b.model.internal.AnnotatedColumn - Binding column: AnnotatedJoinColumn(column='recruitingManagerId')
2025-02-03 12:08:28 [main] DEBUG o.h.b.model.internal.AnnotatedColumn - Binding column: AnnotatedColumn()
2025-02-03 12:08:28 [main] DEBUG o.h.b.model.internal.PropertyBinder - Building property recruitingManager
2025-02-03 12:08:28 [main] DEBUG o.h.b.model.internal.AnnotatedColumn - Binding column: AnnotatedColumn()
2025-02-03 12:08:28 [main] DEBUG o.h.b.model.internal.PropertyBinder - MetadataSourceProcessor property recruitingManagerAssignedStatus with lazy=false
2025-02-03 12:08:28 [main] DEBUG o.h.b.m.i.AbstractPropertyHolder - Attempting to locate auto-apply AttributeConverter for property [com.rts.tap.model.MRFRecruitingManager:recruitingManagerAssignedStatus]
2025-02-03 12:08:28 [main] DEBUG o.h.b.m.internal.BasicValueBinder - building BasicValue for recruitingManagerAssignedStatus
2025-02-03 12:08:28 [main] DEBUG org.hibernate.mapping.BasicValue - Skipping column re-registration: mrf_recruiting_manager_table.recruiting_manager_assigned_status
2025-02-03 12:08:28 [main] DEBUG o.h.b.model.internal.PropertyBinder - Building property recruitingManagerAssignedStatus
2025-02-03 12:08:28 [main] DEBUG o.h.b.r.c.i.ClassLoaderServiceImpl - HHH000194: Package not found or no package-info.java: com.rts.tap.model
2025-02-03 12:08:28 [main] DEBUG o.h.boot.model.internal.EntityBinder - Binding entity from annotated class: com.rts.tap.model.MRFStatus
2025-02-03 12:08:28 [main] DEBUG o.h.boot.model.internal.EntityBinder - Import with entity name MRFStatus
2025-02-03 12:08:28 [main] DEBUG o.h.boot.model.internal.EntityBinder - Bind entity com.rts.tap.model.MRFStatus on table mrf_status_table
2025-02-03 12:08:28 [main] DEBUG o.h.b.model.internal.AnnotatedColumn - Binding column: AnnotatedDiscriminatorColumn(column='DTYPE')
2025-02-03 12:08:28 [main] DEBUG o.h.b.model.internal.AnnotatedColumn - Binding column: AnnotatedColumn()
2025-02-03 12:08:28 [main] DEBUG o.h.b.internal.ClassLoaderAccessImpl - Not known whether passed class name [com.rts.tap.model.MRFStatus] is safe
2025-02-03 12:08:28 [main] DEBUG o.h.b.internal.ClassLoaderAccessImpl - No temp ClassLoader provided; using live ClassLoader for loading potentially unsafe class : com.rts.tap.model.MRFStatus
2025-02-03 12:08:28 [main] DEBUG o.h.b.model.internal.PropertyBinder - MetadataSourceProcessor property mrfStatusId with lazy=false
2025-02-03 12:08:28 [main] DEBUG o.h.b.m.i.AbstractPropertyHolder - Attempting to locate auto-apply AttributeConverter for property [com.rts.tap.model.MRFStatus:mrfStatusId]
2025-02-03 12:08:28 [main] DEBUG o.h.b.m.internal.BasicValueBinder - building BasicValue for mrfStatusId
2025-02-03 12:08:28 [main] DEBUG org.hibernate.mapping.BasicValue - Skipping column re-registration: mrf_status_table.mrf_status_id
2025-02-03 12:08:28 [main] DEBUG o.h.b.model.internal.PropertyBinder - Building property mrfStatusId
2025-02-03 12:08:28 [main] DEBUG o.h.boot.model.internal.BinderHelper - #makeIdGenerator(BasicValue([Column(mrf_status_id)]), mrfStatusId, identity, , ...)
2025-02-03 12:08:28 [main] DEBUG o.h.b.model.internal.AnnotatedColumn - Binding column: AnnotatedColumn()
2025-02-03 12:08:28 [main] DEBUG o.h.b.model.internal.PropertyBinder - MetadataSourceProcessor property descriptionForChanges with lazy=false
2025-02-03 12:08:28 [main] DEBUG o.h.b.m.i.AbstractPropertyHolder - Attempting to locate auto-apply AttributeConverter for property [com.rts.tap.model.MRFStatus:descriptionForChanges]
2025-02-03 12:08:28 [main] DEBUG o.h.b.m.internal.BasicValueBinder - building BasicValue for descriptionForChanges
2025-02-03 12:08:28 [main] DEBUG org.hibernate.mapping.BasicValue - Skipping column re-registration: mrf_status_table.description_for_changes
2025-02-03 12:08:28 [main] DEBUG o.h.b.model.internal.PropertyBinder - Building property descriptionForChanges
2025-02-03 12:08:28 [main] DEBUG o.h.b.model.internal.AnnotatedColumn - Binding column: AnnotatedColumn()
2025-02-03 12:08:28 [main] DEBUG o.h.b.model.internal.PropertyBinder - MetadataSourceProcessor property mrfApprovalStatus with lazy=false
2025-02-03 12:08:28 [main] DEBUG o.h.b.m.i.AbstractPropertyHolder - Attempting to locate auto-apply AttributeConverter for property [com.rts.tap.model.MRFStatus:mrfApprovalStatus]
2025-02-03 12:08:28 [main] DEBUG o.h.b.m.internal.BasicValueBinder - building BasicValue for mrfApprovalStatus
2025-02-03 12:08:28 [main] DEBUG org.hibernate.mapping.BasicValue - Skipping column re-registration: mrf_status_table.mrf_approval_status
2025-02-03 12:08:28 [main] DEBUG o.h.b.model.internal.PropertyBinder - Building property mrfApprovalStatus
2025-02-03 12:08:28 [main] DEBUG o.h.b.model.internal.AnnotatedColumn - Binding column: AnnotatedColumn()
2025-02-03 12:08:28 [main] DEBUG o.h.b.model.internal.PropertyBinder - MetadataSourceProcessor property mrfStage with lazy=false
2025-02-03 12:08:28 [main] DEBUG o.h.b.m.i.AbstractPropertyHolder - Attempting to locate auto-apply AttributeConverter for property [com.rts.tap.model.MRFStatus:mrfStage]
2025-02-03 12:08:28 [main] DEBUG o.h.b.m.internal.BasicValueBinder - building BasicValue for mrfStage
2025-02-03 12:08:28 [main] DEBUG org.hibernate.mapping.BasicValue - Skipping column re-registration: mrf_status_table.mrf_stage
2025-02-03 12:08:28 [main] DEBUG o.h.b.model.internal.PropertyBinder - Building property mrfStage
2025-02-03 12:08:28 [main] DEBUG o.h.b.model.internal.AnnotatedColumn - Binding column: AnnotatedColumn()
2025-02-03 12:08:28 [main] DEBUG o.h.b.model.internal.PropertyBinder - MetadataSourceProcessor property mrfType with lazy=false
2025-02-03 12:08:28 [main] DEBUG o.h.b.m.i.AbstractPropertyHolder - Attempting to locate auto-apply AttributeConverter for property [com.rts.tap.model.MRFStatus:mrfType]
2025-02-03 12:08:28 [main] DEBUG o.h.b.m.internal.BasicValueBinder - building BasicValue for mrfType
2025-02-03 12:08:28 [main] DEBUG org.hibernate.mapping.BasicValue - Skipping column re-registration: mrf_status_table.mrf_type
2025-02-03 12:08:28 [main] DEBUG o.h.b.model.internal.PropertyBinder - Building property mrfType
2025-02-03 12:08:28 [main] DEBUG o.h.b.model.internal.AnnotatedColumn - Binding column: AnnotatedColumn()
2025-02-03 12:08:28 [main] DEBUG o.h.b.model.internal.PropertyBinder - MetadataSourceProcessor property reasonForLost with lazy=false
2025-02-03 12:08:28 [main] DEBUG o.h.b.m.i.AbstractPropertyHolder - Attempting to locate auto-apply AttributeConverter for property [com.rts.tap.model.MRFStatus:reasonForLost]
2025-02-03 12:08:28 [main] DEBUG o.h.b.m.internal.BasicValueBinder - building BasicValue for reasonForLost
2025-02-03 12:08:28 [main] DEBUG org.hibernate.mapping.BasicValue - Skipping column re-registration: mrf_status_table.reason_for_lost
2025-02-03 12:08:28 [main] DEBUG o.h.b.model.internal.PropertyBinder - Building property reasonForLost
2025-02-03 12:08:28 [main] DEBUG o.h.b.model.internal.AnnotatedColumn - Binding column: AnnotatedColumn()
2025-02-03 12:08:28 [main] DEBUG o.h.b.model.internal.PropertyBinder - MetadataSourceProcessor property requirementFilled with lazy=false
2025-02-03 12:08:28 [main] DEBUG o.h.b.m.i.AbstractPropertyHolder - Attempting to locate auto-apply AttributeConverter for property [com.rts.tap.model.MRFStatus:requirementFilled]
2025-02-03 12:08:28 [main] DEBUG o.h.b.m.internal.BasicValueBinder - building BasicValue for requirementFilled
2025-02-03 12:08:28 [main] DEBUG org.hibernate.mapping.BasicValue - Skipping column re-registration: mrf_status_table.requirement_filled
2025-02-03 12:08:28 [main] DEBUG o.h.b.model.internal.PropertyBinder - Building property requirementFilled
2025-02-03 12:08:28 [main] DEBUG o.h.b.r.c.i.ClassLoaderServiceImpl - HHH000194: Package not found or no package-info.java: com.rts.tap.model
2025-02-03 12:08:28 [main] DEBUG o.h.boot.model.internal.EntityBinder - Binding entity from annotated class: com.rts.tap.model.MRFVendor
2025-02-03 12:08:28 [main] DEBUG o.h.boot.model.internal.EntityBinder - Import with entity name MRFVendor
2025-02-03 12:08:28 [main] DEBUG o.h.boot.model.internal.EntityBinder - Bind entity com.rts.tap.model.MRFVendor on table mrf_vendor_table
2025-02-03 12:08:28 [main] DEBUG o.h.b.model.internal.AnnotatedColumn - Binding column: AnnotatedDiscriminatorColumn(column='DTYPE')
2025-02-03 12:08:28 [main] DEBUG o.h.b.model.internal.AnnotatedColumn - Binding column: AnnotatedColumn()
2025-02-03 12:08:28 [main] DEBUG o.h.b.internal.ClassLoaderAccessImpl - Not known whether passed class name [com.rts.tap.model.MRFVendor] is safe
2025-02-03 12:08:28 [main] DEBUG o.h.b.internal.ClassLoaderAccessImpl - No temp ClassLoader provided; using live ClassLoader for loading potentially unsafe class : com.rts.tap.model.MRFVendor
2025-02-03 12:08:28 [main] DEBUG o.h.b.model.internal.PropertyBinder - MetadataSourceProcessor property mrfVendorId with lazy=false
2025-02-03 12:08:28 [main] DEBUG o.h.b.m.i.AbstractPropertyHolder - Attempting to locate auto-apply AttributeConverter for property [com.rts.tap.model.MRFVendor:mrfVendorId]
2025-02-03 12:08:28 [main] DEBUG o.h.b.m.internal.BasicValueBinder - building BasicValue for mrfVendorId
2025-02-03 12:08:28 [main] DEBUG org.hibernate.mapping.BasicValue - Skipping column re-registration: mrf_vendor_table.mrf_vendor_id
2025-02-03 12:08:28 [main] DEBUG o.h.b.model.internal.PropertyBinder - Building property mrfVendorId
2025-02-03 12:08:28 [main] DEBUG o.h.boot.model.internal.BinderHelper - #makeIdGenerator(BasicValue([Column(mrf_vendor_id)]), mrfVendorId, identity, , ...)
2025-02-03 12:08:28 [main] DEBUG o.h.b.model.internal.AnnotatedColumn - Binding column: AnnotatedColumn()
2025-02-03 12:08:28 [main] DEBUG o.h.b.model.internal.PropertyBinder - MetadataSourceProcessor property achievedCount with lazy=false
2025-02-03 12:08:28 [main] DEBUG o.h.b.m.i.AbstractPropertyHolder - Attempting to locate auto-apply AttributeConverter for property [com.rts.tap.model.MRFVendor:achievedCount]
2025-02-03 12:08:28 [main] DEBUG o.h.b.m.internal.BasicValueBinder - building BasicValue for achievedCount
2025-02-03 12:08:28 [main] DEBUG org.hibernate.mapping.BasicValue - Skipping column re-registration: mrf_vendor_table.achieved_count
2025-02-03 12:08:28 [main] DEBUG o.h.b.model.internal.PropertyBinder - Building property achievedCount
2025-02-03 12:08:28 [main] DEBUG o.h.b.model.internal.AnnotatedColumn - Binding column: AnnotatedColumn()
2025-02-03 12:08:28 [main] DEBUG o.h.b.model.internal.PropertyBinder - MetadataSourceProcessor property assignedCount with lazy=false
2025-02-03 12:08:28 [main] DEBUG o.h.b.m.i.AbstractPropertyHolder - Attempting to locate auto-apply AttributeConverter for property [com.rts.tap.model.MRFVendor:assignedCount]
2025-02-03 12:08:28 [main] DEBUG o.h.b.m.internal.BasicValueBinder - building BasicValue for assignedCount
2025-02-03 12:08:28 [main] DEBUG org.hibernate.mapping.BasicValue - Skipping column re-registration: mrf_vendor_table.assigned_count
2025-02-03 12:08:28 [main] DEBUG o.h.b.model.internal.PropertyBinder - Building property assignedCount
2025-02-03 12:08:28 [main] DEBUG o.h.b.model.internal.AnnotatedColumn - Binding column: AnnotatedColumn()
2025-02-03 12:08:28 [main] DEBUG o.h.b.model.internal.PropertyBinder - MetadataSourceProcessor property assignedDate with lazy=false
2025-02-03 12:08:28 [main] DEBUG o.h.b.m.i.AbstractPropertyHolder - Attempting to locate auto-apply AttributeConverter for property [com.rts.tap.model.MRFVendor:assignedDate]
2025-02-03 12:08:28 [main] DEBUG o.h.b.m.internal.BasicValueBinder - building BasicValue for assignedDate
2025-02-03 12:08:28 [main] DEBUG org.hibernate.mapping.BasicValue - Skipping column re-registration: mrf_vendor_table.assigned_date
2025-02-03 12:08:28 [main] DEBUG o.h.b.model.internal.PropertyBinder - Building property assignedDate
2025-02-03 12:08:28 [main] DEBUG o.h.b.model.internal.AnnotatedColumn - Binding column: AnnotatedJoinColumn(column='mrfId')
2025-02-03 12:08:28 [main] DEBUG o.h.b.model.internal.AnnotatedColumn - Binding column: AnnotatedColumn()
2025-02-03 12:08:28 [main] DEBUG o.h.b.model.internal.PropertyBinder - Building property mrf
2025-02-03 12:08:28 [main] DEBUG o.h.b.model.internal.AnnotatedColumn - Binding column: AnnotatedJoinColumn(column='recruitingManagerId')
2025-02-03 12:08:28 [main] DEBUG o.h.b.model.internal.AnnotatedColumn - Binding column: AnnotatedColumn()
2025-02-03 12:08:28 [main] DEBUG o.h.b.model.internal.PropertyBinder - Building property recruitingManager
2025-02-03 12:08:28 [main] DEBUG o.h.b.model.internal.AnnotatedColumn - Binding column: AnnotatedJoinColumn(column='vendorId')
2025-02-03 12:08:28 [main] DEBUG o.h.b.model.internal.AnnotatedColumn - Binding column: AnnotatedColumn()
2025-02-03 12:08:28 [main] DEBUG o.h.b.model.internal.PropertyBinder - Building property vendor
2025-02-03 12:08:28 [main] DEBUG o.h.b.model.internal.AnnotatedColumn - Binding column: AnnotatedColumn()
2025-02-03 12:08:28 [main] DEBUG o.h.b.model.internal.PropertyBinder - MetadataSourceProcessor property vendorAssignedStatus with lazy=false
2025-02-03 12:08:28 [main] DEBUG o.h.b.m.i.AbstractPropertyHolder - Attempting to locate auto-apply AttributeConverter for property [com.rts.tap.model.MRFVendor:vendorAssignedStatus]
2025-02-03 12:08:28 [main] DEBUG o.h.b.m.internal.BasicValueBinder - building BasicValue for vendorAssignedStatus
2025-02-03 12:08:28 [main] DEBUG org.hibernate.mapping.BasicValue - Skipping column re-registration: mrf_vendor_table.vendor_assigned_status
2025-02-03 12:08:28 [main] DEBUG o.h.b.model.internal.PropertyBinder - Building property vendorAssignedStatus
2025-02-03 12:08:28 [main] DEBUG o.h.b.r.c.i.ClassLoaderServiceImpl - HHH000194: Package not found or no package-info.java: com.rts.tap.model
2025-02-03 12:08:28 [main] DEBUG o.h.boot.model.internal.EntityBinder - Binding entity from annotated class: com.rts.tap.model.Notifications
2025-02-03 12:08:28 [main] DEBUG o.h.boot.model.internal.EntityBinder - Import with entity name Notifications
2025-02-03 12:08:28 [main] DEBUG o.h.boot.model.internal.EntityBinder - Bind entity com.rts.tap.model.Notifications on table notifications
2025-02-03 12:08:28 [main] DEBUG o.h.b.model.internal.AnnotatedColumn - Binding column: AnnotatedDiscriminatorColumn(column='DTYPE')
2025-02-03 12:08:28 [main] DEBUG o.h.b.model.internal.AnnotatedColumn - Binding column: AnnotatedColumn()
2025-02-03 12:08:28 [main] DEBUG o.h.b.internal.ClassLoaderAccessImpl - Not known whether passed class name [com.rts.tap.model.Notifications] is safe
2025-02-03 12:08:28 [main] DEBUG o.h.b.internal.ClassLoaderAccessImpl - No temp ClassLoader provided; using live ClassLoader for loading potentially unsafe class : com.rts.tap.model.Notifications
2025-02-03 12:08:28 [main] DEBUG o.h.b.model.internal.PropertyBinder - MetadataSourceProcessor property notificationId with lazy=false
2025-02-03 12:08:28 [main] DEBUG o.h.b.m.i.AbstractPropertyHolder - Attempting to locate auto-apply AttributeConverter for property [com.rts.tap.model.Notifications:notificationId]
2025-02-03 12:08:28 [main] DEBUG o.h.b.m.internal.BasicValueBinder - building BasicValue for notificationId
2025-02-03 12:08:28 [main] DEBUG org.hibernate.mapping.BasicValue - Skipping column re-registration: notifications.notification_id
2025-02-03 12:08:28 [main] DEBUG o.h.b.model.internal.PropertyBinder - Building property notificationId
2025-02-03 12:08:28 [main] DEBUG o.h.boot.model.internal.BinderHelper - #makeIdGenerator(BasicValue([Column(notification_id)]), notificationId, identity, , ...)
2025-02-03 12:08:28 [main] DEBUG o.h.b.model.internal.AnnotatedColumn - Binding column: AnnotatedJoinColumn()
2025-02-03 12:08:28 [main] DEBUG o.h.b.model.internal.AnnotatedColumn - Binding column: AnnotatedColumn()
2025-02-03 12:08:28 [main] DEBUG o.h.b.model.internal.PropertyBinder - Building property candidate
2025-02-03 12:08:28 [main] DEBUG o.h.b.model.internal.AnnotatedColumn - Binding column: AnnotatedJoinColumn()
2025-02-03 12:08:28 [main] DEBUG o.h.b.model.internal.AnnotatedColumn - Binding column: AnnotatedColumn()
2025-02-03 12:08:28 [main] DEBUG o.h.b.model.internal.PropertyBinder - Building property client
2025-02-03 12:08:28 [main] DEBUG o.h.b.model.internal.AnnotatedColumn - Binding column: AnnotatedColumn()
2025-02-03 12:08:28 [main] DEBUG o.h.b.model.internal.PropertyBinder - MetadataSourceProcessor property date with lazy=false
2025-02-03 12:08:28 [main] DEBUG o.h.b.m.i.AbstractPropertyHolder - Attempting to locate auto-apply AttributeConverter for property [com.rts.tap.model.Notifications:date]
2025-02-03 12:08:28 [main] DEBUG o.h.b.m.internal.BasicValueBinder - building BasicValue for date
2025-02-03 12:08:28 [main] DEBUG org.hibernate.mapping.BasicValue - Skipping column re-registration: notifications.date
2025-02-03 12:08:28 [main] DEBUG o.h.b.model.internal.PropertyBinder - Building property date
2025-02-03 12:08:28 [main] DEBUG o.h.b.model.internal.AnnotatedColumn - Binding column: AnnotatedJoinColumn()
2025-02-03 12:08:28 [main] DEBUG o.h.b.model.internal.AnnotatedColumn - Binding column: AnnotatedColumn()
2025-02-03 12:08:28 [main] DEBUG o.h.b.model.internal.PropertyBinder - Building property employee
2025-02-03 12:08:28 [main] DEBUG o.h.b.model.internal.AnnotatedColumn - Binding column: AnnotatedColumn()
2025-02-03 12:08:28 [main] DEBUG o.h.b.model.internal.PropertyBinder - MetadataSourceProcessor property fromId with lazy=false
2025-02-03 12:08:28 [main] DEBUG o.h.b.m.i.AbstractPropertyHolder - Attempting to locate auto-apply AttributeConverter for property [com.rts.tap.model.Notifications:fromId]
2025-02-03 12:08:28 [main] DEBUG o.h.b.m.internal.BasicValueBinder - building BasicValue for fromId
2025-02-03 12:08:28 [main] DEBUG org.hibernate.mapping.BasicValue - Skipping column re-registration: notifications.from_id
2025-02-03 12:08:28 [main] DEBUG o.h.b.model.internal.PropertyBinder - Building property fromId
2025-02-03 12:08:28 [main] DEBUG o.h.b.model.internal.AnnotatedColumn - Binding column: AnnotatedColumn()
2025-02-03 12:08:28 [main] DEBUG o.h.b.model.internal.PropertyBinder - MetadataSourceProcessor property isSeen with lazy=false
2025-02-03 12:08:28 [main] DEBUG o.h.b.m.i.AbstractPropertyHolder - Attempting to locate auto-apply AttributeConverter for property [com.rts.tap.model.Notifications:isSeen]
2025-02-03 12:08:28 [main] DEBUG o.h.b.m.internal.BasicValueBinder - building BasicValue for isSeen
2025-02-03 12:08:28 [main] DEBUG org.hibernate.mapping.BasicValue - Skipping column re-registration: notifications.is_seen
2025-02-03 12:08:28 [main] DEBUG o.h.b.model.internal.PropertyBinder - Building property isSeen
2025-02-03 12:08:28 [main] DEBUG o.h.b.model.internal.AnnotatedColumn - Binding column: AnnotatedColumn()
2025-02-03 12:08:28 [main] DEBUG o.h.b.model.internal.PropertyBinder - MetadataSourceProcessor property message with lazy=false
2025-02-03 12:08:28 [main] DEBUG o.h.b.m.i.AbstractPropertyHolder - Attempting to locate auto-apply AttributeConverter for property [com.rts.tap.model.Notifications:message]
2025-02-03 12:08:28 [main] DEBUG o.h.b.m.internal.BasicValueBinder - building BasicValue for message
2025-02-03 12:08:28 [main] DEBUG org.hibernate.mapping.BasicValue - Skipping column re-registration: notifications.message
2025-02-03 12:08:28 [main] DEBUG o.h.b.model.internal.PropertyBinder - Building property message
2025-02-03 12:08:28 [main] DEBUG o.h.b.model.internal.AnnotatedColumn - Binding column: AnnotatedColumn()
2025-02-03 12:08:28 [main] DEBUG o.h.b.model.internal.PropertyBinder - MetadataSourceProcessor property source with lazy=false
2025-02-03 12:08:28 [main] DEBUG o.h.b.m.i.AbstractPropertyHolder - Attempting to locate auto-apply AttributeConverter for property [com.rts.tap.model.Notifications:source]
2025-02-03 12:08:28 [main] DEBUG o.h.b.m.internal.BasicValueBinder - building BasicValue for source
2025-02-03 12:08:28 [main] DEBUG org.hibernate.mapping.BasicValue - Skipping column re-registration: notifications.source
2025-02-03 12:08:28 [main] DEBUG o.h.b.model.internal.PropertyBinder - Building property source
2025-02-03 12:08:28 [main] DEBUG o.h.b.model.internal.AnnotatedColumn - Binding column: AnnotatedJoinColumn()
2025-02-03 12:08:28 [main] DEBUG o.h.b.model.internal.AnnotatedColumn - Binding column: AnnotatedColumn()
2025-02-03 12:08:28 [main] DEBUG o.h.b.model.internal.PropertyBinder - Building property vendor
2025-02-03 12:08:28 [main] DEBUG o.h.b.r.c.i.ClassLoaderServiceImpl - HHH000194: Package not found or no package-info.java: com.rts.tap.model
2025-02-03 12:08:28 [main] DEBUG o.h.j.e.i.CallbackDefinitionResolverLegacyImpl - Adding onCreate as PrePersist callback for entity com.rts.tap.model.Notifications
2025-02-03 12:08:28 [main] DEBUG o.h.boot.model.internal.EntityBinder - Binding entity from annotated class: com.rts.tap.model.Offer
2025-02-03 12:08:28 [main] DEBUG o.h.boot.model.internal.EntityBinder - Import with entity name Offer
2025-02-03 12:08:28 [main] DEBUG o.h.boot.model.internal.EntityBinder - Bind entity com.rts.tap.model.Offer on table offer
2025-02-03 12:08:28 [main] DEBUG o.h.b.model.internal.AnnotatedColumn - Binding column: AnnotatedDiscriminatorColumn(column='DTYPE')
2025-02-03 12:08:28 [main] DEBUG o.h.b.model.internal.AnnotatedColumn - Binding column: AnnotatedColumn()
2025-02-03 12:08:28 [main] DEBUG o.h.b.internal.ClassLoaderAccessImpl - Not known whether passed class name [com.rts.tap.model.Offer] is safe
2025-02-03 12:08:28 [main] DEBUG o.h.b.internal.ClassLoaderAccessImpl - No temp ClassLoader provided; using live ClassLoader for loading potentially unsafe class : com.rts.tap.model.Offer
2025-02-03 12:08:28 [main] DEBUG o.h.b.model.internal.PropertyBinder - MetadataSourceProcessor property offerId with lazy=false
2025-02-03 12:08:28 [main] DEBUG o.h.b.m.i.AbstractPropertyHolder - Attempting to locate auto-apply AttributeConverter for property [com.rts.tap.model.Offer:offerId]
2025-02-03 12:08:28 [main] DEBUG o.h.b.m.internal.BasicValueBinder - building BasicValue for offerId
2025-02-03 12:08:28 [main] DEBUG org.hibernate.mapping.BasicValue - Skipping column re-registration: offer.offer_id
2025-02-03 12:08:28 [main] DEBUG o.h.b.model.internal.PropertyBinder - Building property offerId
2025-02-03 12:08:28 [main] DEBUG o.h.boot.model.internal.BinderHelper - #makeIdGenerator(BasicValue([Column(offer_id)]), offerId, identity, , ...)
2025-02-03 12:08:28 [main] DEBUG o.h.b.model.internal.AnnotatedColumn - Binding column: AnnotatedJoinColumn()
2025-02-03 12:08:28 [main] DEBUG o.h.b.model.internal.AnnotatedColumn - Binding column: AnnotatedColumn()
2025-02-03 12:08:28 [main] DEBUG o.h.b.model.internal.PropertyBinder - Building property candidate
2025-02-03 12:08:28 [main] DEBUG o.h.b.model.internal.AnnotatedColumn - Binding column: AnnotatedColumn()
2025-02-03 12:08:28 [main] DEBUG o.h.b.model.internal.PropertyBinder - MetadataSourceProcessor property candidateReason with lazy=false
2025-02-03 12:08:28 [main] DEBUG o.h.b.m.i.AbstractPropertyHolder - Attempting to locate auto-apply AttributeConverter for property [com.rts.tap.model.Offer:candidateReason]
2025-02-03 12:08:28 [main] DEBUG o.h.b.m.internal.BasicValueBinder - building BasicValue for candidateReason
2025-02-03 12:08:28 [main] DEBUG org.hibernate.mapping.BasicValue - Skipping column re-registration: offer.candidate_reason
2025-02-03 12:08:28 [main] DEBUG o.h.b.model.internal.PropertyBinder - Building property candidateReason
2025-02-03 12:08:28 [main] DEBUG o.h.b.model.internal.AnnotatedColumn - Binding column: AnnotatedColumn()
2025-02-03 12:08:28 [main] DEBUG o.h.b.model.internal.PropertyBinder - MetadataSourceProcessor property candidateStatus with lazy=false
2025-02-03 12:08:28 [main] DEBUG o.h.b.m.i.AbstractPropertyHolder - Attempting to locate auto-apply AttributeConverter for property [com.rts.tap.model.Offer:candidateStatus]
2025-02-03 12:08:28 [main] DEBUG o.h.b.m.internal.BasicValueBinder - building BasicValue for candidateStatus
2025-02-03 12:08:28 [main] DEBUG org.hibernate.mapping.BasicValue - Skipping column re-registration: offer.candidate_status
2025-02-03 12:08:28 [main] DEBUG o.h.b.model.internal.PropertyBinder - Building property candidateStatus
2025-02-03 12:08:28 [main] DEBUG o.h.b.model.internal.AnnotatedColumn - Binding column: AnnotatedColumn()
2025-02-03 12:08:28 [main] DEBUG o.h.b.model.internal.PropertyBinder - MetadataSourceProcessor property createDate with lazy=false
2025-02-03 12:08:28 [main] DEBUG o.h.b.m.i.AbstractPropertyHolder - Attempting to locate auto-apply AttributeConverter for property [com.rts.tap.model.Offer:createDate]
2025-02-03 12:08:28 [main] DEBUG o.h.b.m.internal.BasicValueBinder - building BasicValue for createDate
2025-02-03 12:08:28 [main] DEBUG org.hibernate.mapping.BasicValue - Skipping column re-registration: offer.create_date
2025-02-03 12:08:28 [main] DEBUG o.h.b.model.internal.PropertyBinder - Building property createDate
2025-02-03 12:08:28 [main] DEBUG o.h.b.model.internal.AnnotatedColumn - Binding column: AnnotatedColumn()
2025-02-03 12:08:28 [main] DEBUG o.h.b.model.internal.PropertyBinder - MetadataSourceProcessor property isBuHeadApproved with lazy=false
2025-02-03 12:08:28 [main] DEBUG o.h.b.m.i.AbstractPropertyHolder - Attempting to locate auto-apply AttributeConverter for property [com.rts.tap.model.Offer:isBuHeadApproved]
2025-02-03 12:08:28 [main] DEBUG o.h.b.m.internal.BasicValueBinder - building BasicValue for isBuHeadApproved
2025-02-03 12:08:28 [main] DEBUG org.hibernate.mapping.BasicValue - Skipping column re-registration: offer.is_bu_head_approved
2025-02-03 12:08:28 [main] DEBUG o.h.b.model.internal.PropertyBinder - Building property isBuHeadApproved
2025-02-03 12:08:28 [main] DEBUG o.h.b.model.internal.AnnotatedColumn - Binding column: AnnotatedColumn()
2025-02-03 12:08:28 [main] DEBUG o.h.b.model.internal.PropertyBinder - MetadataSourceProcessor property joiningDate with lazy=false
2025-02-03 12:08:28 [main] DEBUG o.h.b.m.i.AbstractPropertyHolder - Attempting to locate auto-apply AttributeConverter for property [com.rts.tap.model.Offer:joiningDate]
2025-02-03 12:08:28 [main] DEBUG o.h.b.m.internal.BasicValueBinder - building BasicValue for joiningDate
2025-02-03 12:08:28 [main] DEBUG org.hibernate.mapping.BasicValue - Skipping column re-registration: offer.joining_date
2025-02-03 12:08:28 [main] DEBUG o.h.b.model.internal.PropertyBinder - Building property joiningDate
2025-02-03 12:08:28 [main] DEBUG o.h.b.model.internal.AnnotatedColumn - Binding column: AnnotatedJoinColumn()
2025-02-03 12:08:28 [main] DEBUG o.h.b.model.internal.AnnotatedColumn - Binding column: AnnotatedColumn()
2025-02-03 12:08:28 [main] DEBUG o.h.b.model.internal.PropertyBinder - Building property mrf
2025-02-03 12:08:28 [main] DEBUG o.h.b.model.internal.AnnotatedColumn - Binding column: AnnotatedColumn()
2025-02-03 12:08:28 [main] DEBUG o.h.b.model.internal.PropertyBinder - MetadataSourceProcessor property offerLetter with lazy=false
2025-02-03 12:08:28 [main] DEBUG o.h.b.m.i.AbstractPropertyHolder - Attempting to locate auto-apply AttributeConverter for property [com.rts.tap.model.Offer:offerLetter]
2025-02-03 12:08:28 [main] DEBUG o.h.b.m.internal.BasicValueBinder - building BasicValue for offerLetter
2025-02-03 12:08:28 [main] DEBUG org.hibernate.mapping.BasicValue - Skipping column re-registration: offer.offer_letter
2025-02-03 12:08:28 [main] DEBUG o.h.b.model.internal.PropertyBinder - Building property offerLetter
2025-02-03 12:08:28 [main] DEBUG o.h.b.model.internal.AnnotatedColumn - Binding column: AnnotatedColumn()
2025-02-03 12:08:28 [main] DEBUG o.h.b.model.internal.PropertyBinder - MetadataSourceProcessor property offerPackage with lazy=false
2025-02-03 12:08:28 [main] DEBUG o.h.b.m.i.AbstractPropertyHolder - Attempting to locate auto-apply AttributeConverter for property [com.rts.tap.model.Offer:offerPackage]
2025-02-03 12:08:28 [main] DEBUG o.h.b.m.internal.BasicValueBinder - building BasicValue for offerPackage
2025-02-03 12:08:28 [main] DEBUG org.hibernate.mapping.BasicValue - Skipping column re-registration: offer.offer_package
2025-02-03 12:08:28 [main] DEBUG o.h.b.model.internal.PropertyBinder - Building property offerPackage
2025-02-03 12:08:28 [main] DEBUG o.h.b.r.c.i.ClassLoaderServiceImpl - HHH000194: Package not found or no package-info.java: com.rts.tap.model
2025-02-03 12:08:28 [main] DEBUG o.h.boot.model.internal.EntityBinder - Binding entity from annotated class: com.rts.tap.model.OfferApproval
2025-02-03 12:08:28 [main] DEBUG o.h.boot.model.internal.EntityBinder - Import with entity name OfferApproval
2025-02-03 12:08:28 [main] DEBUG o.h.boot.model.internal.EntityBinder - Bind entity com.rts.tap.model.OfferApproval on table offer_approval
2025-02-03 12:08:28 [main] DEBUG o.h.b.model.internal.AnnotatedColumn - Binding column: AnnotatedDiscriminatorColumn(column='DTYPE')
2025-02-03 12:08:28 [main] DEBUG o.h.b.model.internal.AnnotatedColumn - Binding column: AnnotatedColumn()
2025-02-03 12:08:28 [main] DEBUG o.h.b.internal.ClassLoaderAccessImpl - Not known whether passed class name [com.rts.tap.model.OfferApproval] is safe
2025-02-03 12:08:28 [main] DEBUG o.h.b.internal.ClassLoaderAccessImpl - No temp ClassLoader provided; using live ClassLoader for loading potentially unsafe class : com.rts.tap.model.OfferApproval
2025-02-03 12:08:28 [main] DEBUG o.h.b.model.internal.PropertyBinder - MetadataSourceProcessor property offerApprovalId with lazy=false
2025-02-03 12:08:28 [main] DEBUG o.h.b.m.i.AbstractPropertyHolder - Attempting to locate auto-apply AttributeConverter for property [com.rts.tap.model.OfferApproval:offerApprovalId]
2025-02-03 12:08:28 [main] DEBUG o.h.b.m.internal.BasicValueBinder - building BasicValue for offerApprovalId
2025-02-03 12:08:28 [main] DEBUG org.hibernate.mapping.BasicValue - Skipping column re-registration: offer_approval.offer_approval_id
2025-02-03 12:08:28 [main] DEBUG o.h.b.model.internal.PropertyBinder - Building property offerApprovalId
2025-02-03 12:08:28 [main] DEBUG o.h.boot.model.internal.BinderHelper - #makeIdGenerator(BasicValue([Column(offer_approval_id)]), offerApprovalId, identity, , ...)
2025-02-03 12:08:28 [main] DEBUG o.h.b.model.internal.AnnotatedColumn - Binding column: AnnotatedColumn()
2025-02-03 12:08:28 [main] DEBUG o.h.b.model.internal.PropertyBinder - MetadataSourceProcessor property Reason with lazy=false
2025-02-03 12:08:28 [main] DEBUG o.h.b.m.i.AbstractPropertyHolder - Attempting to locate auto-apply AttributeConverter for property [com.rts.tap.model.OfferApproval:Reason]
2025-02-03 12:08:28 [main] DEBUG o.h.b.m.internal.BasicValueBinder - building BasicValue for Reason
2025-02-03 12:08:28 [main] DEBUG org.hibernate.mapping.BasicValue - Skipping column re-registration: offer_approval.reason
2025-02-03 12:08:28 [main] DEBUG o.h.b.model.internal.PropertyBinder - Building property Reason
2025-02-03 12:08:28 [main] DEBUG o.h.b.model.internal.AnnotatedColumn - Binding column: AnnotatedJoinColumn()
2025-02-03 12:08:28 [main] DEBUG o.h.b.model.internal.AnnotatedColumn - Binding column: AnnotatedColumn()
2025-02-03 12:08:28 [main] DEBUG o.h.b.model.internal.PropertyBinder - Building property approverLevel
2025-02-03 12:08:28 [main] DEBUG o.h.b.model.internal.AnnotatedColumn - Binding column: AnnotatedJoinColumn()
2025-02-03 12:08:28 [main] DEBUG o.h.b.model.internal.AnnotatedColumn - Binding column: AnnotatedColumn()
2025-02-03 12:08:28 [main] DEBUG o.h.b.model.internal.PropertyBinder - Building property offer
2025-02-03 12:08:28 [main] DEBUG o.h.b.model.internal.AnnotatedColumn - Binding column: AnnotatedColumn()
2025-02-03 12:08:28 [main] DEBUG o.h.b.model.internal.PropertyBinder - MetadataSourceProcessor property status with lazy=false
2025-02-03 12:08:28 [main] DEBUG o.h.b.m.i.AbstractPropertyHolder - Attempting to locate auto-apply AttributeConverter for property [com.rts.tap.model.OfferApproval:status]
2025-02-03 12:08:28 [main] DEBUG o.h.b.m.internal.BasicValueBinder - building BasicValue for status
2025-02-03 12:08:28 [main] DEBUG org.hibernate.mapping.BasicValue - Skipping column re-registration: offer_approval.status
2025-02-03 12:08:28 [main] DEBUG o.h.b.model.internal.PropertyBinder - Building property status
2025-02-03 12:08:28 [main] DEBUG o.h.b.r.c.i.ClassLoaderServiceImpl - HHH000194: Package not found or no package-info.java: com.rts.tap.model
2025-02-03 12:08:28 [main] DEBUG o.h.boot.model.internal.EntityBinder - Binding entity from annotated class: com.rts.tap.model.Organization
2025-02-03 12:08:28 [main] DEBUG o.h.boot.model.internal.EntityBinder - Import with entity name Organization
2025-02-03 12:08:28 [main] DEBUG o.h.boot.model.internal.EntityBinder - Bind entity com.rts.tap.model.Organization on table organizations
2025-02-03 12:08:28 [main] DEBUG o.h.b.model.internal.AnnotatedColumn - Binding column: AnnotatedDiscriminatorColumn(column='DTYPE')
2025-02-03 12:08:28 [main] DEBUG o.h.b.model.internal.AnnotatedColumn - Binding column: AnnotatedColumn(column='organization_id')
2025-02-03 12:08:28 [main] DEBUG o.h.b.internal.ClassLoaderAccessImpl - Not known whether passed class name [com.rts.tap.model.Organization] is safe
2025-02-03 12:08:28 [main] DEBUG o.h.b.internal.ClassLoaderAccessImpl - No temp ClassLoader provided; using live ClassLoader for loading potentially unsafe class : com.rts.tap.model.Organization
2025-02-03 12:08:28 [main] DEBUG o.h.b.model.internal.PropertyBinder - MetadataSourceProcessor property organizationId with lazy=false
2025-02-03 12:08:28 [main] DEBUG o.h.b.m.i.AbstractPropertyHolder - Attempting to locate auto-apply AttributeConverter for property [com.rts.tap.model.Organization:organizationId]
2025-02-03 12:08:28 [main] DEBUG o.h.b.m.internal.BasicValueBinder - building BasicValue for organizationId
2025-02-03 12:08:28 [main] DEBUG org.hibernate.mapping.BasicValue - Skipping column re-registration: organizations.organization_id
2025-02-03 12:08:28 [main] DEBUG o.h.b.model.internal.PropertyBinder - Building property organizationId
2025-02-03 12:08:28 [main] DEBUG o.h.boot.model.internal.BinderHelper - #makeIdGenerator(BasicValue([Column(organization_id)]), organizationId, identity, , ...)
2025-02-03 12:08:28 [main] DEBUG o.h.b.model.internal.AnnotatedColumn - Binding column: AnnotatedColumn(column='contact_person_email')
2025-02-03 12:08:28 [main] DEBUG o.h.b.model.internal.PropertyBinder - MetadataSourceProcessor property contactPersonEmail with lazy=false
2025-02-03 12:08:28 [main] DEBUG o.h.b.m.i.AbstractPropertyHolder - Attempting to locate auto-apply AttributeConverter for property [com.rts.tap.model.Organization:contactPersonEmail]
2025-02-03 12:08:28 [main] DEBUG o.h.b.m.internal.BasicValueBinder - building BasicValue for contactPersonEmail
2025-02-03 12:08:28 [main] DEBUG org.hibernate.mapping.BasicValue - Skipping column re-registration: organizations.contact_person_email
2025-02-03 12:08:28 [main] DEBUG o.h.b.model.internal.PropertyBinder - Building property contactPersonEmail
2025-02-03 12:08:28 [main] DEBUG o.h.b.model.internal.AnnotatedColumn - Binding column: AnnotatedColumn(column='contact_person_name')
2025-02-03 12:08:28 [main] DEBUG o.h.b.model.internal.PropertyBinder - MetadataSourceProcessor property contactPersonName with lazy=false
2025-02-03 12:08:28 [main] DEBUG o.h.b.m.i.AbstractPropertyHolder - Attempting to locate auto-apply AttributeConverter for property [com.rts.tap.model.Organization:contactPersonName]
2025-02-03 12:08:28 [main] DEBUG o.h.b.m.internal.BasicValueBinder - building BasicValue for contactPersonName
2025-02-03 12:08:28 [main] DEBUG org.hibernate.mapping.BasicValue - Skipping column re-registration: organizations.contact_person_name
2025-02-03 12:08:28 [main] DEBUG o.h.b.model.internal.PropertyBinder - Building property contactPersonName
2025-02-03 12:08:28 [main] DEBUG o.h.b.model.internal.AnnotatedColumn - Binding column: AnnotatedColumn(column='contact_person_phone')
2025-02-03 12:08:28 [main] DEBUG o.h.b.model.internal.PropertyBinder - MetadataSourceProcessor property contactPersonPhone with lazy=false
2025-02-03 12:08:28 [main] DEBUG o.h.b.m.i.AbstractPropertyHolder - Attempting to locate auto-apply AttributeConverter for property [com.rts.tap.model.Organization:contactPersonPhone]
2025-02-03 12:08:28 [main] DEBUG o.h.b.m.internal.BasicValueBinder - building BasicValue for contactPersonPhone
2025-02-03 12:08:28 [main] DEBUG org.hibernate.mapping.BasicValue - Skipping column re-registration: organizations.contact_person_phone
2025-02-03 12:08:28 [main] DEBUG o.h.b.model.internal.PropertyBinder - Building property contactPersonPhone
2025-02-03 12:08:28 [main] DEBUG o.h.b.model.internal.AnnotatedColumn - Binding column: AnnotatedColumn(column='created_date')
2025-02-03 12:08:28 [main] DEBUG o.h.b.model.internal.PropertyBinder - MetadataSourceProcessor property createdDate with lazy=false
2025-02-03 12:08:28 [main] DEBUG o.h.b.m.i.AbstractPropertyHolder - Attempting to locate auto-apply AttributeConverter for property [com.rts.tap.model.Organization:createdDate]
2025-02-03 12:08:28 [main] DEBUG o.h.b.m.internal.BasicValueBinder - building BasicValue for createdDate
2025-02-03 12:08:28 [main] DEBUG org.hibernate.mapping.BasicValue - Skipping column re-registration: organizations.created_date
2025-02-03 12:08:28 [main] DEBUG o.h.b.model.internal.PropertyBinder - Building property createdDate
2025-02-03 12:08:28 [main] DEBUG o.h.b.model.internal.AnnotatedColumn - Binding column: AnnotatedColumn(column='industry_type')
2025-02-03 12:08:28 [main] DEBUG o.h.b.model.internal.PropertyBinder - MetadataSourceProcessor property industryType with lazy=false
2025-02-03 12:08:28 [main] DEBUG o.h.b.m.i.AbstractPropertyHolder - Attempting to locate auto-apply AttributeConverter for property [com.rts.tap.model.Organization:industryType]
2025-02-03 12:08:28 [main] DEBUG o.h.b.m.internal.BasicValueBinder - building BasicValue for industryType
2025-02-03 12:08:28 [main] DEBUG org.hibernate.mapping.BasicValue - Skipping column re-registration: organizations.industry_type
2025-02-03 12:08:28 [main] DEBUG o.h.b.model.internal.PropertyBinder - Building property industryType
2025-02-03 12:08:28 [main] DEBUG o.h.b.model.internal.AnnotatedColumn - Binding column: AnnotatedColumn(column='organization_logo')
2025-02-03 12:08:28 [main] DEBUG o.h.b.model.internal.PropertyBinder - MetadataSourceProcessor property logo with lazy=false
2025-02-03 12:08:28 [main] DEBUG o.h.b.m.i.AbstractPropertyHolder - Attempting to locate auto-apply AttributeConverter for property [com.rts.tap.model.Organization:logo]
2025-02-03 12:08:28 [main] DEBUG o.h.b.m.internal.BasicValueBinder - building BasicValue for logo
2025-02-03 12:08:28 [main] DEBUG org.hibernate.mapping.BasicValue - Skipping column re-registration: organizations.organization_logo
2025-02-03 12:08:28 [main] DEBUG o.h.b.model.internal.PropertyBinder - Building property logo
2025-02-03 12:08:28 [main] DEBUG o.h.b.model.internal.AnnotatedColumn - Binding column: AnnotatedColumn(column='organization_address')
2025-02-03 12:08:28 [main] DEBUG o.h.b.model.internal.PropertyBinder - MetadataSourceProcessor property organizationAddress with lazy=false
2025-02-03 12:08:28 [main] DEBUG o.h.b.m.i.AbstractPropertyHolder - Attempting to locate auto-apply AttributeConverter for property [com.rts.tap.model.Organization:organizationAddress]
2025-02-03 12:08:28 [main] DEBUG o.h.b.m.internal.BasicValueBinder - building BasicValue for organizationAddress
2025-02-03 12:08:28 [main] DEBUG org.hibernate.mapping.BasicValue - Skipping column re-registration: organizations.organization_address
2025-02-03 12:08:28 [main] DEBUG o.h.b.model.internal.PropertyBinder - Building property organizationAddress
2025-02-03 12:08:28 [main] DEBUG o.h.b.model.internal.AnnotatedColumn - Binding column: AnnotatedColumn(column='organization_establisheddate')
2025-02-03 12:08:28 [main] DEBUG o.h.b.model.internal.PropertyBinder - MetadataSourceProcessor property organizationEstablishedDate with lazy=false
2025-02-03 12:08:28 [main] DEBUG o.h.b.m.i.AbstractPropertyHolder - Attempting to locate auto-apply AttributeConverter for property [com.rts.tap.model.Organization:organizationEstablishedDate]
2025-02-03 12:08:28 [main] DEBUG o.h.b.m.internal.BasicValueBinder - building BasicValue for organizationEstablishedDate
2025-02-03 12:08:28 [main] DEBUG org.hibernate.mapping.BasicValue - Skipping column re-registration: organizations.organization_establisheddate
2025-02-03 12:08:28 [main] DEBUG o.h.b.model.internal.PropertyBinder - Building property organizationEstablishedDate
2025-02-03 12:08:28 [main] DEBUG o.h.b.model.internal.AnnotatedColumn - Binding column: AnnotatedColumn(column='organization_name')
2025-02-03 12:08:28 [main] DEBUG o.h.b.model.internal.PropertyBinder - MetadataSourceProcessor property organizationName with lazy=false
2025-02-03 12:08:28 [main] DEBUG o.h.b.m.i.AbstractPropertyHolder - Attempting to locate auto-apply AttributeConverter for property [com.rts.tap.model.Organization:organizationName]
2025-02-03 12:08:28 [main] DEBUG o.h.b.m.internal.BasicValueBinder - building BasicValue for organizationName
2025-02-03 12:08:28 [main] DEBUG org.hibernate.mapping.BasicValue - Skipping column re-registration: organizations.organization_name
2025-02-03 12:08:28 [main] DEBUG o.h.b.model.internal.PropertyBinder - Building property organizationName
2025-02-03 12:08:28 [main] DEBUG o.h.b.model.internal.AnnotatedColumn - Binding column: AnnotatedColumn(column='organization_status')
2025-02-03 12:08:28 [main] DEBUG o.h.b.model.internal.PropertyBinder - MetadataSourceProcessor property organizationStatus with lazy=false
2025-02-03 12:08:28 [main] DEBUG o.h.b.m.i.AbstractPropertyHolder - Attempting to locate auto-apply AttributeConverter for property [com.rts.tap.model.Organization:organizationStatus]
2025-02-03 12:08:28 [main] DEBUG o.h.b.m.internal.BasicValueBinder - building BasicValue for organizationStatus
2025-02-03 12:08:28 [main] DEBUG org.hibernate.mapping.BasicValue - Skipping column re-registration: organizations.organization_status
2025-02-03 12:08:28 [main] DEBUG o.h.b.model.internal.PropertyBinder - Building property organizationStatus
2025-02-03 12:08:28 [main] DEBUG o.h.b.model.internal.AnnotatedColumn - Binding column: AnnotatedColumn(column='organization_websiteurl')
2025-02-03 12:08:28 [main] DEBUG o.h.b.model.internal.PropertyBinder - MetadataSourceProcessor property organizationWebsiteUrl with lazy=false
2025-02-03 12:08:28 [main] DEBUG o.h.b.m.i.AbstractPropertyHolder - Attempting to locate auto-apply AttributeConverter for property [com.rts.tap.model.Organization:organizationWebsiteUrl]
2025-02-03 12:08:28 [main] DEBUG o.h.b.m.internal.BasicValueBinder - building BasicValue for organizationWebsiteUrl
2025-02-03 12:08:28 [main] DEBUG org.hibernate.mapping.BasicValue - Skipping column re-registration: organizations.organization_websiteurl
2025-02-03 12:08:28 [main] DEBUG o.h.b.model.internal.PropertyBinder - Building property organizationWebsiteUrl
2025-02-03 12:08:28 [main] DEBUG o.h.b.model.internal.AnnotatedColumn - Binding column: AnnotatedColumn(column='organization_size')
2025-02-03 12:08:28 [main] DEBUG o.h.b.model.internal.PropertyBinder - MetadataSourceProcessor property size with lazy=false
2025-02-03 12:08:28 [main] DEBUG o.h.b.m.i.AbstractPropertyHolder - Attempting to locate auto-apply AttributeConverter for property [com.rts.tap.model.Organization:size]
2025-02-03 12:08:28 [main] DEBUG o.h.b.m.internal.BasicValueBinder - building BasicValue for size
2025-02-03 12:08:28 [main] DEBUG org.hibernate.mapping.BasicValue - Skipping column re-registration: organizations.organization_size
2025-02-03 12:08:28 [main] DEBUG o.h.b.model.internal.PropertyBinder - Building property size
2025-02-03 12:08:28 [main] DEBUG o.h.b.model.internal.AnnotatedColumn - Binding column: AnnotatedColumn(column='updated_date')
2025-02-03 12:08:28 [main] DEBUG o.h.b.model.internal.PropertyBinder - MetadataSourceProcessor property updatedDate with lazy=false
2025-02-03 12:08:28 [main] DEBUG o.h.b.m.i.AbstractPropertyHolder - Attempting to locate auto-apply AttributeConverter for property [com.rts.tap.model.Organization:updatedDate]
2025-02-03 12:08:28 [main] DEBUG o.h.b.m.internal.BasicValueBinder - building BasicValue for updatedDate
2025-02-03 12:08:28 [main] DEBUG org.hibernate.mapping.BasicValue - Skipping column re-registration: organizations.updated_date
2025-02-03 12:08:28 [main] DEBUG o.h.b.model.internal.PropertyBinder - Building property updatedDate
2025-02-03 12:08:28 [main] DEBUG o.h.b.r.c.i.ClassLoaderServiceImpl - HHH000194: Package not found or no package-info.java: com.rts.tap.model
2025-02-03 12:08:28 [main] DEBUG o.h.j.e.i.CallbackDefinitionResolverLegacyImpl - Adding onUpdate as PreUpdate callback for entity com.rts.tap.model.Organization
2025-02-03 12:08:28 [main] DEBUG o.h.j.e.i.CallbackDefinitionResolverLegacyImpl - Adding onCreate as PrePersist callback for entity com.rts.tap.model.Organization
2025-02-03 12:08:28 [main] DEBUG o.h.boot.model.internal.EntityBinder - Binding entity from annotated class: com.rts.tap.model.OrganizationLocation
2025-02-03 12:08:28 [main] DEBUG o.h.boot.model.internal.EntityBinder - Import with entity name OrganizationLocation
2025-02-03 12:08:28 [main] DEBUG o.h.boot.model.internal.EntityBinder - Bind entity com.rts.tap.model.OrganizationLocation on table organization_location
2025-02-03 12:08:28 [main] DEBUG o.h.b.model.internal.AnnotatedColumn - Binding column: AnnotatedDiscriminatorColumn(column='DTYPE')
2025-02-03 12:08:28 [main] DEBUG o.h.b.model.internal.AnnotatedColumn - Binding column: AnnotatedColumn(column='location_id')
2025-02-03 12:08:28 [main] DEBUG o.h.b.internal.ClassLoaderAccessImpl - Not known whether passed class name [com.rts.tap.model.OrganizationLocation] is safe
2025-02-03 12:08:28 [main] DEBUG o.h.b.internal.ClassLoaderAccessImpl - No temp ClassLoader provided; using live ClassLoader for loading potentially unsafe class : com.rts.tap.model.OrganizationLocation
2025-02-03 12:08:28 [main] DEBUG o.h.b.model.internal.PropertyBinder - MetadataSourceProcessor property locationId with lazy=false
2025-02-03 12:08:28 [main] DEBUG o.h.b.m.i.AbstractPropertyHolder - Attempting to locate auto-apply AttributeConverter for property [com.rts.tap.model.OrganizationLocation:locationId]
2025-02-03 12:08:28 [main] DEBUG o.h.b.m.internal.BasicValueBinder - building BasicValue for locationId
2025-02-03 12:08:28 [main] DEBUG org.hibernate.mapping.BasicValue - Skipping column re-registration: organization_location.location_id
2025-02-03 12:08:28 [main] DEBUG o.h.b.model.internal.PropertyBinder - Building property locationId
2025-02-03 12:08:28 [main] DEBUG o.h.boot.model.internal.BinderHelper - #makeIdGenerator(BasicValue([Column(location_id)]), locationId, identity, , ...)
2025-02-03 12:08:28 [main] DEBUG o.h.b.model.internal.AnnotatedColumn - Binding column: AnnotatedColumn(column='latitude')
2025-02-03 12:08:28 [main] DEBUG o.h.b.model.internal.PropertyBinder - MetadataSourceProcessor property latitude with lazy=false
2025-02-03 12:08:28 [main] DEBUG o.h.b.m.i.AbstractPropertyHolder - Attempting to locate auto-apply AttributeConverter for property [com.rts.tap.model.OrganizationLocation:latitude]
2025-02-03 12:08:28 [main] DEBUG o.h.b.m.internal.BasicValueBinder - building BasicValue for latitude
2025-02-03 12:08:28 [main] DEBUG org.hibernate.mapping.BasicValue - Skipping column re-registration: organization_location.latitude
2025-02-03 12:08:28 [main] DEBUG o.h.b.model.internal.PropertyBinder - Building property latitude
2025-02-03 12:08:28 [main] DEBUG o.h.b.model.internal.AnnotatedColumn - Binding column: AnnotatedColumn(column='location_address')
2025-02-03 12:08:28 [main] DEBUG o.h.b.model.internal.PropertyBinder - MetadataSourceProcessor property locationAddress with lazy=false
2025-02-03 12:08:28 [main] DEBUG o.h.b.m.i.AbstractPropertyHolder - Attempting to locate auto-apply AttributeConverter for property [com.rts.tap.model.OrganizationLocation:locationAddress]
2025-02-03 12:08:28 [main] DEBUG o.h.b.m.internal.BasicValueBinder - building BasicValue for locationAddress
2025-02-03 12:08:28 [main] DEBUG org.hibernate.mapping.BasicValue - Skipping column re-registration: organization_location.location_address
2025-02-03 12:08:28 [main] DEBUG o.h.b.model.internal.PropertyBinder - Building property locationAddress
2025-02-03 12:08:28 [main] DEBUG o.h.b.model.internal.AnnotatedColumn - Binding column: AnnotatedColumn(column='location_name')
2025-02-03 12:08:28 [main] DEBUG o.h.b.model.internal.PropertyBinder - MetadataSourceProcessor property locationName with lazy=false
2025-02-03 12:08:28 [main] DEBUG o.h.b.m.i.AbstractPropertyHolder - Attempting to locate auto-apply AttributeConverter for property [com.rts.tap.model.OrganizationLocation:locationName]
2025-02-03 12:08:28 [main] DEBUG o.h.b.m.internal.BasicValueBinder - building BasicValue for locationName
2025-02-03 12:08:28 [main] DEBUG org.hibernate.mapping.BasicValue - Skipping column re-registration: organization_location.location_name
2025-02-03 12:08:28 [main] DEBUG o.h.b.model.internal.PropertyBinder - Building property locationName
2025-02-03 12:08:28 [main] DEBUG o.h.b.model.internal.AnnotatedColumn - Binding column: AnnotatedColumn(column='longitude')
2025-02-03 12:08:28 [main] DEBUG o.h.b.model.internal.PropertyBinder - MetadataSourceProcessor property longitude with lazy=false
2025-02-03 12:08:28 [main] DEBUG o.h.b.m.i.AbstractPropertyHolder - Attempting to locate auto-apply AttributeConverter for property [com.rts.tap.model.OrganizationLocation:longitude]
2025-02-03 12:08:28 [main] DEBUG o.h.b.m.internal.BasicValueBinder - building BasicValue for longitude
2025-02-03 12:08:28 [main] DEBUG org.hibernate.mapping.BasicValue - Skipping column re-registration: organization_location.longitude
2025-02-03 12:08:28 [main] DEBUG o.h.b.model.internal.PropertyBinder - Building property longitude
2025-02-03 12:08:28 [main] DEBUG o.h.b.r.c.i.ClassLoaderServiceImpl - HHH000194: Package not found or no package-info.java: com.rts.tap.model
2025-02-03 12:08:28 [main] DEBUG o.h.boot.model.internal.EntityBinder - Binding entity from annotated class: com.rts.tap.model.PersonalInfo
2025-02-03 12:08:28 [main] DEBUG o.h.boot.model.internal.EntityBinder - Import with entity name PersonalInfo
2025-02-03 12:08:28 [main] DEBUG o.h.boot.model.internal.EntityBinder - Bind entity com.rts.tap.model.PersonalInfo on table personal_information
2025-02-03 12:08:28 [main] DEBUG o.h.b.model.internal.AnnotatedColumn - Binding column: AnnotatedDiscriminatorColumn(column='DTYPE')
2025-02-03 12:08:28 [main] DEBUG o.h.b.model.internal.AnnotatedColumn - Binding column: AnnotatedColumn(column='personal_info_id')
2025-02-03 12:08:28 [main] DEBUG o.h.b.internal.ClassLoaderAccessImpl - Not known whether passed class name [com.rts.tap.model.PersonalInfo] is safe
2025-02-03 12:08:28 [main] DEBUG o.h.b.internal.ClassLoaderAccessImpl - No temp ClassLoader provided; using live ClassLoader for loading potentially unsafe class : com.rts.tap.model.PersonalInfo
2025-02-03 12:08:28 [main] DEBUG o.h.b.model.internal.PropertyBinder - MetadataSourceProcessor property personalInfoId with lazy=false
2025-02-03 12:08:28 [main] DEBUG o.h.b.m.i.AbstractPropertyHolder - Attempting to locate auto-apply AttributeConverter for property [com.rts.tap.model.PersonalInfo:personalInfoId]
2025-02-03 12:08:28 [main] DEBUG o.h.b.m.internal.BasicValueBinder - building BasicValue for personalInfoId
2025-02-03 12:08:28 [main] DEBUG org.hibernate.mapping.BasicValue - Skipping column re-registration: personal_information.personal_info_id
2025-02-03 12:08:28 [main] DEBUG o.h.b.model.internal.PropertyBinder - Building property personalInfoId
2025-02-03 12:08:28 [main] DEBUG o.h.boot.model.internal.BinderHelper - #makeIdGenerator(BasicValue([Column(personal_info_id)]), personalInfoId, identity, , ...)
2025-02-03 12:08:28 [main] DEBUG o.h.b.model.internal.AnnotatedColumn - Binding column: AnnotatedColumn(column='city')
2025-02-03 12:08:28 [main] DEBUG o.h.b.model.internal.PropertyBinder - MetadataSourceProcessor property city with lazy=false
2025-02-03 12:08:28 [main] DEBUG o.h.b.m.i.AbstractPropertyHolder - Attempting to locate auto-apply AttributeConverter for property [com.rts.tap.model.PersonalInfo:city]
2025-02-03 12:08:28 [main] DEBUG o.h.b.m.internal.BasicValueBinder - building BasicValue for city
2025-02-03 12:08:28 [main] DEBUG org.hibernate.mapping.BasicValue - Skipping column re-registration: personal_information.city
2025-02-03 12:08:28 [main] DEBUG o.h.b.model.internal.PropertyBinder - Building property city
2025-02-03 12:08:28 [main] DEBUG o.h.b.model.internal.AnnotatedColumn - Binding column: AnnotatedColumn(column='country')
2025-02-03 12:08:28 [main] DEBUG o.h.b.model.internal.PropertyBinder - MetadataSourceProcessor property country with lazy=false
2025-02-03 12:08:28 [main] DEBUG o.h.b.m.i.AbstractPropertyHolder - Attempting to locate auto-apply AttributeConverter for property [com.rts.tap.model.PersonalInfo:country]
2025-02-03 12:08:28 [main] DEBUG o.h.b.m.internal.BasicValueBinder - building BasicValue for country
2025-02-03 12:08:28 [main] DEBUG org.hibernate.mapping.BasicValue - Skipping column re-registration: personal_information.country
2025-02-03 12:08:28 [main] DEBUG o.h.b.model.internal.PropertyBinder - Building property country
2025-02-03 12:08:28 [main] DEBUG o.h.b.model.internal.AnnotatedColumn - Binding column: AnnotatedColumn(column='created_date')
2025-02-03 12:08:28 [main] DEBUG o.h.b.model.internal.PropertyBinder - MetadataSourceProcessor property createdDate with lazy=false
2025-02-03 12:08:28 [main] DEBUG o.h.b.m.i.AbstractPropertyHolder - Attempting to locate auto-apply AttributeConverter for property [com.rts.tap.model.PersonalInfo:createdDate]
2025-02-03 12:08:28 [main] DEBUG o.h.b.m.internal.BasicValueBinder - building BasicValue for createdDate
2025-02-03 12:08:28 [main] DEBUG org.hibernate.mapping.BasicValue - Skipping column re-registration: personal_information.created_date
2025-02-03 12:08:28 [main] DEBUG o.h.b.model.internal.PropertyBinder - Building property createdDate
2025-02-03 12:08:28 [main] DEBUG o.h.b.model.internal.AnnotatedColumn - Binding column: AnnotatedColumn(column='date_of_birth')
2025-02-03 12:08:28 [main] DEBUG o.h.b.model.internal.PropertyBinder - MetadataSourceProcessor property dateOfBirth with lazy=false
2025-02-03 12:08:28 [main] DEBUG o.h.b.m.i.AbstractPropertyHolder - Attempting to locate auto-apply AttributeConverter for property [com.rts.tap.model.PersonalInfo:dateOfBirth]
2025-02-03 12:08:28 [main] DEBUG o.h.b.m.internal.BasicValueBinder - building BasicValue for dateOfBirth
2025-02-03 12:08:28 [main] DEBUG org.hibernate.mapping.BasicValue - Skipping column re-registration: personal_information.date_of_birth
2025-02-03 12:08:28 [main] DEBUG o.h.b.model.internal.PropertyBinder - Building property dateOfBirth
2025-02-03 12:08:28 [main] DEBUG o.h.b.model.internal.AnnotatedColumn - Binding column: AnnotatedColumn(column='district')
2025-02-03 12:08:28 [main] DEBUG o.h.b.model.internal.PropertyBinder - MetadataSourceProcessor property district with lazy=false
2025-02-03 12:08:28 [main] DEBUG o.h.b.m.i.AbstractPropertyHolder - Attempting to locate auto-apply AttributeConverter for property [com.rts.tap.model.PersonalInfo:district]
2025-02-03 12:08:28 [main] DEBUG o.h.b.m.internal.BasicValueBinder - building BasicValue for district
2025-02-03 12:08:28 [main] DEBUG org.hibernate.mapping.BasicValue - Skipping column re-registration: personal_information.district
2025-02-03 12:08:28 [main] DEBUG o.h.b.model.internal.PropertyBinder - Building property district
2025-02-03 12:08:28 [main] DEBUG o.h.b.model.internal.AnnotatedColumn - Binding column: AnnotatedColumn(column='employee_address')
2025-02-03 12:08:28 [main] DEBUG o.h.b.model.internal.PropertyBinder - MetadataSourceProcessor property employeeAddress with lazy=false
2025-02-03 12:08:28 [main] DEBUG o.h.b.m.i.AbstractPropertyHolder - Attempting to locate auto-apply AttributeConverter for property [com.rts.tap.model.PersonalInfo:employeeAddress]
2025-02-03 12:08:28 [main] DEBUG o.h.b.m.internal.BasicValueBinder - building BasicValue for employeeAddress
2025-02-03 12:08:28 [main] DEBUG org.hibernate.mapping.BasicValue - Skipping column re-registration: personal_information.employee_address
2025-02-03 12:08:28 [main] DEBUG o.h.b.model.internal.PropertyBinder - Building property employeeAddress
2025-02-03 12:08:28 [main] DEBUG o.h.b.model.internal.AnnotatedColumn - Binding column: AnnotatedColumn()
2025-02-03 12:08:28 [main] DEBUG o.h.b.model.internal.PropertyBinder - MetadataSourceProcessor property employeePhoto with lazy=false
2025-02-03 12:08:28 [main] DEBUG o.h.b.m.i.AbstractPropertyHolder - Attempting to locate auto-apply AttributeConverter for property [com.rts.tap.model.PersonalInfo:employeePhoto]
2025-02-03 12:08:28 [main] DEBUG o.h.b.m.internal.BasicValueBinder - building BasicValue for employeePhoto
2025-02-03 12:08:28 [main] DEBUG org.hibernate.mapping.BasicValue - Skipping column re-registration: personal_information.employee_photo
2025-02-03 12:08:28 [main] DEBUG o.h.b.model.internal.PropertyBinder - Building property employeePhoto
2025-02-03 12:08:28 [main] DEBUG o.h.b.model.internal.AnnotatedColumn - Binding column: AnnotatedColumn(column='employee_first_name')
2025-02-03 12:08:28 [main] DEBUG o.h.b.model.internal.PropertyBinder - MetadataSourceProcessor property firstName with lazy=false
2025-02-03 12:08:28 [main] DEBUG o.h.b.m.i.AbstractPropertyHolder - Attempting to locate auto-apply AttributeConverter for property [com.rts.tap.model.PersonalInfo:firstName]
2025-02-03 12:08:28 [main] DEBUG o.h.b.m.internal.BasicValueBinder - building BasicValue for firstName
2025-02-03 12:08:28 [main] DEBUG org.hibernate.mapping.BasicValue - Skipping column re-registration: personal_information.employee_first_name
2025-02-03 12:08:28 [main] DEBUG o.h.b.model.internal.PropertyBinder - Building property firstName
2025-02-03 12:08:28 [main] DEBUG o.h.b.model.internal.AnnotatedColumn - Binding column: AnnotatedColumn(column='gender')
2025-02-03 12:08:28 [main] DEBUG o.h.b.model.internal.PropertyBinder - MetadataSourceProcessor property gender with lazy=false
2025-02-03 12:08:28 [main] DEBUG o.h.b.m.i.AbstractPropertyHolder - Attempting to locate auto-apply AttributeConverter for property [com.rts.tap.model.PersonalInfo:gender]
2025-02-03 12:08:28 [main] DEBUG o.h.b.m.internal.BasicValueBinder - building BasicValue for gender
2025-02-03 12:08:28 [main] DEBUG org.hibernate.mapping.BasicValue - Skipping column re-registration: personal_information.gender
2025-02-03 12:08:28 [main] DEBUG o.h.b.model.internal.PropertyBinder - Building property gender
2025-02-03 12:08:28 [main] DEBUG o.h.b.model.internal.AnnotatedColumn - Binding column: AnnotatedColumn(column='employee_last_name')
2025-02-03 12:08:28 [main] DEBUG o.h.b.model.internal.PropertyBinder - MetadataSourceProcessor property lastName with lazy=false
2025-02-03 12:08:28 [main] DEBUG o.h.b.m.i.AbstractPropertyHolder - Attempting to locate auto-apply AttributeConverter for property [com.rts.tap.model.PersonalInfo:lastName]
2025-02-03 12:08:28 [main] DEBUG o.h.b.m.internal.BasicValueBinder - building BasicValue for lastName
2025-02-03 12:08:28 [main] DEBUG org.hibernate.mapping.BasicValue - Skipping column re-registration: personal_information.employee_last_name
2025-02-03 12:08:28 [main] DEBUG o.h.b.model.internal.PropertyBinder - Building property lastName
2025-02-03 12:08:28 [main] DEBUG o.h.b.model.internal.AnnotatedColumn - Binding column: AnnotatedColumn(column='marital_status')
2025-02-03 12:08:28 [main] DEBUG o.h.b.model.internal.PropertyBinder - MetadataSourceProcessor property maritalStatus with lazy=false
2025-02-03 12:08:28 [main] DEBUG o.h.b.m.i.AbstractPropertyHolder - Attempting to locate auto-apply AttributeConverter for property [com.rts.tap.model.PersonalInfo:maritalStatus]
2025-02-03 12:08:28 [main] DEBUG o.h.b.m.internal.BasicValueBinder - building BasicValue for maritalStatus
2025-02-03 12:08:28 [main] DEBUG org.hibernate.mapping.BasicValue - Skipping column re-registration: personal_information.marital_status
2025-02-03 12:08:28 [main] DEBUG o.h.b.model.internal.PropertyBinder - Building property maritalStatus
2025-02-03 12:08:28 [main] DEBUG o.h.b.model.internal.AnnotatedColumn - Binding column: AnnotatedColumn(column='personalEmail')
2025-02-03 12:08:28 [main] DEBUG o.h.b.model.internal.PropertyBinder - MetadataSourceProcessor property personalEmail with lazy=false
2025-02-03 12:08:28 [main] DEBUG o.h.b.m.i.AbstractPropertyHolder - Attempting to locate auto-apply AttributeConverter for property [com.rts.tap.model.PersonalInfo:personalEmail]
2025-02-03 12:08:28 [main] DEBUG o.h.b.m.internal.BasicValueBinder - building BasicValue for personalEmail
2025-02-03 12:08:28 [main] DEBUG org.hibernate.mapping.BasicValue - Skipping column re-registration: personal_information.personal_email
2025-02-03 12:08:28 [main] DEBUG o.h.b.model.internal.PropertyBinder - Building property personalEmail
2025-02-03 12:08:28 [main] DEBUG o.h.b.model.internal.AnnotatedColumn - Binding column: AnnotatedColumn(column='employee_phone')
2025-02-03 12:08:28 [main] DEBUG o.h.b.model.internal.PropertyBinder - MetadataSourceProcessor property phone with lazy=false
2025-02-03 12:08:28 [main] DEBUG o.h.b.m.i.AbstractPropertyHolder - Attempting to locate auto-apply AttributeConverter for property [com.rts.tap.model.PersonalInfo:phone]
2025-02-03 12:08:28 [main] DEBUG o.h.b.m.internal.BasicValueBinder - building BasicValue for phone
2025-02-03 12:08:28 [main] DEBUG org.hibernate.mapping.BasicValue - Skipping column re-registration: personal_information.employee_phone
2025-02-03 12:08:28 [main] DEBUG o.h.b.model.internal.PropertyBinder - Building property phone
2025-02-03 12:08:28 [main] DEBUG o.h.b.model.internal.AnnotatedColumn - Binding column: AnnotatedColumn(column='postal_code')
2025-02-03 12:08:28 [main] DEBUG o.h.b.model.internal.PropertyBinder - MetadataSourceProcessor property pincode with lazy=false
2025-02-03 12:08:28 [main] DEBUG o.h.b.m.i.AbstractPropertyHolder - Attempting to locate auto-apply AttributeConverter for property [com.rts.tap.model.PersonalInfo:pincode]
2025-02-03 12:08:28 [main] DEBUG o.h.b.m.internal.BasicValueBinder - building BasicValue for pincode
2025-02-03 12:08:28 [main] DEBUG org.hibernate.mapping.BasicValue - Skipping column re-registration: personal_information.postal_code
2025-02-03 12:08:28 [main] DEBUG o.h.b.model.internal.PropertyBinder - Building property pincode
2025-02-03 12:08:28 [main] DEBUG o.h.b.model.internal.AnnotatedColumn - Binding column: AnnotatedColumn(column='state')
2025-02-03 12:08:28 [main] DEBUG o.h.b.model.internal.PropertyBinder - MetadataSourceProcessor property state with lazy=false
2025-02-03 12:08:28 [main] DEBUG o.h.b.m.i.AbstractPropertyHolder - Attempting to locate auto-apply AttributeConverter for property [com.rts.tap.model.PersonalInfo:state]
2025-02-03 12:08:28 [main] DEBUG o.h.b.m.internal.BasicValueBinder - building BasicValue for state
2025-02-03 12:08:28 [main] DEBUG org.hibernate.mapping.BasicValue - Skipping column re-registration: personal_information.state
2025-02-03 12:08:28 [main] DEBUG o.h.b.model.internal.PropertyBinder - Building property state
2025-02-03 12:08:28 [main] DEBUG o.h.b.model.internal.AnnotatedColumn - Binding column: AnnotatedColumn(column='updated_date')
2025-02-03 12:08:28 [main] DEBUG o.h.b.model.internal.PropertyBinder - MetadataSourceProcessor property updatedDate with lazy=false
2025-02-03 12:08:28 [main] DEBUG o.h.b.m.i.AbstractPropertyHolder - Attempting to locate auto-apply AttributeConverter for property [com.rts.tap.model.PersonalInfo:updatedDate]
2025-02-03 12:08:28 [main] DEBUG o.h.b.m.internal.BasicValueBinder - building BasicValue for updatedDate
2025-02-03 12:08:28 [main] DEBUG org.hibernate.mapping.BasicValue - Skipping column re-registration: personal_information.updated_date
2025-02-03 12:08:28 [main] DEBUG o.h.b.model.internal.PropertyBinder - Building property updatedDate
2025-02-03 12:08:28 [main] DEBUG o.h.b.r.c.i.ClassLoaderServiceImpl - HHH000194: Package not found or no package-info.java: com.rts.tap.model
2025-02-03 12:08:28 [main] DEBUG o.h.boot.model.internal.EntityBinder - Binding entity from annotated class: com.rts.tap.model.Qualification
2025-02-03 12:08:28 [main] DEBUG o.h.boot.model.internal.EntityBinder - Import with entity name Qualification
2025-02-03 12:08:28 [main] DEBUG o.h.boot.model.internal.EntityBinder - Bind entity com.rts.tap.model.Qualification on table qualifications
2025-02-03 12:08:28 [main] DEBUG o.h.b.model.internal.AnnotatedColumn - Binding column: AnnotatedDiscriminatorColumn(column='DTYPE')
2025-02-03 12:08:28 [main] DEBUG o.h.b.model.internal.AnnotatedColumn - Binding column: AnnotatedColumn(column='qualification_id')
2025-02-03 12:08:28 [main] DEBUG o.h.b.internal.ClassLoaderAccessImpl - Not known whether passed class name [com.rts.tap.model.Qualification] is safe
2025-02-03 12:08:28 [main] DEBUG o.h.b.internal.ClassLoaderAccessImpl - No temp ClassLoader provided; using live ClassLoader for loading potentially unsafe class : com.rts.tap.model.Qualification
2025-02-03 12:08:28 [main] DEBUG o.h.b.model.internal.PropertyBinder - MetadataSourceProcessor property qualificationId with lazy=false
2025-02-03 12:08:28 [main] DEBUG o.h.b.m.i.AbstractPropertyHolder - Attempting to locate auto-apply AttributeConverter for property [com.rts.tap.model.Qualification:qualificationId]
2025-02-03 12:08:28 [main] DEBUG o.h.b.m.internal.BasicValueBinder - building BasicValue for qualificationId
2025-02-03 12:08:28 [main] DEBUG org.hibernate.mapping.BasicValue - Skipping column re-registration: qualifications.qualification_id
2025-02-03 12:08:28 [main] DEBUG o.h.b.model.internal.PropertyBinder - Building property qualificationId
2025-02-03 12:08:28 [main] DEBUG o.h.boot.model.internal.BinderHelper - #makeIdGenerator(BasicValue([Column(qualification_id)]), qualificationId, identity, , ...)
2025-02-03 12:08:28 [main] DEBUG o.h.b.model.internal.AnnotatedColumn - Binding column: AnnotatedColumn()
2025-02-03 12:08:28 [main] DEBUG o.h.b.model.internal.PropertyBinder - MetadataSourceProcessor property certificates with lazy=false
2025-02-03 12:08:28 [main] DEBUG o.h.b.m.i.AbstractPropertyHolder - Attempting to locate auto-apply AttributeConverter for property [com.rts.tap.model.Qualification:certificates]
2025-02-03 12:08:28 [main] DEBUG o.h.b.m.internal.BasicValueBinder - building BasicValue for certificates
2025-02-03 12:08:28 [main] DEBUG org.hibernate.mapping.BasicValue - Skipping column re-registration: qualifications.certificates
2025-02-03 12:08:28 [main] DEBUG o.h.b.model.internal.PropertyBinder - Building property certificates
2025-02-03 12:08:28 [main] DEBUG o.h.b.model.internal.AnnotatedColumn - Binding column: AnnotatedColumn(column='created_date')
2025-02-03 12:08:28 [main] DEBUG o.h.b.model.internal.PropertyBinder - MetadataSourceProcessor property createdDate with lazy=false
2025-02-03 12:08:28 [main] DEBUG o.h.b.m.i.AbstractPropertyHolder - Attempting to locate auto-apply AttributeConverter for property [com.rts.tap.model.Qualification:createdDate]
2025-02-03 12:08:28 [main] DEBUG o.h.b.m.internal.BasicValueBinder - building BasicValue for createdDate
2025-02-03 12:08:28 [main] DEBUG org.hibernate.mapping.BasicValue - Skipping column re-registration: qualifications.created_date
2025-02-03 12:08:28 [main] DEBUG o.h.b.model.internal.PropertyBinder - Building property createdDate
2025-02-03 12:08:28 [main] DEBUG o.h.b.model.internal.AnnotatedColumn - Binding column: AnnotatedColumn(column='from_year')
2025-02-03 12:08:28 [main] DEBUG o.h.b.model.internal.PropertyBinder - MetadataSourceProcessor property fromYear with lazy=false
2025-02-03 12:08:28 [main] DEBUG o.h.b.m.i.AbstractPropertyHolder - Attempting to locate auto-apply AttributeConverter for property [com.rts.tap.model.Qualification:fromYear]
2025-02-03 12:08:28 [main] DEBUG o.h.b.m.internal.BasicValueBinder - building BasicValue for fromYear
2025-02-03 12:08:28 [main] DEBUG org.hibernate.mapping.BasicValue - Skipping column re-registration: qualifications.from_year
2025-02-03 12:08:28 [main] DEBUG o.h.b.model.internal.PropertyBinder - Building property fromYear
2025-02-03 12:08:28 [main] DEBUG o.h.b.model.internal.AnnotatedColumn - Binding column: AnnotatedColumn(column='grade')
2025-02-03 12:08:28 [main] DEBUG o.h.b.model.internal.PropertyBinder - MetadataSourceProcessor property grade with lazy=false
2025-02-03 12:08:28 [main] DEBUG o.h.b.m.i.AbstractPropertyHolder - Attempting to locate auto-apply AttributeConverter for property [com.rts.tap.model.Qualification:grade]
2025-02-03 12:08:28 [main] DEBUG o.h.b.m.internal.BasicValueBinder - building BasicValue for grade
2025-02-03 12:08:28 [main] DEBUG org.hibernate.mapping.BasicValue - Skipping column re-registration: qualifications.grade
2025-02-03 12:08:28 [main] DEBUG o.h.b.model.internal.PropertyBinder - Building property grade
2025-02-03 12:08:28 [main] DEBUG o.h.b.model.internal.AnnotatedColumn - Binding column: AnnotatedColumn(column='institution')
2025-02-03 12:08:28 [main] DEBUG o.h.b.model.internal.PropertyBinder - MetadataSourceProcessor property institutionName with lazy=false
2025-02-03 12:08:28 [main] DEBUG o.h.b.m.i.AbstractPropertyHolder - Attempting to locate auto-apply AttributeConverter for property [com.rts.tap.model.Qualification:institutionName]
2025-02-03 12:08:28 [main] DEBUG o.h.b.m.internal.BasicValueBinder - building BasicValue for institutionName
2025-02-03 12:08:28 [main] DEBUG org.hibernate.mapping.BasicValue - Skipping column re-registration: qualifications.institution
2025-02-03 12:08:28 [main] DEBUG o.h.b.model.internal.PropertyBinder - Building property institutionName
2025-02-03 12:08:28 [main] DEBUG o.h.b.model.internal.AnnotatedColumn - Binding column: AnnotatedColumn(column='specialization')
2025-02-03 12:08:28 [main] DEBUG o.h.b.model.internal.PropertyBinder - MetadataSourceProcessor property specialization with lazy=false
2025-02-03 12:08:28 [main] DEBUG o.h.b.m.i.AbstractPropertyHolder - Attempting to locate auto-apply AttributeConverter for property [com.rts.tap.model.Qualification:specialization]
2025-02-03 12:08:28 [main] DEBUG o.h.b.m.internal.BasicValueBinder - building BasicValue for specialization
2025-02-03 12:08:28 [main] DEBUG org.hibernate.mapping.BasicValue - Skipping column re-registration: qualifications.specialization
2025-02-03 12:08:28 [main] DEBUG o.h.b.model.internal.PropertyBinder - Building property specialization
2025-02-03 12:08:28 [main] DEBUG o.h.b.model.internal.AnnotatedColumn - Binding column: AnnotatedColumn(column='typeOfEducation')
2025-02-03 12:08:28 [main] DEBUG o.h.b.model.internal.PropertyBinder - MetadataSourceProcessor property typeOfEducation with lazy=false
2025-02-03 12:08:28 [main] DEBUG o.h.b.m.i.AbstractPropertyHolder - Attempting to locate auto-apply AttributeConverter for property [com.rts.tap.model.Qualification:typeOfEducation]
2025-02-03 12:08:28 [main] DEBUG o.h.b.m.internal.BasicValueBinder - building BasicValue for typeOfEducation
2025-02-03 12:08:28 [main] DEBUG org.hibernate.mapping.BasicValue - Skipping column re-registration: qualifications.type_of_education
2025-02-03 12:08:28 [main] DEBUG o.h.b.model.internal.PropertyBinder - Building property typeOfEducation
2025-02-03 12:08:28 [main] DEBUG o.h.b.model.internal.AnnotatedColumn - Binding column: AnnotatedColumn(column='updated_date')
2025-02-03 12:08:28 [main] DEBUG o.h.b.model.internal.PropertyBinder - MetadataSourceProcessor property updatedDate with lazy=false
2025-02-03 12:08:28 [main] DEBUG o.h.b.m.i.AbstractPropertyHolder - Attempting to locate auto-apply AttributeConverter for property [com.rts.tap.model.Qualification:updatedDate]
2025-02-03 12:08:28 [main] DEBUG o.h.b.m.internal.BasicValueBinder - building BasicValue for updatedDate
2025-02-03 12:08:28 [main] DEBUG org.hibernate.mapping.BasicValue - Skipping column re-registration: qualifications.updated_date
2025-02-03 12:08:28 [main] DEBUG o.h.b.model.internal.PropertyBinder - Building property updatedDate
2025-02-03 12:08:28 [main] DEBUG o.h.b.model.internal.AnnotatedColumn - Binding column: AnnotatedColumn(column='year_of_completion')
2025-02-03 12:08:28 [main] DEBUG o.h.b.model.internal.PropertyBinder - MetadataSourceProcessor property yearOfCompletion with lazy=false
2025-02-03 12:08:28 [main] DEBUG o.h.b.m.i.AbstractPropertyHolder - Attempting to locate auto-apply AttributeConverter for property [com.rts.tap.model.Qualification:yearOfCompletion]
2025-02-03 12:08:28 [main] DEBUG o.h.b.m.internal.BasicValueBinder - building BasicValue for yearOfCompletion
2025-02-03 12:08:28 [main] DEBUG org.hibernate.mapping.BasicValue - Skipping column re-registration: qualifications.year_of_completion
2025-02-03 12:08:28 [main] DEBUG o.h.b.model.internal.PropertyBinder - Building property yearOfCompletion
2025-02-03 12:08:28 [main] DEBUG o.h.b.r.c.i.ClassLoaderServiceImpl - HHH000194: Package not found or no package-info.java: com.rts.tap.model
2025-02-03 12:08:28 [main] DEBUG o.h.j.e.i.CallbackDefinitionResolverLegacyImpl - Adding onUpdate as PreUpdate callback for entity com.rts.tap.model.Qualification
2025-02-03 12:08:28 [main] DEBUG o.h.j.e.i.CallbackDefinitionResolverLegacyImpl - Adding onCreate as PrePersist callback for entity com.rts.tap.model.Qualification
2025-02-03 12:08:28 [main] DEBUG o.h.boot.model.internal.EntityBinder - Binding entity from annotated class: com.rts.tap.model.RecruiterOverallPerformance
2025-02-03 12:08:28 [main] DEBUG o.h.boot.model.internal.EntityBinder - Import with entity name RecruiterOverallPerformance
2025-02-03 12:08:28 [main] DEBUG o.h.boot.model.internal.EntityBinder - Bind entity com.rts.tap.model.RecruiterOverallPerformance on table recruiter_overall_performance
2025-02-03 12:08:28 [main] DEBUG o.h.b.model.internal.AnnotatedColumn - Binding column: AnnotatedDiscriminatorColumn(column='DTYPE')
2025-02-03 12:08:28 [main] DEBUG o.h.b.model.internal.AnnotatedColumn - Binding column: AnnotatedColumn()
2025-02-03 12:08:28 [main] DEBUG o.h.b.internal.ClassLoaderAccessImpl - Not known whether passed class name [com.rts.tap.model.RecruiterOverallPerformance] is safe
2025-02-03 12:08:28 [main] DEBUG o.h.b.internal.ClassLoaderAccessImpl - No temp ClassLoader provided; using live ClassLoader for loading potentially unsafe class : com.rts.tap.model.RecruiterOverallPerformance
2025-02-03 12:08:28 [main] DEBUG o.h.b.model.internal.PropertyBinder - MetadataSourceProcessor property recruiterOverallPerformanceId with lazy=false
2025-02-03 12:08:28 [main] DEBUG o.h.b.m.i.AbstractPropertyHolder - Attempting to locate auto-apply AttributeConverter for property [com.rts.tap.model.RecruiterOverallPerformance:recruiterOverallPerformanceId]
2025-02-03 12:08:28 [main] DEBUG o.h.b.m.internal.BasicValueBinder - building BasicValue for recruiterOverallPerformanceId
2025-02-03 12:08:28 [main] DEBUG org.hibernate.mapping.BasicValue - Skipping column re-registration: recruiter_overall_performance.recruiter_overall_performance_id
2025-02-03 12:08:28 [main] DEBUG o.h.b.model.internal.PropertyBinder - Building property recruiterOverallPerformanceId
2025-02-03 12:08:28 [main] DEBUG o.h.boot.model.internal.BinderHelper - #makeIdGenerator(BasicValue([Column(recruiter_overall_performance_id)]), recruiterOverallPerformanceId, identity, , ...)
2025-02-03 12:08:28 [main] DEBUG o.h.b.model.internal.AnnotatedColumn - Binding column: AnnotatedColumn()
2025-02-03 12:08:28 [main] DEBUG o.h.b.model.internal.PropertyBinder - MetadataSourceProcessor property grade with lazy=false
2025-02-03 12:08:28 [main] DEBUG o.h.b.m.i.AbstractPropertyHolder - Attempting to locate auto-apply AttributeConverter for property [com.rts.tap.model.RecruiterOverallPerformance:grade]
2025-02-03 12:08:28 [main] DEBUG o.h.b.m.internal.BasicValueBinder - building BasicValue for grade
2025-02-03 12:08:28 [main] DEBUG org.hibernate.mapping.BasicValue - Skipping column re-registration: recruiter_overall_performance.grade
2025-02-03 12:08:28 [main] DEBUG o.h.b.model.internal.PropertyBinder - Building property grade
2025-02-03 12:08:28 [main] DEBUG o.h.b.model.internal.AnnotatedColumn - Binding column: AnnotatedColumn(column='overall_performance')
2025-02-03 12:08:28 [main] DEBUG o.h.b.model.internal.PropertyBinder - MetadataSourceProcessor property overallPerformance with lazy=false
2025-02-03 12:08:28 [main] DEBUG o.h.b.m.i.AbstractPropertyHolder - Attempting to locate auto-apply AttributeConverter for property [com.rts.tap.model.RecruiterOverallPerformance:overallPerformance]
2025-02-03 12:08:28 [main] DEBUG o.h.b.m.internal.BasicValueBinder - building BasicValue for overallPerformance
2025-02-03 12:08:28 [main] DEBUG org.hibernate.mapping.BasicValue - Skipping column re-registration: recruiter_overall_performance.overall_performance
2025-02-03 12:08:28 [main] DEBUG o.h.b.model.internal.PropertyBinder - Building property overallPerformance
2025-02-03 12:08:28 [main] DEBUG o.h.b.model.internal.AnnotatedColumn - Binding column: AnnotatedJoinColumn(column='recruiter_id')
2025-02-03 12:08:28 [main] DEBUG o.h.b.model.internal.AnnotatedColumn - Binding column: AnnotatedColumn()
2025-02-03 12:08:28 [main] DEBUG o.h.b.model.internal.PropertyBinder - Building property recruiter
2025-02-03 12:08:28 [main] DEBUG o.h.b.r.c.i.ClassLoaderServiceImpl - HHH000194: Package not found or no package-info.java: com.rts.tap.model
2025-02-03 12:08:28 [main] DEBUG o.h.boot.model.internal.EntityBinder - Binding entity from annotated class: com.rts.tap.model.RecruiterPerformance
2025-02-03 12:08:28 [main] DEBUG o.h.boot.model.internal.EntityBinder - Import with entity name RecruiterPerformance
2025-02-03 12:08:28 [main] DEBUG o.h.boot.model.internal.EntityBinder - Bind entity com.rts.tap.model.RecruiterPerformance on table recruiter_performance
2025-02-03 12:08:28 [main] DEBUG o.h.b.model.internal.AnnotatedColumn - Binding column: AnnotatedDiscriminatorColumn(column='DTYPE')
2025-02-03 12:08:28 [main] DEBUG o.h.b.model.internal.AnnotatedColumn - Binding column: AnnotatedColumn()
2025-02-03 12:08:28 [main] DEBUG o.h.b.internal.ClassLoaderAccessImpl - Not known whether passed class name [com.rts.tap.model.RecruiterPerformance] is safe
2025-02-03 12:08:28 [main] DEBUG o.h.b.internal.ClassLoaderAccessImpl - No temp ClassLoader provided; using live ClassLoader for loading potentially unsafe class : com.rts.tap.model.RecruiterPerformance
2025-02-03 12:08:28 [main] DEBUG o.h.b.model.internal.PropertyBinder - MetadataSourceProcessor property recruiterPerformanceId with lazy=false
2025-02-03 12:08:28 [main] DEBUG o.h.b.m.i.AbstractPropertyHolder - Attempting to locate auto-apply AttributeConverter for property [com.rts.tap.model.RecruiterPerformance:recruiterPerformanceId]
2025-02-03 12:08:28 [main] DEBUG o.h.b.m.internal.BasicValueBinder - building BasicValue for recruiterPerformanceId
2025-02-03 12:08:28 [main] DEBUG org.hibernate.mapping.BasicValue - Skipping column re-registration: recruiter_performance.recruiter_performance_id
2025-02-03 12:08:28 [main] DEBUG o.h.b.model.internal.PropertyBinder - Building property recruiterPerformanceId
2025-02-03 12:08:28 [main] DEBUG o.h.boot.model.internal.BinderHelper - #makeIdGenerator(BasicValue([Column(recruiter_performance_id)]), recruiterPerformanceId, identity, , ...)
2025-02-03 12:08:28 [main] DEBUG o.h.b.model.internal.AnnotatedColumn - Binding column: AnnotatedColumn(column='assigned_date')
2025-02-03 12:08:28 [main] DEBUG o.h.b.model.internal.PropertyBinder - MetadataSourceProcessor property assignedDate with lazy=false
2025-02-03 12:08:28 [main] DEBUG o.h.b.m.i.AbstractPropertyHolder - Attempting to locate auto-apply AttributeConverter for property [com.rts.tap.model.RecruiterPerformance:assignedDate]
2025-02-03 12:08:28 [main] DEBUG o.h.b.m.internal.BasicValueBinder - building BasicValue for assignedDate
2025-02-03 12:08:28 [main] DEBUG org.hibernate.mapping.BasicValue - Skipping column re-registration: recruiter_performance.assigned_date
2025-02-03 12:08:28 [main] DEBUG o.h.b.model.internal.PropertyBinder - Building property assignedDate
2025-02-03 12:08:28 [main] DEBUG o.h.b.model.internal.AnnotatedColumn - Binding column: AnnotatedColumn(column='closed_date')
2025-02-03 12:08:28 [main] DEBUG o.h.b.model.internal.PropertyBinder - MetadataSourceProcessor property closedDate with lazy=false
2025-02-03 12:08:28 [main] DEBUG o.h.b.m.i.AbstractPropertyHolder - Attempting to locate auto-apply AttributeConverter for property [com.rts.tap.model.RecruiterPerformance:closedDate]
2025-02-03 12:08:28 [main] DEBUG o.h.b.m.internal.BasicValueBinder - building BasicValue for closedDate
2025-02-03 12:08:28 [main] DEBUG org.hibernate.mapping.BasicValue - Skipping column re-registration: recruiter_performance.closed_date
2025-02-03 12:08:28 [main] DEBUG o.h.b.model.internal.PropertyBinder - Building property closedDate
2025-02-03 12:08:28 [main] DEBUG o.h.b.model.internal.AnnotatedColumn - Binding column: AnnotatedColumn(column='collective_score')
2025-02-03 12:08:28 [main] DEBUG o.h.b.model.internal.PropertyBinder - MetadataSourceProcessor property collectiveScore with lazy=false
2025-02-03 12:08:28 [main] DEBUG o.h.b.m.i.AbstractPropertyHolder - Attempting to locate auto-apply AttributeConverter for property [com.rts.tap.model.RecruiterPerformance:collectiveScore]
2025-02-03 12:08:28 [main] DEBUG o.h.b.m.internal.BasicValueBinder - building BasicValue for collectiveScore
2025-02-03 12:08:28 [main] DEBUG org.hibernate.mapping.BasicValue - Skipping column re-registration: recruiter_performance.collective_score
2025-02-03 12:08:28 [main] DEBUG o.h.b.model.internal.PropertyBinder - Building property collectiveScore
2025-02-03 12:08:28 [main] DEBUG o.h.b.model.internal.AnnotatedColumn - Binding column: AnnotatedColumn(column='cost_per_hire')
2025-02-03 12:08:28 [main] DEBUG o.h.b.model.internal.PropertyBinder - MetadataSourceProcessor property costPerHire with lazy=false
2025-02-03 12:08:28 [main] DEBUG o.h.b.m.i.AbstractPropertyHolder - Attempting to locate auto-apply AttributeConverter for property [com.rts.tap.model.RecruiterPerformance:costPerHire]
2025-02-03 12:08:28 [main] DEBUG o.h.b.m.internal.BasicValueBinder - building BasicValue for costPerHire
2025-02-03 12:08:28 [main] DEBUG org.hibernate.mapping.BasicValue - Skipping column re-registration: recruiter_performance.cost_per_hire
2025-02-03 12:08:28 [main] DEBUG o.h.b.model.internal.PropertyBinder - Building property costPerHire
2025-02-03 12:08:29 [main] DEBUG o.h.b.model.internal.AnnotatedColumn - Binding column: AnnotatedColumn()
2025-02-03 12:08:29 [main] DEBUG o.h.b.model.internal.PropertyBinder - MetadataSourceProcessor property grade with lazy=false
2025-02-03 12:08:29 [main] DEBUG o.h.b.m.i.AbstractPropertyHolder - Attempting to locate auto-apply AttributeConverter for property [com.rts.tap.model.RecruiterPerformance:grade]
2025-02-03 12:08:29 [main] DEBUG o.h.b.m.internal.BasicValueBinder - building BasicValue for grade
2025-02-03 12:08:29 [main] DEBUG org.hibernate.mapping.BasicValue - Skipping column re-registration: recruiter_performance.grade
2025-02-03 12:08:29 [main] DEBUG o.h.b.model.internal.PropertyBinder - Building property grade
2025-02-03 12:08:29 [main] DEBUG o.h.b.model.internal.AnnotatedColumn - Binding column: AnnotatedJoinColumn(column='assigned_mrf')
2025-02-03 12:08:29 [main] DEBUG o.h.b.model.internal.AnnotatedColumn - Binding column: AnnotatedColumn()
2025-02-03 12:08:29 [main] DEBUG o.h.b.model.internal.PropertyBinder - Building property mrf
2025-02-03 12:08:29 [main] DEBUG o.h.b.model.internal.AnnotatedColumn - Binding column: AnnotatedColumn(column='offer_acceptance')
2025-02-03 12:08:29 [main] DEBUG o.h.b.model.internal.PropertyBinder - MetadataSourceProcessor property offerAcceptance with lazy=false
2025-02-03 12:08:29 [main] DEBUG o.h.b.m.i.AbstractPropertyHolder - Attempting to locate auto-apply AttributeConverter for property [com.rts.tap.model.RecruiterPerformance:offerAcceptance]
2025-02-03 12:08:29 [main] DEBUG o.h.b.m.internal.BasicValueBinder - building BasicValue for offerAcceptance
2025-02-03 12:08:29 [main] DEBUG org.hibernate.mapping.BasicValue - Skipping column re-registration: recruiter_performance.offer_acceptance
2025-02-03 12:08:29 [main] DEBUG o.h.b.model.internal.PropertyBinder - Building property offerAcceptance
2025-02-03 12:08:29 [main] DEBUG o.h.b.model.internal.AnnotatedColumn - Binding column: AnnotatedColumn(column='offer_negotiation')
2025-02-03 12:08:29 [main] DEBUG o.h.b.model.internal.PropertyBinder - MetadataSourceProcessor property offerNegotiation with lazy=false
2025-02-03 12:08:29 [main] DEBUG o.h.b.m.i.AbstractPropertyHolder - Attempting to locate auto-apply AttributeConverter for property [com.rts.tap.model.RecruiterPerformance:offerNegotiation]
2025-02-03 12:08:29 [main] DEBUG o.h.b.m.internal.BasicValueBinder - building BasicValue for offerNegotiation
2025-02-03 12:08:29 [main] DEBUG org.hibernate.mapping.BasicValue - Skipping column re-registration: recruiter_performance.offer_negotiation
2025-02-03 12:08:29 [main] DEBUG o.h.b.model.internal.PropertyBinder - Building property offerNegotiation
2025-02-03 12:08:29 [main] DEBUG o.h.b.model.internal.AnnotatedColumn - Binding column: AnnotatedJoinColumn(column='recruiter_id')
2025-02-03 12:08:29 [main] DEBUG o.h.b.model.internal.AnnotatedColumn - Binding column: AnnotatedColumn()
2025-02-03 12:08:29 [main] DEBUG o.h.b.model.internal.PropertyBinder - Building property recruiter
2025-02-03 12:08:29 [main] DEBUG o.h.b.model.internal.AnnotatedColumn - Binding column: AnnotatedColumn(column='time_to_fill')
2025-02-03 12:08:29 [main] DEBUG o.h.b.model.internal.PropertyBinder - MetadataSourceProcessor property timeToFill with lazy=false
2025-02-03 12:08:29 [main] DEBUG o.h.b.m.i.AbstractPropertyHolder - Attempting to locate auto-apply AttributeConverter for property [com.rts.tap.model.RecruiterPerformance:timeToFill]
2025-02-03 12:08:29 [main] DEBUG o.h.b.m.internal.BasicValueBinder - building BasicValue for timeToFill
2025-02-03 12:08:29 [main] DEBUG org.hibernate.mapping.BasicValue - Skipping column re-registration: recruiter_performance.time_to_fill
2025-02-03 12:08:29 [main] DEBUG o.h.b.model.internal.PropertyBinder - Building property timeToFill
2025-02-03 12:08:29 [main] DEBUG o.h.b.model.internal.AnnotatedColumn - Binding column: AnnotatedColumn(column='updated_date')
2025-02-03 12:08:29 [main] DEBUG o.h.b.model.internal.PropertyBinder - MetadataSourceProcessor property updatedDate with lazy=false
2025-02-03 12:08:29 [main] DEBUG o.h.b.m.i.AbstractPropertyHolder - Attempting to locate auto-apply AttributeConverter for property [com.rts.tap.model.RecruiterPerformance:updatedDate]
2025-02-03 12:08:29 [main] DEBUG o.h.b.m.internal.BasicValueBinder - building BasicValue for updatedDate
2025-02-03 12:08:29 [main] DEBUG org.hibernate.mapping.BasicValue - Skipping column re-registration: recruiter_performance.updated_date
2025-02-03 12:08:29 [main] DEBUG o.h.b.model.internal.PropertyBinder - Building property updatedDate
2025-02-03 12:08:29 [main] DEBUG o.h.b.r.c.i.ClassLoaderServiceImpl - HHH000194: Package not found or no package-info.java: com.rts.tap.model
2025-02-03 12:08:29 [main] DEBUG o.h.boot.model.internal.EntityBinder - Binding entity from annotated class: com.rts.tap.model.RecruitmentProcess
2025-02-03 12:08:29 [main] DEBUG o.h.boot.model.internal.EntityBinder - Import with entity name RecruitmentProcess
2025-02-03 12:08:29 [main] DEBUG o.h.boot.model.internal.EntityBinder - Bind entity com.rts.tap.model.RecruitmentProcess on table recruitment_process
2025-02-03 12:08:29 [main] DEBUG o.h.b.model.internal.AnnotatedColumn - Binding column: AnnotatedDiscriminatorColumn(column='DTYPE')
2025-02-03 12:08:29 [main] DEBUG o.h.b.model.internal.AnnotatedColumn - Binding column: AnnotatedColumn()
2025-02-03 12:08:29 [main] DEBUG o.h.b.internal.ClassLoaderAccessImpl - Not known whether passed class name [com.rts.tap.model.RecruitmentProcess] is safe
2025-02-03 12:08:29 [main] DEBUG o.h.b.internal.ClassLoaderAccessImpl - No temp ClassLoader provided; using live ClassLoader for loading potentially unsafe class : com.rts.tap.model.RecruitmentProcess
2025-02-03 12:08:29 [main] DEBUG o.h.b.model.internal.PropertyBinder - MetadataSourceProcessor property recruitmentProcessId with lazy=false
2025-02-03 12:08:29 [main] DEBUG o.h.b.m.i.AbstractPropertyHolder - Attempting to locate auto-apply AttributeConverter for property [com.rts.tap.model.RecruitmentProcess:recruitmentProcessId]
2025-02-03 12:08:29 [main] DEBUG o.h.b.m.internal.BasicValueBinder - building BasicValue for recruitmentProcessId
2025-02-03 12:08:29 [main] DEBUG org.hibernate.mapping.BasicValue - Skipping column re-registration: recruitment_process.recruitment_process_id
2025-02-03 12:08:29 [main] DEBUG o.h.b.model.internal.PropertyBinder - Building property recruitmentProcessId
2025-02-03 12:08:29 [main] DEBUG o.h.boot.model.internal.BinderHelper - #makeIdGenerator(BasicValue([Column(recruitment_process_id)]), recruitmentProcessId, identity, , ...)
2025-02-03 12:08:29 [main] DEBUG o.h.b.model.internal.AnnotatedColumn - Binding column: AnnotatedColumn()
2025-02-03 12:08:29 [main] DEBUG o.h.b.model.internal.PropertyBinder - MetadataSourceProcessor property completedStatus with lazy=false
2025-02-03 12:08:29 [main] DEBUG o.h.b.m.i.AbstractPropertyHolder - Attempting to locate auto-apply AttributeConverter for property [com.rts.tap.model.RecruitmentProcess:completedStatus]
2025-02-03 12:08:29 [main] DEBUG o.h.b.m.internal.BasicValueBinder - building BasicValue for completedStatus
2025-02-03 12:08:29 [main] DEBUG org.hibernate.mapping.BasicValue - Skipping column re-registration: recruitment_process.completed_status
2025-02-03 12:08:29 [main] DEBUG o.h.b.model.internal.PropertyBinder - Building property completedStatus
2025-02-03 12:08:29 [main] DEBUG o.h.b.model.internal.AnnotatedColumn - Binding column: AnnotatedJoinColumn()
2025-02-03 12:08:29 [main] DEBUG o.h.b.model.internal.AnnotatedColumn - Binding column: AnnotatedColumn()
2025-02-03 12:08:29 [main] DEBUG o.h.b.model.internal.AnnotatedColumn - Binding column: IndexColumn(column='interviewer_ORDER')
2025-02-03 12:08:29 [main] DEBUG o.h.b.model.internal.AnnotatedColumn - Binding column: AnnotatedColumn()
2025-02-03 12:08:29 [main] DEBUG o.h.b.model.internal.AnnotatedColumn - Binding column: AnnotatedColumn(column='interviewer_KEY')
2025-02-03 12:08:29 [main] DEBUG o.h.b.model.internal.AnnotatedColumn - Binding column: AnnotatedJoinColumn(column='interviewer_KEY')
2025-02-03 12:08:29 [main] DEBUG o.h.b.model.internal.AnnotatedColumn - Binding column: AnnotatedJoinColumn()
2025-02-03 12:08:29 [main] DEBUG o.h.b.model.internal.AnnotatedColumn - Binding column: AnnotatedJoinColumn()
2025-02-03 12:08:29 [main] DEBUG o.h.b.m.internal.CollectionBinder - Collection role: com.rts.tap.model.RecruitmentProcess.interviewer
2025-02-03 12:08:29 [main] DEBUG o.h.b.model.internal.PropertyBinder - Building property interviewer
2025-02-03 12:08:29 [main] DEBUG o.h.b.model.internal.AnnotatedColumn - Binding column: AnnotatedColumn()
2025-02-03 12:08:29 [main] DEBUG o.h.b.model.internal.PropertyBinder - MetadataSourceProcessor property level with lazy=false
2025-02-03 12:08:29 [main] DEBUG o.h.b.m.i.AbstractPropertyHolder - Attempting to locate auto-apply AttributeConverter for property [com.rts.tap.model.RecruitmentProcess:level]
2025-02-03 12:08:29 [main] DEBUG o.h.b.m.internal.BasicValueBinder - building BasicValue for level
2025-02-03 12:08:29 [main] DEBUG org.hibernate.mapping.BasicValue - Skipping column re-registration: recruitment_process.level
2025-02-03 12:08:29 [main] DEBUG o.h.b.model.internal.PropertyBinder - Building property level
2025-02-03 12:08:29 [main] DEBUG o.h.b.model.internal.AnnotatedColumn - Binding column: AnnotatedJoinColumn()
2025-02-03 12:08:29 [main] DEBUG o.h.b.model.internal.AnnotatedColumn - Binding column: AnnotatedColumn()
2025-02-03 12:08:29 [main] DEBUG o.h.b.model.internal.PropertyBinder - Building property mrf
2025-02-03 12:08:29 [main] DEBUG o.h.b.model.internal.AnnotatedColumn - Binding column: AnnotatedColumn()
2025-02-03 12:08:29 [main] DEBUG o.h.b.model.internal.PropertyBinder - MetadataSourceProcessor property recruitmentProcessName with lazy=false
2025-02-03 12:08:29 [main] DEBUG o.h.b.m.i.AbstractPropertyHolder - Attempting to locate auto-apply AttributeConverter for property [com.rts.tap.model.RecruitmentProcess:recruitmentProcessName]
2025-02-03 12:08:29 [main] DEBUG o.h.b.m.internal.BasicValueBinder - building BasicValue for recruitmentProcessName
2025-02-03 12:08:29 [main] DEBUG org.hibernate.mapping.BasicValue - Skipping column re-registration: recruitment_process.recruitment_process_name
2025-02-03 12:08:29 [main] DEBUG o.h.b.model.internal.PropertyBinder - Building property recruitmentProcessName
2025-02-03 12:08:29 [main] DEBUG o.h.b.model.internal.AnnotatedColumn - Binding column: AnnotatedColumn()
2025-02-03 12:08:29 [main] DEBUG o.h.b.model.internal.PropertyBinder - MetadataSourceProcessor property recruitmentProcessType with lazy=false
2025-02-03 12:08:29 [main] DEBUG o.h.b.m.i.AbstractPropertyHolder - Attempting to locate auto-apply AttributeConverter for property [com.rts.tap.model.RecruitmentProcess:recruitmentProcessType]
2025-02-03 12:08:29 [main] DEBUG o.h.b.m.internal.BasicValueBinder - building BasicValue for recruitmentProcessType
2025-02-03 12:08:29 [main] DEBUG org.hibernate.mapping.BasicValue - Skipping column re-registration: recruitment_process.recruitment_process_type
2025-02-03 12:08:29 [main] DEBUG o.h.b.model.internal.PropertyBinder - Building property recruitmentProcessType
2025-02-03 12:08:29 [main] DEBUG o.h.b.model.internal.AnnotatedColumn - Binding column: AnnotatedColumn()
2025-02-03 12:08:29 [main] DEBUG o.h.b.model.internal.PropertyBinder - MetadataSourceProcessor property report with lazy=false
2025-02-03 12:08:29 [main] DEBUG o.h.b.m.i.AbstractPropertyHolder - Attempting to locate auto-apply AttributeConverter for property [com.rts.tap.model.RecruitmentProcess:report]
2025-02-03 12:08:29 [main] DEBUG o.h.b.m.internal.BasicValueBinder - building BasicValue for report
2025-02-03 12:08:29 [main] DEBUG org.hibernate.mapping.BasicValue - Skipping column re-registration: recruitment_process.report
2025-02-03 12:08:29 [main] DEBUG o.h.b.model.internal.PropertyBinder - Building property report
2025-02-03 12:08:29 [main] DEBUG o.h.b.r.c.i.ClassLoaderServiceImpl - HHH000194: Package not found or no package-info.java: com.rts.tap.model
2025-02-03 12:08:29 [main] DEBUG o.h.boot.model.internal.EntityBinder - Binding entity from annotated class: com.rts.tap.model.ReferralCandiate
2025-02-03 12:08:29 [main] DEBUG o.h.boot.model.internal.EntityBinder - Import with entity name ReferralCandiate
2025-02-03 12:08:29 [main] DEBUG o.h.boot.model.internal.EntityBinder - Bind entity com.rts.tap.model.ReferralCandiate on table referrals
2025-02-03 12:08:29 [main] DEBUG o.h.b.model.internal.AnnotatedColumn - Binding column: AnnotatedDiscriminatorColumn(column='DTYPE')
2025-02-03 12:08:29 [main] DEBUG o.h.b.model.internal.AnnotatedColumn - Binding column: AnnotatedColumn(column='referral_id')
2025-02-03 12:08:29 [main] DEBUG o.h.b.internal.ClassLoaderAccessImpl - Not known whether passed class name [com.rts.tap.model.ReferralCandiate] is safe
2025-02-03 12:08:29 [main] DEBUG o.h.b.internal.ClassLoaderAccessImpl - No temp ClassLoader provided; using live ClassLoader for loading potentially unsafe class : com.rts.tap.model.ReferralCandiate
2025-02-03 12:08:29 [main] DEBUG o.h.b.model.internal.PropertyBinder - MetadataSourceProcessor property referralId with lazy=false
2025-02-03 12:08:29 [main] DEBUG o.h.b.m.i.AbstractPropertyHolder - Attempting to locate auto-apply AttributeConverter for property [com.rts.tap.model.ReferralCandiate:referralId]
2025-02-03 12:08:29 [main] DEBUG o.h.b.m.internal.BasicValueBinder - building BasicValue for referralId
2025-02-03 12:08:29 [main] DEBUG org.hibernate.mapping.BasicValue - Skipping column re-registration: referrals.referral_id
2025-02-03 12:08:29 [main] DEBUG o.h.b.model.internal.PropertyBinder - Building property referralId
2025-02-03 12:08:29 [main] DEBUG o.h.boot.model.internal.BinderHelper - #makeIdGenerator(BasicValue([Column(referral_id)]), referralId, identity, , ...)
2025-02-03 12:08:29 [main] DEBUG o.h.b.model.internal.AnnotatedColumn - Binding column: AnnotatedColumn()
2025-02-03 12:08:29 [main] DEBUG o.h.b.model.internal.PropertyBinder - MetadataSourceProcessor property candiateResume with lazy=false
2025-02-03 12:08:29 [main] DEBUG o.h.b.m.i.AbstractPropertyHolder - Attempting to locate auto-apply AttributeConverter for property [com.rts.tap.model.ReferralCandiate:candiateResume]
2025-02-03 12:08:29 [main] DEBUG o.h.b.m.internal.BasicValueBinder - building BasicValue for candiateResume
2025-02-03 12:08:29 [main] DEBUG org.hibernate.mapping.BasicValue - Skipping column re-registration: referrals.candiate_resume
2025-02-03 12:08:29 [main] DEBUG o.h.b.model.internal.PropertyBinder - Building property candiateResume
2025-02-03 12:08:29 [main] DEBUG o.h.b.model.internal.AnnotatedColumn - Binding column: AnnotatedColumn(column='referral_date')
2025-02-03 12:08:29 [main] DEBUG o.h.b.model.internal.PropertyBinder - MetadataSourceProcessor property referralDate with lazy=false
2025-02-03 12:08:29 [main] DEBUG o.h.b.m.i.AbstractPropertyHolder - Attempting to locate auto-apply AttributeConverter for property [com.rts.tap.model.ReferralCandiate:referralDate]
2025-02-03 12:08:29 [main] DEBUG o.h.b.m.internal.BasicValueBinder - building BasicValue for referralDate
2025-02-03 12:08:29 [main] DEBUG org.hibernate.mapping.BasicValue - Skipping column re-registration: referrals.referral_date
2025-02-03 12:08:29 [main] DEBUG o.h.b.model.internal.PropertyBinder - Building property referralDate
2025-02-03 12:08:29 [main] DEBUG o.h.b.model.internal.AnnotatedColumn - Binding column: AnnotatedColumn(column='referred_candiate_email')
2025-02-03 12:08:29 [main] DEBUG o.h.b.model.internal.PropertyBinder - MetadataSourceProcessor property referredCandiateEmail with lazy=false
2025-02-03 12:08:29 [main] DEBUG o.h.b.m.i.AbstractPropertyHolder - Attempting to locate auto-apply AttributeConverter for property [com.rts.tap.model.ReferralCandiate:referredCandiateEmail]
2025-02-03 12:08:29 [main] DEBUG o.h.b.m.internal.BasicValueBinder - building BasicValue for referredCandiateEmail
2025-02-03 12:08:29 [main] DEBUG org.hibernate.mapping.BasicValue - Skipping column re-registration: referrals.referred_candiate_email
2025-02-03 12:08:29 [main] DEBUG o.h.b.model.internal.PropertyBinder - Building property referredCandiateEmail
2025-02-03 12:08:29 [main] DEBUG o.h.b.model.internal.AnnotatedColumn - Binding column: AnnotatedColumn(column='referred_candiate_name')
2025-02-03 12:08:29 [main] DEBUG o.h.b.model.internal.PropertyBinder - MetadataSourceProcessor property referredCandiateName with lazy=false
2025-02-03 12:08:29 [main] DEBUG o.h.b.m.i.AbstractPropertyHolder - Attempting to locate auto-apply AttributeConverter for property [com.rts.tap.model.ReferralCandiate:referredCandiateName]
2025-02-03 12:08:29 [main] DEBUG o.h.b.m.internal.BasicValueBinder - building BasicValue for referredCandiateName
2025-02-03 12:08:29 [main] DEBUG org.hibernate.mapping.BasicValue - Skipping column re-registration: referrals.referred_candiate_name
2025-02-03 12:08:29 [main] DEBUG o.h.b.model.internal.PropertyBinder - Building property referredCandiateName
2025-02-03 12:08:29 [main] DEBUG o.h.b.model.internal.AnnotatedColumn - Binding column: AnnotatedColumn(column='referred_position')
2025-02-03 12:08:29 [main] DEBUG o.h.b.model.internal.PropertyBinder - MetadataSourceProcessor property referredPosition with lazy=false
2025-02-03 12:08:29 [main] DEBUG o.h.b.m.i.AbstractPropertyHolder - Attempting to locate auto-apply AttributeConverter for property [com.rts.tap.model.ReferralCandiate:referredPosition]
2025-02-03 12:08:29 [main] DEBUG o.h.b.m.internal.BasicValueBinder - building BasicValue for referredPosition
2025-02-03 12:08:29 [main] DEBUG org.hibernate.mapping.BasicValue - Skipping column re-registration: referrals.referred_position
2025-02-03 12:08:29 [main] DEBUG o.h.b.model.internal.PropertyBinder - Building property referredPosition
2025-02-03 12:08:29 [main] DEBUG o.h.b.model.internal.AnnotatedColumn - Binding column: AnnotatedJoinColumn(column='referring_employee_id')
2025-02-03 12:08:29 [main] DEBUG o.h.b.model.internal.AnnotatedColumn - Binding column: AnnotatedColumn()
2025-02-03 12:08:29 [main] DEBUG o.h.b.model.internal.PropertyBinder - Building property referringEmployee
2025-02-03 12:08:29 [main] DEBUG o.h.b.model.internal.AnnotatedColumn - Binding column: AnnotatedColumn(column='status')
2025-02-03 12:08:29 [main] DEBUG o.h.b.model.internal.PropertyBinder - MetadataSourceProcessor property status with lazy=false
2025-02-03 12:08:29 [main] DEBUG o.h.b.m.i.AbstractPropertyHolder - Attempting to locate auto-apply AttributeConverter for property [com.rts.tap.model.ReferralCandiate:status]
2025-02-03 12:08:29 [main] DEBUG o.h.b.m.internal.BasicValueBinder - building BasicValue for status
2025-02-03 12:08:29 [main] DEBUG org.hibernate.mapping.BasicValue - Skipping column re-registration: referrals.status
2025-02-03 12:08:29 [main] DEBUG o.h.b.model.internal.PropertyBinder - Building property status
2025-02-03 12:08:29 [main] DEBUG o.h.b.model.internal.AnnotatedColumn - Binding column: AnnotatedColumn(column='updated_date')
2025-02-03 12:08:29 [main] DEBUG o.h.b.model.internal.PropertyBinder - MetadataSourceProcessor property updatedDate with lazy=false
2025-02-03 12:08:29 [main] DEBUG o.h.b.m.i.AbstractPropertyHolder - Attempting to locate auto-apply AttributeConverter for property [com.rts.tap.model.ReferralCandiate:updatedDate]
2025-02-03 12:08:29 [main] DEBUG o.h.b.m.internal.BasicValueBinder - building BasicValue for updatedDate
2025-02-03 12:08:29 [main] DEBUG org.hibernate.mapping.BasicValue - Skipping column re-registration: referrals.updated_date
2025-02-03 12:08:29 [main] DEBUG o.h.b.model.internal.PropertyBinder - Building property updatedDate
2025-02-03 12:08:29 [main] DEBUG o.h.b.r.c.i.ClassLoaderServiceImpl - HHH000194: Package not found or no package-info.java: com.rts.tap.model
2025-02-03 12:08:29 [main] DEBUG o.h.boot.model.internal.EntityBinder - Binding entity from annotated class: com.rts.tap.model.Requirement
2025-02-03 12:08:29 [main] DEBUG o.h.boot.model.internal.EntityBinder - Import with entity name Requirement
2025-02-03 12:08:29 [main] DEBUG o.h.boot.model.internal.EntityBinder - Bind entity com.rts.tap.model.Requirement on table requirements
2025-02-03 12:08:29 [main] DEBUG o.h.b.model.internal.AnnotatedColumn - Binding column: AnnotatedDiscriminatorColumn(column='DTYPE')
2025-02-03 12:08:29 [main] DEBUG o.h.b.model.internal.AnnotatedColumn - Binding column: AnnotatedColumn()
2025-02-03 12:08:29 [main] DEBUG o.h.b.internal.ClassLoaderAccessImpl - Not known whether passed class name [com.rts.tap.model.Requirement] is safe
2025-02-03 12:08:29 [main] DEBUG o.h.b.internal.ClassLoaderAccessImpl - No temp ClassLoader provided; using live ClassLoader for loading potentially unsafe class : com.rts.tap.model.Requirement
2025-02-03 12:08:29 [main] DEBUG o.h.b.model.internal.PropertyBinder - MetadataSourceProcessor property requirementId with lazy=false
2025-02-03 12:08:29 [main] DEBUG o.h.b.m.i.AbstractPropertyHolder - Attempting to locate auto-apply AttributeConverter for property [com.rts.tap.model.Requirement:requirementId]
2025-02-03 12:08:29 [main] DEBUG o.h.b.m.internal.BasicValueBinder - building BasicValue for requirementId
2025-02-03 12:08:29 [main] DEBUG org.hibernate.mapping.BasicValue - Skipping column re-registration: requirements.requirement_id
2025-02-03 12:08:29 [main] DEBUG o.h.b.model.internal.PropertyBinder - Building property requirementId
2025-02-03 12:08:29 [main] DEBUG o.h.boot.model.internal.BinderHelper - #makeIdGenerator(BasicValue([Column(requirement_id)]), requirementId, identity, , ...)
2025-02-03 12:08:29 [main] DEBUG o.h.b.model.internal.AnnotatedColumn - Binding column: AnnotatedColumn()
2025-02-03 12:08:29 [main] DEBUG o.h.b.model.internal.PropertyBinder - MetadataSourceProcessor property budget with lazy=false
2025-02-03 12:08:29 [main] DEBUG o.h.b.m.i.AbstractPropertyHolder - Attempting to locate auto-apply AttributeConverter for property [com.rts.tap.model.Requirement:budget]
2025-02-03 12:08:29 [main] DEBUG o.h.b.m.internal.BasicValueBinder - building BasicValue for budget
2025-02-03 12:08:29 [main] DEBUG org.hibernate.mapping.BasicValue - Skipping column re-registration: requirements.budget
2025-02-03 12:08:29 [main] DEBUG o.h.b.model.internal.PropertyBinder - Building property budget
2025-02-03 12:08:29 [main] DEBUG o.h.b.model.internal.AnnotatedColumn - Binding column: AnnotatedJoinColumn()
2025-02-03 12:08:29 [main] DEBUG o.h.b.model.internal.AnnotatedColumn - Binding column: AnnotatedColumn()
2025-02-03 12:08:29 [main] DEBUG o.h.b.model.internal.PropertyBinder - Building property client
2025-02-03 12:08:29 [main] DEBUG o.h.b.model.internal.AnnotatedColumn - Binding column: AnnotatedColumn()
2025-02-03 12:08:29 [main] DEBUG o.h.b.model.internal.PropertyBinder - MetadataSourceProcessor property createdAt with lazy=false
2025-02-03 12:08:29 [main] DEBUG o.h.b.m.i.AbstractPropertyHolder - Attempting to locate auto-apply AttributeConverter for property [com.rts.tap.model.Requirement:createdAt]
2025-02-03 12:08:29 [main] DEBUG o.h.b.m.internal.BasicValueBinder - building BasicValue for createdAt
2025-02-03 12:08:29 [main] DEBUG org.hibernate.mapping.BasicValue - Skipping column re-registration: requirements.created_at
2025-02-03 12:08:29 [main] DEBUG o.h.b.model.internal.PropertyBinder - Building property createdAt
2025-02-03 12:08:29 [main] DEBUG o.h.b.model.internal.AnnotatedColumn - Binding column: AnnotatedJoinColumn(column='requirementId',referencedColumn='requirementId')
2025-02-03 12:08:29 [main] DEBUG o.h.b.model.internal.AnnotatedColumn - Binding column: AnnotatedColumn()
2025-02-03 12:08:29 [main] DEBUG o.h.b.model.internal.AnnotatedColumn - Binding column: IndexColumn(column='subrequirement_ORDER')
2025-02-03 12:08:29 [main] DEBUG o.h.b.model.internal.AnnotatedColumn - Binding column: AnnotatedColumn()
2025-02-03 12:08:29 [main] DEBUG o.h.b.model.internal.AnnotatedColumn - Binding column: AnnotatedColumn(column='subrequirement_KEY')
2025-02-03 12:08:29 [main] DEBUG o.h.b.model.internal.AnnotatedColumn - Binding column: AnnotatedJoinColumn(column='subrequirement_KEY')
2025-02-03 12:08:29 [main] DEBUG o.h.b.model.internal.AnnotatedColumn - Binding column: AnnotatedJoinColumn()
2025-02-03 12:08:29 [main] DEBUG o.h.b.model.internal.AnnotatedColumn - Binding column: AnnotatedJoinColumn()
2025-02-03 12:08:29 [main] DEBUG o.h.b.m.internal.CollectionBinder - Collection role: com.rts.tap.model.Requirement.subrequirement
2025-02-03 12:08:29 [main] DEBUG o.h.b.model.internal.PropertyBinder - Building property subrequirement
2025-02-03 12:08:29 [main] DEBUG o.h.b.model.internal.AnnotatedColumn - Binding column: AnnotatedColumn()
2025-02-03 12:08:29 [main] DEBUG o.h.b.model.internal.PropertyBinder - MetadataSourceProcessor property timeline with lazy=false
2025-02-03 12:08:29 [main] DEBUG o.h.b.m.i.AbstractPropertyHolder - Attempting to locate auto-apply AttributeConverter for property [com.rts.tap.model.Requirement:timeline]
2025-02-03 12:08:29 [main] DEBUG o.h.b.m.internal.BasicValueBinder - building BasicValue for timeline
2025-02-03 12:08:29 [main] DEBUG org.hibernate.mapping.BasicValue - Skipping column re-registration: requirements.timeline
2025-02-03 12:08:29 [main] DEBUG o.h.b.model.internal.PropertyBinder - Building property timeline
2025-02-03 12:08:29 [main] DEBUG o.h.b.model.internal.AnnotatedColumn - Binding column: AnnotatedColumn()
2025-02-03 12:08:29 [main] DEBUG o.h.b.model.internal.PropertyBinder - MetadataSourceProcessor property totalRequiredResourceCount with lazy=false
2025-02-03 12:08:29 [main] DEBUG o.h.b.m.i.AbstractPropertyHolder - Attempting to locate auto-apply AttributeConverter for property [com.rts.tap.model.Requirement:totalRequiredResourceCount]
2025-02-03 12:08:29 [main] DEBUG o.h.b.m.internal.BasicValueBinder - building BasicValue for totalRequiredResourceCount
2025-02-03 12:08:29 [main] DEBUG org.hibernate.mapping.BasicValue - Skipping column re-registration: requirements.total_required_resource_count
2025-02-03 12:08:29 [main] DEBUG o.h.b.model.internal.PropertyBinder - Building property totalRequiredResourceCount
2025-02-03 12:08:29 [main] DEBUG o.h.b.r.c.i.ClassLoaderServiceImpl - HHH000194: Package not found or no package-info.java: com.rts.tap.model
2025-02-03 12:08:29 [main] DEBUG o.h.j.e.i.CallbackDefinitionResolverLegacyImpl - Adding onCreate as PrePersist callback for entity com.rts.tap.model.Requirement
2025-02-03 12:08:29 [main] DEBUG o.h.boot.model.internal.EntityBinder - Binding entity from annotated class: com.rts.tap.model.Role
2025-02-03 12:08:29 [main] DEBUG o.h.boot.model.internal.EntityBinder - Import with entity name Role
2025-02-03 12:08:29 [main] DEBUG o.h.boot.model.internal.EntityBinder - Bind entity com.rts.tap.model.Role on table roles
2025-02-03 12:08:29 [main] DEBUG o.h.b.model.internal.AnnotatedColumn - Binding column: AnnotatedDiscriminatorColumn(column='DTYPE')
2025-02-03 12:08:29 [main] DEBUG o.h.b.model.internal.AnnotatedColumn - Binding column: AnnotatedColumn(column='role_id')
2025-02-03 12:08:29 [main] DEBUG o.h.b.internal.ClassLoaderAccessImpl - Not known whether passed class name [com.rts.tap.model.Role] is safe
2025-02-03 12:08:29 [main] DEBUG o.h.b.internal.ClassLoaderAccessImpl - No temp ClassLoader provided; using live ClassLoader for loading potentially unsafe class : com.rts.tap.model.Role
2025-02-03 12:08:29 [main] DEBUG o.h.b.model.internal.PropertyBinder - MetadataSourceProcessor property roleId with lazy=false
2025-02-03 12:08:29 [main] DEBUG o.h.b.m.i.AbstractPropertyHolder - Attempting to locate auto-apply AttributeConverter for property [com.rts.tap.model.Role:roleId]
2025-02-03 12:08:29 [main] DEBUG o.h.b.m.internal.BasicValueBinder - building BasicValue for roleId
2025-02-03 12:08:29 [main] DEBUG org.hibernate.mapping.BasicValue - Skipping column re-registration: roles.role_id
2025-02-03 12:08:29 [main] DEBUG o.h.b.model.internal.PropertyBinder - Building property roleId
2025-02-03 12:08:29 [main] DEBUG o.h.boot.model.internal.BinderHelper - #makeIdGenerator(BasicValue([Column(role_id)]), roleId, identity, , ...)
2025-02-03 12:08:29 [main] DEBUG o.h.b.model.internal.AnnotatedColumn - Binding column: AnnotatedJoinColumn(column='department_id')
2025-02-03 12:08:29 [main] DEBUG o.h.b.model.internal.AnnotatedColumn - Binding column: AnnotatedColumn()
2025-02-03 12:08:29 [main] DEBUG o.h.b.model.internal.PropertyBinder - Building property department
2025-02-03 12:08:29 [main] DEBUG o.h.b.model.internal.AnnotatedColumn - Binding column: AnnotatedColumn(column='role_description')
2025-02-03 12:08:29 [main] DEBUG o.h.b.model.internal.PropertyBinder - MetadataSourceProcessor property roleDescription with lazy=false
2025-02-03 12:08:29 [main] DEBUG o.h.b.m.i.AbstractPropertyHolder - Attempting to locate auto-apply AttributeConverter for property [com.rts.tap.model.Role:roleDescription]
2025-02-03 12:08:29 [main] DEBUG o.h.b.m.internal.BasicValueBinder - building BasicValue for roleDescription
2025-02-03 12:08:29 [main] DEBUG org.hibernate.mapping.BasicValue - Skipping column re-registration: roles.role_description
2025-02-03 12:08:29 [main] DEBUG o.h.b.model.internal.PropertyBinder - Building property roleDescription
2025-02-03 12:08:29 [main] DEBUG o.h.b.model.internal.AnnotatedColumn - Binding column: AnnotatedColumn(column='role_name')
2025-02-03 12:08:29 [main] DEBUG o.h.b.model.internal.PropertyBinder - MetadataSourceProcessor property roleName with lazy=false
2025-02-03 12:08:29 [main] DEBUG o.h.b.m.i.AbstractPropertyHolder - Attempting to locate auto-apply AttributeConverter for property [com.rts.tap.model.Role:roleName]
2025-02-03 12:08:29 [main] DEBUG o.h.b.m.internal.BasicValueBinder - building BasicValue for roleName
2025-02-03 12:08:29 [main] DEBUG org.hibernate.mapping.BasicValue - Skipping column re-registration: roles.role_name
2025-02-03 12:08:29 [main] DEBUG o.h.b.model.internal.PropertyBinder - Building property roleName
2025-02-03 12:08:29 [main] DEBUG o.h.b.r.c.i.ClassLoaderServiceImpl - HHH000194: Package not found or no package-info.java: com.rts.tap.model
2025-02-03 12:08:29 [main] DEBUG o.h.boot.model.internal.EntityBinder - Binding entity from annotated class: com.rts.tap.model.Score
2025-02-03 12:08:29 [main] DEBUG o.h.boot.model.internal.EntityBinder - Import with entity name Score
2025-02-03 12:08:29 [main] DEBUG o.h.boot.model.internal.EntityBinder - Bind entity com.rts.tap.model.Score on table score
2025-02-03 12:08:29 [main] DEBUG o.h.b.model.internal.AnnotatedColumn - Binding column: AnnotatedDiscriminatorColumn(column='DTYPE')
2025-02-03 12:08:29 [main] DEBUG o.h.b.model.internal.AnnotatedColumn - Binding column: AnnotatedColumn()
2025-02-03 12:08:29 [main] DEBUG o.h.b.internal.ClassLoaderAccessImpl - Not known whether passed class name [com.rts.tap.model.Score] is safe
2025-02-03 12:08:29 [main] DEBUG o.h.b.internal.ClassLoaderAccessImpl - No temp ClassLoader provided; using live ClassLoader for loading potentially unsafe class : com.rts.tap.model.Score
2025-02-03 12:08:29 [main] DEBUG o.h.b.model.internal.PropertyBinder - MetadataSourceProcessor property scoreId with lazy=false
2025-02-03 12:08:29 [main] DEBUG o.h.b.m.i.AbstractPropertyHolder - Attempting to locate auto-apply AttributeConverter for property [com.rts.tap.model.Score:scoreId]
2025-02-03 12:08:29 [main] DEBUG o.h.b.m.internal.BasicValueBinder - building BasicValue for scoreId
2025-02-03 12:08:29 [main] DEBUG org.hibernate.mapping.BasicValue - Skipping column re-registration: score.score_id
2025-02-03 12:08:29 [main] DEBUG o.h.b.model.internal.PropertyBinder - Building property scoreId
2025-02-03 12:08:29 [main] DEBUG o.h.boot.model.internal.BinderHelper - #makeIdGenerator(BasicValue([Column(score_id)]), scoreId, identity, , ...)
2025-02-03 12:08:29 [main] DEBUG o.h.b.model.internal.AnnotatedColumn - Binding column: AnnotatedColumn()
2025-02-03 12:08:29 [main] DEBUG o.h.b.model.internal.PropertyBinder - MetadataSourceProcessor property Remarks with lazy=false
2025-02-03 12:08:29 [main] DEBUG o.h.b.m.i.AbstractPropertyHolder - Attempting to locate auto-apply AttributeConverter for property [com.rts.tap.model.Score:Remarks]
2025-02-03 12:08:29 [main] DEBUG o.h.b.m.internal.BasicValueBinder - building BasicValue for Remarks
2025-02-03 12:08:29 [main] DEBUG org.hibernate.mapping.BasicValue - Skipping column re-registration: score.remarks
2025-02-03 12:08:29 [main] DEBUG o.h.b.model.internal.PropertyBinder - Building property Remarks
2025-02-03 12:08:29 [main] DEBUG o.h.b.model.internal.AnnotatedColumn - Binding column: AnnotatedColumn()
2025-02-03 12:08:29 [main] DEBUG o.h.b.model.internal.PropertyBinder - MetadataSourceProcessor property Score with lazy=false
2025-02-03 12:08:29 [main] DEBUG o.h.b.m.i.AbstractPropertyHolder - Attempting to locate auto-apply AttributeConverter for property [com.rts.tap.model.Score:Score]
2025-02-03 12:08:29 [main] DEBUG o.h.b.m.internal.BasicValueBinder - building BasicValue for Score
2025-02-03 12:08:29 [main] DEBUG org.hibernate.mapping.BasicValue - Skipping column re-registration: score.score
2025-02-03 12:08:29 [main] DEBUG o.h.b.model.internal.PropertyBinder - Building property Score
2025-02-03 12:08:29 [main] DEBUG o.h.b.model.internal.AnnotatedColumn - Binding column: AnnotatedColumn()
2025-02-03 12:08:29 [main] DEBUG o.h.b.model.internal.PropertyBinder - MetadataSourceProcessor property Status with lazy=false
2025-02-03 12:08:29 [main] DEBUG o.h.b.m.i.AbstractPropertyHolder - Attempting to locate auto-apply AttributeConverter for property [com.rts.tap.model.Score:Status]
2025-02-03 12:08:29 [main] DEBUG o.h.b.m.internal.BasicValueBinder - building BasicValue for Status
2025-02-03 12:08:29 [main] DEBUG org.hibernate.mapping.BasicValue - Skipping column re-registration: score.status
2025-02-03 12:08:29 [main] DEBUG o.h.b.model.internal.PropertyBinder - Building property Status
2025-02-03 12:08:29 [main] DEBUG o.h.b.model.internal.AnnotatedColumn - Binding column: AnnotatedJoinColumn()
2025-02-03 12:08:29 [main] DEBUG o.h.b.model.internal.AnnotatedColumn - Binding column: AnnotatedColumn()
2025-02-03 12:08:29 [main] DEBUG o.h.b.model.internal.PropertyBinder - Building property assessment
2025-02-03 12:08:29 [main] DEBUG o.h.b.model.internal.AnnotatedColumn - Binding column: AnnotatedColumn()
2025-02-03 12:08:29 [main] DEBUG o.h.b.model.internal.PropertyBinder - MetadataSourceProcessor property assessmentRescheduleReason with lazy=false
2025-02-03 12:08:29 [main] DEBUG o.h.b.m.i.AbstractPropertyHolder - Attempting to locate auto-apply AttributeConverter for property [com.rts.tap.model.Score:assessmentRescheduleReason]
2025-02-03 12:08:29 [main] DEBUG o.h.b.m.internal.BasicValueBinder - building BasicValue for assessmentRescheduleReason
2025-02-03 12:08:29 [main] DEBUG org.hibernate.mapping.BasicValue - Skipping column re-registration: score.assessment_reschedule_reason
2025-02-03 12:08:29 [main] DEBUG o.h.b.model.internal.PropertyBinder - Building property assessmentRescheduleReason
2025-02-03 12:08:29 [main] DEBUG o.h.b.model.internal.AnnotatedColumn - Binding column: AnnotatedJoinColumn()
2025-02-03 12:08:29 [main] DEBUG o.h.b.model.internal.AnnotatedColumn - Binding column: AnnotatedColumn()
2025-02-03 12:08:29 [main] DEBUG o.h.b.model.internal.PropertyBinder - Building property candidate
2025-02-03 12:08:29 [main] DEBUG o.h.b.model.internal.AnnotatedColumn - Binding column: AnnotatedColumn()
2025-02-03 12:08:29 [main] DEBUG o.h.b.model.internal.PropertyBinder - MetadataSourceProcessor property passkey with lazy=false
2025-02-03 12:08:29 [main] DEBUG o.h.b.m.i.AbstractPropertyHolder - Attempting to locate auto-apply AttributeConverter for property [com.rts.tap.model.Score:passkey]
2025-02-03 12:08:29 [main] DEBUG o.h.b.m.internal.BasicValueBinder - building BasicValue for passkey
2025-02-03 12:08:29 [main] DEBUG org.hibernate.mapping.BasicValue - Skipping column re-registration: score.passkey
2025-02-03 12:08:29 [main] DEBUG o.h.b.model.internal.PropertyBinder - Building property passkey
2025-02-03 12:08:29 [main] DEBUG o.h.b.r.c.i.ClassLoaderServiceImpl - HHH000194: Package not found or no package-info.java: com.rts.tap.model
2025-02-03 12:08:29 [main] DEBUG o.h.boot.model.internal.EntityBinder - Binding entity from annotated class: com.rts.tap.model.SubRequirements
2025-02-03 12:08:29 [main] DEBUG o.h.boot.model.internal.EntityBinder - Import with entity name SubRequirements
2025-02-03 12:08:29 [main] DEBUG o.h.boot.model.internal.EntityBinder - Bind entity com.rts.tap.model.SubRequirements on table sub_requirements
2025-02-03 12:08:29 [main] DEBUG o.h.b.model.internal.AnnotatedColumn - Binding column: AnnotatedDiscriminatorColumn(column='DTYPE')
2025-02-03 12:08:29 [main] DEBUG o.h.b.model.internal.AnnotatedColumn - Binding column: AnnotatedColumn()
2025-02-03 12:08:29 [main] DEBUG o.h.b.internal.ClassLoaderAccessImpl - Not known whether passed class name [com.rts.tap.model.SubRequirements] is safe
2025-02-03 12:08:29 [main] DEBUG o.h.b.internal.ClassLoaderAccessImpl - No temp ClassLoader provided; using live ClassLoader for loading potentially unsafe class : com.rts.tap.model.SubRequirements
2025-02-03 12:08:29 [main] DEBUG o.h.b.model.internal.PropertyBinder - MetadataSourceProcessor property subRequirementId with lazy=false
2025-02-03 12:08:29 [main] DEBUG o.h.b.m.i.AbstractPropertyHolder - Attempting to locate auto-apply AttributeConverter for property [com.rts.tap.model.SubRequirements:subRequirementId]
2025-02-03 12:08:29 [main] DEBUG o.h.b.m.internal.BasicValueBinder - building BasicValue for subRequirementId
2025-02-03 12:08:29 [main] DEBUG org.hibernate.mapping.BasicValue - Skipping column re-registration: sub_requirements.sub_requirement_id
2025-02-03 12:08:29 [main] DEBUG o.h.b.model.internal.PropertyBinder - Building property subRequirementId
2025-02-03 12:08:29 [main] DEBUG o.h.boot.model.internal.BinderHelper - #makeIdGenerator(BasicValue([Column(sub_requirement_id)]), subRequirementId, identity, , ...)
2025-02-03 12:08:29 [main] DEBUG o.h.b.model.internal.AnnotatedColumn - Binding column: AnnotatedColumn()
2025-02-03 12:08:29 [main] DEBUG o.h.b.model.internal.PropertyBinder - MetadataSourceProcessor property resourceCount with lazy=false
2025-02-03 12:08:29 [main] DEBUG o.h.b.m.i.AbstractPropertyHolder - Attempting to locate auto-apply AttributeConverter for property [com.rts.tap.model.SubRequirements:resourceCount]
2025-02-03 12:08:29 [main] DEBUG o.h.b.m.internal.BasicValueBinder - building BasicValue for resourceCount
2025-02-03 12:08:29 [main] DEBUG org.hibernate.mapping.BasicValue - Skipping column re-registration: sub_requirements.resource_count
2025-02-03 12:08:29 [main] DEBUG o.h.b.model.internal.PropertyBinder - Building property resourceCount
2025-02-03 12:08:29 [main] DEBUG o.h.b.model.internal.AnnotatedColumn - Binding column: AnnotatedColumn()
2025-02-03 12:08:29 [main] DEBUG o.h.b.model.internal.PropertyBinder - MetadataSourceProcessor property role with lazy=false
2025-02-03 12:08:29 [main] DEBUG o.h.b.m.i.AbstractPropertyHolder - Attempting to locate auto-apply AttributeConverter for property [com.rts.tap.model.SubRequirements:role]
2025-02-03 12:08:29 [main] DEBUG o.h.b.m.internal.BasicValueBinder - building BasicValue for role
2025-02-03 12:08:29 [main] DEBUG org.hibernate.mapping.BasicValue - Skipping column re-registration: sub_requirements.role
2025-02-03 12:08:29 [main] DEBUG o.h.b.model.internal.PropertyBinder - Building property role
2025-02-03 12:08:29 [main] DEBUG o.h.b.r.c.i.ClassLoaderServiceImpl - HHH000194: Package not found or no package-info.java: com.rts.tap.model
2025-02-03 12:08:29 [main] DEBUG o.h.boot.model.internal.EntityBinder - Binding entity from annotated class: com.rts.tap.model.ThirdPartyCredentitals
2025-02-03 12:08:29 [main] DEBUG o.h.boot.model.internal.EntityBinder - Import with entity name ThirdPartyCredentitals
2025-02-03 12:08:29 [main] DEBUG o.h.boot.model.internal.EntityBinder - Bind entity com.rts.tap.model.ThirdPartyCredentitals on table third_party_credentials
2025-02-03 12:08:29 [main] DEBUG o.h.b.model.internal.AnnotatedColumn - Binding column: AnnotatedDiscriminatorColumn(column='DTYPE')
2025-02-03 12:08:29 [main] DEBUG o.h.b.model.internal.AnnotatedColumn - Binding column: AnnotatedColumn()
2025-02-03 12:08:29 [main] DEBUG o.h.b.internal.ClassLoaderAccessImpl - Not known whether passed class name [com.rts.tap.model.ThirdPartyCredentitals] is safe
2025-02-03 12:08:29 [main] DEBUG o.h.b.internal.ClassLoaderAccessImpl - No temp ClassLoader provided; using live ClassLoader for loading potentially unsafe class : com.rts.tap.model.ThirdPartyCredentitals
2025-02-03 12:08:29 [main] DEBUG o.h.b.model.internal.PropertyBinder - MetadataSourceProcessor property thirdPartyCredentialsId with lazy=false
2025-02-03 12:08:29 [main] DEBUG o.h.b.m.i.AbstractPropertyHolder - Attempting to locate auto-apply AttributeConverter for property [com.rts.tap.model.ThirdPartyCredentitals:thirdPartyCredentialsId]
2025-02-03 12:08:29 [main] DEBUG o.h.b.m.internal.BasicValueBinder - building BasicValue for thirdPartyCredentialsId
2025-02-03 12:08:29 [main] DEBUG org.hibernate.mapping.BasicValue - Skipping column re-registration: third_party_credentials.third_party_credentials_id
2025-02-03 12:08:29 [main] DEBUG o.h.b.model.internal.PropertyBinder - Building property thirdPartyCredentialsId
2025-02-03 12:08:29 [main] DEBUG o.h.boot.model.internal.BinderHelper - #makeIdGenerator(BasicValue([Column(third_party_credentials_id)]), thirdPartyCredentialsId, identity, , ...)
2025-02-03 12:08:29 [main] DEBUG o.h.b.model.internal.AnnotatedColumn - Binding column: AnnotatedColumn()
2025-02-03 12:08:29 [main] DEBUG o.h.b.model.internal.PropertyBinder - MetadataSourceProcessor property email with lazy=false
2025-02-03 12:08:29 [main] DEBUG o.h.b.m.i.AbstractPropertyHolder - Attempting to locate auto-apply AttributeConverter for property [com.rts.tap.model.ThirdPartyCredentitals:email]
2025-02-03 12:08:29 [main] DEBUG o.h.b.m.internal.BasicValueBinder - building BasicValue for email
2025-02-03 12:08:29 [main] DEBUG org.hibernate.mapping.BasicValue - Skipping column re-registration: third_party_credentials.email
2025-02-03 12:08:29 [main] DEBUG o.h.b.model.internal.PropertyBinder - Building property email
2025-02-03 12:08:29 [main] DEBUG o.h.b.model.internal.AnnotatedColumn - Binding column: AnnotatedColumn()
2025-02-03 12:08:29 [main] DEBUG o.h.b.model.internal.PropertyBinder - MetadataSourceProcessor property expirationTime with lazy=false
2025-02-03 12:08:29 [main] DEBUG o.h.b.m.i.AbstractPropertyHolder - Attempting to locate auto-apply AttributeConverter for property [com.rts.tap.model.ThirdPartyCredentitals:expirationTime]
2025-02-03 12:08:29 [main] DEBUG o.h.b.m.internal.BasicValueBinder - building BasicValue for expirationTime
2025-02-03 12:08:29 [main] DEBUG org.hibernate.mapping.BasicValue - Skipping column re-registration: third_party_credentials.expiration_time
2025-02-03 12:08:29 [main] DEBUG o.h.b.model.internal.PropertyBinder - Building property expirationTime
2025-02-03 12:08:29 [main] DEBUG o.h.b.model.internal.AnnotatedColumn - Binding column: AnnotatedColumn()
2025-02-03 12:08:29 [main] DEBUG o.h.b.model.internal.PropertyBinder - MetadataSourceProcessor property isPasswordChanged with lazy=false
2025-02-03 12:08:29 [main] DEBUG o.h.b.m.i.AbstractPropertyHolder - Attempting to locate auto-apply AttributeConverter for property [com.rts.tap.model.ThirdPartyCredentitals:isPasswordChanged]
2025-02-03 12:08:29 [main] DEBUG o.h.b.m.internal.BasicValueBinder - building BasicValue for isPasswordChanged
2025-02-03 12:08:29 [main] DEBUG org.hibernate.mapping.BasicValue - Skipping column re-registration: third_party_credentials.is_password_changed
2025-02-03 12:08:29 [main] DEBUG o.h.b.model.internal.PropertyBinder - Building property isPasswordChanged
2025-02-03 12:08:29 [main] DEBUG o.h.b.model.internal.AnnotatedColumn - Binding column: AnnotatedColumn()
2025-02-03 12:08:29 [main] DEBUG o.h.b.model.internal.PropertyBinder - MetadataSourceProcessor property otp with lazy=false
2025-02-03 12:08:29 [main] DEBUG o.h.b.m.i.AbstractPropertyHolder - Attempting to locate auto-apply AttributeConverter for property [com.rts.tap.model.ThirdPartyCredentitals:otp]
2025-02-03 12:08:29 [main] DEBUG o.h.b.m.internal.BasicValueBinder - building BasicValue for otp
2025-02-03 12:08:29 [main] DEBUG org.hibernate.mapping.BasicValue - Skipping column re-registration: third_party_credentials.otp
2025-02-03 12:08:29 [main] DEBUG o.h.b.model.internal.PropertyBinder - Building property otp
2025-02-03 12:08:29 [main] DEBUG o.h.b.model.internal.AnnotatedColumn - Binding column: AnnotatedColumn(column='password')
2025-02-03 12:08:29 [main] DEBUG o.h.b.model.internal.PropertyBinder - MetadataSourceProcessor property password with lazy=false
2025-02-03 12:08:29 [main] DEBUG o.h.b.m.i.AbstractPropertyHolder - Attempting to locate auto-apply AttributeConverter for property [com.rts.tap.model.ThirdPartyCredentitals:password]
2025-02-03 12:08:29 [main] DEBUG o.h.b.m.internal.BasicValueBinder - building BasicValue for password
2025-02-03 12:08:29 [main] DEBUG org.hibernate.mapping.BasicValue - Skipping column re-registration: third_party_credentials.password
2025-02-03 12:08:29 [main] DEBUG o.h.b.model.internal.PropertyBinder - Building property password
2025-02-03 12:08:29 [main] DEBUG o.h.b.model.internal.AnnotatedColumn - Binding column: AnnotatedJoinColumn(column='credential_Role_Id')
2025-02-03 12:08:29 [main] DEBUG o.h.b.model.internal.AnnotatedColumn - Binding column: AnnotatedColumn()
2025-02-03 12:08:29 [main] DEBUG o.h.b.model.internal.PropertyBinder - Building property role
2025-02-03 12:08:29 [main] DEBUG o.h.b.model.internal.AnnotatedColumn - Binding column: AnnotatedColumn()
2025-02-03 12:08:29 [main] DEBUG o.h.b.model.internal.PropertyBinder - MetadataSourceProcessor property username with lazy=false
2025-02-03 12:08:29 [main] DEBUG o.h.b.m.i.AbstractPropertyHolder - Attempting to locate auto-apply AttributeConverter for property [com.rts.tap.model.ThirdPartyCredentitals:username]
2025-02-03 12:08:29 [main] DEBUG o.h.b.m.internal.BasicValueBinder - building BasicValue for username
2025-02-03 12:08:29 [main] DEBUG org.hibernate.mapping.BasicValue - Skipping column re-registration: third_party_credentials.username
2025-02-03 12:08:29 [main] DEBUG o.h.b.model.internal.PropertyBinder - Building property username
2025-02-03 12:08:29 [main] DEBUG o.h.b.r.c.i.ClassLoaderServiceImpl - HHH000194: Package not found or no package-info.java: com.rts.tap.model
2025-02-03 12:08:29 [main] DEBUG o.h.boot.model.internal.EntityBinder - Binding entity from annotated class: com.rts.tap.model.ThirdPartyRole
2025-02-03 12:08:29 [main] DEBUG o.h.boot.model.internal.EntityBinder - Import with entity name ThirdPartyRole
2025-02-03 12:08:29 [main] DEBUG o.h.boot.model.internal.EntityBinder - Bind entity com.rts.tap.model.ThirdPartyRole on table third_party_role
2025-02-03 12:08:29 [main] DEBUG o.h.b.model.internal.AnnotatedColumn - Binding column: AnnotatedDiscriminatorColumn(column='DTYPE')
2025-02-03 12:08:29 [main] DEBUG o.h.b.model.internal.AnnotatedColumn - Binding column: AnnotatedColumn()
2025-02-03 12:08:29 [main] DEBUG o.h.b.internal.ClassLoaderAccessImpl - Not known whether passed class name [com.rts.tap.model.ThirdPartyRole] is safe
2025-02-03 12:08:29 [main] DEBUG o.h.b.internal.ClassLoaderAccessImpl - No temp ClassLoader provided; using live ClassLoader for loading potentially unsafe class : com.rts.tap.model.ThirdPartyRole
2025-02-03 12:08:29 [main] DEBUG o.h.b.model.internal.PropertyBinder - MetadataSourceProcessor property thirdPartyRoleId with lazy=false
2025-02-03 12:08:29 [main] DEBUG o.h.b.m.i.AbstractPropertyHolder - Attempting to locate auto-apply AttributeConverter for property [com.rts.tap.model.ThirdPartyRole:thirdPartyRoleId]
2025-02-03 12:08:29 [main] DEBUG o.h.b.m.internal.BasicValueBinder - building BasicValue for thirdPartyRoleId
2025-02-03 12:08:29 [main] DEBUG org.hibernate.mapping.BasicValue - Skipping column re-registration: third_party_role.third_party_role_id
2025-02-03 12:08:29 [main] DEBUG o.h.b.model.internal.PropertyBinder - Building property thirdPartyRoleId
2025-02-03 12:08:29 [main] DEBUG o.h.boot.model.internal.BinderHelper - #makeIdGenerator(BasicValue([Column(third_party_role_id)]), thirdPartyRoleId, identity, , ...)
2025-02-03 12:08:29 [main] DEBUG o.h.b.model.internal.AnnotatedColumn - Binding column: AnnotatedColumn()
2025-02-03 12:08:29 [main] DEBUG o.h.b.model.internal.PropertyBinder - MetadataSourceProcessor property role with lazy=false
2025-02-03 12:08:29 [main] DEBUG o.h.b.m.i.AbstractPropertyHolder - Attempting to locate auto-apply AttributeConverter for property [com.rts.tap.model.ThirdPartyRole:role]
2025-02-03 12:08:29 [main] DEBUG o.h.b.m.internal.BasicValueBinder - building BasicValue for role
2025-02-03 12:08:29 [main] DEBUG org.hibernate.mapping.BasicValue - Skipping column re-registration: third_party_role.role
2025-02-03 12:08:29 [main] DEBUG o.h.b.model.internal.PropertyBinder - Building property role
2025-02-03 12:08:29 [main] DEBUG o.h.b.r.c.i.ClassLoaderServiceImpl - HHH000194: Package not found or no package-info.java: com.rts.tap.model
2025-02-03 12:08:29 [main] DEBUG o.h.boot.model.internal.EntityBinder - Binding entity from annotated class: com.rts.tap.model.Vendor
2025-02-03 12:08:29 [main] DEBUG o.h.boot.model.internal.EntityBinder - Import with entity name Vendor
2025-02-03 12:08:29 [main] DEBUG o.h.boot.model.internal.EntityBinder - Bind entity com.rts.tap.model.Vendor on table vendors
2025-02-03 12:08:29 [main] DEBUG o.h.b.model.internal.AnnotatedColumn - Binding column: AnnotatedDiscriminatorColumn(column='DTYPE')
2025-02-03 12:08:29 [main] DEBUG o.h.b.model.internal.AnnotatedColumn - Binding column: AnnotatedColumn()
2025-02-03 12:08:29 [main] DEBUG o.h.b.internal.ClassLoaderAccessImpl - Not known whether passed class name [com.rts.tap.model.Vendor] is safe
2025-02-03 12:08:29 [main] DEBUG o.h.b.internal.ClassLoaderAccessImpl - No temp ClassLoader provided; using live ClassLoader for loading potentially unsafe class : com.rts.tap.model.Vendor
2025-02-03 12:08:29 [main] DEBUG o.h.b.model.internal.PropertyBinder - MetadataSourceProcessor property vendorId with lazy=false
2025-02-03 12:08:29 [main] DEBUG o.h.b.m.i.AbstractPropertyHolder - Attempting to locate auto-apply AttributeConverter for property [com.rts.tap.model.Vendor:vendorId]
2025-02-03 12:08:29 [main] DEBUG o.h.b.m.internal.BasicValueBinder - building BasicValue for vendorId
2025-02-03 12:08:29 [main] DEBUG org.hibernate.mapping.BasicValue - Skipping column re-registration: vendors.vendor_id
2025-02-03 12:08:29 [main] DEBUG o.h.b.model.internal.PropertyBinder - Building property vendorId
2025-02-03 12:08:29 [main] DEBUG o.h.boot.model.internal.BinderHelper - #makeIdGenerator(BasicValue([Column(vendor_id)]), vendorId, identity, , ...)
2025-02-03 12:08:29 [main] DEBUG o.h.b.model.internal.AnnotatedColumn - Binding column: AnnotatedColumn()
2025-02-03 12:08:29 [main] DEBUG o.h.b.model.internal.PropertyBinder - MetadataSourceProcessor property address with lazy=false
2025-02-03 12:08:29 [main] DEBUG o.h.b.m.i.AbstractPropertyHolder - Attempting to locate auto-apply AttributeConverter for property [com.rts.tap.model.Vendor:address]
2025-02-03 12:08:29 [main] DEBUG o.h.b.m.internal.BasicValueBinder - building BasicValue for address
2025-02-03 12:08:29 [main] DEBUG org.hibernate.mapping.BasicValue - Skipping column re-registration: vendors.address
2025-02-03 12:08:29 [main] DEBUG o.h.b.model.internal.PropertyBinder - Building property address
2025-02-03 12:08:29 [main] DEBUG o.h.b.model.internal.AnnotatedColumn - Binding column: AnnotatedColumn()
2025-02-03 12:08:29 [main] DEBUG o.h.b.model.internal.PropertyBinder - MetadataSourceProcessor property contactName with lazy=false
2025-02-03 12:08:29 [main] DEBUG o.h.b.m.i.AbstractPropertyHolder - Attempting to locate auto-apply AttributeConverter for property [com.rts.tap.model.Vendor:contactName]
2025-02-03 12:08:29 [main] DEBUG o.h.b.m.internal.BasicValueBinder - building BasicValue for contactName
2025-02-03 12:08:29 [main] DEBUG org.hibernate.mapping.BasicValue - Skipping column re-registration: vendors.contact_name
2025-02-03 12:08:29 [main] DEBUG o.h.b.model.internal.PropertyBinder - Building property contactName
2025-02-03 12:08:29 [main] DEBUG o.h.b.model.internal.AnnotatedColumn - Binding column: AnnotatedColumn()
2025-02-03 12:08:29 [main] DEBUG o.h.b.model.internal.PropertyBinder - MetadataSourceProcessor property contactNumber with lazy=false
2025-02-03 12:08:29 [main] DEBUG o.h.b.m.i.AbstractPropertyHolder - Attempting to locate auto-apply AttributeConverter for property [com.rts.tap.model.Vendor:contactNumber]
2025-02-03 12:08:29 [main] DEBUG o.h.b.m.internal.BasicValueBinder - building BasicValue for contactNumber
2025-02-03 12:08:29 [main] DEBUG org.hibernate.mapping.BasicValue - Skipping column re-registration: vendors.contact_number
2025-02-03 12:08:29 [main] DEBUG o.h.b.model.internal.PropertyBinder - Building property contactNumber
2025-02-03 12:08:29 [main] DEBUG o.h.b.model.internal.AnnotatedColumn - Binding column: AnnotatedColumn()
2025-02-03 12:08:29 [main] DEBUG o.h.b.model.internal.PropertyBinder - MetadataSourceProcessor property isPasswordChanged with lazy=false
2025-02-03 12:08:29 [main] DEBUG o.h.b.m.i.AbstractPropertyHolder - Attempting to locate auto-apply AttributeConverter for property [com.rts.tap.model.Vendor:isPasswordChanged]
2025-02-03 12:08:29 [main] DEBUG o.h.b.m.internal.BasicValueBinder - building BasicValue for isPasswordChanged
2025-02-03 12:08:29 [main] DEBUG org.hibernate.mapping.BasicValue - Skipping column re-registration: vendors.is_password_changed
2025-02-03 12:08:29 [main] DEBUG o.h.b.model.internal.PropertyBinder - Building property isPasswordChanged
2025-02-03 12:08:29 [main] DEBUG o.h.b.model.internal.AnnotatedColumn - Binding column: AnnotatedColumn()
2025-02-03 12:08:29 [main] DEBUG o.h.b.model.internal.PropertyBinder - MetadataSourceProcessor property organizationName with lazy=false
2025-02-03 12:08:29 [main] DEBUG o.h.b.m.i.AbstractPropertyHolder - Attempting to locate auto-apply AttributeConverter for property [com.rts.tap.model.Vendor:organizationName]
2025-02-03 12:08:29 [main] DEBUG o.h.b.m.internal.BasicValueBinder - building BasicValue for organizationName
2025-02-03 12:08:29 [main] DEBUG org.hibernate.mapping.BasicValue - Skipping column re-registration: vendors.organization_name
2025-02-03 12:08:29 [main] DEBUG o.h.b.model.internal.PropertyBinder - Building property organizationName
2025-02-03 12:08:29 [main] DEBUG o.h.b.model.internal.AnnotatedColumn - Binding column: AnnotatedColumn()
2025-02-03 12:08:29 [main] DEBUG o.h.b.model.internal.PropertyBinder - MetadataSourceProcessor property taxIdentifyNumber with lazy=false
2025-02-03 12:08:29 [main] DEBUG o.h.b.m.i.AbstractPropertyHolder - Attempting to locate auto-apply AttributeConverter for property [com.rts.tap.model.Vendor:taxIdentifyNumber]
2025-02-03 12:08:29 [main] DEBUG o.h.b.m.internal.BasicValueBinder - building BasicValue for taxIdentifyNumber
2025-02-03 12:08:29 [main] DEBUG org.hibernate.mapping.BasicValue - Skipping column re-registration: vendors.tax_identify_number
2025-02-03 12:08:29 [main] DEBUG o.h.b.model.internal.PropertyBinder - Building property taxIdentifyNumber
2025-02-03 12:08:29 [main] DEBUG o.h.b.model.internal.AnnotatedColumn - Binding column: AnnotatedJoinColumn()
2025-02-03 12:08:29 [main] DEBUG o.h.b.model.internal.AnnotatedColumn - Binding column: AnnotatedColumn()
2025-02-03 12:08:29 [main] DEBUG o.h.b.model.internal.PropertyBinder - Building property thirdPartyCredentitals
2025-02-03 12:08:29 [main] DEBUG o.h.b.model.internal.AnnotatedColumn - Binding column: AnnotatedColumn()
2025-02-03 12:08:29 [main] DEBUG o.h.b.model.internal.PropertyBinder - MetadataSourceProcessor property vendorOrganizationLogo with lazy=false
2025-02-03 12:08:29 [main] DEBUG o.h.b.m.i.AbstractPropertyHolder - Attempting to locate auto-apply AttributeConverter for property [com.rts.tap.model.Vendor:vendorOrganizationLogo]
2025-02-03 12:08:29 [main] DEBUG o.h.b.m.internal.BasicValueBinder - building BasicValue for vendorOrganizationLogo
2025-02-03 12:08:29 [main] DEBUG org.hibernate.mapping.BasicValue - Skipping column re-registration: vendors.vendor_organization_logo
2025-02-03 12:08:29 [main] DEBUG o.h.b.model.internal.PropertyBinder - Building property vendorOrganizationLogo
2025-02-03 12:08:29 [main] DEBUG o.h.b.model.internal.AnnotatedColumn - Binding column: AnnotatedColumn()
2025-02-03 12:08:29 [main] DEBUG o.h.b.model.internal.PropertyBinder - MetadataSourceProcessor property websiteUrl with lazy=false
2025-02-03 12:08:29 [main] DEBUG o.h.b.m.i.AbstractPropertyHolder - Attempting to locate auto-apply AttributeConverter for property [com.rts.tap.model.Vendor:websiteUrl]
2025-02-03 12:08:29 [main] DEBUG o.h.b.m.internal.BasicValueBinder - building BasicValue for websiteUrl
2025-02-03 12:08:29 [main] DEBUG org.hibernate.mapping.BasicValue - Skipping column re-registration: vendors.website_url
2025-02-03 12:08:29 [main] DEBUG o.h.b.model.internal.PropertyBinder - Building property websiteUrl
2025-02-03 12:08:29 [main] DEBUG o.h.b.r.c.i.ClassLoaderServiceImpl - HHH000194: Package not found or no package-info.java: com.rts.tap.model
2025-02-03 12:08:29 [main] DEBUG o.h.boot.model.internal.EntityBinder - Binding entity from annotated class: com.rts.tap.model.VendorPerformance
2025-02-03 12:08:29 [main] DEBUG o.h.boot.model.internal.EntityBinder - Import with entity name VendorPerformance
2025-02-03 12:08:29 [main] DEBUG o.h.boot.model.internal.EntityBinder - Bind entity com.rts.tap.model.VendorPerformance on table vendor_performance
2025-02-03 12:08:29 [main] DEBUG o.h.b.model.internal.AnnotatedColumn - Binding column: AnnotatedDiscriminatorColumn(column='DTYPE')
2025-02-03 12:08:29 [main] DEBUG o.h.b.model.internal.AnnotatedColumn - Binding column: AnnotatedColumn()
2025-02-03 12:08:29 [main] DEBUG o.h.b.internal.ClassLoaderAccessImpl - Not known whether passed class name [com.rts.tap.model.VendorPerformance] is safe
2025-02-03 12:08:29 [main] DEBUG o.h.b.internal.ClassLoaderAccessImpl - No temp ClassLoader provided; using live ClassLoader for loading potentially unsafe class : com.rts.tap.model.VendorPerformance
2025-02-03 12:08:29 [main] DEBUG o.h.b.model.internal.PropertyBinder - MetadataSourceProcessor property vendorPerformanceId with lazy=false
2025-02-03 12:08:29 [main] DEBUG o.h.b.m.i.AbstractPropertyHolder - Attempting to locate auto-apply AttributeConverter for property [com.rts.tap.model.VendorPerformance:vendorPerformanceId]
2025-02-03 12:08:29 [main] DEBUG o.h.b.m.internal.BasicValueBinder - building BasicValue for vendorPerformanceId
2025-02-03 12:08:29 [main] DEBUG org.hibernate.mapping.BasicValue - Skipping column re-registration: vendor_performance.vendor_performance_id
2025-02-03 12:08:29 [main] DEBUG o.h.b.model.internal.PropertyBinder - Building property vendorPerformanceId
2025-02-03 12:08:29 [main] DEBUG o.h.boot.model.internal.BinderHelper - #makeIdGenerator(BasicValue([Column(vendor_performance_id)]), vendorPerformanceId, identity, , ...)
2025-02-03 12:08:29 [main] DEBUG o.h.b.model.internal.AnnotatedColumn - Binding column: AnnotatedColumn()
2025-02-03 12:08:29 [main] DEBUG o.h.b.model.internal.PropertyBinder - MetadataSourceProcessor property grade with lazy=false
2025-02-03 12:08:29 [main] DEBUG o.h.b.m.i.AbstractPropertyHolder - Attempting to locate auto-apply AttributeConverter for property [com.rts.tap.model.VendorPerformance:grade]
2025-02-03 12:08:29 [main] DEBUG o.h.b.m.internal.BasicValueBinder - building BasicValue for grade
2025-02-03 12:08:29 [main] DEBUG org.hibernate.mapping.BasicValue - Skipping column re-registration: vendor_performance.grade
2025-02-03 12:08:29 [main] DEBUG o.h.b.model.internal.PropertyBinder - Building property grade
2025-02-03 12:08:29 [main] DEBUG o.h.b.model.internal.AnnotatedColumn - Binding column: AnnotatedColumn(column='overall_performance')
2025-02-03 12:08:29 [main] DEBUG o.h.b.model.internal.PropertyBinder - MetadataSourceProcessor property overallPerformance with lazy=false
2025-02-03 12:08:29 [main] DEBUG o.h.b.m.i.AbstractPropertyHolder - Attempting to locate auto-apply AttributeConverter for property [com.rts.tap.model.VendorPerformance:overallPerformance]
2025-02-03 12:08:29 [main] DEBUG o.h.b.m.internal.BasicValueBinder - building BasicValue for overallPerformance
2025-02-03 12:08:29 [main] DEBUG org.hibernate.mapping.BasicValue - Skipping column re-registration: vendor_performance.overall_performance
2025-02-03 12:08:29 [main] DEBUG o.h.b.model.internal.PropertyBinder - Building property overallPerformance
2025-02-03 12:08:29 [main] DEBUG o.h.b.model.internal.AnnotatedColumn - Binding column: AnnotatedColumn()
2025-02-03 12:08:29 [main] DEBUG o.h.b.model.internal.PropertyBinder - MetadataSourceProcessor property updatedDate with lazy=false
2025-02-03 12:08:29 [main] DEBUG o.h.b.m.i.AbstractPropertyHolder - Attempting to locate auto-apply AttributeConverter for property [com.rts.tap.model.VendorPerformance:updatedDate]
2025-02-03 12:08:29 [main] DEBUG o.h.b.m.internal.BasicValueBinder - building BasicValue for updatedDate
2025-02-03 12:08:29 [main] DEBUG org.hibernate.mapping.BasicValue - Skipping column re-registration: vendor_performance.updated_date
2025-02-03 12:08:29 [main] DEBUG o.h.b.model.internal.PropertyBinder - Building property updatedDate
2025-02-03 12:08:29 [main] DEBUG o.h.b.model.internal.AnnotatedColumn - Binding column: AnnotatedJoinColumn(column='vendor_id')
2025-02-03 12:08:29 [main] DEBUG o.h.b.model.internal.AnnotatedColumn - Binding column: AnnotatedColumn()
2025-02-03 12:08:29 [main] DEBUG o.h.b.model.internal.PropertyBinder - Building property vendor
2025-02-03 12:08:29 [main] DEBUG o.h.b.r.c.i.ClassLoaderServiceImpl - HHH000194: Package not found or no package-info.java: com.rts.tap.model
2025-02-03 12:08:29 [main] DEBUG o.h.boot.model.internal.EntityBinder - Binding entity from annotated class: com.rts.tap.model.VendorPerformanceHistory
2025-02-03 12:08:29 [main] DEBUG o.h.boot.model.internal.EntityBinder - Import with entity name VendorPerformanceHistory
2025-02-03 12:08:29 [main] DEBUG o.h.boot.model.internal.EntityBinder - Bind entity com.rts.tap.model.VendorPerformanceHistory on table vendor_performance_history
2025-02-03 12:08:29 [main] DEBUG o.h.b.model.internal.AnnotatedColumn - Binding column: AnnotatedDiscriminatorColumn(column='DTYPE')
2025-02-03 12:08:29 [main] DEBUG o.h.b.model.internal.AnnotatedColumn - Binding column: AnnotatedColumn()
2025-02-03 12:08:29 [main] DEBUG o.h.b.internal.ClassLoaderAccessImpl - Not known whether passed class name [com.rts.tap.model.VendorPerformanceHistory] is safe
2025-02-03 12:08:29 [main] DEBUG o.h.b.internal.ClassLoaderAccessImpl - No temp ClassLoader provided; using live ClassLoader for loading potentially unsafe class : com.rts.tap.model.VendorPerformanceHistory
2025-02-03 12:08:29 [main] DEBUG o.h.b.model.internal.PropertyBinder - MetadataSourceProcessor property VendorPerformanceHistoryId with lazy=false
2025-02-03 12:08:29 [main] DEBUG o.h.b.m.i.AbstractPropertyHolder - Attempting to locate auto-apply AttributeConverter for property [com.rts.tap.model.VendorPerformanceHistory:VendorPerformanceHistoryId]
2025-02-03 12:08:29 [main] DEBUG o.h.b.m.internal.BasicValueBinder - building BasicValue for VendorPerformanceHistoryId
2025-02-03 12:08:29 [main] DEBUG org.hibernate.mapping.BasicValue - Skipping column re-registration: vendor_performance_history.vendor_performance_history_id
2025-02-03 12:08:29 [main] DEBUG o.h.b.model.internal.PropertyBinder - Building property VendorPerformanceHistoryId
2025-02-03 12:08:29 [main] DEBUG o.h.boot.model.internal.BinderHelper - #makeIdGenerator(BasicValue([Column(vendor_performance_history_id)]), VendorPerformanceHistoryId, identity, , ...)
2025-02-03 12:08:29 [main] DEBUG o.h.b.model.internal.AnnotatedColumn - Binding column: AnnotatedColumn(column='assigned_date')
2025-02-03 12:08:29 [main] DEBUG o.h.b.model.internal.PropertyBinder - MetadataSourceProcessor property assignedDate with lazy=false
2025-02-03 12:08:29 [main] DEBUG o.h.b.m.i.AbstractPropertyHolder - Attempting to locate auto-apply AttributeConverter for property [com.rts.tap.model.VendorPerformanceHistory:assignedDate]
2025-02-03 12:08:29 [main] DEBUG o.h.b.m.internal.BasicValueBinder - building BasicValue for assignedDate
2025-02-03 12:08:29 [main] DEBUG org.hibernate.mapping.BasicValue - Skipping column re-registration: vendor_performance_history.assigned_date
2025-02-03 12:08:29 [main] DEBUG o.h.b.model.internal.PropertyBinder - Building property assignedDate
2025-02-03 12:08:29 [main] DEBUG o.h.b.model.internal.AnnotatedColumn - Binding column: AnnotatedColumn(column='closed_date')
2025-02-03 12:08:29 [main] DEBUG o.h.b.model.internal.PropertyBinder - MetadataSourceProcessor property closedDate with lazy=false
2025-02-03 12:08:29 [main] DEBUG o.h.b.m.i.AbstractPropertyHolder - Attempting to locate auto-apply AttributeConverter for property [com.rts.tap.model.VendorPerformanceHistory:closedDate]
2025-02-03 12:08:29 [main] DEBUG o.h.b.m.internal.BasicValueBinder - building BasicValue for closedDate
2025-02-03 12:08:29 [main] DEBUG org.hibernate.mapping.BasicValue - Skipping column re-registration: vendor_performance_history.closed_date
2025-02-03 12:08:29 [main] DEBUG o.h.b.model.internal.PropertyBinder - Building property closedDate
2025-02-03 12:08:29 [main] DEBUG o.h.b.model.internal.AnnotatedColumn - Binding column: AnnotatedColumn(column='collective_score')
2025-02-03 12:08:29 [main] DEBUG o.h.b.model.internal.PropertyBinder - MetadataSourceProcessor property collectiveScore with lazy=false
2025-02-03 12:08:29 [main] DEBUG o.h.b.m.i.AbstractPropertyHolder - Attempting to locate auto-apply AttributeConverter for property [com.rts.tap.model.VendorPerformanceHistory:collectiveScore]
2025-02-03 12:08:29 [main] DEBUG o.h.b.m.internal.BasicValueBinder - building BasicValue for collectiveScore
2025-02-03 12:08:29 [main] DEBUG org.hibernate.mapping.BasicValue - Skipping column re-registration: vendor_performance_history.collective_score
2025-02-03 12:08:29 [main] DEBUG o.h.b.model.internal.PropertyBinder - Building property collectiveScore
2025-02-03 12:08:29 [main] DEBUG o.h.b.model.internal.AnnotatedColumn - Binding column: AnnotatedColumn()
2025-02-03 12:08:29 [main] DEBUG o.h.b.model.internal.PropertyBinder - MetadataSourceProcessor property grade with lazy=false
2025-02-03 12:08:29 [main] DEBUG o.h.b.m.i.AbstractPropertyHolder - Attempting to locate auto-apply AttributeConverter for property [com.rts.tap.model.VendorPerformanceHistory:grade]
2025-02-03 12:08:29 [main] DEBUG o.h.b.m.internal.BasicValueBinder - building BasicValue for grade
2025-02-03 12:08:29 [main] DEBUG org.hibernate.mapping.BasicValue - Skipping column re-registration: vendor_performance_history.grade
2025-02-03 12:08:29 [main] DEBUG o.h.b.model.internal.PropertyBinder - Building property grade
2025-02-03 12:08:29 [main] DEBUG o.h.b.model.internal.AnnotatedColumn - Binding column: AnnotatedJoinColumn(column='mrf_id')
2025-02-03 12:08:29 [main] DEBUG o.h.b.model.internal.AnnotatedColumn - Binding column: AnnotatedColumn()
2025-02-03 12:08:29 [main] DEBUG o.h.b.model.internal.PropertyBinder - Building property mrf
2025-02-03 12:08:29 [main] DEBUG o.h.b.model.internal.AnnotatedColumn - Binding column: AnnotatedColumn(column='offer_acceptance_rate')
2025-02-03 12:08:29 [main] DEBUG o.h.b.model.internal.PropertyBinder - MetadataSourceProcessor property offerAcceptanceRate with lazy=false
2025-02-03 12:08:29 [main] DEBUG o.h.b.m.i.AbstractPropertyHolder - Attempting to locate auto-apply AttributeConverter for property [com.rts.tap.model.VendorPerformanceHistory:offerAcceptanceRate]
2025-02-03 12:08:29 [main] DEBUG o.h.b.m.internal.BasicValueBinder - building BasicValue for offerAcceptanceRate
2025-02-03 12:08:29 [main] DEBUG org.hibernate.mapping.BasicValue - Skipping column re-registration: vendor_performance_history.offer_acceptance_rate
2025-02-03 12:08:29 [main] DEBUG o.h.b.model.internal.PropertyBinder - Building property offerAcceptanceRate
2025-02-03 12:08:29 [main] DEBUG o.h.b.model.internal.AnnotatedColumn - Binding column: AnnotatedColumn(column='time_to_fill')
2025-02-03 12:08:29 [main] DEBUG o.h.b.model.internal.PropertyBinder - MetadataSourceProcessor property timeToFill with lazy=false
2025-02-03 12:08:29 [main] DEBUG o.h.b.m.i.AbstractPropertyHolder - Attempting to locate auto-apply AttributeConverter for property [com.rts.tap.model.VendorPerformanceHistory:timeToFill]
2025-02-03 12:08:29 [main] DEBUG o.h.b.m.internal.BasicValueBinder - building BasicValue for timeToFill
2025-02-03 12:08:29 [main] DEBUG org.hibernate.mapping.BasicValue - Skipping column re-registration: vendor_performance_history.time_to_fill
2025-02-03 12:08:29 [main] DEBUG o.h.b.model.internal.PropertyBinder - Building property timeToFill
2025-02-03 12:08:29 [main] DEBUG o.h.b.model.internal.AnnotatedColumn - Binding column: AnnotatedColumn()
2025-02-03 12:08:29 [main] DEBUG o.h.b.model.internal.PropertyBinder - MetadataSourceProcessor property updatedDate with lazy=false
2025-02-03 12:08:29 [main] DEBUG o.h.b.m.i.AbstractPropertyHolder - Attempting to locate auto-apply AttributeConverter for property [com.rts.tap.model.VendorPerformanceHistory:updatedDate]
2025-02-03 12:08:29 [main] DEBUG o.h.b.m.internal.BasicValueBinder - building BasicValue for updatedDate
2025-02-03 12:08:29 [main] DEBUG org.hibernate.mapping.BasicValue - Skipping column re-registration: vendor_performance_history.updated_date
2025-02-03 12:08:29 [main] DEBUG o.h.b.model.internal.PropertyBinder - Building property updatedDate
2025-02-03 12:08:29 [main] DEBUG o.h.b.model.internal.AnnotatedColumn - Binding column: AnnotatedJoinColumn(column='vendor_id')
2025-02-03 12:08:29 [main] DEBUG o.h.b.model.internal.AnnotatedColumn - Binding column: AnnotatedColumn()
2025-02-03 12:08:29 [main] DEBUG o.h.b.model.internal.PropertyBinder - Building property vendor
2025-02-03 12:08:29 [main] DEBUG o.h.b.r.c.i.ClassLoaderServiceImpl - HHH000194: Package not found or no package-info.java: com.rts.tap.model
2025-02-03 12:08:29 [main] DEBUG o.h.boot.model.internal.EntityBinder - Binding entity from annotated class: com.rts.tap.model.WorkFlow
2025-02-03 12:08:29 [main] DEBUG o.h.boot.model.internal.EntityBinder - Import with entity name WorkFlow
2025-02-03 12:08:29 [main] DEBUG o.h.boot.model.internal.EntityBinder - Bind entity com.rts.tap.model.WorkFlow on table work_flow
2025-02-03 12:08:29 [main] DEBUG o.h.b.model.internal.AnnotatedColumn - Binding column: AnnotatedDiscriminatorColumn(column='DTYPE')
2025-02-03 12:08:29 [main] DEBUG o.h.b.model.internal.AnnotatedColumn - Binding column: AnnotatedColumn()
2025-02-03 12:08:29 [main] DEBUG o.h.b.internal.ClassLoaderAccessImpl - Not known whether passed class name [com.rts.tap.model.WorkFlow] is safe
2025-02-03 12:08:29 [main] DEBUG o.h.b.internal.ClassLoaderAccessImpl - No temp ClassLoader provided; using live ClassLoader for loading potentially unsafe class : com.rts.tap.model.WorkFlow
2025-02-03 12:08:29 [main] DEBUG o.h.b.model.internal.PropertyBinder - MetadataSourceProcessor property workflowId with lazy=false
2025-02-03 12:08:29 [main] DEBUG o.h.b.m.i.AbstractPropertyHolder - Attempting to locate auto-apply AttributeConverter for property [com.rts.tap.model.WorkFlow:workflowId]
2025-02-03 12:08:29 [main] DEBUG o.h.b.m.internal.BasicValueBinder - building BasicValue for workflowId
2025-02-03 12:08:29 [main] DEBUG org.hibernate.mapping.BasicValue - Skipping column re-registration: work_flow.workflow_id
2025-02-03 12:08:29 [main] DEBUG o.h.b.model.internal.PropertyBinder - Building property workflowId
2025-02-03 12:08:29 [main] DEBUG o.h.boot.model.internal.BinderHelper - #makeIdGenerator(BasicValue([Column(workflow_id)]), workflowId, identity, , ...)
2025-02-03 12:08:29 [main] DEBUG o.h.b.model.internal.AnnotatedColumn - Binding column: AnnotatedColumn()
2025-02-03 12:08:29 [main] DEBUG o.h.b.model.internal.PropertyBinder - MetadataSourceProcessor property count with lazy=false
2025-02-03 12:08:29 [main] DEBUG o.h.b.m.i.AbstractPropertyHolder - Attempting to locate auto-apply AttributeConverter for property [com.rts.tap.model.WorkFlow:count]
2025-02-03 12:08:29 [main] DEBUG o.h.b.m.internal.BasicValueBinder - building BasicValue for count
2025-02-03 12:08:29 [main] DEBUG org.hibernate.mapping.BasicValue - Skipping column re-registration: work_flow.count
2025-02-03 12:08:29 [main] DEBUG o.h.b.model.internal.PropertyBinder - Building property count
2025-02-03 12:08:29 [main] DEBUG o.h.b.model.internal.AnnotatedColumn - Binding column: AnnotatedJoinColumn()
2025-02-03 12:08:29 [main] DEBUG o.h.b.model.internal.AnnotatedColumn - Binding column: AnnotatedColumn()
2025-02-03 12:08:29 [main] DEBUG o.h.b.model.internal.PropertyBinder - Building property employee
2025-02-03 12:08:29 [main] DEBUG o.h.b.model.internal.AnnotatedColumn - Binding column: AnnotatedJoinColumn()
2025-02-03 12:08:29 [main] DEBUG o.h.b.model.internal.AnnotatedColumn - Binding column: AnnotatedColumn()
2025-02-03 12:08:29 [main] DEBUG o.h.b.model.internal.PropertyBinder - Building property mrf
2025-02-03 12:08:29 [main] DEBUG o.h.b.model.internal.AnnotatedColumn - Binding column: AnnotatedColumn()
2025-02-03 12:08:29 [main] DEBUG o.h.b.model.internal.PropertyBinder - MetadataSourceProcessor property reason with lazy=false
2025-02-03 12:08:29 [main] DEBUG o.h.b.m.i.AbstractPropertyHolder - Attempting to locate auto-apply AttributeConverter for property [com.rts.tap.model.WorkFlow:reason]
2025-02-03 12:08:29 [main] DEBUG o.h.b.m.internal.BasicValueBinder - building BasicValue for reason
2025-02-03 12:08:29 [main] DEBUG org.hibernate.mapping.BasicValue - Skipping column re-registration: work_flow.reason
2025-02-03 12:08:29 [main] DEBUG o.h.b.model.internal.PropertyBinder - Building property reason
2025-02-03 12:08:29 [main] DEBUG o.h.b.model.internal.AnnotatedColumn - Binding column: AnnotatedJoinColumn()
2025-02-03 12:08:29 [main] DEBUG o.h.b.model.internal.AnnotatedColumn - Binding column: AnnotatedColumn()
2025-02-03 12:08:29 [main] DEBUG o.h.b.model.internal.PropertyBinder - Building property recruiter
2025-02-03 12:08:29 [main] DEBUG o.h.b.model.internal.AnnotatedColumn - Binding column: AnnotatedColumn()
2025-02-03 12:08:29 [main] DEBUG o.h.b.model.internal.PropertyBinder - MetadataSourceProcessor property status with lazy=false
2025-02-03 12:08:29 [main] DEBUG o.h.b.m.i.AbstractPropertyHolder - Attempting to locate auto-apply AttributeConverter for property [com.rts.tap.model.WorkFlow:status]
2025-02-03 12:08:29 [main] DEBUG o.h.b.m.internal.BasicValueBinder - building BasicValue for status
2025-02-03 12:08:29 [main] DEBUG org.hibernate.mapping.BasicValue - Skipping column re-registration: work_flow.status
2025-02-03 12:08:29 [main] DEBUG o.h.b.model.internal.PropertyBinder - Building property status
2025-02-03 12:08:29 [main] DEBUG o.h.b.model.internal.AnnotatedColumn - Binding column: AnnotatedColumn()
2025-02-03 12:08:29 [main] DEBUG o.h.b.model.internal.PropertyBinder - MetadataSourceProcessor property workFlowType with lazy=false
2025-02-03 12:08:29 [main] DEBUG o.h.b.m.i.AbstractPropertyHolder - Attempting to locate auto-apply AttributeConverter for property [com.rts.tap.model.WorkFlow:workFlowType]
2025-02-03 12:08:29 [main] DEBUG o.h.b.m.internal.BasicValueBinder - building BasicValue for workFlowType
2025-02-03 12:08:29 [main] DEBUG org.hibernate.mapping.BasicValue - Skipping column re-registration: work_flow.work_flow_type
2025-02-03 12:08:29 [main] DEBUG o.h.b.model.internal.PropertyBinder - Building property workFlowType
2025-02-03 12:08:29 [main] DEBUG o.h.b.r.c.i.ClassLoaderServiceImpl - HHH000194: Package not found or no package-info.java: com.rts.tap.model
2025-02-03 12:08:29 [main] DEBUG o.h.b.m.internal.BasicValueBinder - Starting `BasicValueBinder#fillSimpleValue` for adminId
2025-02-03 12:08:29 [main] DEBUG o.h.b.m.internal.BasicValueBinder - Starting `BasicValueBinder#fillSimpleValue` for adminEmail
2025-02-03 12:08:29 [main] DEBUG o.h.b.m.internal.BasicValueBinder - Starting `BasicValueBinder#fillSimpleValue` for createdDate
2025-02-03 12:08:29 [main] DEBUG o.h.b.m.internal.BasicValueBinder - Starting `BasicValueBinder#fillSimpleValue` for passwordHash
2025-02-03 12:08:29 [main] DEBUG o.h.b.m.internal.BasicValueBinder - Starting `BasicValueBinder#fillSimpleValue` for updatedDate
2025-02-03 12:08:29 [main] DEBUG o.h.b.m.internal.BasicValueBinder - Starting `BasicValueBinder#fillSimpleValue` for username
2025-02-03 12:08:29 [main] DEBUG o.h.b.m.internal.BasicValueBinder - Starting `BasicValueBinder#fillSimpleValue` for approverId
2025-02-03 12:08:29 [main] DEBUG o.h.b.m.internal.BasicValueBinder - Starting `BasicValueBinder#fillSimpleValue` for level
2025-02-03 12:08:29 [main] DEBUG o.h.b.m.internal.BasicValueBinder - Starting `BasicValueBinder#fillSimpleValue` for assessmentId
2025-02-03 12:08:29 [main] DEBUG o.h.b.m.internal.BasicValueBinder - Starting `BasicValueBinder#fillSimpleValue` for assessmentEndDate
2025-02-03 12:08:29 [main] DEBUG o.h.b.m.internal.BasicValueBinder - Starting `BasicValueBinder#fillSimpleValue` for assessmentEndTime
2025-02-03 12:08:29 [main] DEBUG o.h.b.m.internal.BasicValueBinder - Starting `BasicValueBinder#fillSimpleValue` for assessmentLink
2025-02-03 12:08:29 [main] DEBUG o.h.b.m.internal.BasicValueBinder - Starting `BasicValueBinder#fillSimpleValue` for assessmentName
2025-02-03 12:08:29 [main] DEBUG o.h.b.m.internal.BasicValueBinder - Starting `BasicValueBinder#fillSimpleValue` for assessmentStartDate
2025-02-03 12:08:29 [main] DEBUG o.h.b.m.internal.BasicValueBinder - Starting `BasicValueBinder#fillSimpleValue` for assessmentStartTime
2025-02-03 12:08:29 [main] DEBUG o.h.b.m.internal.BasicValueBinder - Starting `BasicValueBinder#fillSimpleValue` for assessmentType
2025-02-03 12:08:29 [main] DEBUG o.h.b.m.internal.BasicValueBinder - Starting `BasicValueBinder#fillSimpleValue` for basicJobTableId
2025-02-03 12:08:29 [main] DEBUG o.h.b.m.internal.BasicValueBinder - Starting `BasicValueBinder#fillSimpleValue` for Role
2025-02-03 12:08:29 [main] DEBUG o.h.b.m.internal.BasicValueBinder - Starting `BasicValueBinder#fillSimpleValue` for experience
2025-02-03 12:08:29 [main] DEBUG o.h.b.m.internal.BasicValueBinder - Starting `BasicValueBinder#fillSimpleValue` for jobDescription
2025-02-03 12:08:29 [main] DEBUG o.h.b.m.internal.BasicValueBinder - Starting `BasicValueBinder#fillSimpleValue` for jobPackage
2025-02-03 12:08:29 [main] DEBUG o.h.b.m.internal.BasicValueBinder - Starting `BasicValueBinder#fillSimpleValue` for jobTitle
2025-02-03 12:08:29 [main] DEBUG o.h.b.m.internal.BasicValueBinder - Starting `BasicValueBinder#fillSimpleValue` for budgetId
2025-02-03 12:08:29 [main] DEBUG o.h.b.m.internal.BasicValueBinder - Starting `BasicValueBinder#fillSimpleValue` for analyzedMaximumCTC
2025-02-03 12:08:29 [main] DEBUG o.h.b.m.internal.BasicValueBinder - Starting `BasicValueBinder#fillSimpleValue` for analyzedMinimumCTC
2025-02-03 12:08:29 [main] DEBUG o.h.b.m.internal.BasicValueBinder - Starting `BasicValueBinder#fillSimpleValue` for budgetForResource
2025-02-03 12:08:29 [main] DEBUG o.h.b.m.internal.BasicValueBinder - Starting `BasicValueBinder#fillSimpleValue` for isNegotiable
2025-02-03 12:08:29 [main] DEBUG o.h.b.m.internal.BasicValueBinder - Starting `BasicValueBinder#fillSimpleValue` for yearsOfExperience
2025-02-03 12:08:29 [main] DEBUG o.h.b.m.internal.BasicValueBinder - Starting `BasicValueBinder#fillSimpleValue` for businessunitId
2025-02-03 12:08:29 [main] DEBUG o.h.b.m.internal.BasicValueBinder - Starting `BasicValueBinder#fillSimpleValue` for businessUnitLocation
2025-02-03 12:08:29 [main] DEBUG o.h.b.m.internal.BasicValueBinder - Starting `BasicValueBinder#fillSimpleValue` for businessUnitName
2025-02-03 12:08:29 [main] DEBUG o.h.b.m.internal.BasicValueBinder - Starting `BasicValueBinder#fillSimpleValue` for createdDate
2025-02-03 12:08:29 [main] DEBUG o.h.b.m.internal.BasicValueBinder - Starting `BasicValueBinder#fillSimpleValue` for description
2025-02-03 12:08:29 [main] DEBUG o.h.b.m.internal.BasicValueBinder - Starting `BasicValueBinder#fillSimpleValue` for updatedDate
2025-02-03 12:08:29 [main] DEBUG o.h.b.m.internal.BasicValueBinder - Starting `BasicValueBinder#fillSimpleValue` for candidateId
2025-02-03 12:08:29 [main] DEBUG o.h.b.m.internal.BasicValueBinder - Starting `BasicValueBinder#fillSimpleValue` for Education
2025-02-03 12:08:29 [main] DEBUG o.h.b.m.internal.BasicValueBinder - Starting `BasicValueBinder#fillSimpleValue` for assignedAt
2025-02-03 12:08:29 [main] DEBUG o.h.b.m.internal.BasicValueBinder - Starting `BasicValueBinder#fillSimpleValue` for candidate360Id
2025-02-03 12:08:29 [main] DEBUG o.h.b.m.internal.BasicValueBinder - Starting `BasicValueBinder#fillSimpleValue` for candidateProfileImage
2025-02-03 12:08:29 [main] DEBUG o.h.b.m.internal.BasicValueBinder - Starting `BasicValueBinder#fillSimpleValue` for currentCTC
2025-02-03 12:08:29 [main] DEBUG o.h.b.m.internal.BasicValueBinder - Starting `BasicValueBinder#fillSimpleValue` for currentCompany
2025-02-03 12:08:29 [main] DEBUG o.h.b.m.internal.BasicValueBinder - Starting `BasicValueBinder#fillSimpleValue` for currentLocation
2025-02-03 12:08:29 [main] DEBUG o.h.b.m.internal.BasicValueBinder - Starting `BasicValueBinder#fillSimpleValue` for email
2025-02-03 12:08:29 [main] DEBUG o.h.b.m.internal.BasicValueBinder - Starting `BasicValueBinder#fillSimpleValue` for employementMode
2025-02-03 12:08:29 [main] DEBUG o.h.b.m.internal.BasicValueBinder - Starting `BasicValueBinder#fillSimpleValue` for expectedCTC
2025-02-03 12:08:29 [main] DEBUG o.h.b.m.internal.BasicValueBinder - Starting `BasicValueBinder#fillSimpleValue` for firstName
2025-02-03 12:08:29 [main] DEBUG o.h.b.m.internal.BasicValueBinder - Starting `BasicValueBinder#fillSimpleValue` for gender
2025-02-03 12:08:29 [main] DEBUG o.h.b.m.internal.BasicValueBinder - Starting `BasicValueBinder#fillSimpleValue` for isMatchingMrf
2025-02-03 12:08:29 [main] DEBUG o.h.b.m.internal.BasicValueBinder - Starting `BasicValueBinder#fillSimpleValue` for isPasswordChanged
2025-02-03 12:08:29 [main] DEBUG o.h.b.m.internal.BasicValueBinder - Starting `BasicValueBinder#fillSimpleValue` for lastName
2025-02-03 12:08:29 [main] DEBUG o.h.b.m.internal.BasicValueBinder - Starting `BasicValueBinder#fillSimpleValue` for location
2025-02-03 12:08:29 [main] DEBUG o.h.b.m.internal.BasicValueBinder - Starting `BasicValueBinder#fillSimpleValue` for mobileNumber
2025-02-03 12:08:29 [main] DEBUG o.h.b.m.internal.BasicValueBinder - Starting `BasicValueBinder#fillSimpleValue` for noticePeriod
2025-02-03 12:08:29 [main] DEBUG o.h.b.m.internal.BasicValueBinder - Starting `BasicValueBinder#fillSimpleValue` for panNumber
2025-02-03 12:08:29 [main] DEBUG o.h.b.m.internal.BasicValueBinder - Starting `BasicValueBinder#fillSimpleValue` for password
2025-02-03 12:08:29 [main] DEBUG o.h.b.m.internal.BasicValueBinder - Starting `BasicValueBinder#fillSimpleValue` for previousRole
2025-02-03 12:08:29 [main] DEBUG o.h.b.m.internal.BasicValueBinder - Starting `BasicValueBinder#fillSimpleValue` for relevantExperience
2025-02-03 12:08:29 [main] DEBUG o.h.b.m.internal.BasicValueBinder - Starting `BasicValueBinder#fillSimpleValue` for relocate
2025-02-03 12:08:29 [main] DEBUG o.h.b.m.internal.BasicValueBinder - Starting `BasicValueBinder#fillSimpleValue` for resume
2025-02-03 12:08:29 [main] DEBUG o.h.b.m.internal.BasicValueBinder - Starting `BasicValueBinder#fillSimpleValue` for skill
2025-02-03 12:08:29 [main] DEBUG o.h.b.m.internal.BasicValueBinder - Starting `BasicValueBinder#fillSimpleValue` for source
2025-02-03 12:08:29 [main] DEBUG o.h.b.m.internal.BasicValueBinder - Starting `BasicValueBinder#fillSimpleValue` for sourceId
2025-02-03 12:08:29 [main] DEBUG o.h.b.m.internal.BasicValueBinder - Starting `BasicValueBinder#fillSimpleValue` for status
2025-02-03 12:08:29 [main] DEBUG o.h.b.m.internal.BasicValueBinder - Starting `BasicValueBinder#fillSimpleValue` for totalExperience
2025-02-03 12:08:29 [main] DEBUG o.h.b.m.internal.BasicValueBinder - Starting `BasicValueBinder#fillSimpleValue` for visaDetails
2025-02-03 12:08:29 [main] DEBUG o.h.b.m.internal.BasicValueBinder - Starting `BasicValueBinder#fillSimpleValue` for candidate360Id
2025-02-03 12:08:29 [main] DEBUG o.h.b.m.internal.BasicValueBinder - Starting `BasicValueBinder#fillSimpleValue` for candidateInfo
2025-02-03 12:08:29 [main] DEBUG o.h.b.m.internal.BasicValueBinder - Starting `BasicValueBinder#fillSimpleValue` for candidate360QuestionBankId
2025-02-03 12:08:29 [main] DEBUG o.h.b.m.internal.BasicValueBinder - Starting `BasicValueBinder#fillSimpleValue` for question
2025-02-03 12:08:29 [main] DEBUG o.h.b.m.internal.BasicValueBinder - Starting `BasicValueBinder#fillSimpleValue` for type
2025-02-03 12:08:29 [main] DEBUG o.h.b.m.internal.BasicValueBinder - Starting `BasicValueBinder#fillSimpleValue` for CandidateDocumentId
2025-02-03 12:08:29 [main] DEBUG o.h.b.m.internal.BasicValueBinder - Starting `BasicValueBinder#fillSimpleValue` for aadhar
2025-02-03 12:08:29 [main] DEBUG o.h.b.m.internal.BasicValueBinder - Starting `BasicValueBinder#fillSimpleValue` for aadharStatus
2025-02-03 12:08:29 [main] DEBUG o.h.b.m.internal.BasicValueBinder - Starting `BasicValueBinder#fillSimpleValue` for degreeCertificate
2025-02-03 12:08:29 [main] DEBUG o.h.b.m.internal.BasicValueBinder - Starting `BasicValueBinder#fillSimpleValue` for degreeCertificateStatus
2025-02-03 12:08:29 [main] DEBUG o.h.b.m.internal.BasicValueBinder - Starting `BasicValueBinder#fillSimpleValue` for experienceLetter
2025-02-03 12:08:29 [main] DEBUG o.h.b.m.internal.BasicValueBinder - Starting `BasicValueBinder#fillSimpleValue` for experienceLetterStatus
2025-02-03 12:08:29 [main] DEBUG o.h.b.m.internal.BasicValueBinder - Starting `BasicValueBinder#fillSimpleValue` for panCard
2025-02-03 12:08:29 [main] DEBUG o.h.b.m.internal.BasicValueBinder - Starting `BasicValueBinder#fillSimpleValue` for panCardStatus
2025-02-03 12:08:29 [main] DEBUG o.h.b.m.internal.BasicValueBinder - Starting `BasicValueBinder#fillSimpleValue` for passport
2025-02-03 12:08:29 [main] DEBUG o.h.b.m.internal.BasicValueBinder - Starting `BasicValueBinder#fillSimpleValue` for passportStatus
2025-02-03 12:08:29 [main] DEBUG o.h.b.m.internal.BasicValueBinder - Starting `BasicValueBinder#fillSimpleValue` for payslip
2025-02-03 12:08:29 [main] DEBUG o.h.b.m.internal.BasicValueBinder - Starting `BasicValueBinder#fillSimpleValue` for payslipStatus
2025-02-03 12:08:29 [main] DEBUG o.h.b.m.internal.BasicValueBinder - Starting `BasicValueBinder#fillSimpleValue` for relievingLetter
2025-02-03 12:08:29 [main] DEBUG o.h.b.m.internal.BasicValueBinder - Starting `BasicValueBinder#fillSimpleValue` for relievingLetterStatus
2025-02-03 12:08:29 [main] DEBUG o.h.b.m.internal.BasicValueBinder - Starting `BasicValueBinder#fillSimpleValue` for candidateStatusId
2025-02-03 12:08:29 [main] DEBUG o.h.b.m.internal.BasicValueBinder - Starting `BasicValueBinder#fillSimpleValue` for designation
2025-02-03 12:08:29 [main] DEBUG o.h.b.m.internal.BasicValueBinder - Starting `BasicValueBinder#fillSimpleValue` for level
2025-02-03 12:08:29 [main] DEBUG o.h.b.m.internal.BasicValueBinder - Starting `BasicValueBinder#fillSimpleValue` for mrfId
2025-02-03 12:08:29 [main] DEBUG o.h.b.m.internal.BasicValueBinder - Starting `BasicValueBinder#fillSimpleValue` for reason
2025-02-03 12:08:29 [main] DEBUG o.h.b.m.internal.BasicValueBinder - Starting `BasicValueBinder#fillSimpleValue` for status
2025-02-03 12:08:29 [main] DEBUG o.h.b.m.internal.BasicValueBinder - Starting `BasicValueBinder#fillSimpleValue` for clientId
2025-02-03 12:08:29 [main] DEBUG o.h.b.m.internal.BasicValueBinder - Starting `BasicValueBinder#fillSimpleValue` for activationStatus
2025-02-03 12:08:29 [main] DEBUG o.h.b.m.internal.BasicValueBinder - Starting `BasicValueBinder#fillSimpleValue` for clientEmail
2025-02-03 12:08:29 [main] DEBUG o.h.b.m.internal.BasicValueBinder - Starting `BasicValueBinder#fillSimpleValue` for clientMobile
2025-02-03 12:08:29 [main] DEBUG o.h.b.m.internal.BasicValueBinder - Starting `BasicValueBinder#fillSimpleValue` for clientName
2025-02-03 12:08:29 [main] DEBUG o.h.b.m.internal.BasicValueBinder - Starting `BasicValueBinder#fillSimpleValue` for clientPosition
2025-02-03 12:08:29 [main] DEBUG o.h.b.m.internal.BasicValueBinder - Starting `BasicValueBinder#fillSimpleValue` for clientStatus
2025-02-03 12:08:29 [main] DEBUG o.h.b.m.internal.BasicValueBinder - Starting `BasicValueBinder#fillSimpleValue` for createdAt
2025-02-03 12:08:29 [main] DEBUG o.h.b.m.internal.BasicValueBinder - Starting `BasicValueBinder#fillSimpleValue` for expirationTime
2025-02-03 12:08:29 [main] DEBUG o.h.b.m.internal.BasicValueBinder - Starting `BasicValueBinder#fillSimpleValue` for otp
2025-02-03 12:08:29 [main] DEBUG o.h.b.m.internal.BasicValueBinder - Starting `BasicValueBinder#fillSimpleValue` for password
2025-02-03 12:08:29 [main] DEBUG o.h.b.m.internal.BasicValueBinder - Starting `BasicValueBinder#fillSimpleValue` for reason
2025-02-03 12:08:29 [main] DEBUG o.h.b.m.internal.BasicValueBinder - Starting `BasicValueBinder#fillSimpleValue` for clientOrganizationId
2025-02-03 12:08:29 [main] DEBUG o.h.b.m.internal.BasicValueBinder - Starting `BasicValueBinder#fillSimpleValue` for organizationAddress
2025-02-03 12:08:29 [main] DEBUG o.h.b.m.internal.BasicValueBinder - Starting `BasicValueBinder#fillSimpleValue` for organizationContactNumber
2025-02-03 12:08:29 [main] DEBUG o.h.b.m.internal.BasicValueBinder - Starting `BasicValueBinder#fillSimpleValue` for organizationEmail
2025-02-03 12:08:29 [main] DEBUG o.h.b.m.internal.BasicValueBinder - Starting `BasicValueBinder#fillSimpleValue` for organizationIndustry
2025-02-03 12:08:29 [main] DEBUG o.h.b.m.internal.BasicValueBinder - Starting `BasicValueBinder#fillSimpleValue` for organizationLogo
2025-02-03 12:08:29 [main] DEBUG o.h.b.m.internal.BasicValueBinder - Starting `BasicValueBinder#fillSimpleValue` for organizationName
2025-02-03 12:08:29 [main] DEBUG o.h.b.m.internal.BasicValueBinder - Starting `BasicValueBinder#fillSimpleValue` for departmentId
2025-02-03 12:08:29 [main] DEBUG o.h.b.m.internal.BasicValueBinder - Starting `BasicValueBinder#fillSimpleValue` for createdDate
2025-02-03 12:08:29 [main] DEBUG o.h.b.m.internal.BasicValueBinder - Starting `BasicValueBinder#fillSimpleValue` for departmentName
2025-02-03 12:08:29 [main] DEBUG o.h.b.m.internal.BasicValueBinder - Starting `BasicValueBinder#fillSimpleValue` for description
2025-02-03 12:08:29 [main] DEBUG o.h.b.m.internal.BasicValueBinder - Starting `BasicValueBinder#fillSimpleValue` for updatedDate
2025-02-03 12:08:29 [main] DEBUG o.h.b.m.internal.BasicValueBinder - Starting `BasicValueBinder#fillSimpleValue` for documentsId
2025-02-03 12:08:29 [main] DEBUG o.h.b.m.internal.BasicValueBinder - Starting `BasicValueBinder#fillSimpleValue` for createdDate
2025-02-03 12:08:29 [main] DEBUG o.h.b.m.internal.BasicValueBinder - Starting `BasicValueBinder#fillSimpleValue` for documentFile
2025-02-03 12:08:29 [main] DEBUG o.h.b.m.internal.BasicValueBinder - Starting `BasicValueBinder#fillSimpleValue` for documentType
2025-02-03 12:08:29 [main] DEBUG o.h.b.m.internal.BasicValueBinder - Starting `BasicValueBinder#fillSimpleValue` for updatedDate
2025-02-03 12:08:29 [main] DEBUG o.h.b.m.internal.BasicValueBinder - Starting `BasicValueBinder#fillSimpleValue` for employeeId
2025-02-03 12:08:29 [main] DEBUG o.h.b.m.internal.BasicValueBinder - Starting `BasicValueBinder#fillSimpleValue` for candidateId
2025-02-03 12:08:29 [main] DEBUG o.h.b.m.internal.BasicValueBinder - Starting `BasicValueBinder#fillSimpleValue` for createdDate
2025-02-03 12:08:29 [main] DEBUG o.h.b.m.internal.BasicValueBinder - Starting `BasicValueBinder#fillSimpleValue` for employeeEmail
2025-02-03 12:08:29 [main] DEBUG o.h.b.m.internal.BasicValueBinder - Starting `BasicValueBinder#fillSimpleValue` for employeeName
2025-02-03 12:08:29 [main] DEBUG o.h.b.m.internal.BasicValueBinder - Starting `BasicValueBinder#fillSimpleValue` for employeeStatus
2025-02-03 12:08:29 [main] DEBUG o.h.b.m.internal.BasicValueBinder - Starting `BasicValueBinder#fillSimpleValue` for managerId
2025-02-03 12:08:29 [main] DEBUG o.h.b.m.internal.BasicValueBinder - Starting `BasicValueBinder#fillSimpleValue` for updatedDate
2025-02-03 12:08:29 [main] DEBUG o.h.b.m.internal.BasicValueBinder - Starting `BasicValueBinder#fillSimpleValue` for workLocation
2025-02-03 12:08:29 [main] DEBUG o.h.b.m.internal.BasicValueBinder - Starting `BasicValueBinder#fillSimpleValue` for experienceId
2025-02-03 12:08:29 [main] DEBUG o.h.b.m.internal.BasicValueBinder - Starting `BasicValueBinder#fillSimpleValue` for companyName
2025-02-03 12:08:29 [main] DEBUG o.h.b.m.internal.BasicValueBinder - Starting `BasicValueBinder#fillSimpleValue` for createdDate
2025-02-03 12:08:29 [main] DEBUG o.h.b.m.internal.BasicValueBinder - Starting `BasicValueBinder#fillSimpleValue` for fromDate
2025-02-03 12:08:29 [main] DEBUG o.h.b.m.internal.BasicValueBinder - Starting `BasicValueBinder#fillSimpleValue` for role
2025-02-03 12:08:29 [main] DEBUG o.h.b.m.internal.BasicValueBinder - Starting `BasicValueBinder#fillSimpleValue` for toDate
2025-02-03 12:08:29 [main] DEBUG o.h.b.m.internal.BasicValueBinder - Starting `BasicValueBinder#fillSimpleValue` for updatedDate
2025-02-03 12:08:29 [main] DEBUG o.h.b.m.internal.BasicValueBinder - Starting `BasicValueBinder#fillSimpleValue` for familyDetailsID
2025-02-03 12:08:29 [main] DEBUG o.h.b.m.internal.BasicValueBinder - Starting `BasicValueBinder#fillSimpleValue` for dateOfBirth
2025-02-03 12:08:29 [main] DEBUG o.h.b.m.internal.BasicValueBinder - Starting `BasicValueBinder#fillSimpleValue` for familyMemberContactNumber
2025-02-03 12:08:29 [main] DEBUG o.h.b.m.internal.BasicValueBinder - Starting `BasicValueBinder#fillSimpleValue` for familyMemberName
2025-02-03 12:08:29 [main] DEBUG o.h.b.m.internal.BasicValueBinder - Starting `BasicValueBinder#fillSimpleValue` for gender
2025-02-03 12:08:29 [main] DEBUG o.h.b.m.internal.BasicValueBinder - Starting `BasicValueBinder#fillSimpleValue` for occupation
2025-02-03 12:08:29 [main] DEBUG o.h.b.m.internal.BasicValueBinder - Starting `BasicValueBinder#fillSimpleValue` for relationship
2025-02-03 12:08:29 [main] DEBUG o.h.b.m.internal.BasicValueBinder - Starting `BasicValueBinder#fillSimpleValue` for interviewId
2025-02-03 12:08:29 [main] DEBUG o.h.b.m.internal.BasicValueBinder - Starting `BasicValueBinder#fillSimpleValue` for Others
2025-02-03 12:08:29 [main] DEBUG o.h.b.m.internal.BasicValueBinder - Starting `BasicValueBinder#fillSimpleValue` for candidateInterviewRescheduleReason
2025-02-03 12:08:29 [main] DEBUG o.h.b.m.internal.BasicValueBinder - Starting `BasicValueBinder#fillSimpleValue` for candidateStatus
2025-02-03 12:08:29 [main] DEBUG o.h.b.m.internal.BasicValueBinder - Starting `BasicValueBinder#fillSimpleValue` for interviewDate
2025-02-03 12:08:29 [main] DEBUG o.h.b.m.internal.BasicValueBinder - Starting `BasicValueBinder#fillSimpleValue` for interviewFromTime
2025-02-03 12:08:29 [main] DEBUG o.h.b.m.internal.BasicValueBinder - Starting `BasicValueBinder#fillSimpleValue` for interviewTitle
2025-02-03 12:08:29 [main] DEBUG o.h.b.m.internal.BasicValueBinder - Starting `BasicValueBinder#fillSimpleValue` for interviewToTime
2025-02-03 12:08:29 [main] DEBUG o.h.b.m.internal.BasicValueBinder - Starting `BasicValueBinder#fillSimpleValue` for interviewerInterviewRescheduleReason
2025-02-03 12:08:29 [main] DEBUG o.h.b.m.internal.BasicValueBinder - Starting `BasicValueBinder#fillSimpleValue` for meetingUrl
2025-02-03 12:08:29 [main] DEBUG o.h.b.m.internal.BasicValueBinder - Starting `BasicValueBinder#fillSimpleValue` for interviewerId
2025-02-03 12:08:29 [main] DEBUG o.h.b.m.internal.BasicValueBinder - Starting `BasicValueBinder#fillSimpleValue` for status
2025-02-03 12:08:29 [main] DEBUG o.h.b.m.internal.BasicValueBinder - Starting `BasicValueBinder#fillSimpleValue` for jobDescriptionId
2025-02-03 12:08:29 [main] DEBUG o.h.b.m.internal.BasicValueBinder - Starting `BasicValueBinder#fillSimpleValue` for jobParameter
2025-02-03 12:08:29 [main] DEBUG o.h.b.m.internal.BasicValueBinder - Starting `BasicValueBinder#fillSimpleValue` for jobTitle
2025-02-03 12:08:29 [main] DEBUG o.h.b.m.internal.BasicValueBinder - Starting `BasicValueBinder#fillSimpleValue` for rolesAndResponsibilities
2025-02-03 12:08:29 [main] DEBUG o.h.b.m.internal.BasicValueBinder - Starting `BasicValueBinder#fillSimpleValue` for jobPostingId
2025-02-03 12:08:29 [main] DEBUG o.h.b.m.internal.BasicValueBinder - Starting `BasicValueBinder#fillSimpleValue` for jobPoster
2025-02-03 12:08:29 [main] DEBUG o.h.b.m.internal.BasicValueBinder - Starting `BasicValueBinder#fillSimpleValue` for jobUrl
2025-02-03 12:08:29 [main] DEBUG o.h.b.m.internal.BasicValueBinder - Starting `BasicValueBinder#fillSimpleValue` for jobId
2025-02-03 12:08:29 [main] DEBUG o.h.b.m.internal.BasicValueBinder - Starting `BasicValueBinder#fillSimpleValue` for jobTitle
2025-02-03 12:08:29 [main] DEBUG o.h.b.m.internal.BasicValueBinder - Starting `BasicValueBinder#fillSimpleValue` for userId
2025-02-03 12:08:29 [main] DEBUG o.h.b.m.internal.BasicValueBinder - Starting `BasicValueBinder#fillSimpleValue` for createdDate
2025-02-03 12:08:29 [main] DEBUG o.h.b.m.internal.BasicValueBinder - Starting `BasicValueBinder#fillSimpleValue` for failedAttempts
2025-02-03 12:08:29 [main] DEBUG o.h.b.m.internal.BasicValueBinder - Starting `BasicValueBinder#fillSimpleValue` for isPasswordChange
2025-02-03 12:08:29 [main] DEBUG o.h.b.m.internal.BasicValueBinder - Starting `BasicValueBinder#fillSimpleValue` for lockoutCount
2025-02-03 12:08:29 [main] DEBUG o.h.b.m.internal.BasicValueBinder - Starting `BasicValueBinder#fillSimpleValue` for lockoutTime
2025-02-03 12:08:29 [main] DEBUG o.h.b.m.internal.BasicValueBinder - Starting `BasicValueBinder#fillSimpleValue` for passwordHash
2025-02-03 12:08:29 [main] DEBUG o.h.b.m.internal.BasicValueBinder - Starting `BasicValueBinder#fillSimpleValue` for updatedDate
2025-02-03 12:08:29 [main] DEBUG o.h.b.m.internal.BasicValueBinder - Starting `BasicValueBinder#fillSimpleValue` for userEmail
2025-02-03 12:08:29 [main] DEBUG o.h.b.m.internal.BasicValueBinder - Starting `BasicValueBinder#fillSimpleValue` for mrfId
2025-02-03 12:08:29 [main] DEBUG o.h.b.m.internal.BasicValueBinder - Starting `BasicValueBinder#fillSimpleValue` for createdAt
2025-02-03 12:08:29 [main] DEBUG o.h.b.m.internal.BasicValueBinder - Starting `BasicValueBinder#fillSimpleValue` for mrfDepartmentName
2025-02-03 12:08:29 [main] DEBUG o.h.b.m.internal.BasicValueBinder - Starting `BasicValueBinder#fillSimpleValue` for mrfRequiredTechnology
2025-02-03 12:08:29 [main] DEBUG o.h.b.m.internal.BasicValueBinder - Starting `BasicValueBinder#fillSimpleValue` for probableDesignation
2025-02-03 12:08:29 [main] DEBUG o.h.b.m.internal.BasicValueBinder - Starting `BasicValueBinder#fillSimpleValue` for requiredResourceCount
2025-02-03 12:08:29 [main] DEBUG o.h.b.m.internal.BasicValueBinder - Starting `BasicValueBinder#fillSimpleValue` for requiredSkills
2025-02-03 12:08:29 [main] DEBUG o.h.b.m.internal.BasicValueBinder - Starting `BasicValueBinder#fillSimpleValue` for updatedAt
2025-02-03 12:08:29 [main] DEBUG o.h.b.m.internal.BasicValueBinder - Starting `BasicValueBinder#fillSimpleValue` for mrfAgreementId
2025-02-03 12:08:29 [main] DEBUG o.h.b.m.internal.BasicValueBinder - Starting `BasicValueBinder#fillSimpleValue` for billingCycle
2025-02-03 12:08:29 [main] DEBUG o.h.b.m.internal.BasicValueBinder - Starting `BasicValueBinder#fillSimpleValue` for mrfTemplate
2025-02-03 12:08:29 [main] DEBUG o.h.b.m.internal.BasicValueBinder - Starting `BasicValueBinder#fillSimpleValue` for negotiatedPricePoint
2025-02-03 12:08:29 [main] DEBUG o.h.b.m.internal.BasicValueBinder - Starting `BasicValueBinder#fillSimpleValue` for proposedBudget
2025-02-03 12:08:29 [main] DEBUG o.h.b.m.internal.BasicValueBinder - Starting `BasicValueBinder#fillSimpleValue` for serviceLevelAgreement
2025-02-03 12:08:29 [main] DEBUG o.h.b.m.internal.BasicValueBinder - Starting `BasicValueBinder#fillSimpleValue` for mrfCandidateId
2025-02-03 12:08:29 [main] DEBUG o.h.b.m.internal.BasicValueBinder - Starting `BasicValueBinder#fillSimpleValue` for Status
2025-02-03 12:08:29 [main] DEBUG o.h.b.m.internal.BasicValueBinder - Starting `BasicValueBinder#fillSimpleValue` for mrfCriteriaId
2025-02-03 12:08:29 [main] DEBUG o.h.b.m.internal.BasicValueBinder - Starting `BasicValueBinder#fillSimpleValue` for IsCertificationNeeded
2025-02-03 12:08:29 [main] DEBUG o.h.b.m.internal.BasicValueBinder - Starting `BasicValueBinder#fillSimpleValue` for IsVisaRequired
2025-02-03 12:08:29 [main] DEBUG o.h.b.m.internal.BasicValueBinder - Starting `BasicValueBinder#fillSimpleValue` for certificate
2025-02-03 12:08:29 [main] DEBUG o.h.b.m.internal.BasicValueBinder - Starting `BasicValueBinder#fillSimpleValue` for closureDate
2025-02-03 12:08:29 [main] DEBUG o.h.b.m.internal.BasicValueBinder - Starting `BasicValueBinder#fillSimpleValue` for contractStartDate
2025-02-03 12:08:29 [main] DEBUG o.h.b.m.internal.BasicValueBinder - Starting `BasicValueBinder#fillSimpleValue` for educationalQualification
2025-02-03 12:08:29 [main] DEBUG o.h.b.m.internal.BasicValueBinder - Starting `BasicValueBinder#fillSimpleValue` for employmentMode
2025-02-03 12:08:29 [main] DEBUG o.h.b.m.internal.BasicValueBinder - Starting `BasicValueBinder#fillSimpleValue` for jobLocation
2025-02-03 12:08:29 [main] DEBUG o.h.b.m.internal.BasicValueBinder - Starting `BasicValueBinder#fillSimpleValue` for maximumCTC
2025-02-03 12:08:29 [main] DEBUG o.h.b.m.internal.BasicValueBinder - Starting `BasicValueBinder#fillSimpleValue` for minimumCTC
2025-02-03 12:08:29 [main] DEBUG o.h.b.m.internal.BasicValueBinder - Starting `BasicValueBinder#fillSimpleValue` for mrfLossOrProfit
2025-02-03 12:08:29 [main] DEBUG o.h.b.m.internal.BasicValueBinder - Starting `BasicValueBinder#fillSimpleValue` for visaType
2025-02-03 12:08:29 [main] DEBUG o.h.b.m.internal.BasicValueBinder - Starting `BasicValueBinder#fillSimpleValue` for yearsOfExperience
2025-02-03 12:08:29 [main] DEBUG o.h.b.m.internal.BasicValueBinder - Starting `BasicValueBinder#fillSimpleValue` for mrfJdId
2025-02-03 12:08:29 [main] DEBUG o.h.b.m.internal.BasicValueBinder - Starting `BasicValueBinder#fillSimpleValue` for jobParameter
2025-02-03 12:08:29 [main] DEBUG o.h.b.m.internal.BasicValueBinder - Starting `BasicValueBinder#fillSimpleValue` for jobTitle
2025-02-03 12:08:29 [main] DEBUG o.h.b.m.internal.BasicValueBinder - Starting `BasicValueBinder#fillSimpleValue` for rolesAndResponsibilities
2025-02-03 12:08:29 [main] DEBUG o.h.b.m.internal.BasicValueBinder - Starting `BasicValueBinder#fillSimpleValue` for mrfRecruitersId
2025-02-03 12:08:29 [main] DEBUG o.h.b.m.internal.BasicValueBinder - Starting `BasicValueBinder#fillSimpleValue` for achievedCount
2025-02-03 12:08:29 [main] DEBUG o.h.b.m.internal.BasicValueBinder - Starting `BasicValueBinder#fillSimpleValue` for assignedCount
2025-02-03 12:08:29 [main] DEBUG o.h.b.m.internal.BasicValueBinder - Starting `BasicValueBinder#fillSimpleValue` for closedDate
2025-02-03 12:08:29 [main] DEBUG o.h.b.m.internal.BasicValueBinder - Starting `BasicValueBinder#fillSimpleValue` for createdAt
2025-02-03 12:08:29 [main] DEBUG o.h.b.m.internal.BasicValueBinder - Starting `BasicValueBinder#fillSimpleValue` for recruiterAssignedStatus
2025-02-03 12:08:29 [main] DEBUG o.h.b.m.internal.BasicValueBinder - Starting `BasicValueBinder#fillSimpleValue` for updatedAt
2025-02-03 12:08:29 [main] DEBUG o.h.b.m.internal.BasicValueBinder - Starting `BasicValueBinder#fillSimpleValue` for mrfRecruitingManagerId
2025-02-03 12:08:29 [main] DEBUG o.h.b.m.internal.BasicValueBinder - Starting `BasicValueBinder#fillSimpleValue` for recruitingManagerAssignedStatus
2025-02-03 12:08:29 [main] DEBUG o.h.b.m.internal.BasicValueBinder - Starting `BasicValueBinder#fillSimpleValue` for mrfStatusId
2025-02-03 12:08:29 [main] DEBUG o.h.b.m.internal.BasicValueBinder - Starting `BasicValueBinder#fillSimpleValue` for descriptionForChanges
2025-02-03 12:08:29 [main] DEBUG o.h.b.m.internal.BasicValueBinder - Starting `BasicValueBinder#fillSimpleValue` for mrfApprovalStatus
2025-02-03 12:08:29 [main] DEBUG o.h.b.m.internal.BasicValueBinder - Starting `BasicValueBinder#fillSimpleValue` for mrfStage
2025-02-03 12:08:29 [main] DEBUG o.h.b.m.internal.BasicValueBinder - Starting `BasicValueBinder#fillSimpleValue` for mrfType
2025-02-03 12:08:29 [main] DEBUG o.h.b.m.internal.BasicValueBinder - Starting `BasicValueBinder#fillSimpleValue` for reasonForLost
2025-02-03 12:08:29 [main] DEBUG o.h.b.m.internal.BasicValueBinder - Starting `BasicValueBinder#fillSimpleValue` for requirementFilled
2025-02-03 12:08:29 [main] DEBUG o.h.b.m.internal.BasicValueBinder - Starting `BasicValueBinder#fillSimpleValue` for mrfVendorId
2025-02-03 12:08:29 [main] DEBUG o.h.b.m.internal.BasicValueBinder - Starting `BasicValueBinder#fillSimpleValue` for achievedCount
2025-02-03 12:08:29 [main] DEBUG o.h.b.m.internal.BasicValueBinder - Starting `BasicValueBinder#fillSimpleValue` for assignedCount
2025-02-03 12:08:29 [main] DEBUG o.h.b.m.internal.BasicValueBinder - Starting `BasicValueBinder#fillSimpleValue` for assignedDate
2025-02-03 12:08:29 [main] DEBUG o.h.b.m.internal.BasicValueBinder - Starting `BasicValueBinder#fillSimpleValue` for vendorAssignedStatus
2025-02-03 12:08:29 [main] DEBUG o.h.b.m.internal.BasicValueBinder - Starting `BasicValueBinder#fillSimpleValue` for notificationId
2025-02-03 12:08:29 [main] DEBUG o.h.b.m.internal.BasicValueBinder - Starting `BasicValueBinder#fillSimpleValue` for date
2025-02-03 12:08:29 [main] DEBUG o.h.b.m.internal.BasicValueBinder - Starting `BasicValueBinder#fillSimpleValue` for fromId
2025-02-03 12:08:29 [main] DEBUG o.h.b.m.internal.BasicValueBinder - Starting `BasicValueBinder#fillSimpleValue` for isSeen
2025-02-03 12:08:29 [main] DEBUG o.h.b.m.internal.BasicValueBinder - Starting `BasicValueBinder#fillSimpleValue` for message
2025-02-03 12:08:29 [main] DEBUG o.h.b.m.internal.BasicValueBinder - Starting `BasicValueBinder#fillSimpleValue` for source
2025-02-03 12:08:29 [main] DEBUG o.h.b.m.internal.BasicValueBinder - Starting `BasicValueBinder#fillSimpleValue` for offerId
2025-02-03 12:08:29 [main] DEBUG o.h.b.m.internal.BasicValueBinder - Starting `BasicValueBinder#fillSimpleValue` for candidateReason
2025-02-03 12:08:29 [main] DEBUG o.h.b.m.internal.BasicValueBinder - Starting `BasicValueBinder#fillSimpleValue` for candidateStatus
2025-02-03 12:08:29 [main] DEBUG o.h.b.m.internal.BasicValueBinder - Starting `BasicValueBinder#fillSimpleValue` for createDate
2025-02-03 12:08:29 [main] DEBUG o.h.b.m.internal.BasicValueBinder - Starting `BasicValueBinder#fillSimpleValue` for isBuHeadApproved
2025-02-03 12:08:29 [main] DEBUG o.h.b.m.internal.BasicValueBinder - Starting `BasicValueBinder#fillSimpleValue` for joiningDate
2025-02-03 12:08:29 [main] DEBUG o.h.b.m.internal.BasicValueBinder - Starting `BasicValueBinder#fillSimpleValue` for offerLetter
2025-02-03 12:08:29 [main] DEBUG o.h.b.m.internal.BasicValueBinder - Starting `BasicValueBinder#fillSimpleValue` for offerPackage
2025-02-03 12:08:29 [main] DEBUG o.h.b.m.internal.BasicValueBinder - Starting `BasicValueBinder#fillSimpleValue` for offerApprovalId
2025-02-03 12:08:29 [main] DEBUG o.h.b.m.internal.BasicValueBinder - Starting `BasicValueBinder#fillSimpleValue` for Reason
2025-02-03 12:08:29 [main] DEBUG o.h.b.m.internal.BasicValueBinder - Starting `BasicValueBinder#fillSimpleValue` for status
2025-02-03 12:08:29 [main] DEBUG o.h.b.m.internal.BasicValueBinder - Starting `BasicValueBinder#fillSimpleValue` for organizationId
2025-02-03 12:08:29 [main] DEBUG o.h.b.m.internal.BasicValueBinder - Starting `BasicValueBinder#fillSimpleValue` for contactPersonEmail
2025-02-03 12:08:29 [main] DEBUG o.h.b.m.internal.BasicValueBinder - Starting `BasicValueBinder#fillSimpleValue` for contactPersonName
2025-02-03 12:08:29 [main] DEBUG o.h.b.m.internal.BasicValueBinder - Starting `BasicValueBinder#fillSimpleValue` for contactPersonPhone
2025-02-03 12:08:29 [main] DEBUG o.h.b.m.internal.BasicValueBinder - Starting `BasicValueBinder#fillSimpleValue` for createdDate
2025-02-03 12:08:29 [main] DEBUG o.h.b.m.internal.BasicValueBinder - Starting `BasicValueBinder#fillSimpleValue` for industryType
2025-02-03 12:08:29 [main] DEBUG o.h.b.m.internal.BasicValueBinder - Starting `BasicValueBinder#fillSimpleValue` for logo
2025-02-03 12:08:29 [main] DEBUG o.h.b.m.internal.BasicValueBinder - Starting `BasicValueBinder#fillSimpleValue` for organizationAddress
2025-02-03 12:08:29 [main] DEBUG o.h.b.m.internal.BasicValueBinder - Starting `BasicValueBinder#fillSimpleValue` for organizationEstablishedDate
2025-02-03 12:08:29 [main] DEBUG o.h.b.m.internal.BasicValueBinder - Starting `BasicValueBinder#fillSimpleValue` for organizationName
2025-02-03 12:08:29 [main] DEBUG o.h.b.m.internal.BasicValueBinder - Starting `BasicValueBinder#fillSimpleValue` for organizationStatus
2025-02-03 12:08:29 [main] DEBUG o.h.b.m.internal.BasicValueBinder - Starting `BasicValueBinder#fillSimpleValue` for organizationWebsiteUrl
2025-02-03 12:08:29 [main] DEBUG o.h.b.m.internal.BasicValueBinder - Starting `BasicValueBinder#fillSimpleValue` for size
2025-02-03 12:08:29 [main] DEBUG o.h.b.m.internal.BasicValueBinder - Starting `BasicValueBinder#fillSimpleValue` for updatedDate
2025-02-03 12:08:29 [main] DEBUG o.h.b.m.internal.BasicValueBinder - Starting `BasicValueBinder#fillSimpleValue` for locationId
2025-02-03 12:08:29 [main] DEBUG o.h.b.m.internal.BasicValueBinder - Starting `BasicValueBinder#fillSimpleValue` for latitude
2025-02-03 12:08:29 [main] DEBUG o.h.b.m.internal.BasicValueBinder - Starting `BasicValueBinder#fillSimpleValue` for locationAddress
2025-02-03 12:08:29 [main] DEBUG o.h.b.m.internal.BasicValueBinder - Starting `BasicValueBinder#fillSimpleValue` for locationName
2025-02-03 12:08:29 [main] DEBUG o.h.b.m.internal.BasicValueBinder - Starting `BasicValueBinder#fillSimpleValue` for longitude
2025-02-03 12:08:29 [main] DEBUG o.h.b.m.internal.BasicValueBinder - Starting `BasicValueBinder#fillSimpleValue` for personalInfoId
2025-02-03 12:08:29 [main] DEBUG o.h.b.m.internal.BasicValueBinder - Starting `BasicValueBinder#fillSimpleValue` for city
2025-02-03 12:08:29 [main] DEBUG o.h.b.m.internal.BasicValueBinder - Starting `BasicValueBinder#fillSimpleValue` for country
2025-02-03 12:08:29 [main] DEBUG o.h.b.m.internal.BasicValueBinder - Starting `BasicValueBinder#fillSimpleValue` for createdDate
2025-02-03 12:08:29 [main] DEBUG o.h.b.m.internal.BasicValueBinder - Starting `BasicValueBinder#fillSimpleValue` for dateOfBirth
2025-02-03 12:08:29 [main] DEBUG o.h.b.m.internal.BasicValueBinder - Starting `BasicValueBinder#fillSimpleValue` for district
2025-02-03 12:08:29 [main] DEBUG o.h.b.m.internal.BasicValueBinder - Starting `BasicValueBinder#fillSimpleValue` for employeeAddress
2025-02-03 12:08:29 [main] DEBUG o.h.b.m.internal.BasicValueBinder - Starting `BasicValueBinder#fillSimpleValue` for employeePhoto
2025-02-03 12:08:29 [main] DEBUG o.h.b.m.internal.BasicValueBinder - Starting `BasicValueBinder#fillSimpleValue` for firstName
2025-02-03 12:08:29 [main] DEBUG o.h.b.m.internal.BasicValueBinder - Starting `BasicValueBinder#fillSimpleValue` for gender
2025-02-03 12:08:29 [main] DEBUG o.h.b.m.internal.BasicValueBinder - Starting `BasicValueBinder#fillSimpleValue` for lastName
2025-02-03 12:08:29 [main] DEBUG o.h.b.m.internal.BasicValueBinder - Starting `BasicValueBinder#fillSimpleValue` for maritalStatus
2025-02-03 12:08:29 [main] DEBUG o.h.b.m.internal.BasicValueBinder - Starting `BasicValueBinder#fillSimpleValue` for personalEmail
2025-02-03 12:08:29 [main] DEBUG o.h.b.m.internal.BasicValueBinder - Starting `BasicValueBinder#fillSimpleValue` for phone
2025-02-03 12:08:29 [main] DEBUG o.h.b.m.internal.BasicValueBinder - Starting `BasicValueBinder#fillSimpleValue` for pincode
2025-02-03 12:08:29 [main] DEBUG o.h.b.m.internal.BasicValueBinder - Starting `BasicValueBinder#fillSimpleValue` for state
2025-02-03 12:08:29 [main] DEBUG o.h.b.m.internal.BasicValueBinder - Starting `BasicValueBinder#fillSimpleValue` for updatedDate
2025-02-03 12:08:29 [main] DEBUG o.h.b.m.internal.BasicValueBinder - Starting `BasicValueBinder#fillSimpleValue` for qualificationId
2025-02-03 12:08:29 [main] DEBUG o.h.b.m.internal.BasicValueBinder - Starting `BasicValueBinder#fillSimpleValue` for certificates
2025-02-03 12:08:29 [main] DEBUG o.h.b.m.internal.BasicValueBinder - Starting `BasicValueBinder#fillSimpleValue` for createdDate
2025-02-03 12:08:29 [main] DEBUG o.h.b.m.internal.BasicValueBinder - Starting `BasicValueBinder#fillSimpleValue` for fromYear
2025-02-03 12:08:29 [main] DEBUG o.h.b.m.internal.BasicValueBinder - Starting `BasicValueBinder#fillSimpleValue` for grade
2025-02-03 12:08:29 [main] DEBUG o.h.b.m.internal.BasicValueBinder - Starting `BasicValueBinder#fillSimpleValue` for institutionName
2025-02-03 12:08:29 [main] DEBUG o.h.b.m.internal.BasicValueBinder - Starting `BasicValueBinder#fillSimpleValue` for specialization
2025-02-03 12:08:29 [main] DEBUG o.h.b.m.internal.BasicValueBinder - Starting `BasicValueBinder#fillSimpleValue` for typeOfEducation
2025-02-03 12:08:29 [main] DEBUG o.h.b.m.internal.BasicValueBinder - Starting `BasicValueBinder#fillSimpleValue` for updatedDate
2025-02-03 12:08:29 [main] DEBUG o.h.b.m.internal.BasicValueBinder - Starting `BasicValueBinder#fillSimpleValue` for yearOfCompletion
2025-02-03 12:08:29 [main] DEBUG o.h.b.m.internal.BasicValueBinder - Starting `BasicValueBinder#fillSimpleValue` for recruiterOverallPerformanceId
2025-02-03 12:08:29 [main] DEBUG o.h.b.m.internal.BasicValueBinder - Starting `BasicValueBinder#fillSimpleValue` for grade
2025-02-03 12:08:29 [main] DEBUG o.h.b.m.internal.BasicValueBinder - Starting `BasicValueBinder#fillSimpleValue` for overallPerformance
2025-02-03 12:08:29 [main] DEBUG o.h.b.m.internal.BasicValueBinder - Starting `BasicValueBinder#fillSimpleValue` for recruiterPerformanceId
2025-02-03 12:08:29 [main] DEBUG o.h.b.m.internal.BasicValueBinder - Starting `BasicValueBinder#fillSimpleValue` for assignedDate
2025-02-03 12:08:29 [main] DEBUG o.h.b.m.internal.BasicValueBinder - Starting `BasicValueBinder#fillSimpleValue` for closedDate
2025-02-03 12:08:29 [main] DEBUG o.h.b.m.internal.BasicValueBinder - Starting `BasicValueBinder#fillSimpleValue` for collectiveScore
2025-02-03 12:08:29 [main] DEBUG o.h.b.m.internal.BasicValueBinder - Starting `BasicValueBinder#fillSimpleValue` for costPerHire
2025-02-03 12:08:29 [main] DEBUG o.h.b.m.internal.BasicValueBinder - Starting `BasicValueBinder#fillSimpleValue` for grade
2025-02-03 12:08:29 [main] DEBUG o.h.b.m.internal.BasicValueBinder - Starting `BasicValueBinder#fillSimpleValue` for offerAcceptance
2025-02-03 12:08:29 [main] DEBUG o.h.b.m.internal.BasicValueBinder - Starting `BasicValueBinder#fillSimpleValue` for offerNegotiation
2025-02-03 12:08:29 [main] DEBUG o.h.b.m.internal.BasicValueBinder - Starting `BasicValueBinder#fillSimpleValue` for timeToFill
2025-02-03 12:08:29 [main] DEBUG o.h.b.m.internal.BasicValueBinder - Starting `BasicValueBinder#fillSimpleValue` for updatedDate
2025-02-03 12:08:29 [main] DEBUG o.h.b.m.internal.BasicValueBinder - Starting `BasicValueBinder#fillSimpleValue` for recruitmentProcessId
2025-02-03 12:08:29 [main] DEBUG o.h.b.m.internal.BasicValueBinder - Starting `BasicValueBinder#fillSimpleValue` for completedStatus
2025-02-03 12:08:29 [main] DEBUG o.h.b.m.internal.BasicValueBinder - Starting `BasicValueBinder#fillSimpleValue` for level
2025-02-03 12:08:29 [main] DEBUG o.h.b.m.internal.BasicValueBinder - Starting `BasicValueBinder#fillSimpleValue` for recruitmentProcessName
2025-02-03 12:08:29 [main] DEBUG o.h.b.m.internal.BasicValueBinder - Starting `BasicValueBinder#fillSimpleValue` for recruitmentProcessType
2025-02-03 12:08:29 [main] DEBUG o.h.b.m.internal.BasicValueBinder - Starting `BasicValueBinder#fillSimpleValue` for report
2025-02-03 12:08:29 [main] DEBUG o.h.b.m.internal.BasicValueBinder - Starting `BasicValueBinder#fillSimpleValue` for referralId
2025-02-03 12:08:29 [main] DEBUG o.h.b.m.internal.BasicValueBinder - Starting `BasicValueBinder#fillSimpleValue` for candiateResume
2025-02-03 12:08:29 [main] DEBUG o.h.b.m.internal.BasicValueBinder - Starting `BasicValueBinder#fillSimpleValue` for referralDate
2025-02-03 12:08:29 [main] DEBUG o.h.b.m.internal.BasicValueBinder - Starting `BasicValueBinder#fillSimpleValue` for referredCandiateEmail
2025-02-03 12:08:29 [main] DEBUG o.h.b.m.internal.BasicValueBinder - Starting `BasicValueBinder#fillSimpleValue` for referredCandiateName
2025-02-03 12:08:29 [main] DEBUG o.h.b.m.internal.BasicValueBinder - Starting `BasicValueBinder#fillSimpleValue` for referredPosition
2025-02-03 12:08:29 [main] DEBUG o.h.b.m.internal.BasicValueBinder - Starting `BasicValueBinder#fillSimpleValue` for status
2025-02-03 12:08:29 [main] DEBUG o.h.b.m.internal.BasicValueBinder - Starting `BasicValueBinder#fillSimpleValue` for updatedDate
2025-02-03 12:08:29 [main] DEBUG o.h.b.m.internal.BasicValueBinder - Starting `BasicValueBinder#fillSimpleValue` for requirementId
2025-02-03 12:08:29 [main] DEBUG o.h.b.m.internal.BasicValueBinder - Starting `BasicValueBinder#fillSimpleValue` for budget
2025-02-03 12:08:29 [main] DEBUG o.h.b.m.internal.BasicValueBinder - Starting `BasicValueBinder#fillSimpleValue` for createdAt
2025-02-03 12:08:29 [main] DEBUG o.h.b.m.internal.BasicValueBinder - Starting `BasicValueBinder#fillSimpleValue` for timeline
2025-02-03 12:08:29 [main] DEBUG o.h.b.m.internal.BasicValueBinder - Starting `BasicValueBinder#fillSimpleValue` for totalRequiredResourceCount
2025-02-03 12:08:29 [main] DEBUG o.h.b.m.internal.BasicValueBinder - Starting `BasicValueBinder#fillSimpleValue` for roleId
2025-02-03 12:08:29 [main] DEBUG o.h.b.m.internal.BasicValueBinder - Starting `BasicValueBinder#fillSimpleValue` for roleDescription
2025-02-03 12:08:29 [main] DEBUG o.h.b.m.internal.BasicValueBinder - Starting `BasicValueBinder#fillSimpleValue` for roleName
2025-02-03 12:08:29 [main] DEBUG o.h.b.m.internal.BasicValueBinder - Starting `BasicValueBinder#fillSimpleValue` for scoreId
2025-02-03 12:08:29 [main] DEBUG o.h.b.m.internal.BasicValueBinder - Starting `BasicValueBinder#fillSimpleValue` for Remarks
2025-02-03 12:08:29 [main] DEBUG o.h.b.m.internal.BasicValueBinder - Starting `BasicValueBinder#fillSimpleValue` for Score
2025-02-03 12:08:29 [main] DEBUG o.h.b.m.internal.BasicValueBinder - Starting `BasicValueBinder#fillSimpleValue` for Status
2025-02-03 12:08:29 [main] DEBUG o.h.b.m.internal.BasicValueBinder - Starting `BasicValueBinder#fillSimpleValue` for assessmentRescheduleReason
2025-02-03 12:08:29 [main] DEBUG o.h.b.m.internal.BasicValueBinder - Starting `BasicValueBinder#fillSimpleValue` for passkey
2025-02-03 12:08:29 [main] DEBUG o.h.b.m.internal.BasicValueBinder - Starting `BasicValueBinder#fillSimpleValue` for subRequirementId
2025-02-03 12:08:29 [main] DEBUG o.h.b.m.internal.BasicValueBinder - Starting `BasicValueBinder#fillSimpleValue` for resourceCount
2025-02-03 12:08:29 [main] DEBUG o.h.b.m.internal.BasicValueBinder - Starting `BasicValueBinder#fillSimpleValue` for role
2025-02-03 12:08:29 [main] DEBUG o.h.b.m.internal.BasicValueBinder - Starting `BasicValueBinder#fillSimpleValue` for thirdPartyCredentialsId
2025-02-03 12:08:29 [main] DEBUG o.h.b.m.internal.BasicValueBinder - Starting `BasicValueBinder#fillSimpleValue` for email
2025-02-03 12:08:29 [main] DEBUG o.h.b.m.internal.BasicValueBinder - Starting `BasicValueBinder#fillSimpleValue` for expirationTime
2025-02-03 12:08:29 [main] DEBUG o.h.b.m.internal.BasicValueBinder - Starting `BasicValueBinder#fillSimpleValue` for isPasswordChanged
2025-02-03 12:08:29 [main] DEBUG o.h.b.m.internal.BasicValueBinder - Starting `BasicValueBinder#fillSimpleValue` for otp
2025-02-03 12:08:29 [main] DEBUG o.h.b.m.internal.BasicValueBinder - Starting `BasicValueBinder#fillSimpleValue` for password
2025-02-03 12:08:29 [main] DEBUG o.h.b.m.internal.BasicValueBinder - Starting `BasicValueBinder#fillSimpleValue` for username
2025-02-03 12:08:29 [main] DEBUG o.h.b.m.internal.BasicValueBinder - Starting `BasicValueBinder#fillSimpleValue` for thirdPartyRoleId
2025-02-03 12:08:29 [main] DEBUG o.h.b.m.internal.BasicValueBinder - Starting `BasicValueBinder#fillSimpleValue` for role
2025-02-03 12:08:29 [main] DEBUG o.h.b.m.internal.BasicValueBinder - Starting `BasicValueBinder#fillSimpleValue` for vendorId
2025-02-03 12:08:29 [main] DEBUG o.h.b.m.internal.BasicValueBinder - Starting `BasicValueBinder#fillSimpleValue` for address
2025-02-03 12:08:29 [main] DEBUG o.h.b.m.internal.BasicValueBinder - Starting `BasicValueBinder#fillSimpleValue` for contactName
2025-02-03 12:08:29 [main] DEBUG o.h.b.m.internal.BasicValueBinder - Starting `BasicValueBinder#fillSimpleValue` for contactNumber
2025-02-03 12:08:29 [main] DEBUG o.h.b.m.internal.BasicValueBinder - Starting `BasicValueBinder#fillSimpleValue` for isPasswordChanged
2025-02-03 12:08:29 [main] DEBUG o.h.b.m.internal.BasicValueBinder - Starting `BasicValueBinder#fillSimpleValue` for organizationName
2025-02-03 12:08:29 [main] DEBUG o.h.b.m.internal.BasicValueBinder - Starting `BasicValueBinder#fillSimpleValue` for taxIdentifyNumber
2025-02-03 12:08:29 [main] DEBUG o.h.b.m.internal.BasicValueBinder - Starting `BasicValueBinder#fillSimpleValue` for vendorOrganizationLogo
2025-02-03 12:08:29 [main] DEBUG o.h.b.m.internal.BasicValueBinder - Starting `BasicValueBinder#fillSimpleValue` for websiteUrl
2025-02-03 12:08:29 [main] DEBUG o.h.b.m.internal.BasicValueBinder - Starting `BasicValueBinder#fillSimpleValue` for vendorPerformanceId
2025-02-03 12:08:29 [main] DEBUG o.h.b.m.internal.BasicValueBinder - Starting `BasicValueBinder#fillSimpleValue` for grade
2025-02-03 12:08:29 [main] DEBUG o.h.b.m.internal.BasicValueBinder - Starting `BasicValueBinder#fillSimpleValue` for overallPerformance
2025-02-03 12:08:29 [main] DEBUG o.h.b.m.internal.BasicValueBinder - Starting `BasicValueBinder#fillSimpleValue` for updatedDate
2025-02-03 12:08:29 [main] DEBUG o.h.b.m.internal.BasicValueBinder - Starting `BasicValueBinder#fillSimpleValue` for VendorPerformanceHistoryId
2025-02-03 12:08:29 [main] DEBUG o.h.b.m.internal.BasicValueBinder - Starting `BasicValueBinder#fillSimpleValue` for assignedDate
2025-02-03 12:08:29 [main] DEBUG o.h.b.m.internal.BasicValueBinder - Starting `BasicValueBinder#fillSimpleValue` for closedDate
2025-02-03 12:08:29 [main] DEBUG o.h.b.m.internal.BasicValueBinder - Starting `BasicValueBinder#fillSimpleValue` for collectiveScore
2025-02-03 12:08:29 [main] DEBUG o.h.b.m.internal.BasicValueBinder - Starting `BasicValueBinder#fillSimpleValue` for grade
2025-02-03 12:08:29 [main] DEBUG o.h.b.m.internal.BasicValueBinder - Starting `BasicValueBinder#fillSimpleValue` for offerAcceptanceRate
2025-02-03 12:08:29 [main] DEBUG o.h.b.m.internal.BasicValueBinder - Starting `BasicValueBinder#fillSimpleValue` for timeToFill
2025-02-03 12:08:29 [main] DEBUG o.h.b.m.internal.BasicValueBinder - Starting `BasicValueBinder#fillSimpleValue` for updatedDate
2025-02-03 12:08:29 [main] DEBUG o.h.b.m.internal.BasicValueBinder - Starting `BasicValueBinder#fillSimpleValue` for workflowId
2025-02-03 12:08:29 [main] DEBUG o.h.b.m.internal.BasicValueBinder - Starting `BasicValueBinder#fillSimpleValue` for count
2025-02-03 12:08:29 [main] DEBUG o.h.b.m.internal.BasicValueBinder - Starting `BasicValueBinder#fillSimpleValue` for reason
2025-02-03 12:08:29 [main] DEBUG o.h.b.m.internal.BasicValueBinder - Starting `BasicValueBinder#fillSimpleValue` for status
2025-02-03 12:08:29 [main] DEBUG o.h.b.m.internal.BasicValueBinder - Starting `BasicValueBinder#fillSimpleValue` for workFlowType
2025-02-03 12:08:29 [main] DEBUG org.hibernate.mapping.PrimaryKey - Forcing column [admin_id] to be non-null as it is part of the primary key for table [admins]
2025-02-03 12:08:29 [main] DEBUG org.hibernate.mapping.PrimaryKey - Forcing column [approver_id] to be non-null as it is part of the primary key for table [approver_level]
2025-02-03 12:08:29 [main] DEBUG org.hibernate.mapping.PrimaryKey - Forcing column [assessment_id] to be non-null as it is part of the primary key for table [assessment]
2025-02-03 12:08:29 [main] DEBUG org.hibernate.mapping.PrimaryKey - Forcing column [basic_job_table_id] to be non-null as it is part of the primary key for table [basic_job_table]
2025-02-03 12:08:29 [main] DEBUG org.hibernate.mapping.PrimaryKey - Forcing column [budget_id] to be non-null as it is part of the primary key for table [budget]
2025-02-03 12:08:29 [main] DEBUG org.hibernate.mapping.PrimaryKey - Forcing column [businessunit_id] to be non-null as it is part of the primary key for table [business_units]
2025-02-03 12:08:29 [main] DEBUG org.hibernate.mapping.PrimaryKey - Forcing column [candidate_id] to be non-null as it is part of the primary key for table [candidate]
2025-02-03 12:08:29 [main] DEBUG org.hibernate.mapping.PrimaryKey - Forcing column [candidate360id] to be non-null as it is part of the primary key for table [candidate360]
2025-02-03 12:08:29 [main] DEBUG org.hibernate.mapping.PrimaryKey - Forcing column [candidate360question_bank_id] to be non-null as it is part of the primary key for table [candidate360question_bank]
2025-02-03 12:08:29 [main] DEBUG org.hibernate.mapping.PrimaryKey - Forcing column [candidate_document_id] to be non-null as it is part of the primary key for table [candidate_documents]
2025-02-03 12:08:29 [main] DEBUG org.hibernate.mapping.PrimaryKey - Forcing column [candidate_status_id] to be non-null as it is part of the primary key for table [candidate_status]
2025-02-03 12:08:29 [main] DEBUG org.hibernate.mapping.PrimaryKey - Forcing column [client_id] to be non-null as it is part of the primary key for table [client_tbl]
2025-02-03 12:08:29 [main] DEBUG org.hibernate.mapping.PrimaryKey - Forcing column [client_organization_id] to be non-null as it is part of the primary key for table [client_organization_tbl]
2025-02-03 12:08:29 [main] DEBUG org.hibernate.mapping.PrimaryKey - Forcing column [department_id] to be non-null as it is part of the primary key for table [departments]
2025-02-03 12:08:29 [main] DEBUG org.hibernate.mapping.PrimaryKey - Forcing column [documents_id] to be non-null as it is part of the primary key for table [documents_proof]
2025-02-03 12:08:29 [main] DEBUG org.hibernate.mapping.PrimaryKey - Forcing column [employee_id] to be non-null as it is part of the primary key for table [employees]
2025-02-03 12:08:29 [main] DEBUG org.hibernate.mapping.PrimaryKey - Forcing column [experience_id] to be non-null as it is part of the primary key for table [experience]
2025-02-03 12:08:29 [main] DEBUG org.hibernate.mapping.PrimaryKey - Forcing column [familydetails_id] to be non-null as it is part of the primary key for table [familydetails]
2025-02-03 12:08:29 [main] DEBUG org.hibernate.mapping.PrimaryKey - Forcing column [interview_id] to be non-null as it is part of the primary key for table [interview]
2025-02-03 12:08:29 [main] DEBUG org.hibernate.mapping.PrimaryKey - Forcing column [interviewer_id] to be non-null as it is part of the primary key for table [interviewer]
2025-02-03 12:08:29 [main] DEBUG org.hibernate.mapping.PrimaryKey - Forcing column [job_description_id] to be non-null as it is part of the primary key for table [job_description_table]
2025-02-03 12:08:29 [main] DEBUG org.hibernate.mapping.PrimaryKey - Forcing column [job_posting_id] to be non-null as it is part of the primary key for table [job_posting]
2025-02-03 12:08:29 [main] DEBUG org.hibernate.mapping.PrimaryKey - Forcing column [job_id] to be non-null as it is part of the primary key for table [job_titles]
2025-02-03 12:08:29 [main] DEBUG org.hibernate.mapping.PrimaryKey - Forcing column [user_id] to be non-null as it is part of the primary key for table [login_credentials]
2025-02-03 12:08:29 [main] DEBUG org.hibernate.mapping.PrimaryKey - Forcing column [mrf_id] to be non-null as it is part of the primary key for table [mrf_table]
2025-02-03 12:08:29 [main] DEBUG org.hibernate.mapping.PrimaryKey - Forcing column [mrf_agreement_id] to be non-null as it is part of the primary key for table [mrf_agreement_table]
2025-02-03 12:08:29 [main] DEBUG org.hibernate.mapping.PrimaryKey - Forcing column [mrf_candidate_id] to be non-null as it is part of the primary key for table [mrfcandidate]
2025-02-03 12:08:29 [main] DEBUG org.hibernate.mapping.PrimaryKey - Forcing column [mrf_criteria_id] to be non-null as it is part of the primary key for table [mrf_criteria_table]
2025-02-03 12:08:29 [main] DEBUG org.hibernate.mapping.PrimaryKey - Forcing column [mrf_jd_id] to be non-null as it is part of the primary key for table [mrf_jd]
2025-02-03 12:08:29 [main] DEBUG org.hibernate.mapping.PrimaryKey - Forcing column [mrf_recruiters_id] to be non-null as it is part of the primary key for table [mrf_recruiters_table]
2025-02-03 12:08:29 [main] DEBUG org.hibernate.mapping.PrimaryKey - Forcing column [mrf_recruiting_manager_id] to be non-null as it is part of the primary key for table [mrf_recruiting_manager_table]
2025-02-03 12:08:29 [main] DEBUG org.hibernate.mapping.PrimaryKey - Forcing column [mrf_status_id] to be non-null as it is part of the primary key for table [mrf_status_table]
2025-02-03 12:08:29 [main] DEBUG org.hibernate.mapping.PrimaryKey - Forcing column [mrf_vendor_id] to be non-null as it is part of the primary key for table [mrf_vendor_table]
2025-02-03 12:08:29 [main] DEBUG org.hibernate.mapping.PrimaryKey - Forcing column [notification_id] to be non-null as it is part of the primary key for table [notifications]
2025-02-03 12:08:29 [main] DEBUG org.hibernate.mapping.PrimaryKey - Forcing column [offer_id] to be non-null as it is part of the primary key for table [offer]
2025-02-03 12:08:29 [main] DEBUG org.hibernate.mapping.PrimaryKey - Forcing column [offer_approval_id] to be non-null as it is part of the primary key for table [offer_approval]
2025-02-03 12:08:29 [main] DEBUG org.hibernate.mapping.PrimaryKey - Forcing column [organization_id] to be non-null as it is part of the primary key for table [organizations]
2025-02-03 12:08:29 [main] DEBUG org.hibernate.mapping.PrimaryKey - Forcing column [location_id] to be non-null as it is part of the primary key for table [organization_location]
2025-02-03 12:08:29 [main] DEBUG org.hibernate.mapping.PrimaryKey - Forcing column [personal_info_id] to be non-null as it is part of the primary key for table [personal_information]
2025-02-03 12:08:29 [main] DEBUG org.hibernate.mapping.PrimaryKey - Forcing column [qualification_id] to be non-null as it is part of the primary key for table [qualifications]
2025-02-03 12:08:29 [main] DEBUG org.hibernate.mapping.PrimaryKey - Forcing column [recruiter_overall_performance_id] to be non-null as it is part of the primary key for table [recruiter_overall_performance]
2025-02-03 12:08:29 [main] DEBUG org.hibernate.mapping.PrimaryKey - Forcing column [recruiter_performance_id] to be non-null as it is part of the primary key for table [recruiter_performance]
2025-02-03 12:08:29 [main] DEBUG org.hibernate.mapping.PrimaryKey - Forcing column [recruitment_process_id] to be non-null as it is part of the primary key for table [recruitment_process]
2025-02-03 12:08:29 [main] DEBUG org.hibernate.mapping.PrimaryKey - Forcing column [referral_id] to be non-null as it is part of the primary key for table [referrals]
2025-02-03 12:08:29 [main] DEBUG org.hibernate.mapping.PrimaryKey - Forcing column [requirement_id] to be non-null as it is part of the primary key for table [requirements]
2025-02-03 12:08:29 [main] DEBUG org.hibernate.mapping.PrimaryKey - Forcing column [role_id] to be non-null as it is part of the primary key for table [roles]
2025-02-03 12:08:29 [main] DEBUG org.hibernate.mapping.PrimaryKey - Forcing column [score_id] to be non-null as it is part of the primary key for table [score]
2025-02-03 12:08:29 [main] DEBUG org.hibernate.mapping.PrimaryKey - Forcing column [sub_requirement_id] to be non-null as it is part of the primary key for table [sub_requirements]
2025-02-03 12:08:29 [main] DEBUG org.hibernate.mapping.PrimaryKey - Forcing column [third_party_credentials_id] to be non-null as it is part of the primary key for table [third_party_credentials]
2025-02-03 12:08:29 [main] DEBUG org.hibernate.mapping.PrimaryKey - Forcing column [third_party_role_id] to be non-null as it is part of the primary key for table [third_party_role]
2025-02-03 12:08:29 [main] DEBUG org.hibernate.mapping.PrimaryKey - Forcing column [vendor_id] to be non-null as it is part of the primary key for table [vendors]
2025-02-03 12:08:29 [main] DEBUG org.hibernate.mapping.PrimaryKey - Forcing column [vendor_performance_id] to be non-null as it is part of the primary key for table [vendor_performance]
2025-02-03 12:08:29 [main] DEBUG org.hibernate.mapping.PrimaryKey - Forcing column [vendor_performance_history_id] to be non-null as it is part of the primary key for table [vendor_performance_history]
2025-02-03 12:08:29 [main] DEBUG org.hibernate.mapping.PrimaryKey - Forcing column [workflow_id] to be non-null as it is part of the primary key for table [work_flow]
2025-02-03 12:08:29 [main] DEBUG o.h.b.m.i.CollectionSecondPass - Second pass for collection: com.rts.tap.model.Requirement.subrequirement
2025-02-03 12:08:29 [main] DEBUG o.h.b.m.internal.CollectionBinder - Binding a OneToMany: com.rts.tap.model.Requirement.subrequirement through a foreign key
2025-02-03 12:08:29 [main] DEBUG o.h.b.m.internal.CollectionBinder - Mapping collection: com.rts.tap.model.Requirement.subrequirement -> sub_requirements
2025-02-03 12:08:29 [main] DEBUG o.h.b.m.i.CollectionSecondPass - Mapped collection key: requirement_id, one-to-many: com.rts.tap.model.SubRequirements
2025-02-03 12:08:29 [main] DEBUG o.h.b.m.i.CollectionSecondPass - Second pass for collection: com.rts.tap.model.RecruitmentProcess.interviewer
2025-02-03 12:08:29 [main] DEBUG o.h.b.m.internal.CollectionBinder - Binding a OneToMany: com.rts.tap.model.RecruitmentProcess.interviewer through an association table
2025-02-03 12:08:29 [main] DEBUG o.h.b.r.c.i.ClassLoaderServiceImpl - HHH000194: Package not found or no package-info.java: com.rts.tap.model
2025-02-03 12:08:29 [main] DEBUG o.h.b.m.i.CollectionSecondPass - Mapped collection key: recruitment_process_recruitment_process_id, element: interviewer_interviewer_id
2025-02-03 12:08:29 [main] DEBUG o.h.b.m.i.CollectionSecondPass - Second pass for collection: com.rts.tap.model.MRFCandidate.candidate
2025-02-03 12:08:29 [main] DEBUG o.h.b.m.internal.CollectionBinder - Binding a ManyToMany: com.rts.tap.model.MRFCandidate.candidate
2025-02-03 12:08:29 [main] DEBUG o.h.b.r.c.i.ClassLoaderServiceImpl - HHH000194: Package not found or no package-info.java: com.rts.tap.model
2025-02-03 12:08:29 [main] DEBUG o.h.b.m.i.CollectionSecondPass - Mapped collection key: mrf_candidate_id, element: candidate_id
2025-02-03 12:08:29 [main] DEBUG o.h.b.m.i.CollectionSecondPass - Second pass for collection: com.rts.tap.model.Employee.qualification
2025-02-03 12:08:29 [main] DEBUG o.h.b.m.internal.CollectionBinder - Binding a OneToMany: com.rts.tap.model.Employee.qualification through an association table
2025-02-03 12:08:29 [main] DEBUG o.h.b.r.c.i.ClassLoaderServiceImpl - HHH000194: Package not found or no package-info.java: com.rts.tap.model
2025-02-03 12:08:29 [main] DEBUG o.h.b.m.i.CollectionSecondPass - Mapped collection key: employee_employee_id, element: qualification_qualification_id
2025-02-03 12:08:29 [main] DEBUG o.h.b.m.i.CollectionSecondPass - Second pass for collection: com.rts.tap.model.Employee.familyDetails
2025-02-03 12:08:29 [main] DEBUG o.h.b.m.internal.CollectionBinder - Binding a OneToMany: com.rts.tap.model.Employee.familyDetails through an association table
2025-02-03 12:08:29 [main] DEBUG o.h.b.r.c.i.ClassLoaderServiceImpl - HHH000194: Package not found or no package-info.java: com.rts.tap.model
2025-02-03 12:08:29 [main] DEBUG o.h.b.m.i.CollectionSecondPass - Mapped collection key: employee_employee_id, element: family_details_familydetails_id
2025-02-03 12:08:29 [main] DEBUG o.h.b.m.i.CollectionSecondPass - Second pass for collection: com.rts.tap.model.Employee.experience
2025-02-03 12:08:29 [main] DEBUG o.h.b.m.internal.CollectionBinder - Binding a OneToMany: com.rts.tap.model.Employee.experience through an association table
2025-02-03 12:08:29 [main] DEBUG o.h.b.r.c.i.ClassLoaderServiceImpl - HHH000194: Package not found or no package-info.java: com.rts.tap.model
2025-02-03 12:08:29 [main] DEBUG o.h.b.m.i.CollectionSecondPass - Mapped collection key: employee_employee_id, element: experience_experience_id
2025-02-03 12:08:29 [main] DEBUG o.h.b.m.i.CollectionSecondPass - Second pass for collection: com.rts.tap.model.Employee.documents
2025-02-03 12:08:29 [main] DEBUG o.h.b.m.internal.CollectionBinder - Binding a OneToMany: com.rts.tap.model.Employee.documents through an association table
2025-02-03 12:08:29 [main] DEBUG o.h.b.r.c.i.ClassLoaderServiceImpl - HHH000194: Package not found or no package-info.java: com.rts.tap.model
2025-02-03 12:08:29 [main] DEBUG o.h.b.m.i.CollectionSecondPass - Mapped collection key: employee_employee_id, element: documents_documents_id
2025-02-03 12:08:29 [main] DEBUG o.h.b.m.i.CollectionSecondPass - Second pass for collection: com.rts.tap.model.Candidate.certifications
2025-02-03 12:08:29 [main] DEBUG o.h.b.m.internal.CollectionBinder - Binding a collection of element: com.rts.tap.model.Candidate.certifications
2025-02-03 12:08:29 [main] DEBUG o.h.b.r.c.i.ClassLoaderServiceImpl - HHH000194: Package not found or no package-info.java: com.rts.tap.model
2025-02-03 12:08:29 [main] DEBUG o.h.b.m.i.CollectionPropertyHolder - Attempting to locate auto-apply AttributeConverter for collection element [com.rts.tap.model.Candidate.certifications]
2025-02-03 12:08:29 [main] DEBUG o.h.b.m.internal.BasicValueBinder - building BasicValue for null
2025-02-03 12:08:29 [main] DEBUG org.hibernate.mapping.BasicValue - Skipping column re-registration: candidate_certifications.certification
2025-02-03 12:08:29 [main] DEBUG o.h.b.m.internal.BasicValueBinder - Starting `BasicValueBinder#fillSimpleValue` for null
2025-02-03 12:08:29 [main] DEBUG o.h.b.m.i.CollectionSecondPass - Mapped collection key: candidate_id, element: certification
2025-02-03 12:08:29 [main] DEBUG o.h.b.m.i.CollectionSecondPass - Second pass for collection: com.rts.tap.model.Candidate.MrfJd
2025-02-03 12:08:29 [main] DEBUG o.h.b.m.internal.CollectionBinder - Binding a ManyToMany: com.rts.tap.model.Candidate.MrfJd
2025-02-03 12:08:29 [main] DEBUG o.h.b.r.c.i.ClassLoaderServiceImpl - HHH000194: Package not found or no package-info.java: com.rts.tap.model
2025-02-03 12:08:29 [main] DEBUG o.h.b.m.i.CollectionSecondPass - Mapped collection key: candidate_id, element: mrf_jd_id
2025-02-03 12:08:29 [main] DEBUG o.h.internal.SessionFactoryImpl - Building session factory
2025-02-03 12:08:29 [main] DEBUG o.h.s.i.SessionFactoryServiceRegistryImpl - EventListenerRegistry access via ServiceRegistry is deprecated.  Use `sessionFactory.getEventEngine().getListenerRegistry()` instead
2025-02-03 12:08:29 [main] DEBUG o.h.internal.SessionFactoryImpl - Instantiating SessionFactory with settings: {java.specification.version=17, sun.cpu.isalist=amd64, hibernate.resource.beans.container=org.springframework.orm.hibernate5.SpringBeanContainer@22fe90df, hibernate.connection.handling_mode=DELAYED_ACQUISITION_AND_HOLD, sun.jnu.encoding=Cp1252, hibernate.dialect=org.hibernate.dialect.MySQL8Dialect, hibernate.implicit_naming_strategy=org.springframework.boot.orm.jpa.hibernate.SpringImplicitNamingStrategy, java.class.path=C:\Users\keerthana.prabu\Downloads\mrf-service\target\test-classes;C:\Users\keerthana.prabu\Downloads\mrf-service\target\classes;C:\Users\keerthana.prabu\.m2\repository\org\springframework\boot\spring-boot-starter-data-jpa\3.4.1\spring-boot-starter-data-jpa-3.4.1.jar;C:\Users\keerthana.prabu\.m2\repository\org\springframework\boot\spring-boot-starter\3.4.1\spring-boot-starter-3.4.1.jar;C:\Users\keerthana.prabu\.m2\repository\org\springframework\boot\spring-boot\3.4.1\spring-boot-3.4.1.jar;C:\Users\keerthana.prabu\.m2\repository\org\springframework\boot\spring-boot-autoconfigure\3.4.1\spring-boot-autoconfigure-3.4.1.jar;C:\Users\keerthana.prabu\.m2\repository\org\springframework\boot\spring-boot-starter-logging\3.4.1\spring-boot-starter-logging-3.4.1.jar;C:\Users\keerthana.prabu\.m2\repository\ch\qos\logback\logback-classic\1.5.12\logback-classic-1.5.12.jar;C:\Users\keerthana.prabu\.m2\repository\ch\qos\logback\logback-core\1.5.12\logback-core-1.5.12.jar;C:\Users\keerthana.prabu\.m2\repository\org\apache\logging\log4j\log4j-to-slf4j\2.24.3\log4j-to-slf4j-2.24.3.jar;C:\Users\keerthana.prabu\.m2\repository\org\slf4j\jul-to-slf4j\2.0.16\jul-to-slf4j-2.0.16.jar;C:\Users\keerthana.prabu\.m2\repository\jakarta\annotation\jakarta.annotation-api\2.1.1\jakarta.annotation-api-2.1.1.jar;C:\Users\keerthana.prabu\.m2\repository\org\yaml\snakeyaml\2.3\snakeyaml-2.3.jar;C:\Users\keerthana.prabu\.m2\repository\org\springframework\boot\spring-boot-starter-jdbc\3.4.1\spring-boot-starter-jdbc-3.4.1.jar;C:\Users\keerthana.prabu\.m2\repository\com\zaxxer\HikariCP\5.1.0\HikariCP-5.1.0.jar;C:\Users\keerthana.prabu\.m2\repository\org\springframework\spring-jdbc\6.2.1\spring-jdbc-6.2.1.jar;C:\Users\keerthana.prabu\.m2\repository\org\hibernate\orm\hibernate-core\6.6.4.Final\hibernate-core-6.6.4.Final.jar;C:\Users\keerthana.prabu\.m2\repository\jakarta\transaction\jakarta.transaction-api\2.0.1\jakarta.transaction-api-2.0.1.jar;C:\Users\keerthana.prabu\.m2\repository\org\jboss\logging\jboss-logging\3.6.1.Final\jboss-logging-3.6.1.Final.jar;C:\Users\keerthana.prabu\.m2\repository\org\hibernate\common\hibernate-commons-annotations\7.0.3.Final\hibernate-commons-annotations-7.0.3.Final.jar;C:\Users\keerthana.prabu\.m2\repository\io\smallrye\jandex\3.2.0\jandex-3.2.0.jar;C:\Users\keerthana.prabu\.m2\repository\com\fasterxml\classmate\1.7.0\classmate-1.7.0.jar;C:\Users\keerthana.prabu\.m2\repository\org\glassfish\jaxb\jaxb-runtime\4.0.5\jaxb-runtime-4.0.5.jar;C:\Users\keerthana.prabu\.m2\repository\org\glassfish\jaxb\jaxb-core\4.0.5\jaxb-core-4.0.5.jar;C:\Users\keerthana.prabu\.m2\repository\org\glassfish\jaxb\txw2\4.0.5\txw2-4.0.5.jar;C:\Users\keerthana.prabu\.m2\repository\com\sun\istack\istack-commons-runtime\4.1.2\istack-commons-runtime-4.1.2.jar;C:\Users\keerthana.prabu\.m2\repository\jakarta\inject\jakarta.inject-api\2.0.1\jakarta.inject-api-2.0.1.jar;C:\Users\keerthana.prabu\.m2\repository\org\antlr\antlr4-runtime\4.13.0\antlr4-runtime-4.13.0.jar;C:\Users\keerthana.prabu\.m2\repository\org\springframework\data\spring-data-jpa\3.4.1\spring-data-jpa-3.4.1.jar;C:\Users\keerthana.prabu\.m2\repository\org\springframework\data\spring-data-commons\3.4.1\spring-data-commons-3.4.1.jar;C:\Users\keerthana.prabu\.m2\repository\org\springframework\spring-orm\6.2.1\spring-orm-6.2.1.jar;C:\Users\keerthana.prabu\.m2\repository\org\springframework\spring-context\6.2.1\spring-context-6.2.1.jar;C:\Users\keerthana.prabu\.m2\repository\org\springframework\spring-tx\6.2.1\spring-tx-6.2.1.jar;C:\Users\keerthana.prabu\.m2\repository\org\springframework\spring-beans\6.2.1\spring-beans-6.2.1.jar;C:\Users\keerthana.prabu\.m2\repository\org\springframework\spring-aspects\6.2.1\spring-aspects-6.2.1.jar;C:\Users\keerthana.prabu\.m2\repository\org\aspectj\aspectjweaver\1.9.22.1\aspectjweaver-1.9.22.1.jar;C:\Users\keerthana.prabu\.m2\repository\org\springframework\boot\spring-boot-starter-web\3.4.1\spring-boot-starter-web-3.4.1.jar;C:\Users\keerthana.prabu\.m2\repository\org\springframework\boot\spring-boot-starter-json\3.4.1\spring-boot-starter-json-3.4.1.jar;C:\Users\keerthana.prabu\.m2\repository\com\fasterxml\jackson\datatype\jackson-datatype-jdk8\2.18.2\jackson-datatype-jdk8-2.18.2.jar;C:\Users\keerthana.prabu\.m2\repository\com\fasterxml\jackson\datatype\jackson-datatype-jsr310\2.18.2\jackson-datatype-jsr310-2.18.2.jar;C:\Users\keerthana.prabu\.m2\repository\com\fasterxml\jackson\module\jackson-module-parameter-names\2.18.2\jackson-module-parameter-names-2.18.2.jar;C:\Users\keerthana.prabu\.m2\repository\org\springframework\boot\spring-boot-starter-tomcat\3.4.1\spring-boot-starter-tomcat-3.4.1.jar;C:\Users\keerthana.prabu\.m2\repository\org\apache\tomcat\embed\tomcat-embed-core\10.1.34\tomcat-embed-core-10.1.34.jar;C:\Users\keerthana.prabu\.m2\repository\org\apache\tomcat\embed\tomcat-embed-el\10.1.34\tomcat-embed-el-10.1.34.jar;C:\Users\keerthana.prabu\.m2\repository\org\apache\tomcat\embed\tomcat-embed-websocket\10.1.34\tomcat-embed-websocket-10.1.34.jar;C:\Users\keerthana.prabu\.m2\repository\org\springframework\spring-web\6.2.1\spring-web-6.2.1.jar;C:\Users\keerthana.prabu\.m2\repository\io\micrometer\micrometer-observation\1.14.2\micrometer-observation-1.14.2.jar;C:\Users\keerthana.prabu\.m2\repository\io\micrometer\micrometer-commons\1.14.2\micrometer-commons-1.14.2.jar;C:\Users\keerthana.prabu\.m2\repository\org\springframework\spring-webmvc\6.2.1\spring-webmvc-6.2.1.jar;C:\Users\keerthana.prabu\.m2\repository\org\springframework\spring-expression\6.2.1\spring-expression-6.2.1.jar;C:\Users\keerthana.prabu\.m2\repository\org\apache\commons\commons-csv\1.10.0\commons-csv-1.10.0.jar;C:\Users\keerthana.prabu\.m2\repository\org\springframework\boot\spring-boot-starter-web-services\3.4.1\spring-boot-starter-web-services-3.4.1.jar;C:\Users\keerthana.prabu\.m2\repository\com\sun\xml\messaging\saaj\saaj-impl\3.0.4\saaj-impl-3.0.4.jar;C:\Users\keerthana.prabu\.m2\repository\jakarta\xml\soap\jakarta.xml.soap-api\3.0.2\jakarta.xml.soap-api-3.0.2.jar;C:\Users\keerthana.prabu\.m2\repository\org\jvnet\staxex\stax-ex\2.1.0\stax-ex-2.1.0.jar;C:\Users\keerthana.prabu\.m2\repository\jakarta\activation\jakarta.activation-api\2.1.3\jakarta.activation-api-2.1.3.jar;C:\Users\keerthana.prabu\.m2\repository\org\eclipse\angus\angus-activation\2.0.2\angus-activation-2.0.2.jar;C:\Users\keerthana.prabu\.m2\repository\jakarta\xml\ws\jakarta.xml.ws-api\4.0.2\jakarta.xml.ws-api-4.0.2.jar;C:\Users\keerthana.prabu\.m2\repository\org\springframework\spring-oxm\6.2.1\spring-oxm-6.2.1.jar;C:\Users\keerthana.prabu\.m2\repository\org\springframework\ws\spring-ws-core\4.0.11\spring-ws-core-4.0.11.jar;C:\Users\keerthana.prabu\.m2\repository\org\springframework\ws\spring-xml\4.0.11\spring-xml-4.0.11.jar;C:\Users\keerthana.prabu\.m2\repository\org\springframework\boot\spring-boot-starter-mail\3.4.1\spring-boot-starter-mail-3.4.1.jar;C:\Users\keerthana.prabu\.m2\repository\org\springframework\spring-context-support\6.2.1\spring-context-support-6.2.1.jar;C:\Users\keerthana.prabu\.m2\repository\org\eclipse\angus\jakarta.mail\2.0.3\jakarta.mail-2.0.3.jar;C:\Users\keerthana.prabu\.m2\repository\org\springframework\boot\spring-boot-starter-data-mongodb\3.4.1\spring-boot-starter-data-mongodb-3.4.1.jar;C:\Users\keerthana.prabu\.m2\repository\org\mongodb\mongodb-driver-sync\5.2.1\mongodb-driver-sync-5.2.1.jar;C:\Users\keerthana.prabu\.m2\repository\org\mongodb\bson\5.2.1\bson-5.2.1.jar;C:\Users\keerthana.prabu\.m2\repository\org\mongodb\mongodb-driver-core\5.2.1\mongodb-driver-core-5.2.1.jar;C:\Users\keerthana.prabu\.m2\repository\org\mongodb\bson-record-codec\5.2.1\bson-record-codec-5.2.1.jar;C:\Users\keerthana.prabu\.m2\repository\org\springframework\data\spring-data-mongodb\4.4.1\spring-data-mongodb-4.4.1.jar;C:\Users\keerthana.prabu\.m2\repository\org\springframework\boot\spring-boot-starter-test\3.4.1\spring-boot-starter-test-3.4.1.jar;C:\Users\keerthana.prabu\.m2\repository\org\springframework\boot\spring-boot-test\3.4.1\spring-boot-test-3.4.1.jar;C:\Users\keerthana.prabu\.m2\repository\org\springframework\boot\spring-boot-test-autoconfigure\3.4.1\spring-boot-test-autoconfigure-3.4.1.jar;C:\Users\keerthana.prabu\.m2\repository\com\jayway\jsonpath\json-path\2.9.0\json-path-2.9.0.jar;C:\Users\keerthana.prabu\.m2\repository\jakarta\xml\bind\jakarta.xml.bind-api\4.0.2\jakarta.xml.bind-api-4.0.2.jar;C:\Users\keerthana.prabu\.m2\repository\net\minidev\json-smart\2.5.1\json-smart-2.5.1.jar;C:\Users\keerthana.prabu\.m2\repository\net\minidev\accessors-smart\2.5.1\accessors-smart-2.5.1.jar;C:\Users\keerthana.prabu\.m2\repository\org\ow2\asm\asm\9.6\asm-9.6.jar;C:\Users\keerthana.prabu\.m2\repository\org\assertj\assertj-core\3.26.3\assertj-core-3.26.3.jar;C:\Users\keerthana.prabu\.m2\repository\org\awaitility\awaitility\4.2.2\awaitility-4.2.2.jar;C:\Users\keerthana.prabu\.m2\repository\org\hamcrest\hamcrest\2.2\hamcrest-2.2.jar;C:\Users\keerthana.prabu\.m2\repository\org\skyscreamer\jsonassert\1.5.3\jsonassert-1.5.3.jar;C:\Users\keerthana.prabu\.m2\repository\com\vaadin\external\google\android-json\0.0.20131108.vaadin1\android-json-0.0.20131108.vaadin1.jar;C:\Users\keerthana.prabu\.m2\repository\org\springframework\spring-core\6.2.1\spring-core-6.2.1.jar;C:\Users\keerthana.prabu\.m2\repository\org\springframework\spring-jcl\6.2.1\spring-jcl-6.2.1.jar;C:\Users\keerthana.prabu\.m2\repository\org\springframework\spring-test\6.2.1\spring-test-6.2.1.jar;C:\Users\keerthana.prabu\.m2\repository\org\xmlunit\xmlunit-core\2.10.0\xmlunit-core-2.10.0.jar;C:\Users\keerthana.prabu\.m2\repository\org\mockito\mockito-core\5.14.2\mockito-core-5.14.2.jar;C:\Users\keerthana.prabu\.m2\repository\net\bytebuddy\byte-buddy\1.15.11\byte-buddy-1.15.11.jar;C:\Users\keerthana.prabu\.m2\repository\net\bytebuddy\byte-buddy-agent\1.15.11\byte-buddy-agent-1.15.11.jar;C:\Users\keerthana.prabu\.m2\repository\org\objenesis\objenesis\3.3\objenesis-3.3.jar;C:\Users\keerthana.prabu\.m2\repository\org\springdoc\springdoc-openapi-starter-webmvc-ui\2.5.0\springdoc-openapi-starter-webmvc-ui-2.5.0.jar;C:\Users\keerthana.prabu\.m2\repository\org\springdoc\springdoc-openapi-starter-webmvc-api\2.5.0\springdoc-openapi-starter-webmvc-api-2.5.0.jar;C:\Users\keerthana.prabu\.m2\repository\org\springdoc\springdoc-openapi-starter-common\2.5.0\springdoc-openapi-starter-common-2.5.0.jar;C:\Users\keerthana.prabu\.m2\repository\io\swagger\core\v3\swagger-core-jakarta\2.2.21\swagger-core-jakarta-2.2.21.jar;C:\Users\keerthana.prabu\.m2\repository\io\swagger\core\v3\swagger-annotations-jakarta\2.2.21\swagger-annotations-jakarta-2.2.21.jar;C:\Users\keerthana.prabu\.m2\repository\io\swagger\core\v3\swagger-models-jakarta\2.2.21\swagger-models-jakarta-2.2.21.jar;C:\Users\keerthana.prabu\.m2\repository\jakarta\validation\jakarta.validation-api\3.0.2\jakarta.validation-api-3.0.2.jar;C:\Users\keerthana.prabu\.m2\repository\com\fasterxml\jackson\dataformat\jackson-dataformat-yaml\2.18.2\jackson-dataformat-yaml-2.18.2.jar;C:\Users\keerthana.prabu\.m2\repository\org\webjars\swagger-ui\5.13.0\swagger-ui-5.13.0.jar;C:\Users\keerthana.prabu\.m2\repository\com\opencsv\opencsv\5.7.1\opencsv-5.7.1.jar;C:\Users\keerthana.prabu\.m2\repository\org\apache\commons\commons-lang3\3.17.0\commons-lang3-3.17.0.jar;C:\Users\keerthana.prabu\.m2\repository\org\apache\commons\commons-text\1.10.0\commons-text-1.10.0.jar;C:\Users\keerthana.prabu\.m2\repository\commons-beanutils\commons-beanutils\1.9.4\commons-beanutils-1.9.4.jar;C:\Users\keerthana.prabu\.m2\repository\commons-logging\commons-logging\1.2\commons-logging-1.2.jar;C:\Users\keerthana.prabu\.m2\repository\commons-collections\commons-collections\3.2.2\commons-collections-3.2.2.jar;C:\Users\keerthana.prabu\.m2\repository\org\apache\commons\commons-collections4\4.4\commons-collections4-4.4.jar;C:\Users\keerthana.prabu\.m2\repository\org\apache\poi\poi-ooxml\5.2.3\poi-ooxml-5.2.3.jar;C:\Users\keerthana.prabu\.m2\repository\org\apache\poi\poi\5.2.3\poi-5.2.3.jar;C:\Users\keerthana.prabu\.m2\repository\commons-codec\commons-codec\1.17.1\commons-codec-1.17.1.jar;C:\Users\keerthana.prabu\.m2\repository\org\apache\commons\commons-math3\3.6.1\commons-math3-3.6.1.jar;C:\Users\keerthana.prabu\.m2\repository\com\zaxxer\SparseBitSet\1.2\SparseBitSet-1.2.jar;C:\Users\keerthana.prabu\.m2\repository\org\apache\poi\poi-ooxml-lite\5.2.3\poi-ooxml-lite-5.2.3.jar;C:\Users\keerthana.prabu\.m2\repository\org\apache\xmlbeans\xmlbeans\5.1.1\xmlbeans-5.1.1.jar;C:\Users\keerthana.prabu\.m2\repository\org\apache\commons\commons-compress\1.21\commons-compress-1.21.jar;C:\Users\keerthana.prabu\.m2\repository\commons-io\commons-io\2.11.0\commons-io-2.11.0.jar;C:\Users\keerthana.prabu\.m2\repository\com\github\virtuald\curvesapi\1.07\curvesapi-1.07.jar;C:\Users\keerthana.prabu\.m2\repository\org\apache\logging\log4j\log4j-api\2.24.3\log4j-api-2.24.3.jar;C:\Users\keerthana.prabu\.m2\repository\com\h2database\h2\2.3.232\h2-2.3.232.jar;C:\Users\keerthana.prabu\.m2\repository\com\mysql\mysql-connector-j\9.1.0\mysql-connector-j-9.1.0.jar;C:\Users\keerthana.prabu\.m2\repository\org\junit\jupiter\junit-jupiter\5.11.4\junit-jupiter-5.11.4.jar;C:\Users\keerthana.prabu\.m2\repository\org\junit\jupiter\junit-jupiter-api\5.11.4\junit-jupiter-api-5.11.4.jar;C:\Users\keerthana.prabu\.m2\repository\org\opentest4j\opentest4j\1.3.0\opentest4j-1.3.0.jar;C:\Users\keerthana.prabu\.m2\repository\org\junit\platform\junit-platform-commons\1.11.4\junit-platform-commons-1.11.4.jar;C:\Users\keerthana.prabu\.m2\repository\org\apiguardian\apiguardian-api\1.1.2\apiguardian-api-1.1.2.jar;C:\Users\keerthana.prabu\.m2\repository\org\junit\jupiter\junit-jupiter-params\5.11.4\junit-jupiter-params-5.11.4.jar;C:\Users\keerthana.prabu\.m2\repository\org\junit\jupiter\junit-jupiter-engine\5.11.4\junit-jupiter-engine-5.11.4.jar;C:\Users\keerthana.prabu\.m2\repository\org\junit\platform\junit-platform-engine\1.11.4\junit-platform-engine-1.11.4.jar;C:\Users\keerthana.prabu\.m2\repository\org\mockito\mockito-junit-jupiter\5.14.2\mockito-junit-jupiter-5.14.2.jar;C:\Users\keerthana.prabu\.m2\repository\javax\xml\bind\jaxb-api\2.3.1\jaxb-api-2.3.1.jar;C:\Users\keerthana.prabu\.m2\repository\javax\activation\javax.activation-api\1.2.0\javax.activation-api-1.2.0.jar;C:\Users\keerthana.prabu\.m2\repository\org\javassist\javassist\3.25.0-GA\javassist-3.25.0-GA.jar;C:\Users\keerthana.prabu\.m2\repository\org\springframework\security\spring-security-test\6.4.2\spring-security-test-6.4.2.jar;C:\Users\keerthana.prabu\.m2\repository\org\springframework\security\spring-security-core\6.4.2\spring-security-core-6.4.2.jar;C:\Users\keerthana.prabu\.m2\repository\org\springframework\security\spring-security-crypto\6.4.2\spring-security-crypto-6.4.2.jar;C:\Users\keerthana.prabu\.m2\repository\org\springframework\security\spring-security-web\6.4.2\spring-security-web-6.4.2.jar;C:\Users\keerthana.prabu\.m2\repository\org\springframework\boot\spring-boot-starter-security\3.4.1\spring-boot-starter-security-3.4.1.jar;C:\Users\keerthana.prabu\.m2\repository\org\springframework\spring-aop\6.2.1\spring-aop-6.2.1.jar;C:\Users\keerthana.prabu\.m2\repository\org\springframework\security\spring-security-config\6.4.2\spring-security-config-6.4.2.jar;C:\Users\keerthana.prabu\.m2\repository\io\github\bonigarcia\webdrivermanager\5.9.2\webdrivermanager-5.9.2.jar;C:\Users\keerthana.prabu\.m2\repository\org\slf4j\slf4j-api\2.0.16\slf4j-api-2.0.16.jar;C:\Users\keerthana.prabu\.m2\repository\com\google\code\gson\gson\2.11.0\gson-2.11.0.jar;C:\Users\keerthana.prabu\.m2\repository\com\google\errorprone\error_prone_annotations\2.27.0\error_prone_annotations-2.27.0.jar;C:\Users\keerthana.prabu\.m2\repository\com\github\docker-java\docker-java\3.4.0\docker-java-3.4.0.jar;C:\Users\keerthana.prabu\.m2\repository\com\github\docker-java\docker-java-core\3.4.0\docker-java-core-3.4.0.jar;C:\Users\keerthana.prabu\.m2\repository\com\github\docker-java\docker-java-api\3.4.0\docker-java-api-3.4.0.jar;C:\Users\keerthana.prabu\.m2\repository\com\google\guava\guava\33.3.1-jre\guava-33.3.1-jre.jar;C:\Users\keerthana.prabu\.m2\repository\com\google\guava\failureaccess\1.0.2\failureaccess-1.0.2.jar;C:\Users\keerthana.prabu\.m2\repository\com\google\guava\listenablefuture\9999.0-empty-to-avoid-conflict-with-guava\listenablefuture-9999.0-empty-to-avoid-conflict-with-guava.jar;C:\Users\keerthana.prabu\.m2\repository\com\google\code\findbugs\jsr305\3.0.2\jsr305-3.0.2.jar;C:\Users\keerthana.prabu\.m2\repository\org\checkerframework\checker-qual\3.43.0\checker-qual-3.43.0.jar;C:\Users\keerthana.prabu\.m2\repository\com\google\j2objc\j2objc-annotations\3.0.0\j2objc-annotations-3.0.0.jar;C:\Users\keerthana.prabu\.m2\repository\org\slf4j\jcl-over-slf4j\2.0.16\jcl-over-slf4j-2.0.16.jar;C:\Users\keerthana.prabu\.m2\repository\com\github\docker-java\docker-java-transport-httpclient5\3.4.0\docker-java-transport-httpclient5-3.4.0.jar;C:\Users\keerthana.prabu\.m2\repository\com\github\docker-java\docker-java-transport\3.4.0\docker-java-transport-3.4.0.jar;C:\Users\keerthana.prabu\.m2\repository\net\java\dev\jna\jna\5.13.0\jna-5.13.0.jar;C:\Users\keerthana.prabu\.m2\repository\org\brotli\dec\0.1.2\dec-0.1.2.jar;C:\Users\keerthana.prabu\.m2\repository\org\apache\httpcomponents\client5\httpclient5\5.4.1\httpclient5-5.4.1.jar;C:\Users\keerthana.prabu\.m2\repository\org\apache\httpcomponents\core5\httpcore5\5.3.1\httpcore5-5.3.1.jar;C:\Users\keerthana.prabu\.m2\repository\org\apache\httpcomponents\core5\httpcore5-h2\5.3.1\httpcore5-h2-5.3.1.jar;C:\Users\keerthana.prabu\.m2\repository\org\springframework\boot\spring-boot-starter-webflux\3.4.1\spring-boot-starter-webflux-3.4.1.jar;C:\Users\keerthana.prabu\.m2\repository\org\springframework\boot\spring-boot-starter-reactor-netty\3.4.1\spring-boot-starter-reactor-netty-3.4.1.jar;C:\Users\keerthana.prabu\.m2\repository\io\projectreactor\netty\reactor-netty-http\1.2.1\reactor-netty-http-1.2.1.jar;C:\Users\keerthana.prabu\.m2\repository\io\netty\netty-codec-http\4.1.116.Final\netty-codec-http-4.1.116.Final.jar;C:\Users\keerthana.prabu\.m2\repository\io\netty\netty-common\4.1.116.Final\netty-common-4.1.116.Final.jar;C:\Users\keerthana.prabu\.m2\repository\io\netty\netty-buffer\4.1.116.Final\netty-buffer-4.1.116.Final.jar;C:\Users\keerthana.prabu\.m2\repository\io\netty\netty-transport\4.1.116.Final\netty-transport-4.1.116.Final.jar;C:\Users\keerthana.prabu\.m2\repository\io\netty\netty-codec\4.1.116.Final\netty-codec-4.1.116.Final.jar;C:\Users\keerthana.prabu\.m2\repository\io\netty\netty-handler\4.1.116.Final\netty-handler-4.1.116.Final.jar;C:\Users\keerthana.prabu\.m2\repository\io\netty\netty-codec-http2\4.1.116.Final\netty-codec-http2-4.1.116.Final.jar;C:\Users\keerthana.prabu\.m2\repository\io\netty\netty-resolver-dns\4.1.116.Final\netty-resolver-dns-4.1.116.Final.jar;C:\Users\keerthana.prabu\.m2\repository\io\netty\netty-resolver\4.1.116.Final\netty-resolver-4.1.116.Final.jar;C:\Users\keerthana.prabu\.m2\repository\io\netty\netty-codec-dns\4.1.116.Final\netty-codec-dns-4.1.116.Final.jar;C:\Users\keerthana.prabu\.m2\repository\io\netty\netty-resolver-dns-native-macos\4.1.116.Final\netty-resolver-dns-native-macos-4.1.116.Final-osx-x86_64.jar;C:\Users\keerthana.prabu\.m2\repository\io\netty\netty-resolver-dns-classes-macos\4.1.116.Final\netty-resolver-dns-classes-macos-4.1.116.Final.jar;C:\Users\keerthana.prabu\.m2\repository\io\netty\netty-transport-native-epoll\4.1.116.Final\netty-transport-native-epoll-4.1.116.Final-linux-x86_64.jar;C:\Users\keerthana.prabu\.m2\repository\io\netty\netty-transport-native-unix-common\4.1.116.Final\netty-transport-native-unix-common-4.1.116.Final.jar;C:\Users\keerthana.prabu\.m2\repository\io\netty\netty-transport-classes-epoll\4.1.116.Final\netty-transport-classes-epoll-4.1.116.Final.jar;C:\Users\keerthana.prabu\.m2\repository\io\projectreactor\netty\reactor-netty-core\1.2.1\reactor-netty-core-1.2.1.jar;C:\Users\keerthana.prabu\.m2\repository\io\netty\netty-handler-proxy\4.1.116.Final\netty-handler-proxy-4.1.116.Final.jar;C:\Users\keerthana.prabu\.m2\repository\io\netty\netty-codec-socks\4.1.116.Final\netty-codec-socks-4.1.116.Final.jar;C:\Users\keerthana.prabu\.m2\repository\org\springframework\spring-webflux\6.2.1\spring-webflux-6.2.1.jar;C:\Users\keerthana.prabu\.m2\repository\io\projectreactor\reactor-core\3.7.1\reactor-core-3.7.1.jar;C:\Users\keerthana.prabu\.m2\repository\org\reactivestreams\reactive-streams\1.0.4\reactive-streams-1.0.4.jar;C:\Users\keerthana.prabu\.m2\repository\com\fasterxml\jackson\core\jackson-databind\2.18.2\jackson-databind-2.18.2.jar;C:\Users\keerthana.prabu\.m2\repository\com\fasterxml\jackson\core\jackson-annotations\2.18.2\jackson-annotations-2.18.2.jar;C:\Users\keerthana.prabu\.m2\repository\com\fasterxml\jackson\core\jackson-core\2.18.2\jackson-core-2.18.2.jar;C:\Users\keerthana.prabu\.m2\repository\jakarta\persistence\jakarta.persistence-api\3.1.0\jakarta.persistence-api-3.1.0.jar;C:\Users\keerthana.prabu\.m2\repository\org\springframework\cloud\spring-cloud-starter-netflix-eureka-client\4.2.0\spring-cloud-starter-netflix-eureka-client-4.2.0.jar;C:\Users\keerthana.prabu\.m2\repository\org\springframework\cloud\spring-cloud-starter\4.2.0\spring-cloud-starter-4.2.0.jar;C:\Users\keerthana.prabu\.m2\repository\org\springframework\cloud\spring-cloud-context\4.2.0\spring-cloud-context-4.2.0.jar;C:\Users\keerthana.prabu\.m2\repository\org\bouncycastle\bcprov-jdk18on\1.78.1\bcprov-jdk18on-1.78.1.jar;C:\Users\keerthana.prabu\.m2\repository\org\springframework\cloud\spring-cloud-netflix-eureka-client\4.2.0\spring-cloud-netflix-eureka-client-4.2.0.jar;C:\Users\keerthana.prabu\.m2\repository\com\netflix\eureka\eureka-client\2.0.4\eureka-client-2.0.4.jar;C:\Users\keerthana.prabu\.m2\repository\com\thoughtworks\xstream\xstream\1.4.20\xstream-1.4.20.jar;C:\Users\keerthana.prabu\.m2\repository\io\github\x-stream\mxparser\1.2.2\mxparser-1.2.2.jar;C:\Users\keerthana.prabu\.m2\repository\xmlpull\xmlpull\1.1.3.1\xmlpull-1.1.3.1.jar;C:\Users\keerthana.prabu\.m2\repository\jakarta\ws\rs\jakarta.ws.rs-api\3.1.0\jakarta.ws.rs-api-3.1.0.jar;C:\Users\keerthana.prabu\.m2\repository\com\netflix\spectator\spectator-api\1.7.3\spectator-api-1.7.3.jar;C:\Users\keerthana.prabu\.m2\repository\org\apache\httpcomponents\httpclient\4.5.3\httpclient-4.5.3.jar;C:\Users\keerthana.prabu\.m2\repository\org\apache\httpcomponents\httpcore\4.4.16\httpcore-4.4.16.jar;C:\Users\keerthana.prabu\.m2\repository\commons-configuration\commons-configuration\1.10\commons-configuration-1.10.jar;C:\Users\keerthana.prabu\.m2\repository\commons-lang\commons-lang\2.6\commons-lang-2.6.jar;C:\Users\keerthana.prabu\.m2\repository\com\netflix\netflix-commons\netflix-eventbus\0.3.0\netflix-eventbus-0.3.0.jar;C:\Users\keerthana.prabu\.m2\repository\com\netflix\netflix-commons\netflix-infix\0.3.0\netflix-infix-0.3.0.jar;C:\Users\keerthana.prabu\.m2\repository\commons-jxpath\commons-jxpath\1.3\commons-jxpath-1.3.jar;C:\Users\keerthana.prabu\.m2\repository\joda-time\joda-time\2.3\joda-time-2.3.jar;C:\Users\keerthana.prabu\.m2\repository\org\antlr\antlr-runtime\3.4\antlr-runtime-3.4.jar;C:\Users\keerthana.prabu\.m2\repository\org\antlr\stringtemplate\3.2.1\stringtemplate-3.2.1.jar;C:\Users\keerthana.prabu\.m2\repository\antlr\antlr\2.7.7\antlr-2.7.7.jar;C:\Users\keerthana.prabu\.m2\repository\com\netflix\servo\servo-core\0.5.3\servo-core-0.5.3.jar;C:\Users\keerthana.prabu\.m2\repository\org\apache\commons\commons-math\2.2\commons-math-2.2.jar;C:\Users\keerthana.prabu\.m2\repository\javax\annotation\javax.annotation-api\1.2\javax.annotation-api-1.2.jar;C:\Users\keerthana.prabu\.m2\repository\org\codehaus\jettison\jettison\1.5.4\jettison-1.5.4.jar;C:\Users\keerthana.prabu\.m2\repository\org\springframework\cloud\spring-cloud-starter-loadbalancer\4.2.0\spring-cloud-starter-loadbalancer-4.2.0.jar;C:\Users\keerthana.prabu\.m2\repository\org\springframework\cloud\spring-cloud-loadbalancer\4.2.0\spring-cloud-loadbalancer-4.2.0.jar;C:\Users\keerthana.prabu\.m2\repository\io\projectreactor\addons\reactor-extra\3.5.2\reactor-extra-3.5.2.jar;C:\Users\keerthana.prabu\.m2\repository\org\springframework\boot\spring-boot-starter-cache\3.4.1\spring-boot-starter-cache-3.4.1.jar;C:\Users\keerthana.prabu\.m2\repository\com\stoyanr\evictor\1.0.0\evictor-1.0.0.jar;C:\Users\keerthana.prabu\.m2\repository\org\springframework\cloud\spring-cloud-starter-openfeign\4.2.0\spring-cloud-starter-openfeign-4.2.0.jar;C:\Users\keerthana.prabu\.m2\repository\org\springframework\cloud\spring-cloud-openfeign-core\4.2.0\spring-cloud-openfeign-core-4.2.0.jar;C:\Users\keerthana.prabu\.m2\repository\io\github\openfeign\feign-form-spring\13.5\feign-form-spring-13.5.jar;C:\Users\keerthana.prabu\.m2\repository\io\github\openfeign\feign-form\13.5\feign-form-13.5.jar;C:\Users\keerthana.prabu\.m2\repository\commons-fileupload\commons-fileupload\1.5\commons-fileupload-1.5.jar;C:\Users\keerthana.prabu\.m2\repository\org\springframework\cloud\spring-cloud-commons\4.2.0\spring-cloud-commons-4.2.0.jar;C:\Users\keerthana.prabu\.m2\repository\io\github\openfeign\feign-core\13.5\feign-core-13.5.jar;C:\Users\keerthana.prabu\.m2\repository\io\github\openfeign\feign-slf4j\13.5\feign-slf4j-13.5.jar;C:\Users\keerthana.prabu\.m2\repository\org\apache\logging\log4j\log4j-core\2.24.3\log4j-core-2.24.3.jar;C:\Users\keerthana.prabu\.m2\repository\org\apache\logging\log4j\log4j-layout-template-json\2.24.3\log4j-layout-template-json-2.24.3.jar;, LOGBACK_ROLLINGPOLICY_MAX_FILE_SIZE=10485760, java.vm.vendor=Eclipse Adoptium, sun.arch.data.model=64, user.variant=, java.vendor.url=https://adoptium.net/, user.timezone=Asia/Calcutta, jakarta.persistence.sharedCache.mode=UNSPECIFIED, org.jboss.logging.provider=slf4j, java.vm.specification.version=17, os.name=Windows 10, APPLICATION_NAME=mrf-service, jakarta.persistence.nonJtaDataSource=HikariDataSource (null), sun.java.launcher=SUN_STANDARD, user.country=IN, sun.boot.library.path=D:\sts-4.21.1.RELEASE\plugins\org.eclipse.justj.openjdk.hotspot.jre.full.win32.x86_64_17.0.10.v20240120-1143\jre\bin, sun.java.command=C:\Users\keerthana.prabu\AppData\Local\Temp\surefire11893998954917439230\surefirebooter-20250203120817243_3.jar C:\Users\keerthana.prabu\AppData\Local\Temp\surefire11893998954917439230 2025-02-03T12-08-16_921-jvmRun1 surefire-20250203120817243_1tmp surefire_0-20250203120817243_2tmp, javax.persistence.nonJtaDataSource=HikariDataSource (null), hibernate.transaction.jta.platform=org.hibernate.engine.transaction.jta.platform.internal.NoJtaPlatform@2604940, jdk.debug=release, surefire.test.class.path=C:\Users\keerthana.prabu\Downloads\mrf-service\target\test-classes;C:\Users\keerthana.prabu\Downloads\mrf-service\target\classes;C:\Users\keerthana.prabu\.m2\repository\org\springframework\boot\spring-boot-starter-data-jpa\3.4.1\spring-boot-starter-data-jpa-3.4.1.jar;C:\Users\keerthana.prabu\.m2\repository\org\springframework\boot\spring-boot-starter\3.4.1\spring-boot-starter-3.4.1.jar;C:\Users\keerthana.prabu\.m2\repository\org\springframework\boot\spring-boot\3.4.1\spring-boot-3.4.1.jar;C:\Users\keerthana.prabu\.m2\repository\org\springframework\boot\spring-boot-autoconfigure\3.4.1\spring-boot-autoconfigure-3.4.1.jar;C:\Users\keerthana.prabu\.m2\repository\org\springframework\boot\spring-boot-starter-logging\3.4.1\spring-boot-starter-logging-3.4.1.jar;C:\Users\keerthana.prabu\.m2\repository\ch\qos\logback\logback-classic\1.5.12\logback-classic-1.5.12.jar;C:\Users\keerthana.prabu\.m2\repository\ch\qos\logback\logback-core\1.5.12\logback-core-1.5.12.jar;C:\Users\keerthana.prabu\.m2\repository\org\apache\logging\log4j\log4j-to-slf4j\2.24.3\log4j-to-slf4j-2.24.3.jar;C:\Users\keerthana.prabu\.m2\repository\org\slf4j\jul-to-slf4j\2.0.16\jul-to-slf4j-2.0.16.jar;C:\Users\keerthana.prabu\.m2\repository\jakarta\annotation\jakarta.annotation-api\2.1.1\jakarta.annotation-api-2.1.1.jar;C:\Users\keerthana.prabu\.m2\repository\org\yaml\snakeyaml\2.3\snakeyaml-2.3.jar;C:\Users\keerthana.prabu\.m2\repository\org\springframework\boot\spring-boot-starter-jdbc\3.4.1\spring-boot-starter-jdbc-3.4.1.jar;C:\Users\keerthana.prabu\.m2\repository\com\zaxxer\HikariCP\5.1.0\HikariCP-5.1.0.jar;C:\Users\keerthana.prabu\.m2\repository\org\springframework\spring-jdbc\6.2.1\spring-jdbc-6.2.1.jar;C:\Users\keerthana.prabu\.m2\repository\org\hibernate\orm\hibernate-core\6.6.4.Final\hibernate-core-6.6.4.Final.jar;C:\Users\keerthana.prabu\.m2\repository\jakarta\transaction\jakarta.transaction-api\2.0.1\jakarta.transaction-api-2.0.1.jar;C:\Users\keerthana.prabu\.m2\repository\org\jboss\logging\jboss-logging\3.6.1.Final\jboss-logging-3.6.1.Final.jar;C:\Users\keerthana.prabu\.m2\repository\org\hibernate\common\hibernate-commons-annotations\7.0.3.Final\hibernate-commons-annotations-7.0.3.Final.jar;C:\Users\keerthana.prabu\.m2\repository\io\smallrye\jandex\3.2.0\jandex-3.2.0.jar;C:\Users\keerthana.prabu\.m2\repository\com\fasterxml\classmate\1.7.0\classmate-1.7.0.jar;C:\Users\keerthana.prabu\.m2\repository\org\glassfish\jaxb\jaxb-runtime\4.0.5\jaxb-runtime-4.0.5.jar;C:\Users\keerthana.prabu\.m2\repository\org\glassfish\jaxb\jaxb-core\4.0.5\jaxb-core-4.0.5.jar;C:\Users\keerthana.prabu\.m2\repository\org\glassfish\jaxb\txw2\4.0.5\txw2-4.0.5.jar;C:\Users\keerthana.prabu\.m2\repository\com\sun\istack\istack-commons-runtime\4.1.2\istack-commons-runtime-4.1.2.jar;C:\Users\keerthana.prabu\.m2\repository\jakarta\inject\jakarta.inject-api\2.0.1\jakarta.inject-api-2.0.1.jar;C:\Users\keerthana.prabu\.m2\repository\org\antlr\antlr4-runtime\4.13.0\antlr4-runtime-4.13.0.jar;C:\Users\keerthana.prabu\.m2\repository\org\springframework\data\spring-data-jpa\3.4.1\spring-data-jpa-3.4.1.jar;C:\Users\keerthana.prabu\.m2\repository\org\springframework\data\spring-data-commons\3.4.1\spring-data-commons-3.4.1.jar;C:\Users\keerthana.prabu\.m2\repository\org\springframework\spring-orm\6.2.1\spring-orm-6.2.1.jar;C:\Users\keerthana.prabu\.m2\repository\org\springframework\spring-context\6.2.1\spring-context-6.2.1.jar;C:\Users\keerthana.prabu\.m2\repository\org\springframework\spring-tx\6.2.1\spring-tx-6.2.1.jar;C:\Users\keerthana.prabu\.m2\repository\org\springframework\spring-beans\6.2.1\spring-beans-6.2.1.jar;C:\Users\keerthana.prabu\.m2\repository\org\springframework\spring-aspects\6.2.1\spring-aspects-6.2.1.jar;C:\Users\keerthana.prabu\.m2\repository\org\aspectj\aspectjweaver\1.9.22.1\aspectjweaver-1.9.22.1.jar;C:\Users\keerthana.prabu\.m2\repository\org\springframework\boot\spring-boot-starter-web\3.4.1\spring-boot-starter-web-3.4.1.jar;C:\Users\keerthana.prabu\.m2\repository\org\springframework\boot\spring-boot-starter-json\3.4.1\spring-boot-starter-json-3.4.1.jar;C:\Users\keerthana.prabu\.m2\repository\com\fasterxml\jackson\datatype\jackson-datatype-jdk8\2.18.2\jackson-datatype-jdk8-2.18.2.jar;C:\Users\keerthana.prabu\.m2\repository\com\fasterxml\jackson\datatype\jackson-datatype-jsr310\2.18.2\jackson-datatype-jsr310-2.18.2.jar;C:\Users\keerthana.prabu\.m2\repository\com\fasterxml\jackson\module\jackson-module-parameter-names\2.18.2\jackson-module-parameter-names-2.18.2.jar;C:\Users\keerthana.prabu\.m2\repository\org\springframework\boot\spring-boot-starter-tomcat\3.4.1\spring-boot-starter-tomcat-3.4.1.jar;C:\Users\keerthana.prabu\.m2\repository\org\apache\tomcat\embed\tomcat-embed-core\10.1.34\tomcat-embed-core-10.1.34.jar;C:\Users\keerthana.prabu\.m2\repository\org\apache\tomcat\embed\tomcat-embed-el\10.1.34\tomcat-embed-el-10.1.34.jar;C:\Users\keerthana.prabu\.m2\repository\org\apache\tomcat\embed\tomcat-embed-websocket\10.1.34\tomcat-embed-websocket-10.1.34.jar;C:\Users\keerthana.prabu\.m2\repository\org\springframework\spring-web\6.2.1\spring-web-6.2.1.jar;C:\Users\keerthana.prabu\.m2\repository\io\micrometer\micrometer-observation\1.14.2\micrometer-observation-1.14.2.jar;C:\Users\keerthana.prabu\.m2\repository\io\micrometer\micrometer-commons\1.14.2\micrometer-commons-1.14.2.jar;C:\Users\keerthana.prabu\.m2\repository\org\springframework\spring-webmvc\6.2.1\spring-webmvc-6.2.1.jar;C:\Users\keerthana.prabu\.m2\repository\org\springframework\spring-expression\6.2.1\spring-expression-6.2.1.jar;C:\Users\keerthana.prabu\.m2\repository\org\apache\commons\commons-csv\1.10.0\commons-csv-1.10.0.jar;C:\Users\keerthana.prabu\.m2\repository\org\springframework\boot\spring-boot-starter-web-services\3.4.1\spring-boot-starter-web-services-3.4.1.jar;C:\Users\keerthana.prabu\.m2\repository\com\sun\xml\messaging\saaj\saaj-impl\3.0.4\saaj-impl-3.0.4.jar;C:\Users\keerthana.prabu\.m2\repository\jakarta\xml\soap\jakarta.xml.soap-api\3.0.2\jakarta.xml.soap-api-3.0.2.jar;C:\Users\keerthana.prabu\.m2\repository\org\jvnet\staxex\stax-ex\2.1.0\stax-ex-2.1.0.jar;C:\Users\keerthana.prabu\.m2\repository\jakarta\activation\jakarta.activation-api\2.1.3\jakarta.activation-api-2.1.3.jar;C:\Users\keerthana.prabu\.m2\repository\org\eclipse\angus\angus-activation\2.0.2\angus-activation-2.0.2.jar;C:\Users\keerthana.prabu\.m2\repository\jakarta\xml\ws\jakarta.xml.ws-api\4.0.2\jakarta.xml.ws-api-4.0.2.jar;C:\Users\keerthana.prabu\.m2\repository\org\springframework\spring-oxm\6.2.1\spring-oxm-6.2.1.jar;C:\Users\keerthana.prabu\.m2\repository\org\springframework\ws\spring-ws-core\4.0.11\spring-ws-core-4.0.11.jar;C:\Users\keerthana.prabu\.m2\repository\org\springframework\ws\spring-xml\4.0.11\spring-xml-4.0.11.jar;C:\Users\keerthana.prabu\.m2\repository\org\springframework\boot\spring-boot-starter-mail\3.4.1\spring-boot-starter-mail-3.4.1.jar;C:\Users\keerthana.prabu\.m2\repository\org\springframework\spring-context-support\6.2.1\spring-context-support-6.2.1.jar;C:\Users\keerthana.prabu\.m2\repository\org\eclipse\angus\jakarta.mail\2.0.3\jakarta.mail-2.0.3.jar;C:\Users\keerthana.prabu\.m2\repository\org\springframework\boot\spring-boot-starter-data-mongodb\3.4.1\spring-boot-starter-data-mongodb-3.4.1.jar;C:\Users\keerthana.prabu\.m2\repository\org\mongodb\mongodb-driver-sync\5.2.1\mongodb-driver-sync-5.2.1.jar;C:\Users\keerthana.prabu\.m2\repository\org\mongodb\bson\5.2.1\bson-5.2.1.jar;C:\Users\keerthana.prabu\.m2\repository\org\mongodb\mongodb-driver-core\5.2.1\mongodb-driver-core-5.2.1.jar;C:\Users\keerthana.prabu\.m2\repository\org\mongodb\bson-record-codec\5.2.1\bson-record-codec-5.2.1.jar;C:\Users\keerthana.prabu\.m2\repository\org\springframework\data\spring-data-mongodb\4.4.1\spring-data-mongodb-4.4.1.jar;C:\Users\keerthana.prabu\.m2\repository\org\springframework\boot\spring-boot-starter-test\3.4.1\spring-boot-starter-test-3.4.1.jar;C:\Users\keerthana.prabu\.m2\repository\org\springframework\boot\spring-boot-test\3.4.1\spring-boot-test-3.4.1.jar;C:\Users\keerthana.prabu\.m2\repository\org\springframework\boot\spring-boot-test-autoconfigure\3.4.1\spring-boot-test-autoconfigure-3.4.1.jar;C:\Users\keerthana.prabu\.m2\repository\com\jayway\jsonpath\json-path\2.9.0\json-path-2.9.0.jar;C:\Users\keerthana.prabu\.m2\repository\jakarta\xml\bind\jakarta.xml.bind-api\4.0.2\jakarta.xml.bind-api-4.0.2.jar;C:\Users\keerthana.prabu\.m2\repository\net\minidev\json-smart\2.5.1\json-smart-2.5.1.jar;C:\Users\keerthana.prabu\.m2\repository\net\minidev\accessors-smart\2.5.1\accessors-smart-2.5.1.jar;C:\Users\keerthana.prabu\.m2\repository\org\ow2\asm\asm\9.6\asm-9.6.jar;C:\Users\keerthana.prabu\.m2\repository\org\assertj\assertj-core\3.26.3\assertj-core-3.26.3.jar;C:\Users\keerthana.prabu\.m2\repository\org\awaitility\awaitility\4.2.2\awaitility-4.2.2.jar;C:\Users\keerthana.prabu\.m2\repository\org\hamcrest\hamcrest\2.2\hamcrest-2.2.jar;C:\Users\keerthana.prabu\.m2\repository\org\skyscreamer\jsonassert\1.5.3\jsonassert-1.5.3.jar;C:\Users\keerthana.prabu\.m2\repository\com\vaadin\external\google\android-json\0.0.20131108.vaadin1\android-json-0.0.20131108.vaadin1.jar;C:\Users\keerthana.prabu\.m2\repository\org\springframework\spring-core\6.2.1\spring-core-6.2.1.jar;C:\Users\keerthana.prabu\.m2\repository\org\springframework\spring-jcl\6.2.1\spring-jcl-6.2.1.jar;C:\Users\keerthana.prabu\.m2\repository\org\springframework\spring-test\6.2.1\spring-test-6.2.1.jar;C:\Users\keerthana.prabu\.m2\repository\org\xmlunit\xmlunit-core\2.10.0\xmlunit-core-2.10.0.jar;C:\Users\keerthana.prabu\.m2\repository\org\mockito\mockito-core\5.14.2\mockito-core-5.14.2.jar;C:\Users\keerthana.prabu\.m2\repository\net\bytebuddy\byte-buddy\1.15.11\byte-buddy-1.15.11.jar;C:\Users\keerthana.prabu\.m2\repository\net\bytebuddy\byte-buddy-agent\1.15.11\byte-buddy-agent-1.15.11.jar;C:\Users\keerthana.prabu\.m2\repository\org\objenesis\objenesis\3.3\objenesis-3.3.jar;C:\Users\keerthana.prabu\.m2\repository\org\springdoc\springdoc-openapi-starter-webmvc-ui\2.5.0\springdoc-openapi-starter-webmvc-ui-2.5.0.jar;C:\Users\keerthana.prabu\.m2\repository\org\springdoc\springdoc-openapi-starter-webmvc-api\2.5.0\springdoc-openapi-starter-webmvc-api-2.5.0.jar;C:\Users\keerthana.prabu\.m2\repository\org\springdoc\springdoc-openapi-starter-common\2.5.0\springdoc-openapi-starter-common-2.5.0.jar;C:\Users\keerthana.prabu\.m2\repository\io\swagger\core\v3\swagger-core-jakarta\2.2.21\swagger-core-jakarta-2.2.21.jar;C:\Users\keerthana.prabu\.m2\repository\io\swagger\core\v3\swagger-annotations-jakarta\2.2.21\swagger-annotations-jakarta-2.2.21.jar;C:\Users\keerthana.prabu\.m2\repository\io\swagger\core\v3\swagger-models-jakarta\2.2.21\swagger-models-jakarta-2.2.21.jar;C:\Users\keerthana.prabu\.m2\repository\jakarta\validation\jakarta.validation-api\3.0.2\jakarta.validation-api-3.0.2.jar;C:\Users\keerthana.prabu\.m2\repository\com\fasterxml\jackson\dataformat\jackson-dataformat-yaml\2.18.2\jackson-dataformat-yaml-2.18.2.jar;C:\Users\keerthana.prabu\.m2\repository\org\webjars\swagger-ui\5.13.0\swagger-ui-5.13.0.jar;C:\Users\keerthana.prabu\.m2\repository\com\opencsv\opencsv\5.7.1\opencsv-5.7.1.jar;C:\Users\keerthana.prabu\.m2\repository\org\apache\commons\commons-lang3\3.17.0\commons-lang3-3.17.0.jar;C:\Users\keerthana.prabu\.m2\repository\org\apache\commons\commons-text\1.10.0\commons-text-1.10.0.jar;C:\Users\keerthana.prabu\.m2\repository\commons-beanutils\commons-beanutils\1.9.4\commons-beanutils-1.9.4.jar;C:\Users\keerthana.prabu\.m2\repository\commons-logging\commons-logging\1.2\commons-logging-1.2.jar;C:\Users\keerthana.prabu\.m2\repository\commons-collections\commons-collections\3.2.2\commons-collections-3.2.2.jar;C:\Users\keerthana.prabu\.m2\repository\org\apache\commons\commons-collections4\4.4\commons-collections4-4.4.jar;C:\Users\keerthana.prabu\.m2\repository\org\apache\poi\poi-ooxml\5.2.3\poi-ooxml-5.2.3.jar;C:\Users\keerthana.prabu\.m2\repository\org\apache\poi\poi\5.2.3\poi-5.2.3.jar;C:\Users\keerthana.prabu\.m2\repository\commons-codec\commons-codec\1.17.1\commons-codec-1.17.1.jar;C:\Users\keerthana.prabu\.m2\repository\org\apache\commons\commons-math3\3.6.1\commons-math3-3.6.1.jar;C:\Users\keerthana.prabu\.m2\repository\com\zaxxer\SparseBitSet\1.2\SparseBitSet-1.2.jar;C:\Users\keerthana.prabu\.m2\repository\org\apache\poi\poi-ooxml-lite\5.2.3\poi-ooxml-lite-5.2.3.jar;C:\Users\keerthana.prabu\.m2\repository\org\apache\xmlbeans\xmlbeans\5.1.1\xmlbeans-5.1.1.jar;C:\Users\keerthana.prabu\.m2\repository\org\apache\commons\commons-compress\1.21\commons-compress-1.21.jar;C:\Users\keerthana.prabu\.m2\repository\commons-io\commons-io\2.11.0\commons-io-2.11.0.jar;C:\Users\keerthana.prabu\.m2\repository\com\github\virtuald\curvesapi\1.07\curvesapi-1.07.jar;C:\Users\keerthana.prabu\.m2\repository\org\apache\logging\log4j\log4j-api\2.24.3\log4j-api-2.24.3.jar;C:\Users\keerthana.prabu\.m2\repository\com\h2database\h2\2.3.232\h2-2.3.232.jar;C:\Users\keerthana.prabu\.m2\repository\com\mysql\mysql-connector-j\9.1.0\mysql-connector-j-9.1.0.jar;C:\Users\keerthana.prabu\.m2\repository\org\junit\jupiter\junit-jupiter\5.11.4\junit-jupiter-5.11.4.jar;C:\Users\keerthana.prabu\.m2\repository\org\junit\jupiter\junit-jupiter-api\5.11.4\junit-jupiter-api-5.11.4.jar;C:\Users\keerthana.prabu\.m2\repository\org\opentest4j\opentest4j\1.3.0\opentest4j-1.3.0.jar;C:\Users\keerthana.prabu\.m2\repository\org\junit\platform\junit-platform-commons\1.11.4\junit-platform-commons-1.11.4.jar;C:\Users\keerthana.prabu\.m2\repository\org\apiguardian\apiguardian-api\1.1.2\apiguardian-api-1.1.2.jar;C:\Users\keerthana.prabu\.m2\repository\org\junit\jupiter\junit-jupiter-params\5.11.4\junit-jupiter-params-5.11.4.jar;C:\Users\keerthana.prabu\.m2\repository\org\junit\jupiter\junit-jupiter-engine\5.11.4\junit-jupiter-engine-5.11.4.jar;C:\Users\keerthana.prabu\.m2\repository\org\junit\platform\junit-platform-engine\1.11.4\junit-platform-engine-1.11.4.jar;C:\Users\keerthana.prabu\.m2\repository\org\mockito\mockito-junit-jupiter\5.14.2\mockito-junit-jupiter-5.14.2.jar;C:\Users\keerthana.prabu\.m2\repository\javax\xml\bind\jaxb-api\2.3.1\jaxb-api-2.3.1.jar;C:\Users\keerthana.prabu\.m2\repository\javax\activation\javax.activation-api\1.2.0\javax.activation-api-1.2.0.jar;C:\Users\keerthana.prabu\.m2\repository\org\javassist\javassist\3.25.0-GA\javassist-3.25.0-GA.jar;C:\Users\keerthana.prabu\.m2\repository\org\springframework\security\spring-security-test\6.4.2\spring-security-test-6.4.2.jar;C:\Users\keerthana.prabu\.m2\repository\org\springframework\security\spring-security-core\6.4.2\spring-security-core-6.4.2.jar;C:\Users\keerthana.prabu\.m2\repository\org\springframework\security\spring-security-crypto\6.4.2\spring-security-crypto-6.4.2.jar;C:\Users\keerthana.prabu\.m2\repository\org\springframework\security\spring-security-web\6.4.2\spring-security-web-6.4.2.jar;C:\Users\keerthana.prabu\.m2\repository\org\springframework\boot\spring-boot-starter-security\3.4.1\spring-boot-starter-security-3.4.1.jar;C:\Users\keerthana.prabu\.m2\repository\org\springframework\spring-aop\6.2.1\spring-aop-6.2.1.jar;C:\Users\keerthana.prabu\.m2\repository\org\springframework\security\spring-security-config\6.4.2\spring-security-config-6.4.2.jar;C:\Users\keerthana.prabu\.m2\repository\io\github\bonigarcia\webdrivermanager\5.9.2\webdrivermanager-5.9.2.jar;C:\Users\keerthana.prabu\.m2\repository\org\slf4j\slf4j-api\2.0.16\slf4j-api-2.0.16.jar;C:\Users\keerthana.prabu\.m2\repository\com\google\code\gson\gson\2.11.0\gson-2.11.0.jar;C:\Users\keerthana.prabu\.m2\repository\com\google\errorprone\error_prone_annotations\2.27.0\error_prone_annotations-2.27.0.jar;C:\Users\keerthana.prabu\.m2\repository\com\github\docker-java\docker-java\3.4.0\docker-java-3.4.0.jar;C:\Users\keerthana.prabu\.m2\repository\com\github\docker-java\docker-java-core\3.4.0\docker-java-core-3.4.0.jar;C:\Users\keerthana.prabu\.m2\repository\com\github\docker-java\docker-java-api\3.4.0\docker-java-api-3.4.0.jar;C:\Users\keerthana.prabu\.m2\repository\com\google\guava\guava\33.3.1-jre\guava-33.3.1-jre.jar;C:\Users\keerthana.prabu\.m2\repository\com\google\guava\failureaccess\1.0.2\failureaccess-1.0.2.jar;C:\Users\keerthana.prabu\.m2\repository\com\google\guava\listenablefuture\9999.0-empty-to-avoid-conflict-with-guava\listenablefuture-9999.0-empty-to-avoid-conflict-with-guava.jar;C:\Users\keerthana.prabu\.m2\repository\com\google\code\findbugs\jsr305\3.0.2\jsr305-3.0.2.jar;C:\Users\keerthana.prabu\.m2\repository\org\checkerframework\checker-qual\3.43.0\checker-qual-3.43.0.jar;C:\Users\keerthana.prabu\.m2\repository\com\google\j2objc\j2objc-annotations\3.0.0\j2objc-annotations-3.0.0.jar;C:\Users\keerthana.prabu\.m2\repository\org\slf4j\jcl-over-slf4j\2.0.16\jcl-over-slf4j-2.0.16.jar;C:\Users\keerthana.prabu\.m2\repository\com\github\docker-java\docker-java-transport-httpclient5\3.4.0\docker-java-transport-httpclient5-3.4.0.jar;C:\Users\keerthana.prabu\.m2\repository\com\github\docker-java\docker-java-transport\3.4.0\docker-java-transport-3.4.0.jar;C:\Users\keerthana.prabu\.m2\repository\net\java\dev\jna\jna\5.13.0\jna-5.13.0.jar;C:\Users\keerthana.prabu\.m2\repository\org\brotli\dec\0.1.2\dec-0.1.2.jar;C:\Users\keerthana.prabu\.m2\repository\org\apache\httpcomponents\client5\httpclient5\5.4.1\httpclient5-5.4.1.jar;C:\Users\keerthana.prabu\.m2\repository\org\apache\httpcomponents\core5\httpcore5\5.3.1\httpcore5-5.3.1.jar;C:\Users\keerthana.prabu\.m2\repository\org\apache\httpcomponents\core5\httpcore5-h2\5.3.1\httpcore5-h2-5.3.1.jar;C:\Users\keerthana.prabu\.m2\repository\org\springframework\boot\spring-boot-starter-webflux\3.4.1\spring-boot-starter-webflux-3.4.1.jar;C:\Users\keerthana.prabu\.m2\repository\org\springframework\boot\spring-boot-starter-reactor-netty\3.4.1\spring-boot-starter-reactor-netty-3.4.1.jar;C:\Users\keerthana.prabu\.m2\repository\io\projectreactor\netty\reactor-netty-http\1.2.1\reactor-netty-http-1.2.1.jar;C:\Users\keerthana.prabu\.m2\repository\io\netty\netty-codec-http\4.1.116.Final\netty-codec-http-4.1.116.Final.jar;C:\Users\keerthana.prabu\.m2\repository\io\netty\netty-common\4.1.116.Final\netty-common-4.1.116.Final.jar;C:\Users\keerthana.prabu\.m2\repository\io\netty\netty-buffer\4.1.116.Final\netty-buffer-4.1.116.Final.jar;C:\Users\keerthana.prabu\.m2\repository\io\netty\netty-transport\4.1.116.Final\netty-transport-4.1.116.Final.jar;C:\Users\keerthana.prabu\.m2\repository\io\netty\netty-codec\4.1.116.Final\netty-codec-4.1.116.Final.jar;C:\Users\keerthana.prabu\.m2\repository\io\netty\netty-handler\4.1.116.Final\netty-handler-4.1.116.Final.jar;C:\Users\keerthana.prabu\.m2\repository\io\netty\netty-codec-http2\4.1.116.Final\netty-codec-http2-4.1.116.Final.jar;C:\Users\keerthana.prabu\.m2\repository\io\netty\netty-resolver-dns\4.1.116.Final\netty-resolver-dns-4.1.116.Final.jar;C:\Users\keerthana.prabu\.m2\repository\io\netty\netty-resolver\4.1.116.Final\netty-resolver-4.1.116.Final.jar;C:\Users\keerthana.prabu\.m2\repository\io\netty\netty-codec-dns\4.1.116.Final\netty-codec-dns-4.1.116.Final.jar;C:\Users\keerthana.prabu\.m2\repository\io\netty\netty-resolver-dns-native-macos\4.1.116.Final\netty-resolver-dns-native-macos-4.1.116.Final-osx-x86_64.jar;C:\Users\keerthana.prabu\.m2\repository\io\netty\netty-resolver-dns-classes-macos\4.1.116.Final\netty-resolver-dns-classes-macos-4.1.116.Final.jar;C:\Users\keerthana.prabu\.m2\repository\io\netty\netty-transport-native-epoll\4.1.116.Final\netty-transport-native-epoll-4.1.116.Final-linux-x86_64.jar;C:\Users\keerthana.prabu\.m2\repository\io\netty\netty-transport-native-unix-common\4.1.116.Final\netty-transport-native-unix-common-4.1.116.Final.jar;C:\Users\keerthana.prabu\.m2\repository\io\netty\netty-transport-classes-epoll\4.1.116.Final\netty-transport-classes-epoll-4.1.116.Final.jar;C:\Users\keerthana.prabu\.m2\repository\io\projectreactor\netty\reactor-netty-core\1.2.1\reactor-netty-core-1.2.1.jar;C:\Users\keerthana.prabu\.m2\repository\io\netty\netty-handler-proxy\4.1.116.Final\netty-handler-proxy-4.1.116.Final.jar;C:\Users\keerthana.prabu\.m2\repository\io\netty\netty-codec-socks\4.1.116.Final\netty-codec-socks-4.1.116.Final.jar;C:\Users\keerthana.prabu\.m2\repository\org\springframework\spring-webflux\6.2.1\spring-webflux-6.2.1.jar;C:\Users\keerthana.prabu\.m2\repository\io\projectreactor\reactor-core\3.7.1\reactor-core-3.7.1.jar;C:\Users\keerthana.prabu\.m2\repository\org\reactivestreams\reactive-streams\1.0.4\reactive-streams-1.0.4.jar;C:\Users\keerthana.prabu\.m2\repository\com\fasterxml\jackson\core\jackson-databind\2.18.2\jackson-databind-2.18.2.jar;C:\Users\keerthana.prabu\.m2\repository\com\fasterxml\jackson\core\jackson-annotations\2.18.2\jackson-annotations-2.18.2.jar;C:\Users\keerthana.prabu\.m2\repository\com\fasterxml\jackson\core\jackson-core\2.18.2\jackson-core-2.18.2.jar;C:\Users\keerthana.prabu\.m2\repository\jakarta\persistence\jakarta.persistence-api\3.1.0\jakarta.persistence-api-3.1.0.jar;C:\Users\keerthana.prabu\.m2\repository\org\springframework\cloud\spring-cloud-starter-netflix-eureka-client\4.2.0\spring-cloud-starter-netflix-eureka-client-4.2.0.jar;C:\Users\keerthana.prabu\.m2\repository\org\springframework\cloud\spring-cloud-starter\4.2.0\spring-cloud-starter-4.2.0.jar;C:\Users\keerthana.prabu\.m2\repository\org\springframework\cloud\spring-cloud-context\4.2.0\spring-cloud-context-4.2.0.jar;C:\Users\keerthana.prabu\.m2\repository\org\bouncycastle\bcprov-jdk18on\1.78.1\bcprov-jdk18on-1.78.1.jar;C:\Users\keerthana.prabu\.m2\repository\org\springframework\cloud\spring-cloud-netflix-eureka-client\4.2.0\spring-cloud-netflix-eureka-client-4.2.0.jar;C:\Users\keerthana.prabu\.m2\repository\com\netflix\eureka\eureka-client\2.0.4\eureka-client-2.0.4.jar;C:\Users\keerthana.prabu\.m2\repository\com\thoughtworks\xstream\xstream\1.4.20\xstream-1.4.20.jar;C:\Users\keerthana.prabu\.m2\repository\io\github\x-stream\mxparser\1.2.2\mxparser-1.2.2.jar;C:\Users\keerthana.prabu\.m2\repository\xmlpull\xmlpull\1.1.3.1\xmlpull-1.1.3.1.jar;C:\Users\keerthana.prabu\.m2\repository\jakarta\ws\rs\jakarta.ws.rs-api\3.1.0\jakarta.ws.rs-api-3.1.0.jar;C:\Users\keerthana.prabu\.m2\repository\com\netflix\spectator\spectator-api\1.7.3\spectator-api-1.7.3.jar;C:\Users\keerthana.prabu\.m2\repository\org\apache\httpcomponents\httpclient\4.5.3\httpclient-4.5.3.jar;C:\Users\keerthana.prabu\.m2\repository\org\apache\httpcomponents\httpcore\4.4.16\httpcore-4.4.16.jar;C:\Users\keerthana.prabu\.m2\repository\commons-configuration\commons-configuration\1.10\commons-configuration-1.10.jar;C:\Users\keerthana.prabu\.m2\repository\commons-lang\commons-lang\2.6\commons-lang-2.6.jar;C:\Users\keerthana.prabu\.m2\repository\com\netflix\netflix-commons\netflix-eventbus\0.3.0\netflix-eventbus-0.3.0.jar;C:\Users\keerthana.prabu\.m2\repository\com\netflix\netflix-commons\netflix-infix\0.3.0\netflix-infix-0.3.0.jar;C:\Users\keerthana.prabu\.m2\repository\commons-jxpath\commons-jxpath\1.3\commons-jxpath-1.3.jar;C:\Users\keerthana.prabu\.m2\repository\joda-time\joda-time\2.3\joda-time-2.3.jar;C:\Users\keerthana.prabu\.m2\repository\org\antlr\antlr-runtime\3.4\antlr-runtime-3.4.jar;C:\Users\keerthana.prabu\.m2\repository\org\antlr\stringtemplate\3.2.1\stringtemplate-3.2.1.jar;C:\Users\keerthana.prabu\.m2\repository\antlr\antlr\2.7.7\antlr-2.7.7.jar;C:\Users\keerthana.prabu\.m2\repository\com\netflix\servo\servo-core\0.5.3\servo-core-0.5.3.jar;C:\Users\keerthana.prabu\.m2\repository\org\apache\commons\commons-math\2.2\commons-math-2.2.jar;C:\Users\keerthana.prabu\.m2\repository\javax\annotation\javax.annotation-api\1.2\javax.annotation-api-1.2.jar;C:\Users\keerthana.prabu\.m2\repository\org\codehaus\jettison\jettison\1.5.4\jettison-1.5.4.jar;C:\Users\keerthana.prabu\.m2\repository\org\springframework\cloud\spring-cloud-starter-loadbalancer\4.2.0\spring-cloud-starter-loadbalancer-4.2.0.jar;C:\Users\keerthana.prabu\.m2\repository\org\springframework\cloud\spring-cloud-loadbalancer\4.2.0\spring-cloud-loadbalancer-4.2.0.jar;C:\Users\keerthana.prabu\.m2\repository\io\projectreactor\addons\reactor-extra\3.5.2\reactor-extra-3.5.2.jar;C:\Users\keerthana.prabu\.m2\repository\org\springframework\boot\spring-boot-starter-cache\3.4.1\spring-boot-starter-cache-3.4.1.jar;C:\Users\keerthana.prabu\.m2\repository\com\stoyanr\evictor\1.0.0\evictor-1.0.0.jar;C:\Users\keerthana.prabu\.m2\repository\org\springframework\cloud\spring-cloud-starter-openfeign\4.2.0\spring-cloud-starter-openfeign-4.2.0.jar;C:\Users\keerthana.prabu\.m2\repository\org\springframework\cloud\spring-cloud-openfeign-core\4.2.0\spring-cloud-openfeign-core-4.2.0.jar;C:\Users\keerthana.prabu\.m2\repository\io\github\openfeign\feign-form-spring\13.5\feign-form-spring-13.5.jar;C:\Users\keerthana.prabu\.m2\repository\io\github\openfeign\feign-form\13.5\feign-form-13.5.jar;C:\Users\keerthana.prabu\.m2\repository\commons-fileupload\commons-fileupload\1.5\commons-fileupload-1.5.jar;C:\Users\keerthana.prabu\.m2\repository\org\springframework\cloud\spring-cloud-commons\4.2.0\spring-cloud-commons-4.2.0.jar;C:\Users\keerthana.prabu\.m2\repository\io\github\openfeign\feign-core\13.5\feign-core-13.5.jar;C:\Users\keerthana.prabu\.m2\repository\io\github\openfeign\feign-slf4j\13.5\feign-slf4j-13.5.jar;C:\Users\keerthana.prabu\.m2\repository\org\apache\logging\log4j\log4j-core\2.24.3\log4j-core-2.24.3.jar;C:\Users\keerthana.prabu\.m2\repository\org\apache\logging\log4j\log4j-layout-template-json\2.24.3\log4j-layout-template-json-2.24.3.jar;, sun.cpu.endian=little, hibernate.cdi.extensions=true, user.home=C:\Users\keerthana.prabu, user.language=en, java.specification.vendor=Oracle Corporation, java.version.date=2024-01-16, java.home=D:\sts-4.21.1.RELEASE\plugins\org.eclipse.justj.openjdk.hotspot.jre.full.win32.x86_64_17.0.10.v20240120-1143\jre, file.separator=\, basedir=C:\Users\keerthana.prabu\Downloads\mrf-service, style.color=always, java.vm.compressedOopsMode=Zero based, line.separator=
, hibernate.persistenceUnitName=default, java.vm.specification.vendor=Oracle Corporation, java.specification.name=Java Platform API Specification, FILE_LOG_CHARSET=windows-1252, hibernate.transaction.coordinator_class=class org.hibernate.resource.transaction.backend.jdbc.internal.JdbcResourceLocalTransactionCoordinatorBuilderImpl, java.awt.headless=true, surefire.real.class.path=C:\Users\keerthana.prabu\AppData\Local\Temp\surefire11893998954917439230\surefirebooter-20250203120817243_3.jar, jakarta.persistence.validation.mode=AUTO, hibernate.hbm2ddl.auto=update, user.script=, sun.management.compiler=HotSpot 64-Bit Tiered Compilers, java.runtime.version=17.0.10+7, user.name=keerthana.prabu, path.separator=;, os.version=10.0, java.runtime.name=OpenJDK Runtime Environment, file.encoding=Cp1252, FILE_LOG_PATTERN=%d{yyyy-MM-dd HH:mm:ss} [%thread] %-5level %logger{36} - %msg%n, java.vm.name=OpenJDK 64-Bit Server VM, hibernate.show_sql=true, java.vendor.version=Temurin-17.0.10+7, LOG_FILE=logs/tap-api.log, localRepository=C:\Users\keerthana.prabu\.m2\repository, java.vendor.url.bug=https://github.com/adoptium/adoptium-support/issues, java.io.tmpdir=C:\Users\KEERTH~1.PRA\AppData\Local\Temp\, java.version=17.0.10, hibernate.physical_naming_strategy=org.hibernate.boot.model.naming.CamelCaseToUnderscoresNamingStrategy, user.dir=C:\Users\keerthana.prabu\Downloads\mrf-service, os.arch=amd64, java.vm.specification.name=Java Virtual Machine Specification, PID=35316, sun.os.patch.level=, CONSOLE_LOG_CHARSET=windows-1252, LOGBACK_ROLLINGPOLICY_MAX_HISTORY=30, hibernate.boot.CfgXmlAccessService.key=org.hibernate.boot.registry.StandardServiceRegistryBuilder$1@2e564c78, native.encoding=Cp1252, java.library.path=D:\sts-4.21.1.RELEASE\plugins\org.eclipse.justj.openjdk.hotspot.jre.full.win32.x86_64_17.0.10.v20240120-1143\jre\bin;C:\Windows\Sun\Java\bin;C:\Windows\system32;C:\Windows;D:/sts-4.21.1.RELEASE//plugins/org.eclipse.justj.openjdk.hotspot.jre.full.win32.x86_64_17.0.10.v20240120-1143/jre/bin/server;D:/sts-4.21.1.RELEASE//plugins/org.eclipse.justj.openjdk.hotspot.jre.full.win32.x86_64_17.0.10.v20240120-1143/jre/bin;C:\Program Files\Common Files\Oracle\Java\javapath;C:\Windows\system32;C:\Windows;C:\Windows\System32\Wbem;C:\Windows\System32\WindowsPowerShell\v1.0\;C:\Windows\System32\OpenSSH\;C:\Program Files\Microsoft VS Code\bin;D:\sonarqube-9.9.4.87374\sonarqube-9.9.4.87374\bin\windows-x86-64;D:\apache-maven-3.9.6-bin\apache-maven-3.9.6\bin;C:\Program Files\Git\cmd;C:\Program Files\Docker\Docker\resources\bin;C:\Program Files\nodejs\;C:\Program Files\PuTTY\;C:\Users\keerthana.prabu\AppData\Local\Microsoft\WindowsApps;C:\Users\keerthana.prabu\AppData\Roaming\npm;D:\sts-4.21.1.RELEASE;;., java.vendor=Eclipse Adoptium, java.vm.info=mixed mode, java.vm.version=17.0.10+7, sun.io.unicode.encoding=UnicodeLittle, hibernate.archive.scanner=org.hibernate.boot.archive.scan.internal.DisabledScanner, hibernate.connection.datasource=HikariDataSource (null), CONSOLE_LOG_PATTERN=%d{yyyy-MM-dd HH:mm:ss} [%thread] %-5level %logger{36} - %msg%n, java.class.version=61.0, LOGGED_APPLICATION_NAME=[mrf-service] }
2025-02-03 12:08:29 [main] DEBUG o.h.internal.SessionFactoryImpl - Session factory constructed with filter configurations : {}
2025-02-03 12:08:29 [main] DEBUG o.h.b.b.TypeSafeActivator - Unable to acquire Bean Validation ValidatorFactory, skipping activation
2025-02-03 12:08:29 [main] DEBUG o.h.q.s.function.SqmFunctionRegistry - Registered SqmFunctionTemplate [NamedSqmFunctionTemplate(max)] under max; prior registration was null
2025-02-03 12:08:29 [main] DEBUG o.h.q.s.function.SqmFunctionRegistry - Registered SqmFunctionTemplate [NamedSqmFunctionTemplate(min)] under min; prior registration was null
2025-02-03 12:08:29 [main] DEBUG o.h.q.s.function.SqmFunctionRegistry - Registered SqmFunctionTemplate [NamedSqmFunctionTemplate(sum)] under sum; prior registration was null
2025-02-03 12:08:29 [main] DEBUG o.h.q.s.function.SqmFunctionRegistry - Registered SqmFunctionTemplate [NamedSqmFunctionTemplate(avg)] under avg; prior registration was null
2025-02-03 12:08:29 [main] DEBUG o.h.q.s.function.SqmFunctionRegistry - Registered SqmFunctionTemplate [org.hibernate.dialect.function.CountFunction@3f1d4ecf] under count; prior registration was null
2025-02-03 12:08:29 [main] DEBUG o.h.q.s.function.SqmFunctionRegistry - Registered SqmFunctionTemplate [org.hibernate.dialect.function.EveryAnyEmulation@7ec75228] under every; prior registration was null
2025-02-03 12:08:29 [main] DEBUG o.h.q.s.function.SqmFunctionRegistry - Registered SqmFunctionTemplate [org.hibernate.dialect.function.EveryAnyEmulation@55cf5626] under any; prior registration was null
2025-02-03 12:08:29 [main] DEBUG o.h.q.s.function.SqmFunctionRegistry - Registered SqmFunctionTemplate [NamedSqmFunctionTemplate(floor)] under floor; prior registration was null
2025-02-03 12:08:29 [main] DEBUG o.h.q.s.function.SqmFunctionRegistry - Registered SqmFunctionTemplate [NamedSqmFunctionTemplate(ceiling)] under ceiling; prior registration was null
2025-02-03 12:08:29 [main] DEBUG o.h.q.s.function.SqmFunctionRegistry - Registered SqmFunctionTemplate [NamedSqmFunctionTemplate(mod)] under mod; prior registration was null
2025-02-03 12:08:29 [main] DEBUG o.h.q.s.function.SqmFunctionRegistry - Registered SqmFunctionTemplate [NamedSqmFunctionTemplate(abs)] under abs; prior registration was null
2025-02-03 12:08:29 [main] DEBUG o.h.q.s.function.SqmFunctionRegistry - Registered SqmFunctionTemplate [NamedSqmFunctionTemplate(sign)] under sign; prior registration was null
2025-02-03 12:08:29 [main] DEBUG o.h.q.s.function.SqmFunctionRegistry - Registered SqmFunctionTemplate [NamedSqmFunctionTemplate(sqrt)] under sqrt; prior registration was null
2025-02-03 12:08:29 [main] DEBUG o.h.q.s.function.SqmFunctionRegistry - Registered SqmFunctionTemplate [NamedSqmFunctionTemplate(ln)] under ln; prior registration was null
2025-02-03 12:08:29 [main] DEBUG o.h.q.s.function.SqmFunctionRegistry - Registered SqmFunctionTemplate [NamedSqmFunctionTemplate(exp)] under exp; prior registration was null
2025-02-03 12:08:29 [main] DEBUG o.h.q.s.function.SqmFunctionRegistry - Registered SqmFunctionTemplate [NamedSqmFunctionTemplate(power)] under power; prior registration was null
2025-02-03 12:08:29 [main] DEBUG o.h.q.s.function.SqmFunctionRegistry - Registered SqmFunctionTemplate [NamedSqmFunctionTemplate(round)] under round; prior registration was null
2025-02-03 12:08:29 [main] DEBUG o.h.q.s.function.SqmFunctionRegistry - Registered SqmFunctionTemplate [NamedSqmFunctionTemplate(sin)] under sin; prior registration was null
2025-02-03 12:08:29 [main] DEBUG o.h.q.s.function.SqmFunctionRegistry - Registered SqmFunctionTemplate [NamedSqmFunctionTemplate(cos)] under cos; prior registration was null
2025-02-03 12:08:29 [main] DEBUG o.h.q.s.function.SqmFunctionRegistry - Registered SqmFunctionTemplate [NamedSqmFunctionTemplate(tan)] under tan; prior registration was null
2025-02-03 12:08:29 [main] DEBUG o.h.q.s.function.SqmFunctionRegistry - Registered SqmFunctionTemplate [NamedSqmFunctionTemplate(asin)] under asin; prior registration was null
2025-02-03 12:08:29 [main] DEBUG o.h.q.s.function.SqmFunctionRegistry - Registered SqmFunctionTemplate [NamedSqmFunctionTemplate(acos)] under acos; prior registration was null
2025-02-03 12:08:29 [main] DEBUG o.h.q.s.function.SqmFunctionRegistry - Registered SqmFunctionTemplate [NamedSqmFunctionTemplate(atan)] under atan; prior registration was null
2025-02-03 12:08:29 [main] DEBUG o.h.q.s.function.SqmFunctionRegistry - Registered SqmFunctionTemplate [NamedSqmFunctionTemplate(atan2)] under atan2; prior registration was null
2025-02-03 12:08:29 [main] DEBUG o.h.q.s.function.SqmFunctionRegistry - Registered SqmFunctionTemplate [org.hibernate.query.sqm.function.PatternBasedSqmFunctionDescriptor@6b64921f] under sinh; prior registration was null
2025-02-03 12:08:29 [main] DEBUG o.h.q.s.function.SqmFunctionRegistry - Registered SqmFunctionTemplate [org.hibernate.query.sqm.function.PatternBasedSqmFunctionDescriptor@439d649c] under cosh; prior registration was null
2025-02-03 12:08:29 [main] DEBUG o.h.q.s.function.SqmFunctionRegistry - Registered SqmFunctionTemplate [org.hibernate.query.sqm.function.PatternBasedSqmFunctionDescriptor@6e475994] under tanh; prior registration was null
2025-02-03 12:08:29 [main] DEBUG o.h.q.s.function.SqmFunctionRegistry - Registered SqmFunctionTemplate [org.hibernate.query.sqm.function.PatternBasedSqmFunctionDescriptor@55a2f08b] under pi; prior registration was null
2025-02-03 12:08:29 [main] DEBUG o.h.q.s.function.SqmFunctionRegistry - Registered SqmFunctionTemplate [org.hibernate.query.sqm.function.PatternBasedSqmFunctionDescriptor@1a99744a] under log; prior registration was null
2025-02-03 12:08:29 [main] DEBUG o.h.q.s.function.SqmFunctionRegistry - Registered SqmFunctionTemplate [NamedSqmFunctionTemplate(coalesce)] under coalesce; prior registration was null
2025-02-03 12:08:29 [main] DEBUG o.h.q.s.function.SqmFunctionRegistry - Registered SqmFunctionTemplate [NamedSqmFunctionTemplate(nullif)] under nullif; prior registration was null
2025-02-03 12:08:29 [main] DEBUG o.h.q.s.function.SqmFunctionRegistry - Registered SqmFunctionTemplate [NamedSqmFunctionTemplate(left)] under left; prior registration was null
2025-02-03 12:08:29 [main] DEBUG o.h.q.s.function.SqmFunctionRegistry - Registered SqmFunctionTemplate [NamedSqmFunctionTemplate(right)] under right; prior registration was null
2025-02-03 12:08:29 [main] DEBUG o.h.q.s.function.SqmFunctionRegistry - Registered SqmFunctionTemplate [NamedSqmFunctionTemplate(replace)] under replace; prior registration was null
2025-02-03 12:08:29 [main] DEBUG o.h.q.s.function.SqmFunctionRegistry - Registered SqmFunctionTemplate [NamedSqmFunctionTemplate(concat)] under concat; prior registration was null
2025-02-03 12:08:29 [main] DEBUG o.h.q.s.function.SqmFunctionRegistry - Registered SqmFunctionTemplate [NamedSqmFunctionTemplate(lower)] under lower; prior registration was null
2025-02-03 12:08:29 [main] DEBUG o.h.q.s.function.SqmFunctionRegistry - Registered SqmFunctionTemplate [NamedSqmFunctionTemplate(upper)] under upper; prior registration was null
2025-02-03 12:08:29 [main] DEBUG o.h.q.s.function.SqmFunctionRegistry - Registered SqmFunctionTemplate [NamedSqmFunctionTemplate(substring)] under substring; prior registration was null
2025-02-03 12:08:29 [main] DEBUG o.h.q.s.function.SqmFunctionRegistry - Registered SqmFunctionTemplate [NamedSqmFunctionTemplate(locate)] under locate; prior registration was null
2025-02-03 12:08:29 [main] DEBUG o.h.q.s.function.SqmFunctionRegistry - Registered SqmFunctionTemplate [NamedSqmFunctionTemplate(character_length)] under character_length; prior registration was null
2025-02-03 12:08:29 [main] DEBUG o.h.q.s.function.SqmFunctionRegistry - Registering alternate key : length -> character_length
2025-02-03 12:08:29 [main] DEBUG o.h.q.s.function.SqmFunctionRegistry - Registered SqmFunctionTemplate [org.hibernate.dialect.function.LocatePositionEmulation@4f571c0e] under position; prior registration was null
2025-02-03 12:08:29 [main] DEBUG o.h.q.s.function.SqmFunctionRegistry - Registered SqmFunctionTemplate [org.hibernate.dialect.function.InsertSubstringOverlayEmulation@6bd8c398] under overlay; prior registration was null
2025-02-03 12:08:29 [main] DEBUG o.h.q.s.function.SqmFunctionRegistry - Registered SqmFunctionTemplate [org.hibernate.dialect.function.TrimFunction@66c32e15] under trim; prior registration was null
2025-02-03 12:08:29 [main] DEBUG o.h.q.s.function.SqmFunctionRegistry - Registered SqmFunctionTemplate [org.hibernate.dialect.function.CastFunction@69e736bf] under cast; prior registration was null
2025-02-03 12:08:29 [main] DEBUG o.h.q.s.function.SqmFunctionRegistry - Registered SqmFunctionTemplate [org.hibernate.query.sqm.function.PatternBasedSqmFunctionDescriptor@6b60d99c] under collate; prior registration was null
2025-02-03 12:08:29 [main] DEBUG o.h.q.s.function.SqmFunctionRegistry - Registered SqmFunctionTemplate [org.hibernate.dialect.function.ExtractFunction@eda7dd3] under extract; prior registration was null
2025-02-03 12:08:29 [main] DEBUG o.h.q.s.function.SqmFunctionRegistry - Registered SqmFunctionTemplate [NamedSqmFunctionTemplate(least)] under least; prior registration was null
2025-02-03 12:08:29 [main] DEBUG o.h.q.s.function.SqmFunctionRegistry - Registered SqmFunctionTemplate [NamedSqmFunctionTemplate(greatest)] under greatest; prior registration was null
2025-02-03 12:08:29 [main] DEBUG o.h.q.s.function.SqmFunctionRegistry - Registered SqmFunctionTemplate [org.hibernate.dialect.function.CoalesceIfnullEmulation@1028a747] under ifnull; prior registration was null
2025-02-03 12:08:29 [main] DEBUG o.h.q.s.function.SqmFunctionRegistry - Registered SqmFunctionTemplate [NamedSqmFunctionTemplate(lpad)] under lpad; prior registration was null
2025-02-03 12:08:29 [main] DEBUG o.h.q.s.function.SqmFunctionRegistry - Registered SqmFunctionTemplate [NamedSqmFunctionTemplate(rpad)] under rpad; prior registration was null
2025-02-03 12:08:29 [main] DEBUG o.h.q.s.function.SqmFunctionRegistry - Registered SqmFunctionTemplate [org.hibernate.dialect.function.LpadRpadPadEmulation@7205a8b7] under pad; prior registration was null
2025-02-03 12:08:29 [main] DEBUG o.h.q.s.function.SqmFunctionRegistry - Registered SqmFunctionTemplate [org.hibernate.dialect.function.CastStrEmulation@4babe06f] under str; prior registration was null
2025-02-03 12:08:29 [main] DEBUG o.h.q.s.function.SqmFunctionRegistry - Registered SqmFunctionTemplate [org.hibernate.dialect.function.FormatFunction@724e0a77] under format; prior registration was null
2025-02-03 12:08:29 [main] DEBUG o.h.q.s.function.SqmFunctionRegistry - Registered SqmFunctionTemplate [org.hibernate.dialect.function.TimestampaddFunction@71e9640] under timestampadd; prior registration was null
2025-02-03 12:08:29 [main] DEBUG o.h.q.s.function.SqmFunctionRegistry - Registered SqmFunctionTemplate [org.hibernate.dialect.function.TimestampdiffFunction@4a45ff31] under timestampdiff; prior registration was null
2025-02-03 12:08:29 [main] DEBUG o.h.q.s.function.SqmFunctionRegistry - Registering alternate key : dateadd -> timestampadd
2025-02-03 12:08:29 [main] DEBUG o.h.q.s.function.SqmFunctionRegistry - Registering alternate key : datediff -> timestampdiff
2025-02-03 12:08:29 [main] DEBUG o.h.q.s.function.SqmFunctionRegistry - Registered SqmFunctionTemplate [org.hibernate.dialect.function.CurrentFunction@5b1cedfd] under current_date; prior registration was null
2025-02-03 12:08:29 [main] DEBUG o.h.q.s.function.SqmFunctionRegistry - Registered SqmFunctionTemplate [org.hibernate.dialect.function.CurrentFunction@1fe2c5ad] under current_time; prior registration was null
2025-02-03 12:08:29 [main] DEBUG o.h.q.s.function.SqmFunctionRegistry - Registered SqmFunctionTemplate [org.hibernate.dialect.function.CurrentFunction@6334c0d8] under current_timestamp; prior registration was null
2025-02-03 12:08:29 [main] DEBUG o.h.q.s.function.SqmFunctionRegistry - Registering alternate key : current date -> current_date
2025-02-03 12:08:29 [main] DEBUG o.h.q.s.function.SqmFunctionRegistry - Registering alternate key : current time -> current_time
2025-02-03 12:08:29 [main] DEBUG o.h.q.s.function.SqmFunctionRegistry - Registering alternate key : current timestamp -> current_timestamp
2025-02-03 12:08:29 [main] DEBUG o.h.q.s.function.SqmFunctionRegistry - Registered SqmFunctionTemplate [org.hibernate.dialect.function.CurrentFunction@74ed3be4] under local_date; prior registration was null
2025-02-03 12:08:29 [main] DEBUG o.h.q.s.function.SqmFunctionRegistry - Registered SqmFunctionTemplate [org.hibernate.dialect.function.CurrentFunction@48224381] under local_time; prior registration was null
2025-02-03 12:08:29 [main] DEBUG o.h.q.s.function.SqmFunctionRegistry - Registered SqmFunctionTemplate [org.hibernate.dialect.function.CurrentFunction@41e43885] under local_datetime; prior registration was null
2025-02-03 12:08:29 [main] DEBUG o.h.q.s.function.SqmFunctionRegistry - Registered SqmFunctionTemplate [org.hibernate.dialect.function.CurrentFunction@4131261] under offset_datetime; prior registration was null
2025-02-03 12:08:29 [main] DEBUG o.h.q.s.function.SqmFunctionRegistry - Registering alternate key : local date -> local_date
2025-02-03 12:08:29 [main] DEBUG o.h.q.s.function.SqmFunctionRegistry - Registering alternate key : local time -> local_time
2025-02-03 12:08:29 [main] DEBUG o.h.q.s.function.SqmFunctionRegistry - Registering alternate key : local datetime -> local_datetime
2025-02-03 12:08:29 [main] DEBUG o.h.q.s.function.SqmFunctionRegistry - Registering alternate key : offset datetime -> offset_datetime
2025-02-03 12:08:29 [main] DEBUG o.h.q.s.function.SqmFunctionRegistry - Registered SqmFunctionTemplate [org.hibernate.dialect.function.CurrentFunction@193c3b1c] under instant; prior registration was null
2025-02-03 12:08:29 [main] DEBUG o.h.q.s.function.SqmFunctionRegistry - Registering alternate key : current_instant -> instant
2025-02-03 12:08:29 [main] DEBUG o.h.q.s.function.SqmFunctionRegistry - Registered SqmFunctionTemplate [org.hibernate.dialect.function.SqlFunction@4718d320] under sql; prior registration was null
2025-02-03 12:08:29 [main] DEBUG o.h.q.s.function.SqmFunctionRegistry - Registered SqmFunctionTemplate [NamedSqmFunctionTemplate(soundex)] under soundex; prior registration was null
2025-02-03 12:08:29 [main] DEBUG o.h.q.s.function.SqmFunctionRegistry - Registered SqmFunctionTemplate [NamedSqmFunctionTemplate(radians)] under radians; prior registration was null
2025-02-03 12:08:29 [main] DEBUG o.h.q.s.function.SqmFunctionRegistry - Registered SqmFunctionTemplate [NamedSqmFunctionTemplate(degrees)] under degrees; prior registration was null
2025-02-03 12:08:29 [main] DEBUG o.h.q.s.function.SqmFunctionRegistry - Registered SqmFunctionTemplate [NamedSqmFunctionTemplate(cot)] under cot; prior registration was null
2025-02-03 12:08:29 [main] DEBUG o.h.q.s.function.SqmFunctionRegistry - Registered SqmFunctionTemplate [NamedSqmFunctionTemplate(log)] under log; prior registration was org.hibernate.query.sqm.function.PatternBasedSqmFunctionDescriptor@1a99744a
2025-02-03 12:08:29 [main] DEBUG o.h.q.s.function.SqmFunctionRegistry - Registered SqmFunctionTemplate [NamedSqmFunctionTemplate(log2)] under log2; prior registration was null
2025-02-03 12:08:29 [main] DEBUG o.h.q.s.function.SqmFunctionRegistry - Registered SqmFunctionTemplate [NamedSqmFunctionTemplate(log10)] under log10; prior registration was null
2025-02-03 12:08:29 [main] DEBUG o.h.q.s.function.SqmFunctionRegistry - Registered SqmFunctionTemplate [NamedSqmFunctionTemplate(ltrim)] under ltrim; prior registration was null
2025-02-03 12:08:29 [main] DEBUG o.h.q.s.function.SqmFunctionRegistry - Registered SqmFunctionTemplate [NamedSqmFunctionTemplate(rtrim)] under rtrim; prior registration was null
2025-02-03 12:08:29 [main] DEBUG o.h.q.s.function.SqmFunctionRegistry - Registered SqmFunctionTemplate [NamedSqmFunctionTemplate(octet_length)] under octet_length; prior registration was null
2025-02-03 12:08:29 [main] DEBUG o.h.q.s.function.SqmFunctionRegistry - Registered SqmFunctionTemplate [NamedSqmFunctionTemplate(reverse)] under reverse; prior registration was null
2025-02-03 12:08:29 [main] DEBUG o.h.q.s.function.SqmFunctionRegistry - Registered SqmFunctionTemplate [NamedSqmFunctionTemplate(space)] under space; prior registration was null
2025-02-03 12:08:29 [main] DEBUG o.h.q.s.function.SqmFunctionRegistry - Registered SqmFunctionTemplate [NamedSqmFunctionTemplate(repeat)] under repeat; prior registration was null
2025-02-03 12:08:29 [main] DEBUG o.h.q.s.function.SqmFunctionRegistry - Registered SqmFunctionTemplate [org.hibernate.query.sqm.function.MultipatternSqmFunctionDescriptor@3f3a529f] under lpad; prior registration was NamedSqmFunctionTemplate(lpad)
2025-02-03 12:08:29 [main] DEBUG o.h.q.s.function.SqmFunctionRegistry - Registered SqmFunctionTemplate [org.hibernate.query.sqm.function.MultipatternSqmFunctionDescriptor@ce8b59e] under rpad; prior registration was NamedSqmFunctionTemplate(rpad)
2025-02-03 12:08:29 [main] DEBUG o.h.q.s.function.SqmFunctionRegistry - Registered SqmFunctionTemplate [NamedSqmFunctionTemplate(md5)] under md5; prior registration was null
2025-02-03 12:08:29 [main] DEBUG o.h.q.s.function.SqmFunctionRegistry - Registered SqmFunctionTemplate [NamedSqmFunctionTemplate(day)] under day; prior registration was null
2025-02-03 12:08:29 [main] DEBUG o.h.q.s.function.SqmFunctionRegistry - Registered SqmFunctionTemplate [NamedSqmFunctionTemplate(month)] under month; prior registration was null
2025-02-03 12:08:29 [main] DEBUG o.h.q.s.function.SqmFunctionRegistry - Registered SqmFunctionTemplate [NamedSqmFunctionTemplate(year)] under year; prior registration was null
2025-02-03 12:08:29 [main] DEBUG o.h.q.s.function.SqmFunctionRegistry - Registered SqmFunctionTemplate [NamedSqmFunctionTemplate(hour)] under hour; prior registration was null
2025-02-03 12:08:29 [main] DEBUG o.h.q.s.function.SqmFunctionRegistry - Registered SqmFunctionTemplate [NamedSqmFunctionTemplate(minute)] under minute; prior registration was null
2025-02-03 12:08:29 [main] DEBUG o.h.q.s.function.SqmFunctionRegistry - Registered SqmFunctionTemplate [NamedSqmFunctionTemplate(second)] under second; prior registration was null
2025-02-03 12:08:29 [main] DEBUG o.h.q.s.function.SqmFunctionRegistry - Registered SqmFunctionTemplate [NamedSqmFunctionTemplate(microsecond)] under microsecond; prior registration was null
2025-02-03 12:08:29 [main] DEBUG o.h.q.s.function.SqmFunctionRegistry - Registered SqmFunctionTemplate [NamedSqmFunctionTemplate(dayofweek)] under dayofweek; prior registration was null
2025-02-03 12:08:29 [main] DEBUG o.h.q.s.function.SqmFunctionRegistry - Registered SqmFunctionTemplate [NamedSqmFunctionTemplate(dayofmonth)] under dayofmonth; prior registration was null
2025-02-03 12:08:29 [main] DEBUG o.h.q.s.function.SqmFunctionRegistry - Registering alternate key : day -> dayofmonth
2025-02-03 12:08:29 [main] DEBUG o.h.q.s.function.SqmFunctionRegistry - Registered SqmFunctionTemplate [NamedSqmFunctionTemplate(dayofyear)] under dayofyear; prior registration was null
2025-02-03 12:08:29 [main] DEBUG o.h.q.s.function.SqmFunctionRegistry - Registered SqmFunctionTemplate [NamedSqmFunctionTemplate(week)] under week; prior registration was null
2025-02-03 12:08:29 [main] DEBUG o.h.q.s.function.SqmFunctionRegistry - Registered SqmFunctionTemplate [NamedSqmFunctionTemplate(quarter)] under quarter; prior registration was null
2025-02-03 12:08:29 [main] DEBUG o.h.q.s.function.SqmFunctionRegistry - Registered SqmFunctionTemplate [NamedSqmFunctionTemplate(monthname)] under monthname; prior registration was null
2025-02-03 12:08:29 [main] DEBUG o.h.q.s.function.SqmFunctionRegistry - Registered SqmFunctionTemplate [NamedSqmFunctionTemplate(dayname)] under dayname; prior registration was null
2025-02-03 12:08:29 [main] DEBUG o.h.q.s.function.SqmFunctionRegistry - Registered SqmFunctionTemplate [NamedSqmFunctionTemplate(last_day)] under last_day; prior registration was null
2025-02-03 12:08:29 [main] DEBUG o.h.q.s.function.SqmFunctionRegistry - Registered SqmFunctionTemplate [NamedSqmFunctionTemplate(date)] under date; prior registration was null
2025-02-03 12:08:29 [main] DEBUG o.h.q.s.function.SqmFunctionRegistry - Registered SqmFunctionTemplate [NamedSqmFunctionTemplate(timestamp)] under timestamp; prior registration was null
2025-02-03 12:08:29 [main] DEBUG o.h.q.s.function.SqmFunctionRegistry - Registered SqmFunctionTemplate [NamedSqmFunctionTemplate(time)] under time; prior registration was null
2025-02-03 12:08:29 [main] DEBUG o.h.q.s.function.SqmFunctionRegistry - Registered SqmFunctionTemplate [NamedSqmFunctionTemplate(utc_date)] under utc_date; prior registration was null
2025-02-03 12:08:29 [main] DEBUG o.h.q.s.function.SqmFunctionRegistry - Registered SqmFunctionTemplate [NamedSqmFunctionTemplate(utc_time)] under utc_time; prior registration was null
2025-02-03 12:08:29 [main] DEBUG o.h.q.s.function.SqmFunctionRegistry - Registered SqmFunctionTemplate [NamedSqmFunctionTemplate(utc_timestamp)] under utc_timestamp; prior registration was null
2025-02-03 12:08:29 [main] DEBUG o.h.q.s.function.SqmFunctionRegistry - Registered SqmFunctionTemplate [NamedSqmFunctionTemplate(rand)] under rand; prior registration was null
2025-02-03 12:08:29 [main] DEBUG o.h.q.s.function.SqmFunctionRegistry - Registered SqmFunctionTemplate [NamedSqmFunctionTemplate(crc32)] under crc32; prior registration was null
2025-02-03 12:08:29 [main] DEBUG o.h.q.s.function.SqmFunctionRegistry - Registered SqmFunctionTemplate [NamedSqmFunctionTemplate(sha1)] under sha1; prior registration was null
2025-02-03 12:08:29 [main] DEBUG o.h.q.s.function.SqmFunctionRegistry - Registered SqmFunctionTemplate [NamedSqmFunctionTemplate(sha2)] under sha2; prior registration was null
2025-02-03 12:08:29 [main] DEBUG o.h.q.s.function.SqmFunctionRegistry - Registered SqmFunctionTemplate [NamedSqmFunctionTemplate(sha)] under sha; prior registration was null
2025-02-03 12:08:29 [main] DEBUG o.h.q.s.function.SqmFunctionRegistry - Registered SqmFunctionTemplate [NamedSqmFunctionTemplate(bit_length)] under bit_length; prior registration was null
2025-02-03 12:08:29 [main] DEBUG o.h.q.s.function.SqmFunctionRegistry - Registered SqmFunctionTemplate [NamedSqmFunctionTemplate(octet_length)] under octet_length; prior registration was NamedSqmFunctionTemplate(octet_length)
2025-02-03 12:08:29 [main] DEBUG o.h.q.s.function.SqmFunctionRegistry - Registered SqmFunctionTemplate [NamedSqmFunctionTemplate(ascii)] under ascii; prior registration was null
2025-02-03 12:08:29 [main] DEBUG o.h.q.s.function.SqmFunctionRegistry - Registered SqmFunctionTemplate [NamedSqmFunctionTemplate(instr)] under instr; prior registration was null
2025-02-03 12:08:29 [main] DEBUG o.h.q.s.function.SqmFunctionRegistry - Registered SqmFunctionTemplate [NamedSqmFunctionTemplate(substr)] under substr; prior registration was null
2025-02-03 12:08:29 [main] DEBUG o.h.q.s.function.SqmFunctionRegistry - Registered SqmFunctionTemplate [org.hibernate.query.sqm.function.PatternBasedSqmFunctionDescriptor@5aa5b3af] under position; prior registration was org.hibernate.dialect.function.LocatePositionEmulation@4f571c0e
2025-02-03 12:08:29 [main] DEBUG o.h.q.s.function.SqmFunctionRegistry - Registered SqmFunctionTemplate [NamedSqmFunctionTemplate(curtime)] under curtime; prior registration was null
2025-02-03 12:08:29 [main] DEBUG o.h.q.s.function.SqmFunctionRegistry - Registered SqmFunctionTemplate [NamedSqmFunctionTemplate(curdate)] under curdate; prior registration was null
2025-02-03 12:08:29 [main] DEBUG o.h.q.s.function.SqmFunctionRegistry - Registered SqmFunctionTemplate [NamedSqmFunctionTemplate(now)] under now; prior registration was null
2025-02-03 12:08:29 [main] DEBUG o.h.q.s.function.SqmFunctionRegistry - Registered SqmFunctionTemplate [org.hibernate.dialect.function.TruncFunction@508abc74] under trunc; prior registration was null
2025-02-03 12:08:29 [main] DEBUG o.h.q.s.function.SqmFunctionRegistry - Registering alternate key : truncate -> trunc
2025-02-03 12:08:29 [main] DEBUG o.h.q.s.function.SqmFunctionRegistry - Registered SqmFunctionTemplate [NamedSqmFunctionTemplate(insert)] under insert; prior registration was null
2025-02-03 12:08:29 [main] DEBUG o.h.q.s.function.SqmFunctionRegistry - Registered SqmFunctionTemplate [org.hibernate.query.sqm.function.PatternBasedSqmFunctionDescriptor@77b01226] under bitand; prior registration was null
2025-02-03 12:08:29 [main] DEBUG o.h.q.s.function.SqmFunctionRegistry - Registered SqmFunctionTemplate [org.hibernate.query.sqm.function.PatternBasedSqmFunctionDescriptor@386ea60f] under bitor; prior registration was null
2025-02-03 12:08:29 [main] DEBUG o.h.q.s.function.SqmFunctionRegistry - Registered SqmFunctionTemplate [org.hibernate.query.sqm.function.PatternBasedSqmFunctionDescriptor@c7b100b] under bitxor; prior registration was null
2025-02-03 12:08:29 [main] DEBUG o.h.q.s.function.SqmFunctionRegistry - Registered SqmFunctionTemplate [org.hibernate.query.sqm.function.PatternBasedSqmFunctionDescriptor@99774ec] under bitnot; prior registration was null
2025-02-03 12:08:29 [main] DEBUG o.h.q.s.function.SqmFunctionRegistry - Registered SqmFunctionTemplate [NamedSqmFunctionTemplate(bit_and)] under bit_and; prior registration was null
2025-02-03 12:08:29 [main] DEBUG o.h.q.s.function.SqmFunctionRegistry - Registered SqmFunctionTemplate [NamedSqmFunctionTemplate(bit_or)] under bit_or; prior registration was null
2025-02-03 12:08:29 [main] DEBUG o.h.q.s.function.SqmFunctionRegistry - Registered SqmFunctionTemplate [NamedSqmFunctionTemplate(stddev)] under stddev; prior registration was null
2025-02-03 12:08:29 [main] DEBUG o.h.q.s.function.SqmFunctionRegistry - Registered SqmFunctionTemplate [NamedSqmFunctionTemplate(stddev_pop)] under stddev_pop; prior registration was null
2025-02-03 12:08:29 [main] DEBUG o.h.q.s.function.SqmFunctionRegistry - Registered SqmFunctionTemplate [NamedSqmFunctionTemplate(stddev_samp)] under stddev_samp; prior registration was null
2025-02-03 12:08:29 [main] DEBUG o.h.q.s.function.SqmFunctionRegistry - Registered SqmFunctionTemplate [NamedSqmFunctionTemplate(variance)] under variance; prior registration was null
2025-02-03 12:08:29 [main] DEBUG o.h.q.s.function.SqmFunctionRegistry - Registered SqmFunctionTemplate [NamedSqmFunctionTemplate(var_pop)] under var_pop; prior registration was null
2025-02-03 12:08:29 [main] DEBUG o.h.q.s.function.SqmFunctionRegistry - Registered SqmFunctionTemplate [NamedSqmFunctionTemplate(var_samp)] under var_samp; prior registration was null
2025-02-03 12:08:29 [main] DEBUG o.h.q.s.function.SqmFunctionRegistry - Registered SqmFunctionTemplate [NamedSqmFunctionTemplate(datediff)] under datediff; prior registration was null
2025-02-03 12:08:29 [main] DEBUG o.h.q.s.function.SqmFunctionRegistry - Registered SqmFunctionTemplate [NamedSqmFunctionTemplate(adddate)] under adddate; prior registration was null
2025-02-03 12:08:29 [main] DEBUG o.h.q.s.function.SqmFunctionRegistry - Registered SqmFunctionTemplate [NamedSqmFunctionTemplate(subdate)] under subdate; prior registration was null
2025-02-03 12:08:29 [main] DEBUG o.h.q.s.function.SqmFunctionRegistry - Registered SqmFunctionTemplate [NamedSqmFunctionTemplate(addtime)] under addtime; prior registration was null
2025-02-03 12:08:29 [main] DEBUG o.h.q.s.function.SqmFunctionRegistry - Registered SqmFunctionTemplate [NamedSqmFunctionTemplate(subtime)] under subtime; prior registration was null
2025-02-03 12:08:29 [main] DEBUG o.h.q.s.function.SqmFunctionRegistry - Registered SqmFunctionTemplate [org.hibernate.dialect.function.FormatFunction@7ec176da] under format; prior registration was org.hibernate.dialect.function.FormatFunction@724e0a77
2025-02-03 12:08:29 [main] DEBUG o.h.q.s.function.SqmFunctionRegistry - Registered SqmFunctionTemplate [NamedSqmFunctionTemplate(makedate)] under makedate; prior registration was null
2025-02-03 12:08:29 [main] DEBUG o.h.q.s.function.SqmFunctionRegistry - Registered SqmFunctionTemplate [NamedSqmFunctionTemplate(maketime)] under maketime; prior registration was null
2025-02-03 12:08:29 [main] DEBUG o.h.q.s.function.SqmFunctionRegistry - Registered SqmFunctionTemplate [NamedSqmFunctionTemplate(localtime)] under localtime; prior registration was null
2025-02-03 12:08:29 [main] DEBUG o.h.q.s.function.SqmFunctionRegistry - Registered SqmFunctionTemplate [NamedSqmFunctionTemplate(localtimestamp)] under localtimestamp; prior registration was null
2025-02-03 12:08:29 [main] DEBUG o.h.q.s.function.SqmFunctionRegistry - Registered SqmFunctionTemplate [NamedSqmFunctionTemplate(localtime)] under local_time; prior registration was org.hibernate.dialect.function.CurrentFunction@48224381
2025-02-03 12:08:29 [main] DEBUG o.h.q.s.function.SqmFunctionRegistry - Registered SqmFunctionTemplate [NamedSqmFunctionTemplate(localtimestamp)] under local_datetime; prior registration was org.hibernate.dialect.function.CurrentFunction@41e43885
2025-02-03 12:08:29 [main] DEBUG o.h.q.s.function.SqmFunctionRegistry - Registered SqmFunctionTemplate [NamedSqmFunctionTemplate(localtime)] under localtime; prior registration was NamedSqmFunctionTemplate(localtime)
2025-02-03 12:08:29 [main] DEBUG o.h.q.s.function.SqmFunctionRegistry - Registered SqmFunctionTemplate [org.hibernate.query.sqm.function.PatternBasedSqmFunctionDescriptor@33d2f9d3] under pi; prior registration was org.hibernate.query.sqm.function.PatternBasedSqmFunctionDescriptor@55a2f08b
2025-02-03 12:08:29 [main] DEBUG o.h.q.s.function.SqmFunctionRegistry - Registered SqmFunctionTemplate [org.hibernate.query.sqm.function.PatternBasedSqmFunctionDescriptor@677d4cea] under chr; prior registration was null
2025-02-03 12:08:29 [main] DEBUG o.h.q.s.function.SqmFunctionRegistry - Registering alternate key : char -> chr
2025-02-03 12:08:29 [main] DEBUG o.h.q.s.function.SqmFunctionRegistry - Registered SqmFunctionTemplate [org.hibernate.query.sqm.function.PatternBasedSqmFunctionDescriptor@55ff64fd] under sysdate; prior registration was null
2025-02-03 12:08:29 [main] DEBUG o.h.q.s.function.SqmFunctionRegistry - Registered SqmFunctionTemplate [org.hibernate.dialect.function.ListaggGroupConcatEmulation@272485a6] under listagg; prior registration was null
2025-02-03 12:08:29 [main] DEBUG org.hibernate.HQL_FUNCTIONS - abs(NUMERIC arg)
2025-02-03 12:08:29 [main] DEBUG org.hibernate.HQL_FUNCTIONS - Double acos(NUMERIC arg)
2025-02-03 12:08:29 [main] DEBUG org.hibernate.HQL_FUNCTIONS - adddate(DATE datetime, INTEGER days)
2025-02-03 12:08:29 [main] DEBUG org.hibernate.HQL_FUNCTIONS - addtime(TIME datetime, TIME time)
2025-02-03 12:08:29 [main] DEBUG org.hibernate.HQL_FUNCTIONS - Boolean any(BOOLEAN arg)
2025-02-03 12:08:29 [main] DEBUG org.hibernate.HQL_FUNCTIONS - Integer ascii(STRING arg)
2025-02-03 12:08:29 [main] DEBUG org.hibernate.HQL_FUNCTIONS - Double asin(NUMERIC arg)
2025-02-03 12:08:29 [main] DEBUG org.hibernate.HQL_FUNCTIONS - Double atan(NUMERIC arg)
2025-02-03 12:08:29 [main] DEBUG org.hibernate.HQL_FUNCTIONS - Double atan2(NUMERIC arg0, NUMERIC arg1)
2025-02-03 12:08:29 [main] DEBUG org.hibernate.HQL_FUNCTIONS - avg(arg)
2025-02-03 12:08:29 [main] DEBUG org.hibernate.HQL_FUNCTIONS - bit_and(arg)
2025-02-03 12:08:29 [main] DEBUG org.hibernate.HQL_FUNCTIONS - Integer bit_length(STRING_OR_CLOB arg)
2025-02-03 12:08:29 [main] DEBUG org.hibernate.HQL_FUNCTIONS - bit_or(arg)
2025-02-03 12:08:29 [main] DEBUG org.hibernate.HQL_FUNCTIONS - bitand(arg0, arg1)
2025-02-03 12:08:29 [main] DEBUG org.hibernate.HQL_FUNCTIONS - bitnot(arg)
2025-02-03 12:08:29 [main] DEBUG org.hibernate.HQL_FUNCTIONS - bitor(arg0, arg1)
2025-02-03 12:08:29 [main] DEBUG org.hibernate.HQL_FUNCTIONS - bitxor(arg0, arg1)
2025-02-03 12:08:29 [main] DEBUG org.hibernate.HQL_FUNCTIONS - cast(arg as Type)
2025-02-03 12:08:29 [main] DEBUG org.hibernate.HQL_FUNCTIONS - ceiling(NUMERIC arg)
2025-02-03 12:08:29 [main] DEBUG org.hibernate.HQL_FUNCTIONS - Character char(INTEGER arg)
2025-02-03 12:08:29 [main] DEBUG org.hibernate.HQL_FUNCTIONS - Integer character_length(STRING_OR_CLOB arg)
2025-02-03 12:08:29 [main] DEBUG org.hibernate.HQL_FUNCTIONS - Character chr(INTEGER arg)
2025-02-03 12:08:29 [main] DEBUG org.hibernate.HQL_FUNCTIONS - coalesce(arg0[, arg1[, ...]])
2025-02-03 12:08:29 [main] DEBUG org.hibernate.HQL_FUNCTIONS - String collate(STRING string as COLLATION collation)
2025-02-03 12:08:29 [main] DEBUG org.hibernate.HQL_FUNCTIONS - String concat(STRING string0[, STRING string1[, ...]])
2025-02-03 12:08:29 [main] DEBUG org.hibernate.HQL_FUNCTIONS - Double cos(NUMERIC arg)
2025-02-03 12:08:29 [main] DEBUG org.hibernate.HQL_FUNCTIONS - Double cosh(NUMERIC arg)
2025-02-03 12:08:29 [main] DEBUG org.hibernate.HQL_FUNCTIONS - Double cot(NUMERIC arg)
2025-02-03 12:08:29 [main] DEBUG org.hibernate.HQL_FUNCTIONS - Long count([distinct ]{arg|*})
2025-02-03 12:08:29 [main] DEBUG org.hibernate.HQL_FUNCTIONS - Integer crc32(arg)
2025-02-03 12:08:29 [main] DEBUG org.hibernate.HQL_FUNCTIONS - Date curdate()
2025-02-03 12:08:29 [main] DEBUG org.hibernate.HQL_FUNCTIONS - Date current date
2025-02-03 12:08:29 [main] DEBUG org.hibernate.HQL_FUNCTIONS - Time current time
2025-02-03 12:08:29 [main] DEBUG org.hibernate.HQL_FUNCTIONS - Timestamp current timestamp
2025-02-03 12:08:29 [main] DEBUG org.hibernate.HQL_FUNCTIONS - Date current_date
2025-02-03 12:08:29 [main] DEBUG org.hibernate.HQL_FUNCTIONS - Instant current_instant
2025-02-03 12:08:29 [main] DEBUG org.hibernate.HQL_FUNCTIONS - Time current_time
2025-02-03 12:08:29 [main] DEBUG org.hibernate.HQL_FUNCTIONS - Timestamp current_timestamp
2025-02-03 12:08:29 [main] DEBUG org.hibernate.HQL_FUNCTIONS - Time curtime()
2025-02-03 12:08:29 [main] DEBUG org.hibernate.HQL_FUNCTIONS - Date date(arg)
2025-02-03 12:08:29 [main] DEBUG org.hibernate.HQL_FUNCTIONS - dateadd(TEMPORAL_UNIT field, INTEGER magnitude, TEMPORAL datetime)
2025-02-03 12:08:29 [main] DEBUG org.hibernate.HQL_FUNCTIONS - Integer datediff(DATE end, DATE start)
2025-02-03 12:08:29 [main] DEBUG org.hibernate.HQL_FUNCTIONS - Integer day(DATE arg)
2025-02-03 12:08:29 [main] DEBUG org.hibernate.HQL_FUNCTIONS - String dayname(DATE arg)
2025-02-03 12:08:29 [main] DEBUG org.hibernate.HQL_FUNCTIONS - Integer dayofmonth(DATE arg)
2025-02-03 12:08:29 [main] DEBUG org.hibernate.HQL_FUNCTIONS - Integer dayofweek(DATE arg)
2025-02-03 12:08:29 [main] DEBUG org.hibernate.HQL_FUNCTIONS - Integer dayofyear(DATE arg)
2025-02-03 12:08:29 [main] DEBUG org.hibernate.HQL_FUNCTIONS - Double degrees(NUMERIC arg)
2025-02-03 12:08:29 [main] DEBUG org.hibernate.HQL_FUNCTIONS - Boolean every(BOOLEAN arg)
2025-02-03 12:08:29 [main] DEBUG org.hibernate.HQL_FUNCTIONS - Double exp(NUMERIC arg)
2025-02-03 12:08:29 [main] DEBUG org.hibernate.HQL_FUNCTIONS - extract(TEMPORAL_UNIT field from TEMPORAL arg)
2025-02-03 12:08:29 [main] DEBUG org.hibernate.HQL_FUNCTIONS - floor(NUMERIC arg)
2025-02-03 12:08:29 [main] DEBUG org.hibernate.HQL_FUNCTIONS - String format(TEMPORAL datetime as STRING pattern)
2025-02-03 12:08:29 [main] DEBUG org.hibernate.HQL_FUNCTIONS - greatest(COMPARABLE arg0, COMPARABLE arg1[, arg2[, ...]])
2025-02-03 12:08:29 [main] DEBUG org.hibernate.HQL_FUNCTIONS - Integer hour(TIME arg)
2025-02-03 12:08:29 [main] DEBUG org.hibernate.HQL_FUNCTIONS - ifnull(arg0, arg1)
2025-02-03 12:08:29 [main] DEBUG org.hibernate.HQL_FUNCTIONS - String insert(STRING string, INTEGER start, INTEGER length, STRING replacement)
2025-02-03 12:08:29 [main] DEBUG org.hibernate.HQL_FUNCTIONS - Instant instant
2025-02-03 12:08:29 [main] DEBUG org.hibernate.HQL_FUNCTIONS - Integer instr(STRING string, STRING pattern[, INTEGER start[, INTEGER occurrence]])
2025-02-03 12:08:29 [main] DEBUG org.hibernate.HQL_FUNCTIONS - Date last_day(DATE arg)
2025-02-03 12:08:29 [main] DEBUG org.hibernate.HQL_FUNCTIONS - least(COMPARABLE arg0, COMPARABLE arg1[, arg2[, ...]])
2025-02-03 12:08:29 [main] DEBUG org.hibernate.HQL_FUNCTIONS - String left(STRING string, INTEGER length)
2025-02-03 12:08:29 [main] DEBUG org.hibernate.HQL_FUNCTIONS - Integer length(STRING_OR_CLOB arg)
2025-02-03 12:08:29 [main] DEBUG org.hibernate.HQL_FUNCTIONS - String listagg(STRING arg0, STRING arg1)
2025-02-03 12:08:29 [main] DEBUG org.hibernate.HQL_FUNCTIONS - Double ln(NUMERIC arg)
2025-02-03 12:08:29 [main] DEBUG org.hibernate.HQL_FUNCTIONS - LocalDate local date
2025-02-03 12:08:29 [main] DEBUG org.hibernate.HQL_FUNCTIONS - LocalDateTime local datetime
2025-02-03 12:08:29 [main] DEBUG org.hibernate.HQL_FUNCTIONS - LocalTime local time
2025-02-03 12:08:29 [main] DEBUG org.hibernate.HQL_FUNCTIONS - LocalDate local_date
2025-02-03 12:08:29 [main] DEBUG org.hibernate.HQL_FUNCTIONS - LocalDateTime local_datetime
2025-02-03 12:08:29 [main] DEBUG org.hibernate.HQL_FUNCTIONS - LocalTime local_time
2025-02-03 12:08:29 [main] DEBUG org.hibernate.HQL_FUNCTIONS - Timestamp localtime
2025-02-03 12:08:29 [main] DEBUG org.hibernate.HQL_FUNCTIONS - Timestamp localtimestamp
2025-02-03 12:08:29 [main] DEBUG org.hibernate.HQL_FUNCTIONS - Integer locate(STRING pattern, STRING string[, INTEGER start])
2025-02-03 12:08:29 [main] DEBUG org.hibernate.HQL_FUNCTIONS - Double log(NUMERIC arg0[, NUMERIC arg1])
2025-02-03 12:08:29 [main] DEBUG org.hibernate.HQL_FUNCTIONS - Double log10(NUMERIC arg)
2025-02-03 12:08:29 [main] DEBUG org.hibernate.HQL_FUNCTIONS - Double log2(NUMERIC arg)
2025-02-03 12:08:29 [main] DEBUG org.hibernate.HQL_FUNCTIONS - String lower(STRING string)
2025-02-03 12:08:29 [main] DEBUG org.hibernate.HQL_FUNCTIONS - String lpad(string, length[, padding])
2025-02-03 12:08:29 [main] DEBUG org.hibernate.HQL_FUNCTIONS - String ltrim(STRING string[, STRING characters])
2025-02-03 12:08:29 [main] DEBUG org.hibernate.HQL_FUNCTIONS - Date makedate(INTEGER year, INTEGER dayofyear)
2025-02-03 12:08:29 [main] DEBUG org.hibernate.HQL_FUNCTIONS - Time maketime(INTEGER hour, INTEGER min, INTEGER sec)
2025-02-03 12:08:29 [main] DEBUG org.hibernate.HQL_FUNCTIONS - max(COMPARABLE arg)
2025-02-03 12:08:29 [main] DEBUG org.hibernate.HQL_FUNCTIONS - String md5(arg)
2025-02-03 12:08:29 [main] DEBUG org.hibernate.HQL_FUNCTIONS - Integer microsecond(TIME arg)
2025-02-03 12:08:29 [main] DEBUG org.hibernate.HQL_FUNCTIONS - min(COMPARABLE arg)
2025-02-03 12:08:29 [main] DEBUG org.hibernate.HQL_FUNCTIONS - Integer minute(TIME arg)
2025-02-03 12:08:29 [main] DEBUG org.hibernate.HQL_FUNCTIONS - Integer mod(INTEGER arg0, INTEGER arg1)
2025-02-03 12:08:29 [main] DEBUG org.hibernate.HQL_FUNCTIONS - Integer month(DATE arg)
2025-02-03 12:08:29 [main] DEBUG org.hibernate.HQL_FUNCTIONS - String monthname(DATE arg)
2025-02-03 12:08:29 [main] DEBUG org.hibernate.HQL_FUNCTIONS - Timestamp now()
2025-02-03 12:08:29 [main] DEBUG org.hibernate.HQL_FUNCTIONS - nullif(arg0, arg1)
2025-02-03 12:08:29 [main] DEBUG org.hibernate.HQL_FUNCTIONS - Integer octet_length(STRING_OR_CLOB arg)
2025-02-03 12:08:29 [main] DEBUG org.hibernate.HQL_FUNCTIONS - OffsetDateTime offset datetime
2025-02-03 12:08:29 [main] DEBUG org.hibernate.HQL_FUNCTIONS - OffsetDateTime offset_datetime
2025-02-03 12:08:29 [main] DEBUG org.hibernate.HQL_FUNCTIONS - String overlay(STRING string placing STRING replacement from INTEGER start[ for INTEGER length])
2025-02-03 12:08:29 [main] DEBUG org.hibernate.HQL_FUNCTIONS - String pad(STRING string with INTEGER length {leading|trailing}[ STRING character])
2025-02-03 12:08:29 [main] DEBUG org.hibernate.HQL_FUNCTIONS - Double pi
2025-02-03 12:08:29 [main] DEBUG org.hibernate.HQL_FUNCTIONS - Integer position(STRING pattern in STRING string)
2025-02-03 12:08:29 [main] DEBUG org.hibernate.HQL_FUNCTIONS - Double power(NUMERIC arg0, NUMERIC arg1)
2025-02-03 12:08:29 [main] DEBUG org.hibernate.HQL_FUNCTIONS - Integer quarter(DATE arg)
2025-02-03 12:08:29 [main] DEBUG org.hibernate.HQL_FUNCTIONS - Double radians(NUMERIC arg)
2025-02-03 12:08:29 [main] DEBUG org.hibernate.HQL_FUNCTIONS - Double rand([INTEGER seed])
2025-02-03 12:08:29 [main] DEBUG org.hibernate.HQL_FUNCTIONS - String repeat(STRING string, INTEGER times)
2025-02-03 12:08:29 [main] DEBUG org.hibernate.HQL_FUNCTIONS - String replace(STRING string, STRING pattern, STRING replacement)
2025-02-03 12:08:29 [main] DEBUG org.hibernate.HQL_FUNCTIONS - String reverse(STRING arg)
2025-02-03 12:08:29 [main] DEBUG org.hibernate.HQL_FUNCTIONS - String right(STRING string, INTEGER length)
2025-02-03 12:08:29 [main] DEBUG org.hibernate.HQL_FUNCTIONS - round(NUMERIC number[, INTEGER places])
2025-02-03 12:08:29 [main] DEBUG org.hibernate.HQL_FUNCTIONS - String rpad(string, length[, padding])
2025-02-03 12:08:29 [main] DEBUG org.hibernate.HQL_FUNCTIONS - String rtrim(STRING string[, STRING characters])
2025-02-03 12:08:29 [main] DEBUG org.hibernate.HQL_FUNCTIONS - Integer second(TIME arg)
2025-02-03 12:08:29 [main] DEBUG org.hibernate.HQL_FUNCTIONS - String sha(arg)
2025-02-03 12:08:29 [main] DEBUG org.hibernate.HQL_FUNCTIONS - String sha1(arg)
2025-02-03 12:08:29 [main] DEBUG org.hibernate.HQL_FUNCTIONS - String sha2(arg0, arg1)
2025-02-03 12:08:29 [main] DEBUG org.hibernate.HQL_FUNCTIONS - Integer sign(NUMERIC arg)
2025-02-03 12:08:29 [main] DEBUG org.hibernate.HQL_FUNCTIONS - Double sin(NUMERIC arg)
2025-02-03 12:08:29 [main] DEBUG org.hibernate.HQL_FUNCTIONS - Double sinh(NUMERIC arg)
2025-02-03 12:08:29 [main] DEBUG org.hibernate.HQL_FUNCTIONS - String soundex(arg)
2025-02-03 12:08:29 [main] DEBUG org.hibernate.HQL_FUNCTIONS - String space(INTEGER arg)
2025-02-03 12:08:29 [main] DEBUG org.hibernate.HQL_FUNCTIONS - Object sql
2025-02-03 12:08:29 [main] DEBUG org.hibernate.HQL_FUNCTIONS - Double sqrt(NUMERIC arg)
2025-02-03 12:08:29 [main] DEBUG org.hibernate.HQL_FUNCTIONS - Double stddev(NUMERIC arg)
2025-02-03 12:08:29 [main] DEBUG org.hibernate.HQL_FUNCTIONS - Double stddev_pop(NUMERIC arg)
2025-02-03 12:08:29 [main] DEBUG org.hibernate.HQL_FUNCTIONS - Double stddev_samp(NUMERIC arg)
2025-02-03 12:08:29 [main] DEBUG org.hibernate.HQL_FUNCTIONS - String str(arg)
2025-02-03 12:08:29 [main] DEBUG org.hibernate.HQL_FUNCTIONS - subdate(DATE datetime, INTEGER days)
2025-02-03 12:08:29 [main] DEBUG org.hibernate.HQL_FUNCTIONS - String substr(STRING string, INTEGER start[, INTEGER length])
2025-02-03 12:08:29 [main] DEBUG org.hibernate.HQL_FUNCTIONS - String substring(STRING string{ from|,} INTEGER start[{ for|,} INTEGER length])
2025-02-03 12:08:29 [main] DEBUG org.hibernate.HQL_FUNCTIONS - subtime(TIME datetime, TIME time)
2025-02-03 12:08:29 [main] DEBUG org.hibernate.HQL_FUNCTIONS - sum(arg)
2025-02-03 12:08:29 [main] DEBUG org.hibernate.HQL_FUNCTIONS - Timestamp sysdate()
2025-02-03 12:08:29 [main] DEBUG org.hibernate.HQL_FUNCTIONS - Double tan(NUMERIC arg)
2025-02-03 12:08:29 [main] DEBUG org.hibernate.HQL_FUNCTIONS - Double tanh(NUMERIC arg)
2025-02-03 12:08:29 [main] DEBUG org.hibernate.HQL_FUNCTIONS - String time(arg)
2025-02-03 12:08:29 [main] DEBUG org.hibernate.HQL_FUNCTIONS - Timestamp timestamp(arg0[, arg1])
2025-02-03 12:08:29 [main] DEBUG org.hibernate.HQL_FUNCTIONS - timestampadd(TEMPORAL_UNIT field, INTEGER magnitude, TEMPORAL datetime)
2025-02-03 12:08:29 [main] DEBUG org.hibernate.HQL_FUNCTIONS - Long|Double timestampdiff(TEMPORAL_UNIT field, TEMPORAL start, TEMPORAL end)
2025-02-03 12:08:29 [main] DEBUG org.hibernate.HQL_FUNCTIONS - String trim([[{leading|trailing|both} ][STRING arg0 ]from] STRING arg1)
2025-02-03 12:08:29 [main] DEBUG org.hibernate.HQL_FUNCTIONS - trunc( ... )
2025-02-03 12:08:29 [main] DEBUG org.hibernate.HQL_FUNCTIONS - truncate( ... )
2025-02-03 12:08:29 [main] DEBUG org.hibernate.HQL_FUNCTIONS - String upper(STRING string)
2025-02-03 12:08:29 [main] DEBUG org.hibernate.HQL_FUNCTIONS - Date utc_date
2025-02-03 12:08:29 [main] DEBUG org.hibernate.HQL_FUNCTIONS - Time utc_time
2025-02-03 12:08:29 [main] DEBUG org.hibernate.HQL_FUNCTIONS - Timestamp utc_timestamp
2025-02-03 12:08:29 [main] DEBUG org.hibernate.HQL_FUNCTIONS - Double var_pop(NUMERIC arg)
2025-02-03 12:08:29 [main] DEBUG org.hibernate.HQL_FUNCTIONS - Double var_samp(NUMERIC arg)
2025-02-03 12:08:29 [main] DEBUG org.hibernate.HQL_FUNCTIONS - Double variance(NUMERIC arg)
2025-02-03 12:08:29 [main] DEBUG org.hibernate.HQL_FUNCTIONS - Integer week(DATE arg)
2025-02-03 12:08:29 [main] DEBUG org.hibernate.HQL_FUNCTIONS - Integer year(DATE arg)
2025-02-03 12:08:29 [main] DEBUG org.hibernate.orm.query.plan.cache - Starting QueryInterpretationCache(2048)
2025-02-03 12:08:29 [main] DEBUG o.h.s.i.SessionFactoryServiceRegistryImpl - EventListenerRegistry access via ServiceRegistry is deprecated.  Use `sessionFactory.getEventEngine().getListenerRegistry()` instead
2025-02-03 12:08:29 [main] DEBUG o.h.e.i.EntityCopyObserverFactoryInitiator - Configured EntityCopyObserver strategy: disallow
2025-02-03 12:08:29 [main] DEBUG o.hibernate.ormbytecode.interceptor - To-one property `com.rts.tap.model.ReferralCandiate#referringEmployee` was mapped with LAZY + NO_PROXY but the class was not enhanced
2025-02-03 12:08:29 [main] DEBUG o.hibernate.ormbytecode.interceptor - To-one property `com.rts.tap.model.ReferralCandiate#referringEmployee` was mapped with LAZY + NO_PROXY but the class was not enhanced
2025-02-03 12:08:29 [main] DEBUG o.h.b.internal.ClassLoaderAccessImpl - Not known whether passed class name [com.rts.tap.model.ReferralCandiate] is safe
2025-02-03 12:08:29 [main] DEBUG o.h.b.internal.ClassLoaderAccessImpl - No temp ClassLoader provided; using live ClassLoader for loading potentially unsafe class : com.rts.tap.model.ReferralCandiate
2025-02-03 12:08:29 [main] DEBUG o.h.b.i.b.BytecodeProviderImpl - HHH000513: Unable to create the ReflectionOptimizer for [com.rts.tap.model.ReferralCandiate]: private accessor [candiateResume]
2025-02-03 12:08:29 [main] DEBUG o.hibernate.ormbytecode.interceptor - To-one property `com.rts.tap.model.ReferralCandiate#referringEmployee` was mapped with LAZY + NO_PROXY but the class was not enhanced
2025-02-03 12:08:29 [main] DEBUG o.hibernate.ormbytecode.interceptor - To-one property `com.rts.tap.model.ThirdPartyCredentitals#role` was mapped with LAZY + NO_PROXY but the class was not enhanced
2025-02-03 12:08:29 [main] DEBUG o.hibernate.ormbytecode.interceptor - To-one property `com.rts.tap.model.ThirdPartyCredentitals#role` was mapped with LAZY + NO_PROXY but the class was not enhanced
2025-02-03 12:08:29 [main] DEBUG o.h.b.internal.ClassLoaderAccessImpl - Not known whether passed class name [com.rts.tap.model.ThirdPartyCredentitals] is safe
2025-02-03 12:08:29 [main] DEBUG o.h.b.internal.ClassLoaderAccessImpl - No temp ClassLoader provided; using live ClassLoader for loading potentially unsafe class : com.rts.tap.model.ThirdPartyCredentitals
2025-02-03 12:08:29 [main] DEBUG o.h.b.i.b.BytecodeProviderImpl - HHH000513: Unable to create the ReflectionOptimizer for [com.rts.tap.model.ThirdPartyCredentitals]: private accessor [email]
2025-02-03 12:08:29 [main] DEBUG o.hibernate.ormbytecode.interceptor - To-one property `com.rts.tap.model.ThirdPartyCredentitals#role` was mapped with LAZY + NO_PROXY but the class was not enhanced
2025-02-03 12:08:29 [main] DEBUG o.hibernate.ormbytecode.interceptor - To-one property `com.rts.tap.model.Score#assessment` was mapped with LAZY + NO_PROXY but the class was not enhanced
2025-02-03 12:08:29 [main] DEBUG o.hibernate.ormbytecode.interceptor - To-one property `com.rts.tap.model.Score#assessment` was mapped with LAZY + NO_PROXY but the class was not enhanced
2025-02-03 12:08:29 [main] DEBUG o.hibernate.ormbytecode.interceptor - To-one property `com.rts.tap.model.Score#candidate` was mapped with LAZY + NO_PROXY but the class was not enhanced
2025-02-03 12:08:29 [main] DEBUG o.hibernate.ormbytecode.interceptor - To-one property `com.rts.tap.model.Score#candidate` was mapped with LAZY + NO_PROXY but the class was not enhanced
2025-02-03 12:08:29 [main] DEBUG o.h.b.internal.ClassLoaderAccessImpl - Not known whether passed class name [com.rts.tap.model.Score] is safe
2025-02-03 12:08:29 [main] DEBUG o.h.b.internal.ClassLoaderAccessImpl - No temp ClassLoader provided; using live ClassLoader for loading potentially unsafe class : com.rts.tap.model.Score
2025-02-03 12:08:29 [main] DEBUG o.h.b.i.b.BytecodeProviderImpl - HHH000513: Unable to create the ReflectionOptimizer for [com.rts.tap.model.Score]: private accessor [Remarks]
2025-02-03 12:08:29 [main] DEBUG o.hibernate.ormbytecode.interceptor - To-one property `com.rts.tap.model.Score#assessment` was mapped with LAZY + NO_PROXY but the class was not enhanced
2025-02-03 12:08:29 [main] DEBUG o.hibernate.ormbytecode.interceptor - To-one property `com.rts.tap.model.Score#candidate` was mapped with LAZY + NO_PROXY but the class was not enhanced
2025-02-03 12:08:29 [main] DEBUG o.hibernate.ormbytecode.interceptor - To-one property `com.rts.tap.model.Offer#candidate` was mapped with LAZY + NO_PROXY but the class was not enhanced
2025-02-03 12:08:29 [main] DEBUG o.hibernate.ormbytecode.interceptor - To-one property `com.rts.tap.model.Offer#candidate` was mapped with LAZY + NO_PROXY but the class was not enhanced
2025-02-03 12:08:29 [main] DEBUG o.hibernate.ormbytecode.interceptor - To-one property `com.rts.tap.model.Offer#mrf` was mapped with LAZY + NO_PROXY but the class was not enhanced
2025-02-03 12:08:29 [main] DEBUG o.hibernate.ormbytecode.interceptor - To-one property `com.rts.tap.model.Offer#mrf` was mapped with LAZY + NO_PROXY but the class was not enhanced
2025-02-03 12:08:29 [main] DEBUG o.h.b.internal.ClassLoaderAccessImpl - Not known whether passed class name [com.rts.tap.model.Offer] is safe
2025-02-03 12:08:29 [main] DEBUG o.h.b.internal.ClassLoaderAccessImpl - No temp ClassLoader provided; using live ClassLoader for loading potentially unsafe class : com.rts.tap.model.Offer
2025-02-03 12:08:30 [main] DEBUG o.h.b.i.b.BytecodeProviderImpl - HHH000513: Unable to create the ReflectionOptimizer for [com.rts.tap.model.Offer]: private accessor [candidate]
2025-02-03 12:08:30 [main] DEBUG o.hibernate.ormbytecode.interceptor - To-one property `com.rts.tap.model.Offer#candidate` was mapped with LAZY + NO_PROXY but the class was not enhanced
2025-02-03 12:08:30 [main] DEBUG o.hibernate.ormbytecode.interceptor - To-one property `com.rts.tap.model.Offer#mrf` was mapped with LAZY + NO_PROXY but the class was not enhanced
2025-02-03 12:08:30 [main] DEBUG o.h.b.internal.ClassLoaderAccessImpl - Not known whether passed class name [com.rts.tap.model.OrganizationLocation] is safe
2025-02-03 12:08:30 [main] DEBUG o.h.b.internal.ClassLoaderAccessImpl - No temp ClassLoader provided; using live ClassLoader for loading potentially unsafe class : com.rts.tap.model.OrganizationLocation
2025-02-03 12:08:30 [main] DEBUG o.h.b.i.b.BytecodeProviderImpl - HHH000513: Unable to create the ReflectionOptimizer for [com.rts.tap.model.OrganizationLocation]: private accessor [latitude]
2025-02-03 12:08:30 [main] DEBUG o.hibernate.ormbytecode.interceptor - To-one property `com.rts.tap.model.MRFCandidate#mrfRecruiter` was mapped with LAZY + NO_PROXY but the class was not enhanced
2025-02-03 12:08:30 [main] DEBUG o.hibernate.ormbytecode.interceptor - To-one property `com.rts.tap.model.MRFCandidate#mrfRecruiter` was mapped with LAZY + NO_PROXY but the class was not enhanced
2025-02-03 12:08:30 [main] DEBUG o.h.b.internal.ClassLoaderAccessImpl - Not known whether passed class name [com.rts.tap.model.MRFCandidate] is safe
2025-02-03 12:08:30 [main] DEBUG o.h.b.internal.ClassLoaderAccessImpl - No temp ClassLoader provided; using live ClassLoader for loading potentially unsafe class : com.rts.tap.model.MRFCandidate
2025-02-03 12:08:30 [main] DEBUG o.h.b.i.b.BytecodeProviderImpl - HHH000513: Unable to create the ReflectionOptimizer for [com.rts.tap.model.MRFCandidate]: private accessor [Status]
2025-02-03 12:08:30 [main] DEBUG o.hibernate.ormbytecode.interceptor - To-one property `com.rts.tap.model.MRFCandidate#mrfRecruiter` was mapped with LAZY + NO_PROXY but the class was not enhanced
2025-02-03 12:08:30 [main] DEBUG o.hibernate.ormbytecode.interceptor - To-one property `com.rts.tap.model.RecruiterPerformance#mrf` was mapped with LAZY + NO_PROXY but the class was not enhanced
2025-02-03 12:08:30 [main] DEBUG o.hibernate.ormbytecode.interceptor - To-one property `com.rts.tap.model.RecruiterPerformance#mrf` was mapped with LAZY + NO_PROXY but the class was not enhanced
2025-02-03 12:08:30 [main] DEBUG o.hibernate.ormbytecode.interceptor - To-one property `com.rts.tap.model.RecruiterPerformance#recruiter` was mapped with LAZY + NO_PROXY but the class was not enhanced
2025-02-03 12:08:30 [main] DEBUG o.hibernate.ormbytecode.interceptor - To-one property `com.rts.tap.model.RecruiterPerformance#recruiter` was mapped with LAZY + NO_PROXY but the class was not enhanced
2025-02-03 12:08:30 [main] DEBUG o.h.b.internal.ClassLoaderAccessImpl - Not known whether passed class name [com.rts.tap.model.RecruiterPerformance] is safe
2025-02-03 12:08:30 [main] DEBUG o.h.b.internal.ClassLoaderAccessImpl - No temp ClassLoader provided; using live ClassLoader for loading potentially unsafe class : com.rts.tap.model.RecruiterPerformance
2025-02-03 12:08:30 [main] DEBUG o.h.b.i.b.BytecodeProviderImpl - HHH000513: Unable to create the ReflectionOptimizer for [com.rts.tap.model.RecruiterPerformance]: private accessor [assignedDate]
2025-02-03 12:08:30 [main] DEBUG o.hibernate.ormbytecode.interceptor - To-one property `com.rts.tap.model.RecruiterPerformance#mrf` was mapped with LAZY + NO_PROXY but the class was not enhanced
2025-02-03 12:08:30 [main] DEBUG o.hibernate.ormbytecode.interceptor - To-one property `com.rts.tap.model.RecruiterPerformance#recruiter` was mapped with LAZY + NO_PROXY but the class was not enhanced
2025-02-03 12:08:30 [main] DEBUG o.hibernate.ormbytecode.interceptor - To-one property `com.rts.tap.model.Role#department` was mapped with LAZY + NO_PROXY but the class was not enhanced
2025-02-03 12:08:30 [main] DEBUG o.hibernate.ormbytecode.interceptor - To-one property `com.rts.tap.model.Role#department` was mapped with LAZY + NO_PROXY but the class was not enhanced
2025-02-03 12:08:30 [main] DEBUG o.h.b.internal.ClassLoaderAccessImpl - Not known whether passed class name [com.rts.tap.model.Role] is safe
2025-02-03 12:08:30 [main] DEBUG o.h.b.internal.ClassLoaderAccessImpl - No temp ClassLoader provided; using live ClassLoader for loading potentially unsafe class : com.rts.tap.model.Role
2025-02-03 12:08:30 [main] DEBUG o.h.b.i.b.BytecodeProviderImpl - HHH000513: Unable to create the ReflectionOptimizer for [com.rts.tap.model.Role]: private accessor [department]
2025-02-03 12:08:30 [main] DEBUG o.hibernate.ormbytecode.interceptor - To-one property `com.rts.tap.model.Role#department` was mapped with LAZY + NO_PROXY but the class was not enhanced
2025-02-03 12:08:30 [main] DEBUG o.hibernate.ormbytecode.interceptor - To-one property `com.rts.tap.model.VendorPerformance#vendor` was mapped with LAZY + NO_PROXY but the class was not enhanced
2025-02-03 12:08:30 [main] DEBUG o.hibernate.ormbytecode.interceptor - To-one property `com.rts.tap.model.VendorPerformance#vendor` was mapped with LAZY + NO_PROXY but the class was not enhanced
2025-02-03 12:08:30 [main] DEBUG o.h.b.internal.ClassLoaderAccessImpl - Not known whether passed class name [com.rts.tap.model.VendorPerformance] is safe
2025-02-03 12:08:30 [main] DEBUG o.h.b.internal.ClassLoaderAccessImpl - No temp ClassLoader provided; using live ClassLoader for loading potentially unsafe class : com.rts.tap.model.VendorPerformance
2025-02-03 12:08:30 [main] DEBUG o.h.b.i.b.BytecodeProviderImpl - HHH000513: Unable to create the ReflectionOptimizer for [com.rts.tap.model.VendorPerformance]: private accessor [grade]
2025-02-03 12:08:30 [main] DEBUG o.hibernate.ormbytecode.interceptor - To-one property `com.rts.tap.model.VendorPerformance#vendor` was mapped with LAZY + NO_PROXY but the class was not enhanced
2025-02-03 12:08:30 [main] DEBUG o.h.b.internal.ClassLoaderAccessImpl - Not known whether passed class name [com.rts.tap.model.MRFStatus] is safe
2025-02-03 12:08:30 [main] DEBUG o.h.b.internal.ClassLoaderAccessImpl - No temp ClassLoader provided; using live ClassLoader for loading potentially unsafe class : com.rts.tap.model.MRFStatus
2025-02-03 12:08:30 [main] DEBUG o.h.b.i.b.BytecodeProviderImpl - HHH000513: Unable to create the ReflectionOptimizer for [com.rts.tap.model.MRFStatus]: private accessor [descriptionForChanges]
2025-02-03 12:08:30 [main] DEBUG o.hibernate.ormbytecode.interceptor - To-one property `com.rts.tap.model.JobPosting#mrf` was mapped with LAZY + NO_PROXY but the class was not enhanced
2025-02-03 12:08:30 [main] DEBUG o.hibernate.ormbytecode.interceptor - To-one property `com.rts.tap.model.JobPosting#mrf` was mapped with LAZY + NO_PROXY but the class was not enhanced
2025-02-03 12:08:30 [main] DEBUG o.hibernate.ormbytecode.interceptor - To-one property `com.rts.tap.model.JobPosting#recruiter` was mapped with LAZY + NO_PROXY but the class was not enhanced
2025-02-03 12:08:30 [main] DEBUG o.hibernate.ormbytecode.interceptor - To-one property `com.rts.tap.model.JobPosting#recruiter` was mapped with LAZY + NO_PROXY but the class was not enhanced
2025-02-03 12:08:30 [main] DEBUG o.h.b.internal.ClassLoaderAccessImpl - Not known whether passed class name [com.rts.tap.model.JobPosting] is safe
2025-02-03 12:08:30 [main] DEBUG o.h.b.internal.ClassLoaderAccessImpl - No temp ClassLoader provided; using live ClassLoader for loading potentially unsafe class : com.rts.tap.model.JobPosting
2025-02-03 12:08:30 [main] DEBUG o.h.b.i.b.BytecodeProviderImpl - HHH000513: Unable to create the ReflectionOptimizer for [com.rts.tap.model.JobPosting]: private accessor [jobPoster]
2025-02-03 12:08:30 [main] DEBUG o.hibernate.ormbytecode.interceptor - To-one property `com.rts.tap.model.JobPosting#mrf` was mapped with LAZY + NO_PROXY but the class was not enhanced
2025-02-03 12:08:30 [main] DEBUG o.hibernate.ormbytecode.interceptor - To-one property `com.rts.tap.model.JobPosting#recruiter` was mapped with LAZY + NO_PROXY but the class was not enhanced
2025-02-03 12:08:30 [main] DEBUG o.hibernate.ormbytecode.interceptor - To-one property `com.rts.tap.model.Budget#requirement` was mapped with LAZY + NO_PROXY but the class was not enhanced
2025-02-03 12:08:30 [main] DEBUG o.hibernate.ormbytecode.interceptor - To-one property `com.rts.tap.model.Budget#requirement` was mapped with LAZY + NO_PROXY but the class was not enhanced
2025-02-03 12:08:30 [main] DEBUG o.hibernate.ormbytecode.interceptor - To-one property `com.rts.tap.model.Budget#subRequirementId` was mapped with LAZY + NO_PROXY but the class was not enhanced
2025-02-03 12:08:30 [main] DEBUG o.hibernate.ormbytecode.interceptor - To-one property `com.rts.tap.model.Budget#subRequirementId` was mapped with LAZY + NO_PROXY but the class was not enhanced
2025-02-03 12:08:30 [main] DEBUG o.h.b.internal.ClassLoaderAccessImpl - Not known whether passed class name [com.rts.tap.model.Budget] is safe
2025-02-03 12:08:30 [main] DEBUG o.h.b.internal.ClassLoaderAccessImpl - No temp ClassLoader provided; using live ClassLoader for loading potentially unsafe class : com.rts.tap.model.Budget
2025-02-03 12:08:30 [main] DEBUG o.h.b.i.b.BytecodeProviderImpl - HHH000513: Unable to create the ReflectionOptimizer for [com.rts.tap.model.Budget]: private accessor [analyzedMaximumCTC]
2025-02-03 12:08:30 [main] DEBUG o.hibernate.ormbytecode.interceptor - To-one property `com.rts.tap.model.Budget#requirement` was mapped with LAZY + NO_PROXY but the class was not enhanced
2025-02-03 12:08:30 [main] DEBUG o.hibernate.ormbytecode.interceptor - To-one property `com.rts.tap.model.Budget#subRequirementId` was mapped with LAZY + NO_PROXY but the class was not enhanced
2025-02-03 12:08:30 [main] DEBUG o.hibernate.ormbytecode.interceptor - To-one property `com.rts.tap.model.CandidateStatus#candidate` was mapped with LAZY + NO_PROXY but the class was not enhanced
2025-02-03 12:08:30 [main] DEBUG o.hibernate.ormbytecode.interceptor - To-one property `com.rts.tap.model.CandidateStatus#candidate` was mapped with LAZY + NO_PROXY but the class was not enhanced
2025-02-03 12:08:30 [main] DEBUG o.hibernate.ormbytecode.interceptor - To-one property `com.rts.tap.model.CandidateStatus#recruiter` was mapped with LAZY + NO_PROXY but the class was not enhanced
2025-02-03 12:08:30 [main] DEBUG o.hibernate.ormbytecode.interceptor - To-one property `com.rts.tap.model.CandidateStatus#recruiter` was mapped with LAZY + NO_PROXY but the class was not enhanced
2025-02-03 12:08:30 [main] DEBUG o.h.b.internal.ClassLoaderAccessImpl - Not known whether passed class name [com.rts.tap.model.CandidateStatus] is safe
2025-02-03 12:08:30 [main] DEBUG o.h.b.internal.ClassLoaderAccessImpl - No temp ClassLoader provided; using live ClassLoader for loading potentially unsafe class : com.rts.tap.model.CandidateStatus
2025-02-03 12:08:30 [main] DEBUG o.h.b.i.b.BytecodeProviderImpl - HHH000513: Unable to create the ReflectionOptimizer for [com.rts.tap.model.CandidateStatus]: private accessor [candidate]
2025-02-03 12:08:30 [main] DEBUG o.hibernate.ormbytecode.interceptor - To-one property `com.rts.tap.model.CandidateStatus#candidate` was mapped with LAZY + NO_PROXY but the class was not enhanced
2025-02-03 12:08:30 [main] DEBUG o.hibernate.ormbytecode.interceptor - To-one property `com.rts.tap.model.CandidateStatus#recruiter` was mapped with LAZY + NO_PROXY but the class was not enhanced
2025-02-03 12:08:30 [main] DEBUG o.hibernate.ormbytecode.interceptor - To-one property `com.rts.tap.model.Client#clientOrganization` was mapped with LAZY + NO_PROXY but the class was not enhanced
2025-02-03 12:08:30 [main] DEBUG o.hibernate.ormbytecode.interceptor - To-one property `com.rts.tap.model.Client#clientOrganization` was mapped with LAZY + NO_PROXY but the class was not enhanced
2025-02-03 12:08:30 [main] DEBUG o.hibernate.ormbytecode.interceptor - To-one property `com.rts.tap.model.Client#clientPartner` was mapped with LAZY + NO_PROXY but the class was not enhanced
2025-02-03 12:08:30 [main] DEBUG o.hibernate.ormbytecode.interceptor - To-one property `com.rts.tap.model.Client#clientPartner` was mapped with LAZY + NO_PROXY but the class was not enhanced
2025-02-03 12:08:30 [main] DEBUG o.hibernate.ormbytecode.interceptor - To-one property `com.rts.tap.model.Client#thirdPartyCredentitals` was mapped with LAZY + NO_PROXY but the class was not enhanced
2025-02-03 12:08:30 [main] DEBUG o.hibernate.ormbytecode.interceptor - To-one property `com.rts.tap.model.Client#thirdPartyCredentitals` was mapped with LAZY + NO_PROXY but the class was not enhanced
2025-02-03 12:08:30 [main] DEBUG o.h.b.internal.ClassLoaderAccessImpl - Not known whether passed class name [com.rts.tap.model.Client] is safe
2025-02-03 12:08:30 [main] DEBUG o.h.b.internal.ClassLoaderAccessImpl - No temp ClassLoader provided; using live ClassLoader for loading potentially unsafe class : com.rts.tap.model.Client
2025-02-03 12:08:30 [main] DEBUG o.h.b.i.b.BytecodeProviderImpl - HHH000513: Unable to create the ReflectionOptimizer for [com.rts.tap.model.Client]: private accessor [activationStatus]
2025-02-03 12:08:30 [main] DEBUG o.hibernate.ormbytecode.interceptor - To-one property `com.rts.tap.model.Client#clientOrganization` was mapped with LAZY + NO_PROXY but the class was not enhanced
2025-02-03 12:08:30 [main] DEBUG o.hibernate.ormbytecode.interceptor - To-one property `com.rts.tap.model.Client#clientPartner` was mapped with LAZY + NO_PROXY but the class was not enhanced
2025-02-03 12:08:30 [main] DEBUG o.hibernate.ormbytecode.interceptor - To-one property `com.rts.tap.model.Client#thirdPartyCredentitals` was mapped with LAZY + NO_PROXY but the class was not enhanced
2025-02-03 12:08:30 [main] DEBUG o.hibernate.ormbytecode.interceptor - To-one property `com.rts.tap.model.Candidate#credentials` was mapped with LAZY + NO_PROXY but the class was not enhanced
2025-02-03 12:08:30 [main] DEBUG o.hibernate.ormbytecode.interceptor - To-one property `com.rts.tap.model.Candidate#credentials` was mapped with LAZY + NO_PROXY but the class was not enhanced
2025-02-03 12:08:30 [main] DEBUG o.h.b.internal.ClassLoaderAccessImpl - Not known whether passed class name [com.rts.tap.model.Candidate] is safe
2025-02-03 12:08:30 [main] DEBUG o.h.b.internal.ClassLoaderAccessImpl - No temp ClassLoader provided; using live ClassLoader for loading potentially unsafe class : com.rts.tap.model.Candidate
2025-02-03 12:08:30 [main] DEBUG o.h.b.i.b.BytecodeProviderImpl - HHH000513: Unable to create the ReflectionOptimizer for [com.rts.tap.model.Candidate]: private accessor [Education]
2025-02-03 12:08:30 [main] DEBUG o.hibernate.ormbytecode.interceptor - To-one property `com.rts.tap.model.Candidate#credentials` was mapped with LAZY + NO_PROXY but the class was not enhanced
2025-02-03 12:08:30 [main] DEBUG o.hibernate.ormbytecode.interceptor - To-one property `com.rts.tap.model.Candidate360#candidate` was mapped with LAZY + NO_PROXY but the class was not enhanced
2025-02-03 12:08:30 [main] DEBUG o.hibernate.ormbytecode.interceptor - To-one property `com.rts.tap.model.Candidate360#candidate` was mapped with LAZY + NO_PROXY but the class was not enhanced
2025-02-03 12:08:30 [main] DEBUG o.h.b.internal.ClassLoaderAccessImpl - Not known whether passed class name [com.rts.tap.model.Candidate360] is safe
2025-02-03 12:08:30 [main] DEBUG o.h.b.internal.ClassLoaderAccessImpl - No temp ClassLoader provided; using live ClassLoader for loading potentially unsafe class : com.rts.tap.model.Candidate360
2025-02-03 12:08:30 [main] DEBUG o.h.b.i.b.BytecodeProviderImpl - HHH000513: Unable to create the ReflectionOptimizer for [com.rts.tap.model.Candidate360]: private accessor [candidate]
2025-02-03 12:08:30 [main] DEBUG o.hibernate.ormbytecode.interceptor - To-one property `com.rts.tap.model.Candidate360#candidate` was mapped with LAZY + NO_PROXY but the class was not enhanced
2025-02-03 12:08:30 [main] DEBUG o.h.b.internal.ClassLoaderAccessImpl - Not known whether passed class name [com.rts.tap.model.BasicJobTable] is safe
2025-02-03 12:08:30 [main] DEBUG o.h.b.internal.ClassLoaderAccessImpl - No temp ClassLoader provided; using live ClassLoader for loading potentially unsafe class : com.rts.tap.model.BasicJobTable
2025-02-03 12:08:30 [main] DEBUG o.h.b.i.b.BytecodeProviderImpl - HHH000513: Unable to create the ReflectionOptimizer for [com.rts.tap.model.BasicJobTable]: private accessor [Role]
2025-02-03 12:08:30 [main] DEBUG o.hibernate.ormbytecode.interceptor - To-one property `com.rts.tap.model.VendorPerformanceHistory#mrf` was mapped with LAZY + NO_PROXY but the class was not enhanced
2025-02-03 12:08:30 [main] DEBUG o.hibernate.ormbytecode.interceptor - To-one property `com.rts.tap.model.VendorPerformanceHistory#mrf` was mapped with LAZY + NO_PROXY but the class was not enhanced
2025-02-03 12:08:30 [main] DEBUG o.hibernate.ormbytecode.interceptor - To-one property `com.rts.tap.model.VendorPerformanceHistory#vendor` was mapped with LAZY + NO_PROXY but the class was not enhanced
2025-02-03 12:08:30 [main] DEBUG o.hibernate.ormbytecode.interceptor - To-one property `com.rts.tap.model.VendorPerformanceHistory#vendor` was mapped with LAZY + NO_PROXY but the class was not enhanced
2025-02-03 12:08:30 [main] DEBUG o.h.b.internal.ClassLoaderAccessImpl - Not known whether passed class name [com.rts.tap.model.VendorPerformanceHistory] is safe
2025-02-03 12:08:30 [main] DEBUG o.h.b.internal.ClassLoaderAccessImpl - No temp ClassLoader provided; using live ClassLoader for loading potentially unsafe class : com.rts.tap.model.VendorPerformanceHistory
2025-02-03 12:08:30 [main] DEBUG o.h.b.i.b.BytecodeProviderImpl - HHH000513: Unable to create the ReflectionOptimizer for [com.rts.tap.model.VendorPerformanceHistory]: private accessor [assignedDate]
2025-02-03 12:08:30 [main] DEBUG o.hibernate.ormbytecode.interceptor - To-one property `com.rts.tap.model.VendorPerformanceHistory#mrf` was mapped with LAZY + NO_PROXY but the class was not enhanced
2025-02-03 12:08:30 [main] DEBUG o.hibernate.ormbytecode.interceptor - To-one property `com.rts.tap.model.VendorPerformanceHistory#vendor` was mapped with LAZY + NO_PROXY but the class was not enhanced
2025-02-03 12:08:30 [main] DEBUG o.hibernate.ormbytecode.interceptor - To-one property `com.rts.tap.model.BusinessUnit#organization` was mapped with LAZY + NO_PROXY but the class was not enhanced
2025-02-03 12:08:30 [main] DEBUG o.hibernate.ormbytecode.interceptor - To-one property `com.rts.tap.model.BusinessUnit#organization` was mapped with LAZY + NO_PROXY but the class was not enhanced
2025-02-03 12:08:30 [main] DEBUG o.h.b.internal.ClassLoaderAccessImpl - Not known whether passed class name [com.rts.tap.model.BusinessUnit] is safe
2025-02-03 12:08:30 [main] DEBUG o.h.b.internal.ClassLoaderAccessImpl - No temp ClassLoader provided; using live ClassLoader for loading potentially unsafe class : com.rts.tap.model.BusinessUnit
2025-02-03 12:08:30 [main] DEBUG o.h.b.i.b.BytecodeProviderImpl - HHH000513: Unable to create the ReflectionOptimizer for [com.rts.tap.model.BusinessUnit]: private accessor [businessUnitLocation]
2025-02-03 12:08:30 [main] DEBUG o.hibernate.ormbytecode.interceptor - To-one property `com.rts.tap.model.BusinessUnit#organization` was mapped with LAZY + NO_PROXY but the class was not enhanced
2025-02-03 12:08:30 [main] DEBUG o.hibernate.ormbytecode.interceptor - To-one property `com.rts.tap.model.MRFRecruiters#mrfRecruitingManager` was mapped with LAZY + NO_PROXY but the class was not enhanced
2025-02-03 12:08:30 [main] DEBUG o.hibernate.ormbytecode.interceptor - To-one property `com.rts.tap.model.MRFRecruiters#mrfRecruitingManager` was mapped with LAZY + NO_PROXY but the class was not enhanced
2025-02-03 12:08:30 [main] DEBUG o.hibernate.ormbytecode.interceptor - To-one property `com.rts.tap.model.MRFRecruiters#recruiterId` was mapped with LAZY + NO_PROXY but the class was not enhanced
2025-02-03 12:08:30 [main] DEBUG o.hibernate.ormbytecode.interceptor - To-one property `com.rts.tap.model.MRFRecruiters#recruiterId` was mapped with LAZY + NO_PROXY but the class was not enhanced
2025-02-03 12:08:30 [main] DEBUG o.h.b.internal.ClassLoaderAccessImpl - Not known whether passed class name [com.rts.tap.model.MRFRecruiters] is safe
2025-02-03 12:08:30 [main] DEBUG o.h.b.internal.ClassLoaderAccessImpl - No temp ClassLoader provided; using live ClassLoader for loading potentially unsafe class : com.rts.tap.model.MRFRecruiters
2025-02-03 12:08:30 [main] DEBUG o.h.b.i.b.BytecodeProviderImpl - HHH000513: Unable to create the ReflectionOptimizer for [com.rts.tap.model.MRFRecruiters]: private accessor [achievedCount]
2025-02-03 12:08:30 [main] DEBUG o.hibernate.ormbytecode.interceptor - To-one property `com.rts.tap.model.MRFRecruiters#mrfRecruitingManager` was mapped with LAZY + NO_PROXY but the class was not enhanced
2025-02-03 12:08:30 [main] DEBUG o.hibernate.ormbytecode.interceptor - To-one property `com.rts.tap.model.MRFRecruiters#recruiterId` was mapped with LAZY + NO_PROXY but the class was not enhanced
2025-02-03 12:08:30 [main] DEBUG o.hibernate.ormbytecode.interceptor - To-one property `com.rts.tap.model.MRFRecruitingManager#mrf` was mapped with LAZY + NO_PROXY but the class was not enhanced
2025-02-03 12:08:30 [main] DEBUG o.hibernate.ormbytecode.interceptor - To-one property `com.rts.tap.model.MRFRecruitingManager#mrf` was mapped with LAZY + NO_PROXY but the class was not enhanced
2025-02-03 12:08:30 [main] DEBUG o.hibernate.ormbytecode.interceptor - To-one property `com.rts.tap.model.MRFRecruitingManager#recruitingManager` was mapped with LAZY + NO_PROXY but the class was not enhanced
2025-02-03 12:08:30 [main] DEBUG o.hibernate.ormbytecode.interceptor - To-one property `com.rts.tap.model.MRFRecruitingManager#recruitingManager` was mapped with LAZY + NO_PROXY but the class was not enhanced
2025-02-03 12:08:30 [main] DEBUG o.h.b.internal.ClassLoaderAccessImpl - Not known whether passed class name [com.rts.tap.model.MRFRecruitingManager] is safe
2025-02-03 12:08:30 [main] DEBUG o.h.b.internal.ClassLoaderAccessImpl - No temp ClassLoader provided; using live ClassLoader for loading potentially unsafe class : com.rts.tap.model.MRFRecruitingManager
2025-02-03 12:08:30 [main] DEBUG o.h.b.i.b.BytecodeProviderImpl - HHH000513: Unable to create the ReflectionOptimizer for [com.rts.tap.model.MRFRecruitingManager]: private accessor [mrf]
2025-02-03 12:08:30 [main] DEBUG o.hibernate.ormbytecode.interceptor - To-one property `com.rts.tap.model.MRFRecruitingManager#mrf` was mapped with LAZY + NO_PROXY but the class was not enhanced
2025-02-03 12:08:30 [main] DEBUG o.hibernate.ormbytecode.interceptor - To-one property `com.rts.tap.model.MRFRecruitingManager#recruitingManager` was mapped with LAZY + NO_PROXY but the class was not enhanced
2025-02-03 12:08:30 [main] DEBUG o.hibernate.ormbytecode.interceptor - To-one property `com.rts.tap.model.LoginCredentials#employee` was mapped with LAZY + NO_PROXY but the class was not enhanced
2025-02-03 12:08:30 [main] DEBUG o.hibernate.ormbytecode.interceptor - To-one property `com.rts.tap.model.LoginCredentials#employee` was mapped with LAZY + NO_PROXY but the class was not enhanced
2025-02-03 12:08:30 [main] DEBUG o.h.b.internal.ClassLoaderAccessImpl - Not known whether passed class name [com.rts.tap.model.LoginCredentials] is safe
2025-02-03 12:08:30 [main] DEBUG o.h.b.internal.ClassLoaderAccessImpl - No temp ClassLoader provided; using live ClassLoader for loading potentially unsafe class : com.rts.tap.model.LoginCredentials
2025-02-03 12:08:30 [main] DEBUG o.h.b.i.b.BytecodeProviderImpl - HHH000513: Unable to create the ReflectionOptimizer for [com.rts.tap.model.LoginCredentials]: private accessor [createdDate]
2025-02-03 12:08:30 [main] DEBUG o.hibernate.ormbytecode.interceptor - To-one property `com.rts.tap.model.LoginCredentials#employee` was mapped with LAZY + NO_PROXY but the class was not enhanced
2025-02-03 12:08:30 [main] DEBUG o.h.b.internal.ClassLoaderAccessImpl - Not known whether passed class name [com.rts.tap.model.PersonalInfo] is safe
2025-02-03 12:08:30 [main] DEBUG o.h.b.internal.ClassLoaderAccessImpl - No temp ClassLoader provided; using live ClassLoader for loading potentially unsafe class : com.rts.tap.model.PersonalInfo
2025-02-03 12:08:30 [main] DEBUG o.h.b.i.b.BytecodeProviderImpl - HHH000513: Unable to create the ReflectionOptimizer for [com.rts.tap.model.PersonalInfo]: private accessor [city]
2025-02-03 12:08:30 [main] DEBUG o.h.b.internal.ClassLoaderAccessImpl - Not known whether passed class name [com.rts.tap.model.FamilyDetails] is safe
2025-02-03 12:08:30 [main] DEBUG o.h.b.internal.ClassLoaderAccessImpl - No temp ClassLoader provided; using live ClassLoader for loading potentially unsafe class : com.rts.tap.model.FamilyDetails
2025-02-03 12:08:30 [main] DEBUG o.h.b.i.b.BytecodeProviderImpl - HHH000513: Unable to create the ReflectionOptimizer for [com.rts.tap.model.FamilyDetails]: private accessor [dateOfBirth]
2025-02-03 12:08:30 [main] DEBUG o.hibernate.ormbytecode.interceptor - To-one property `com.rts.tap.model.MRFVendor#mrf` was mapped with LAZY + NO_PROXY but the class was not enhanced
2025-02-03 12:08:30 [main] DEBUG o.hibernate.ormbytecode.interceptor - To-one property `com.rts.tap.model.MRFVendor#mrf` was mapped with LAZY + NO_PROXY but the class was not enhanced
2025-02-03 12:08:30 [main] DEBUG o.hibernate.ormbytecode.interceptor - To-one property `com.rts.tap.model.MRFVendor#recruitingManager` was mapped with LAZY + NO_PROXY but the class was not enhanced
2025-02-03 12:08:30 [main] DEBUG o.hibernate.ormbytecode.interceptor - To-one property `com.rts.tap.model.MRFVendor#recruitingManager` was mapped with LAZY + NO_PROXY but the class was not enhanced
2025-02-03 12:08:30 [main] DEBUG o.hibernate.ormbytecode.interceptor - To-one property `com.rts.tap.model.MRFVendor#vendor` was mapped with LAZY + NO_PROXY but the class was not enhanced
2025-02-03 12:08:30 [main] DEBUG o.hibernate.ormbytecode.interceptor - To-one property `com.rts.tap.model.MRFVendor#vendor` was mapped with LAZY + NO_PROXY but the class was not enhanced
2025-02-03 12:08:30 [main] DEBUG o.h.b.internal.ClassLoaderAccessImpl - Not known whether passed class name [com.rts.tap.model.MRFVendor] is safe
2025-02-03 12:08:30 [main] DEBUG o.h.b.internal.ClassLoaderAccessImpl - No temp ClassLoader provided; using live ClassLoader for loading potentially unsafe class : com.rts.tap.model.MRFVendor
2025-02-03 12:08:30 [main] DEBUG o.h.b.i.b.BytecodeProviderImpl - HHH000513: Unable to create the ReflectionOptimizer for [com.rts.tap.model.MRFVendor]: private accessor [achievedCount]
2025-02-03 12:08:30 [main] DEBUG o.hibernate.ormbytecode.interceptor - To-one property `com.rts.tap.model.MRFVendor#mrf` was mapped with LAZY + NO_PROXY but the class was not enhanced
2025-02-03 12:08:30 [main] DEBUG o.hibernate.ormbytecode.interceptor - To-one property `com.rts.tap.model.MRFVendor#recruitingManager` was mapped with LAZY + NO_PROXY but the class was not enhanced
2025-02-03 12:08:30 [main] DEBUG o.hibernate.ormbytecode.interceptor - To-one property `com.rts.tap.model.MRFVendor#vendor` was mapped with LAZY + NO_PROXY but the class was not enhanced
2025-02-03 12:08:30 [main] DEBUG o.hibernate.ormbytecode.interceptor - To-one property `com.rts.tap.model.Notifications#candidate` was mapped with LAZY + NO_PROXY but the class was not enhanced
2025-02-03 12:08:30 [main] DEBUG o.hibernate.ormbytecode.interceptor - To-one property `com.rts.tap.model.Notifications#candidate` was mapped with LAZY + NO_PROXY but the class was not enhanced
2025-02-03 12:08:30 [main] DEBUG o.hibernate.ormbytecode.interceptor - To-one property `com.rts.tap.model.Notifications#client` was mapped with LAZY + NO_PROXY but the class was not enhanced
2025-02-03 12:08:30 [main] DEBUG o.hibernate.ormbytecode.interceptor - To-one property `com.rts.tap.model.Notifications#client` was mapped with LAZY + NO_PROXY but the class was not enhanced
2025-02-03 12:08:30 [main] DEBUG o.hibernate.ormbytecode.interceptor - To-one property `com.rts.tap.model.Notifications#employee` was mapped with LAZY + NO_PROXY but the class was not enhanced
2025-02-03 12:08:30 [main] DEBUG o.hibernate.ormbytecode.interceptor - To-one property `com.rts.tap.model.Notifications#employee` was mapped with LAZY + NO_PROXY but the class was not enhanced
2025-02-03 12:08:30 [main] DEBUG o.hibernate.ormbytecode.interceptor - To-one property `com.rts.tap.model.Notifications#vendor` was mapped with LAZY + NO_PROXY but the class was not enhanced
2025-02-03 12:08:30 [main] DEBUG o.hibernate.ormbytecode.interceptor - To-one property `com.rts.tap.model.Notifications#vendor` was mapped with LAZY + NO_PROXY but the class was not enhanced
2025-02-03 12:08:30 [main] DEBUG o.h.b.internal.ClassLoaderAccessImpl - Not known whether passed class name [com.rts.tap.model.Notifications] is safe
2025-02-03 12:08:30 [main] DEBUG o.h.b.internal.ClassLoaderAccessImpl - No temp ClassLoader provided; using live ClassLoader for loading potentially unsafe class : com.rts.tap.model.Notifications
2025-02-03 12:08:30 [main] DEBUG o.h.b.i.b.BytecodeProviderImpl - HHH000513: Unable to create the ReflectionOptimizer for [com.rts.tap.model.Notifications]: private accessor [candidate]
2025-02-03 12:08:30 [main] DEBUG o.hibernate.ormbytecode.interceptor - To-one property `com.rts.tap.model.Notifications#candidate` was mapped with LAZY + NO_PROXY but the class was not enhanced
2025-02-03 12:08:30 [main] DEBUG o.hibernate.ormbytecode.interceptor - To-one property `com.rts.tap.model.Notifications#client` was mapped with LAZY + NO_PROXY but the class was not enhanced
2025-02-03 12:08:30 [main] DEBUG o.hibernate.ormbytecode.interceptor - To-one property `com.rts.tap.model.Notifications#employee` was mapped with LAZY + NO_PROXY but the class was not enhanced
2025-02-03 12:08:30 [main] DEBUG o.hibernate.ormbytecode.interceptor - To-one property `com.rts.tap.model.Notifications#vendor` was mapped with LAZY + NO_PROXY but the class was not enhanced
2025-02-03 12:08:30 [main] DEBUG o.h.b.internal.ClassLoaderAccessImpl - Not known whether passed class name [com.rts.tap.model.MRFCriteria] is safe
2025-02-03 12:08:30 [main] DEBUG o.h.b.internal.ClassLoaderAccessImpl - No temp ClassLoader provided; using live ClassLoader for loading potentially unsafe class : com.rts.tap.model.MRFCriteria
2025-02-03 12:08:30 [main] DEBUG o.h.b.i.b.BytecodeProviderImpl - HHH000513: Unable to create the ReflectionOptimizer for [com.rts.tap.model.MRFCriteria]: private accessor [IsCertificationNeeded]
2025-02-03 12:08:30 [main] DEBUG o.h.b.internal.ClassLoaderAccessImpl - Not known whether passed class name [com.rts.tap.model.SubRequirements] is safe
2025-02-03 12:08:30 [main] DEBUG o.h.b.internal.ClassLoaderAccessImpl - No temp ClassLoader provided; using live ClassLoader for loading potentially unsafe class : com.rts.tap.model.SubRequirements
2025-02-03 12:08:30 [main] DEBUG o.h.b.i.b.BytecodeProviderImpl - HHH000513: Unable to create the ReflectionOptimizer for [com.rts.tap.model.SubRequirements]: private accessor [resourceCount]
2025-02-03 12:08:30 [main] DEBUG o.hibernate.ormbytecode.interceptor - To-one property `com.rts.tap.model.Assessment#recruitmentProcess` was mapped with LAZY + NO_PROXY but the class was not enhanced
2025-02-03 12:08:30 [main] DEBUG o.hibernate.ormbytecode.interceptor - To-one property `com.rts.tap.model.Assessment#recruitmentProcess` was mapped with LAZY + NO_PROXY but the class was not enhanced
2025-02-03 12:08:30 [main] DEBUG o.h.b.internal.ClassLoaderAccessImpl - Not known whether passed class name [com.rts.tap.model.Assessment] is safe
2025-02-03 12:08:30 [main] DEBUG o.h.b.internal.ClassLoaderAccessImpl - No temp ClassLoader provided; using live ClassLoader for loading potentially unsafe class : com.rts.tap.model.Assessment
2025-02-03 12:08:30 [main] DEBUG o.h.b.i.b.BytecodeProviderImpl - HHH000513: Unable to create the ReflectionOptimizer for [com.rts.tap.model.Assessment]: private accessor [assessmentEndDate]
2025-02-03 12:08:30 [main] DEBUG o.hibernate.ormbytecode.interceptor - To-one property `com.rts.tap.model.Assessment#recruitmentProcess` was mapped with LAZY + NO_PROXY but the class was not enhanced
2025-02-03 12:08:30 [main] DEBUG o.hibernate.ormbytecode.interceptor - To-one property `com.rts.tap.model.RecruitmentProcess#mrf` was mapped with LAZY + NO_PROXY but the class was not enhanced
2025-02-03 12:08:30 [main] DEBUG o.hibernate.ormbytecode.interceptor - To-one property `com.rts.tap.model.RecruitmentProcess#mrf` was mapped with LAZY + NO_PROXY but the class was not enhanced
2025-02-03 12:08:30 [main] DEBUG o.h.b.internal.ClassLoaderAccessImpl - Not known whether passed class name [com.rts.tap.model.RecruitmentProcess] is safe
2025-02-03 12:08:30 [main] DEBUG o.h.b.internal.ClassLoaderAccessImpl - No temp ClassLoader provided; using live ClassLoader for loading potentially unsafe class : com.rts.tap.model.RecruitmentProcess
2025-02-03 12:08:30 [main] DEBUG o.h.b.i.b.BytecodeProviderImpl - HHH000513: Unable to create the ReflectionOptimizer for [com.rts.tap.model.RecruitmentProcess]: private accessor [completedStatus]
2025-02-03 12:08:30 [main] DEBUG o.hibernate.ormbytecode.interceptor - To-one property `com.rts.tap.model.RecruitmentProcess#mrf` was mapped with LAZY + NO_PROXY but the class was not enhanced
2025-02-03 12:08:30 [main] DEBUG o.hibernate.ormbytecode.interceptor - To-one property `com.rts.tap.model.RecruiterOverallPerformance#recruiter` was mapped with LAZY + NO_PROXY but the class was not enhanced
2025-02-03 12:08:30 [main] DEBUG o.hibernate.ormbytecode.interceptor - To-one property `com.rts.tap.model.RecruiterOverallPerformance#recruiter` was mapped with LAZY + NO_PROXY but the class was not enhanced
2025-02-03 12:08:30 [main] DEBUG o.h.b.internal.ClassLoaderAccessImpl - Not known whether passed class name [com.rts.tap.model.RecruiterOverallPerformance] is safe
2025-02-03 12:08:30 [main] DEBUG o.h.b.internal.ClassLoaderAccessImpl - No temp ClassLoader provided; using live ClassLoader for loading potentially unsafe class : com.rts.tap.model.RecruiterOverallPerformance
2025-02-03 12:08:30 [main] DEBUG o.h.b.i.b.BytecodeProviderImpl - HHH000513: Unable to create the ReflectionOptimizer for [com.rts.tap.model.RecruiterOverallPerformance]: private accessor [grade]
2025-02-03 12:08:30 [main] DEBUG o.hibernate.ormbytecode.interceptor - To-one property `com.rts.tap.model.RecruiterOverallPerformance#recruiter` was mapped with LAZY + NO_PROXY but the class was not enhanced
2025-02-03 12:08:30 [main] DEBUG o.h.b.internal.ClassLoaderAccessImpl - Not known whether passed class name [com.rts.tap.model.MRFAgreement] is safe
2025-02-03 12:08:30 [main] DEBUG o.h.b.internal.ClassLoaderAccessImpl - No temp ClassLoader provided; using live ClassLoader for loading potentially unsafe class : com.rts.tap.model.MRFAgreement
2025-02-03 12:08:30 [main] DEBUG o.h.b.i.b.BytecodeProviderImpl - HHH000513: Unable to create the ReflectionOptimizer for [com.rts.tap.model.MRFAgreement]: private accessor [billingCycle]
2025-02-03 12:08:30 [main] DEBUG o.hibernate.ormbytecode.interceptor - To-one property `com.rts.tap.model.MRF#businessUnitHead` was mapped with LAZY + NO_PROXY but the class was not enhanced
2025-02-03 12:08:30 [main] DEBUG o.hibernate.ormbytecode.interceptor - To-one property `com.rts.tap.model.MRF#businessUnitHead` was mapped with LAZY + NO_PROXY but the class was not enhanced
2025-02-03 12:08:30 [main] DEBUG o.hibernate.ormbytecode.interceptor - To-one property `com.rts.tap.model.MRF#clientPartner` was mapped with LAZY + NO_PROXY but the class was not enhanced
2025-02-03 12:08:30 [main] DEBUG o.hibernate.ormbytecode.interceptor - To-one property `com.rts.tap.model.MRF#clientPartner` was mapped with LAZY + NO_PROXY but the class was not enhanced
2025-02-03 12:08:30 [main] DEBUG o.hibernate.ormbytecode.interceptor - To-one property `com.rts.tap.model.MRF#mrfAgreement` was mapped with LAZY + NO_PROXY but the class was not enhanced
2025-02-03 12:08:30 [main] DEBUG o.hibernate.ormbytecode.interceptor - To-one property `com.rts.tap.model.MRF#mrfAgreement` was mapped with LAZY + NO_PROXY but the class was not enhanced
2025-02-03 12:08:30 [main] DEBUG o.hibernate.ormbytecode.interceptor - To-one property `com.rts.tap.model.MRF#mrfCriteria` was mapped with LAZY + NO_PROXY but the class was not enhanced
2025-02-03 12:08:30 [main] DEBUG o.hibernate.ormbytecode.interceptor - To-one property `com.rts.tap.model.MRF#mrfCriteria` was mapped with LAZY + NO_PROXY but the class was not enhanced
2025-02-03 12:08:30 [main] DEBUG o.hibernate.ormbytecode.interceptor - To-one property `com.rts.tap.model.MRF#mrfJd` was mapped with LAZY + NO_PROXY but the class was not enhanced
2025-02-03 12:08:30 [main] DEBUG o.hibernate.ormbytecode.interceptor - To-one property `com.rts.tap.model.MRF#mrfJd` was mapped with LAZY + NO_PROXY but the class was not enhanced
2025-02-03 12:08:30 [main] DEBUG o.hibernate.ormbytecode.interceptor - To-one property `com.rts.tap.model.MRF#mrfStatus` was mapped with LAZY + NO_PROXY but the class was not enhanced
2025-02-03 12:08:30 [main] DEBUG o.hibernate.ormbytecode.interceptor - To-one property `com.rts.tap.model.MRF#mrfStatus` was mapped with LAZY + NO_PROXY but the class was not enhanced
2025-02-03 12:08:30 [main] DEBUG o.hibernate.ormbytecode.interceptor - To-one property `com.rts.tap.model.MRF#requirement` was mapped with LAZY + NO_PROXY but the class was not enhanced
2025-02-03 12:08:30 [main] DEBUG o.hibernate.ormbytecode.interceptor - To-one property `com.rts.tap.model.MRF#requirement` was mapped with LAZY + NO_PROXY but the class was not enhanced
2025-02-03 12:08:30 [main] DEBUG o.hibernate.ormbytecode.interceptor - To-one property `com.rts.tap.model.MRF#subRequirements` was mapped with LAZY + NO_PROXY but the class was not enhanced
2025-02-03 12:08:30 [main] DEBUG o.hibernate.ormbytecode.interceptor - To-one property `com.rts.tap.model.MRF#subRequirements` was mapped with LAZY + NO_PROXY but the class was not enhanced
2025-02-03 12:08:30 [main] DEBUG o.h.b.internal.ClassLoaderAccessImpl - Not known whether passed class name [com.rts.tap.model.MRF] is safe
2025-02-03 12:08:30 [main] DEBUG o.h.b.internal.ClassLoaderAccessImpl - No temp ClassLoader provided; using live ClassLoader for loading potentially unsafe class : com.rts.tap.model.MRF
2025-02-03 12:08:30 [main] DEBUG o.h.b.i.b.BytecodeProviderImpl - HHH000513: Unable to create the ReflectionOptimizer for [com.rts.tap.model.MRF]: private accessor [businessUnitHead]
2025-02-03 12:08:30 [main] DEBUG o.hibernate.ormbytecode.interceptor - To-one property `com.rts.tap.model.MRF#businessUnitHead` was mapped with LAZY + NO_PROXY but the class was not enhanced
2025-02-03 12:08:30 [main] DEBUG o.hibernate.ormbytecode.interceptor - To-one property `com.rts.tap.model.MRF#clientPartner` was mapped with LAZY + NO_PROXY but the class was not enhanced
2025-02-03 12:08:30 [main] DEBUG o.hibernate.ormbytecode.interceptor - To-one property `com.rts.tap.model.MRF#mrfAgreement` was mapped with LAZY + NO_PROXY but the class was not enhanced
2025-02-03 12:08:30 [main] DEBUG o.hibernate.ormbytecode.interceptor - To-one property `com.rts.tap.model.MRF#mrfCriteria` was mapped with LAZY + NO_PROXY but the class was not enhanced
2025-02-03 12:08:30 [main] DEBUG o.hibernate.ormbytecode.interceptor - To-one property `com.rts.tap.model.MRF#mrfJd` was mapped with LAZY + NO_PROXY but the class was not enhanced
2025-02-03 12:08:30 [main] DEBUG o.hibernate.ormbytecode.interceptor - To-one property `com.rts.tap.model.MRF#mrfStatus` was mapped with LAZY + NO_PROXY but the class was not enhanced
2025-02-03 12:08:30 [main] DEBUG o.hibernate.ormbytecode.interceptor - To-one property `com.rts.tap.model.MRF#requirement` was mapped with LAZY + NO_PROXY but the class was not enhanced
2025-02-03 12:08:30 [main] DEBUG o.hibernate.ormbytecode.interceptor - To-one property `com.rts.tap.model.MRF#subRequirements` was mapped with LAZY + NO_PROXY but the class was not enhanced
2025-02-03 12:08:30 [main] DEBUG o.hibernate.ormbytecode.interceptor - To-one property `com.rts.tap.model.Interview#candidate` was mapped with LAZY + NO_PROXY but the class was not enhanced
2025-02-03 12:08:30 [main] DEBUG o.hibernate.ormbytecode.interceptor - To-one property `com.rts.tap.model.Interview#candidate` was mapped with LAZY + NO_PROXY but the class was not enhanced
2025-02-03 12:08:30 [main] DEBUG o.hibernate.ormbytecode.interceptor - To-one property `com.rts.tap.model.Interview#recruitmentProcess` was mapped with LAZY + NO_PROXY but the class was not enhanced
2025-02-03 12:08:30 [main] DEBUG o.hibernate.ormbytecode.interceptor - To-one property `com.rts.tap.model.Interview#recruitmentProcess` was mapped with LAZY + NO_PROXY but the class was not enhanced
2025-02-03 12:08:30 [main] DEBUG o.h.b.internal.ClassLoaderAccessImpl - Not known whether passed class name [com.rts.tap.model.Interview] is safe
2025-02-03 12:08:30 [main] DEBUG o.h.b.internal.ClassLoaderAccessImpl - No temp ClassLoader provided; using live ClassLoader for loading potentially unsafe class : com.rts.tap.model.Interview
2025-02-03 12:08:30 [main] DEBUG o.h.b.i.b.BytecodeProviderImpl - HHH000513: Unable to create the ReflectionOptimizer for [com.rts.tap.model.Interview]: private accessor [Others]
2025-02-03 12:08:30 [main] DEBUG o.hibernate.ormbytecode.interceptor - To-one property `com.rts.tap.model.Interview#candidate` was mapped with LAZY + NO_PROXY but the class was not enhanced
2025-02-03 12:08:30 [main] DEBUG o.hibernate.ormbytecode.interceptor - To-one property `com.rts.tap.model.Interview#recruitmentProcess` was mapped with LAZY + NO_PROXY but the class was not enhanced
2025-02-03 12:08:30 [main] DEBUG o.hibernate.ormbytecode.interceptor - To-one property `com.rts.tap.model.Admin#organization` was mapped with LAZY + NO_PROXY but the class was not enhanced
2025-02-03 12:08:30 [main] DEBUG o.hibernate.ormbytecode.interceptor - To-one property `com.rts.tap.model.Admin#organization` was mapped with LAZY + NO_PROXY but the class was not enhanced
2025-02-03 12:08:30 [main] DEBUG o.h.b.internal.ClassLoaderAccessImpl - Not known whether passed class name [com.rts.tap.model.Admin] is safe
2025-02-03 12:08:30 [main] DEBUG o.h.b.internal.ClassLoaderAccessImpl - No temp ClassLoader provided; using live ClassLoader for loading potentially unsafe class : com.rts.tap.model.Admin
2025-02-03 12:08:30 [main] DEBUG o.h.b.i.b.BytecodeProviderImpl - HHH000513: Unable to create the ReflectionOptimizer for [com.rts.tap.model.Admin]: private accessor [adminEmail]
2025-02-03 12:08:30 [main] DEBUG o.hibernate.ormbytecode.interceptor - To-one property `com.rts.tap.model.Admin#organization` was mapped with LAZY + NO_PROXY but the class was not enhanced
2025-02-03 12:08:30 [main] DEBUG o.h.b.internal.ClassLoaderAccessImpl - Not known whether passed class name [com.rts.tap.model.CandidateDocument] is safe
2025-02-03 12:08:30 [main] DEBUG o.h.b.internal.ClassLoaderAccessImpl - No temp ClassLoader provided; using live ClassLoader for loading potentially unsafe class : com.rts.tap.model.CandidateDocument
2025-02-03 12:08:30 [main] DEBUG o.h.b.i.b.BytecodeProviderImpl - HHH000513: Unable to create the ReflectionOptimizer for [com.rts.tap.model.CandidateDocument]: private accessor [aadhar]
2025-02-03 12:08:30 [main] DEBUG o.hibernate.ormbytecode.interceptor - To-one property `com.rts.tap.model.Department#organization` was mapped with LAZY + NO_PROXY but the class was not enhanced
2025-02-03 12:08:30 [main] DEBUG o.hibernate.ormbytecode.interceptor - To-one property `com.rts.tap.model.Department#organization` was mapped with LAZY + NO_PROXY but the class was not enhanced
2025-02-03 12:08:30 [main] DEBUG o.h.b.internal.ClassLoaderAccessImpl - Not known whether passed class name [com.rts.tap.model.Department] is safe
2025-02-03 12:08:30 [main] DEBUG o.h.b.internal.ClassLoaderAccessImpl - No temp ClassLoader provided; using live ClassLoader for loading potentially unsafe class : com.rts.tap.model.Department
2025-02-03 12:08:30 [main] DEBUG o.h.b.i.b.BytecodeProviderImpl - HHH000513: Unable to create the ReflectionOptimizer for [com.rts.tap.model.Department]: private accessor [createdDate]
2025-02-03 12:08:30 [main] DEBUG o.hibernate.ormbytecode.interceptor - To-one property `com.rts.tap.model.Department#organization` was mapped with LAZY + NO_PROXY but the class was not enhanced
2025-02-03 12:08:30 [main] DEBUG o.h.b.internal.ClassLoaderAccessImpl - Not known whether passed class name [com.rts.tap.model.MrfJd] is safe
2025-02-03 12:08:30 [main] DEBUG o.h.b.internal.ClassLoaderAccessImpl - No temp ClassLoader provided; using live ClassLoader for loading potentially unsafe class : com.rts.tap.model.MrfJd
2025-02-03 12:08:30 [main] DEBUG o.h.b.i.b.BytecodeProviderImpl - HHH000513: Unable to create the ReflectionOptimizer for [com.rts.tap.model.MrfJd]: private accessor [jobParameter]
2025-02-03 12:08:30 [main] DEBUG o.h.b.internal.ClassLoaderAccessImpl - Not known whether passed class name [com.rts.tap.model.ClientOrganization] is safe
2025-02-03 12:08:30 [main] DEBUG o.h.b.internal.ClassLoaderAccessImpl - No temp ClassLoader provided; using live ClassLoader for loading potentially unsafe class : com.rts.tap.model.ClientOrganization
2025-02-03 12:08:30 [main] DEBUG o.h.b.i.b.BytecodeProviderImpl - HHH000513: Unable to create the ReflectionOptimizer for [com.rts.tap.model.ClientOrganization]: private accessor [organizationAddress]
2025-02-03 12:08:30 [main] DEBUG o.h.b.internal.ClassLoaderAccessImpl - Not known whether passed class name [com.rts.tap.model.Qualification] is safe
2025-02-03 12:08:30 [main] DEBUG o.h.b.internal.ClassLoaderAccessImpl - No temp ClassLoader provided; using live ClassLoader for loading potentially unsafe class : com.rts.tap.model.Qualification
2025-02-03 12:08:30 [main] DEBUG o.h.b.i.b.BytecodeProviderImpl - HHH000513: Unable to create the ReflectionOptimizer for [com.rts.tap.model.Qualification]: private accessor [certificates]
2025-02-03 12:08:30 [main] DEBUG o.h.b.internal.ClassLoaderAccessImpl - Not known whether passed class name [com.rts.tap.model.ThirdPartyRole] is safe
2025-02-03 12:08:30 [main] DEBUG o.h.b.internal.ClassLoaderAccessImpl - No temp ClassLoader provided; using live ClassLoader for loading potentially unsafe class : com.rts.tap.model.ThirdPartyRole
2025-02-03 12:08:30 [main] DEBUG o.h.b.i.b.BytecodeProviderImpl - HHH000513: Unable to create the ReflectionOptimizer for [com.rts.tap.model.ThirdPartyRole]: private accessor [role]
2025-02-03 12:08:30 [main] DEBUG o.h.b.internal.ClassLoaderAccessImpl - Not known whether passed class name [com.rts.tap.model.Employee] is safe
2025-02-03 12:08:30 [main] DEBUG o.h.b.internal.ClassLoaderAccessImpl - No temp ClassLoader provided; using live ClassLoader for loading potentially unsafe class : com.rts.tap.model.Employee
2025-02-03 12:08:30 [main] DEBUG o.h.b.i.b.BytecodeProviderImpl - HHH000513: Unable to create the ReflectionOptimizer for [com.rts.tap.model.Employee]: private accessor [businessUnit]
2025-02-03 12:08:30 [main] DEBUG o.hibernate.ormbytecode.interceptor - To-one property `com.rts.tap.model.ApproverLevel#employee` was mapped with LAZY + NO_PROXY but the class was not enhanced
2025-02-03 12:08:30 [main] DEBUG o.hibernate.ormbytecode.interceptor - To-one property `com.rts.tap.model.ApproverLevel#employee` was mapped with LAZY + NO_PROXY but the class was not enhanced
2025-02-03 12:08:30 [main] DEBUG o.hibernate.ormbytecode.interceptor - To-one property `com.rts.tap.model.ApproverLevel#mrf` was mapped with LAZY + NO_PROXY but the class was not enhanced
2025-02-03 12:08:30 [main] DEBUG o.hibernate.ormbytecode.interceptor - To-one property `com.rts.tap.model.ApproverLevel#mrf` was mapped with LAZY + NO_PROXY but the class was not enhanced
2025-02-03 12:08:30 [main] DEBUG o.h.b.internal.ClassLoaderAccessImpl - Not known whether passed class name [com.rts.tap.model.ApproverLevel] is safe
2025-02-03 12:08:30 [main] DEBUG o.h.b.internal.ClassLoaderAccessImpl - No temp ClassLoader provided; using live ClassLoader for loading potentially unsafe class : com.rts.tap.model.ApproverLevel
2025-02-03 12:08:30 [main] DEBUG o.h.b.i.b.BytecodeProviderImpl - HHH000513: Unable to create the ReflectionOptimizer for [com.rts.tap.model.ApproverLevel]: private accessor [employee]
2025-02-03 12:08:30 [main] DEBUG o.hibernate.ormbytecode.interceptor - To-one property `com.rts.tap.model.ApproverLevel#employee` was mapped with LAZY + NO_PROXY but the class was not enhanced
2025-02-03 12:08:30 [main] DEBUG o.hibernate.ormbytecode.interceptor - To-one property `com.rts.tap.model.ApproverLevel#mrf` was mapped with LAZY + NO_PROXY but the class was not enhanced
2025-02-03 12:08:30 [main] DEBUG o.hibernate.ormbytecode.interceptor - To-one property `com.rts.tap.model.Interviewer#client` was mapped with LAZY + NO_PROXY but the class was not enhanced
2025-02-03 12:08:30 [main] DEBUG o.hibernate.ormbytecode.interceptor - To-one property `com.rts.tap.model.Interviewer#client` was mapped with LAZY + NO_PROXY but the class was not enhanced
2025-02-03 12:08:30 [main] DEBUG o.hibernate.ormbytecode.interceptor - To-one property `com.rts.tap.model.Interviewer#employee` was mapped with LAZY + NO_PROXY but the class was not enhanced
2025-02-03 12:08:30 [main] DEBUG o.hibernate.ormbytecode.interceptor - To-one property `com.rts.tap.model.Interviewer#employee` was mapped with LAZY + NO_PROXY but the class was not enhanced
2025-02-03 12:08:30 [main] DEBUG o.h.b.internal.ClassLoaderAccessImpl - Not known whether passed class name [com.rts.tap.model.Interviewer] is safe
2025-02-03 12:08:30 [main] DEBUG o.h.b.internal.ClassLoaderAccessImpl - No temp ClassLoader provided; using live ClassLoader for loading potentially unsafe class : com.rts.tap.model.Interviewer
2025-02-03 12:08:30 [main] DEBUG o.h.b.i.b.BytecodeProviderImpl - HHH000513: Unable to create the ReflectionOptimizer for [com.rts.tap.model.Interviewer]: private accessor [client]
2025-02-03 12:08:30 [main] DEBUG o.hibernate.ormbytecode.interceptor - To-one property `com.rts.tap.model.Interviewer#client` was mapped with LAZY + NO_PROXY but the class was not enhanced
2025-02-03 12:08:30 [main] DEBUG o.hibernate.ormbytecode.interceptor - To-one property `com.rts.tap.model.Interviewer#employee` was mapped with LAZY + NO_PROXY but the class was not enhanced
2025-02-03 12:08:30 [main] DEBUG o.hibernate.ormbytecode.interceptor - To-one property `com.rts.tap.model.Requirement#client` was mapped with LAZY + NO_PROXY but the class was not enhanced
2025-02-03 12:08:30 [main] DEBUG o.hibernate.ormbytecode.interceptor - To-one property `com.rts.tap.model.Requirement#client` was mapped with LAZY + NO_PROXY but the class was not enhanced
2025-02-03 12:08:30 [main] DEBUG o.h.b.internal.ClassLoaderAccessImpl - Not known whether passed class name [com.rts.tap.model.Requirement] is safe
2025-02-03 12:08:30 [main] DEBUG o.h.b.internal.ClassLoaderAccessImpl - No temp ClassLoader provided; using live ClassLoader for loading potentially unsafe class : com.rts.tap.model.Requirement
2025-02-03 12:08:30 [main] DEBUG o.h.b.i.b.BytecodeProviderImpl - HHH000513: Unable to create the ReflectionOptimizer for [com.rts.tap.model.Requirement]: private accessor [budget]
2025-02-03 12:08:30 [main] DEBUG o.hibernate.ormbytecode.interceptor - To-one property `com.rts.tap.model.Requirement#client` was mapped with LAZY + NO_PROXY but the class was not enhanced
2025-02-03 12:08:30 [main] DEBUG o.h.b.internal.ClassLoaderAccessImpl - Not known whether passed class name [com.rts.tap.model.Candidate360QuestionBank] is safe
2025-02-03 12:08:30 [main] DEBUG o.h.b.internal.ClassLoaderAccessImpl - No temp ClassLoader provided; using live ClassLoader for loading potentially unsafe class : com.rts.tap.model.Candidate360QuestionBank
2025-02-03 12:08:30 [main] DEBUG o.h.b.i.b.BytecodeProviderImpl - HHH000513: Unable to create the ReflectionOptimizer for [com.rts.tap.model.Candidate360QuestionBank]: private accessor [question]
2025-02-03 12:08:30 [main] DEBUG o.h.b.internal.ClassLoaderAccessImpl - Not known whether passed class name [com.rts.tap.model.Jobs] is safe
2025-02-03 12:08:30 [main] DEBUG o.h.b.internal.ClassLoaderAccessImpl - No temp ClassLoader provided; using live ClassLoader for loading potentially unsafe class : com.rts.tap.model.Jobs
2025-02-03 12:08:30 [main] DEBUG o.h.b.i.b.BytecodeProviderImpl - HHH000513: Unable to create the ReflectionOptimizer for [com.rts.tap.model.Jobs]: private accessor [jobTitle]
2025-02-03 12:08:30 [main] DEBUG o.hibernate.ormbytecode.interceptor - To-one property `com.rts.tap.model.Vendor#thirdPartyCredentitals` was mapped with LAZY + NO_PROXY but the class was not enhanced
2025-02-03 12:08:30 [main] DEBUG o.hibernate.ormbytecode.interceptor - To-one property `com.rts.tap.model.Vendor#thirdPartyCredentitals` was mapped with LAZY + NO_PROXY but the class was not enhanced
2025-02-03 12:08:30 [main] DEBUG o.h.b.internal.ClassLoaderAccessImpl - Not known whether passed class name [com.rts.tap.model.Vendor] is safe
2025-02-03 12:08:30 [main] DEBUG o.h.b.internal.ClassLoaderAccessImpl - No temp ClassLoader provided; using live ClassLoader for loading potentially unsafe class : com.rts.tap.model.Vendor
2025-02-03 12:08:30 [main] DEBUG o.h.b.i.b.BytecodeProviderImpl - HHH000513: Unable to create the ReflectionOptimizer for [com.rts.tap.model.Vendor]: private accessor [address]
2025-02-03 12:08:30 [main] DEBUG o.hibernate.ormbytecode.interceptor - To-one property `com.rts.tap.model.Vendor#thirdPartyCredentitals` was mapped with LAZY + NO_PROXY but the class was not enhanced
2025-02-03 12:08:30 [main] DEBUG o.hibernate.ormbytecode.interceptor - To-one property `com.rts.tap.model.OfferApproval#approverLevel` was mapped with LAZY + NO_PROXY but the class was not enhanced
2025-02-03 12:08:30 [main] DEBUG o.hibernate.ormbytecode.interceptor - To-one property `com.rts.tap.model.OfferApproval#approverLevel` was mapped with LAZY + NO_PROXY but the class was not enhanced
2025-02-03 12:08:30 [main] DEBUG o.hibernate.ormbytecode.interceptor - To-one property `com.rts.tap.model.OfferApproval#offer` was mapped with LAZY + NO_PROXY but the class was not enhanced
2025-02-03 12:08:30 [main] DEBUG o.hibernate.ormbytecode.interceptor - To-one property `com.rts.tap.model.OfferApproval#offer` was mapped with LAZY + NO_PROXY but the class was not enhanced
2025-02-03 12:08:30 [main] DEBUG o.h.b.internal.ClassLoaderAccessImpl - Not known whether passed class name [com.rts.tap.model.OfferApproval] is safe
2025-02-03 12:08:30 [main] DEBUG o.h.b.internal.ClassLoaderAccessImpl - No temp ClassLoader provided; using live ClassLoader for loading potentially unsafe class : com.rts.tap.model.OfferApproval
2025-02-03 12:08:30 [main] DEBUG o.h.b.i.b.BytecodeProviderImpl - HHH000513: Unable to create the ReflectionOptimizer for [com.rts.tap.model.OfferApproval]: private accessor [Reason]
2025-02-03 12:08:30 [main] DEBUG o.hibernate.ormbytecode.interceptor - To-one property `com.rts.tap.model.OfferApproval#approverLevel` was mapped with LAZY + NO_PROXY but the class was not enhanced
2025-02-03 12:08:30 [main] DEBUG o.hibernate.ormbytecode.interceptor - To-one property `com.rts.tap.model.OfferApproval#offer` was mapped with LAZY + NO_PROXY but the class was not enhanced
2025-02-03 12:08:30 [main] DEBUG o.h.b.internal.ClassLoaderAccessImpl - Not known whether passed class name [com.rts.tap.model.JobDescription] is safe
2025-02-03 12:08:30 [main] DEBUG o.h.b.internal.ClassLoaderAccessImpl - No temp ClassLoader provided; using live ClassLoader for loading potentially unsafe class : com.rts.tap.model.JobDescription
2025-02-03 12:08:30 [main] DEBUG o.h.b.i.b.BytecodeProviderImpl - HHH000513: Unable to create the ReflectionOptimizer for [com.rts.tap.model.JobDescription]: private accessor [jobParameter]
2025-02-03 12:08:30 [main] DEBUG o.hibernate.ormbytecode.interceptor - To-one property `com.rts.tap.model.WorkFlow#employee` was mapped with LAZY + NO_PROXY but the class was not enhanced
2025-02-03 12:08:30 [main] DEBUG o.hibernate.ormbytecode.interceptor - To-one property `com.rts.tap.model.WorkFlow#employee` was mapped with LAZY + NO_PROXY but the class was not enhanced
2025-02-03 12:08:30 [main] DEBUG o.hibernate.ormbytecode.interceptor - To-one property `com.rts.tap.model.WorkFlow#mrf` was mapped with LAZY + NO_PROXY but the class was not enhanced
2025-02-03 12:08:30 [main] DEBUG o.hibernate.ormbytecode.interceptor - To-one property `com.rts.tap.model.WorkFlow#mrf` was mapped with LAZY + NO_PROXY but the class was not enhanced
2025-02-03 12:08:30 [main] DEBUG o.hibernate.ormbytecode.interceptor - To-one property `com.rts.tap.model.WorkFlow#recruiter` was mapped with LAZY + NO_PROXY but the class was not enhanced
2025-02-03 12:08:30 [main] DEBUG o.hibernate.ormbytecode.interceptor - To-one property `com.rts.tap.model.WorkFlow#recruiter` was mapped with LAZY + NO_PROXY but the class was not enhanced
2025-02-03 12:08:30 [main] DEBUG o.h.b.internal.ClassLoaderAccessImpl - Not known whether passed class name [com.rts.tap.model.WorkFlow] is safe
2025-02-03 12:08:30 [main] DEBUG o.h.b.internal.ClassLoaderAccessImpl - No temp ClassLoader provided; using live ClassLoader for loading potentially unsafe class : com.rts.tap.model.WorkFlow
2025-02-03 12:08:30 [main] DEBUG o.h.b.i.b.BytecodeProviderImpl - HHH000513: Unable to create the ReflectionOptimizer for [com.rts.tap.model.WorkFlow]: private accessor [count]
2025-02-03 12:08:30 [main] DEBUG o.hibernate.ormbytecode.interceptor - To-one property `com.rts.tap.model.WorkFlow#employee` was mapped with LAZY + NO_PROXY but the class was not enhanced
2025-02-03 12:08:30 [main] DEBUG o.hibernate.ormbytecode.interceptor - To-one property `com.rts.tap.model.WorkFlow#mrf` was mapped with LAZY + NO_PROXY but the class was not enhanced
2025-02-03 12:08:30 [main] DEBUG o.hibernate.ormbytecode.interceptor - To-one property `com.rts.tap.model.WorkFlow#recruiter` was mapped with LAZY + NO_PROXY but the class was not enhanced
2025-02-03 12:08:30 [main] DEBUG o.h.b.internal.ClassLoaderAccessImpl - Not known whether passed class name [com.rts.tap.model.Experience] is safe
2025-02-03 12:08:30 [main] DEBUG o.h.b.internal.ClassLoaderAccessImpl - No temp ClassLoader provided; using live ClassLoader for loading potentially unsafe class : com.rts.tap.model.Experience
2025-02-03 12:08:30 [main] DEBUG o.h.b.i.b.BytecodeProviderImpl - HHH000513: Unable to create the ReflectionOptimizer for [com.rts.tap.model.Experience]: private accessor [companyName]
2025-02-03 12:08:30 [main] DEBUG o.h.b.internal.ClassLoaderAccessImpl - Not known whether passed class name [com.rts.tap.model.Organization] is safe
2025-02-03 12:08:30 [main] DEBUG o.h.b.internal.ClassLoaderAccessImpl - No temp ClassLoader provided; using live ClassLoader for loading potentially unsafe class : com.rts.tap.model.Organization
2025-02-03 12:08:30 [main] DEBUG o.h.b.i.b.BytecodeProviderImpl - HHH000513: Unable to create the ReflectionOptimizer for [com.rts.tap.model.Organization]: private accessor [contactPersonEmail]
2025-02-03 12:08:30 [main] DEBUG o.h.b.internal.ClassLoaderAccessImpl - Not known whether passed class name [com.rts.tap.model.Documents] is safe
2025-02-03 12:08:30 [main] DEBUG o.h.b.internal.ClassLoaderAccessImpl - No temp ClassLoader provided; using live ClassLoader for loading potentially unsafe class : com.rts.tap.model.Documents
2025-02-03 12:08:30 [main] DEBUG o.h.b.i.b.BytecodeProviderImpl - HHH000513: Unable to create the ReflectionOptimizer for [com.rts.tap.model.Documents]: private accessor [createdDate]
2025-02-03 12:08:30 [main] DEBUG org.hibernate.orm.jdbc.mutation - Skipping collection row updates - com.rts.tap.model.Employee.experience
2025-02-03 12:08:30 [main] DEBUG org.hibernate.orm.jdbc.mutation - Skipping collection row updates - com.rts.tap.model.Employee.qualification
2025-02-03 12:08:30 [main] DEBUG org.hibernate.orm.jdbc.mutation - Skipping collection row updates - com.rts.tap.model.Employee.documents
2025-02-03 12:08:30 [main] DEBUG org.hibernate.orm.jdbc.mutation - Skipping collection row updates - com.rts.tap.model.Employee.familyDetails
2025-02-03 12:08:30 [main] DEBUG org.hibernate.orm.jdbc.mutation - Skipping collection row updates - com.rts.tap.model.Candidate.MrfJd
2025-02-03 12:08:30 [main] DEBUG org.hibernate.orm.jdbc.mutation - Skipping collection row updates - com.rts.tap.model.RecruitmentProcess.interviewer
2025-02-03 12:08:30 [main] DEBUG org.hibernate.orm.jdbc.mutation - Skipping collection row updates - com.rts.tap.model.Candidate.certifications
2025-02-03 12:08:30 [main] DEBUG org.hibernate.orm.jdbc.mutation - Skipping collection row updates - com.rts.tap.model.MRFCandidate.candidate
2025-02-03 12:08:30 [main] DEBUG o.h.orm.model.mapping.creation - Starting post-init callbacks
2025-02-03 12:08:30 [main] DEBUG o.h.orm.model.mapping.creation - Starting PostInitCallbackEntry : To-one key - NavigableRole[com.rts.tap.model.ReferralCandiate.referringEmployee]
2025-02-03 12:08:30 [main] DEBUG o.h.orm.model.mapping.creation - Starting PostInitCallbackEntry : Entity(com.rts.tap.model.ReferralCandiate) `staticFetchableList` generator
2025-02-03 12:08:30 [main] DEBUG o.h.orm.model.mapping.creation - Starting PostInitCallbackEntry : To-one key - NavigableRole[com.rts.tap.model.ThirdPartyCredentitals.role]
2025-02-03 12:08:30 [main] DEBUG o.h.orm.model.mapping.creation - Starting PostInitCallbackEntry : Entity(com.rts.tap.model.ThirdPartyCredentitals) `staticFetchableList` generator
2025-02-03 12:08:30 [main] DEBUG o.h.orm.model.mapping.creation - Starting PostInitCallbackEntry : To-one key - NavigableRole[com.rts.tap.model.Score.assessment]
2025-02-03 12:08:30 [main] DEBUG o.h.orm.model.mapping.creation - Starting PostInitCallbackEntry : To-one key - NavigableRole[com.rts.tap.model.Score.candidate]
2025-02-03 12:08:30 [main] DEBUG o.h.orm.model.mapping.creation - Starting PostInitCallbackEntry : Entity(com.rts.tap.model.Score) `staticFetchableList` generator
2025-02-03 12:08:30 [main] DEBUG o.h.orm.model.mapping.creation - Starting PostInitCallbackEntry : To-one key - NavigableRole[com.rts.tap.model.Offer.candidate]
2025-02-03 12:08:30 [main] DEBUG o.h.orm.model.mapping.creation - Starting PostInitCallbackEntry : To-one key - NavigableRole[com.rts.tap.model.Offer.mrf]
2025-02-03 12:08:30 [main] DEBUG o.h.orm.model.mapping.creation - Starting PostInitCallbackEntry : Entity(com.rts.tap.model.Offer) `staticFetchableList` generator
2025-02-03 12:08:30 [main] DEBUG o.h.orm.model.mapping.creation - Starting PostInitCallbackEntry : Entity(com.rts.tap.model.OrganizationLocation) `staticFetchableList` generator
2025-02-03 12:08:30 [main] DEBUG o.h.orm.model.mapping.creation - Starting PostInitCallbackEntry : PluralAttributeMapping( NavigableRole[com.rts.tap.model.MRFCandidate.candidate#{element}]) - element descriptor
2025-02-03 12:08:30 [main] DEBUG o.h.orm.model.mapping.creation - Starting PostInitCallbackEntry : PluralAttributeMapping(com.rts.tap.model.MRFCandidate.candidate)#finishInitialization
2025-02-03 12:08:30 [main] DEBUG o.h.orm.model.mapping.creation - Starting PostInitCallbackEntry : PluralAttributeMapping(com.rts.tap.model.MRFCandidate.candidate) - key descriptor
2025-02-03 12:08:30 [main] DEBUG o.h.orm.model.mapping.creation - Starting PostInitCallbackEntry : To-one key - NavigableRole[com.rts.tap.model.MRFCandidate.mrfRecruiter]
2025-02-03 12:08:30 [main] DEBUG o.h.orm.model.mapping.creation - Starting PostInitCallbackEntry : Entity(com.rts.tap.model.MRFCandidate) `staticFetchableList` generator
2025-02-03 12:08:30 [main] DEBUG o.h.orm.model.mapping.creation - Starting PostInitCallbackEntry : To-one key - NavigableRole[com.rts.tap.model.RecruiterPerformance.mrf]
2025-02-03 12:08:30 [main] DEBUG o.h.orm.model.mapping.creation - Starting PostInitCallbackEntry : To-one key - NavigableRole[com.rts.tap.model.RecruiterPerformance.recruiter]
2025-02-03 12:08:30 [main] DEBUG o.h.orm.model.mapping.creation - Starting PostInitCallbackEntry : Entity(com.rts.tap.model.RecruiterPerformance) `staticFetchableList` generator
2025-02-03 12:08:30 [main] DEBUG o.h.orm.model.mapping.creation - Starting PostInitCallbackEntry : To-one key - NavigableRole[com.rts.tap.model.Role.department]
2025-02-03 12:08:30 [main] DEBUG o.h.orm.model.mapping.creation - Starting PostInitCallbackEntry : Entity(com.rts.tap.model.Role) `staticFetchableList` generator
2025-02-03 12:08:30 [main] DEBUG o.h.orm.model.mapping.creation - Starting PostInitCallbackEntry : To-one key - NavigableRole[com.rts.tap.model.VendorPerformance.vendor]
2025-02-03 12:08:30 [main] DEBUG o.h.orm.model.mapping.creation - Starting PostInitCallbackEntry : Entity(com.rts.tap.model.VendorPerformance) `staticFetchableList` generator
2025-02-03 12:08:30 [main] DEBUG o.h.orm.model.mapping.creation - Starting PostInitCallbackEntry : Entity(com.rts.tap.model.MRFStatus) `staticFetchableList` generator
2025-02-03 12:08:30 [main] DEBUG o.h.orm.model.mapping.creation - Starting PostInitCallbackEntry : To-one key - NavigableRole[com.rts.tap.model.JobPosting.mrf]
2025-02-03 12:08:30 [main] DEBUG o.h.orm.model.mapping.creation - Starting PostInitCallbackEntry : To-one key - NavigableRole[com.rts.tap.model.JobPosting.recruiter]
2025-02-03 12:08:30 [main] DEBUG o.h.orm.model.mapping.creation - Starting PostInitCallbackEntry : Entity(com.rts.tap.model.JobPosting) `staticFetchableList` generator
2025-02-03 12:08:30 [main] DEBUG o.h.orm.model.mapping.creation - Starting PostInitCallbackEntry : To-one key - NavigableRole[com.rts.tap.model.Budget.requirement]
2025-02-03 12:08:30 [main] DEBUG o.h.orm.model.mapping.creation - Starting PostInitCallbackEntry : To-one key - NavigableRole[com.rts.tap.model.Budget.subRequirementId]
2025-02-03 12:08:30 [main] DEBUG o.h.orm.model.mapping.creation - Starting PostInitCallbackEntry : Entity(com.rts.tap.model.Budget) `staticFetchableList` generator
2025-02-03 12:08:30 [main] DEBUG o.h.orm.model.mapping.creation - Starting PostInitCallbackEntry : To-one key - NavigableRole[com.rts.tap.model.CandidateStatus.candidate]
2025-02-03 12:08:30 [main] DEBUG o.h.orm.model.mapping.creation - Starting PostInitCallbackEntry : To-one key - NavigableRole[com.rts.tap.model.CandidateStatus.recruiter]
2025-02-03 12:08:30 [main] DEBUG o.h.orm.model.mapping.creation - Starting PostInitCallbackEntry : Entity(com.rts.tap.model.CandidateStatus) `staticFetchableList` generator
2025-02-03 12:08:30 [main] DEBUG o.h.orm.model.mapping.creation - Starting PostInitCallbackEntry : To-one key - NavigableRole[com.rts.tap.model.Client.clientOrganization]
2025-02-03 12:08:30 [main] DEBUG o.h.orm.model.mapping.creation - Starting PostInitCallbackEntry : To-one key - NavigableRole[com.rts.tap.model.Client.clientPartner]
2025-02-03 12:08:30 [main] DEBUG o.h.orm.model.mapping.creation - Starting PostInitCallbackEntry : To-one key - NavigableRole[com.rts.tap.model.Client.thirdPartyCredentitals]
2025-02-03 12:08:30 [main] DEBUG o.h.orm.model.mapping.creation - Starting PostInitCallbackEntry : Entity(com.rts.tap.model.Client) `staticFetchableList` generator
2025-02-03 12:08:30 [main] DEBUG o.h.orm.model.mapping.creation - Starting PostInitCallbackEntry : PluralAttributeMapping( NavigableRole[com.rts.tap.model.Candidate.MrfJd#{element}]) - element descriptor
2025-02-03 12:08:30 [main] DEBUG o.h.orm.model.mapping.creation - Starting PostInitCallbackEntry : PluralAttributeMapping(com.rts.tap.model.Candidate.MrfJd)#finishInitialization
2025-02-03 12:08:30 [main] DEBUG o.h.orm.model.mapping.creation - Starting PostInitCallbackEntry : PluralAttributeMapping(com.rts.tap.model.Candidate.MrfJd) - key descriptor
2025-02-03 12:08:30 [main] DEBUG o.h.orm.model.mapping.creation - Starting PostInitCallbackEntry : PluralAttributeMapping(com.rts.tap.model.Candidate.certifications)#finishInitialization
2025-02-03 12:08:30 [main] DEBUG o.h.orm.model.mapping.creation - Starting PostInitCallbackEntry : PluralAttributeMapping(com.rts.tap.model.Candidate.certifications) - key descriptor
2025-02-03 12:08:30 [main] DEBUG o.h.orm.model.mapping.creation - Starting PostInitCallbackEntry : To-one key - NavigableRole[com.rts.tap.model.Candidate.credentials]
2025-02-03 12:08:30 [main] DEBUG o.h.orm.model.mapping.creation - Starting PostInitCallbackEntry : To-one key - NavigableRole[com.rts.tap.model.Candidate.documents]
2025-02-03 12:08:30 [main] DEBUG o.h.orm.model.mapping.creation - Starting PostInitCallbackEntry : Entity(com.rts.tap.model.Candidate) `staticFetchableList` generator
2025-02-03 12:08:30 [main] DEBUG o.h.orm.model.mapping.creation - Starting PostInitCallbackEntry : To-one key - NavigableRole[com.rts.tap.model.Candidate360.candidate]
2025-02-03 12:08:30 [main] DEBUG o.h.orm.model.mapping.creation - Starting PostInitCallbackEntry : Entity(com.rts.tap.model.Candidate360) `staticFetchableList` generator
2025-02-03 12:08:30 [main] DEBUG o.h.orm.model.mapping.creation - Starting PostInitCallbackEntry : Entity(com.rts.tap.model.BasicJobTable) `staticFetchableList` generator
2025-02-03 12:08:30 [main] DEBUG o.h.orm.model.mapping.creation - Starting PostInitCallbackEntry : To-one key - NavigableRole[com.rts.tap.model.VendorPerformanceHistory.mrf]
2025-02-03 12:08:30 [main] DEBUG o.h.orm.model.mapping.creation - Starting PostInitCallbackEntry : To-one key - NavigableRole[com.rts.tap.model.VendorPerformanceHistory.vendor]
2025-02-03 12:08:30 [main] DEBUG o.h.orm.model.mapping.creation - Starting PostInitCallbackEntry : Entity(com.rts.tap.model.VendorPerformanceHistory) `staticFetchableList` generator
2025-02-03 12:08:30 [main] DEBUG o.h.orm.model.mapping.creation - Starting PostInitCallbackEntry : To-one key - NavigableRole[com.rts.tap.model.BusinessUnit.organization]
2025-02-03 12:08:30 [main] DEBUG o.h.orm.model.mapping.creation - Starting PostInitCallbackEntry : Entity(com.rts.tap.model.BusinessUnit) `staticFetchableList` generator
2025-02-03 12:08:30 [main] DEBUG o.h.orm.model.mapping.creation - Starting PostInitCallbackEntry : To-one key - NavigableRole[com.rts.tap.model.MRFRecruiters.mrfRecruitingManager]
2025-02-03 12:08:30 [main] DEBUG o.h.orm.model.mapping.creation - Starting PostInitCallbackEntry : To-one key - NavigableRole[com.rts.tap.model.MRFRecruiters.recruiterId]
2025-02-03 12:08:30 [main] DEBUG o.h.orm.model.mapping.creation - Starting PostInitCallbackEntry : Entity(com.rts.tap.model.MRFRecruiters) `staticFetchableList` generator
2025-02-03 12:08:30 [main] DEBUG o.h.orm.model.mapping.creation - Starting PostInitCallbackEntry : To-one key - NavigableRole[com.rts.tap.model.MRFRecruitingManager.mrf]
2025-02-03 12:08:30 [main] DEBUG o.h.orm.model.mapping.creation - Starting PostInitCallbackEntry : To-one key - NavigableRole[com.rts.tap.model.MRFRecruitingManager.recruitingManager]
2025-02-03 12:08:30 [main] DEBUG o.h.orm.model.mapping.creation - Starting PostInitCallbackEntry : Entity(com.rts.tap.model.MRFRecruitingManager) `staticFetchableList` generator
2025-02-03 12:08:30 [main] DEBUG o.h.orm.model.mapping.creation - Starting PostInitCallbackEntry : Entity(com.rts.tap.model.PersonalInfo) `staticFetchableList` generator
2025-02-03 12:08:30 [main] DEBUG o.h.orm.model.mapping.creation - Starting PostInitCallbackEntry : To-one key - NavigableRole[com.rts.tap.model.LoginCredentials.employee]
2025-02-03 12:08:30 [main] DEBUG o.h.orm.model.mapping.creation - Starting PostInitCallbackEntry : Entity(com.rts.tap.model.LoginCredentials) `staticFetchableList` generator
2025-02-03 12:08:30 [main] DEBUG o.h.orm.model.mapping.creation - Starting PostInitCallbackEntry : Entity(com.rts.tap.model.FamilyDetails) `staticFetchableList` generator
2025-02-03 12:08:30 [main] DEBUG o.h.orm.model.mapping.creation - Starting PostInitCallbackEntry : To-one key - NavigableRole[com.rts.tap.model.MRFVendor.mrf]
2025-02-03 12:08:30 [main] DEBUG o.h.orm.model.mapping.creation - Starting PostInitCallbackEntry : To-one key - NavigableRole[com.rts.tap.model.MRFVendor.recruitingManager]
2025-02-03 12:08:30 [main] DEBUG o.h.orm.model.mapping.creation - Starting PostInitCallbackEntry : To-one key - NavigableRole[com.rts.tap.model.MRFVendor.vendor]
2025-02-03 12:08:30 [main] DEBUG o.h.orm.model.mapping.creation - Starting PostInitCallbackEntry : Entity(com.rts.tap.model.MRFVendor) `staticFetchableList` generator
2025-02-03 12:08:30 [main] DEBUG o.h.orm.model.mapping.creation - Starting PostInitCallbackEntry : To-one key - NavigableRole[com.rts.tap.model.Notifications.candidate]
2025-02-03 12:08:30 [main] DEBUG o.h.orm.model.mapping.creation - Starting PostInitCallbackEntry : To-one key - NavigableRole[com.rts.tap.model.Notifications.client]
2025-02-03 12:08:30 [main] DEBUG o.h.orm.model.mapping.creation - Starting PostInitCallbackEntry : To-one key - NavigableRole[com.rts.tap.model.Notifications.employee]
2025-02-03 12:08:30 [main] DEBUG o.h.orm.model.mapping.creation - Starting PostInitCallbackEntry : To-one key - NavigableRole[com.rts.tap.model.Notifications.vendor]
2025-02-03 12:08:30 [main] DEBUG o.h.orm.model.mapping.creation - Starting PostInitCallbackEntry : Entity(com.rts.tap.model.Notifications) `staticFetchableList` generator
2025-02-03 12:08:30 [main] DEBUG o.h.orm.model.mapping.creation - Starting PostInitCallbackEntry : Entity(com.rts.tap.model.MRFCriteria) `staticFetchableList` generator
2025-02-03 12:08:30 [main] DEBUG o.h.orm.model.mapping.creation - Starting PostInitCallbackEntry : Entity(com.rts.tap.model.SubRequirements) `staticFetchableList` generator
2025-02-03 12:08:30 [main] DEBUG o.h.orm.model.mapping.creation - Starting PostInitCallbackEntry : To-one key - NavigableRole[com.rts.tap.model.Assessment.recruitmentProcess]
2025-02-03 12:08:30 [main] DEBUG o.h.orm.model.mapping.creation - Starting PostInitCallbackEntry : Entity(com.rts.tap.model.Assessment) `staticFetchableList` generator
2025-02-03 12:08:30 [main] DEBUG o.h.orm.model.mapping.creation - Starting PostInitCallbackEntry : PluralAttributeMapping( NavigableRole[com.rts.tap.model.RecruitmentProcess.interviewer#{element}]) - element descriptor
2025-02-03 12:08:30 [main] DEBUG o.h.orm.model.mapping.creation - Starting PostInitCallbackEntry : PluralAttributeMapping(com.rts.tap.model.RecruitmentProcess.interviewer)#finishInitialization
2025-02-03 12:08:30 [main] DEBUG o.h.orm.model.mapping.creation - Starting PostInitCallbackEntry : PluralAttributeMapping(com.rts.tap.model.RecruitmentProcess.interviewer) - key descriptor
2025-02-03 12:08:30 [main] DEBUG o.h.orm.model.mapping.creation - Starting PostInitCallbackEntry : To-one key - NavigableRole[com.rts.tap.model.RecruitmentProcess.mrf]
2025-02-03 12:08:30 [main] DEBUG o.h.orm.model.mapping.creation - Starting PostInitCallbackEntry : Entity(com.rts.tap.model.RecruitmentProcess) `staticFetchableList` generator
2025-02-03 12:08:30 [main] DEBUG o.h.orm.model.mapping.creation - Starting PostInitCallbackEntry : To-one key - NavigableRole[com.rts.tap.model.RecruiterOverallPerformance.recruiter]
2025-02-03 12:08:30 [main] DEBUG o.h.orm.model.mapping.creation - Starting PostInitCallbackEntry : Entity(com.rts.tap.model.RecruiterOverallPerformance) `staticFetchableList` generator
2025-02-03 12:08:30 [main] DEBUG o.h.orm.model.mapping.creation - Starting PostInitCallbackEntry : Entity(com.rts.tap.model.MRFAgreement) `staticFetchableList` generator
2025-02-03 12:08:30 [main] DEBUG o.h.orm.model.mapping.creation - Starting PostInitCallbackEntry : To-one key - NavigableRole[com.rts.tap.model.MRF.businessUnitHead]
2025-02-03 12:08:30 [main] DEBUG o.h.orm.model.mapping.creation - Starting PostInitCallbackEntry : To-one key - NavigableRole[com.rts.tap.model.MRF.clientPartner]
2025-02-03 12:08:30 [main] DEBUG o.h.orm.model.mapping.creation - Starting PostInitCallbackEntry : To-one key - NavigableRole[com.rts.tap.model.MRF.mrfAgreement]
2025-02-03 12:08:30 [main] DEBUG o.h.orm.model.mapping.creation - Starting PostInitCallbackEntry : To-one key - NavigableRole[com.rts.tap.model.MRF.mrfCriteria]
2025-02-03 12:08:30 [main] DEBUG o.h.orm.model.mapping.creation - Starting PostInitCallbackEntry : To-one key - NavigableRole[com.rts.tap.model.MRF.mrfJd]
2025-02-03 12:08:30 [main] DEBUG o.h.orm.model.mapping.creation - Starting PostInitCallbackEntry : To-one key - NavigableRole[com.rts.tap.model.MRF.mrfStatus]
2025-02-03 12:08:30 [main] DEBUG o.h.orm.model.mapping.creation - Starting PostInitCallbackEntry : To-one key - NavigableRole[com.rts.tap.model.MRF.requirement]
2025-02-03 12:08:30 [main] DEBUG o.h.orm.model.mapping.creation - Starting PostInitCallbackEntry : To-one key - NavigableRole[com.rts.tap.model.MRF.subRequirements]
2025-02-03 12:08:30 [main] DEBUG o.h.orm.model.mapping.creation - Starting PostInitCallbackEntry : Entity(com.rts.tap.model.MRF) `staticFetchableList` generator
2025-02-03 12:08:30 [main] DEBUG o.h.orm.model.mapping.creation - Starting PostInitCallbackEntry : To-one key - NavigableRole[com.rts.tap.model.Interview.candidate]
2025-02-03 12:08:30 [main] DEBUG o.h.orm.model.mapping.creation - Starting PostInitCallbackEntry : To-one key - NavigableRole[com.rts.tap.model.Interview.recruitmentProcess]
2025-02-03 12:08:30 [main] DEBUG o.h.orm.model.mapping.creation - Starting PostInitCallbackEntry : Entity(com.rts.tap.model.Interview) `staticFetchableList` generator
2025-02-03 12:08:30 [main] DEBUG o.h.orm.model.mapping.creation - Starting PostInitCallbackEntry : To-one key - NavigableRole[com.rts.tap.model.Admin.organization]
2025-02-03 12:08:30 [main] DEBUG o.h.orm.model.mapping.creation - Starting PostInitCallbackEntry : Entity(com.rts.tap.model.Admin) `staticFetchableList` generator
2025-02-03 12:08:30 [main] DEBUG o.h.orm.model.mapping.creation - Starting PostInitCallbackEntry : Entity(com.rts.tap.model.CandidateDocument) `staticFetchableList` generator
2025-02-03 12:08:30 [main] DEBUG o.h.orm.model.mapping.creation - Starting PostInitCallbackEntry : To-one key - NavigableRole[com.rts.tap.model.Department.organization]
2025-02-03 12:08:30 [main] DEBUG o.h.orm.model.mapping.creation - Starting PostInitCallbackEntry : Entity(com.rts.tap.model.Department) `staticFetchableList` generator
2025-02-03 12:08:30 [main] DEBUG o.h.orm.model.mapping.creation - Starting PostInitCallbackEntry : Entity(com.rts.tap.model.MrfJd) `staticFetchableList` generator
2025-02-03 12:08:30 [main] DEBUG o.h.orm.model.mapping.creation - Starting PostInitCallbackEntry : Entity(com.rts.tap.model.ClientOrganization) `staticFetchableList` generator
2025-02-03 12:08:30 [main] DEBUG o.h.orm.model.mapping.creation - Starting PostInitCallbackEntry : Entity(com.rts.tap.model.Qualification) `staticFetchableList` generator
2025-02-03 12:08:30 [main] DEBUG o.h.orm.model.mapping.creation - Starting PostInitCallbackEntry : Entity(com.rts.tap.model.ThirdPartyRole) `staticFetchableList` generator
2025-02-03 12:08:30 [main] DEBUG o.h.orm.model.mapping.creation - Starting PostInitCallbackEntry : To-one key - NavigableRole[com.rts.tap.model.Employee.businessUnit]
2025-02-03 12:08:30 [main] DEBUG o.h.orm.model.mapping.creation - Starting PostInitCallbackEntry : PluralAttributeMapping( NavigableRole[com.rts.tap.model.Employee.documents#{element}]) - element descriptor
2025-02-03 12:08:30 [main] DEBUG o.h.orm.model.mapping.creation - Starting PostInitCallbackEntry : PluralAttributeMapping(com.rts.tap.model.Employee.documents)#finishInitialization
2025-02-03 12:08:30 [main] DEBUG o.h.orm.model.mapping.creation - Starting PostInitCallbackEntry : PluralAttributeMapping(com.rts.tap.model.Employee.documents) - key descriptor
2025-02-03 12:08:30 [main] DEBUG o.h.orm.model.mapping.creation - Starting PostInitCallbackEntry : PluralAttributeMapping( NavigableRole[com.rts.tap.model.Employee.experience#{element}]) - element descriptor
2025-02-03 12:08:30 [main] DEBUG o.h.orm.model.mapping.creation - Starting PostInitCallbackEntry : PluralAttributeMapping(com.rts.tap.model.Employee.experience)#finishInitialization
2025-02-03 12:08:30 [main] DEBUG o.h.orm.model.mapping.creation - Starting PostInitCallbackEntry : PluralAttributeMapping(com.rts.tap.model.Employee.experience) - key descriptor
2025-02-03 12:08:30 [main] DEBUG o.h.orm.model.mapping.creation - Starting PostInitCallbackEntry : PluralAttributeMapping( NavigableRole[com.rts.tap.model.Employee.familyDetails#{element}]) - element descriptor
2025-02-03 12:08:30 [main] DEBUG o.h.orm.model.mapping.creation - Starting PostInitCallbackEntry : PluralAttributeMapping(com.rts.tap.model.Employee.familyDetails)#finishInitialization
2025-02-03 12:08:30 [main] DEBUG o.h.orm.model.mapping.creation - Starting PostInitCallbackEntry : PluralAttributeMapping(com.rts.tap.model.Employee.familyDetails) - key descriptor
2025-02-03 12:08:30 [main] DEBUG o.h.orm.model.mapping.creation - Starting PostInitCallbackEntry : To-one key - NavigableRole[com.rts.tap.model.Employee.personalInfo]
2025-02-03 12:08:30 [main] DEBUG o.h.orm.model.mapping.creation - Starting PostInitCallbackEntry : PluralAttributeMapping( NavigableRole[com.rts.tap.model.Employee.qualification#{element}]) - element descriptor
2025-02-03 12:08:30 [main] DEBUG o.h.orm.model.mapping.creation - Starting PostInitCallbackEntry : PluralAttributeMapping(com.rts.tap.model.Employee.qualification)#finishInitialization
2025-02-03 12:08:30 [main] DEBUG o.h.orm.model.mapping.creation - Starting PostInitCallbackEntry : PluralAttributeMapping(com.rts.tap.model.Employee.qualification) - key descriptor
2025-02-03 12:08:30 [main] DEBUG o.h.orm.model.mapping.creation - Starting PostInitCallbackEntry : To-one key - NavigableRole[com.rts.tap.model.Employee.role]
2025-02-03 12:08:30 [main] DEBUG o.h.orm.model.mapping.creation - Starting PostInitCallbackEntry : Entity(com.rts.tap.model.Employee) `staticFetchableList` generator
2025-02-03 12:08:30 [main] DEBUG o.h.orm.model.mapping.creation - Starting PostInitCallbackEntry : To-one key - NavigableRole[com.rts.tap.model.ApproverLevel.employee]
2025-02-03 12:08:30 [main] DEBUG o.h.orm.model.mapping.creation - Starting PostInitCallbackEntry : To-one key - NavigableRole[com.rts.tap.model.ApproverLevel.mrf]
2025-02-03 12:08:30 [main] DEBUG o.h.orm.model.mapping.creation - Starting PostInitCallbackEntry : Entity(com.rts.tap.model.ApproverLevel) `staticFetchableList` generator
2025-02-03 12:08:30 [main] DEBUG o.h.orm.model.mapping.creation - Starting PostInitCallbackEntry : To-one key - NavigableRole[com.rts.tap.model.Interviewer.client]
2025-02-03 12:08:30 [main] DEBUG o.h.orm.model.mapping.creation - Starting PostInitCallbackEntry : To-one key - NavigableRole[com.rts.tap.model.Interviewer.employee]
2025-02-03 12:08:30 [main] DEBUG o.h.orm.model.mapping.creation - Starting PostInitCallbackEntry : Entity(com.rts.tap.model.Interviewer) `staticFetchableList` generator
2025-02-03 12:08:30 [main] DEBUG o.h.orm.model.mapping.creation - Starting PostInitCallbackEntry : To-one key - NavigableRole[com.rts.tap.model.Requirement.client]
2025-02-03 12:08:30 [main] DEBUG o.h.orm.model.mapping.creation - Starting PostInitCallbackEntry : PluralAttributeMapping( NavigableRole[com.rts.tap.model.Requirement.subrequirement#{element}]) - element descriptor
2025-02-03 12:08:30 [main] DEBUG o.h.orm.model.mapping.creation - Starting PostInitCallbackEntry : PluralAttributeMapping(com.rts.tap.model.Requirement.subrequirement)#finishInitialization
2025-02-03 12:08:30 [main] DEBUG o.h.orm.model.mapping.creation - Starting PostInitCallbackEntry : PluralAttributeMapping(com.rts.tap.model.Requirement.subrequirement) - key descriptor
2025-02-03 12:08:30 [main] DEBUG o.h.orm.model.mapping.creation - Starting PostInitCallbackEntry : Entity(com.rts.tap.model.Requirement) `staticFetchableList` generator
2025-02-03 12:08:30 [main] DEBUG o.h.orm.model.mapping.creation - Starting PostInitCallbackEntry : Entity(com.rts.tap.model.Candidate360QuestionBank) `staticFetchableList` generator
2025-02-03 12:08:30 [main] DEBUG o.h.orm.model.mapping.creation - Starting PostInitCallbackEntry : Entity(com.rts.tap.model.Jobs) `staticFetchableList` generator
2025-02-03 12:08:30 [main] DEBUG o.h.orm.model.mapping.creation - Starting PostInitCallbackEntry : To-one key - NavigableRole[com.rts.tap.model.Vendor.thirdPartyCredentitals]
2025-02-03 12:08:30 [main] DEBUG o.h.orm.model.mapping.creation - Starting PostInitCallbackEntry : Entity(com.rts.tap.model.Vendor) `staticFetchableList` generator
2025-02-03 12:08:30 [main] DEBUG o.h.orm.model.mapping.creation - Starting PostInitCallbackEntry : To-one key - NavigableRole[com.rts.tap.model.OfferApproval.approverLevel]
2025-02-03 12:08:30 [main] DEBUG o.h.orm.model.mapping.creation - Starting PostInitCallbackEntry : To-one key - NavigableRole[com.rts.tap.model.OfferApproval.offer]
2025-02-03 12:08:30 [main] DEBUG o.h.orm.model.mapping.creation - Starting PostInitCallbackEntry : Entity(com.rts.tap.model.OfferApproval) `staticFetchableList` generator
2025-02-03 12:08:30 [main] DEBUG o.h.orm.model.mapping.creation - Starting PostInitCallbackEntry : Entity(com.rts.tap.model.JobDescription) `staticFetchableList` generator
2025-02-03 12:08:30 [main] DEBUG o.h.orm.model.mapping.creation - Starting PostInitCallbackEntry : To-one key - NavigableRole[com.rts.tap.model.WorkFlow.employee]
2025-02-03 12:08:30 [main] DEBUG o.h.orm.model.mapping.creation - Starting PostInitCallbackEntry : To-one key - NavigableRole[com.rts.tap.model.WorkFlow.mrf]
2025-02-03 12:08:30 [main] DEBUG o.h.orm.model.mapping.creation - Starting PostInitCallbackEntry : To-one key - NavigableRole[com.rts.tap.model.WorkFlow.recruiter]
2025-02-03 12:08:30 [main] DEBUG o.h.orm.model.mapping.creation - Starting PostInitCallbackEntry : Entity(com.rts.tap.model.WorkFlow) `staticFetchableList` generator
2025-02-03 12:08:30 [main] DEBUG o.h.orm.model.mapping.creation - Starting PostInitCallbackEntry : Entity(com.rts.tap.model.Experience) `staticFetchableList` generator
2025-02-03 12:08:30 [main] DEBUG o.h.orm.model.mapping.creation - Starting PostInitCallbackEntry : Entity(com.rts.tap.model.Organization) `staticFetchableList` generator
2025-02-03 12:08:30 [main] DEBUG o.h.orm.model.mapping.creation - Starting PostInitCallbackEntry : Entity(com.rts.tap.model.Documents) `staticFetchableList` generator
2025-02-03 12:08:30 [main] DEBUG o.h.orm.model.mapping.creation - Starting PostInitCallbackEntry : PluralAttributeMapping( NavigableRole[com.rts.tap.model.Requirement.subrequirement#{element}]) - element descriptor
2025-02-03 12:08:31 [main] DEBUG org.hibernate.orm.sql.ast.create - Created new SQL alias : rc1_0
2025-02-03 12:08:31 [main] DEBUG org.hibernate.orm.sql.ast.create - Registration of TableGroup [StandardTableGroup(com.rts.tap.model.ReferralCandiate)] with identifierForTableGroup [com.rts.tap.model.ReferralCandiate] for NavigablePath [com.rts.tap.model.ReferralCandiate] 
2025-02-03 12:08:31 [main] DEBUG org.hibernate.orm.sql.ast.create - Registration of TableGroup [org.hibernate.sql.ast.tree.from.LazyTableGroup@1e686da2] with identifierForTableGroup [com.rts.tap.model.ReferralCandiate.referringEmployee] for NavigablePath [com.rts.tap.model.ReferralCandiate.referringEmployee] 
2025-02-03 12:08:31 [main] DEBUG org.hibernate.orm.sql.ast.create - Created new SQL alias : re1_0
2025-02-03 12:08:31 [main] DEBUG org.hibernate.orm.sql.ast.create - Registration of TableGroup [org.hibernate.sql.ast.tree.from.LazyTableGroup@57dee2b9] with identifierForTableGroup [com.rts.tap.model.ReferralCandiate.referringEmployee.businessUnit] for NavigablePath [com.rts.tap.model.ReferralCandiate.referringEmployee.businessUnit] 
2025-02-03 12:08:31 [main] DEBUG org.hibernate.orm.sql.ast.create - Registration of TableGroup [org.hibernate.sql.ast.tree.from.LazyTableGroup@531455c1] with identifierForTableGroup [com.rts.tap.model.ReferralCandiate.referringEmployee.personalInfo] for NavigablePath [com.rts.tap.model.ReferralCandiate.referringEmployee.personalInfo] 
2025-02-03 12:08:31 [main] DEBUG org.hibernate.orm.sql.ast.create - Registration of TableGroup [org.hibernate.sql.ast.tree.from.LazyTableGroup@27dfd939] with identifierForTableGroup [com.rts.tap.model.ReferralCandiate.referringEmployee.role] for NavigablePath [com.rts.tap.model.ReferralCandiate.referringEmployee.role] 
2025-02-03 12:08:31 [main] DEBUG org.hibernate.orm.results.graph.AST - DomainResult Graph:
 \-EntityResultImpl [com.rts.tap.model.ReferralCandiate]
 |  +-BasicFetch [com.rts.tap.model.ReferralCandiate.candiateResume]
 |  +-BasicFetch [com.rts.tap.model.ReferralCandiate.referralDate]
 |  +-BasicFetch [com.rts.tap.model.ReferralCandiate.referredCandiateEmail]
 |  +-BasicFetch [com.rts.tap.model.ReferralCandiate.referredCandiateName]
 |  +-BasicFetch [com.rts.tap.model.ReferralCandiate.referredPosition]
 |  +-EntityFetchJoinedImpl [com.rts.tap.model.ReferralCandiate.referringEmployee]
 |  |  +-EntityDelayedFetchImpl [com.rts.tap.model.ReferralCandiate.referringEmployee.businessUnit]
 |  |  +-BasicFetch [com.rts.tap.model.ReferralCandiate.referringEmployee.candidateId]
 |  |  +-BasicFetch [com.rts.tap.model.ReferralCandiate.referringEmployee.createdDate]
 |  |  +-DelayedCollectionFetch [com.rts.tap.model.ReferralCandiate.referringEmployee.documents]
 |  |  +-BasicFetch [com.rts.tap.model.ReferralCandiate.referringEmployee.employeeEmail]
 |  |  +-BasicFetch [com.rts.tap.model.ReferralCandiate.referringEmployee.employeeName]
 |  |  +-BasicFetch [com.rts.tap.model.ReferralCandiate.referringEmployee.employeeStatus]
 |  |  +-DelayedCollectionFetch [com.rts.tap.model.ReferralCandiate.referringEmployee.experience]
 |  |  +-DelayedCollectionFetch [com.rts.tap.model.ReferralCandiate.referringEmployee.familyDetails]
 |  |  +-BasicFetch [com.rts.tap.model.ReferralCandiate.referringEmployee.managerId]
 |  |  +-EntityDelayedFetchImpl [com.rts.tap.model.ReferralCandiate.referringEmployee.personalInfo]
 |  |  +-DelayedCollectionFetch [com.rts.tap.model.ReferralCandiate.referringEmployee.qualification]
 |  |  +-EntityDelayedFetchImpl [com.rts.tap.model.ReferralCandiate.referringEmployee.role]
 |  |  +-BasicFetch [com.rts.tap.model.ReferralCandiate.referringEmployee.updatedDate]
 |  |  \-BasicFetch [com.rts.tap.model.ReferralCandiate.referringEmployee.workLocation]
 |  +-BasicFetch [com.rts.tap.model.ReferralCandiate.status]
 |  \-BasicFetch [com.rts.tap.model.ReferralCandiate.updatedDate]

2025-02-03 12:08:31 [main] DEBUG org.hibernate.orm.sql.ast.tree - SQL AST Tree:
    SelectStatement {
      FromClause {
        StandardTableGroup (rc1 : com.rts.tap.model.ReferralCandiate) {
          primaryTableReference : referrals as rc1_0
          TableGroupJoins {
             join LazyTableGroup (re1 : com.rts.tap.model.ReferralCandiate.referringEmployee) {
              primaryTableReference : employees as re1_0
              TableGroupJoins {
                left  join LazyTableGroup (bu1 : com.rts.tap.model.ReferralCandiate.referringEmployee.businessUnit) {
                }
                left  join LazyTableGroup (pi1 : com.rts.tap.model.ReferralCandiate.referringEmployee.personalInfo) {
                }
                left  join LazyTableGroup (r1 : com.rts.tap.model.ReferralCandiate.referringEmployee.role) {
                }
              }
            }
          }
        }
      }
    }

2025-02-03 12:08:31 [main] DEBUG o.h.p.entity.AbstractEntityPersister - Static SQL for entity: com.rts.tap.model.ReferralCandiate
2025-02-03 12:08:31 [main] DEBUG o.h.p.entity.AbstractEntityPersister -  Version select: select referral_id from referrals where referral_id=?
2025-02-03 12:08:31 [main] DEBUG o.h.p.entity.AbstractEntityPersister -  Insert (0): insert into referrals (candiate_resume,referral_date,referred_candiate_email,referred_candiate_name,referred_position,referring_employee_id,status,updated_date) values (?,?,?,?,?,?,?,?)
2025-02-03 12:08:31 [main] DEBUG o.h.p.entity.AbstractEntityPersister -  Update (0): update referrals set candiate_resume=?,referral_date=?,referred_candiate_email=?,referred_candiate_name=?,referred_position=?,referring_employee_id=?,status=?,updated_date=? where referral_id=?
2025-02-03 12:08:31 [main] DEBUG o.h.p.entity.AbstractEntityPersister -  Delete (0): delete from referrals where referral_id=?
2025-02-03 12:08:31 [main] DEBUG org.hibernate.orm.sql.ast.create - Created new SQL alias : tpc1_0
2025-02-03 12:08:31 [main] DEBUG org.hibernate.orm.sql.ast.create - Registration of TableGroup [StandardTableGroup(com.rts.tap.model.ThirdPartyCredentitals)] with identifierForTableGroup [com.rts.tap.model.ThirdPartyCredentitals] for NavigablePath [com.rts.tap.model.ThirdPartyCredentitals] 
2025-02-03 12:08:31 [main] DEBUG org.hibernate.orm.sql.ast.create - Registration of TableGroup [org.hibernate.sql.ast.tree.from.LazyTableGroup@39d0775c] with identifierForTableGroup [com.rts.tap.model.ThirdPartyCredentitals.role] for NavigablePath [com.rts.tap.model.ThirdPartyCredentitals.role] 
2025-02-03 12:08:31 [main] DEBUG org.hibernate.orm.sql.ast.create - Created new SQL alias : r1_0
2025-02-03 12:08:31 [main] DEBUG org.hibernate.orm.results.graph.AST - DomainResult Graph:
 \-EntityResultImpl [com.rts.tap.model.ThirdPartyCredentitals]
 |  +-BasicFetch [com.rts.tap.model.ThirdPartyCredentitals.email]
 |  +-BasicFetch [com.rts.tap.model.ThirdPartyCredentitals.expirationTime]
 |  +-BasicFetch [com.rts.tap.model.ThirdPartyCredentitals.isPasswordChanged]
 |  +-BasicFetch [com.rts.tap.model.ThirdPartyCredentitals.otp]
 |  +-BasicFetch [com.rts.tap.model.ThirdPartyCredentitals.password]
 |  +-EntityFetchJoinedImpl [com.rts.tap.model.ThirdPartyCredentitals.role]
 |  |  \-BasicFetch [com.rts.tap.model.ThirdPartyCredentitals.role.role]
 |  \-BasicFetch [com.rts.tap.model.ThirdPartyCredentitals.username]

2025-02-03 12:08:31 [main] DEBUG org.hibernate.orm.sql.ast.tree - SQL AST Tree:
    SelectStatement {
      FromClause {
        StandardTableGroup (tpc1 : com.rts.tap.model.ThirdPartyCredentitals) {
          primaryTableReference : third_party_credentials as tpc1_0
          TableGroupJoins {
            left  join LazyTableGroup (r1 : com.rts.tap.model.ThirdPartyCredentitals.role) {
              primaryTableReference : third_party_role as r1_0
            }
          }
        }
      }
    }

2025-02-03 12:08:31 [main] DEBUG o.h.p.entity.AbstractEntityPersister - Static SQL for entity: com.rts.tap.model.ThirdPartyCredentitals
2025-02-03 12:08:31 [main] DEBUG o.h.p.entity.AbstractEntityPersister -  Version select: select third_party_credentials_id from third_party_credentials where third_party_credentials_id=?
2025-02-03 12:08:31 [main] DEBUG o.h.p.entity.AbstractEntityPersister -  Insert (0): insert into third_party_credentials (email,expiration_time,is_password_changed,otp,password,credential_role_id,username) values (?,?,?,?,?,?,?)
2025-02-03 12:08:31 [main] DEBUG o.h.p.entity.AbstractEntityPersister -  Update (0): update third_party_credentials set email=?,expiration_time=?,is_password_changed=?,otp=?,password=?,credential_role_id=?,username=? where third_party_credentials_id=?
2025-02-03 12:08:31 [main] DEBUG o.h.p.entity.AbstractEntityPersister -  Delete (0): delete from third_party_credentials where third_party_credentials_id=?
2025-02-03 12:08:31 [main] DEBUG org.hibernate.orm.sql.ast.create - Created new SQL alias : s1_0
2025-02-03 12:08:31 [main] DEBUG org.hibernate.orm.sql.ast.create - Registration of TableGroup [StandardTableGroup(com.rts.tap.model.Score)] with identifierForTableGroup [com.rts.tap.model.Score] for NavigablePath [com.rts.tap.model.Score] 
2025-02-03 12:08:31 [main] DEBUG org.hibernate.orm.sql.ast.create - Registration of TableGroup [org.hibernate.sql.ast.tree.from.LazyTableGroup@7c7335dc] with identifierForTableGroup [com.rts.tap.model.Score.assessment] for NavigablePath [com.rts.tap.model.Score.assessment] 
2025-02-03 12:08:31 [main] DEBUG org.hibernate.orm.sql.ast.create - Created new SQL alias : a1_0
2025-02-03 12:08:31 [main] DEBUG org.hibernate.orm.sql.ast.create - Registration of TableGroup [org.hibernate.sql.ast.tree.from.LazyTableGroup@50fd4246] with identifierForTableGroup [com.rts.tap.model.Score.assessment.recruitmentProcess] for NavigablePath [com.rts.tap.model.Score.assessment.recruitmentProcess] 
2025-02-03 12:08:31 [main] DEBUG org.hibernate.orm.sql.ast.create - Created new SQL alias : rp1_0
2025-02-03 12:08:31 [main] DEBUG org.hibernate.orm.sql.ast.create - Registration of TableGroup [org.hibernate.sql.ast.tree.from.LazyTableGroup@35c55050] with identifierForTableGroup [com.rts.tap.model.Score.assessment.recruitmentProcess.mrf] for NavigablePath [com.rts.tap.model.Score.assessment.recruitmentProcess.mrf] 
2025-02-03 12:08:31 [main] DEBUG org.hibernate.orm.sql.ast.create - Registration of TableGroup [org.hibernate.sql.ast.tree.from.LazyTableGroup@6f36c42] with identifierForTableGroup [com.rts.tap.model.Score.candidate] for NavigablePath [com.rts.tap.model.Score.candidate] 
2025-02-03 12:08:31 [main] DEBUG org.hibernate.orm.sql.ast.create - Created new SQL alias : c1_0
2025-02-03 12:08:31 [main] DEBUG org.hibernate.orm.sql.ast.create - Registration of TableGroup [org.hibernate.sql.ast.tree.from.LazyTableGroup@26753687] with identifierForTableGroup [com.rts.tap.model.Score.candidate.credentials] for NavigablePath [com.rts.tap.model.Score.candidate.credentials] 
2025-02-03 12:08:31 [main] DEBUG org.hibernate.orm.sql.ast.create - Created new SQL alias : c2_0
2025-02-03 12:08:31 [main] DEBUG org.hibernate.orm.sql.ast.create - Registration of TableGroup [org.hibernate.sql.ast.tree.from.LazyTableGroup@765650e4] with identifierForTableGroup [com.rts.tap.model.Score.candidate.credentials.role] for NavigablePath [com.rts.tap.model.Score.candidate.credentials.role] 
2025-02-03 12:08:31 [main] DEBUG org.hibernate.orm.sql.ast.create - Registration of TableGroup [org.hibernate.sql.ast.tree.from.LazyTableGroup@307cf289] with identifierForTableGroup [com.rts.tap.model.Score.candidate.documents] for NavigablePath [com.rts.tap.model.Score.candidate.documents] 
2025-02-03 12:08:31 [main] DEBUG org.hibernate.orm.results.graph.AST - DomainResult Graph:
 \-EntityResultImpl [com.rts.tap.model.Score]
 |  +-BasicFetch [com.rts.tap.model.Score.Remarks]
 |  +-BasicFetch [com.rts.tap.model.Score.Score]
 |  +-BasicFetch [com.rts.tap.model.Score.Status]
 |  +-EntityFetchJoinedImpl [com.rts.tap.model.Score.assessment]
 |  |  +-BasicFetch [com.rts.tap.model.Score.assessment.assessmentEndDate]
 |  |  +-BasicFetch [com.rts.tap.model.Score.assessment.assessmentEndTime]
 |  |  +-BasicFetch [com.rts.tap.model.Score.assessment.assessmentLink]
 |  |  +-BasicFetch [com.rts.tap.model.Score.assessment.assessmentName]
 |  |  +-BasicFetch [com.rts.tap.model.Score.assessment.assessmentStartDate]
 |  |  +-BasicFetch [com.rts.tap.model.Score.assessment.assessmentStartTime]
 |  |  +-BasicFetch [com.rts.tap.model.Score.assessment.assessmentType]
 |  |  \-EntityFetchJoinedImpl [com.rts.tap.model.Score.assessment.recruitmentProcess]
 |  |  |  +-BasicFetch [com.rts.tap.model.Score.assessment.recruitmentProcess.completedStatus]
 |  |  |  +-DelayedCollectionFetch [com.rts.tap.model.Score.assessment.recruitmentProcess.interviewer]
 |  |  |  +-BasicFetch [com.rts.tap.model.Score.assessment.recruitmentProcess.level]
 |  |  |  +-EntityFetchSelectImpl [com.rts.tap.model.Score.assessment.recruitmentProcess.mrf]
 |  |  |  +-BasicFetch [com.rts.tap.model.Score.assessment.recruitmentProcess.recruitmentProcessName]
 |  |  |  +-BasicFetch [com.rts.tap.model.Score.assessment.recruitmentProcess.recruitmentProcessType]
 |  |  |  \-BasicFetch [com.rts.tap.model.Score.assessment.recruitmentProcess.report]
 |  +-BasicFetch [com.rts.tap.model.Score.assessmentRescheduleReason]
 |  +-EntityFetchJoinedImpl [com.rts.tap.model.Score.candidate]
 |  |  +-BasicFetch [com.rts.tap.model.Score.candidate.Education]
 |  |  +-DelayedCollectionFetch [com.rts.tap.model.Score.candidate.MrfJd]
 |  |  +-BasicFetch [com.rts.tap.model.Score.candidate.assignedAt]
 |  |  +-BasicFetch [com.rts.tap.model.Score.candidate.candidate360Id]
 |  |  +-BasicFetch [com.rts.tap.model.Score.candidate.candidateProfileImage]
 |  |  +-DelayedCollectionFetch [com.rts.tap.model.Score.candidate.certifications]
 |  |  +-EntityFetchJoinedImpl [com.rts.tap.model.Score.candidate.credentials]
 |  |  |  +-BasicFetch [com.rts.tap.model.Score.candidate.credentials.email]
 |  |  |  +-BasicFetch [com.rts.tap.model.Score.candidate.credentials.expirationTime]
 |  |  |  +-BasicFetch [com.rts.tap.model.Score.candidate.credentials.isPasswordChanged]
 |  |  |  +-BasicFetch [com.rts.tap.model.Score.candidate.credentials.otp]
 |  |  |  +-BasicFetch [com.rts.tap.model.Score.candidate.credentials.password]
 |  |  |  +-EntityFetchSelectImpl [com.rts.tap.model.Score.candidate.credentials.role]
 |  |  |  \-BasicFetch [com.rts.tap.model.Score.candidate.credentials.username]
 |  |  +-BasicFetch [com.rts.tap.model.Score.candidate.currentCTC]
 |  |  +-BasicFetch [com.rts.tap.model.Score.candidate.currentCompany]
 |  |  +-BasicFetch [com.rts.tap.model.Score.candidate.currentLocation]
 |  |  +-EntityDelayedFetchImpl [com.rts.tap.model.Score.candidate.documents]
 |  |  +-BasicFetch [com.rts.tap.model.Score.candidate.email]
 |  |  +-BasicFetch [com.rts.tap.model.Score.candidate.employementMode]
 |  |  +-BasicFetch [com.rts.tap.model.Score.candidate.expectedCTC]
 |  |  +-BasicFetch [com.rts.tap.model.Score.candidate.firstName]
 |  |  +-BasicFetch [com.rts.tap.model.Score.candidate.gender]
 |  |  +-BasicFetch [com.rts.tap.model.Score.candidate.isMatchingMrf]
 |  |  +-BasicFetch [com.rts.tap.model.Score.candidate.isPasswordChanged]
 |  |  +-BasicFetch [com.rts.tap.model.Score.candidate.lastName]
 |  |  +-BasicFetch [com.rts.tap.model.Score.candidate.location]
 |  |  +-BasicFetch [com.rts.tap.model.Score.candidate.mobileNumber]
 |  |  +-BasicFetch [com.rts.tap.model.Score.candidate.noticePeriod]
 |  |  +-BasicFetch [com.rts.tap.model.Score.candidate.panNumber]
 |  |  +-BasicFetch [com.rts.tap.model.Score.candidate.password]
 |  |  +-BasicFetch [com.rts.tap.model.Score.candidate.previousRole]
 |  |  +-BasicFetch [com.rts.tap.model.Score.candidate.relevantExperience]
 |  |  +-BasicFetch [com.rts.tap.model.Score.candidate.relocate]
 |  |  +-BasicFetch [com.rts.tap.model.Score.candidate.resume]
 |  |  +-BasicFetch [com.rts.tap.model.Score.candidate.skill]
 |  |  +-BasicFetch [com.rts.tap.model.Score.candidate.source]
 |  |  +-BasicFetch [com.rts.tap.model.Score.candidate.sourceId]
 |  |  +-BasicFetch [com.rts.tap.model.Score.candidate.status]
 |  |  +-BasicFetch [com.rts.tap.model.Score.candidate.totalExperience]
 |  |  \-BasicFetch [com.rts.tap.model.Score.candidate.visaDetails]
 |  \-BasicFetch [com.rts.tap.model.Score.passkey]

2025-02-03 12:08:31 [main] DEBUG org.hibernate.orm.sql.ast.tree - SQL AST Tree:
    SelectStatement {
      FromClause {
        StandardTableGroup (s1 : com.rts.tap.model.Score) {
          primaryTableReference : score as s1_0
          TableGroupJoins {
            left  join LazyTableGroup (a1 : com.rts.tap.model.Score.assessment) {
              primaryTableReference : assessment as a1_0
              TableGroupJoins {
                left  join LazyTableGroup (rp1 : com.rts.tap.model.Score.assessment.recruitmentProcess) {
                  primaryTableReference : recruitment_process as rp1_0
                  TableGroupJoins {
                    left  join LazyTableGroup (m1 : com.rts.tap.model.Score.assessment.recruitmentProcess.mrf) {
                    }
                  }
                }
              }
            }
            left  join LazyTableGroup (c1 : com.rts.tap.model.Score.candidate) {
              primaryTableReference : candidate as c1_0
              TableGroupJoins {
                left  join LazyTableGroup (c2 : com.rts.tap.model.Score.candidate.credentials) {
                  primaryTableReference : third_party_credentials as c2_0
                  TableGroupJoins {
                    left  join LazyTableGroup (r1 : com.rts.tap.model.Score.candidate.credentials.role) {
                    }
                  }
                }
                left  join LazyTableGroup (d1 : com.rts.tap.model.Score.candidate.documents) {
                }
              }
            }
          }
        }
      }
    }

2025-02-03 12:08:31 [main] DEBUG o.h.p.entity.AbstractEntityPersister - Static SQL for entity: com.rts.tap.model.Score
2025-02-03 12:08:31 [main] DEBUG o.h.p.entity.AbstractEntityPersister -  Version select: select score_id from score where score_id=?
2025-02-03 12:08:31 [main] DEBUG o.h.p.entity.AbstractEntityPersister -  Insert (0): insert into score (remarks,score,status,assessment_assessment_id,assessment_reschedule_reason,candidate_candidate_id,passkey) values (?,?,?,?,?,?,?)
2025-02-03 12:08:31 [main] DEBUG o.h.p.entity.AbstractEntityPersister -  Update (0): update score set remarks=?,score=?,status=?,assessment_assessment_id=?,assessment_reschedule_reason=?,candidate_candidate_id=?,passkey=? where score_id=?
2025-02-03 12:08:31 [main] DEBUG o.h.p.entity.AbstractEntityPersister -  Delete (0): delete from score where score_id=?
2025-02-03 12:08:31 [main] DEBUG org.hibernate.orm.sql.ast.create - Created new SQL alias : o1_0
2025-02-03 12:08:31 [main] DEBUG org.hibernate.orm.sql.ast.create - Registration of TableGroup [StandardTableGroup(com.rts.tap.model.Offer)] with identifierForTableGroup [com.rts.tap.model.Offer] for NavigablePath [com.rts.tap.model.Offer] 
2025-02-03 12:08:31 [main] DEBUG org.hibernate.orm.sql.ast.create - Registration of TableGroup [org.hibernate.sql.ast.tree.from.LazyTableGroup@223ed38f] with identifierForTableGroup [com.rts.tap.model.Offer.candidate] for NavigablePath [com.rts.tap.model.Offer.candidate] 
2025-02-03 12:08:31 [main] DEBUG org.hibernate.orm.sql.ast.create - Created new SQL alias : c1_0
2025-02-03 12:08:31 [main] DEBUG org.hibernate.orm.sql.ast.create - Registration of TableGroup [org.hibernate.sql.ast.tree.from.LazyTableGroup@66ab765c] with identifierForTableGroup [com.rts.tap.model.Offer.candidate.credentials] for NavigablePath [com.rts.tap.model.Offer.candidate.credentials] 
2025-02-03 12:08:31 [main] DEBUG org.hibernate.orm.sql.ast.create - Created new SQL alias : c2_0
2025-02-03 12:08:31 [main] DEBUG org.hibernate.orm.sql.ast.create - Registration of TableGroup [org.hibernate.sql.ast.tree.from.LazyTableGroup@319428ba] with identifierForTableGroup [com.rts.tap.model.Offer.candidate.credentials.role] for NavigablePath [com.rts.tap.model.Offer.candidate.credentials.role] 
2025-02-03 12:08:31 [main] DEBUG org.hibernate.orm.sql.ast.create - Registration of TableGroup [org.hibernate.sql.ast.tree.from.LazyTableGroup@1c04dae9] with identifierForTableGroup [com.rts.tap.model.Offer.candidate.documents] for NavigablePath [com.rts.tap.model.Offer.candidate.documents] 
2025-02-03 12:08:31 [main] DEBUG org.hibernate.orm.sql.ast.create - Registration of TableGroup [org.hibernate.sql.ast.tree.from.LazyTableGroup@4872d04d] with identifierForTableGroup [com.rts.tap.model.Offer.mrf] for NavigablePath [com.rts.tap.model.Offer.mrf] 
2025-02-03 12:08:31 [main] DEBUG org.hibernate.orm.sql.ast.create - Created new SQL alias : m1_0
2025-02-03 12:08:31 [main] DEBUG org.hibernate.orm.sql.ast.create - Registration of TableGroup [org.hibernate.sql.ast.tree.from.LazyTableGroup@75564689] with identifierForTableGroup [com.rts.tap.model.Offer.mrf.businessUnitHead] for NavigablePath [com.rts.tap.model.Offer.mrf.businessUnitHead] 
2025-02-03 12:08:31 [main] DEBUG org.hibernate.orm.sql.ast.create - Created new SQL alias : buh1_0
2025-02-03 12:08:31 [main] DEBUG org.hibernate.orm.sql.ast.create - Registration of TableGroup [org.hibernate.sql.ast.tree.from.LazyTableGroup@65977161] with identifierForTableGroup [com.rts.tap.model.Offer.mrf.businessUnitHead.businessUnit] for NavigablePath [com.rts.tap.model.Offer.mrf.businessUnitHead.businessUnit] 
2025-02-03 12:08:31 [main] DEBUG org.hibernate.orm.sql.ast.create - Registration of TableGroup [org.hibernate.sql.ast.tree.from.LazyTableGroup@5f7e2ca8] with identifierForTableGroup [com.rts.tap.model.Offer.mrf.businessUnitHead.personalInfo] for NavigablePath [com.rts.tap.model.Offer.mrf.businessUnitHead.personalInfo] 
2025-02-03 12:08:31 [main] DEBUG org.hibernate.orm.sql.ast.create - Registration of TableGroup [org.hibernate.sql.ast.tree.from.LazyTableGroup@1d07fb2] with identifierForTableGroup [com.rts.tap.model.Offer.mrf.businessUnitHead.role] for NavigablePath [com.rts.tap.model.Offer.mrf.businessUnitHead.role] 
2025-02-03 12:08:31 [main] DEBUG org.hibernate.orm.sql.ast.create - Registration of TableGroup [org.hibernate.sql.ast.tree.from.LazyTableGroup@46f5030f] with identifierForTableGroup [com.rts.tap.model.Offer.mrf.clientPartner] for NavigablePath [com.rts.tap.model.Offer.mrf.clientPartner] 
2025-02-03 12:08:31 [main] DEBUG org.hibernate.orm.sql.ast.create - Created new SQL alias : cp1_0
2025-02-03 12:08:31 [main] DEBUG org.hibernate.orm.sql.ast.create - Registration of TableGroup [org.hibernate.sql.ast.tree.from.LazyTableGroup@18b77ec9] with identifierForTableGroup [com.rts.tap.model.Offer.mrf.clientPartner.businessUnit] for NavigablePath [com.rts.tap.model.Offer.mrf.clientPartner.businessUnit] 
2025-02-03 12:08:31 [main] DEBUG org.hibernate.orm.sql.ast.create - Registration of TableGroup [org.hibernate.sql.ast.tree.from.LazyTableGroup@36821a1b] with identifierForTableGroup [com.rts.tap.model.Offer.mrf.clientPartner.personalInfo] for NavigablePath [com.rts.tap.model.Offer.mrf.clientPartner.personalInfo] 
2025-02-03 12:08:31 [main] DEBUG org.hibernate.orm.sql.ast.create - Registration of TableGroup [org.hibernate.sql.ast.tree.from.LazyTableGroup@34adce96] with identifierForTableGroup [com.rts.tap.model.Offer.mrf.clientPartner.role] for NavigablePath [com.rts.tap.model.Offer.mrf.clientPartner.role] 
2025-02-03 12:08:31 [main] DEBUG org.hibernate.orm.sql.ast.create - Registration of TableGroup [org.hibernate.sql.ast.tree.from.LazyTableGroup@794c22cd] with identifierForTableGroup [com.rts.tap.model.Offer.mrf.mrfAgreement] for NavigablePath [com.rts.tap.model.Offer.mrf.mrfAgreement] 
2025-02-03 12:08:31 [main] DEBUG org.hibernate.orm.sql.ast.create - Created new SQL alias : ma1_0
2025-02-03 12:08:31 [main] DEBUG org.hibernate.orm.sql.ast.create - Registration of TableGroup [org.hibernate.sql.ast.tree.from.LazyTableGroup@5fb8ad3d] with identifierForTableGroup [com.rts.tap.model.Offer.mrf.mrfCriteria] for NavigablePath [com.rts.tap.model.Offer.mrf.mrfCriteria] 
2025-02-03 12:08:31 [main] DEBUG org.hibernate.orm.sql.ast.create - Created new SQL alias : mc1_0
2025-02-03 12:08:31 [main] DEBUG org.hibernate.orm.sql.ast.create - Registration of TableGroup [org.hibernate.sql.ast.tree.from.LazyTableGroup@5bb0122] with identifierForTableGroup [com.rts.tap.model.Offer.mrf.mrfJd] for NavigablePath [com.rts.tap.model.Offer.mrf.mrfJd] 
2025-02-03 12:08:31 [main] DEBUG org.hibernate.orm.sql.ast.create - Created new SQL alias : mj1_0
2025-02-03 12:08:31 [main] DEBUG org.hibernate.orm.sql.ast.create - Registration of TableGroup [org.hibernate.sql.ast.tree.from.LazyTableGroup@2d4eba14] with identifierForTableGroup [com.rts.tap.model.Offer.mrf.mrfStatus] for NavigablePath [com.rts.tap.model.Offer.mrf.mrfStatus] 
2025-02-03 12:08:31 [main] DEBUG org.hibernate.orm.sql.ast.create - Created new SQL alias : ms1_0
2025-02-03 12:08:31 [main] DEBUG org.hibernate.orm.sql.ast.create - Registration of TableGroup [org.hibernate.sql.ast.tree.from.LazyTableGroup@358caf3a] with identifierForTableGroup [com.rts.tap.model.Offer.mrf.requirement] for NavigablePath [com.rts.tap.model.Offer.mrf.requirement] 
2025-02-03 12:08:31 [main] DEBUG org.hibernate.orm.sql.ast.create - Created new SQL alias : r4_0
2025-02-03 12:08:31 [main] DEBUG org.hibernate.orm.sql.ast.create - Registration of TableGroup [org.hibernate.sql.ast.tree.from.LazyTableGroup@2fc72df3] with identifierForTableGroup [com.rts.tap.model.Offer.mrf.requirement.client] for NavigablePath [com.rts.tap.model.Offer.mrf.requirement.client] 
2025-02-03 12:08:31 [main] DEBUG org.hibernate.orm.sql.ast.create - Registration of TableGroup [org.hibernate.sql.ast.tree.from.LazyTableGroup@72288b38] with identifierForTableGroup [com.rts.tap.model.Offer.mrf.subRequirements] for NavigablePath [com.rts.tap.model.Offer.mrf.subRequirements] 
2025-02-03 12:08:31 [main] DEBUG org.hibernate.orm.sql.ast.create - Created new SQL alias : sr1_0
2025-02-03 12:08:31 [main] DEBUG org.hibernate.orm.results.graph.AST - DomainResult Graph:
 \-EntityResultImpl [com.rts.tap.model.Offer]
 |  +-EntityFetchJoinedImpl [com.rts.tap.model.Offer.candidate]
 |  |  +-BasicFetch [com.rts.tap.model.Offer.candidate.Education]
 |  |  +-DelayedCollectionFetch [com.rts.tap.model.Offer.candidate.MrfJd]
 |  |  +-BasicFetch [com.rts.tap.model.Offer.candidate.assignedAt]
 |  |  +-BasicFetch [com.rts.tap.model.Offer.candidate.candidate360Id]
 |  |  +-BasicFetch [com.rts.tap.model.Offer.candidate.candidateProfileImage]
 |  |  +-DelayedCollectionFetch [com.rts.tap.model.Offer.candidate.certifications]
 |  |  +-EntityFetchJoinedImpl [com.rts.tap.model.Offer.candidate.credentials]
 |  |  |  +-BasicFetch [com.rts.tap.model.Offer.candidate.credentials.email]
 |  |  |  +-BasicFetch [com.rts.tap.model.Offer.candidate.credentials.expirationTime]
 |  |  |  +-BasicFetch [com.rts.tap.model.Offer.candidate.credentials.isPasswordChanged]
 |  |  |  +-BasicFetch [com.rts.tap.model.Offer.candidate.credentials.otp]
 |  |  |  +-BasicFetch [com.rts.tap.model.Offer.candidate.credentials.password]
 |  |  |  +-EntityFetchSelectImpl [com.rts.tap.model.Offer.candidate.credentials.role]
 |  |  |  \-BasicFetch [com.rts.tap.model.Offer.candidate.credentials.username]
 |  |  +-BasicFetch [com.rts.tap.model.Offer.candidate.currentCTC]
 |  |  +-BasicFetch [com.rts.tap.model.Offer.candidate.currentCompany]
 |  |  +-BasicFetch [com.rts.tap.model.Offer.candidate.currentLocation]
 |  |  +-EntityDelayedFetchImpl [com.rts.tap.model.Offer.candidate.documents]
 |  |  +-BasicFetch [com.rts.tap.model.Offer.candidate.email]
 |  |  +-BasicFetch [com.rts.tap.model.Offer.candidate.employementMode]
 |  |  +-BasicFetch [com.rts.tap.model.Offer.candidate.expectedCTC]
 |  |  +-BasicFetch [com.rts.tap.model.Offer.candidate.firstName]
 |  |  +-BasicFetch [com.rts.tap.model.Offer.candidate.gender]
 |  |  +-BasicFetch [com.rts.tap.model.Offer.candidate.isMatchingMrf]
 |  |  +-BasicFetch [com.rts.tap.model.Offer.candidate.isPasswordChanged]
 |  |  +-BasicFetch [com.rts.tap.model.Offer.candidate.lastName]
 |  |  +-BasicFetch [com.rts.tap.model.Offer.candidate.location]
 |  |  +-BasicFetch [com.rts.tap.model.Offer.candidate.mobileNumber]
 |  |  +-BasicFetch [com.rts.tap.model.Offer.candidate.noticePeriod]
 |  |  +-BasicFetch [com.rts.tap.model.Offer.candidate.panNumber]
 |  |  +-BasicFetch [com.rts.tap.model.Offer.candidate.password]
 |  |  +-BasicFetch [com.rts.tap.model.Offer.candidate.previousRole]
 |  |  +-BasicFetch [com.rts.tap.model.Offer.candidate.relevantExperience]
 |  |  +-BasicFetch [com.rts.tap.model.Offer.candidate.relocate]
 |  |  +-BasicFetch [com.rts.tap.model.Offer.candidate.resume]
 |  |  +-BasicFetch [com.rts.tap.model.Offer.candidate.skill]
 |  |  +-BasicFetch [com.rts.tap.model.Offer.candidate.source]
 |  |  +-BasicFetch [com.rts.tap.model.Offer.candidate.sourceId]
 |  |  +-BasicFetch [com.rts.tap.model.Offer.candidate.status]
 |  |  +-BasicFetch [com.rts.tap.model.Offer.candidate.totalExperience]
 |  |  \-BasicFetch [com.rts.tap.model.Offer.candidate.visaDetails]
 |  +-BasicFetch [com.rts.tap.model.Offer.candidateReason]
 |  +-BasicFetch [com.rts.tap.model.Offer.candidateStatus]
 |  +-BasicFetch [com.rts.tap.model.Offer.createDate]
 |  +-BasicFetch [com.rts.tap.model.Offer.isBuHeadApproved]
 |  +-BasicFetch [com.rts.tap.model.Offer.joiningDate]
 |  +-EntityFetchJoinedImpl [com.rts.tap.model.Offer.mrf]
 |  |  +-EntityFetchJoinedImpl [com.rts.tap.model.Offer.mrf.businessUnitHead]
 |  |  |  +-EntityDelayedFetchImpl [com.rts.tap.model.Offer.mrf.businessUnitHead.businessUnit]
 |  |  |  +-BasicFetch [com.rts.tap.model.Offer.mrf.businessUnitHead.candidateId]
 |  |  |  +-BasicFetch [com.rts.tap.model.Offer.mrf.businessUnitHead.createdDate]
 |  |  |  +-DelayedCollectionFetch [com.rts.tap.model.Offer.mrf.businessUnitHead.documents]
 |  |  |  +-BasicFetch [com.rts.tap.model.Offer.mrf.businessUnitHead.employeeEmail]
 |  |  |  +-BasicFetch [com.rts.tap.model.Offer.mrf.businessUnitHead.employeeName]
 |  |  |  +-BasicFetch [com.rts.tap.model.Offer.mrf.businessUnitHead.employeeStatus]
 |  |  |  +-DelayedCollectionFetch [com.rts.tap.model.Offer.mrf.businessUnitHead.experience]
 |  |  |  +-DelayedCollectionFetch [com.rts.tap.model.Offer.mrf.businessUnitHead.familyDetails]
 |  |  |  +-BasicFetch [com.rts.tap.model.Offer.mrf.businessUnitHead.managerId]
 |  |  |  +-EntityDelayedFetchImpl [com.rts.tap.model.Offer.mrf.businessUnitHead.personalInfo]
 |  |  |  +-DelayedCollectionFetch [com.rts.tap.model.Offer.mrf.businessUnitHead.qualification]
 |  |  |  +-EntityDelayedFetchImpl [com.rts.tap.model.Offer.mrf.businessUnitHead.role]
 |  |  |  +-BasicFetch [com.rts.tap.model.Offer.mrf.businessUnitHead.updatedDate]
 |  |  |  \-BasicFetch [com.rts.tap.model.Offer.mrf.businessUnitHead.workLocation]
 |  |  +-EntityFetchJoinedImpl [com.rts.tap.model.Offer.mrf.clientPartner]
 |  |  |  +-EntityDelayedFetchImpl [com.rts.tap.model.Offer.mrf.clientPartner.businessUnit]
 |  |  |  +-BasicFetch [com.rts.tap.model.Offer.mrf.clientPartner.candidateId]
 |  |  |  +-BasicFetch [com.rts.tap.model.Offer.mrf.clientPartner.createdDate]
 |  |  |  +-DelayedCollectionFetch [com.rts.tap.model.Offer.mrf.clientPartner.documents]
 |  |  |  +-BasicFetch [com.rts.tap.model.Offer.mrf.clientPartner.employeeEmail]
 |  |  |  +-BasicFetch [com.rts.tap.model.Offer.mrf.clientPartner.employeeName]
 |  |  |  +-BasicFetch [com.rts.tap.model.Offer.mrf.clientPartner.employeeStatus]
 |  |  |  +-DelayedCollectionFetch [com.rts.tap.model.Offer.mrf.clientPartner.experience]
 |  |  |  +-DelayedCollectionFetch [com.rts.tap.model.Offer.mrf.clientPartner.familyDetails]
 |  |  |  +-BasicFetch [com.rts.tap.model.Offer.mrf.clientPartner.managerId]
 |  |  |  +-EntityDelayedFetchImpl [com.rts.tap.model.Offer.mrf.clientPartner.personalInfo]
 |  |  |  +-DelayedCollectionFetch [com.rts.tap.model.Offer.mrf.clientPartner.qualification]
 |  |  |  +-EntityDelayedFetchImpl [com.rts.tap.model.Offer.mrf.clientPartner.role]
 |  |  |  +-BasicFetch [com.rts.tap.model.Offer.mrf.clientPartner.updatedDate]
 |  |  |  \-BasicFetch [com.rts.tap.model.Offer.mrf.clientPartner.workLocation]
 |  |  +-BasicFetch [com.rts.tap.model.Offer.mrf.createdAt]
 |  |  +-EntityFetchJoinedImpl [com.rts.tap.model.Offer.mrf.mrfAgreement]
 |  |  |  +-BasicFetch [com.rts.tap.model.Offer.mrf.mrfAgreement.billingCycle]
 |  |  |  +-BasicFetch [com.rts.tap.model.Offer.mrf.mrfAgreement.mrfTemplate]
 |  |  |  +-BasicFetch [com.rts.tap.model.Offer.mrf.mrfAgreement.negotiatedPricePoint]
 |  |  |  +-BasicFetch [com.rts.tap.model.Offer.mrf.mrfAgreement.proposedBudget]
 |  |  |  \-BasicFetch [com.rts.tap.model.Offer.mrf.mrfAgreement.serviceLevelAgreement]
 |  |  +-EntityFetchJoinedImpl [com.rts.tap.model.Offer.mrf.mrfCriteria]
 |  |  |  +-BasicFetch [com.rts.tap.model.Offer.mrf.mrfCriteria.IsCertificationNeeded]
 |  |  |  +-BasicFetch [com.rts.tap.model.Offer.mrf.mrfCriteria.IsVisaRequired]
 |  |  |  +-BasicFetch [com.rts.tap.model.Offer.mrf.mrfCriteria.certificate]
 |  |  |  +-BasicFetch [com.rts.tap.model.Offer.mrf.mrfCriteria.closureDate]
 |  |  |  +-BasicFetch [com.rts.tap.model.Offer.mrf.mrfCriteria.contractStartDate]
 |  |  |  +-BasicFetch [com.rts.tap.model.Offer.mrf.mrfCriteria.educationalQualification]
 |  |  |  +-BasicFetch [com.rts.tap.model.Offer.mrf.mrfCriteria.employmentMode]
 |  |  |  +-BasicFetch [com.rts.tap.model.Offer.mrf.mrfCriteria.jobLocation]
 |  |  |  +-BasicFetch [com.rts.tap.model.Offer.mrf.mrfCriteria.maximumCTC]
 |  |  |  +-BasicFetch [com.rts.tap.model.Offer.mrf.mrfCriteria.minimumCTC]
 |  |  |  +-BasicFetch [com.rts.tap.model.Offer.mrf.mrfCriteria.mrfLossOrProfit]
 |  |  |  +-BasicFetch [com.rts.tap.model.Offer.mrf.mrfCriteria.visaType]
 |  |  |  \-BasicFetch [com.rts.tap.model.Offer.mrf.mrfCriteria.yearsOfExperience]
 |  |  +-BasicFetch [com.rts.tap.model.Offer.mrf.mrfDepartmentName]
 |  |  +-EntityFetchJoinedImpl [com.rts.tap.model.Offer.mrf.mrfJd]
 |  |  |  +-BasicFetch [com.rts.tap.model.Offer.mrf.mrfJd.jobParameter]
 |  |  |  +-BasicFetch [com.rts.tap.model.Offer.mrf.mrfJd.jobTitle]
 |  |  |  \-BasicFetch [com.rts.tap.model.Offer.mrf.mrfJd.rolesAndResponsibilities]
 |  |  +-BasicFetch [com.rts.tap.model.Offer.mrf.mrfRequiredTechnology]
 |  |  +-EntityFetchJoinedImpl [com.rts.tap.model.Offer.mrf.mrfStatus]
 |  |  |  +-BasicFetch [com.rts.tap.model.Offer.mrf.mrfStatus.descriptionForChanges]
 |  |  |  +-BasicFetch [com.rts.tap.model.Offer.mrf.mrfStatus.mrfApprovalStatus]
 |  |  |  +-BasicFetch [com.rts.tap.model.Offer.mrf.mrfStatus.mrfStage]
 |  |  |  +-BasicFetch [com.rts.tap.model.Offer.mrf.mrfStatus.mrfType]
 |  |  |  +-BasicFetch [com.rts.tap.model.Offer.mrf.mrfStatus.reasonForLost]
 |  |  |  \-BasicFetch [com.rts.tap.model.Offer.mrf.mrfStatus.requirementFilled]
 |  |  +-BasicFetch [com.rts.tap.model.Offer.mrf.probableDesignation]
 |  |  +-BasicFetch [com.rts.tap.model.Offer.mrf.requiredResourceCount]
 |  |  +-BasicFetch [com.rts.tap.model.Offer.mrf.requiredSkills]
 |  |  +-EntityFetchJoinedImpl [com.rts.tap.model.Offer.mrf.requirement]
 |  |  |  +-BasicFetch [com.rts.tap.model.Offer.mrf.requirement.budget]
 |  |  |  +-EntityFetchSelectImpl [com.rts.tap.model.Offer.mrf.requirement.client]
 |  |  |  +-BasicFetch [com.rts.tap.model.Offer.mrf.requirement.createdAt]
 |  |  |  +-DelayedCollectionFetch [com.rts.tap.model.Offer.mrf.requirement.subrequirement]
 |  |  |  +-BasicFetch [com.rts.tap.model.Offer.mrf.requirement.timeline]
 |  |  |  \-BasicFetch [com.rts.tap.model.Offer.mrf.requirement.totalRequiredResourceCount]
 |  |  +-EntityFetchJoinedImpl [com.rts.tap.model.Offer.mrf.subRequirements]
 |  |  |  +-BasicFetch [com.rts.tap.model.Offer.mrf.subRequirements.resourceCount]
 |  |  |  \-BasicFetch [com.rts.tap.model.Offer.mrf.subRequirements.role]
 |  |  \-BasicFetch [com.rts.tap.model.Offer.mrf.updatedAt]
 |  +-BasicFetch [com.rts.tap.model.Offer.offerLetter]
 |  \-BasicFetch [com.rts.tap.model.Offer.offerPackage]

2025-02-03 12:08:31 [main] DEBUG org.hibernate.orm.sql.ast.tree - SQL AST Tree:
    SelectStatement {
      FromClause {
        StandardTableGroup (o1 : com.rts.tap.model.Offer) {
          primaryTableReference : offer as o1_0
          TableGroupJoins {
            left  join LazyTableGroup (c1 : com.rts.tap.model.Offer.candidate) {
              primaryTableReference : candidate as c1_0
              TableGroupJoins {
                left  join LazyTableGroup (c2 : com.rts.tap.model.Offer.candidate.credentials) {
                  primaryTableReference : third_party_credentials as c2_0
                  TableGroupJoins {
                    left  join LazyTableGroup (r1 : com.rts.tap.model.Offer.candidate.credentials.role) {
                    }
                  }
                }
                left  join LazyTableGroup (d1 : com.rts.tap.model.Offer.candidate.documents) {
                }
              }
            }
            left  join LazyTableGroup (m1 : com.rts.tap.model.Offer.mrf) {
              primaryTableReference : mrf_table as m1_0
              TableGroupJoins {
                left  join LazyTableGroup (buh1 : com.rts.tap.model.Offer.mrf.businessUnitHead) {
                  primaryTableReference : employees as buh1_0
                  TableGroupJoins {
                    left  join LazyTableGroup (bu1 : com.rts.tap.model.Offer.mrf.businessUnitHead.businessUnit) {
                    }
                    left  join LazyTableGroup (pi1 : com.rts.tap.model.Offer.mrf.businessUnitHead.personalInfo) {
                    }
                    left  join LazyTableGroup (r2 : com.rts.tap.model.Offer.mrf.businessUnitHead.role) {
                    }
                  }
                }
                left  join LazyTableGroup (cp1 : com.rts.tap.model.Offer.mrf.clientPartner) {
                  primaryTableReference : employees as cp1_0
                  TableGroupJoins {
                    left  join LazyTableGroup (bu2 : com.rts.tap.model.Offer.mrf.clientPartner.businessUnit) {
                    }
                    left  join LazyTableGroup (pi2 : com.rts.tap.model.Offer.mrf.clientPartner.personalInfo) {
                    }
                    left  join LazyTableGroup (r3 : com.rts.tap.model.Offer.mrf.clientPartner.role) {
                    }
                  }
                }
                left  join LazyTableGroup (ma1 : com.rts.tap.model.Offer.mrf.mrfAgreement) {
                  primaryTableReference : mrf_agreement_table as ma1_0
                }
                left  join LazyTableGroup (mc1 : com.rts.tap.model.Offer.mrf.mrfCriteria) {
                  primaryTableReference : mrf_criteria_table as mc1_0
                }
                left  join LazyTableGroup (mj1 : com.rts.tap.model.Offer.mrf.mrfJd) {
                  primaryTableReference : mrf_jd as mj1_0
                }
                left  join LazyTableGroup (ms1 : com.rts.tap.model.Offer.mrf.mrfStatus) {
                  primaryTableReference : mrf_status_table as ms1_0
                }
                left  join LazyTableGroup (r4 : com.rts.tap.model.Offer.mrf.requirement) {
                  primaryTableReference : requirements as r4_0
                  TableGroupJoins {
                    left  join LazyTableGroup (c3 : com.rts.tap.model.Offer.mrf.requirement.client) {
                    }
                  }
                }
                left  join LazyTableGroup (sr1 : com.rts.tap.model.Offer.mrf.subRequirements) {
                  primaryTableReference : sub_requirements as sr1_0
                }
              }
            }
          }
        }
      }
    }

2025-02-03 12:08:31 [main] DEBUG o.h.p.entity.AbstractEntityPersister - Static SQL for entity: com.rts.tap.model.Offer
2025-02-03 12:08:31 [main] DEBUG o.h.p.entity.AbstractEntityPersister -  Version select: select offer_id from offer where offer_id=?
2025-02-03 12:08:31 [main] DEBUG o.h.p.entity.AbstractEntityPersister -  Insert (0): insert into offer (candidate_candidate_id,candidate_reason,candidate_status,create_date,is_bu_head_approved,joining_date,mrf_mrf_id,offer_letter,offer_package) values (?,?,?,?,?,?,?,?,?)
2025-02-03 12:08:31 [main] DEBUG o.h.p.entity.AbstractEntityPersister -  Update (0): update offer set candidate_candidate_id=?,candidate_reason=?,candidate_status=?,create_date=?,is_bu_head_approved=?,joining_date=?,mrf_mrf_id=?,offer_letter=?,offer_package=? where offer_id=?
2025-02-03 12:08:31 [main] DEBUG o.h.p.entity.AbstractEntityPersister -  Delete (0): delete from offer where offer_id=?
2025-02-03 12:08:31 [main] DEBUG org.hibernate.orm.sql.ast.create - Created new SQL alias : ol1_0
2025-02-03 12:08:31 [main] DEBUG org.hibernate.orm.sql.ast.create - Registration of TableGroup [StandardTableGroup(com.rts.tap.model.OrganizationLocation)] with identifierForTableGroup [com.rts.tap.model.OrganizationLocation] for NavigablePath [com.rts.tap.model.OrganizationLocation] 
2025-02-03 12:08:31 [main] DEBUG org.hibernate.orm.results.graph.AST - DomainResult Graph:
 \-EntityResultImpl [com.rts.tap.model.OrganizationLocation]
 |  +-BasicFetch [com.rts.tap.model.OrganizationLocation.latitude]
 |  +-BasicFetch [com.rts.tap.model.OrganizationLocation.locationAddress]
 |  +-BasicFetch [com.rts.tap.model.OrganizationLocation.locationName]
 |  \-BasicFetch [com.rts.tap.model.OrganizationLocation.longitude]

2025-02-03 12:08:31 [main] DEBUG org.hibernate.orm.sql.ast.tree - SQL AST Tree:
    SelectStatement {
      FromClause {
        StandardTableGroup (ol1 : com.rts.tap.model.OrganizationLocation) {
          primaryTableReference : organization_location as ol1_0
        }
      }
    }

2025-02-03 12:08:31 [main] DEBUG o.h.p.entity.AbstractEntityPersister - Static SQL for entity: com.rts.tap.model.OrganizationLocation
2025-02-03 12:08:31 [main] DEBUG o.h.p.entity.AbstractEntityPersister -  Version select: select location_id from organization_location where location_id=?
2025-02-03 12:08:31 [main] DEBUG o.h.p.entity.AbstractEntityPersister -  Insert (0): insert into organization_location (latitude,location_address,location_name,longitude) values (?,?,?,?)
2025-02-03 12:08:31 [main] DEBUG o.h.p.entity.AbstractEntityPersister -  Update (0): update organization_location set latitude=?,location_address=?,location_name=?,longitude=? where location_id=?
2025-02-03 12:08:31 [main] DEBUG o.h.p.entity.AbstractEntityPersister -  Delete (0): delete from organization_location where location_id=?
2025-02-03 12:08:31 [main] DEBUG org.hibernate.orm.sql.ast.create - Created new SQL alias : m1_0
2025-02-03 12:08:31 [main] DEBUG org.hibernate.orm.sql.ast.create - Registration of TableGroup [StandardTableGroup(com.rts.tap.model.MRFCandidate)] with identifierForTableGroup [com.rts.tap.model.MRFCandidate] for NavigablePath [com.rts.tap.model.MRFCandidate] 
2025-02-03 12:08:31 [main] DEBUG org.hibernate.orm.sql.ast.create - Registration of TableGroup [org.hibernate.sql.ast.tree.from.LazyTableGroup@6c758c74] with identifierForTableGroup [com.rts.tap.model.MRFCandidate.mrfRecruiter] for NavigablePath [com.rts.tap.model.MRFCandidate.mrfRecruiter] 
2025-02-03 12:08:31 [main] DEBUG org.hibernate.orm.sql.ast.create - Created new SQL alias : mr1_0
2025-02-03 12:08:31 [main] DEBUG org.hibernate.orm.sql.ast.create - Registration of TableGroup [org.hibernate.sql.ast.tree.from.LazyTableGroup@5a32ab89] with identifierForTableGroup [com.rts.tap.model.MRFCandidate.mrfRecruiter.mrfRecruitingManager] for NavigablePath [com.rts.tap.model.MRFCandidate.mrfRecruiter.mrfRecruitingManager] 
2025-02-03 12:08:31 [main] DEBUG org.hibernate.orm.sql.ast.create - Created new SQL alias : mrm1_0
2025-02-03 12:08:31 [main] DEBUG org.hibernate.orm.sql.ast.create - Registration of TableGroup [org.hibernate.sql.ast.tree.from.LazyTableGroup@8dcc25] with identifierForTableGroup [com.rts.tap.model.MRFCandidate.mrfRecruiter.mrfRecruitingManager.mrf] for NavigablePath [com.rts.tap.model.MRFCandidate.mrfRecruiter.mrfRecruitingManager.mrf] 
2025-02-03 12:08:31 [main] DEBUG org.hibernate.orm.sql.ast.create - Registration of TableGroup [org.hibernate.sql.ast.tree.from.LazyTableGroup@2693b289] with identifierForTableGroup [com.rts.tap.model.MRFCandidate.mrfRecruiter.mrfRecruitingManager.recruitingManager] for NavigablePath [com.rts.tap.model.MRFCandidate.mrfRecruiter.mrfRecruitingManager.recruitingManager] 
2025-02-03 12:08:31 [main] DEBUG org.hibernate.orm.sql.ast.create - Registration of TableGroup [org.hibernate.sql.ast.tree.from.LazyTableGroup@66c58c03] with identifierForTableGroup [com.rts.tap.model.MRFCandidate.mrfRecruiter.recruiterId] for NavigablePath [com.rts.tap.model.MRFCandidate.mrfRecruiter.recruiterId] 
2025-02-03 12:08:31 [main] DEBUG org.hibernate.orm.sql.ast.create - Created new SQL alias : ri1_0
2025-02-03 12:08:31 [main] DEBUG org.hibernate.orm.sql.ast.create - Registration of TableGroup [org.hibernate.sql.ast.tree.from.LazyTableGroup@29e40db1] with identifierForTableGroup [com.rts.tap.model.MRFCandidate.mrfRecruiter.recruiterId.businessUnit] for NavigablePath [com.rts.tap.model.MRFCandidate.mrfRecruiter.recruiterId.businessUnit] 
2025-02-03 12:08:31 [main] DEBUG org.hibernate.orm.sql.ast.create - Registration of TableGroup [org.hibernate.sql.ast.tree.from.LazyTableGroup@47e6004c] with identifierForTableGroup [com.rts.tap.model.MRFCandidate.mrfRecruiter.recruiterId.personalInfo] for NavigablePath [com.rts.tap.model.MRFCandidate.mrfRecruiter.recruiterId.personalInfo] 
2025-02-03 12:08:31 [main] DEBUG org.hibernate.orm.sql.ast.create - Registration of TableGroup [org.hibernate.sql.ast.tree.from.LazyTableGroup@7c5ae5c3] with identifierForTableGroup [com.rts.tap.model.MRFCandidate.mrfRecruiter.recruiterId.role] for NavigablePath [com.rts.tap.model.MRFCandidate.mrfRecruiter.recruiterId.role] 
2025-02-03 12:08:31 [main] DEBUG org.hibernate.orm.results.graph.AST - DomainResult Graph:
 \-EntityResultImpl [com.rts.tap.model.MRFCandidate]
 |  +-BasicFetch [com.rts.tap.model.MRFCandidate.Status]
 |  +-DelayedCollectionFetch [com.rts.tap.model.MRFCandidate.candidate]
 |  \-EntityFetchJoinedImpl [com.rts.tap.model.MRFCandidate.mrfRecruiter]
 |  |  +-BasicFetch [com.rts.tap.model.MRFCandidate.mrfRecruiter.achievedCount]
 |  |  +-BasicFetch [com.rts.tap.model.MRFCandidate.mrfRecruiter.assignedCount]
 |  |  +-BasicFetch [com.rts.tap.model.MRFCandidate.mrfRecruiter.closedDate]
 |  |  +-BasicFetch [com.rts.tap.model.MRFCandidate.mrfRecruiter.createdAt]
 |  |  +-EntityFetchJoinedImpl [com.rts.tap.model.MRFCandidate.mrfRecruiter.mrfRecruitingManager]
 |  |  |  +-EntityFetchSelectImpl [com.rts.tap.model.MRFCandidate.mrfRecruiter.mrfRecruitingManager.mrf]
 |  |  |  +-EntityFetchSelectImpl [com.rts.tap.model.MRFCandidate.mrfRecruiter.mrfRecruitingManager.recruitingManager]
 |  |  |  \-BasicFetch [com.rts.tap.model.MRFCandidate.mrfRecruiter.mrfRecruitingManager.recruitingManagerAssignedStatus]
 |  |  +-BasicFetch [com.rts.tap.model.MRFCandidate.mrfRecruiter.recruiterAssignedStatus]
 |  |  +-EntityFetchJoinedImpl [com.rts.tap.model.MRFCandidate.mrfRecruiter.recruiterId]
 |  |  |  +-EntityDelayedFetchImpl [com.rts.tap.model.MRFCandidate.mrfRecruiter.recruiterId.businessUnit]
 |  |  |  +-BasicFetch [com.rts.tap.model.MRFCandidate.mrfRecruiter.recruiterId.candidateId]
 |  |  |  +-BasicFetch [com.rts.tap.model.MRFCandidate.mrfRecruiter.recruiterId.createdDate]
 |  |  |  +-DelayedCollectionFetch [com.rts.tap.model.MRFCandidate.mrfRecruiter.recruiterId.documents]
 |  |  |  +-BasicFetch [com.rts.tap.model.MRFCandidate.mrfRecruiter.recruiterId.employeeEmail]
 |  |  |  +-BasicFetch [com.rts.tap.model.MRFCandidate.mrfRecruiter.recruiterId.employeeName]
 |  |  |  +-BasicFetch [com.rts.tap.model.MRFCandidate.mrfRecruiter.recruiterId.employeeStatus]
 |  |  |  +-DelayedCollectionFetch [com.rts.tap.model.MRFCandidate.mrfRecruiter.recruiterId.experience]
 |  |  |  +-DelayedCollectionFetch [com.rts.tap.model.MRFCandidate.mrfRecruiter.recruiterId.familyDetails]
 |  |  |  +-BasicFetch [com.rts.tap.model.MRFCandidate.mrfRecruiter.recruiterId.managerId]
 |  |  |  +-EntityDelayedFetchImpl [com.rts.tap.model.MRFCandidate.mrfRecruiter.recruiterId.personalInfo]
 |  |  |  +-DelayedCollectionFetch [com.rts.tap.model.MRFCandidate.mrfRecruiter.recruiterId.qualification]
 |  |  |  +-EntityDelayedFetchImpl [com.rts.tap.model.MRFCandidate.mrfRecruiter.recruiterId.role]
 |  |  |  +-BasicFetch [com.rts.tap.model.MRFCandidate.mrfRecruiter.recruiterId.updatedDate]
 |  |  |  \-BasicFetch [com.rts.tap.model.MRFCandidate.mrfRecruiter.recruiterId.workLocation]
 |  |  \-BasicFetch [com.rts.tap.model.MRFCandidate.mrfRecruiter.updatedAt]

2025-02-03 12:08:31 [main] DEBUG org.hibernate.orm.sql.ast.tree - SQL AST Tree:
    SelectStatement {
      FromClause {
        StandardTableGroup (m1 : com.rts.tap.model.MRFCandidate) {
          primaryTableReference : mrfcandidate as m1_0
          TableGroupJoins {
            left  join LazyTableGroup (mr1 : com.rts.tap.model.MRFCandidate.mrfRecruiter) {
              primaryTableReference : mrf_recruiters_table as mr1_0
              TableGroupJoins {
                left  join LazyTableGroup (mrm1 : com.rts.tap.model.MRFCandidate.mrfRecruiter.mrfRecruitingManager) {
                  primaryTableReference : mrf_recruiting_manager_table as mrm1_0
                  TableGroupJoins {
                    left  join LazyTableGroup (m2 : com.rts.tap.model.MRFCandidate.mrfRecruiter.mrfRecruitingManager.mrf) {
                    }
                    left  join LazyTableGroup (rm1 : com.rts.tap.model.MRFCandidate.mrfRecruiter.mrfRecruitingManager.recruitingManager) {
                    }
                  }
                }
                left  join LazyTableGroup (ri1 : com.rts.tap.model.MRFCandidate.mrfRecruiter.recruiterId) {
                  primaryTableReference : employees as ri1_0
                  TableGroupJoins {
                    left  join LazyTableGroup (bu1 : com.rts.tap.model.MRFCandidate.mrfRecruiter.recruiterId.businessUnit) {
                    }
                    left  join LazyTableGroup (pi1 : com.rts.tap.model.MRFCandidate.mrfRecruiter.recruiterId.personalInfo) {
                    }
                    left  join LazyTableGroup (r1 : com.rts.tap.model.MRFCandidate.mrfRecruiter.recruiterId.role) {
                    }
                  }
                }
              }
            }
          }
        }
      }
    }

2025-02-03 12:08:31 [main] DEBUG o.h.p.entity.AbstractEntityPersister - Static SQL for entity: com.rts.tap.model.MRFCandidate
2025-02-03 12:08:31 [main] DEBUG o.h.p.entity.AbstractEntityPersister -  Version select: select mrf_candidate_id from mrfcandidate where mrf_candidate_id=?
2025-02-03 12:08:31 [main] DEBUG o.h.p.entity.AbstractEntityPersister -  Insert (0): insert into mrfcandidate (status,mrf_recruiter_mrf_recruiters_id) values (?,?)
2025-02-03 12:08:31 [main] DEBUG o.h.p.entity.AbstractEntityPersister -  Update (0): update mrfcandidate set status=?,mrf_recruiter_mrf_recruiters_id=? where mrf_candidate_id=?
2025-02-03 12:08:31 [main] DEBUG o.h.p.entity.AbstractEntityPersister -  Delete (0): delete from mrfcandidate where mrf_candidate_id=?
2025-02-03 12:08:31 [main] DEBUG org.hibernate.orm.sql.ast.create - Created new SQL alias : rp1_0
2025-02-03 12:08:31 [main] DEBUG org.hibernate.orm.sql.ast.create - Registration of TableGroup [StandardTableGroup(com.rts.tap.model.RecruiterPerformance)] with identifierForTableGroup [com.rts.tap.model.RecruiterPerformance] for NavigablePath [com.rts.tap.model.RecruiterPerformance] 
2025-02-03 12:08:31 [main] DEBUG org.hibernate.orm.sql.ast.create - Registration of TableGroup [org.hibernate.sql.ast.tree.from.LazyTableGroup@3f35d13d] with identifierForTableGroup [com.rts.tap.model.RecruiterPerformance.mrf] for NavigablePath [com.rts.tap.model.RecruiterPerformance.mrf] 
2025-02-03 12:08:31 [main] DEBUG org.hibernate.orm.sql.ast.create - Created new SQL alias : m1_0
2025-02-03 12:08:31 [main] DEBUG org.hibernate.orm.sql.ast.create - Registration of TableGroup [org.hibernate.sql.ast.tree.from.LazyTableGroup@482652f7] with identifierForTableGroup [com.rts.tap.model.RecruiterPerformance.mrf.businessUnitHead] for NavigablePath [com.rts.tap.model.RecruiterPerformance.mrf.businessUnitHead] 
2025-02-03 12:08:31 [main] DEBUG org.hibernate.orm.sql.ast.create - Created new SQL alias : buh1_0
2025-02-03 12:08:31 [main] DEBUG org.hibernate.orm.sql.ast.create - Registration of TableGroup [org.hibernate.sql.ast.tree.from.LazyTableGroup@63f9c2cd] with identifierForTableGroup [com.rts.tap.model.RecruiterPerformance.mrf.businessUnitHead.businessUnit] for NavigablePath [com.rts.tap.model.RecruiterPerformance.mrf.businessUnitHead.businessUnit] 
2025-02-03 12:08:31 [main] DEBUG org.hibernate.orm.sql.ast.create - Registration of TableGroup [org.hibernate.sql.ast.tree.from.LazyTableGroup@7b0a864e] with identifierForTableGroup [com.rts.tap.model.RecruiterPerformance.mrf.businessUnitHead.personalInfo] for NavigablePath [com.rts.tap.model.RecruiterPerformance.mrf.businessUnitHead.personalInfo] 
2025-02-03 12:08:31 [main] DEBUG org.hibernate.orm.sql.ast.create - Registration of TableGroup [org.hibernate.sql.ast.tree.from.LazyTableGroup@6a271c2b] with identifierForTableGroup [com.rts.tap.model.RecruiterPerformance.mrf.businessUnitHead.role] for NavigablePath [com.rts.tap.model.RecruiterPerformance.mrf.businessUnitHead.role] 
2025-02-03 12:08:31 [main] DEBUG org.hibernate.orm.sql.ast.create - Registration of TableGroup [org.hibernate.sql.ast.tree.from.LazyTableGroup@106c4a72] with identifierForTableGroup [com.rts.tap.model.RecruiterPerformance.mrf.clientPartner] for NavigablePath [com.rts.tap.model.RecruiterPerformance.mrf.clientPartner] 
2025-02-03 12:08:31 [main] DEBUG org.hibernate.orm.sql.ast.create - Created new SQL alias : cp1_0
2025-02-03 12:08:31 [main] DEBUG org.hibernate.orm.sql.ast.create - Registration of TableGroup [org.hibernate.sql.ast.tree.from.LazyTableGroup@3d2e1d18] with identifierForTableGroup [com.rts.tap.model.RecruiterPerformance.mrf.clientPartner.businessUnit] for NavigablePath [com.rts.tap.model.RecruiterPerformance.mrf.clientPartner.businessUnit] 
2025-02-03 12:08:31 [main] DEBUG org.hibernate.orm.sql.ast.create - Registration of TableGroup [org.hibernate.sql.ast.tree.from.LazyTableGroup@12b9d405] with identifierForTableGroup [com.rts.tap.model.RecruiterPerformance.mrf.clientPartner.personalInfo] for NavigablePath [com.rts.tap.model.RecruiterPerformance.mrf.clientPartner.personalInfo] 
2025-02-03 12:08:31 [main] DEBUG org.hibernate.orm.sql.ast.create - Registration of TableGroup [org.hibernate.sql.ast.tree.from.LazyTableGroup@402d443d] with identifierForTableGroup [com.rts.tap.model.RecruiterPerformance.mrf.clientPartner.role] for NavigablePath [com.rts.tap.model.RecruiterPerformance.mrf.clientPartner.role] 
2025-02-03 12:08:31 [main] DEBUG org.hibernate.orm.sql.ast.create - Registration of TableGroup [org.hibernate.sql.ast.tree.from.LazyTableGroup@32e0b990] with identifierForTableGroup [com.rts.tap.model.RecruiterPerformance.mrf.mrfAgreement] for NavigablePath [com.rts.tap.model.RecruiterPerformance.mrf.mrfAgreement] 
2025-02-03 12:08:31 [main] DEBUG org.hibernate.orm.sql.ast.create - Created new SQL alias : ma1_0
2025-02-03 12:08:31 [main] DEBUG org.hibernate.orm.sql.ast.create - Registration of TableGroup [org.hibernate.sql.ast.tree.from.LazyTableGroup@7f6ba409] with identifierForTableGroup [com.rts.tap.model.RecruiterPerformance.mrf.mrfCriteria] for NavigablePath [com.rts.tap.model.RecruiterPerformance.mrf.mrfCriteria] 
2025-02-03 12:08:31 [main] DEBUG org.hibernate.orm.sql.ast.create - Created new SQL alias : mc1_0
2025-02-03 12:08:31 [main] DEBUG org.hibernate.orm.sql.ast.create - Registration of TableGroup [org.hibernate.sql.ast.tree.from.LazyTableGroup@232e4e1d] with identifierForTableGroup [com.rts.tap.model.RecruiterPerformance.mrf.mrfJd] for NavigablePath [com.rts.tap.model.RecruiterPerformance.mrf.mrfJd] 
2025-02-03 12:08:31 [main] DEBUG org.hibernate.orm.sql.ast.create - Created new SQL alias : mj1_0
2025-02-03 12:08:31 [main] DEBUG org.hibernate.orm.sql.ast.create - Registration of TableGroup [org.hibernate.sql.ast.tree.from.LazyTableGroup@988eae9] with identifierForTableGroup [com.rts.tap.model.RecruiterPerformance.mrf.mrfStatus] for NavigablePath [com.rts.tap.model.RecruiterPerformance.mrf.mrfStatus] 
2025-02-03 12:08:31 [main] DEBUG org.hibernate.orm.sql.ast.create - Created new SQL alias : ms1_0
2025-02-03 12:08:31 [main] DEBUG org.hibernate.orm.sql.ast.create - Registration of TableGroup [org.hibernate.sql.ast.tree.from.LazyTableGroup@3e93ee71] with identifierForTableGroup [com.rts.tap.model.RecruiterPerformance.mrf.requirement] for NavigablePath [com.rts.tap.model.RecruiterPerformance.mrf.requirement] 
2025-02-03 12:08:31 [main] DEBUG org.hibernate.orm.sql.ast.create - Created new SQL alias : r3_0
2025-02-03 12:08:31 [main] DEBUG org.hibernate.orm.sql.ast.create - Registration of TableGroup [org.hibernate.sql.ast.tree.from.LazyTableGroup@1cfa5e46] with identifierForTableGroup [com.rts.tap.model.RecruiterPerformance.mrf.requirement.client] for NavigablePath [com.rts.tap.model.RecruiterPerformance.mrf.requirement.client] 
2025-02-03 12:08:31 [main] DEBUG org.hibernate.orm.sql.ast.create - Registration of TableGroup [org.hibernate.sql.ast.tree.from.LazyTableGroup@4df5b562] with identifierForTableGroup [com.rts.tap.model.RecruiterPerformance.mrf.subRequirements] for NavigablePath [com.rts.tap.model.RecruiterPerformance.mrf.subRequirements] 
2025-02-03 12:08:31 [main] DEBUG org.hibernate.orm.sql.ast.create - Created new SQL alias : sr1_0
2025-02-03 12:08:31 [main] DEBUG org.hibernate.orm.sql.ast.create - Registration of TableGroup [org.hibernate.sql.ast.tree.from.LazyTableGroup@3e4d197] with identifierForTableGroup [com.rts.tap.model.RecruiterPerformance.recruiter] for NavigablePath [com.rts.tap.model.RecruiterPerformance.recruiter] 
2025-02-03 12:08:31 [main] DEBUG org.hibernate.orm.sql.ast.create - Created new SQL alias : r4_0
2025-02-03 12:08:31 [main] DEBUG org.hibernate.orm.sql.ast.create - Registration of TableGroup [org.hibernate.sql.ast.tree.from.LazyTableGroup@222557fc] with identifierForTableGroup [com.rts.tap.model.RecruiterPerformance.recruiter.businessUnit] for NavigablePath [com.rts.tap.model.RecruiterPerformance.recruiter.businessUnit] 
2025-02-03 12:08:31 [main] DEBUG org.hibernate.orm.sql.ast.create - Registration of TableGroup [org.hibernate.sql.ast.tree.from.LazyTableGroup@6c633590] with identifierForTableGroup [com.rts.tap.model.RecruiterPerformance.recruiter.personalInfo] for NavigablePath [com.rts.tap.model.RecruiterPerformance.recruiter.personalInfo] 
2025-02-03 12:08:31 [main] DEBUG org.hibernate.orm.sql.ast.create - Registration of TableGroup [org.hibernate.sql.ast.tree.from.LazyTableGroup@c5dc3db] with identifierForTableGroup [com.rts.tap.model.RecruiterPerformance.recruiter.role] for NavigablePath [com.rts.tap.model.RecruiterPerformance.recruiter.role] 
2025-02-03 12:08:31 [main] DEBUG org.hibernate.orm.results.graph.AST - DomainResult Graph:
 \-EntityResultImpl [com.rts.tap.model.RecruiterPerformance]
 |  +-BasicFetch [com.rts.tap.model.RecruiterPerformance.assignedDate]
 |  +-BasicFetch [com.rts.tap.model.RecruiterPerformance.closedDate]
 |  +-BasicFetch [com.rts.tap.model.RecruiterPerformance.collectiveScore]
 |  +-BasicFetch [com.rts.tap.model.RecruiterPerformance.costPerHire]
 |  +-BasicFetch [com.rts.tap.model.RecruiterPerformance.grade]
 |  +-EntityFetchJoinedImpl [com.rts.tap.model.RecruiterPerformance.mrf]
 |  |  +-EntityFetchJoinedImpl [com.rts.tap.model.RecruiterPerformance.mrf.businessUnitHead]
 |  |  |  +-EntityDelayedFetchImpl [com.rts.tap.model.RecruiterPerformance.mrf.businessUnitHead.businessUnit]
 |  |  |  +-BasicFetch [com.rts.tap.model.RecruiterPerformance.mrf.businessUnitHead.candidateId]
 |  |  |  +-BasicFetch [com.rts.tap.model.RecruiterPerformance.mrf.businessUnitHead.createdDate]
 |  |  |  +-DelayedCollectionFetch [com.rts.tap.model.RecruiterPerformance.mrf.businessUnitHead.documents]
 |  |  |  +-BasicFetch [com.rts.tap.model.RecruiterPerformance.mrf.businessUnitHead.employeeEmail]
 |  |  |  +-BasicFetch [com.rts.tap.model.RecruiterPerformance.mrf.businessUnitHead.employeeName]
 |  |  |  +-BasicFetch [com.rts.tap.model.RecruiterPerformance.mrf.businessUnitHead.employeeStatus]
 |  |  |  +-DelayedCollectionFetch [com.rts.tap.model.RecruiterPerformance.mrf.businessUnitHead.experience]
 |  |  |  +-DelayedCollectionFetch [com.rts.tap.model.RecruiterPerformance.mrf.businessUnitHead.familyDetails]
 |  |  |  +-BasicFetch [com.rts.tap.model.RecruiterPerformance.mrf.businessUnitHead.managerId]
 |  |  |  +-EntityDelayedFetchImpl [com.rts.tap.model.RecruiterPerformance.mrf.businessUnitHead.personalInfo]
 |  |  |  +-DelayedCollectionFetch [com.rts.tap.model.RecruiterPerformance.mrf.businessUnitHead.qualification]
 |  |  |  +-EntityDelayedFetchImpl [com.rts.tap.model.RecruiterPerformance.mrf.businessUnitHead.role]
 |  |  |  +-BasicFetch [com.rts.tap.model.RecruiterPerformance.mrf.businessUnitHead.updatedDate]
 |  |  |  \-BasicFetch [com.rts.tap.model.RecruiterPerformance.mrf.businessUnitHead.workLocation]
 |  |  +-EntityFetchJoinedImpl [com.rts.tap.model.RecruiterPerformance.mrf.clientPartner]
 |  |  |  +-EntityDelayedFetchImpl [com.rts.tap.model.RecruiterPerformance.mrf.clientPartner.businessUnit]
 |  |  |  +-BasicFetch [com.rts.tap.model.RecruiterPerformance.mrf.clientPartner.candidateId]
 |  |  |  +-BasicFetch [com.rts.tap.model.RecruiterPerformance.mrf.clientPartner.createdDate]
 |  |  |  +-DelayedCollectionFetch [com.rts.tap.model.RecruiterPerformance.mrf.clientPartner.documents]
 |  |  |  +-BasicFetch [com.rts.tap.model.RecruiterPerformance.mrf.clientPartner.employeeEmail]
 |  |  |  +-BasicFetch [com.rts.tap.model.RecruiterPerformance.mrf.clientPartner.employeeName]
 |  |  |  +-BasicFetch [com.rts.tap.model.RecruiterPerformance.mrf.clientPartner.employeeStatus]
 |  |  |  +-DelayedCollectionFetch [com.rts.tap.model.RecruiterPerformance.mrf.clientPartner.experience]
 |  |  |  +-DelayedCollectionFetch [com.rts.tap.model.RecruiterPerformance.mrf.clientPartner.familyDetails]
 |  |  |  +-BasicFetch [com.rts.tap.model.RecruiterPerformance.mrf.clientPartner.managerId]
 |  |  |  +-EntityDelayedFetchImpl [com.rts.tap.model.RecruiterPerformance.mrf.clientPartner.personalInfo]
 |  |  |  +-DelayedCollectionFetch [com.rts.tap.model.RecruiterPerformance.mrf.clientPartner.qualification]
 |  |  |  +-EntityDelayedFetchImpl [com.rts.tap.model.RecruiterPerformance.mrf.clientPartner.role]
 |  |  |  +-BasicFetch [com.rts.tap.model.RecruiterPerformance.mrf.clientPartner.updatedDate]
 |  |  |  \-BasicFetch [com.rts.tap.model.RecruiterPerformance.mrf.clientPartner.workLocation]
 |  |  +-BasicFetch [com.rts.tap.model.RecruiterPerformance.mrf.createdAt]
 |  |  +-EntityFetchJoinedImpl [com.rts.tap.model.RecruiterPerformance.mrf.mrfAgreement]
 |  |  |  +-BasicFetch [com.rts.tap.model.RecruiterPerformance.mrf.mrfAgreement.billingCycle]
 |  |  |  +-BasicFetch [com.rts.tap.model.RecruiterPerformance.mrf.mrfAgreement.mrfTemplate]
 |  |  |  +-BasicFetch [com.rts.tap.model.RecruiterPerformance.mrf.mrfAgreement.negotiatedPricePoint]
 |  |  |  +-BasicFetch [com.rts.tap.model.RecruiterPerformance.mrf.mrfAgreement.proposedBudget]
 |  |  |  \-BasicFetch [com.rts.tap.model.RecruiterPerformance.mrf.mrfAgreement.serviceLevelAgreement]
 |  |  +-EntityFetchJoinedImpl [com.rts.tap.model.RecruiterPerformance.mrf.mrfCriteria]
 |  |  |  +-BasicFetch [com.rts.tap.model.RecruiterPerformance.mrf.mrfCriteria.IsCertificationNeeded]
 |  |  |  +-BasicFetch [com.rts.tap.model.RecruiterPerformance.mrf.mrfCriteria.IsVisaRequired]
 |  |  |  +-BasicFetch [com.rts.tap.model.RecruiterPerformance.mrf.mrfCriteria.certificate]
 |  |  |  +-BasicFetch [com.rts.tap.model.RecruiterPerformance.mrf.mrfCriteria.closureDate]
 |  |  |  +-BasicFetch [com.rts.tap.model.RecruiterPerformance.mrf.mrfCriteria.contractStartDate]
 |  |  |  +-BasicFetch [com.rts.tap.model.RecruiterPerformance.mrf.mrfCriteria.educationalQualification]
 |  |  |  +-BasicFetch [com.rts.tap.model.RecruiterPerformance.mrf.mrfCriteria.employmentMode]
 |  |  |  +-BasicFetch [com.rts.tap.model.RecruiterPerformance.mrf.mrfCriteria.jobLocation]
 |  |  |  +-BasicFetch [com.rts.tap.model.RecruiterPerformance.mrf.mrfCriteria.maximumCTC]
 |  |  |  +-BasicFetch [com.rts.tap.model.RecruiterPerformance.mrf.mrfCriteria.minimumCTC]
 |  |  |  +-BasicFetch [com.rts.tap.model.RecruiterPerformance.mrf.mrfCriteria.mrfLossOrProfit]
 |  |  |  +-BasicFetch [com.rts.tap.model.RecruiterPerformance.mrf.mrfCriteria.visaType]
 |  |  |  \-BasicFetch [com.rts.tap.model.RecruiterPerformance.mrf.mrfCriteria.yearsOfExperience]
 |  |  +-BasicFetch [com.rts.tap.model.RecruiterPerformance.mrf.mrfDepartmentName]
 |  |  +-EntityFetchJoinedImpl [com.rts.tap.model.RecruiterPerformance.mrf.mrfJd]
 |  |  |  +-BasicFetch [com.rts.tap.model.RecruiterPerformance.mrf.mrfJd.jobParameter]
 |  |  |  +-BasicFetch [com.rts.tap.model.RecruiterPerformance.mrf.mrfJd.jobTitle]
 |  |  |  \-BasicFetch [com.rts.tap.model.RecruiterPerformance.mrf.mrfJd.rolesAndResponsibilities]
 |  |  +-BasicFetch [com.rts.tap.model.RecruiterPerformance.mrf.mrfRequiredTechnology]
 |  |  +-EntityFetchJoinedImpl [com.rts.tap.model.RecruiterPerformance.mrf.mrfStatus]
 |  |  |  +-BasicFetch [com.rts.tap.model.RecruiterPerformance.mrf.mrfStatus.descriptionForChanges]
 |  |  |  +-BasicFetch [com.rts.tap.model.RecruiterPerformance.mrf.mrfStatus.mrfApprovalStatus]
 |  |  |  +-BasicFetch [com.rts.tap.model.RecruiterPerformance.mrf.mrfStatus.mrfStage]
 |  |  |  +-BasicFetch [com.rts.tap.model.RecruiterPerformance.mrf.mrfStatus.mrfType]
 |  |  |  +-BasicFetch [com.rts.tap.model.RecruiterPerformance.mrf.mrfStatus.reasonForLost]
 |  |  |  \-BasicFetch [com.rts.tap.model.RecruiterPerformance.mrf.mrfStatus.requirementFilled]
 |  |  +-BasicFetch [com.rts.tap.model.RecruiterPerformance.mrf.probableDesignation]
 |  |  +-BasicFetch [com.rts.tap.model.RecruiterPerformance.mrf.requiredResourceCount]
 |  |  +-BasicFetch [com.rts.tap.model.RecruiterPerformance.mrf.requiredSkills]
 |  |  +-EntityFetchJoinedImpl [com.rts.tap.model.RecruiterPerformance.mrf.requirement]
 |  |  |  +-BasicFetch [com.rts.tap.model.RecruiterPerformance.mrf.requirement.budget]
 |  |  |  +-EntityFetchSelectImpl [com.rts.tap.model.RecruiterPerformance.mrf.requirement.client]
 |  |  |  +-BasicFetch [com.rts.tap.model.RecruiterPerformance.mrf.requirement.createdAt]
 |  |  |  +-DelayedCollectionFetch [com.rts.tap.model.RecruiterPerformance.mrf.requirement.subrequirement]
 |  |  |  +-BasicFetch [com.rts.tap.model.RecruiterPerformance.mrf.requirement.timeline]
 |  |  |  \-BasicFetch [com.rts.tap.model.RecruiterPerformance.mrf.requirement.totalRequiredResourceCount]
 |  |  +-EntityFetchJoinedImpl [com.rts.tap.model.RecruiterPerformance.mrf.subRequirements]
 |  |  |  +-BasicFetch [com.rts.tap.model.RecruiterPerformance.mrf.subRequirements.resourceCount]
 |  |  |  \-BasicFetch [com.rts.tap.model.RecruiterPerformance.mrf.subRequirements.role]
 |  |  \-BasicFetch [com.rts.tap.model.RecruiterPerformance.mrf.updatedAt]
 |  +-BasicFetch [com.rts.tap.model.RecruiterPerformance.offerAcceptance]
 |  +-BasicFetch [com.rts.tap.model.RecruiterPerformance.offerNegotiation]
 |  +-EntityFetchJoinedImpl [com.rts.tap.model.RecruiterPerformance.recruiter]
 |  |  +-EntityDelayedFetchImpl [com.rts.tap.model.RecruiterPerformance.recruiter.businessUnit]
 |  |  +-BasicFetch [com.rts.tap.model.RecruiterPerformance.recruiter.candidateId]
 |  |  +-BasicFetch [com.rts.tap.model.RecruiterPerformance.recruiter.createdDate]
 |  |  +-DelayedCollectionFetch [com.rts.tap.model.RecruiterPerformance.recruiter.documents]
 |  |  +-BasicFetch [com.rts.tap.model.RecruiterPerformance.recruiter.employeeEmail]
 |  |  +-BasicFetch [com.rts.tap.model.RecruiterPerformance.recruiter.employeeName]
 |  |  +-BasicFetch [com.rts.tap.model.RecruiterPerformance.recruiter.employeeStatus]
 |  |  +-DelayedCollectionFetch [com.rts.tap.model.RecruiterPerformance.recruiter.experience]
 |  |  +-DelayedCollectionFetch [com.rts.tap.model.RecruiterPerformance.recruiter.familyDetails]
 |  |  +-BasicFetch [com.rts.tap.model.RecruiterPerformance.recruiter.managerId]
 |  |  +-EntityDelayedFetchImpl [com.rts.tap.model.RecruiterPerformance.recruiter.personalInfo]
 |  |  +-DelayedCollectionFetch [com.rts.tap.model.RecruiterPerformance.recruiter.qualification]
 |  |  +-EntityDelayedFetchImpl [com.rts.tap.model.RecruiterPerformance.recruiter.role]
 |  |  +-BasicFetch [com.rts.tap.model.RecruiterPerformance.recruiter.updatedDate]
 |  |  \-BasicFetch [com.rts.tap.model.RecruiterPerformance.recruiter.workLocation]
 |  +-BasicFetch [com.rts.tap.model.RecruiterPerformance.timeToFill]
 |  \-BasicFetch [com.rts.tap.model.RecruiterPerformance.updatedDate]

2025-02-03 12:08:31 [main] DEBUG org.hibernate.orm.sql.ast.tree - SQL AST Tree:
    SelectStatement {
      FromClause {
        StandardTableGroup (rp1 : com.rts.tap.model.RecruiterPerformance) {
          primaryTableReference : recruiter_performance as rp1_0
          TableGroupJoins {
            left  join LazyTableGroup (m1 : com.rts.tap.model.RecruiterPerformance.mrf) {
              primaryTableReference : mrf_table as m1_0
              TableGroupJoins {
                left  join LazyTableGroup (buh1 : com.rts.tap.model.RecruiterPerformance.mrf.businessUnitHead) {
                  primaryTableReference : employees as buh1_0
                  TableGroupJoins {
                    left  join LazyTableGroup (bu1 : com.rts.tap.model.RecruiterPerformance.mrf.businessUnitHead.businessUnit) {
                    }
                    left  join LazyTableGroup (pi1 : com.rts.tap.model.RecruiterPerformance.mrf.businessUnitHead.personalInfo) {
                    }
                    left  join LazyTableGroup (r1 : com.rts.tap.model.RecruiterPerformance.mrf.businessUnitHead.role) {
                    }
                  }
                }
                left  join LazyTableGroup (cp1 : com.rts.tap.model.RecruiterPerformance.mrf.clientPartner) {
                  primaryTableReference : employees as cp1_0
                  TableGroupJoins {
                    left  join LazyTableGroup (bu2 : com.rts.tap.model.RecruiterPerformance.mrf.clientPartner.businessUnit) {
                    }
                    left  join LazyTableGroup (pi2 : com.rts.tap.model.RecruiterPerformance.mrf.clientPartner.personalInfo) {
                    }
                    left  join LazyTableGroup (r2 : com.rts.tap.model.RecruiterPerformance.mrf.clientPartner.role) {
                    }
                  }
                }
                left  join LazyTableGroup (ma1 : com.rts.tap.model.RecruiterPerformance.mrf.mrfAgreement) {
                  primaryTableReference : mrf_agreement_table as ma1_0
                }
                left  join LazyTableGroup (mc1 : com.rts.tap.model.RecruiterPerformance.mrf.mrfCriteria) {
                  primaryTableReference : mrf_criteria_table as mc1_0
                }
                left  join LazyTableGroup (mj1 : com.rts.tap.model.RecruiterPerformance.mrf.mrfJd) {
                  primaryTableReference : mrf_jd as mj1_0
                }
                left  join LazyTableGroup (ms1 : com.rts.tap.model.RecruiterPerformance.mrf.mrfStatus) {
                  primaryTableReference : mrf_status_table as ms1_0
                }
                left  join LazyTableGroup (r3 : com.rts.tap.model.RecruiterPerformance.mrf.requirement) {
                  primaryTableReference : requirements as r3_0
                  TableGroupJoins {
                    left  join LazyTableGroup (c1 : com.rts.tap.model.RecruiterPerformance.mrf.requirement.client) {
                    }
                  }
                }
                left  join LazyTableGroup (sr1 : com.rts.tap.model.RecruiterPerformance.mrf.subRequirements) {
                  primaryTableReference : sub_requirements as sr1_0
                }
              }
            }
            left  join LazyTableGroup (r4 : com.rts.tap.model.RecruiterPerformance.recruiter) {
              primaryTableReference : employees as r4_0
              TableGroupJoins {
                left  join LazyTableGroup (bu3 : com.rts.tap.model.RecruiterPerformance.recruiter.businessUnit) {
                }
                left  join LazyTableGroup (pi3 : com.rts.tap.model.RecruiterPerformance.recruiter.personalInfo) {
                }
                left  join LazyTableGroup (r5 : com.rts.tap.model.RecruiterPerformance.recruiter.role) {
                }
              }
            }
          }
        }
      }
    }

2025-02-03 12:08:31 [main] DEBUG o.h.p.entity.AbstractEntityPersister - Static SQL for entity: com.rts.tap.model.RecruiterPerformance
2025-02-03 12:08:31 [main] DEBUG o.h.p.entity.AbstractEntityPersister -  Version select: select recruiter_performance_id from recruiter_performance where recruiter_performance_id=?
2025-02-03 12:08:31 [main] DEBUG o.h.p.entity.AbstractEntityPersister -  Insert (0): insert into recruiter_performance (assigned_date,closed_date,collective_score,cost_per_hire,grade,assigned_mrf,offer_acceptance,offer_negotiation,recruiter_id,time_to_fill,updated_date) values (?,?,?,?,?,?,?,?,?,?,?)
2025-02-03 12:08:31 [main] DEBUG o.h.p.entity.AbstractEntityPersister -  Update (0): update recruiter_performance set assigned_date=?,closed_date=?,collective_score=?,cost_per_hire=?,grade=?,assigned_mrf=?,offer_acceptance=?,offer_negotiation=?,recruiter_id=?,time_to_fill=?,updated_date=? where recruiter_performance_id=?
2025-02-03 12:08:31 [main] DEBUG o.h.p.entity.AbstractEntityPersister -  Delete (0): delete from recruiter_performance where recruiter_performance_id=?
2025-02-03 12:08:31 [main] DEBUG org.hibernate.orm.sql.ast.create - Created new SQL alias : r1_0
2025-02-03 12:08:31 [main] DEBUG org.hibernate.orm.sql.ast.create - Registration of TableGroup [StandardTableGroup(com.rts.tap.model.Role)] with identifierForTableGroup [com.rts.tap.model.Role] for NavigablePath [com.rts.tap.model.Role] 
2025-02-03 12:08:31 [main] DEBUG org.hibernate.orm.sql.ast.create - Registration of TableGroup [org.hibernate.sql.ast.tree.from.LazyTableGroup@2182ebc7] with identifierForTableGroup [com.rts.tap.model.Role.department] for NavigablePath [com.rts.tap.model.Role.department] 
2025-02-03 12:08:31 [main] DEBUG org.hibernate.orm.sql.ast.create - Created new SQL alias : d1_0
2025-02-03 12:08:31 [main] DEBUG org.hibernate.orm.sql.ast.create - Registration of TableGroup [org.hibernate.sql.ast.tree.from.LazyTableGroup@543895d2] with identifierForTableGroup [com.rts.tap.model.Role.department.organization] for NavigablePath [com.rts.tap.model.Role.department.organization] 
2025-02-03 12:08:31 [main] DEBUG org.hibernate.orm.sql.ast.create - Created new SQL alias : o1_0
2025-02-03 12:08:31 [main] DEBUG org.hibernate.orm.results.graph.AST - DomainResult Graph:
 \-EntityResultImpl [com.rts.tap.model.Role]
 |  +-EntityFetchJoinedImpl [com.rts.tap.model.Role.department]
 |  |  +-BasicFetch [com.rts.tap.model.Role.department.createdDate]
 |  |  +-BasicFetch [com.rts.tap.model.Role.department.departmentName]
 |  |  +-BasicFetch [com.rts.tap.model.Role.department.description]
 |  |  +-EntityFetchJoinedImpl [com.rts.tap.model.Role.department.organization]
 |  |  |  +-BasicFetch [com.rts.tap.model.Role.department.organization.contactPersonEmail]
 |  |  |  +-BasicFetch [com.rts.tap.model.Role.department.organization.contactPersonName]
 |  |  |  +-BasicFetch [com.rts.tap.model.Role.department.organization.contactPersonPhone]
 |  |  |  +-BasicFetch [com.rts.tap.model.Role.department.organization.createdDate]
 |  |  |  +-BasicFetch [com.rts.tap.model.Role.department.organization.industryType]
 |  |  |  +-BasicFetch [com.rts.tap.model.Role.department.organization.logo]
 |  |  |  +-BasicFetch [com.rts.tap.model.Role.department.organization.organizationAddress]
 |  |  |  +-BasicFetch [com.rts.tap.model.Role.department.organization.organizationEstablishedDate]
 |  |  |  +-BasicFetch [com.rts.tap.model.Role.department.organization.organizationName]
 |  |  |  +-BasicFetch [com.rts.tap.model.Role.department.organization.organizationStatus]
 |  |  |  +-BasicFetch [com.rts.tap.model.Role.department.organization.organizationWebsiteUrl]
 |  |  |  +-BasicFetch [com.rts.tap.model.Role.department.organization.size]
 |  |  |  \-BasicFetch [com.rts.tap.model.Role.department.organization.updatedDate]
 |  |  \-BasicFetch [com.rts.tap.model.Role.department.updatedDate]
 |  +-BasicFetch [com.rts.tap.model.Role.roleDescription]
 |  \-BasicFetch [com.rts.tap.model.Role.roleName]

2025-02-03 12:08:31 [main] DEBUG org.hibernate.orm.sql.ast.tree - SQL AST Tree:
    SelectStatement {
      FromClause {
        StandardTableGroup (r1 : com.rts.tap.model.Role) {
          primaryTableReference : roles as r1_0
          TableGroupJoins {
            left  join LazyTableGroup (d1 : com.rts.tap.model.Role.department) {
              primaryTableReference : departments as d1_0
              TableGroupJoins {
                left  join LazyTableGroup (o1 : com.rts.tap.model.Role.department.organization) {
                  primaryTableReference : organizations as o1_0
                }
              }
            }
          }
        }
      }
    }

2025-02-03 12:08:31 [main] DEBUG o.h.p.entity.AbstractEntityPersister - Static SQL for entity: com.rts.tap.model.Role
2025-02-03 12:08:31 [main] DEBUG o.h.p.entity.AbstractEntityPersister -  Version select: select role_id from roles where role_id=?
2025-02-03 12:08:31 [main] DEBUG o.h.p.entity.AbstractEntityPersister -  Insert (0): insert into roles (department_id,role_description,role_name) values (?,?,?)
2025-02-03 12:08:31 [main] DEBUG o.h.p.entity.AbstractEntityPersister -  Update (0): update roles set department_id=?,role_description=?,role_name=? where role_id=?
2025-02-03 12:08:31 [main] DEBUG o.h.p.entity.AbstractEntityPersister -  Delete (0): delete from roles where role_id=?
2025-02-03 12:08:31 [main] DEBUG org.hibernate.orm.sql.ast.create - Created new SQL alias : vp1_0
2025-02-03 12:08:31 [main] DEBUG org.hibernate.orm.sql.ast.create - Registration of TableGroup [StandardTableGroup(com.rts.tap.model.VendorPerformance)] with identifierForTableGroup [com.rts.tap.model.VendorPerformance] for NavigablePath [com.rts.tap.model.VendorPerformance] 
2025-02-03 12:08:31 [main] DEBUG org.hibernate.orm.sql.ast.create - Registration of TableGroup [org.hibernate.sql.ast.tree.from.LazyTableGroup@470a2845] with identifierForTableGroup [com.rts.tap.model.VendorPerformance.vendor] for NavigablePath [com.rts.tap.model.VendorPerformance.vendor] 
2025-02-03 12:08:31 [main] DEBUG org.hibernate.orm.sql.ast.create - Created new SQL alias : v1_0
2025-02-03 12:08:31 [main] DEBUG org.hibernate.orm.sql.ast.create - Registration of TableGroup [org.hibernate.sql.ast.tree.from.LazyTableGroup@589c648] with identifierForTableGroup [com.rts.tap.model.VendorPerformance.vendor.thirdPartyCredentitals] for NavigablePath [com.rts.tap.model.VendorPerformance.vendor.thirdPartyCredentitals] 
2025-02-03 12:08:31 [main] DEBUG org.hibernate.orm.sql.ast.create - Created new SQL alias : tpc1_0
2025-02-03 12:08:31 [main] DEBUG org.hibernate.orm.sql.ast.create - Registration of TableGroup [org.hibernate.sql.ast.tree.from.LazyTableGroup@21e72fb2] with identifierForTableGroup [com.rts.tap.model.VendorPerformance.vendor.thirdPartyCredentitals.role] for NavigablePath [com.rts.tap.model.VendorPerformance.vendor.thirdPartyCredentitals.role] 
2025-02-03 12:08:31 [main] DEBUG org.hibernate.orm.results.graph.AST - DomainResult Graph:
 \-EntityResultImpl [com.rts.tap.model.VendorPerformance]
 |  +-BasicFetch [com.rts.tap.model.VendorPerformance.grade]
 |  +-BasicFetch [com.rts.tap.model.VendorPerformance.overallPerformance]
 |  +-BasicFetch [com.rts.tap.model.VendorPerformance.updatedDate]
 |  \-EntityFetchJoinedImpl [com.rts.tap.model.VendorPerformance.vendor]
 |  |  +-BasicFetch [com.rts.tap.model.VendorPerformance.vendor.address]
 |  |  +-BasicFetch [com.rts.tap.model.VendorPerformance.vendor.contactName]
 |  |  +-BasicFetch [com.rts.tap.model.VendorPerformance.vendor.contactNumber]
 |  |  +-BasicFetch [com.rts.tap.model.VendorPerformance.vendor.isPasswordChanged]
 |  |  +-BasicFetch [com.rts.tap.model.VendorPerformance.vendor.organizationName]
 |  |  +-BasicFetch [com.rts.tap.model.VendorPerformance.vendor.taxIdentifyNumber]
 |  |  +-EntityFetchJoinedImpl [com.rts.tap.model.VendorPerformance.vendor.thirdPartyCredentitals]
 |  |  |  +-BasicFetch [com.rts.tap.model.VendorPerformance.vendor.thirdPartyCredentitals.email]
 |  |  |  +-BasicFetch [com.rts.tap.model.VendorPerformance.vendor.thirdPartyCredentitals.expirationTime]
 |  |  |  +-BasicFetch [com.rts.tap.model.VendorPerformance.vendor.thirdPartyCredentitals.isPasswordChanged]
 |  |  |  +-BasicFetch [com.rts.tap.model.VendorPerformance.vendor.thirdPartyCredentitals.otp]
 |  |  |  +-BasicFetch [com.rts.tap.model.VendorPerformance.vendor.thirdPartyCredentitals.password]
 |  |  |  +-EntityFetchSelectImpl [com.rts.tap.model.VendorPerformance.vendor.thirdPartyCredentitals.role]
 |  |  |  \-BasicFetch [com.rts.tap.model.VendorPerformance.vendor.thirdPartyCredentitals.username]
 |  |  +-BasicFetch [com.rts.tap.model.VendorPerformance.vendor.vendorOrganizationLogo]
 |  |  \-BasicFetch [com.rts.tap.model.VendorPerformance.vendor.websiteUrl]

2025-02-03 12:08:31 [main] DEBUG org.hibernate.orm.sql.ast.tree - SQL AST Tree:
    SelectStatement {
      FromClause {
        StandardTableGroup (vp1 : com.rts.tap.model.VendorPerformance) {
          primaryTableReference : vendor_performance as vp1_0
          TableGroupJoins {
            left  join LazyTableGroup (v1 : com.rts.tap.model.VendorPerformance.vendor) {
              primaryTableReference : vendors as v1_0
              TableGroupJoins {
                left  join LazyTableGroup (tpc1 : com.rts.tap.model.VendorPerformance.vendor.thirdPartyCredentitals) {
                  primaryTableReference : third_party_credentials as tpc1_0
                  TableGroupJoins {
                    left  join LazyTableGroup (r1 : com.rts.tap.model.VendorPerformance.vendor.thirdPartyCredentitals.role) {
                    }
                  }
                }
              }
            }
          }
        }
      }
    }

2025-02-03 12:08:31 [main] DEBUG o.h.p.entity.AbstractEntityPersister - Static SQL for entity: com.rts.tap.model.VendorPerformance
2025-02-03 12:08:31 [main] DEBUG o.h.p.entity.AbstractEntityPersister -  Version select: select vendor_performance_id from vendor_performance where vendor_performance_id=?
2025-02-03 12:08:31 [main] DEBUG o.h.p.entity.AbstractEntityPersister -  Insert (0): insert into vendor_performance (grade,overall_performance,updated_date,vendor_id) values (?,?,?,?)
2025-02-03 12:08:31 [main] DEBUG o.h.p.entity.AbstractEntityPersister -  Update (0): update vendor_performance set grade=?,overall_performance=?,updated_date=?,vendor_id=? where vendor_performance_id=?
2025-02-03 12:08:31 [main] DEBUG o.h.p.entity.AbstractEntityPersister -  Delete (0): delete from vendor_performance where vendor_performance_id=?
2025-02-03 12:08:31 [main] DEBUG org.hibernate.orm.sql.ast.create - Created new SQL alias : m1_0
2025-02-03 12:08:31 [main] DEBUG org.hibernate.orm.sql.ast.create - Registration of TableGroup [StandardTableGroup(com.rts.tap.model.MRFStatus)] with identifierForTableGroup [com.rts.tap.model.MRFStatus] for NavigablePath [com.rts.tap.model.MRFStatus] 
2025-02-03 12:08:31 [main] DEBUG org.hibernate.orm.results.graph.AST - DomainResult Graph:
 \-EntityResultImpl [com.rts.tap.model.MRFStatus]
 |  +-BasicFetch [com.rts.tap.model.MRFStatus.descriptionForChanges]
 |  +-BasicFetch [com.rts.tap.model.MRFStatus.mrfApprovalStatus]
 |  +-BasicFetch [com.rts.tap.model.MRFStatus.mrfStage]
 |  +-BasicFetch [com.rts.tap.model.MRFStatus.mrfType]
 |  +-BasicFetch [com.rts.tap.model.MRFStatus.reasonForLost]
 |  \-BasicFetch [com.rts.tap.model.MRFStatus.requirementFilled]

2025-02-03 12:08:31 [main] DEBUG org.hibernate.orm.sql.ast.tree - SQL AST Tree:
    SelectStatement {
      FromClause {
        StandardTableGroup (m1 : com.rts.tap.model.MRFStatus) {
          primaryTableReference : mrf_status_table as m1_0
        }
      }
    }

2025-02-03 12:08:31 [main] DEBUG o.h.p.entity.AbstractEntityPersister - Static SQL for entity: com.rts.tap.model.MRFStatus
2025-02-03 12:08:31 [main] DEBUG o.h.p.entity.AbstractEntityPersister -  Version select: select mrf_status_id from mrf_status_table where mrf_status_id=?
2025-02-03 12:08:31 [main] DEBUG o.h.p.entity.AbstractEntityPersister -  Insert (0): insert into mrf_status_table (description_for_changes,mrf_approval_status,mrf_stage,mrf_type,reason_for_lost,requirement_filled) values (?,?,?,?,?,?)
2025-02-03 12:08:31 [main] DEBUG o.h.p.entity.AbstractEntityPersister -  Update (0): update mrf_status_table set description_for_changes=?,mrf_approval_status=?,mrf_stage=?,mrf_type=?,reason_for_lost=?,requirement_filled=? where mrf_status_id=?
2025-02-03 12:08:31 [main] DEBUG o.h.p.entity.AbstractEntityPersister -  Delete (0): delete from mrf_status_table where mrf_status_id=?
2025-02-03 12:08:31 [main] DEBUG org.hibernate.orm.sql.ast.create - Created new SQL alias : jp1_0
2025-02-03 12:08:31 [main] DEBUG org.hibernate.orm.sql.ast.create - Registration of TableGroup [StandardTableGroup(com.rts.tap.model.JobPosting)] with identifierForTableGroup [com.rts.tap.model.JobPosting] for NavigablePath [com.rts.tap.model.JobPosting] 
2025-02-03 12:08:31 [main] DEBUG org.hibernate.orm.sql.ast.create - Registration of TableGroup [org.hibernate.sql.ast.tree.from.LazyTableGroup@64b6d6dd] with identifierForTableGroup [com.rts.tap.model.JobPosting.mrf] for NavigablePath [com.rts.tap.model.JobPosting.mrf] 
2025-02-03 12:08:31 [main] DEBUG org.hibernate.orm.sql.ast.create - Created new SQL alias : m1_0
2025-02-03 12:08:31 [main] DEBUG org.hibernate.orm.sql.ast.create - Registration of TableGroup [org.hibernate.sql.ast.tree.from.LazyTableGroup@1181a376] with identifierForTableGroup [com.rts.tap.model.JobPosting.mrf.businessUnitHead] for NavigablePath [com.rts.tap.model.JobPosting.mrf.businessUnitHead] 
2025-02-03 12:08:31 [main] DEBUG org.hibernate.orm.sql.ast.create - Created new SQL alias : buh1_0
2025-02-03 12:08:31 [main] DEBUG org.hibernate.orm.sql.ast.create - Registration of TableGroup [org.hibernate.sql.ast.tree.from.LazyTableGroup@ef09e1] with identifierForTableGroup [com.rts.tap.model.JobPosting.mrf.businessUnitHead.businessUnit] for NavigablePath [com.rts.tap.model.JobPosting.mrf.businessUnitHead.businessUnit] 
2025-02-03 12:08:31 [main] DEBUG org.hibernate.orm.sql.ast.create - Registration of TableGroup [org.hibernate.sql.ast.tree.from.LazyTableGroup@5b628376] with identifierForTableGroup [com.rts.tap.model.JobPosting.mrf.businessUnitHead.personalInfo] for NavigablePath [com.rts.tap.model.JobPosting.mrf.businessUnitHead.personalInfo] 
2025-02-03 12:08:31 [main] DEBUG org.hibernate.orm.sql.ast.create - Registration of TableGroup [org.hibernate.sql.ast.tree.from.LazyTableGroup@930b6f9] with identifierForTableGroup [com.rts.tap.model.JobPosting.mrf.businessUnitHead.role] for NavigablePath [com.rts.tap.model.JobPosting.mrf.businessUnitHead.role] 
2025-02-03 12:08:31 [main] DEBUG org.hibernate.orm.sql.ast.create - Registration of TableGroup [org.hibernate.sql.ast.tree.from.LazyTableGroup@15363eba] with identifierForTableGroup [com.rts.tap.model.JobPosting.mrf.clientPartner] for NavigablePath [com.rts.tap.model.JobPosting.mrf.clientPartner] 
2025-02-03 12:08:31 [main] DEBUG org.hibernate.orm.sql.ast.create - Created new SQL alias : cp1_0
2025-02-03 12:08:31 [main] DEBUG org.hibernate.orm.sql.ast.create - Registration of TableGroup [org.hibernate.sql.ast.tree.from.LazyTableGroup@6d6e8dfc] with identifierForTableGroup [com.rts.tap.model.JobPosting.mrf.clientPartner.businessUnit] for NavigablePath [com.rts.tap.model.JobPosting.mrf.clientPartner.businessUnit] 
2025-02-03 12:08:31 [main] DEBUG org.hibernate.orm.sql.ast.create - Registration of TableGroup [org.hibernate.sql.ast.tree.from.LazyTableGroup@2258ca14] with identifierForTableGroup [com.rts.tap.model.JobPosting.mrf.clientPartner.personalInfo] for NavigablePath [com.rts.tap.model.JobPosting.mrf.clientPartner.personalInfo] 
2025-02-03 12:08:31 [main] DEBUG org.hibernate.orm.sql.ast.create - Registration of TableGroup [org.hibernate.sql.ast.tree.from.LazyTableGroup@2e5337d8] with identifierForTableGroup [com.rts.tap.model.JobPosting.mrf.clientPartner.role] for NavigablePath [com.rts.tap.model.JobPosting.mrf.clientPartner.role] 
2025-02-03 12:08:31 [main] DEBUG org.hibernate.orm.sql.ast.create - Registration of TableGroup [org.hibernate.sql.ast.tree.from.LazyTableGroup@ab40f46] with identifierForTableGroup [com.rts.tap.model.JobPosting.mrf.mrfAgreement] for NavigablePath [com.rts.tap.model.JobPosting.mrf.mrfAgreement] 
2025-02-03 12:08:31 [main] DEBUG org.hibernate.orm.sql.ast.create - Created new SQL alias : ma1_0
2025-02-03 12:08:31 [main] DEBUG org.hibernate.orm.sql.ast.create - Registration of TableGroup [org.hibernate.sql.ast.tree.from.LazyTableGroup@13ac7281] with identifierForTableGroup [com.rts.tap.model.JobPosting.mrf.mrfCriteria] for NavigablePath [com.rts.tap.model.JobPosting.mrf.mrfCriteria] 
2025-02-03 12:08:31 [main] DEBUG org.hibernate.orm.sql.ast.create - Created new SQL alias : mc1_0
2025-02-03 12:08:31 [main] DEBUG org.hibernate.orm.sql.ast.create - Registration of TableGroup [org.hibernate.sql.ast.tree.from.LazyTableGroup@7740028a] with identifierForTableGroup [com.rts.tap.model.JobPosting.mrf.mrfJd] for NavigablePath [com.rts.tap.model.JobPosting.mrf.mrfJd] 
2025-02-03 12:08:31 [main] DEBUG org.hibernate.orm.sql.ast.create - Created new SQL alias : mj1_0
2025-02-03 12:08:31 [main] DEBUG org.hibernate.orm.sql.ast.create - Registration of TableGroup [org.hibernate.sql.ast.tree.from.LazyTableGroup@409a164d] with identifierForTableGroup [com.rts.tap.model.JobPosting.mrf.mrfStatus] for NavigablePath [com.rts.tap.model.JobPosting.mrf.mrfStatus] 
2025-02-03 12:08:31 [main] DEBUG org.hibernate.orm.sql.ast.create - Created new SQL alias : ms1_0
2025-02-03 12:08:31 [main] DEBUG org.hibernate.orm.sql.ast.create - Registration of TableGroup [org.hibernate.sql.ast.tree.from.LazyTableGroup@6a7eef27] with identifierForTableGroup [com.rts.tap.model.JobPosting.mrf.requirement] for NavigablePath [com.rts.tap.model.JobPosting.mrf.requirement] 
2025-02-03 12:08:31 [main] DEBUG org.hibernate.orm.sql.ast.create - Created new SQL alias : r3_0
2025-02-03 12:08:31 [main] DEBUG org.hibernate.orm.sql.ast.create - Registration of TableGroup [org.hibernate.sql.ast.tree.from.LazyTableGroup@1ab6a093] with identifierForTableGroup [com.rts.tap.model.JobPosting.mrf.requirement.client] for NavigablePath [com.rts.tap.model.JobPosting.mrf.requirement.client] 
2025-02-03 12:08:31 [main] DEBUG org.hibernate.orm.sql.ast.create - Registration of TableGroup [org.hibernate.sql.ast.tree.from.LazyTableGroup@6d95b51d] with identifierForTableGroup [com.rts.tap.model.JobPosting.mrf.subRequirements] for NavigablePath [com.rts.tap.model.JobPosting.mrf.subRequirements] 
2025-02-03 12:08:31 [main] DEBUG org.hibernate.orm.sql.ast.create - Created new SQL alias : sr1_0
2025-02-03 12:08:31 [main] DEBUG org.hibernate.orm.sql.ast.create - Registration of TableGroup [org.hibernate.sql.ast.tree.from.LazyTableGroup@7d2dfe9c] with identifierForTableGroup [com.rts.tap.model.JobPosting.recruiter] for NavigablePath [com.rts.tap.model.JobPosting.recruiter] 
2025-02-03 12:08:31 [main] DEBUG org.hibernate.orm.sql.ast.create - Created new SQL alias : r4_0
2025-02-03 12:08:31 [main] DEBUG org.hibernate.orm.sql.ast.create - Registration of TableGroup [org.hibernate.sql.ast.tree.from.LazyTableGroup@60b721c9] with identifierForTableGroup [com.rts.tap.model.JobPosting.recruiter.businessUnit] for NavigablePath [com.rts.tap.model.JobPosting.recruiter.businessUnit] 
2025-02-03 12:08:31 [main] DEBUG org.hibernate.orm.sql.ast.create - Registration of TableGroup [org.hibernate.sql.ast.tree.from.LazyTableGroup@4f2ab774] with identifierForTableGroup [com.rts.tap.model.JobPosting.recruiter.personalInfo] for NavigablePath [com.rts.tap.model.JobPosting.recruiter.personalInfo] 
2025-02-03 12:08:31 [main] DEBUG org.hibernate.orm.sql.ast.create - Registration of TableGroup [org.hibernate.sql.ast.tree.from.LazyTableGroup@f57ced1] with identifierForTableGroup [com.rts.tap.model.JobPosting.recruiter.role] for NavigablePath [com.rts.tap.model.JobPosting.recruiter.role] 
2025-02-03 12:08:31 [main] DEBUG org.hibernate.orm.results.graph.AST - DomainResult Graph:
 \-EntityResultImpl [com.rts.tap.model.JobPosting]
 |  +-BasicFetch [com.rts.tap.model.JobPosting.jobPoster]
 |  +-BasicFetch [com.rts.tap.model.JobPosting.jobUrl]
 |  +-EntityFetchJoinedImpl [com.rts.tap.model.JobPosting.mrf]
 |  |  +-EntityFetchJoinedImpl [com.rts.tap.model.JobPosting.mrf.businessUnitHead]
 |  |  |  +-EntityDelayedFetchImpl [com.rts.tap.model.JobPosting.mrf.businessUnitHead.businessUnit]
 |  |  |  +-BasicFetch [com.rts.tap.model.JobPosting.mrf.businessUnitHead.candidateId]
 |  |  |  +-BasicFetch [com.rts.tap.model.JobPosting.mrf.businessUnitHead.createdDate]
 |  |  |  +-DelayedCollectionFetch [com.rts.tap.model.JobPosting.mrf.businessUnitHead.documents]
 |  |  |  +-BasicFetch [com.rts.tap.model.JobPosting.mrf.businessUnitHead.employeeEmail]
 |  |  |  +-BasicFetch [com.rts.tap.model.JobPosting.mrf.businessUnitHead.employeeName]
 |  |  |  +-BasicFetch [com.rts.tap.model.JobPosting.mrf.businessUnitHead.employeeStatus]
 |  |  |  +-DelayedCollectionFetch [com.rts.tap.model.JobPosting.mrf.businessUnitHead.experience]
 |  |  |  +-DelayedCollectionFetch [com.rts.tap.model.JobPosting.mrf.businessUnitHead.familyDetails]
 |  |  |  +-BasicFetch [com.rts.tap.model.JobPosting.mrf.businessUnitHead.managerId]
 |  |  |  +-EntityDelayedFetchImpl [com.rts.tap.model.JobPosting.mrf.businessUnitHead.personalInfo]
 |  |  |  +-DelayedCollectionFetch [com.rts.tap.model.JobPosting.mrf.businessUnitHead.qualification]
 |  |  |  +-EntityDelayedFetchImpl [com.rts.tap.model.JobPosting.mrf.businessUnitHead.role]
 |  |  |  +-BasicFetch [com.rts.tap.model.JobPosting.mrf.businessUnitHead.updatedDate]
 |  |  |  \-BasicFetch [com.rts.tap.model.JobPosting.mrf.businessUnitHead.workLocation]
 |  |  +-EntityFetchJoinedImpl [com.rts.tap.model.JobPosting.mrf.clientPartner]
 |  |  |  +-EntityDelayedFetchImpl [com.rts.tap.model.JobPosting.mrf.clientPartner.businessUnit]
 |  |  |  +-BasicFetch [com.rts.tap.model.JobPosting.mrf.clientPartner.candidateId]
 |  |  |  +-BasicFetch [com.rts.tap.model.JobPosting.mrf.clientPartner.createdDate]
 |  |  |  +-DelayedCollectionFetch [com.rts.tap.model.JobPosting.mrf.clientPartner.documents]
 |  |  |  +-BasicFetch [com.rts.tap.model.JobPosting.mrf.clientPartner.employeeEmail]
 |  |  |  +-BasicFetch [com.rts.tap.model.JobPosting.mrf.clientPartner.employeeName]
 |  |  |  +-BasicFetch [com.rts.tap.model.JobPosting.mrf.clientPartner.employeeStatus]
 |  |  |  +-DelayedCollectionFetch [com.rts.tap.model.JobPosting.mrf.clientPartner.experience]
 |  |  |  +-DelayedCollectionFetch [com.rts.tap.model.JobPosting.mrf.clientPartner.familyDetails]
 |  |  |  +-BasicFetch [com.rts.tap.model.JobPosting.mrf.clientPartner.managerId]
 |  |  |  +-EntityDelayedFetchImpl [com.rts.tap.model.JobPosting.mrf.clientPartner.personalInfo]
 |  |  |  +-DelayedCollectionFetch [com.rts.tap.model.JobPosting.mrf.clientPartner.qualification]
 |  |  |  +-EntityDelayedFetchImpl [com.rts.tap.model.JobPosting.mrf.clientPartner.role]
 |  |  |  +-BasicFetch [com.rts.tap.model.JobPosting.mrf.clientPartner.updatedDate]
 |  |  |  \-BasicFetch [com.rts.tap.model.JobPosting.mrf.clientPartner.workLocation]
 |  |  +-BasicFetch [com.rts.tap.model.JobPosting.mrf.createdAt]
 |  |  +-EntityFetchJoinedImpl [com.rts.tap.model.JobPosting.mrf.mrfAgreement]
 |  |  |  +-BasicFetch [com.rts.tap.model.JobPosting.mrf.mrfAgreement.billingCycle]
 |  |  |  +-BasicFetch [com.rts.tap.model.JobPosting.mrf.mrfAgreement.mrfTemplate]
 |  |  |  +-BasicFetch [com.rts.tap.model.JobPosting.mrf.mrfAgreement.negotiatedPricePoint]
 |  |  |  +-BasicFetch [com.rts.tap.model.JobPosting.mrf.mrfAgreement.proposedBudget]
 |  |  |  \-BasicFetch [com.rts.tap.model.JobPosting.mrf.mrfAgreement.serviceLevelAgreement]
 |  |  +-EntityFetchJoinedImpl [com.rts.tap.model.JobPosting.mrf.mrfCriteria]
 |  |  |  +-BasicFetch [com.rts.tap.model.JobPosting.mrf.mrfCriteria.IsCertificationNeeded]
 |  |  |  +-BasicFetch [com.rts.tap.model.JobPosting.mrf.mrfCriteria.IsVisaRequired]
 |  |  |  +-BasicFetch [com.rts.tap.model.JobPosting.mrf.mrfCriteria.certificate]
 |  |  |  +-BasicFetch [com.rts.tap.model.JobPosting.mrf.mrfCriteria.closureDate]
 |  |  |  +-BasicFetch [com.rts.tap.model.JobPosting.mrf.mrfCriteria.contractStartDate]
 |  |  |  +-BasicFetch [com.rts.tap.model.JobPosting.mrf.mrfCriteria.educationalQualification]
 |  |  |  +-BasicFetch [com.rts.tap.model.JobPosting.mrf.mrfCriteria.employmentMode]
 |  |  |  +-BasicFetch [com.rts.tap.model.JobPosting.mrf.mrfCriteria.jobLocation]
 |  |  |  +-BasicFetch [com.rts.tap.model.JobPosting.mrf.mrfCriteria.maximumCTC]
 |  |  |  +-BasicFetch [com.rts.tap.model.JobPosting.mrf.mrfCriteria.minimumCTC]
 |  |  |  +-BasicFetch [com.rts.tap.model.JobPosting.mrf.mrfCriteria.mrfLossOrProfit]
 |  |  |  +-BasicFetch [com.rts.tap.model.JobPosting.mrf.mrfCriteria.visaType]
 |  |  |  \-BasicFetch [com.rts.tap.model.JobPosting.mrf.mrfCriteria.yearsOfExperience]
 |  |  +-BasicFetch [com.rts.tap.model.JobPosting.mrf.mrfDepartmentName]
 |  |  +-EntityFetchJoinedImpl [com.rts.tap.model.JobPosting.mrf.mrfJd]
 |  |  |  +-BasicFetch [com.rts.tap.model.JobPosting.mrf.mrfJd.jobParameter]
 |  |  |  +-BasicFetch [com.rts.tap.model.JobPosting.mrf.mrfJd.jobTitle]
 |  |  |  \-BasicFetch [com.rts.tap.model.JobPosting.mrf.mrfJd.rolesAndResponsibilities]
 |  |  +-BasicFetch [com.rts.tap.model.JobPosting.mrf.mrfRequiredTechnology]
 |  |  +-EntityFetchJoinedImpl [com.rts.tap.model.JobPosting.mrf.mrfStatus]
 |  |  |  +-BasicFetch [com.rts.tap.model.JobPosting.mrf.mrfStatus.descriptionForChanges]
 |  |  |  +-BasicFetch [com.rts.tap.model.JobPosting.mrf.mrfStatus.mrfApprovalStatus]
 |  |  |  +-BasicFetch [com.rts.tap.model.JobPosting.mrf.mrfStatus.mrfStage]
 |  |  |  +-BasicFetch [com.rts.tap.model.JobPosting.mrf.mrfStatus.mrfType]
 |  |  |  +-BasicFetch [com.rts.tap.model.JobPosting.mrf.mrfStatus.reasonForLost]
 |  |  |  \-BasicFetch [com.rts.tap.model.JobPosting.mrf.mrfStatus.requirementFilled]
 |  |  +-BasicFetch [com.rts.tap.model.JobPosting.mrf.probableDesignation]
 |  |  +-BasicFetch [com.rts.tap.model.JobPosting.mrf.requiredResourceCount]
 |  |  +-BasicFetch [com.rts.tap.model.JobPosting.mrf.requiredSkills]
 |  |  +-EntityFetchJoinedImpl [com.rts.tap.model.JobPosting.mrf.requirement]
 |  |  |  +-BasicFetch [com.rts.tap.model.JobPosting.mrf.requirement.budget]
 |  |  |  +-EntityFetchSelectImpl [com.rts.tap.model.JobPosting.mrf.requirement.client]
 |  |  |  +-BasicFetch [com.rts.tap.model.JobPosting.mrf.requirement.createdAt]
 |  |  |  +-DelayedCollectionFetch [com.rts.tap.model.JobPosting.mrf.requirement.subrequirement]
 |  |  |  +-BasicFetch [com.rts.tap.model.JobPosting.mrf.requirement.timeline]
 |  |  |  \-BasicFetch [com.rts.tap.model.JobPosting.mrf.requirement.totalRequiredResourceCount]
 |  |  +-EntityFetchJoinedImpl [com.rts.tap.model.JobPosting.mrf.subRequirements]
 |  |  |  +-BasicFetch [com.rts.tap.model.JobPosting.mrf.subRequirements.resourceCount]
 |  |  |  \-BasicFetch [com.rts.tap.model.JobPosting.mrf.subRequirements.role]
 |  |  \-BasicFetch [com.rts.tap.model.JobPosting.mrf.updatedAt]
 |  \-EntityFetchJoinedImpl [com.rts.tap.model.JobPosting.recruiter]
 |  |  +-EntityDelayedFetchImpl [com.rts.tap.model.JobPosting.recruiter.businessUnit]
 |  |  +-BasicFetch [com.rts.tap.model.JobPosting.recruiter.candidateId]
 |  |  +-BasicFetch [com.rts.tap.model.JobPosting.recruiter.createdDate]
 |  |  +-DelayedCollectionFetch [com.rts.tap.model.JobPosting.recruiter.documents]
 |  |  +-BasicFetch [com.rts.tap.model.JobPosting.recruiter.employeeEmail]
 |  |  +-BasicFetch [com.rts.tap.model.JobPosting.recruiter.employeeName]
 |  |  +-BasicFetch [com.rts.tap.model.JobPosting.recruiter.employeeStatus]
 |  |  +-DelayedCollectionFetch [com.rts.tap.model.JobPosting.recruiter.experience]
 |  |  +-DelayedCollectionFetch [com.rts.tap.model.JobPosting.recruiter.familyDetails]
 |  |  +-BasicFetch [com.rts.tap.model.JobPosting.recruiter.managerId]
 |  |  +-EntityDelayedFetchImpl [com.rts.tap.model.JobPosting.recruiter.personalInfo]
 |  |  +-DelayedCollectionFetch [com.rts.tap.model.JobPosting.recruiter.qualification]
 |  |  +-EntityDelayedFetchImpl [com.rts.tap.model.JobPosting.recruiter.role]
 |  |  +-BasicFetch [com.rts.tap.model.JobPosting.recruiter.updatedDate]
 |  |  \-BasicFetch [com.rts.tap.model.JobPosting.recruiter.workLocation]

2025-02-03 12:08:31 [main] DEBUG org.hibernate.orm.sql.ast.tree - SQL AST Tree:
    SelectStatement {
      FromClause {
        StandardTableGroup (jp1 : com.rts.tap.model.JobPosting) {
          primaryTableReference : job_posting as jp1_0
          TableGroupJoins {
            left  join LazyTableGroup (m1 : com.rts.tap.model.JobPosting.mrf) {
              primaryTableReference : mrf_table as m1_0
              TableGroupJoins {
                left  join LazyTableGroup (buh1 : com.rts.tap.model.JobPosting.mrf.businessUnitHead) {
                  primaryTableReference : employees as buh1_0
                  TableGroupJoins {
                    left  join LazyTableGroup (bu1 : com.rts.tap.model.JobPosting.mrf.businessUnitHead.businessUnit) {
                    }
                    left  join LazyTableGroup (pi1 : com.rts.tap.model.JobPosting.mrf.businessUnitHead.personalInfo) {
                    }
                    left  join LazyTableGroup (r1 : com.rts.tap.model.JobPosting.mrf.businessUnitHead.role) {
                    }
                  }
                }
                left  join LazyTableGroup (cp1 : com.rts.tap.model.JobPosting.mrf.clientPartner) {
                  primaryTableReference : employees as cp1_0
                  TableGroupJoins {
                    left  join LazyTableGroup (bu2 : com.rts.tap.model.JobPosting.mrf.clientPartner.businessUnit) {
                    }
                    left  join LazyTableGroup (pi2 : com.rts.tap.model.JobPosting.mrf.clientPartner.personalInfo) {
                    }
                    left  join LazyTableGroup (r2 : com.rts.tap.model.JobPosting.mrf.clientPartner.role) {
                    }
                  }
                }
                left  join LazyTableGroup (ma1 : com.rts.tap.model.JobPosting.mrf.mrfAgreement) {
                  primaryTableReference : mrf_agreement_table as ma1_0
                }
                left  join LazyTableGroup (mc1 : com.rts.tap.model.JobPosting.mrf.mrfCriteria) {
                  primaryTableReference : mrf_criteria_table as mc1_0
                }
                left  join LazyTableGroup (mj1 : com.rts.tap.model.JobPosting.mrf.mrfJd) {
                  primaryTableReference : mrf_jd as mj1_0
                }
                left  join LazyTableGroup (ms1 : com.rts.tap.model.JobPosting.mrf.mrfStatus) {
                  primaryTableReference : mrf_status_table as ms1_0
                }
                left  join LazyTableGroup (r3 : com.rts.tap.model.JobPosting.mrf.requirement) {
                  primaryTableReference : requirements as r3_0
                  TableGroupJoins {
                    left  join LazyTableGroup (c1 : com.rts.tap.model.JobPosting.mrf.requirement.client) {
                    }
                  }
                }
                left  join LazyTableGroup (sr1 : com.rts.tap.model.JobPosting.mrf.subRequirements) {
                  primaryTableReference : sub_requirements as sr1_0
                }
              }
            }
            left  join LazyTableGroup (r4 : com.rts.tap.model.JobPosting.recruiter) {
              primaryTableReference : employees as r4_0
              TableGroupJoins {
                left  join LazyTableGroup (bu3 : com.rts.tap.model.JobPosting.recruiter.businessUnit) {
                }
                left  join LazyTableGroup (pi3 : com.rts.tap.model.JobPosting.recruiter.personalInfo) {
                }
                left  join LazyTableGroup (r5 : com.rts.tap.model.JobPosting.recruiter.role) {
                }
              }
            }
          }
        }
      }
    }

2025-02-03 12:08:31 [main] DEBUG o.h.p.entity.AbstractEntityPersister - Static SQL for entity: com.rts.tap.model.JobPosting
2025-02-03 12:08:31 [main] DEBUG o.h.p.entity.AbstractEntityPersister -  Version select: select job_posting_id from job_posting where job_posting_id=?
2025-02-03 12:08:31 [main] DEBUG o.h.p.entity.AbstractEntityPersister -  Insert (0): insert into job_posting (job_poster,job_url,mrf_mrf_id,recruiter_employee_id) values (?,?,?,?)
2025-02-03 12:08:31 [main] DEBUG o.h.p.entity.AbstractEntityPersister -  Update (0): update job_posting set job_poster=?,job_url=?,mrf_mrf_id=?,recruiter_employee_id=? where job_posting_id=?
2025-02-03 12:08:31 [main] DEBUG o.h.p.entity.AbstractEntityPersister -  Delete (0): delete from job_posting where job_posting_id=?
2025-02-03 12:08:31 [main] DEBUG org.hibernate.orm.sql.ast.create - Created new SQL alias : b1_0
2025-02-03 12:08:31 [main] DEBUG org.hibernate.orm.sql.ast.create - Registration of TableGroup [StandardTableGroup(com.rts.tap.model.Budget)] with identifierForTableGroup [com.rts.tap.model.Budget] for NavigablePath [com.rts.tap.model.Budget] 
2025-02-03 12:08:31 [main] DEBUG org.hibernate.orm.sql.ast.create - Registration of TableGroup [org.hibernate.sql.ast.tree.from.LazyTableGroup@447cdbaa] with identifierForTableGroup [com.rts.tap.model.Budget.requirement] for NavigablePath [com.rts.tap.model.Budget.requirement] 
2025-02-03 12:08:31 [main] DEBUG org.hibernate.orm.sql.ast.create - Created new SQL alias : r1_0
2025-02-03 12:08:31 [main] DEBUG org.hibernate.orm.sql.ast.create - Registration of TableGroup [org.hibernate.sql.ast.tree.from.LazyTableGroup@5e774546] with identifierForTableGroup [com.rts.tap.model.Budget.requirement.client] for NavigablePath [com.rts.tap.model.Budget.requirement.client] 
2025-02-03 12:08:31 [main] DEBUG org.hibernate.orm.sql.ast.create - Created new SQL alias : c1_0
2025-02-03 12:08:31 [main] DEBUG org.hibernate.orm.sql.ast.create - Registration of TableGroup [org.hibernate.sql.ast.tree.from.LazyTableGroup@1243ad9a] with identifierForTableGroup [com.rts.tap.model.Budget.requirement.client.clientOrganization] for NavigablePath [com.rts.tap.model.Budget.requirement.client.clientOrganization] 
2025-02-03 12:08:31 [main] DEBUG org.hibernate.orm.sql.ast.create - Registration of TableGroup [org.hibernate.sql.ast.tree.from.LazyTableGroup@30c085f3] with identifierForTableGroup [com.rts.tap.model.Budget.requirement.client.clientPartner] for NavigablePath [com.rts.tap.model.Budget.requirement.client.clientPartner] 
2025-02-03 12:08:31 [main] DEBUG org.hibernate.orm.sql.ast.create - Registration of TableGroup [org.hibernate.sql.ast.tree.from.LazyTableGroup@5479abd8] with identifierForTableGroup [com.rts.tap.model.Budget.requirement.client.thirdPartyCredentitals] for NavigablePath [com.rts.tap.model.Budget.requirement.client.thirdPartyCredentitals] 
2025-02-03 12:08:31 [main] DEBUG org.hibernate.orm.sql.ast.create - Registration of TableGroup [org.hibernate.sql.ast.tree.from.LazyTableGroup@2004f99] with identifierForTableGroup [com.rts.tap.model.Budget.subRequirementId] for NavigablePath [com.rts.tap.model.Budget.subRequirementId] 
2025-02-03 12:08:31 [main] DEBUG org.hibernate.orm.sql.ast.create - Created new SQL alias : sri1_0
2025-02-03 12:08:31 [main] DEBUG org.hibernate.orm.results.graph.AST - DomainResult Graph:
 \-EntityResultImpl [com.rts.tap.model.Budget]
 |  +-BasicFetch [com.rts.tap.model.Budget.analyzedMaximumCTC]
 |  +-BasicFetch [com.rts.tap.model.Budget.analyzedMinimumCTC]
 |  +-BasicFetch [com.rts.tap.model.Budget.budgetForResource]
 |  +-BasicFetch [com.rts.tap.model.Budget.isNegotiable]
 |  +-EntityFetchJoinedImpl [com.rts.tap.model.Budget.requirement]
 |  |  +-BasicFetch [com.rts.tap.model.Budget.requirement.budget]
 |  |  +-EntityFetchJoinedImpl [com.rts.tap.model.Budget.requirement.client]
 |  |  |  +-BasicFetch [com.rts.tap.model.Budget.requirement.client.activationStatus]
 |  |  |  +-BasicFetch [com.rts.tap.model.Budget.requirement.client.clientEmail]
 |  |  |  +-BasicFetch [com.rts.tap.model.Budget.requirement.client.clientMobile]
 |  |  |  +-BasicFetch [com.rts.tap.model.Budget.requirement.client.clientName]
 |  |  |  +-EntityFetchSelectImpl [com.rts.tap.model.Budget.requirement.client.clientOrganization]
 |  |  |  +-EntityFetchSelectImpl [com.rts.tap.model.Budget.requirement.client.clientPartner]
 |  |  |  +-BasicFetch [com.rts.tap.model.Budget.requirement.client.clientPosition]
 |  |  |  +-BasicFetch [com.rts.tap.model.Budget.requirement.client.clientStatus]
 |  |  |  +-BasicFetch [com.rts.tap.model.Budget.requirement.client.createdAt]
 |  |  |  +-BasicFetch [com.rts.tap.model.Budget.requirement.client.expirationTime]
 |  |  |  +-BasicFetch [com.rts.tap.model.Budget.requirement.client.otp]
 |  |  |  +-BasicFetch [com.rts.tap.model.Budget.requirement.client.password]
 |  |  |  +-BasicFetch [com.rts.tap.model.Budget.requirement.client.reason]
 |  |  |  \-EntityFetchSelectImpl [com.rts.tap.model.Budget.requirement.client.thirdPartyCredentitals]
 |  |  +-BasicFetch [com.rts.tap.model.Budget.requirement.createdAt]
 |  |  +-DelayedCollectionFetch [com.rts.tap.model.Budget.requirement.subrequirement]
 |  |  +-BasicFetch [com.rts.tap.model.Budget.requirement.timeline]
 |  |  \-BasicFetch [com.rts.tap.model.Budget.requirement.totalRequiredResourceCount]
 |  +-EntityFetchJoinedImpl [com.rts.tap.model.Budget.subRequirementId]
 |  |  +-BasicFetch [com.rts.tap.model.Budget.subRequirementId.resourceCount]
 |  |  \-BasicFetch [com.rts.tap.model.Budget.subRequirementId.role]
 |  \-BasicFetch [com.rts.tap.model.Budget.yearsOfExperience]

2025-02-03 12:08:31 [main] DEBUG org.hibernate.orm.sql.ast.tree - SQL AST Tree:
    SelectStatement {
      FromClause {
        StandardTableGroup (b1 : com.rts.tap.model.Budget) {
          primaryTableReference : budget as b1_0
          TableGroupJoins {
            left  join LazyTableGroup (r1 : com.rts.tap.model.Budget.requirement) {
              primaryTableReference : requirements as r1_0
              TableGroupJoins {
                left  join LazyTableGroup (c1 : com.rts.tap.model.Budget.requirement.client) {
                  primaryTableReference : client_tbl as c1_0
                  TableGroupJoins {
                    left  join LazyTableGroup (co1 : com.rts.tap.model.Budget.requirement.client.clientOrganization) {
                    }
                    left  join LazyTableGroup (cp1 : com.rts.tap.model.Budget.requirement.client.clientPartner) {
                    }
                    left  join LazyTableGroup (tpc1 : com.rts.tap.model.Budget.requirement.client.thirdPartyCredentitals) {
                    }
                  }
                }
              }
            }
            left  join LazyTableGroup (sri1 : com.rts.tap.model.Budget.subRequirementId) {
              primaryTableReference : sub_requirements as sri1_0
            }
          }
        }
      }
    }

2025-02-03 12:08:31 [main] DEBUG o.h.p.entity.AbstractEntityPersister - Static SQL for entity: com.rts.tap.model.Budget
2025-02-03 12:08:31 [main] DEBUG o.h.p.entity.AbstractEntityPersister -  Version select: select budget_id from budget where budget_id=?
2025-02-03 12:08:31 [main] DEBUG o.h.p.entity.AbstractEntityPersister -  Insert (0): insert into budget (analyzed_maximumctc,analyzed_minimumctc,budget_for_resource,is_negotiable,requirement_id,sub_requirement_id,years_of_experience) values (?,?,?,?,?,?,?)
2025-02-03 12:08:31 [main] DEBUG o.h.p.entity.AbstractEntityPersister -  Update (0): update budget set analyzed_maximumctc=?,analyzed_minimumctc=?,budget_for_resource=?,is_negotiable=?,requirement_id=?,sub_requirement_id=?,years_of_experience=? where budget_id=?
2025-02-03 12:08:31 [main] DEBUG o.h.p.entity.AbstractEntityPersister -  Delete (0): delete from budget where budget_id=?
2025-02-03 12:08:31 [main] DEBUG org.hibernate.orm.sql.ast.create - Created new SQL alias : cs1_0
2025-02-03 12:08:31 [main] DEBUG org.hibernate.orm.sql.ast.create - Registration of TableGroup [StandardTableGroup(com.rts.tap.model.CandidateStatus)] with identifierForTableGroup [com.rts.tap.model.CandidateStatus] for NavigablePath [com.rts.tap.model.CandidateStatus] 
2025-02-03 12:08:31 [main] DEBUG org.hibernate.orm.sql.ast.create - Registration of TableGroup [org.hibernate.sql.ast.tree.from.LazyTableGroup@39fbee74] with identifierForTableGroup [com.rts.tap.model.CandidateStatus.candidate] for NavigablePath [com.rts.tap.model.CandidateStatus.candidate] 
2025-02-03 12:08:31 [main] DEBUG org.hibernate.orm.sql.ast.create - Created new SQL alias : c1_0
2025-02-03 12:08:31 [main] DEBUG org.hibernate.orm.sql.ast.create - Registration of TableGroup [org.hibernate.sql.ast.tree.from.LazyTableGroup@20c5b5f8] with identifierForTableGroup [com.rts.tap.model.CandidateStatus.candidate.credentials] for NavigablePath [com.rts.tap.model.CandidateStatus.candidate.credentials] 
2025-02-03 12:08:31 [main] DEBUG org.hibernate.orm.sql.ast.create - Created new SQL alias : c2_0
2025-02-03 12:08:31 [main] DEBUG org.hibernate.orm.sql.ast.create - Registration of TableGroup [org.hibernate.sql.ast.tree.from.LazyTableGroup@20395afe] with identifierForTableGroup [com.rts.tap.model.CandidateStatus.candidate.credentials.role] for NavigablePath [com.rts.tap.model.CandidateStatus.candidate.credentials.role] 
2025-02-03 12:08:31 [main] DEBUG org.hibernate.orm.sql.ast.create - Registration of TableGroup [org.hibernate.sql.ast.tree.from.LazyTableGroup@2dfdea3a] with identifierForTableGroup [com.rts.tap.model.CandidateStatus.candidate.documents] for NavigablePath [com.rts.tap.model.CandidateStatus.candidate.documents] 
2025-02-03 12:08:31 [main] DEBUG org.hibernate.orm.sql.ast.create - Registration of TableGroup [org.hibernate.sql.ast.tree.from.LazyTableGroup@4b1339bf] with identifierForTableGroup [com.rts.tap.model.CandidateStatus.recruiter] for NavigablePath [com.rts.tap.model.CandidateStatus.recruiter] 
2025-02-03 12:08:31 [main] DEBUG org.hibernate.orm.sql.ast.create - Created new SQL alias : r2_0
2025-02-03 12:08:31 [main] DEBUG org.hibernate.orm.sql.ast.create - Registration of TableGroup [org.hibernate.sql.ast.tree.from.LazyTableGroup@46f43f50] with identifierForTableGroup [com.rts.tap.model.CandidateStatus.recruiter.businessUnit] for NavigablePath [com.rts.tap.model.CandidateStatus.recruiter.businessUnit] 
2025-02-03 12:08:31 [main] DEBUG org.hibernate.orm.sql.ast.create - Registration of TableGroup [org.hibernate.sql.ast.tree.from.LazyTableGroup@2cf073da] with identifierForTableGroup [com.rts.tap.model.CandidateStatus.recruiter.personalInfo] for NavigablePath [com.rts.tap.model.CandidateStatus.recruiter.personalInfo] 
2025-02-03 12:08:31 [main] DEBUG org.hibernate.orm.sql.ast.create - Registration of TableGroup [org.hibernate.sql.ast.tree.from.LazyTableGroup@6e1ef044] with identifierForTableGroup [com.rts.tap.model.CandidateStatus.recruiter.role] for NavigablePath [com.rts.tap.model.CandidateStatus.recruiter.role] 
2025-02-03 12:08:31 [main] DEBUG org.hibernate.orm.results.graph.AST - DomainResult Graph:
 \-EntityResultImpl [com.rts.tap.model.CandidateStatus]
 |  +-EntityFetchJoinedImpl [com.rts.tap.model.CandidateStatus.candidate]
 |  |  +-BasicFetch [com.rts.tap.model.CandidateStatus.candidate.Education]
 |  |  +-DelayedCollectionFetch [com.rts.tap.model.CandidateStatus.candidate.MrfJd]
 |  |  +-BasicFetch [com.rts.tap.model.CandidateStatus.candidate.assignedAt]
 |  |  +-BasicFetch [com.rts.tap.model.CandidateStatus.candidate.candidate360Id]
 |  |  +-BasicFetch [com.rts.tap.model.CandidateStatus.candidate.candidateProfileImage]
 |  |  +-DelayedCollectionFetch [com.rts.tap.model.CandidateStatus.candidate.certifications]
 |  |  +-EntityFetchJoinedImpl [com.rts.tap.model.CandidateStatus.candidate.credentials]
 |  |  |  +-BasicFetch [com.rts.tap.model.CandidateStatus.candidate.credentials.email]
 |  |  |  +-BasicFetch [com.rts.tap.model.CandidateStatus.candidate.credentials.expirationTime]
 |  |  |  +-BasicFetch [com.rts.tap.model.CandidateStatus.candidate.credentials.isPasswordChanged]
 |  |  |  +-BasicFetch [com.rts.tap.model.CandidateStatus.candidate.credentials.otp]
 |  |  |  +-BasicFetch [com.rts.tap.model.CandidateStatus.candidate.credentials.password]
 |  |  |  +-EntityFetchSelectImpl [com.rts.tap.model.CandidateStatus.candidate.credentials.role]
 |  |  |  \-BasicFetch [com.rts.tap.model.CandidateStatus.candidate.credentials.username]
 |  |  +-BasicFetch [com.rts.tap.model.CandidateStatus.candidate.currentCTC]
 |  |  +-BasicFetch [com.rts.tap.model.CandidateStatus.candidate.currentCompany]
 |  |  +-BasicFetch [com.rts.tap.model.CandidateStatus.candidate.currentLocation]
 |  |  +-EntityDelayedFetchImpl [com.rts.tap.model.CandidateStatus.candidate.documents]
 |  |  +-BasicFetch [com.rts.tap.model.CandidateStatus.candidate.email]
 |  |  +-BasicFetch [com.rts.tap.model.CandidateStatus.candidate.employementMode]
 |  |  +-BasicFetch [com.rts.tap.model.CandidateStatus.candidate.expectedCTC]
 |  |  +-BasicFetch [com.rts.tap.model.CandidateStatus.candidate.firstName]
 |  |  +-BasicFetch [com.rts.tap.model.CandidateStatus.candidate.gender]
 |  |  +-BasicFetch [com.rts.tap.model.CandidateStatus.candidate.isMatchingMrf]
 |  |  +-BasicFetch [com.rts.tap.model.CandidateStatus.candidate.isPasswordChanged]
 |  |  +-BasicFetch [com.rts.tap.model.CandidateStatus.candidate.lastName]
 |  |  +-BasicFetch [com.rts.tap.model.CandidateStatus.candidate.location]
 |  |  +-BasicFetch [com.rts.tap.model.CandidateStatus.candidate.mobileNumber]
 |  |  +-BasicFetch [com.rts.tap.model.CandidateStatus.candidate.noticePeriod]
 |  |  +-BasicFetch [com.rts.tap.model.CandidateStatus.candidate.panNumber]
 |  |  +-BasicFetch [com.rts.tap.model.CandidateStatus.candidate.password]
 |  |  +-BasicFetch [com.rts.tap.model.CandidateStatus.candidate.previousRole]
 |  |  +-BasicFetch [com.rts.tap.model.CandidateStatus.candidate.relevantExperience]
 |  |  +-BasicFetch [com.rts.tap.model.CandidateStatus.candidate.relocate]
 |  |  +-BasicFetch [com.rts.tap.model.CandidateStatus.candidate.resume]
 |  |  +-BasicFetch [com.rts.tap.model.CandidateStatus.candidate.skill]
 |  |  +-BasicFetch [com.rts.tap.model.CandidateStatus.candidate.source]
 |  |  +-BasicFetch [com.rts.tap.model.CandidateStatus.candidate.sourceId]
 |  |  +-BasicFetch [com.rts.tap.model.CandidateStatus.candidate.status]
 |  |  +-BasicFetch [com.rts.tap.model.CandidateStatus.candidate.totalExperience]
 |  |  \-BasicFetch [com.rts.tap.model.CandidateStatus.candidate.visaDetails]
 |  +-BasicFetch [com.rts.tap.model.CandidateStatus.designation]
 |  +-BasicFetch [com.rts.tap.model.CandidateStatus.level]
 |  +-BasicFetch [com.rts.tap.model.CandidateStatus.mrfId]
 |  +-BasicFetch [com.rts.tap.model.CandidateStatus.reason]
 |  +-EntityFetchJoinedImpl [com.rts.tap.model.CandidateStatus.recruiter]
 |  |  +-EntityDelayedFetchImpl [com.rts.tap.model.CandidateStatus.recruiter.businessUnit]
 |  |  +-BasicFetch [com.rts.tap.model.CandidateStatus.recruiter.candidateId]
 |  |  +-BasicFetch [com.rts.tap.model.CandidateStatus.recruiter.createdDate]
 |  |  +-DelayedCollectionFetch [com.rts.tap.model.CandidateStatus.recruiter.documents]
 |  |  +-BasicFetch [com.rts.tap.model.CandidateStatus.recruiter.employeeEmail]
 |  |  +-BasicFetch [com.rts.tap.model.CandidateStatus.recruiter.employeeName]
 |  |  +-BasicFetch [com.rts.tap.model.CandidateStatus.recruiter.employeeStatus]
 |  |  +-DelayedCollectionFetch [com.rts.tap.model.CandidateStatus.recruiter.experience]
 |  |  +-DelayedCollectionFetch [com.rts.tap.model.CandidateStatus.recruiter.familyDetails]
 |  |  +-BasicFetch [com.rts.tap.model.CandidateStatus.recruiter.managerId]
 |  |  +-EntityDelayedFetchImpl [com.rts.tap.model.CandidateStatus.recruiter.personalInfo]
 |  |  +-DelayedCollectionFetch [com.rts.tap.model.CandidateStatus.recruiter.qualification]
 |  |  +-EntityDelayedFetchImpl [com.rts.tap.model.CandidateStatus.recruiter.role]
 |  |  +-BasicFetch [com.rts.tap.model.CandidateStatus.recruiter.updatedDate]
 |  |  \-BasicFetch [com.rts.tap.model.CandidateStatus.recruiter.workLocation]
 |  \-BasicFetch [com.rts.tap.model.CandidateStatus.status]

2025-02-03 12:08:31 [main] DEBUG org.hibernate.orm.sql.ast.tree - SQL AST Tree:
    SelectStatement {
      FromClause {
        StandardTableGroup (cs1 : com.rts.tap.model.CandidateStatus) {
          primaryTableReference : candidate_status as cs1_0
          TableGroupJoins {
            left  join LazyTableGroup (c1 : com.rts.tap.model.CandidateStatus.candidate) {
              primaryTableReference : candidate as c1_0
              TableGroupJoins {
                left  join LazyTableGroup (c2 : com.rts.tap.model.CandidateStatus.candidate.credentials) {
                  primaryTableReference : third_party_credentials as c2_0
                  TableGroupJoins {
                    left  join LazyTableGroup (r1 : com.rts.tap.model.CandidateStatus.candidate.credentials.role) {
                    }
                  }
                }
                left  join LazyTableGroup (d1 : com.rts.tap.model.CandidateStatus.candidate.documents) {
                }
              }
            }
            left  join LazyTableGroup (r2 : com.rts.tap.model.CandidateStatus.recruiter) {
              primaryTableReference : employees as r2_0
              TableGroupJoins {
                left  join LazyTableGroup (bu1 : com.rts.tap.model.CandidateStatus.recruiter.businessUnit) {
                }
                left  join LazyTableGroup (pi1 : com.rts.tap.model.CandidateStatus.recruiter.personalInfo) {
                }
                left  join LazyTableGroup (r3 : com.rts.tap.model.CandidateStatus.recruiter.role) {
                }
              }
            }
          }
        }
      }
    }

2025-02-03 12:08:31 [main] DEBUG o.h.p.entity.AbstractEntityPersister - Static SQL for entity: com.rts.tap.model.CandidateStatus
2025-02-03 12:08:31 [main] DEBUG o.h.p.entity.AbstractEntityPersister -  Version select: select candidate_status_id from candidate_status where candidate_status_id=?
2025-02-03 12:08:31 [main] DEBUG o.h.p.entity.AbstractEntityPersister -  Insert (0): insert into candidate_status (candidate_candidate_id,designation,level,mrf_id,reason,recruiter_employee_id,status) values (?,?,?,?,?,?,?)
2025-02-03 12:08:31 [main] DEBUG o.h.p.entity.AbstractEntityPersister -  Update (0): update candidate_status set candidate_candidate_id=?,designation=?,level=?,mrf_id=?,reason=?,recruiter_employee_id=?,status=? where candidate_status_id=?
2025-02-03 12:08:31 [main] DEBUG o.h.p.entity.AbstractEntityPersister -  Delete (0): delete from candidate_status where candidate_status_id=?
2025-02-03 12:08:31 [main] DEBUG org.hibernate.orm.sql.ast.create - Created new SQL alias : c1_0
2025-02-03 12:08:31 [main] DEBUG org.hibernate.orm.sql.ast.create - Registration of TableGroup [StandardTableGroup(com.rts.tap.model.Client)] with identifierForTableGroup [com.rts.tap.model.Client] for NavigablePath [com.rts.tap.model.Client] 
2025-02-03 12:08:31 [main] DEBUG org.hibernate.orm.sql.ast.create - Registration of TableGroup [org.hibernate.sql.ast.tree.from.LazyTableGroup@5b7b5484] with identifierForTableGroup [com.rts.tap.model.Client.clientOrganization] for NavigablePath [com.rts.tap.model.Client.clientOrganization] 
2025-02-03 12:08:31 [main] DEBUG org.hibernate.orm.sql.ast.create - Created new SQL alias : co1_0
2025-02-03 12:08:31 [main] DEBUG org.hibernate.orm.sql.ast.create - Registration of TableGroup [org.hibernate.sql.ast.tree.from.LazyTableGroup@743a9292] with identifierForTableGroup [com.rts.tap.model.Client.clientPartner] for NavigablePath [com.rts.tap.model.Client.clientPartner] 
2025-02-03 12:08:31 [main] DEBUG org.hibernate.orm.sql.ast.create - Created new SQL alias : cp1_0
2025-02-03 12:08:31 [main] DEBUG org.hibernate.orm.sql.ast.create - Registration of TableGroup [org.hibernate.sql.ast.tree.from.LazyTableGroup@6dbfd081] with identifierForTableGroup [com.rts.tap.model.Client.clientPartner.businessUnit] for NavigablePath [com.rts.tap.model.Client.clientPartner.businessUnit] 
2025-02-03 12:08:31 [main] DEBUG org.hibernate.orm.sql.ast.create - Registration of TableGroup [org.hibernate.sql.ast.tree.from.LazyTableGroup@4691e2f5] with identifierForTableGroup [com.rts.tap.model.Client.clientPartner.personalInfo] for NavigablePath [com.rts.tap.model.Client.clientPartner.personalInfo] 
2025-02-03 12:08:31 [main] DEBUG org.hibernate.orm.sql.ast.create - Registration of TableGroup [org.hibernate.sql.ast.tree.from.LazyTableGroup@47cf41d7] with identifierForTableGroup [com.rts.tap.model.Client.clientPartner.role] for NavigablePath [com.rts.tap.model.Client.clientPartner.role] 
2025-02-03 12:08:31 [main] DEBUG org.hibernate.orm.sql.ast.create - Registration of TableGroup [org.hibernate.sql.ast.tree.from.LazyTableGroup@67c1f5be] with identifierForTableGroup [com.rts.tap.model.Client.thirdPartyCredentitals] for NavigablePath [com.rts.tap.model.Client.thirdPartyCredentitals] 
2025-02-03 12:08:31 [main] DEBUG org.hibernate.orm.sql.ast.create - Created new SQL alias : tpc1_0
2025-02-03 12:08:31 [main] DEBUG org.hibernate.orm.sql.ast.create - Registration of TableGroup [org.hibernate.sql.ast.tree.from.LazyTableGroup@74691a1f] with identifierForTableGroup [com.rts.tap.model.Client.thirdPartyCredentitals.role] for NavigablePath [com.rts.tap.model.Client.thirdPartyCredentitals.role] 
2025-02-03 12:08:31 [main] DEBUG org.hibernate.orm.sql.ast.create - Created new SQL alias : r2_0
2025-02-03 12:08:31 [main] DEBUG org.hibernate.orm.results.graph.AST - DomainResult Graph:
 \-EntityResultImpl [com.rts.tap.model.Client]
 |  +-BasicFetch [com.rts.tap.model.Client.activationStatus]
 |  +-BasicFetch [com.rts.tap.model.Client.clientEmail]
 |  +-BasicFetch [com.rts.tap.model.Client.clientMobile]
 |  +-BasicFetch [com.rts.tap.model.Client.clientName]
 |  +-EntityFetchJoinedImpl [com.rts.tap.model.Client.clientOrganization]
 |  |  +-BasicFetch [com.rts.tap.model.Client.clientOrganization.organizationAddress]
 |  |  +-BasicFetch [com.rts.tap.model.Client.clientOrganization.organizationContactNumber]
 |  |  +-BasicFetch [com.rts.tap.model.Client.clientOrganization.organizationEmail]
 |  |  +-BasicFetch [com.rts.tap.model.Client.clientOrganization.organizationIndustry]
 |  |  +-BasicFetch [com.rts.tap.model.Client.clientOrganization.organizationLogo]
 |  |  \-BasicFetch [com.rts.tap.model.Client.clientOrganization.organizationName]
 |  +-EntityFetchJoinedImpl [com.rts.tap.model.Client.clientPartner]
 |  |  +-EntityDelayedFetchImpl [com.rts.tap.model.Client.clientPartner.businessUnit]
 |  |  +-BasicFetch [com.rts.tap.model.Client.clientPartner.candidateId]
 |  |  +-BasicFetch [com.rts.tap.model.Client.clientPartner.createdDate]
 |  |  +-DelayedCollectionFetch [com.rts.tap.model.Client.clientPartner.documents]
 |  |  +-BasicFetch [com.rts.tap.model.Client.clientPartner.employeeEmail]
 |  |  +-BasicFetch [com.rts.tap.model.Client.clientPartner.employeeName]
 |  |  +-BasicFetch [com.rts.tap.model.Client.clientPartner.employeeStatus]
 |  |  +-DelayedCollectionFetch [com.rts.tap.model.Client.clientPartner.experience]
 |  |  +-DelayedCollectionFetch [com.rts.tap.model.Client.clientPartner.familyDetails]
 |  |  +-BasicFetch [com.rts.tap.model.Client.clientPartner.managerId]
 |  |  +-EntityDelayedFetchImpl [com.rts.tap.model.Client.clientPartner.personalInfo]
 |  |  +-DelayedCollectionFetch [com.rts.tap.model.Client.clientPartner.qualification]
 |  |  +-EntityDelayedFetchImpl [com.rts.tap.model.Client.clientPartner.role]
 |  |  +-BasicFetch [com.rts.tap.model.Client.clientPartner.updatedDate]
 |  |  \-BasicFetch [com.rts.tap.model.Client.clientPartner.workLocation]
 |  +-BasicFetch [com.rts.tap.model.Client.clientPosition]
 |  +-BasicFetch [com.rts.tap.model.Client.clientStatus]
 |  +-BasicFetch [com.rts.tap.model.Client.createdAt]
 |  +-BasicFetch [com.rts.tap.model.Client.expirationTime]
 |  +-BasicFetch [com.rts.tap.model.Client.otp]
 |  +-BasicFetch [com.rts.tap.model.Client.password]
 |  +-BasicFetch [com.rts.tap.model.Client.reason]
 |  \-EntityFetchJoinedImpl [com.rts.tap.model.Client.thirdPartyCredentitals]
 |  |  +-BasicFetch [com.rts.tap.model.Client.thirdPartyCredentitals.email]
 |  |  +-BasicFetch [com.rts.tap.model.Client.thirdPartyCredentitals.expirationTime]
 |  |  +-BasicFetch [com.rts.tap.model.Client.thirdPartyCredentitals.isPasswordChanged]
 |  |  +-BasicFetch [com.rts.tap.model.Client.thirdPartyCredentitals.otp]
 |  |  +-BasicFetch [com.rts.tap.model.Client.thirdPartyCredentitals.password]
 |  |  +-EntityFetchJoinedImpl [com.rts.tap.model.Client.thirdPartyCredentitals.role]
 |  |  |  \-BasicFetch [com.rts.tap.model.Client.thirdPartyCredentitals.role.role]
 |  |  \-BasicFetch [com.rts.tap.model.Client.thirdPartyCredentitals.username]

2025-02-03 12:08:31 [main] DEBUG org.hibernate.orm.sql.ast.tree - SQL AST Tree:
    SelectStatement {
      FromClause {
        StandardTableGroup (c1 : com.rts.tap.model.Client) {
          primaryTableReference : client_tbl as c1_0
          TableGroupJoins {
            left  join LazyTableGroup (co1 : com.rts.tap.model.Client.clientOrganization) {
              primaryTableReference : client_organization_tbl as co1_0
            }
            left  join LazyTableGroup (cp1 : com.rts.tap.model.Client.clientPartner) {
              primaryTableReference : employees as cp1_0
              TableGroupJoins {
                left  join LazyTableGroup (bu1 : com.rts.tap.model.Client.clientPartner.businessUnit) {
                }
                left  join LazyTableGroup (pi1 : com.rts.tap.model.Client.clientPartner.personalInfo) {
                }
                left  join LazyTableGroup (r1 : com.rts.tap.model.Client.clientPartner.role) {
                }
              }
            }
            left  join LazyTableGroup (tpc1 : com.rts.tap.model.Client.thirdPartyCredentitals) {
              primaryTableReference : third_party_credentials as tpc1_0
              TableGroupJoins {
                left  join LazyTableGroup (r2 : com.rts.tap.model.Client.thirdPartyCredentitals.role) {
                  primaryTableReference : third_party_role as r2_0
                }
              }
            }
          }
        }
      }
    }

2025-02-03 12:08:31 [main] DEBUG o.h.p.entity.AbstractEntityPersister - Static SQL for entity: com.rts.tap.model.Client
2025-02-03 12:08:31 [main] DEBUG o.h.p.entity.AbstractEntityPersister -  Version select: select client_id from client_tbl where client_id=?
2025-02-03 12:08:31 [main] DEBUG o.h.p.entity.AbstractEntityPersister -  Insert (0): insert into client_tbl (activation_status,client_email,client_mobile,client_name,client_organization_client_organization_id,client_partner_id,client_position,client_status,created_at,expiration_time,otp,password,reason,third_party_credentitals_third_party_credentials_id) values (?,?,?,?,?,?,?,?,?,?,?,?,?,?)
2025-02-03 12:08:31 [main] DEBUG o.h.p.entity.AbstractEntityPersister -  Update (0): update client_tbl set activation_status=?,client_email=?,client_mobile=?,client_name=?,client_organization_client_organization_id=?,client_partner_id=?,client_position=?,client_status=?,created_at=?,expiration_time=?,otp=?,password=?,reason=?,third_party_credentitals_third_party_credentials_id=? where client_id=?
2025-02-03 12:08:31 [main] DEBUG o.h.p.entity.AbstractEntityPersister -  Delete (0): delete from client_tbl where client_id=?
2025-02-03 12:08:31 [main] DEBUG org.hibernate.orm.sql.ast.create - Created new SQL alias : c1_0
2025-02-03 12:08:31 [main] DEBUG org.hibernate.orm.sql.ast.create - Registration of TableGroup [StandardTableGroup(com.rts.tap.model.Candidate)] with identifierForTableGroup [com.rts.tap.model.Candidate] for NavigablePath [com.rts.tap.model.Candidate] 
2025-02-03 12:08:31 [main] DEBUG org.hibernate.orm.sql.ast.create - Registration of TableGroup [org.hibernate.sql.ast.tree.from.LazyTableGroup@5af7a7] with identifierForTableGroup [com.rts.tap.model.Candidate.credentials] for NavigablePath [com.rts.tap.model.Candidate.credentials] 
2025-02-03 12:08:31 [main] DEBUG org.hibernate.orm.sql.ast.create - Created new SQL alias : c2_0
2025-02-03 12:08:31 [main] DEBUG org.hibernate.orm.sql.ast.create - Registration of TableGroup [org.hibernate.sql.ast.tree.from.LazyTableGroup@685e8e17] with identifierForTableGroup [com.rts.tap.model.Candidate.credentials.role] for NavigablePath [com.rts.tap.model.Candidate.credentials.role] 
2025-02-03 12:08:31 [main] DEBUG org.hibernate.orm.sql.ast.create - Created new SQL alias : r1_0
2025-02-03 12:08:31 [main] DEBUG org.hibernate.orm.sql.ast.create - Registration of TableGroup [org.hibernate.sql.ast.tree.from.LazyTableGroup@545bc8e1] with identifierForTableGroup [com.rts.tap.model.Candidate.documents] for NavigablePath [com.rts.tap.model.Candidate.documents] 
2025-02-03 12:08:31 [main] DEBUG org.hibernate.orm.results.graph.AST - DomainResult Graph:
 \-EntityResultImpl [com.rts.tap.model.Candidate]
 |  +-BasicFetch [com.rts.tap.model.Candidate.Education]
 |  +-DelayedCollectionFetch [com.rts.tap.model.Candidate.MrfJd]
 |  +-BasicFetch [com.rts.tap.model.Candidate.assignedAt]
 |  +-BasicFetch [com.rts.tap.model.Candidate.candidate360Id]
 |  +-BasicFetch [com.rts.tap.model.Candidate.candidateProfileImage]
 |  +-DelayedCollectionFetch [com.rts.tap.model.Candidate.certifications]
 |  +-EntityFetchJoinedImpl [com.rts.tap.model.Candidate.credentials]
 |  |  +-BasicFetch [com.rts.tap.model.Candidate.credentials.email]
 |  |  +-BasicFetch [com.rts.tap.model.Candidate.credentials.expirationTime]
 |  |  +-BasicFetch [com.rts.tap.model.Candidate.credentials.isPasswordChanged]
 |  |  +-BasicFetch [com.rts.tap.model.Candidate.credentials.otp]
 |  |  +-BasicFetch [com.rts.tap.model.Candidate.credentials.password]
 |  |  +-EntityFetchJoinedImpl [com.rts.tap.model.Candidate.credentials.role]
 |  |  |  \-BasicFetch [com.rts.tap.model.Candidate.credentials.role.role]
 |  |  \-BasicFetch [com.rts.tap.model.Candidate.credentials.username]
 |  +-BasicFetch [com.rts.tap.model.Candidate.currentCTC]
 |  +-BasicFetch [com.rts.tap.model.Candidate.currentCompany]
 |  +-BasicFetch [com.rts.tap.model.Candidate.currentLocation]
 |  +-EntityDelayedFetchImpl [com.rts.tap.model.Candidate.documents]
 |  +-BasicFetch [com.rts.tap.model.Candidate.email]
 |  +-BasicFetch [com.rts.tap.model.Candidate.employementMode]
 |  +-BasicFetch [com.rts.tap.model.Candidate.expectedCTC]
 |  +-BasicFetch [com.rts.tap.model.Candidate.firstName]
 |  +-BasicFetch [com.rts.tap.model.Candidate.gender]
 |  +-BasicFetch [com.rts.tap.model.Candidate.isMatchingMrf]
 |  +-BasicFetch [com.rts.tap.model.Candidate.isPasswordChanged]
 |  +-BasicFetch [com.rts.tap.model.Candidate.lastName]
 |  +-BasicFetch [com.rts.tap.model.Candidate.location]
 |  +-BasicFetch [com.rts.tap.model.Candidate.mobileNumber]
 |  +-BasicFetch [com.rts.tap.model.Candidate.noticePeriod]
 |  +-BasicFetch [com.rts.tap.model.Candidate.panNumber]
 |  +-BasicFetch [com.rts.tap.model.Candidate.password]
 |  +-BasicFetch [com.rts.tap.model.Candidate.previousRole]
 |  +-BasicFetch [com.rts.tap.model.Candidate.relevantExperience]
 |  +-BasicFetch [com.rts.tap.model.Candidate.relocate]
 |  +-BasicFetch [com.rts.tap.model.Candidate.resume]
 |  +-BasicFetch [com.rts.tap.model.Candidate.skill]
 |  +-BasicFetch [com.rts.tap.model.Candidate.source]
 |  +-BasicFetch [com.rts.tap.model.Candidate.sourceId]
 |  +-BasicFetch [com.rts.tap.model.Candidate.status]
 |  +-BasicFetch [com.rts.tap.model.Candidate.totalExperience]
 |  \-BasicFetch [com.rts.tap.model.Candidate.visaDetails]

2025-02-03 12:08:31 [main] DEBUG org.hibernate.orm.sql.ast.tree - SQL AST Tree:
    SelectStatement {
      FromClause {
        StandardTableGroup (c1 : com.rts.tap.model.Candidate) {
          primaryTableReference : candidate as c1_0
          TableGroupJoins {
            left  join LazyTableGroup (c2 : com.rts.tap.model.Candidate.credentials) {
              primaryTableReference : third_party_credentials as c2_0
              TableGroupJoins {
                left  join LazyTableGroup (r1 : com.rts.tap.model.Candidate.credentials.role) {
                  primaryTableReference : third_party_role as r1_0
                }
              }
            }
            left  join LazyTableGroup (d1 : com.rts.tap.model.Candidate.documents) {
            }
          }
        }
      }
    }

2025-02-03 12:08:31 [main] DEBUG o.h.p.entity.AbstractEntityPersister - Static SQL for entity: com.rts.tap.model.Candidate
2025-02-03 12:08:31 [main] DEBUG o.h.p.entity.AbstractEntityPersister -  Version select: select candidate_id from candidate where candidate_id=?
2025-02-03 12:08:31 [main] DEBUG o.h.p.entity.AbstractEntityPersister -  Insert (0): insert into candidate (education,assigned_at,candidate360id,candidate_profile_image,credentials_third_party_credentials_id,currentctc,current_company,current_location,documents_candidate_document_id,email,employement_mode,expectedctc,first_name,gender,is_matching_mrf,is_password_changed,last_name,location,mobile_number,notice_period,pan_number,password,previous_role,relevant_experience,relocate,resume,skill,source,source_id,status,total_experience,visa_details) values (?,?,?,?,?,?,?,?,?,?,?,?,?,?,?,?,?,?,?,?,?,?,?,?,?,?,?,?,?,?,?,?)
2025-02-03 12:08:31 [main] DEBUG o.h.p.entity.AbstractEntityPersister -  Update (0): update candidate set education=?,assigned_at=?,candidate360id=?,candidate_profile_image=?,credentials_third_party_credentials_id=?,currentctc=?,current_company=?,current_location=?,documents_candidate_document_id=?,email=?,employement_mode=?,expectedctc=?,first_name=?,gender=?,is_matching_mrf=?,is_password_changed=?,last_name=?,location=?,mobile_number=?,notice_period=?,pan_number=?,password=?,previous_role=?,relevant_experience=?,relocate=?,resume=?,skill=?,source=?,source_id=?,status=?,total_experience=?,visa_details=? where candidate_id=?
2025-02-03 12:08:31 [main] DEBUG o.h.p.entity.AbstractEntityPersister -  Delete (0): delete from candidate where candidate_id=?
2025-02-03 12:08:31 [main] DEBUG org.hibernate.orm.sql.ast.create - Created new SQL alias : c1_0
2025-02-03 12:08:31 [main] DEBUG org.hibernate.orm.sql.ast.create - Registration of TableGroup [StandardTableGroup(com.rts.tap.model.Candidate360)] with identifierForTableGroup [com.rts.tap.model.Candidate360] for NavigablePath [com.rts.tap.model.Candidate360] 
2025-02-03 12:08:31 [main] DEBUG org.hibernate.orm.sql.ast.create - Registration of TableGroup [org.hibernate.sql.ast.tree.from.LazyTableGroup@8872669] with identifierForTableGroup [com.rts.tap.model.Candidate360.candidate] for NavigablePath [com.rts.tap.model.Candidate360.candidate] 
2025-02-03 12:08:31 [main] DEBUG org.hibernate.orm.sql.ast.create - Created new SQL alias : c2_0
2025-02-03 12:08:31 [main] DEBUG org.hibernate.orm.sql.ast.create - Registration of TableGroup [org.hibernate.sql.ast.tree.from.LazyTableGroup@14b53f58] with identifierForTableGroup [com.rts.tap.model.Candidate360.candidate.credentials] for NavigablePath [com.rts.tap.model.Candidate360.candidate.credentials] 
2025-02-03 12:08:31 [main] DEBUG org.hibernate.orm.sql.ast.create - Created new SQL alias : c3_0
2025-02-03 12:08:31 [main] DEBUG org.hibernate.orm.sql.ast.create - Registration of TableGroup [org.hibernate.sql.ast.tree.from.LazyTableGroup@1e23e1ef] with identifierForTableGroup [com.rts.tap.model.Candidate360.candidate.credentials.role] for NavigablePath [com.rts.tap.model.Candidate360.candidate.credentials.role] 
2025-02-03 12:08:31 [main] DEBUG org.hibernate.orm.sql.ast.create - Registration of TableGroup [org.hibernate.sql.ast.tree.from.LazyTableGroup@79dcd7f1] with identifierForTableGroup [com.rts.tap.model.Candidate360.candidate.documents] for NavigablePath [com.rts.tap.model.Candidate360.candidate.documents] 
2025-02-03 12:08:31 [main] DEBUG org.hibernate.orm.results.graph.AST - DomainResult Graph:
 \-EntityResultImpl [com.rts.tap.model.Candidate360]
 |  +-EntityFetchJoinedImpl [com.rts.tap.model.Candidate360.candidate]
 |  |  +-BasicFetch [com.rts.tap.model.Candidate360.candidate.Education]
 |  |  +-DelayedCollectionFetch [com.rts.tap.model.Candidate360.candidate.MrfJd]
 |  |  +-BasicFetch [com.rts.tap.model.Candidate360.candidate.assignedAt]
 |  |  +-BasicFetch [com.rts.tap.model.Candidate360.candidate.candidate360Id]
 |  |  +-BasicFetch [com.rts.tap.model.Candidate360.candidate.candidateProfileImage]
 |  |  +-DelayedCollectionFetch [com.rts.tap.model.Candidate360.candidate.certifications]
 |  |  +-EntityFetchJoinedImpl [com.rts.tap.model.Candidate360.candidate.credentials]
 |  |  |  +-BasicFetch [com.rts.tap.model.Candidate360.candidate.credentials.email]
 |  |  |  +-BasicFetch [com.rts.tap.model.Candidate360.candidate.credentials.expirationTime]
 |  |  |  +-BasicFetch [com.rts.tap.model.Candidate360.candidate.credentials.isPasswordChanged]
 |  |  |  +-BasicFetch [com.rts.tap.model.Candidate360.candidate.credentials.otp]
 |  |  |  +-BasicFetch [com.rts.tap.model.Candidate360.candidate.credentials.password]
 |  |  |  +-EntityFetchSelectImpl [com.rts.tap.model.Candidate360.candidate.credentials.role]
 |  |  |  \-BasicFetch [com.rts.tap.model.Candidate360.candidate.credentials.username]
 |  |  +-BasicFetch [com.rts.tap.model.Candidate360.candidate.currentCTC]
 |  |  +-BasicFetch [com.rts.tap.model.Candidate360.candidate.currentCompany]
 |  |  +-BasicFetch [com.rts.tap.model.Candidate360.candidate.currentLocation]
 |  |  +-EntityDelayedFetchImpl [com.rts.tap.model.Candidate360.candidate.documents]
 |  |  +-BasicFetch [com.rts.tap.model.Candidate360.candidate.email]
 |  |  +-BasicFetch [com.rts.tap.model.Candidate360.candidate.employementMode]
 |  |  +-BasicFetch [com.rts.tap.model.Candidate360.candidate.expectedCTC]
 |  |  +-BasicFetch [com.rts.tap.model.Candidate360.candidate.firstName]
 |  |  +-BasicFetch [com.rts.tap.model.Candidate360.candidate.gender]
 |  |  +-BasicFetch [com.rts.tap.model.Candidate360.candidate.isMatchingMrf]
 |  |  +-BasicFetch [com.rts.tap.model.Candidate360.candidate.isPasswordChanged]
 |  |  +-BasicFetch [com.rts.tap.model.Candidate360.candidate.lastName]
 |  |  +-BasicFetch [com.rts.tap.model.Candidate360.candidate.location]
 |  |  +-BasicFetch [com.rts.tap.model.Candidate360.candidate.mobileNumber]
 |  |  +-BasicFetch [com.rts.tap.model.Candidate360.candidate.noticePeriod]
 |  |  +-BasicFetch [com.rts.tap.model.Candidate360.candidate.panNumber]
 |  |  +-BasicFetch [com.rts.tap.model.Candidate360.candidate.password]
 |  |  +-BasicFetch [com.rts.tap.model.Candidate360.candidate.previousRole]
 |  |  +-BasicFetch [com.rts.tap.model.Candidate360.candidate.relevantExperience]
 |  |  +-BasicFetch [com.rts.tap.model.Candidate360.candidate.relocate]
 |  |  +-BasicFetch [com.rts.tap.model.Candidate360.candidate.resume]
 |  |  +-BasicFetch [com.rts.tap.model.Candidate360.candidate.skill]
 |  |  +-BasicFetch [com.rts.tap.model.Candidate360.candidate.source]
 |  |  +-BasicFetch [com.rts.tap.model.Candidate360.candidate.sourceId]
 |  |  +-BasicFetch [com.rts.tap.model.Candidate360.candidate.status]
 |  |  +-BasicFetch [com.rts.tap.model.Candidate360.candidate.totalExperience]
 |  |  \-BasicFetch [com.rts.tap.model.Candidate360.candidate.visaDetails]
 |  \-BasicFetch [com.rts.tap.model.Candidate360.candidateInfo]

2025-02-03 12:08:31 [main] DEBUG org.hibernate.orm.sql.ast.tree - SQL AST Tree:
    SelectStatement {
      FromClause {
        StandardTableGroup (c1 : com.rts.tap.model.Candidate360) {
          primaryTableReference : candidate360 as c1_0
          TableGroupJoins {
            left  join LazyTableGroup (c2 : com.rts.tap.model.Candidate360.candidate) {
              primaryTableReference : candidate as c2_0
              TableGroupJoins {
                left  join LazyTableGroup (c3 : com.rts.tap.model.Candidate360.candidate.credentials) {
                  primaryTableReference : third_party_credentials as c3_0
                  TableGroupJoins {
                    left  join LazyTableGroup (r1 : com.rts.tap.model.Candidate360.candidate.credentials.role) {
                    }
                  }
                }
                left  join LazyTableGroup (d1 : com.rts.tap.model.Candidate360.candidate.documents) {
                }
              }
            }
          }
        }
      }
    }

2025-02-03 12:08:31 [main] DEBUG o.h.p.entity.AbstractEntityPersister - Static SQL for entity: com.rts.tap.model.Candidate360
2025-02-03 12:08:31 [main] DEBUG o.h.p.entity.AbstractEntityPersister -  Version select: select candidate360id from candidate360 where candidate360id=?
2025-02-03 12:08:31 [main] DEBUG o.h.p.entity.AbstractEntityPersister -  Insert (0): insert into candidate360 (candidate_candidate_id,candidate_info) values (?,?)
2025-02-03 12:08:31 [main] DEBUG o.h.p.entity.AbstractEntityPersister -  Update (0): update candidate360 set candidate_candidate_id=?,candidate_info=? where candidate360id=?
2025-02-03 12:08:31 [main] DEBUG o.h.p.entity.AbstractEntityPersister -  Delete (0): delete from candidate360 where candidate360id=?
2025-02-03 12:08:31 [main] DEBUG org.hibernate.orm.sql.ast.create - Created new SQL alias : bjt1_0
2025-02-03 12:08:31 [main] DEBUG org.hibernate.orm.sql.ast.create - Registration of TableGroup [StandardTableGroup(com.rts.tap.model.BasicJobTable)] with identifierForTableGroup [com.rts.tap.model.BasicJobTable] for NavigablePath [com.rts.tap.model.BasicJobTable] 
2025-02-03 12:08:31 [main] DEBUG org.hibernate.orm.results.graph.AST - DomainResult Graph:
 \-EntityResultImpl [com.rts.tap.model.BasicJobTable]
 |  +-BasicFetch [com.rts.tap.model.BasicJobTable.Role]
 |  +-BasicFetch [com.rts.tap.model.BasicJobTable.experience]
 |  +-BasicFetch [com.rts.tap.model.BasicJobTable.jobDescription]
 |  +-BasicFetch [com.rts.tap.model.BasicJobTable.jobPackage]
 |  \-BasicFetch [com.rts.tap.model.BasicJobTable.jobTitle]

2025-02-03 12:08:31 [main] DEBUG org.hibernate.orm.sql.ast.tree - SQL AST Tree:
    SelectStatement {
      FromClause {
        StandardTableGroup (bjt1 : com.rts.tap.model.BasicJobTable) {
          primaryTableReference : basic_job_table as bjt1_0
        }
      }
    }

2025-02-03 12:08:31 [main] DEBUG o.h.p.entity.AbstractEntityPersister - Static SQL for entity: com.rts.tap.model.BasicJobTable
2025-02-03 12:08:31 [main] DEBUG o.h.p.entity.AbstractEntityPersister -  Version select: select basic_job_table_id from basic_job_table where basic_job_table_id=?
2025-02-03 12:08:31 [main] DEBUG o.h.p.entity.AbstractEntityPersister -  Insert (0): insert into basic_job_table (role,experience,job_description,job_package,job_title) values (?,?,?,?,?)
2025-02-03 12:08:31 [main] DEBUG o.h.p.entity.AbstractEntityPersister -  Update (0): update basic_job_table set role=?,experience=?,job_description=?,job_package=?,job_title=? where basic_job_table_id=?
2025-02-03 12:08:31 [main] DEBUG o.h.p.entity.AbstractEntityPersister -  Delete (0): delete from basic_job_table where basic_job_table_id=?
2025-02-03 12:08:31 [main] DEBUG org.hibernate.orm.sql.ast.create - Created new SQL alias : vph1_0
2025-02-03 12:08:31 [main] DEBUG org.hibernate.orm.sql.ast.create - Registration of TableGroup [StandardTableGroup(com.rts.tap.model.VendorPerformanceHistory)] with identifierForTableGroup [com.rts.tap.model.VendorPerformanceHistory] for NavigablePath [com.rts.tap.model.VendorPerformanceHistory] 
2025-02-03 12:08:31 [main] DEBUG org.hibernate.orm.sql.ast.create - Registration of TableGroup [org.hibernate.sql.ast.tree.from.LazyTableGroup@740610a2] with identifierForTableGroup [com.rts.tap.model.VendorPerformanceHistory.mrf] for NavigablePath [com.rts.tap.model.VendorPerformanceHistory.mrf] 
2025-02-03 12:08:31 [main] DEBUG org.hibernate.orm.sql.ast.create - Created new SQL alias : m1_0
2025-02-03 12:08:31 [main] DEBUG org.hibernate.orm.sql.ast.create - Registration of TableGroup [org.hibernate.sql.ast.tree.from.LazyTableGroup@6bfa228c] with identifierForTableGroup [com.rts.tap.model.VendorPerformanceHistory.mrf.businessUnitHead] for NavigablePath [com.rts.tap.model.VendorPerformanceHistory.mrf.businessUnitHead] 
2025-02-03 12:08:31 [main] DEBUG org.hibernate.orm.sql.ast.create - Created new SQL alias : buh1_0
2025-02-03 12:08:31 [main] DEBUG org.hibernate.orm.sql.ast.create - Registration of TableGroup [org.hibernate.sql.ast.tree.from.LazyTableGroup@6b351a54] with identifierForTableGroup [com.rts.tap.model.VendorPerformanceHistory.mrf.businessUnitHead.businessUnit] for NavigablePath [com.rts.tap.model.VendorPerformanceHistory.mrf.businessUnitHead.businessUnit] 
2025-02-03 12:08:31 [main] DEBUG org.hibernate.orm.sql.ast.create - Registration of TableGroup [org.hibernate.sql.ast.tree.from.LazyTableGroup@43edd4e0] with identifierForTableGroup [com.rts.tap.model.VendorPerformanceHistory.mrf.businessUnitHead.personalInfo] for NavigablePath [com.rts.tap.model.VendorPerformanceHistory.mrf.businessUnitHead.personalInfo] 
2025-02-03 12:08:31 [main] DEBUG org.hibernate.orm.sql.ast.create - Registration of TableGroup [org.hibernate.sql.ast.tree.from.LazyTableGroup@72a4f3f] with identifierForTableGroup [com.rts.tap.model.VendorPerformanceHistory.mrf.businessUnitHead.role] for NavigablePath [com.rts.tap.model.VendorPerformanceHistory.mrf.businessUnitHead.role] 
2025-02-03 12:08:31 [main] DEBUG org.hibernate.orm.sql.ast.create - Registration of TableGroup [org.hibernate.sql.ast.tree.from.LazyTableGroup@3dfef314] with identifierForTableGroup [com.rts.tap.model.VendorPerformanceHistory.mrf.clientPartner] for NavigablePath [com.rts.tap.model.VendorPerformanceHistory.mrf.clientPartner] 
2025-02-03 12:08:31 [main] DEBUG org.hibernate.orm.sql.ast.create - Created new SQL alias : cp1_0
2025-02-03 12:08:31 [main] DEBUG org.hibernate.orm.sql.ast.create - Registration of TableGroup [org.hibernate.sql.ast.tree.from.LazyTableGroup@7edab945] with identifierForTableGroup [com.rts.tap.model.VendorPerformanceHistory.mrf.clientPartner.businessUnit] for NavigablePath [com.rts.tap.model.VendorPerformanceHistory.mrf.clientPartner.businessUnit] 
2025-02-03 12:08:31 [main] DEBUG org.hibernate.orm.sql.ast.create - Registration of TableGroup [org.hibernate.sql.ast.tree.from.LazyTableGroup@533d28aa] with identifierForTableGroup [com.rts.tap.model.VendorPerformanceHistory.mrf.clientPartner.personalInfo] for NavigablePath [com.rts.tap.model.VendorPerformanceHistory.mrf.clientPartner.personalInfo] 
2025-02-03 12:08:31 [main] DEBUG org.hibernate.orm.sql.ast.create - Registration of TableGroup [org.hibernate.sql.ast.tree.from.LazyTableGroup@6bbd645] with identifierForTableGroup [com.rts.tap.model.VendorPerformanceHistory.mrf.clientPartner.role] for NavigablePath [com.rts.tap.model.VendorPerformanceHistory.mrf.clientPartner.role] 
2025-02-03 12:08:31 [main] DEBUG org.hibernate.orm.sql.ast.create - Registration of TableGroup [org.hibernate.sql.ast.tree.from.LazyTableGroup@4c97e3d5] with identifierForTableGroup [com.rts.tap.model.VendorPerformanceHistory.mrf.mrfAgreement] for NavigablePath [com.rts.tap.model.VendorPerformanceHistory.mrf.mrfAgreement] 
2025-02-03 12:08:31 [main] DEBUG org.hibernate.orm.sql.ast.create - Created new SQL alias : ma1_0
2025-02-03 12:08:31 [main] DEBUG org.hibernate.orm.sql.ast.create - Registration of TableGroup [org.hibernate.sql.ast.tree.from.LazyTableGroup@672c6b93] with identifierForTableGroup [com.rts.tap.model.VendorPerformanceHistory.mrf.mrfCriteria] for NavigablePath [com.rts.tap.model.VendorPerformanceHistory.mrf.mrfCriteria] 
2025-02-03 12:08:31 [main] DEBUG org.hibernate.orm.sql.ast.create - Created new SQL alias : mc1_0
2025-02-03 12:08:31 [main] DEBUG org.hibernate.orm.sql.ast.create - Registration of TableGroup [org.hibernate.sql.ast.tree.from.LazyTableGroup@5d6e77a4] with identifierForTableGroup [com.rts.tap.model.VendorPerformanceHistory.mrf.mrfJd] for NavigablePath [com.rts.tap.model.VendorPerformanceHistory.mrf.mrfJd] 
2025-02-03 12:08:31 [main] DEBUG org.hibernate.orm.sql.ast.create - Created new SQL alias : mj1_0
2025-02-03 12:08:31 [main] DEBUG org.hibernate.orm.sql.ast.create - Registration of TableGroup [org.hibernate.sql.ast.tree.from.LazyTableGroup@5bf9bb2] with identifierForTableGroup [com.rts.tap.model.VendorPerformanceHistory.mrf.mrfStatus] for NavigablePath [com.rts.tap.model.VendorPerformanceHistory.mrf.mrfStatus] 
2025-02-03 12:08:31 [main] DEBUG org.hibernate.orm.sql.ast.create - Created new SQL alias : ms1_0
2025-02-03 12:08:31 [main] DEBUG org.hibernate.orm.sql.ast.create - Registration of TableGroup [org.hibernate.sql.ast.tree.from.LazyTableGroup@76c5599b] with identifierForTableGroup [com.rts.tap.model.VendorPerformanceHistory.mrf.requirement] for NavigablePath [com.rts.tap.model.VendorPerformanceHistory.mrf.requirement] 
2025-02-03 12:08:31 [main] DEBUG org.hibernate.orm.sql.ast.create - Created new SQL alias : r3_0
2025-02-03 12:08:31 [main] DEBUG org.hibernate.orm.sql.ast.create - Registration of TableGroup [org.hibernate.sql.ast.tree.from.LazyTableGroup@7231c423] with identifierForTableGroup [com.rts.tap.model.VendorPerformanceHistory.mrf.requirement.client] for NavigablePath [com.rts.tap.model.VendorPerformanceHistory.mrf.requirement.client] 
2025-02-03 12:08:31 [main] DEBUG org.hibernate.orm.sql.ast.create - Registration of TableGroup [org.hibernate.sql.ast.tree.from.LazyTableGroup@5c4c4e96] with identifierForTableGroup [com.rts.tap.model.VendorPerformanceHistory.mrf.subRequirements] for NavigablePath [com.rts.tap.model.VendorPerformanceHistory.mrf.subRequirements] 
2025-02-03 12:08:31 [main] DEBUG org.hibernate.orm.sql.ast.create - Created new SQL alias : sr1_0
2025-02-03 12:08:31 [main] DEBUG org.hibernate.orm.sql.ast.create - Registration of TableGroup [org.hibernate.sql.ast.tree.from.LazyTableGroup@25d73ca6] with identifierForTableGroup [com.rts.tap.model.VendorPerformanceHistory.vendor] for NavigablePath [com.rts.tap.model.VendorPerformanceHistory.vendor] 
2025-02-03 12:08:31 [main] DEBUG org.hibernate.orm.sql.ast.create - Created new SQL alias : v1_0
2025-02-03 12:08:31 [main] DEBUG org.hibernate.orm.sql.ast.create - Registration of TableGroup [org.hibernate.sql.ast.tree.from.LazyTableGroup@7902b006] with identifierForTableGroup [com.rts.tap.model.VendorPerformanceHistory.vendor.thirdPartyCredentitals] for NavigablePath [com.rts.tap.model.VendorPerformanceHistory.vendor.thirdPartyCredentitals] 
2025-02-03 12:08:31 [main] DEBUG org.hibernate.orm.sql.ast.create - Created new SQL alias : tpc1_0
2025-02-03 12:08:31 [main] DEBUG org.hibernate.orm.sql.ast.create - Registration of TableGroup [org.hibernate.sql.ast.tree.from.LazyTableGroup@5ee63d9] with identifierForTableGroup [com.rts.tap.model.VendorPerformanceHistory.vendor.thirdPartyCredentitals.role] for NavigablePath [com.rts.tap.model.VendorPerformanceHistory.vendor.thirdPartyCredentitals.role] 
2025-02-03 12:08:31 [main] DEBUG org.hibernate.orm.results.graph.AST - DomainResult Graph:
 \-EntityResultImpl [com.rts.tap.model.VendorPerformanceHistory]
 |  +-BasicFetch [com.rts.tap.model.VendorPerformanceHistory.assignedDate]
 |  +-BasicFetch [com.rts.tap.model.VendorPerformanceHistory.closedDate]
 |  +-BasicFetch [com.rts.tap.model.VendorPerformanceHistory.collectiveScore]
 |  +-BasicFetch [com.rts.tap.model.VendorPerformanceHistory.grade]
 |  +-EntityFetchJoinedImpl [com.rts.tap.model.VendorPerformanceHistory.mrf]
 |  |  +-EntityFetchJoinedImpl [com.rts.tap.model.VendorPerformanceHistory.mrf.businessUnitHead]
 |  |  |  +-EntityDelayedFetchImpl [com.rts.tap.model.VendorPerformanceHistory.mrf.businessUnitHead.businessUnit]
 |  |  |  +-BasicFetch [com.rts.tap.model.VendorPerformanceHistory.mrf.businessUnitHead.candidateId]
 |  |  |  +-BasicFetch [com.rts.tap.model.VendorPerformanceHistory.mrf.businessUnitHead.createdDate]
 |  |  |  +-DelayedCollectionFetch [com.rts.tap.model.VendorPerformanceHistory.mrf.businessUnitHead.documents]
 |  |  |  +-BasicFetch [com.rts.tap.model.VendorPerformanceHistory.mrf.businessUnitHead.employeeEmail]
 |  |  |  +-BasicFetch [com.rts.tap.model.VendorPerformanceHistory.mrf.businessUnitHead.employeeName]
 |  |  |  +-BasicFetch [com.rts.tap.model.VendorPerformanceHistory.mrf.businessUnitHead.employeeStatus]
 |  |  |  +-DelayedCollectionFetch [com.rts.tap.model.VendorPerformanceHistory.mrf.businessUnitHead.experience]
 |  |  |  +-DelayedCollectionFetch [com.rts.tap.model.VendorPerformanceHistory.mrf.businessUnitHead.familyDetails]
 |  |  |  +-BasicFetch [com.rts.tap.model.VendorPerformanceHistory.mrf.businessUnitHead.managerId]
 |  |  |  +-EntityDelayedFetchImpl [com.rts.tap.model.VendorPerformanceHistory.mrf.businessUnitHead.personalInfo]
 |  |  |  +-DelayedCollectionFetch [com.rts.tap.model.VendorPerformanceHistory.mrf.businessUnitHead.qualification]
 |  |  |  +-EntityDelayedFetchImpl [com.rts.tap.model.VendorPerformanceHistory.mrf.businessUnitHead.role]
 |  |  |  +-BasicFetch [com.rts.tap.model.VendorPerformanceHistory.mrf.businessUnitHead.updatedDate]
 |  |  |  \-BasicFetch [com.rts.tap.model.VendorPerformanceHistory.mrf.businessUnitHead.workLocation]
 |  |  +-EntityFetchJoinedImpl [com.rts.tap.model.VendorPerformanceHistory.mrf.clientPartner]
 |  |  |  +-EntityDelayedFetchImpl [com.rts.tap.model.VendorPerformanceHistory.mrf.clientPartner.businessUnit]
 |  |  |  +-BasicFetch [com.rts.tap.model.VendorPerformanceHistory.mrf.clientPartner.candidateId]
 |  |  |  +-BasicFetch [com.rts.tap.model.VendorPerformanceHistory.mrf.clientPartner.createdDate]
 |  |  |  +-DelayedCollectionFetch [com.rts.tap.model.VendorPerformanceHistory.mrf.clientPartner.documents]
 |  |  |  +-BasicFetch [com.rts.tap.model.VendorPerformanceHistory.mrf.clientPartner.employeeEmail]
 |  |  |  +-BasicFetch [com.rts.tap.model.VendorPerformanceHistory.mrf.clientPartner.employeeName]
 |  |  |  +-BasicFetch [com.rts.tap.model.VendorPerformanceHistory.mrf.clientPartner.employeeStatus]
 |  |  |  +-DelayedCollectionFetch [com.rts.tap.model.VendorPerformanceHistory.mrf.clientPartner.experience]
 |  |  |  +-DelayedCollectionFetch [com.rts.tap.model.VendorPerformanceHistory.mrf.clientPartner.familyDetails]
 |  |  |  +-BasicFetch [com.rts.tap.model.VendorPerformanceHistory.mrf.clientPartner.managerId]
 |  |  |  +-EntityDelayedFetchImpl [com.rts.tap.model.VendorPerformanceHistory.mrf.clientPartner.personalInfo]
 |  |  |  +-DelayedCollectionFetch [com.rts.tap.model.VendorPerformanceHistory.mrf.clientPartner.qualification]
 |  |  |  +-EntityDelayedFetchImpl [com.rts.tap.model.VendorPerformanceHistory.mrf.clientPartner.role]
 |  |  |  +-BasicFetch [com.rts.tap.model.VendorPerformanceHistory.mrf.clientPartner.updatedDate]
 |  |  |  \-BasicFetch [com.rts.tap.model.VendorPerformanceHistory.mrf.clientPartner.workLocation]
 |  |  +-BasicFetch [com.rts.tap.model.VendorPerformanceHistory.mrf.createdAt]
 |  |  +-EntityFetchJoinedImpl [com.rts.tap.model.VendorPerformanceHistory.mrf.mrfAgreement]
 |  |  |  +-BasicFetch [com.rts.tap.model.VendorPerformanceHistory.mrf.mrfAgreement.billingCycle]
 |  |  |  +-BasicFetch [com.rts.tap.model.VendorPerformanceHistory.mrf.mrfAgreement.mrfTemplate]
 |  |  |  +-BasicFetch [com.rts.tap.model.VendorPerformanceHistory.mrf.mrfAgreement.negotiatedPricePoint]
 |  |  |  +-BasicFetch [com.rts.tap.model.VendorPerformanceHistory.mrf.mrfAgreement.proposedBudget]
 |  |  |  \-BasicFetch [com.rts.tap.model.VendorPerformanceHistory.mrf.mrfAgreement.serviceLevelAgreement]
 |  |  +-EntityFetchJoinedImpl [com.rts.tap.model.VendorPerformanceHistory.mrf.mrfCriteria]
 |  |  |  +-BasicFetch [com.rts.tap.model.VendorPerformanceHistory.mrf.mrfCriteria.IsCertificationNeeded]
 |  |  |  +-BasicFetch [com.rts.tap.model.VendorPerformanceHistory.mrf.mrfCriteria.IsVisaRequired]
 |  |  |  +-BasicFetch [com.rts.tap.model.VendorPerformanceHistory.mrf.mrfCriteria.certificate]
 |  |  |  +-BasicFetch [com.rts.tap.model.VendorPerformanceHistory.mrf.mrfCriteria.closureDate]
 |  |  |  +-BasicFetch [com.rts.tap.model.VendorPerformanceHistory.mrf.mrfCriteria.contractStartDate]
 |  |  |  +-BasicFetch [com.rts.tap.model.VendorPerformanceHistory.mrf.mrfCriteria.educationalQualification]
 |  |  |  +-BasicFetch [com.rts.tap.model.VendorPerformanceHistory.mrf.mrfCriteria.employmentMode]
 |  |  |  +-BasicFetch [com.rts.tap.model.VendorPerformanceHistory.mrf.mrfCriteria.jobLocation]
 |  |  |  +-BasicFetch [com.rts.tap.model.VendorPerformanceHistory.mrf.mrfCriteria.maximumCTC]
 |  |  |  +-BasicFetch [com.rts.tap.model.VendorPerformanceHistory.mrf.mrfCriteria.minimumCTC]
 |  |  |  +-BasicFetch [com.rts.tap.model.VendorPerformanceHistory.mrf.mrfCriteria.mrfLossOrProfit]
 |  |  |  +-BasicFetch [com.rts.tap.model.VendorPerformanceHistory.mrf.mrfCriteria.visaType]
 |  |  |  \-BasicFetch [com.rts.tap.model.VendorPerformanceHistory.mrf.mrfCriteria.yearsOfExperience]
 |  |  +-BasicFetch [com.rts.tap.model.VendorPerformanceHistory.mrf.mrfDepartmentName]
 |  |  +-EntityFetchJoinedImpl [com.rts.tap.model.VendorPerformanceHistory.mrf.mrfJd]
 |  |  |  +-BasicFetch [com.rts.tap.model.VendorPerformanceHistory.mrf.mrfJd.jobParameter]
 |  |  |  +-BasicFetch [com.rts.tap.model.VendorPerformanceHistory.mrf.mrfJd.jobTitle]
 |  |  |  \-BasicFetch [com.rts.tap.model.VendorPerformanceHistory.mrf.mrfJd.rolesAndResponsibilities]
 |  |  +-BasicFetch [com.rts.tap.model.VendorPerformanceHistory.mrf.mrfRequiredTechnology]
 |  |  +-EntityFetchJoinedImpl [com.rts.tap.model.VendorPerformanceHistory.mrf.mrfStatus]
 |  |  |  +-BasicFetch [com.rts.tap.model.VendorPerformanceHistory.mrf.mrfStatus.descriptionForChanges]
 |  |  |  +-BasicFetch [com.rts.tap.model.VendorPerformanceHistory.mrf.mrfStatus.mrfApprovalStatus]
 |  |  |  +-BasicFetch [com.rts.tap.model.VendorPerformanceHistory.mrf.mrfStatus.mrfStage]
 |  |  |  +-BasicFetch [com.rts.tap.model.VendorPerformanceHistory.mrf.mrfStatus.mrfType]
 |  |  |  +-BasicFetch [com.rts.tap.model.VendorPerformanceHistory.mrf.mrfStatus.reasonForLost]
 |  |  |  \-BasicFetch [com.rts.tap.model.VendorPerformanceHistory.mrf.mrfStatus.requirementFilled]
 |  |  +-BasicFetch [com.rts.tap.model.VendorPerformanceHistory.mrf.probableDesignation]
 |  |  +-BasicFetch [com.rts.tap.model.VendorPerformanceHistory.mrf.requiredResourceCount]
 |  |  +-BasicFetch [com.rts.tap.model.VendorPerformanceHistory.mrf.requiredSkills]
 |  |  +-EntityFetchJoinedImpl [com.rts.tap.model.VendorPerformanceHistory.mrf.requirement]
 |  |  |  +-BasicFetch [com.rts.tap.model.VendorPerformanceHistory.mrf.requirement.budget]
 |  |  |  +-EntityFetchSelectImpl [com.rts.tap.model.VendorPerformanceHistory.mrf.requirement.client]
 |  |  |  +-BasicFetch [com.rts.tap.model.VendorPerformanceHistory.mrf.requirement.createdAt]
 |  |  |  +-DelayedCollectionFetch [com.rts.tap.model.VendorPerformanceHistory.mrf.requirement.subrequirement]
 |  |  |  +-BasicFetch [com.rts.tap.model.VendorPerformanceHistory.mrf.requirement.timeline]
 |  |  |  \-BasicFetch [com.rts.tap.model.VendorPerformanceHistory.mrf.requirement.totalRequiredResourceCount]
 |  |  +-EntityFetchJoinedImpl [com.rts.tap.model.VendorPerformanceHistory.mrf.subRequirements]
 |  |  |  +-BasicFetch [com.rts.tap.model.VendorPerformanceHistory.mrf.subRequirements.resourceCount]
 |  |  |  \-BasicFetch [com.rts.tap.model.VendorPerformanceHistory.mrf.subRequirements.role]
 |  |  \-BasicFetch [com.rts.tap.model.VendorPerformanceHistory.mrf.updatedAt]
 |  +-BasicFetch [com.rts.tap.model.VendorPerformanceHistory.offerAcceptanceRate]
 |  +-BasicFetch [com.rts.tap.model.VendorPerformanceHistory.timeToFill]
 |  +-BasicFetch [com.rts.tap.model.VendorPerformanceHistory.updatedDate]
 |  \-EntityFetchJoinedImpl [com.rts.tap.model.VendorPerformanceHistory.vendor]
 |  |  +-BasicFetch [com.rts.tap.model.VendorPerformanceHistory.vendor.address]
 |  |  +-BasicFetch [com.rts.tap.model.VendorPerformanceHistory.vendor.contactName]
 |  |  +-BasicFetch [com.rts.tap.model.VendorPerformanceHistory.vendor.contactNumber]
 |  |  +-BasicFetch [com.rts.tap.model.VendorPerformanceHistory.vendor.isPasswordChanged]
 |  |  +-BasicFetch [com.rts.tap.model.VendorPerformanceHistory.vendor.organizationName]
 |  |  +-BasicFetch [com.rts.tap.model.VendorPerformanceHistory.vendor.taxIdentifyNumber]
 |  |  +-EntityFetchJoinedImpl [com.rts.tap.model.VendorPerformanceHistory.vendor.thirdPartyCredentitals]
 |  |  |  +-BasicFetch [com.rts.tap.model.VendorPerformanceHistory.vendor.thirdPartyCredentitals.email]
 |  |  |  +-BasicFetch [com.rts.tap.model.VendorPerformanceHistory.vendor.thirdPartyCredentitals.expirationTime]
 |  |  |  +-BasicFetch [com.rts.tap.model.VendorPerformanceHistory.vendor.thirdPartyCredentitals.isPasswordChanged]
 |  |  |  +-BasicFetch [com.rts.tap.model.VendorPerformanceHistory.vendor.thirdPartyCredentitals.otp]
 |  |  |  +-BasicFetch [com.rts.tap.model.VendorPerformanceHistory.vendor.thirdPartyCredentitals.password]
 |  |  |  +-EntityFetchSelectImpl [com.rts.tap.model.VendorPerformanceHistory.vendor.thirdPartyCredentitals.role]
 |  |  |  \-BasicFetch [com.rts.tap.model.VendorPerformanceHistory.vendor.thirdPartyCredentitals.username]
 |  |  +-BasicFetch [com.rts.tap.model.VendorPerformanceHistory.vendor.vendorOrganizationLogo]
 |  |  \-BasicFetch [com.rts.tap.model.VendorPerformanceHistory.vendor.websiteUrl]

2025-02-03 12:08:31 [main] DEBUG org.hibernate.orm.sql.ast.tree - SQL AST Tree:
    SelectStatement {
      FromClause {
        StandardTableGroup (vph1 : com.rts.tap.model.VendorPerformanceHistory) {
          primaryTableReference : vendor_performance_history as vph1_0
          TableGroupJoins {
            left  join LazyTableGroup (m1 : com.rts.tap.model.VendorPerformanceHistory.mrf) {
              primaryTableReference : mrf_table as m1_0
              TableGroupJoins {
                left  join LazyTableGroup (buh1 : com.rts.tap.model.VendorPerformanceHistory.mrf.businessUnitHead) {
                  primaryTableReference : employees as buh1_0
                  TableGroupJoins {
                    left  join LazyTableGroup (bu1 : com.rts.tap.model.VendorPerformanceHistory.mrf.businessUnitHead.businessUnit) {
                    }
                    left  join LazyTableGroup (pi1 : com.rts.tap.model.VendorPerformanceHistory.mrf.businessUnitHead.personalInfo) {
                    }
                    left  join LazyTableGroup (r1 : com.rts.tap.model.VendorPerformanceHistory.mrf.businessUnitHead.role) {
                    }
                  }
                }
                left  join LazyTableGroup (cp1 : com.rts.tap.model.VendorPerformanceHistory.mrf.clientPartner) {
                  primaryTableReference : employees as cp1_0
                  TableGroupJoins {
                    left  join LazyTableGroup (bu2 : com.rts.tap.model.VendorPerformanceHistory.mrf.clientPartner.businessUnit) {
                    }
                    left  join LazyTableGroup (pi2 : com.rts.tap.model.VendorPerformanceHistory.mrf.clientPartner.personalInfo) {
                    }
                    left  join LazyTableGroup (r2 : com.rts.tap.model.VendorPerformanceHistory.mrf.clientPartner.role) {
                    }
                  }
                }
                left  join LazyTableGroup (ma1 : com.rts.tap.model.VendorPerformanceHistory.mrf.mrfAgreement) {
                  primaryTableReference : mrf_agreement_table as ma1_0
                }
                left  join LazyTableGroup (mc1 : com.rts.tap.model.VendorPerformanceHistory.mrf.mrfCriteria) {
                  primaryTableReference : mrf_criteria_table as mc1_0
                }
                left  join LazyTableGroup (mj1 : com.rts.tap.model.VendorPerformanceHistory.mrf.mrfJd) {
                  primaryTableReference : mrf_jd as mj1_0
                }
                left  join LazyTableGroup (ms1 : com.rts.tap.model.VendorPerformanceHistory.mrf.mrfStatus) {
                  primaryTableReference : mrf_status_table as ms1_0
                }
                left  join LazyTableGroup (r3 : com.rts.tap.model.VendorPerformanceHistory.mrf.requirement) {
                  primaryTableReference : requirements as r3_0
                  TableGroupJoins {
                    left  join LazyTableGroup (c1 : com.rts.tap.model.VendorPerformanceHistory.mrf.requirement.client) {
                    }
                  }
                }
                left  join LazyTableGroup (sr1 : com.rts.tap.model.VendorPerformanceHistory.mrf.subRequirements) {
                  primaryTableReference : sub_requirements as sr1_0
                }
              }
            }
            left  join LazyTableGroup (v1 : com.rts.tap.model.VendorPerformanceHistory.vendor) {
              primaryTableReference : vendors as v1_0
              TableGroupJoins {
                left  join LazyTableGroup (tpc1 : com.rts.tap.model.VendorPerformanceHistory.vendor.thirdPartyCredentitals) {
                  primaryTableReference : third_party_credentials as tpc1_0
                  TableGroupJoins {
                    left  join LazyTableGroup (r4 : com.rts.tap.model.VendorPerformanceHistory.vendor.thirdPartyCredentitals.role) {
                    }
                  }
                }
              }
            }
          }
        }
      }
    }

2025-02-03 12:08:31 [main] DEBUG o.h.p.entity.AbstractEntityPersister - Static SQL for entity: com.rts.tap.model.VendorPerformanceHistory
2025-02-03 12:08:31 [main] DEBUG o.h.p.entity.AbstractEntityPersister -  Version select: select vendor_performance_history_id from vendor_performance_history where vendor_performance_history_id=?
2025-02-03 12:08:31 [main] DEBUG o.h.p.entity.AbstractEntityPersister -  Insert (0): insert into vendor_performance_history (assigned_date,closed_date,collective_score,grade,mrf_id,offer_acceptance_rate,time_to_fill,updated_date,vendor_id) values (?,?,?,?,?,?,?,?,?)
2025-02-03 12:08:31 [main] DEBUG o.h.p.entity.AbstractEntityPersister -  Update (0): update vendor_performance_history set assigned_date=?,closed_date=?,collective_score=?,grade=?,mrf_id=?,offer_acceptance_rate=?,time_to_fill=?,updated_date=?,vendor_id=? where vendor_performance_history_id=?
2025-02-03 12:08:31 [main] DEBUG o.h.p.entity.AbstractEntityPersister -  Delete (0): delete from vendor_performance_history where vendor_performance_history_id=?
2025-02-03 12:08:31 [main] DEBUG org.hibernate.orm.sql.ast.create - Created new SQL alias : bu1_0
2025-02-03 12:08:31 [main] DEBUG org.hibernate.orm.sql.ast.create - Registration of TableGroup [StandardTableGroup(com.rts.tap.model.BusinessUnit)] with identifierForTableGroup [com.rts.tap.model.BusinessUnit] for NavigablePath [com.rts.tap.model.BusinessUnit] 
2025-02-03 12:08:31 [main] DEBUG org.hibernate.orm.sql.ast.create - Registration of TableGroup [org.hibernate.sql.ast.tree.from.LazyTableGroup@27c68ccb] with identifierForTableGroup [com.rts.tap.model.BusinessUnit.organization] for NavigablePath [com.rts.tap.model.BusinessUnit.organization] 
2025-02-03 12:08:31 [main] DEBUG org.hibernate.orm.sql.ast.create - Created new SQL alias : o1_0
2025-02-03 12:08:31 [main] DEBUG org.hibernate.orm.results.graph.AST - DomainResult Graph:
 \-EntityResultImpl [com.rts.tap.model.BusinessUnit]
 |  +-BasicFetch [com.rts.tap.model.BusinessUnit.businessUnitLocation]
 |  +-BasicFetch [com.rts.tap.model.BusinessUnit.businessUnitName]
 |  +-BasicFetch [com.rts.tap.model.BusinessUnit.createdDate]
 |  +-BasicFetch [com.rts.tap.model.BusinessUnit.description]
 |  +-EntityFetchJoinedImpl [com.rts.tap.model.BusinessUnit.organization]
 |  |  +-BasicFetch [com.rts.tap.model.BusinessUnit.organization.contactPersonEmail]
 |  |  +-BasicFetch [com.rts.tap.model.BusinessUnit.organization.contactPersonName]
 |  |  +-BasicFetch [com.rts.tap.model.BusinessUnit.organization.contactPersonPhone]
 |  |  +-BasicFetch [com.rts.tap.model.BusinessUnit.organization.createdDate]
 |  |  +-BasicFetch [com.rts.tap.model.BusinessUnit.organization.industryType]
 |  |  +-BasicFetch [com.rts.tap.model.BusinessUnit.organization.logo]
 |  |  +-BasicFetch [com.rts.tap.model.BusinessUnit.organization.organizationAddress]
 |  |  +-BasicFetch [com.rts.tap.model.BusinessUnit.organization.organizationEstablishedDate]
 |  |  +-BasicFetch [com.rts.tap.model.BusinessUnit.organization.organizationName]
 |  |  +-BasicFetch [com.rts.tap.model.BusinessUnit.organization.organizationStatus]
 |  |  +-BasicFetch [com.rts.tap.model.BusinessUnit.organization.organizationWebsiteUrl]
 |  |  +-BasicFetch [com.rts.tap.model.BusinessUnit.organization.size]
 |  |  \-BasicFetch [com.rts.tap.model.BusinessUnit.organization.updatedDate]
 |  \-BasicFetch [com.rts.tap.model.BusinessUnit.updatedDate]

2025-02-03 12:08:31 [main] DEBUG org.hibernate.orm.sql.ast.tree - SQL AST Tree:
    SelectStatement {
      FromClause {
        StandardTableGroup (bu1 : com.rts.tap.model.BusinessUnit) {
          primaryTableReference : business_units as bu1_0
          TableGroupJoins {
            left  join LazyTableGroup (o1 : com.rts.tap.model.BusinessUnit.organization) {
              primaryTableReference : organizations as o1_0
            }
          }
        }
      }
    }

2025-02-03 12:08:31 [main] DEBUG o.h.p.entity.AbstractEntityPersister - Static SQL for entity: com.rts.tap.model.BusinessUnit
2025-02-03 12:08:31 [main] DEBUG o.h.p.entity.AbstractEntityPersister -  Version select: select businessunit_id from business_units where businessunit_id=?
2025-02-03 12:08:31 [main] DEBUG o.h.p.entity.AbstractEntityPersister -  Insert (0): insert into business_units (business_unit_location,business_unit_name,created_date,description,organization_id,updated_date) values (?,?,?,?,?,?)
2025-02-03 12:08:31 [main] DEBUG o.h.p.entity.AbstractEntityPersister -  Update (0): update business_units set business_unit_location=?,business_unit_name=?,description=?,organization_id=?,updated_date=? where businessunit_id=?
2025-02-03 12:08:31 [main] DEBUG o.h.p.entity.AbstractEntityPersister -  Delete (0): delete from business_units where businessunit_id=?
2025-02-03 12:08:31 [main] DEBUG org.hibernate.orm.sql.ast.create - Created new SQL alias : m1_0
2025-02-03 12:08:31 [main] DEBUG org.hibernate.orm.sql.ast.create - Registration of TableGroup [StandardTableGroup(com.rts.tap.model.MRFRecruiters)] with identifierForTableGroup [com.rts.tap.model.MRFRecruiters] for NavigablePath [com.rts.tap.model.MRFRecruiters] 
2025-02-03 12:08:31 [main] DEBUG org.hibernate.orm.sql.ast.create - Registration of TableGroup [org.hibernate.sql.ast.tree.from.LazyTableGroup@3d2ec8b2] with identifierForTableGroup [com.rts.tap.model.MRFRecruiters.mrfRecruitingManager] for NavigablePath [com.rts.tap.model.MRFRecruiters.mrfRecruitingManager] 
2025-02-03 12:08:31 [main] DEBUG org.hibernate.orm.sql.ast.create - Created new SQL alias : mrm1_0
2025-02-03 12:08:31 [main] DEBUG org.hibernate.orm.sql.ast.create - Registration of TableGroup [org.hibernate.sql.ast.tree.from.LazyTableGroup@43905ade] with identifierForTableGroup [com.rts.tap.model.MRFRecruiters.mrfRecruitingManager.mrf] for NavigablePath [com.rts.tap.model.MRFRecruiters.mrfRecruitingManager.mrf] 
2025-02-03 12:08:31 [main] DEBUG org.hibernate.orm.sql.ast.create - Created new SQL alias : m2_0
2025-02-03 12:08:31 [main] DEBUG org.hibernate.orm.sql.ast.create - Registration of TableGroup [org.hibernate.sql.ast.tree.from.LazyTableGroup@502326b3] with identifierForTableGroup [com.rts.tap.model.MRFRecruiters.mrfRecruitingManager.mrf.businessUnitHead] for NavigablePath [com.rts.tap.model.MRFRecruiters.mrfRecruitingManager.mrf.businessUnitHead] 
2025-02-03 12:08:31 [main] DEBUG org.hibernate.orm.sql.ast.create - Registration of TableGroup [org.hibernate.sql.ast.tree.from.LazyTableGroup@5f51f320] with identifierForTableGroup [com.rts.tap.model.MRFRecruiters.mrfRecruitingManager.mrf.clientPartner] for NavigablePath [com.rts.tap.model.MRFRecruiters.mrfRecruitingManager.mrf.clientPartner] 
2025-02-03 12:08:31 [main] DEBUG org.hibernate.orm.sql.ast.create - Registration of TableGroup [org.hibernate.sql.ast.tree.from.LazyTableGroup@14f1db20] with identifierForTableGroup [com.rts.tap.model.MRFRecruiters.mrfRecruitingManager.mrf.mrfAgreement] for NavigablePath [com.rts.tap.model.MRFRecruiters.mrfRecruitingManager.mrf.mrfAgreement] 
2025-02-03 12:08:31 [main] DEBUG org.hibernate.orm.sql.ast.create - Registration of TableGroup [org.hibernate.sql.ast.tree.from.LazyTableGroup@557635ca] with identifierForTableGroup [com.rts.tap.model.MRFRecruiters.mrfRecruitingManager.mrf.mrfCriteria] for NavigablePath [com.rts.tap.model.MRFRecruiters.mrfRecruitingManager.mrf.mrfCriteria] 
2025-02-03 12:08:31 [main] DEBUG org.hibernate.orm.sql.ast.create - Registration of TableGroup [org.hibernate.sql.ast.tree.from.LazyTableGroup@1c298769] with identifierForTableGroup [com.rts.tap.model.MRFRecruiters.mrfRecruitingManager.mrf.mrfJd] for NavigablePath [com.rts.tap.model.MRFRecruiters.mrfRecruitingManager.mrf.mrfJd] 
2025-02-03 12:08:31 [main] DEBUG org.hibernate.orm.sql.ast.create - Registration of TableGroup [org.hibernate.sql.ast.tree.from.LazyTableGroup@4cb1af3f] with identifierForTableGroup [com.rts.tap.model.MRFRecruiters.mrfRecruitingManager.mrf.mrfStatus] for NavigablePath [com.rts.tap.model.MRFRecruiters.mrfRecruitingManager.mrf.mrfStatus] 
2025-02-03 12:08:31 [main] DEBUG org.hibernate.orm.sql.ast.create - Registration of TableGroup [org.hibernate.sql.ast.tree.from.LazyTableGroup@56034552] with identifierForTableGroup [com.rts.tap.model.MRFRecruiters.mrfRecruitingManager.mrf.requirement] for NavigablePath [com.rts.tap.model.MRFRecruiters.mrfRecruitingManager.mrf.requirement] 
2025-02-03 12:08:31 [main] DEBUG org.hibernate.orm.sql.ast.create - Registration of TableGroup [org.hibernate.sql.ast.tree.from.LazyTableGroup@32bff23d] with identifierForTableGroup [com.rts.tap.model.MRFRecruiters.mrfRecruitingManager.mrf.subRequirements] for NavigablePath [com.rts.tap.model.MRFRecruiters.mrfRecruitingManager.mrf.subRequirements] 
2025-02-03 12:08:31 [main] DEBUG org.hibernate.orm.sql.ast.create - Registration of TableGroup [org.hibernate.sql.ast.tree.from.LazyTableGroup@627d29cc] with identifierForTableGroup [com.rts.tap.model.MRFRecruiters.mrfRecruitingManager.recruitingManager] for NavigablePath [com.rts.tap.model.MRFRecruiters.mrfRecruitingManager.recruitingManager] 
2025-02-03 12:08:31 [main] DEBUG org.hibernate.orm.sql.ast.create - Created new SQL alias : rm1_0
2025-02-03 12:08:31 [main] DEBUG org.hibernate.orm.sql.ast.create - Registration of TableGroup [org.hibernate.sql.ast.tree.from.LazyTableGroup@23f4aaeb] with identifierForTableGroup [com.rts.tap.model.MRFRecruiters.mrfRecruitingManager.recruitingManager.businessUnit] for NavigablePath [com.rts.tap.model.MRFRecruiters.mrfRecruitingManager.recruitingManager.businessUnit] 
2025-02-03 12:08:31 [main] DEBUG org.hibernate.orm.sql.ast.create - Registration of TableGroup [org.hibernate.sql.ast.tree.from.LazyTableGroup@6f914212] with identifierForTableGroup [com.rts.tap.model.MRFRecruiters.mrfRecruitingManager.recruitingManager.personalInfo] for NavigablePath [com.rts.tap.model.MRFRecruiters.mrfRecruitingManager.recruitingManager.personalInfo] 
2025-02-03 12:08:31 [main] DEBUG org.hibernate.orm.sql.ast.create - Registration of TableGroup [org.hibernate.sql.ast.tree.from.LazyTableGroup@22726bc7] with identifierForTableGroup [com.rts.tap.model.MRFRecruiters.mrfRecruitingManager.recruitingManager.role] for NavigablePath [com.rts.tap.model.MRFRecruiters.mrfRecruitingManager.recruitingManager.role] 
2025-02-03 12:08:31 [main] DEBUG org.hibernate.orm.sql.ast.create - Registration of TableGroup [org.hibernate.sql.ast.tree.from.LazyTableGroup@294a150c] with identifierForTableGroup [com.rts.tap.model.MRFRecruiters.recruiterId] for NavigablePath [com.rts.tap.model.MRFRecruiters.recruiterId] 
2025-02-03 12:08:31 [main] DEBUG org.hibernate.orm.sql.ast.create - Created new SQL alias : ri1_0
2025-02-03 12:08:31 [main] DEBUG org.hibernate.orm.sql.ast.create - Registration of TableGroup [org.hibernate.sql.ast.tree.from.LazyTableGroup@2fef413c] with identifierForTableGroup [com.rts.tap.model.MRFRecruiters.recruiterId.businessUnit] for NavigablePath [com.rts.tap.model.MRFRecruiters.recruiterId.businessUnit] 
2025-02-03 12:08:31 [main] DEBUG org.hibernate.orm.sql.ast.create - Registration of TableGroup [org.hibernate.sql.ast.tree.from.LazyTableGroup@4a0b1701] with identifierForTableGroup [com.rts.tap.model.MRFRecruiters.recruiterId.personalInfo] for NavigablePath [com.rts.tap.model.MRFRecruiters.recruiterId.personalInfo] 
2025-02-03 12:08:31 [main] DEBUG org.hibernate.orm.sql.ast.create - Registration of TableGroup [org.hibernate.sql.ast.tree.from.LazyTableGroup@7b9661d4] with identifierForTableGroup [com.rts.tap.model.MRFRecruiters.recruiterId.role] for NavigablePath [com.rts.tap.model.MRFRecruiters.recruiterId.role] 
2025-02-03 12:08:31 [main] DEBUG org.hibernate.orm.results.graph.AST - DomainResult Graph:
 \-EntityResultImpl [com.rts.tap.model.MRFRecruiters]
 |  +-BasicFetch [com.rts.tap.model.MRFRecruiters.achievedCount]
 |  +-BasicFetch [com.rts.tap.model.MRFRecruiters.assignedCount]
 |  +-BasicFetch [com.rts.tap.model.MRFRecruiters.closedDate]
 |  +-BasicFetch [com.rts.tap.model.MRFRecruiters.createdAt]
 |  +-EntityFetchJoinedImpl [com.rts.tap.model.MRFRecruiters.mrfRecruitingManager]
 |  |  +-EntityFetchJoinedImpl [com.rts.tap.model.MRFRecruiters.mrfRecruitingManager.mrf]
 |  |  |  +-EntityFetchSelectImpl [com.rts.tap.model.MRFRecruiters.mrfRecruitingManager.mrf.businessUnitHead]
 |  |  |  +-EntityFetchSelectImpl [com.rts.tap.model.MRFRecruiters.mrfRecruitingManager.mrf.clientPartner]
 |  |  |  +-BasicFetch [com.rts.tap.model.MRFRecruiters.mrfRecruitingManager.mrf.createdAt]
 |  |  |  +-EntityFetchSelectImpl [com.rts.tap.model.MRFRecruiters.mrfRecruitingManager.mrf.mrfAgreement]
 |  |  |  +-EntityFetchSelectImpl [com.rts.tap.model.MRFRecruiters.mrfRecruitingManager.mrf.mrfCriteria]
 |  |  |  +-BasicFetch [com.rts.tap.model.MRFRecruiters.mrfRecruitingManager.mrf.mrfDepartmentName]
 |  |  |  +-EntityFetchSelectImpl [com.rts.tap.model.MRFRecruiters.mrfRecruitingManager.mrf.mrfJd]
 |  |  |  +-BasicFetch [com.rts.tap.model.MRFRecruiters.mrfRecruitingManager.mrf.mrfRequiredTechnology]
 |  |  |  +-EntityFetchSelectImpl [com.rts.tap.model.MRFRecruiters.mrfRecruitingManager.mrf.mrfStatus]
 |  |  |  +-BasicFetch [com.rts.tap.model.MRFRecruiters.mrfRecruitingManager.mrf.probableDesignation]
 |  |  |  +-BasicFetch [com.rts.tap.model.MRFRecruiters.mrfRecruitingManager.mrf.requiredResourceCount]
 |  |  |  +-BasicFetch [com.rts.tap.model.MRFRecruiters.mrfRecruitingManager.mrf.requiredSkills]
 |  |  |  +-EntityFetchSelectImpl [com.rts.tap.model.MRFRecruiters.mrfRecruitingManager.mrf.requirement]
 |  |  |  +-EntityFetchSelectImpl [com.rts.tap.model.MRFRecruiters.mrfRecruitingManager.mrf.subRequirements]
 |  |  |  \-BasicFetch [com.rts.tap.model.MRFRecruiters.mrfRecruitingManager.mrf.updatedAt]
 |  |  +-EntityFetchJoinedImpl [com.rts.tap.model.MRFRecruiters.mrfRecruitingManager.recruitingManager]
 |  |  |  +-EntityDelayedFetchImpl [com.rts.tap.model.MRFRecruiters.mrfRecruitingManager.recruitingManager.businessUnit]
 |  |  |  +-BasicFetch [com.rts.tap.model.MRFRecruiters.mrfRecruitingManager.recruitingManager.candidateId]
 |  |  |  +-BasicFetch [com.rts.tap.model.MRFRecruiters.mrfRecruitingManager.recruitingManager.createdDate]
 |  |  |  +-DelayedCollectionFetch [com.rts.tap.model.MRFRecruiters.mrfRecruitingManager.recruitingManager.documents]
 |  |  |  +-BasicFetch [com.rts.tap.model.MRFRecruiters.mrfRecruitingManager.recruitingManager.employeeEmail]
 |  |  |  +-BasicFetch [com.rts.tap.model.MRFRecruiters.mrfRecruitingManager.recruitingManager.employeeName]
 |  |  |  +-BasicFetch [com.rts.tap.model.MRFRecruiters.mrfRecruitingManager.recruitingManager.employeeStatus]
 |  |  |  +-DelayedCollectionFetch [com.rts.tap.model.MRFRecruiters.mrfRecruitingManager.recruitingManager.experience]
 |  |  |  +-DelayedCollectionFetch [com.rts.tap.model.MRFRecruiters.mrfRecruitingManager.recruitingManager.familyDetails]
 |  |  |  +-BasicFetch [com.rts.tap.model.MRFRecruiters.mrfRecruitingManager.recruitingManager.managerId]
 |  |  |  +-EntityDelayedFetchImpl [com.rts.tap.model.MRFRecruiters.mrfRecruitingManager.recruitingManager.personalInfo]
 |  |  |  +-DelayedCollectionFetch [com.rts.tap.model.MRFRecruiters.mrfRecruitingManager.recruitingManager.qualification]
 |  |  |  +-EntityDelayedFetchImpl [com.rts.tap.model.MRFRecruiters.mrfRecruitingManager.recruitingManager.role]
 |  |  |  +-BasicFetch [com.rts.tap.model.MRFRecruiters.mrfRecruitingManager.recruitingManager.updatedDate]
 |  |  |  \-BasicFetch [com.rts.tap.model.MRFRecruiters.mrfRecruitingManager.recruitingManager.workLocation]
 |  |  \-BasicFetch [com.rts.tap.model.MRFRecruiters.mrfRecruitingManager.recruitingManagerAssignedStatus]
 |  +-BasicFetch [com.rts.tap.model.MRFRecruiters.recruiterAssignedStatus]
 |  +-EntityFetchJoinedImpl [com.rts.tap.model.MRFRecruiters.recruiterId]
 |  |  +-EntityDelayedFetchImpl [com.rts.tap.model.MRFRecruiters.recruiterId.businessUnit]
 |  |  +-BasicFetch [com.rts.tap.model.MRFRecruiters.recruiterId.candidateId]
 |  |  +-BasicFetch [com.rts.tap.model.MRFRecruiters.recruiterId.createdDate]
 |  |  +-DelayedCollectionFetch [com.rts.tap.model.MRFRecruiters.recruiterId.documents]
 |  |  +-BasicFetch [com.rts.tap.model.MRFRecruiters.recruiterId.employeeEmail]
 |  |  +-BasicFetch [com.rts.tap.model.MRFRecruiters.recruiterId.employeeName]
 |  |  +-BasicFetch [com.rts.tap.model.MRFRecruiters.recruiterId.employeeStatus]
 |  |  +-DelayedCollectionFetch [com.rts.tap.model.MRFRecruiters.recruiterId.experience]
 |  |  +-DelayedCollectionFetch [com.rts.tap.model.MRFRecruiters.recruiterId.familyDetails]
 |  |  +-BasicFetch [com.rts.tap.model.MRFRecruiters.recruiterId.managerId]
 |  |  +-EntityDelayedFetchImpl [com.rts.tap.model.MRFRecruiters.recruiterId.personalInfo]
 |  |  +-DelayedCollectionFetch [com.rts.tap.model.MRFRecruiters.recruiterId.qualification]
 |  |  +-EntityDelayedFetchImpl [com.rts.tap.model.MRFRecruiters.recruiterId.role]
 |  |  +-BasicFetch [com.rts.tap.model.MRFRecruiters.recruiterId.updatedDate]
 |  |  \-BasicFetch [com.rts.tap.model.MRFRecruiters.recruiterId.workLocation]
 |  \-BasicFetch [com.rts.tap.model.MRFRecruiters.updatedAt]

2025-02-03 12:08:31 [main] DEBUG org.hibernate.orm.sql.ast.tree - SQL AST Tree:
    SelectStatement {
      FromClause {
        StandardTableGroup (m1 : com.rts.tap.model.MRFRecruiters) {
          primaryTableReference : mrf_recruiters_table as m1_0
          TableGroupJoins {
            left  join LazyTableGroup (mrm1 : com.rts.tap.model.MRFRecruiters.mrfRecruitingManager) {
              primaryTableReference : mrf_recruiting_manager_table as mrm1_0
              TableGroupJoins {
                left  join LazyTableGroup (m2 : com.rts.tap.model.MRFRecruiters.mrfRecruitingManager.mrf) {
                  primaryTableReference : mrf_table as m2_0
                  TableGroupJoins {
                    left  join LazyTableGroup (buh1 : com.rts.tap.model.MRFRecruiters.mrfRecruitingManager.mrf.businessUnitHead) {
                    }
                    left  join LazyTableGroup (cp1 : com.rts.tap.model.MRFRecruiters.mrfRecruitingManager.mrf.clientPartner) {
                    }
                    left  join LazyTableGroup (ma1 : com.rts.tap.model.MRFRecruiters.mrfRecruitingManager.mrf.mrfAgreement) {
                    }
                    left  join LazyTableGroup (mc1 : com.rts.tap.model.MRFRecruiters.mrfRecruitingManager.mrf.mrfCriteria) {
                    }
                    left  join LazyTableGroup (mj1 : com.rts.tap.model.MRFRecruiters.mrfRecruitingManager.mrf.mrfJd) {
                    }
                    left  join LazyTableGroup (ms1 : com.rts.tap.model.MRFRecruiters.mrfRecruitingManager.mrf.mrfStatus) {
                    }
                    left  join LazyTableGroup (r1 : com.rts.tap.model.MRFRecruiters.mrfRecruitingManager.mrf.requirement) {
                    }
                    left  join LazyTableGroup (sr1 : com.rts.tap.model.MRFRecruiters.mrfRecruitingManager.mrf.subRequirements) {
                    }
                  }
                }
                left  join LazyTableGroup (rm1 : com.rts.tap.model.MRFRecruiters.mrfRecruitingManager.recruitingManager) {
                  primaryTableReference : employees as rm1_0
                  TableGroupJoins {
                    left  join LazyTableGroup (bu1 : com.rts.tap.model.MRFRecruiters.mrfRecruitingManager.recruitingManager.businessUnit) {
                    }
                    left  join LazyTableGroup (pi1 : com.rts.tap.model.MRFRecruiters.mrfRecruitingManager.recruitingManager.personalInfo) {
                    }
                    left  join LazyTableGroup (r2 : com.rts.tap.model.MRFRecruiters.mrfRecruitingManager.recruitingManager.role) {
                    }
                  }
                }
              }
            }
            left  join LazyTableGroup (ri1 : com.rts.tap.model.MRFRecruiters.recruiterId) {
              primaryTableReference : employees as ri1_0
              TableGroupJoins {
                left  join LazyTableGroup (bu2 : com.rts.tap.model.MRFRecruiters.recruiterId.businessUnit) {
                }
                left  join LazyTableGroup (pi2 : com.rts.tap.model.MRFRecruiters.recruiterId.personalInfo) {
                }
                left  join LazyTableGroup (r3 : com.rts.tap.model.MRFRecruiters.recruiterId.role) {
                }
              }
            }
          }
        }
      }
    }

2025-02-03 12:08:31 [main] DEBUG o.h.p.entity.AbstractEntityPersister - Static SQL for entity: com.rts.tap.model.MRFRecruiters
2025-02-03 12:08:31 [main] DEBUG o.h.p.entity.AbstractEntityPersister -  Version select: select mrf_recruiters_id from mrf_recruiters_table where mrf_recruiters_id=?
2025-02-03 12:08:31 [main] DEBUG o.h.p.entity.AbstractEntityPersister -  Insert (0): insert into mrf_recruiters_table (achieved_count,assigned_count,closed_date,created_at,mrf_recruiting_manager_id,recruiter_assigned_status,recruiter_id,updated_at) values (?,?,?,?,?,?,?,?)
2025-02-03 12:08:31 [main] DEBUG o.h.p.entity.AbstractEntityPersister -  Update (0): update mrf_recruiters_table set achieved_count=?,assigned_count=?,closed_date=?,created_at=?,mrf_recruiting_manager_id=?,recruiter_assigned_status=?,recruiter_id=?,updated_at=? where mrf_recruiters_id=?
2025-02-03 12:08:31 [main] DEBUG o.h.p.entity.AbstractEntityPersister -  Delete (0): delete from mrf_recruiters_table where mrf_recruiters_id=?
2025-02-03 12:08:31 [main] DEBUG org.hibernate.orm.sql.ast.create - Created new SQL alias : mm1_0
2025-02-03 12:08:31 [main] DEBUG org.hibernate.orm.sql.ast.create - Registration of TableGroup [StandardTableGroup(com.rts.tap.model.MRFRecruitingManager)] with identifierForTableGroup [com.rts.tap.model.MRFRecruitingManager] for NavigablePath [com.rts.tap.model.MRFRecruitingManager] 
2025-02-03 12:08:31 [main] DEBUG org.hibernate.orm.sql.ast.create - Registration of TableGroup [org.hibernate.sql.ast.tree.from.LazyTableGroup@57bebe03] with identifierForTableGroup [com.rts.tap.model.MRFRecruitingManager.mrf] for NavigablePath [com.rts.tap.model.MRFRecruitingManager.mrf] 
2025-02-03 12:08:31 [main] DEBUG org.hibernate.orm.sql.ast.create - Created new SQL alias : m1_0
2025-02-03 12:08:31 [main] DEBUG org.hibernate.orm.sql.ast.create - Registration of TableGroup [org.hibernate.sql.ast.tree.from.LazyTableGroup@451f08ea] with identifierForTableGroup [com.rts.tap.model.MRFRecruitingManager.mrf.businessUnitHead] for NavigablePath [com.rts.tap.model.MRFRecruitingManager.mrf.businessUnitHead] 
2025-02-03 12:08:31 [main] DEBUG org.hibernate.orm.sql.ast.create - Created new SQL alias : buh1_0
2025-02-03 12:08:31 [main] DEBUG org.hibernate.orm.sql.ast.create - Registration of TableGroup [org.hibernate.sql.ast.tree.from.LazyTableGroup@dcf495c] with identifierForTableGroup [com.rts.tap.model.MRFRecruitingManager.mrf.businessUnitHead.businessUnit] for NavigablePath [com.rts.tap.model.MRFRecruitingManager.mrf.businessUnitHead.businessUnit] 
2025-02-03 12:08:31 [main] DEBUG org.hibernate.orm.sql.ast.create - Registration of TableGroup [org.hibernate.sql.ast.tree.from.LazyTableGroup@60610a2b] with identifierForTableGroup [com.rts.tap.model.MRFRecruitingManager.mrf.businessUnitHead.personalInfo] for NavigablePath [com.rts.tap.model.MRFRecruitingManager.mrf.businessUnitHead.personalInfo] 
2025-02-03 12:08:31 [main] DEBUG org.hibernate.orm.sql.ast.create - Registration of TableGroup [org.hibernate.sql.ast.tree.from.LazyTableGroup@420dee82] with identifierForTableGroup [com.rts.tap.model.MRFRecruitingManager.mrf.businessUnitHead.role] for NavigablePath [com.rts.tap.model.MRFRecruitingManager.mrf.businessUnitHead.role] 
2025-02-03 12:08:31 [main] DEBUG org.hibernate.orm.sql.ast.create - Registration of TableGroup [org.hibernate.sql.ast.tree.from.LazyTableGroup@7f68e671] with identifierForTableGroup [com.rts.tap.model.MRFRecruitingManager.mrf.clientPartner] for NavigablePath [com.rts.tap.model.MRFRecruitingManager.mrf.clientPartner] 
2025-02-03 12:08:31 [main] DEBUG org.hibernate.orm.sql.ast.create - Created new SQL alias : cp1_0
2025-02-03 12:08:31 [main] DEBUG org.hibernate.orm.sql.ast.create - Registration of TableGroup [org.hibernate.sql.ast.tree.from.LazyTableGroup@81ac569] with identifierForTableGroup [com.rts.tap.model.MRFRecruitingManager.mrf.clientPartner.businessUnit] for NavigablePath [com.rts.tap.model.MRFRecruitingManager.mrf.clientPartner.businessUnit] 
2025-02-03 12:08:31 [main] DEBUG org.hibernate.orm.sql.ast.create - Registration of TableGroup [org.hibernate.sql.ast.tree.from.LazyTableGroup@6042b613] with identifierForTableGroup [com.rts.tap.model.MRFRecruitingManager.mrf.clientPartner.personalInfo] for NavigablePath [com.rts.tap.model.MRFRecruitingManager.mrf.clientPartner.personalInfo] 
2025-02-03 12:08:31 [main] DEBUG org.hibernate.orm.sql.ast.create - Registration of TableGroup [org.hibernate.sql.ast.tree.from.LazyTableGroup@4d162d67] with identifierForTableGroup [com.rts.tap.model.MRFRecruitingManager.mrf.clientPartner.role] for NavigablePath [com.rts.tap.model.MRFRecruitingManager.mrf.clientPartner.role] 
2025-02-03 12:08:31 [main] DEBUG org.hibernate.orm.sql.ast.create - Registration of TableGroup [org.hibernate.sql.ast.tree.from.LazyTableGroup@757501da] with identifierForTableGroup [com.rts.tap.model.MRFRecruitingManager.mrf.mrfAgreement] for NavigablePath [com.rts.tap.model.MRFRecruitingManager.mrf.mrfAgreement] 
2025-02-03 12:08:31 [main] DEBUG org.hibernate.orm.sql.ast.create - Created new SQL alias : ma1_0
2025-02-03 12:08:31 [main] DEBUG org.hibernate.orm.sql.ast.create - Registration of TableGroup [org.hibernate.sql.ast.tree.from.LazyTableGroup@2b1aa390] with identifierForTableGroup [com.rts.tap.model.MRFRecruitingManager.mrf.mrfCriteria] for NavigablePath [com.rts.tap.model.MRFRecruitingManager.mrf.mrfCriteria] 
2025-02-03 12:08:31 [main] DEBUG org.hibernate.orm.sql.ast.create - Created new SQL alias : mc1_0
2025-02-03 12:08:31 [main] DEBUG org.hibernate.orm.sql.ast.create - Registration of TableGroup [org.hibernate.sql.ast.tree.from.LazyTableGroup@5e1d6ace] with identifierForTableGroup [com.rts.tap.model.MRFRecruitingManager.mrf.mrfJd] for NavigablePath [com.rts.tap.model.MRFRecruitingManager.mrf.mrfJd] 
2025-02-03 12:08:31 [main] DEBUG org.hibernate.orm.sql.ast.create - Created new SQL alias : mj1_0
2025-02-03 12:08:31 [main] DEBUG org.hibernate.orm.sql.ast.create - Registration of TableGroup [org.hibernate.sql.ast.tree.from.LazyTableGroup@221c097f] with identifierForTableGroup [com.rts.tap.model.MRFRecruitingManager.mrf.mrfStatus] for NavigablePath [com.rts.tap.model.MRFRecruitingManager.mrf.mrfStatus] 
2025-02-03 12:08:31 [main] DEBUG org.hibernate.orm.sql.ast.create - Created new SQL alias : ms1_0
2025-02-03 12:08:31 [main] DEBUG org.hibernate.orm.sql.ast.create - Registration of TableGroup [org.hibernate.sql.ast.tree.from.LazyTableGroup@7f3aa737] with identifierForTableGroup [com.rts.tap.model.MRFRecruitingManager.mrf.requirement] for NavigablePath [com.rts.tap.model.MRFRecruitingManager.mrf.requirement] 
2025-02-03 12:08:31 [main] DEBUG org.hibernate.orm.sql.ast.create - Created new SQL alias : r3_0
2025-02-03 12:08:31 [main] DEBUG org.hibernate.orm.sql.ast.create - Registration of TableGroup [org.hibernate.sql.ast.tree.from.LazyTableGroup@1428d63] with identifierForTableGroup [com.rts.tap.model.MRFRecruitingManager.mrf.requirement.client] for NavigablePath [com.rts.tap.model.MRFRecruitingManager.mrf.requirement.client] 
2025-02-03 12:08:31 [main] DEBUG org.hibernate.orm.sql.ast.create - Registration of TableGroup [org.hibernate.sql.ast.tree.from.LazyTableGroup@34bcdc9f] with identifierForTableGroup [com.rts.tap.model.MRFRecruitingManager.mrf.subRequirements] for NavigablePath [com.rts.tap.model.MRFRecruitingManager.mrf.subRequirements] 
2025-02-03 12:08:31 [main] DEBUG org.hibernate.orm.sql.ast.create - Created new SQL alias : sr1_0
2025-02-03 12:08:31 [main] DEBUG org.hibernate.orm.sql.ast.create - Registration of TableGroup [org.hibernate.sql.ast.tree.from.LazyTableGroup@76296c86] with identifierForTableGroup [com.rts.tap.model.MRFRecruitingManager.recruitingManager] for NavigablePath [com.rts.tap.model.MRFRecruitingManager.recruitingManager] 
2025-02-03 12:08:31 [main] DEBUG org.hibernate.orm.sql.ast.create - Created new SQL alias : rm1_0
2025-02-03 12:08:31 [main] DEBUG org.hibernate.orm.sql.ast.create - Registration of TableGroup [org.hibernate.sql.ast.tree.from.LazyTableGroup@5c807e6b] with identifierForTableGroup [com.rts.tap.model.MRFRecruitingManager.recruitingManager.businessUnit] for NavigablePath [com.rts.tap.model.MRFRecruitingManager.recruitingManager.businessUnit] 
2025-02-03 12:08:31 [main] DEBUG org.hibernate.orm.sql.ast.create - Registration of TableGroup [org.hibernate.sql.ast.tree.from.LazyTableGroup@49bcd90d] with identifierForTableGroup [com.rts.tap.model.MRFRecruitingManager.recruitingManager.personalInfo] for NavigablePath [com.rts.tap.model.MRFRecruitingManager.recruitingManager.personalInfo] 
2025-02-03 12:08:31 [main] DEBUG org.hibernate.orm.sql.ast.create - Registration of TableGroup [org.hibernate.sql.ast.tree.from.LazyTableGroup@1bb6bc81] with identifierForTableGroup [com.rts.tap.model.MRFRecruitingManager.recruitingManager.role] for NavigablePath [com.rts.tap.model.MRFRecruitingManager.recruitingManager.role] 
2025-02-03 12:08:31 [main] DEBUG org.hibernate.orm.results.graph.AST - DomainResult Graph:
 \-EntityResultImpl [com.rts.tap.model.MRFRecruitingManager]
 |  +-EntityFetchJoinedImpl [com.rts.tap.model.MRFRecruitingManager.mrf]
 |  |  +-EntityFetchJoinedImpl [com.rts.tap.model.MRFRecruitingManager.mrf.businessUnitHead]
 |  |  |  +-EntityDelayedFetchImpl [com.rts.tap.model.MRFRecruitingManager.mrf.businessUnitHead.businessUnit]
 |  |  |  +-BasicFetch [com.rts.tap.model.MRFRecruitingManager.mrf.businessUnitHead.candidateId]
 |  |  |  +-BasicFetch [com.rts.tap.model.MRFRecruitingManager.mrf.businessUnitHead.createdDate]
 |  |  |  +-DelayedCollectionFetch [com.rts.tap.model.MRFRecruitingManager.mrf.businessUnitHead.documents]
 |  |  |  +-BasicFetch [com.rts.tap.model.MRFRecruitingManager.mrf.businessUnitHead.employeeEmail]
 |  |  |  +-BasicFetch [com.rts.tap.model.MRFRecruitingManager.mrf.businessUnitHead.employeeName]
 |  |  |  +-BasicFetch [com.rts.tap.model.MRFRecruitingManager.mrf.businessUnitHead.employeeStatus]
 |  |  |  +-DelayedCollectionFetch [com.rts.tap.model.MRFRecruitingManager.mrf.businessUnitHead.experience]
 |  |  |  +-DelayedCollectionFetch [com.rts.tap.model.MRFRecruitingManager.mrf.businessUnitHead.familyDetails]
 |  |  |  +-BasicFetch [com.rts.tap.model.MRFRecruitingManager.mrf.businessUnitHead.managerId]
 |  |  |  +-EntityDelayedFetchImpl [com.rts.tap.model.MRFRecruitingManager.mrf.businessUnitHead.personalInfo]
 |  |  |  +-DelayedCollectionFetch [com.rts.tap.model.MRFRecruitingManager.mrf.businessUnitHead.qualification]
 |  |  |  +-EntityDelayedFetchImpl [com.rts.tap.model.MRFRecruitingManager.mrf.businessUnitHead.role]
 |  |  |  +-BasicFetch [com.rts.tap.model.MRFRecruitingManager.mrf.businessUnitHead.updatedDate]
 |  |  |  \-BasicFetch [com.rts.tap.model.MRFRecruitingManager.mrf.businessUnitHead.workLocation]
 |  |  +-EntityFetchJoinedImpl [com.rts.tap.model.MRFRecruitingManager.mrf.clientPartner]
 |  |  |  +-EntityDelayedFetchImpl [com.rts.tap.model.MRFRecruitingManager.mrf.clientPartner.businessUnit]
 |  |  |  +-BasicFetch [com.rts.tap.model.MRFRecruitingManager.mrf.clientPartner.candidateId]
 |  |  |  +-BasicFetch [com.rts.tap.model.MRFRecruitingManager.mrf.clientPartner.createdDate]
 |  |  |  +-DelayedCollectionFetch [com.rts.tap.model.MRFRecruitingManager.mrf.clientPartner.documents]
 |  |  |  +-BasicFetch [com.rts.tap.model.MRFRecruitingManager.mrf.clientPartner.employeeEmail]
 |  |  |  +-BasicFetch [com.rts.tap.model.MRFRecruitingManager.mrf.clientPartner.employeeName]
 |  |  |  +-BasicFetch [com.rts.tap.model.MRFRecruitingManager.mrf.clientPartner.employeeStatus]
 |  |  |  +-DelayedCollectionFetch [com.rts.tap.model.MRFRecruitingManager.mrf.clientPartner.experience]
 |  |  |  +-DelayedCollectionFetch [com.rts.tap.model.MRFRecruitingManager.mrf.clientPartner.familyDetails]
 |  |  |  +-BasicFetch [com.rts.tap.model.MRFRecruitingManager.mrf.clientPartner.managerId]
 |  |  |  +-EntityDelayedFetchImpl [com.rts.tap.model.MRFRecruitingManager.mrf.clientPartner.personalInfo]
 |  |  |  +-DelayedCollectionFetch [com.rts.tap.model.MRFRecruitingManager.mrf.clientPartner.qualification]
 |  |  |  +-EntityDelayedFetchImpl [com.rts.tap.model.MRFRecruitingManager.mrf.clientPartner.role]
 |  |  |  +-BasicFetch [com.rts.tap.model.MRFRecruitingManager.mrf.clientPartner.updatedDate]
 |  |  |  \-BasicFetch [com.rts.tap.model.MRFRecruitingManager.mrf.clientPartner.workLocation]
 |  |  +-BasicFetch [com.rts.tap.model.MRFRecruitingManager.mrf.createdAt]
 |  |  +-EntityFetchJoinedImpl [com.rts.tap.model.MRFRecruitingManager.mrf.mrfAgreement]
 |  |  |  +-BasicFetch [com.rts.tap.model.MRFRecruitingManager.mrf.mrfAgreement.billingCycle]
 |  |  |  +-BasicFetch [com.rts.tap.model.MRFRecruitingManager.mrf.mrfAgreement.mrfTemplate]
 |  |  |  +-BasicFetch [com.rts.tap.model.MRFRecruitingManager.mrf.mrfAgreement.negotiatedPricePoint]
 |  |  |  +-BasicFetch [com.rts.tap.model.MRFRecruitingManager.mrf.mrfAgreement.proposedBudget]
 |  |  |  \-BasicFetch [com.rts.tap.model.MRFRecruitingManager.mrf.mrfAgreement.serviceLevelAgreement]
 |  |  +-EntityFetchJoinedImpl [com.rts.tap.model.MRFRecruitingManager.mrf.mrfCriteria]
 |  |  |  +-BasicFetch [com.rts.tap.model.MRFRecruitingManager.mrf.mrfCriteria.IsCertificationNeeded]
 |  |  |  +-BasicFetch [com.rts.tap.model.MRFRecruitingManager.mrf.mrfCriteria.IsVisaRequired]
 |  |  |  +-BasicFetch [com.rts.tap.model.MRFRecruitingManager.mrf.mrfCriteria.certificate]
 |  |  |  +-BasicFetch [com.rts.tap.model.MRFRecruitingManager.mrf.mrfCriteria.closureDate]
 |  |  |  +-BasicFetch [com.rts.tap.model.MRFRecruitingManager.mrf.mrfCriteria.contractStartDate]
 |  |  |  +-BasicFetch [com.rts.tap.model.MRFRecruitingManager.mrf.mrfCriteria.educationalQualification]
 |  |  |  +-BasicFetch [com.rts.tap.model.MRFRecruitingManager.mrf.mrfCriteria.employmentMode]
 |  |  |  +-BasicFetch [com.rts.tap.model.MRFRecruitingManager.mrf.mrfCriteria.jobLocation]
 |  |  |  +-BasicFetch [com.rts.tap.model.MRFRecruitingManager.mrf.mrfCriteria.maximumCTC]
 |  |  |  +-BasicFetch [com.rts.tap.model.MRFRecruitingManager.mrf.mrfCriteria.minimumCTC]
 |  |  |  +-BasicFetch [com.rts.tap.model.MRFRecruitingManager.mrf.mrfCriteria.mrfLossOrProfit]
 |  |  |  +-BasicFetch [com.rts.tap.model.MRFRecruitingManager.mrf.mrfCriteria.visaType]
 |  |  |  \-BasicFetch [com.rts.tap.model.MRFRecruitingManager.mrf.mrfCriteria.yearsOfExperience]
 |  |  +-BasicFetch [com.rts.tap.model.MRFRecruitingManager.mrf.mrfDepartmentName]
 |  |  +-EntityFetchJoinedImpl [com.rts.tap.model.MRFRecruitingManager.mrf.mrfJd]
 |  |  |  +-BasicFetch [com.rts.tap.model.MRFRecruitingManager.mrf.mrfJd.jobParameter]
 |  |  |  +-BasicFetch [com.rts.tap.model.MRFRecruitingManager.mrf.mrfJd.jobTitle]
 |  |  |  \-BasicFetch [com.rts.tap.model.MRFRecruitingManager.mrf.mrfJd.rolesAndResponsibilities]
 |  |  +-BasicFetch [com.rts.tap.model.MRFRecruitingManager.mrf.mrfRequiredTechnology]
 |  |  +-EntityFetchJoinedImpl [com.rts.tap.model.MRFRecruitingManager.mrf.mrfStatus]
 |  |  |  +-BasicFetch [com.rts.tap.model.MRFRecruitingManager.mrf.mrfStatus.descriptionForChanges]
 |  |  |  +-BasicFetch [com.rts.tap.model.MRFRecruitingManager.mrf.mrfStatus.mrfApprovalStatus]
 |  |  |  +-BasicFetch [com.rts.tap.model.MRFRecruitingManager.mrf.mrfStatus.mrfStage]
 |  |  |  +-BasicFetch [com.rts.tap.model.MRFRecruitingManager.mrf.mrfStatus.mrfType]
 |  |  |  +-BasicFetch [com.rts.tap.model.MRFRecruitingManager.mrf.mrfStatus.reasonForLost]
 |  |  |  \-BasicFetch [com.rts.tap.model.MRFRecruitingManager.mrf.mrfStatus.requirementFilled]
 |  |  +-BasicFetch [com.rts.tap.model.MRFRecruitingManager.mrf.probableDesignation]
 |  |  +-BasicFetch [com.rts.tap.model.MRFRecruitingManager.mrf.requiredResourceCount]
 |  |  +-BasicFetch [com.rts.tap.model.MRFRecruitingManager.mrf.requiredSkills]
 |  |  +-EntityFetchJoinedImpl [com.rts.tap.model.MRFRecruitingManager.mrf.requirement]
 |  |  |  +-BasicFetch [com.rts.tap.model.MRFRecruitingManager.mrf.requirement.budget]
 |  |  |  +-EntityFetchSelectImpl [com.rts.tap.model.MRFRecruitingManager.mrf.requirement.client]
 |  |  |  +-BasicFetch [com.rts.tap.model.MRFRecruitingManager.mrf.requirement.createdAt]
 |  |  |  +-DelayedCollectionFetch [com.rts.tap.model.MRFRecruitingManager.mrf.requirement.subrequirement]
 |  |  |  +-BasicFetch [com.rts.tap.model.MRFRecruitingManager.mrf.requirement.timeline]
 |  |  |  \-BasicFetch [com.rts.tap.model.MRFRecruitingManager.mrf.requirement.totalRequiredResourceCount]
 |  |  +-EntityFetchJoinedImpl [com.rts.tap.model.MRFRecruitingManager.mrf.subRequirements]
 |  |  |  +-BasicFetch [com.rts.tap.model.MRFRecruitingManager.mrf.subRequirements.resourceCount]
 |  |  |  \-BasicFetch [com.rts.tap.model.MRFRecruitingManager.mrf.subRequirements.role]
 |  |  \-BasicFetch [com.rts.tap.model.MRFRecruitingManager.mrf.updatedAt]
 |  +-EntityFetchJoinedImpl [com.rts.tap.model.MRFRecruitingManager.recruitingManager]
 |  |  +-EntityDelayedFetchImpl [com.rts.tap.model.MRFRecruitingManager.recruitingManager.businessUnit]
 |  |  +-BasicFetch [com.rts.tap.model.MRFRecruitingManager.recruitingManager.candidateId]
 |  |  +-BasicFetch [com.rts.tap.model.MRFRecruitingManager.recruitingManager.createdDate]
 |  |  +-DelayedCollectionFetch [com.rts.tap.model.MRFRecruitingManager.recruitingManager.documents]
 |  |  +-BasicFetch [com.rts.tap.model.MRFRecruitingManager.recruitingManager.employeeEmail]
 |  |  +-BasicFetch [com.rts.tap.model.MRFRecruitingManager.recruitingManager.employeeName]
 |  |  +-BasicFetch [com.rts.tap.model.MRFRecruitingManager.recruitingManager.employeeStatus]
 |  |  +-DelayedCollectionFetch [com.rts.tap.model.MRFRecruitingManager.recruitingManager.experience]
 |  |  +-DelayedCollectionFetch [com.rts.tap.model.MRFRecruitingManager.recruitingManager.familyDetails]
 |  |  +-BasicFetch [com.rts.tap.model.MRFRecruitingManager.recruitingManager.managerId]
 |  |  +-EntityDelayedFetchImpl [com.rts.tap.model.MRFRecruitingManager.recruitingManager.personalInfo]
 |  |  +-DelayedCollectionFetch [com.rts.tap.model.MRFRecruitingManager.recruitingManager.qualification]
 |  |  +-EntityDelayedFetchImpl [com.rts.tap.model.MRFRecruitingManager.recruitingManager.role]
 |  |  +-BasicFetch [com.rts.tap.model.MRFRecruitingManager.recruitingManager.updatedDate]
 |  |  \-BasicFetch [com.rts.tap.model.MRFRecruitingManager.recruitingManager.workLocation]
 |  \-BasicFetch [com.rts.tap.model.MRFRecruitingManager.recruitingManagerAssignedStatus]

2025-02-03 12:08:31 [main] DEBUG org.hibernate.orm.sql.ast.tree - SQL AST Tree:
    SelectStatement {
      FromClause {
        StandardTableGroup (mm1 : com.rts.tap.model.MRFRecruitingManager) {
          primaryTableReference : mrf_recruiting_manager_table as mm1_0
          TableGroupJoins {
            left  join LazyTableGroup (m1 : com.rts.tap.model.MRFRecruitingManager.mrf) {
              primaryTableReference : mrf_table as m1_0
              TableGroupJoins {
                left  join LazyTableGroup (buh1 : com.rts.tap.model.MRFRecruitingManager.mrf.businessUnitHead) {
                  primaryTableReference : employees as buh1_0
                  TableGroupJoins {
                    left  join LazyTableGroup (bu1 : com.rts.tap.model.MRFRecruitingManager.mrf.businessUnitHead.businessUnit) {
                    }
                    left  join LazyTableGroup (pi1 : com.rts.tap.model.MRFRecruitingManager.mrf.businessUnitHead.personalInfo) {
                    }
                    left  join LazyTableGroup (r1 : com.rts.tap.model.MRFRecruitingManager.mrf.businessUnitHead.role) {
                    }
                  }
                }
                left  join LazyTableGroup (cp1 : com.rts.tap.model.MRFRecruitingManager.mrf.clientPartner) {
                  primaryTableReference : employees as cp1_0
                  TableGroupJoins {
                    left  join LazyTableGroup (bu2 : com.rts.tap.model.MRFRecruitingManager.mrf.clientPartner.businessUnit) {
                    }
                    left  join LazyTableGroup (pi2 : com.rts.tap.model.MRFRecruitingManager.mrf.clientPartner.personalInfo) {
                    }
                    left  join LazyTableGroup (r2 : com.rts.tap.model.MRFRecruitingManager.mrf.clientPartner.role) {
                    }
                  }
                }
                left  join LazyTableGroup (ma1 : com.rts.tap.model.MRFRecruitingManager.mrf.mrfAgreement) {
                  primaryTableReference : mrf_agreement_table as ma1_0
                }
                left  join LazyTableGroup (mc1 : com.rts.tap.model.MRFRecruitingManager.mrf.mrfCriteria) {
                  primaryTableReference : mrf_criteria_table as mc1_0
                }
                left  join LazyTableGroup (mj1 : com.rts.tap.model.MRFRecruitingManager.mrf.mrfJd) {
                  primaryTableReference : mrf_jd as mj1_0
                }
                left  join LazyTableGroup (ms1 : com.rts.tap.model.MRFRecruitingManager.mrf.mrfStatus) {
                  primaryTableReference : mrf_status_table as ms1_0
                }
                left  join LazyTableGroup (r3 : com.rts.tap.model.MRFRecruitingManager.mrf.requirement) {
                  primaryTableReference : requirements as r3_0
                  TableGroupJoins {
                    left  join LazyTableGroup (c1 : com.rts.tap.model.MRFRecruitingManager.mrf.requirement.client) {
                    }
                  }
                }
                left  join LazyTableGroup (sr1 : com.rts.tap.model.MRFRecruitingManager.mrf.subRequirements) {
                  primaryTableReference : sub_requirements as sr1_0
                }
              }
            }
            left  join LazyTableGroup (rm1 : com.rts.tap.model.MRFRecruitingManager.recruitingManager) {
              primaryTableReference : employees as rm1_0
              TableGroupJoins {
                left  join LazyTableGroup (bu3 : com.rts.tap.model.MRFRecruitingManager.recruitingManager.businessUnit) {
                }
                left  join LazyTableGroup (pi3 : com.rts.tap.model.MRFRecruitingManager.recruitingManager.personalInfo) {
                }
                left  join LazyTableGroup (r4 : com.rts.tap.model.MRFRecruitingManager.recruitingManager.role) {
                }
              }
            }
          }
        }
      }
    }

2025-02-03 12:08:31 [main] DEBUG o.h.p.entity.AbstractEntityPersister - Static SQL for entity: com.rts.tap.model.MRFRecruitingManager
2025-02-03 12:08:31 [main] DEBUG o.h.p.entity.AbstractEntityPersister -  Version select: select mrf_recruiting_manager_id from mrf_recruiting_manager_table where mrf_recruiting_manager_id=?
2025-02-03 12:08:31 [main] DEBUG o.h.p.entity.AbstractEntityPersister -  Insert (0): insert into mrf_recruiting_manager_table (mrf_id,recruiting_manager_id,recruiting_manager_assigned_status) values (?,?,?)
2025-02-03 12:08:31 [main] DEBUG o.h.p.entity.AbstractEntityPersister -  Update (0): update mrf_recruiting_manager_table set mrf_id=?,recruiting_manager_id=?,recruiting_manager_assigned_status=? where mrf_recruiting_manager_id=?
2025-02-03 12:08:31 [main] DEBUG o.h.p.entity.AbstractEntityPersister -  Delete (0): delete from mrf_recruiting_manager_table where mrf_recruiting_manager_id=?
2025-02-03 12:08:31 [main] DEBUG org.hibernate.orm.sql.ast.create - Created new SQL alias : pi1_0
2025-02-03 12:08:31 [main] DEBUG org.hibernate.orm.sql.ast.create - Registration of TableGroup [StandardTableGroup(com.rts.tap.model.PersonalInfo)] with identifierForTableGroup [com.rts.tap.model.PersonalInfo] for NavigablePath [com.rts.tap.model.PersonalInfo] 
2025-02-03 12:08:31 [main] DEBUG org.hibernate.orm.results.graph.AST - DomainResult Graph:
 \-EntityResultImpl [com.rts.tap.model.PersonalInfo]
 |  +-BasicFetch [com.rts.tap.model.PersonalInfo.city]
 |  +-BasicFetch [com.rts.tap.model.PersonalInfo.country]
 |  +-BasicFetch [com.rts.tap.model.PersonalInfo.createdDate]
 |  +-BasicFetch [com.rts.tap.model.PersonalInfo.dateOfBirth]
 |  +-BasicFetch [com.rts.tap.model.PersonalInfo.district]
 |  +-BasicFetch [com.rts.tap.model.PersonalInfo.employeeAddress]
 |  +-BasicFetch [com.rts.tap.model.PersonalInfo.employeePhoto]
 |  +-BasicFetch [com.rts.tap.model.PersonalInfo.firstName]
 |  +-BasicFetch [com.rts.tap.model.PersonalInfo.gender]
 |  +-BasicFetch [com.rts.tap.model.PersonalInfo.lastName]
 |  +-BasicFetch [com.rts.tap.model.PersonalInfo.maritalStatus]
 |  +-BasicFetch [com.rts.tap.model.PersonalInfo.personalEmail]
 |  +-BasicFetch [com.rts.tap.model.PersonalInfo.phone]
 |  +-BasicFetch [com.rts.tap.model.PersonalInfo.pincode]
 |  +-BasicFetch [com.rts.tap.model.PersonalInfo.state]
 |  \-BasicFetch [com.rts.tap.model.PersonalInfo.updatedDate]

2025-02-03 12:08:31 [main] DEBUG org.hibernate.orm.sql.ast.tree - SQL AST Tree:
    SelectStatement {
      FromClause {
        StandardTableGroup (pi1 : com.rts.tap.model.PersonalInfo) {
          primaryTableReference : personal_information as pi1_0
        }
      }
    }

2025-02-03 12:08:31 [main] DEBUG o.h.p.entity.AbstractEntityPersister - Static SQL for entity: com.rts.tap.model.PersonalInfo
2025-02-03 12:08:31 [main] DEBUG o.h.p.entity.AbstractEntityPersister -  Version select: select personal_info_id from personal_information where personal_info_id=?
2025-02-03 12:08:31 [main] DEBUG o.h.p.entity.AbstractEntityPersister -  Insert (0): insert into personal_information (city,country,created_date,date_of_birth,district,employee_address,employee_photo,employee_first_name,gender,employee_last_name,marital_status,personal_email,employee_phone,postal_code,state,updated_date) values (?,?,?,?,?,?,?,?,?,?,?,?,?,?,?,?)
2025-02-03 12:08:31 [main] DEBUG o.h.p.entity.AbstractEntityPersister -  Update (0): update personal_information set city=?,country=?,date_of_birth=?,district=?,employee_address=?,employee_photo=?,employee_first_name=?,gender=?,employee_last_name=?,marital_status=?,personal_email=?,employee_phone=?,postal_code=?,state=?,updated_date=? where personal_info_id=?
2025-02-03 12:08:31 [main] DEBUG o.h.p.entity.AbstractEntityPersister -  Delete (0): delete from personal_information where personal_info_id=?
2025-02-03 12:08:31 [main] DEBUG org.hibernate.orm.sql.ast.create - Created new SQL alias : lc1_0
2025-02-03 12:08:31 [main] DEBUG org.hibernate.orm.sql.ast.create - Registration of TableGroup [StandardTableGroup(com.rts.tap.model.LoginCredentials)] with identifierForTableGroup [com.rts.tap.model.LoginCredentials] for NavigablePath [com.rts.tap.model.LoginCredentials] 
2025-02-03 12:08:31 [main] DEBUG org.hibernate.orm.sql.ast.create - Registration of TableGroup [org.hibernate.sql.ast.tree.from.LazyTableGroup@784dd9da] with identifierForTableGroup [com.rts.tap.model.LoginCredentials.employee] for NavigablePath [com.rts.tap.model.LoginCredentials.employee] 
2025-02-03 12:08:31 [main] DEBUG org.hibernate.orm.sql.ast.create - Created new SQL alias : e1_0
2025-02-03 12:08:31 [main] DEBUG org.hibernate.orm.sql.ast.create - Registration of TableGroup [org.hibernate.sql.ast.tree.from.LazyTableGroup@6be93728] with identifierForTableGroup [com.rts.tap.model.LoginCredentials.employee.businessUnit] for NavigablePath [com.rts.tap.model.LoginCredentials.employee.businessUnit] 
2025-02-03 12:08:31 [main] DEBUG org.hibernate.orm.sql.ast.create - Registration of TableGroup [org.hibernate.sql.ast.tree.from.LazyTableGroup@455082d2] with identifierForTableGroup [com.rts.tap.model.LoginCredentials.employee.personalInfo] for NavigablePath [com.rts.tap.model.LoginCredentials.employee.personalInfo] 
2025-02-03 12:08:31 [main] DEBUG org.hibernate.orm.sql.ast.create - Registration of TableGroup [org.hibernate.sql.ast.tree.from.LazyTableGroup@1a177f2c] with identifierForTableGroup [com.rts.tap.model.LoginCredentials.employee.role] for NavigablePath [com.rts.tap.model.LoginCredentials.employee.role] 
2025-02-03 12:08:31 [main] DEBUG org.hibernate.orm.results.graph.AST - DomainResult Graph:
 \-EntityResultImpl [com.rts.tap.model.LoginCredentials]
 |  +-BasicFetch [com.rts.tap.model.LoginCredentials.createdDate]
 |  +-EntityFetchJoinedImpl [com.rts.tap.model.LoginCredentials.employee]
 |  |  +-EntityDelayedFetchImpl [com.rts.tap.model.LoginCredentials.employee.businessUnit]
 |  |  +-BasicFetch [com.rts.tap.model.LoginCredentials.employee.candidateId]
 |  |  +-BasicFetch [com.rts.tap.model.LoginCredentials.employee.createdDate]
 |  |  +-DelayedCollectionFetch [com.rts.tap.model.LoginCredentials.employee.documents]
 |  |  +-BasicFetch [com.rts.tap.model.LoginCredentials.employee.employeeEmail]
 |  |  +-BasicFetch [com.rts.tap.model.LoginCredentials.employee.employeeName]
 |  |  +-BasicFetch [com.rts.tap.model.LoginCredentials.employee.employeeStatus]
 |  |  +-DelayedCollectionFetch [com.rts.tap.model.LoginCredentials.employee.experience]
 |  |  +-DelayedCollectionFetch [com.rts.tap.model.LoginCredentials.employee.familyDetails]
 |  |  +-BasicFetch [com.rts.tap.model.LoginCredentials.employee.managerId]
 |  |  +-EntityDelayedFetchImpl [com.rts.tap.model.LoginCredentials.employee.personalInfo]
 |  |  +-DelayedCollectionFetch [com.rts.tap.model.LoginCredentials.employee.qualification]
 |  |  +-EntityDelayedFetchImpl [com.rts.tap.model.LoginCredentials.employee.role]
 |  |  +-BasicFetch [com.rts.tap.model.LoginCredentials.employee.updatedDate]
 |  |  \-BasicFetch [com.rts.tap.model.LoginCredentials.employee.workLocation]
 |  +-BasicFetch [com.rts.tap.model.LoginCredentials.failedAttempts]
 |  +-BasicFetch [com.rts.tap.model.LoginCredentials.isPasswordChange]
 |  +-BasicFetch [com.rts.tap.model.LoginCredentials.lockoutCount]
 |  +-BasicFetch [com.rts.tap.model.LoginCredentials.lockoutTime]
 |  +-BasicFetch [com.rts.tap.model.LoginCredentials.passwordHash]
 |  +-BasicFetch [com.rts.tap.model.LoginCredentials.updatedDate]
 |  \-BasicFetch [com.rts.tap.model.LoginCredentials.userEmail]

2025-02-03 12:08:31 [main] DEBUG org.hibernate.orm.sql.ast.tree - SQL AST Tree:
    SelectStatement {
      FromClause {
        StandardTableGroup (lc1 : com.rts.tap.model.LoginCredentials) {
          primaryTableReference : login_credentials as lc1_0
          TableGroupJoins {
            left  join LazyTableGroup (e1 : com.rts.tap.model.LoginCredentials.employee) {
              primaryTableReference : employees as e1_0
              TableGroupJoins {
                left  join LazyTableGroup (bu1 : com.rts.tap.model.LoginCredentials.employee.businessUnit) {
                }
                left  join LazyTableGroup (pi1 : com.rts.tap.model.LoginCredentials.employee.personalInfo) {
                }
                left  join LazyTableGroup (r1 : com.rts.tap.model.LoginCredentials.employee.role) {
                }
              }
            }
          }
        }
      }
    }

2025-02-03 12:08:31 [main] DEBUG o.h.p.entity.AbstractEntityPersister - Static SQL for entity: com.rts.tap.model.LoginCredentials
2025-02-03 12:08:31 [main] DEBUG o.h.p.entity.AbstractEntityPersister -  Version select: select user_id from login_credentials where user_id=?
2025-02-03 12:08:31 [main] DEBUG o.h.p.entity.AbstractEntityPersister -  Insert (0): insert into login_credentials (created_date,employee_id,failed_attempts,ispassword_change,lockout_count,lockout_time,password_hash,updated_date,user_email) values (?,?,?,?,?,?,?,?,?)
2025-02-03 12:08:31 [main] DEBUG o.h.p.entity.AbstractEntityPersister -  Update (0): update login_credentials set employee_id=?,failed_attempts=?,ispassword_change=?,lockout_count=?,lockout_time=?,password_hash=?,updated_date=?,user_email=? where user_id=?
2025-02-03 12:08:31 [main] DEBUG o.h.p.entity.AbstractEntityPersister -  Delete (0): delete from login_credentials where user_id=?
2025-02-03 12:08:31 [main] DEBUG org.hibernate.orm.sql.ast.create - Created new SQL alias : fd1_0
2025-02-03 12:08:31 [main] DEBUG org.hibernate.orm.sql.ast.create - Registration of TableGroup [StandardTableGroup(com.rts.tap.model.FamilyDetails)] with identifierForTableGroup [com.rts.tap.model.FamilyDetails] for NavigablePath [com.rts.tap.model.FamilyDetails] 
2025-02-03 12:08:31 [main] DEBUG org.hibernate.orm.results.graph.AST - DomainResult Graph:
 \-EntityResultImpl [com.rts.tap.model.FamilyDetails]
 |  +-BasicFetch [com.rts.tap.model.FamilyDetails.dateOfBirth]
 |  +-BasicFetch [com.rts.tap.model.FamilyDetails.familyMemberContactNumber]
 |  +-BasicFetch [com.rts.tap.model.FamilyDetails.familyMemberName]
 |  +-BasicFetch [com.rts.tap.model.FamilyDetails.gender]
 |  +-BasicFetch [com.rts.tap.model.FamilyDetails.occupation]
 |  \-BasicFetch [com.rts.tap.model.FamilyDetails.relationship]

2025-02-03 12:08:31 [main] DEBUG org.hibernate.orm.sql.ast.tree - SQL AST Tree:
    SelectStatement {
      FromClause {
        StandardTableGroup (fd1 : com.rts.tap.model.FamilyDetails) {
          primaryTableReference : familydetails as fd1_0
        }
      }
    }

2025-02-03 12:08:31 [main] DEBUG o.h.p.entity.AbstractEntityPersister - Static SQL for entity: com.rts.tap.model.FamilyDetails
2025-02-03 12:08:31 [main] DEBUG o.h.p.entity.AbstractEntityPersister -  Version select: select familydetails_id from familydetails where familydetails_id=?
2025-02-03 12:08:31 [main] DEBUG o.h.p.entity.AbstractEntityPersister -  Insert (0): insert into familydetails (date_of_birth,family_member_contactnumber,familymember_name,gender,occupation,relationship) values (?,?,?,?,?,?)
2025-02-03 12:08:31 [main] DEBUG o.h.p.entity.AbstractEntityPersister -  Update (0): update familydetails set date_of_birth=?,family_member_contactnumber=?,familymember_name=?,gender=?,occupation=?,relationship=? where familydetails_id=?
2025-02-03 12:08:31 [main] DEBUG o.h.p.entity.AbstractEntityPersister -  Delete (0): delete from familydetails where familydetails_id=?
2025-02-03 12:08:31 [main] DEBUG org.hibernate.orm.sql.ast.create - Created new SQL alias : m1_0
2025-02-03 12:08:31 [main] DEBUG org.hibernate.orm.sql.ast.create - Registration of TableGroup [StandardTableGroup(com.rts.tap.model.MRFVendor)] with identifierForTableGroup [com.rts.tap.model.MRFVendor] for NavigablePath [com.rts.tap.model.MRFVendor] 
2025-02-03 12:08:31 [main] DEBUG org.hibernate.orm.sql.ast.create - Registration of TableGroup [org.hibernate.sql.ast.tree.from.LazyTableGroup@4e387da1] with identifierForTableGroup [com.rts.tap.model.MRFVendor.mrf] for NavigablePath [com.rts.tap.model.MRFVendor.mrf] 
2025-02-03 12:08:31 [main] DEBUG org.hibernate.orm.sql.ast.create - Created new SQL alias : m2_0
2025-02-03 12:08:31 [main] DEBUG org.hibernate.orm.sql.ast.create - Registration of TableGroup [org.hibernate.sql.ast.tree.from.LazyTableGroup@55145dc5] with identifierForTableGroup [com.rts.tap.model.MRFVendor.mrf.businessUnitHead] for NavigablePath [com.rts.tap.model.MRFVendor.mrf.businessUnitHead] 
2025-02-03 12:08:31 [main] DEBUG org.hibernate.orm.sql.ast.create - Created new SQL alias : buh1_0
2025-02-03 12:08:31 [main] DEBUG org.hibernate.orm.sql.ast.create - Registration of TableGroup [org.hibernate.sql.ast.tree.from.LazyTableGroup@7dcfe455] with identifierForTableGroup [com.rts.tap.model.MRFVendor.mrf.businessUnitHead.businessUnit] for NavigablePath [com.rts.tap.model.MRFVendor.mrf.businessUnitHead.businessUnit] 
2025-02-03 12:08:31 [main] DEBUG org.hibernate.orm.sql.ast.create - Registration of TableGroup [org.hibernate.sql.ast.tree.from.LazyTableGroup@2e6066e1] with identifierForTableGroup [com.rts.tap.model.MRFVendor.mrf.businessUnitHead.personalInfo] for NavigablePath [com.rts.tap.model.MRFVendor.mrf.businessUnitHead.personalInfo] 
2025-02-03 12:08:31 [main] DEBUG org.hibernate.orm.sql.ast.create - Registration of TableGroup [org.hibernate.sql.ast.tree.from.LazyTableGroup@2338c3f9] with identifierForTableGroup [com.rts.tap.model.MRFVendor.mrf.businessUnitHead.role] for NavigablePath [com.rts.tap.model.MRFVendor.mrf.businessUnitHead.role] 
2025-02-03 12:08:31 [main] DEBUG org.hibernate.orm.sql.ast.create - Registration of TableGroup [org.hibernate.sql.ast.tree.from.LazyTableGroup@5435582e] with identifierForTableGroup [com.rts.tap.model.MRFVendor.mrf.clientPartner] for NavigablePath [com.rts.tap.model.MRFVendor.mrf.clientPartner] 
2025-02-03 12:08:31 [main] DEBUG org.hibernate.orm.sql.ast.create - Created new SQL alias : cp1_0
2025-02-03 12:08:31 [main] DEBUG org.hibernate.orm.sql.ast.create - Registration of TableGroup [org.hibernate.sql.ast.tree.from.LazyTableGroup@56daf3b1] with identifierForTableGroup [com.rts.tap.model.MRFVendor.mrf.clientPartner.businessUnit] for NavigablePath [com.rts.tap.model.MRFVendor.mrf.clientPartner.businessUnit] 
2025-02-03 12:08:31 [main] DEBUG org.hibernate.orm.sql.ast.create - Registration of TableGroup [org.hibernate.sql.ast.tree.from.LazyTableGroup@7ba0c0e5] with identifierForTableGroup [com.rts.tap.model.MRFVendor.mrf.clientPartner.personalInfo] for NavigablePath [com.rts.tap.model.MRFVendor.mrf.clientPartner.personalInfo] 
2025-02-03 12:08:31 [main] DEBUG org.hibernate.orm.sql.ast.create - Registration of TableGroup [org.hibernate.sql.ast.tree.from.LazyTableGroup@1ee2e363] with identifierForTableGroup [com.rts.tap.model.MRFVendor.mrf.clientPartner.role] for NavigablePath [com.rts.tap.model.MRFVendor.mrf.clientPartner.role] 
2025-02-03 12:08:31 [main] DEBUG org.hibernate.orm.sql.ast.create - Registration of TableGroup [org.hibernate.sql.ast.tree.from.LazyTableGroup@60e83cb9] with identifierForTableGroup [com.rts.tap.model.MRFVendor.mrf.mrfAgreement] for NavigablePath [com.rts.tap.model.MRFVendor.mrf.mrfAgreement] 
2025-02-03 12:08:31 [main] DEBUG org.hibernate.orm.sql.ast.create - Created new SQL alias : ma1_0
2025-02-03 12:08:31 [main] DEBUG org.hibernate.orm.sql.ast.create - Registration of TableGroup [org.hibernate.sql.ast.tree.from.LazyTableGroup@612e1c6e] with identifierForTableGroup [com.rts.tap.model.MRFVendor.mrf.mrfCriteria] for NavigablePath [com.rts.tap.model.MRFVendor.mrf.mrfCriteria] 
2025-02-03 12:08:31 [main] DEBUG org.hibernate.orm.sql.ast.create - Created new SQL alias : mc1_0
2025-02-03 12:08:31 [main] DEBUG org.hibernate.orm.sql.ast.create - Registration of TableGroup [org.hibernate.sql.ast.tree.from.LazyTableGroup@1cf45f46] with identifierForTableGroup [com.rts.tap.model.MRFVendor.mrf.mrfJd] for NavigablePath [com.rts.tap.model.MRFVendor.mrf.mrfJd] 
2025-02-03 12:08:31 [main] DEBUG org.hibernate.orm.sql.ast.create - Created new SQL alias : mj1_0
2025-02-03 12:08:31 [main] DEBUG org.hibernate.orm.sql.ast.create - Registration of TableGroup [org.hibernate.sql.ast.tree.from.LazyTableGroup@15045e40] with identifierForTableGroup [com.rts.tap.model.MRFVendor.mrf.mrfStatus] for NavigablePath [com.rts.tap.model.MRFVendor.mrf.mrfStatus] 
2025-02-03 12:08:31 [main] DEBUG org.hibernate.orm.sql.ast.create - Created new SQL alias : ms1_0
2025-02-03 12:08:31 [main] DEBUG org.hibernate.orm.sql.ast.create - Registration of TableGroup [org.hibernate.sql.ast.tree.from.LazyTableGroup@34a8a5ad] with identifierForTableGroup [com.rts.tap.model.MRFVendor.mrf.requirement] for NavigablePath [com.rts.tap.model.MRFVendor.mrf.requirement] 
2025-02-03 12:08:31 [main] DEBUG org.hibernate.orm.sql.ast.create - Created new SQL alias : r3_0
2025-02-03 12:08:31 [main] DEBUG org.hibernate.orm.sql.ast.create - Registration of TableGroup [org.hibernate.sql.ast.tree.from.LazyTableGroup@2574123a] with identifierForTableGroup [com.rts.tap.model.MRFVendor.mrf.requirement.client] for NavigablePath [com.rts.tap.model.MRFVendor.mrf.requirement.client] 
2025-02-03 12:08:31 [main] DEBUG org.hibernate.orm.sql.ast.create - Registration of TableGroup [org.hibernate.sql.ast.tree.from.LazyTableGroup@1bc467bd] with identifierForTableGroup [com.rts.tap.model.MRFVendor.mrf.subRequirements] for NavigablePath [com.rts.tap.model.MRFVendor.mrf.subRequirements] 
2025-02-03 12:08:31 [main] DEBUG org.hibernate.orm.sql.ast.create - Created new SQL alias : sr1_0
2025-02-03 12:08:31 [main] DEBUG org.hibernate.orm.sql.ast.create - Registration of TableGroup [org.hibernate.sql.ast.tree.from.LazyTableGroup@2c05ccdb] with identifierForTableGroup [com.rts.tap.model.MRFVendor.recruitingManager] for NavigablePath [com.rts.tap.model.MRFVendor.recruitingManager] 
2025-02-03 12:08:31 [main] DEBUG org.hibernate.orm.sql.ast.create - Created new SQL alias : rm1_0
2025-02-03 12:08:31 [main] DEBUG org.hibernate.orm.sql.ast.create - Registration of TableGroup [org.hibernate.sql.ast.tree.from.LazyTableGroup@5d71813b] with identifierForTableGroup [com.rts.tap.model.MRFVendor.recruitingManager.businessUnit] for NavigablePath [com.rts.tap.model.MRFVendor.recruitingManager.businessUnit] 
2025-02-03 12:08:31 [main] DEBUG org.hibernate.orm.sql.ast.create - Registration of TableGroup [org.hibernate.sql.ast.tree.from.LazyTableGroup@5891bd6d] with identifierForTableGroup [com.rts.tap.model.MRFVendor.recruitingManager.personalInfo] for NavigablePath [com.rts.tap.model.MRFVendor.recruitingManager.personalInfo] 
2025-02-03 12:08:31 [main] DEBUG org.hibernate.orm.sql.ast.create - Registration of TableGroup [org.hibernate.sql.ast.tree.from.LazyTableGroup@6050d04d] with identifierForTableGroup [com.rts.tap.model.MRFVendor.recruitingManager.role] for NavigablePath [com.rts.tap.model.MRFVendor.recruitingManager.role] 
2025-02-03 12:08:31 [main] DEBUG org.hibernate.orm.sql.ast.create - Registration of TableGroup [org.hibernate.sql.ast.tree.from.LazyTableGroup@6231bb88] with identifierForTableGroup [com.rts.tap.model.MRFVendor.vendor] for NavigablePath [com.rts.tap.model.MRFVendor.vendor] 
2025-02-03 12:08:31 [main] DEBUG org.hibernate.orm.sql.ast.create - Created new SQL alias : v1_0
2025-02-03 12:08:31 [main] DEBUG org.hibernate.orm.sql.ast.create - Registration of TableGroup [org.hibernate.sql.ast.tree.from.LazyTableGroup@331886ac] with identifierForTableGroup [com.rts.tap.model.MRFVendor.vendor.thirdPartyCredentitals] for NavigablePath [com.rts.tap.model.MRFVendor.vendor.thirdPartyCredentitals] 
2025-02-03 12:08:31 [main] DEBUG org.hibernate.orm.sql.ast.create - Created new SQL alias : tpc1_0
2025-02-03 12:08:31 [main] DEBUG org.hibernate.orm.sql.ast.create - Registration of TableGroup [org.hibernate.sql.ast.tree.from.LazyTableGroup@66373f77] with identifierForTableGroup [com.rts.tap.model.MRFVendor.vendor.thirdPartyCredentitals.role] for NavigablePath [com.rts.tap.model.MRFVendor.vendor.thirdPartyCredentitals.role] 
2025-02-03 12:08:31 [main] DEBUG org.hibernate.orm.results.graph.AST - DomainResult Graph:
 \-EntityResultImpl [com.rts.tap.model.MRFVendor]
 |  +-BasicFetch [com.rts.tap.model.MRFVendor.achievedCount]
 |  +-BasicFetch [com.rts.tap.model.MRFVendor.assignedCount]
 |  +-BasicFetch [com.rts.tap.model.MRFVendor.assignedDate]
 |  +-EntityFetchJoinedImpl [com.rts.tap.model.MRFVendor.mrf]
 |  |  +-EntityFetchJoinedImpl [com.rts.tap.model.MRFVendor.mrf.businessUnitHead]
 |  |  |  +-EntityDelayedFetchImpl [com.rts.tap.model.MRFVendor.mrf.businessUnitHead.businessUnit]
 |  |  |  +-BasicFetch [com.rts.tap.model.MRFVendor.mrf.businessUnitHead.candidateId]
 |  |  |  +-BasicFetch [com.rts.tap.model.MRFVendor.mrf.businessUnitHead.createdDate]
 |  |  |  +-DelayedCollectionFetch [com.rts.tap.model.MRFVendor.mrf.businessUnitHead.documents]
 |  |  |  +-BasicFetch [com.rts.tap.model.MRFVendor.mrf.businessUnitHead.employeeEmail]
 |  |  |  +-BasicFetch [com.rts.tap.model.MRFVendor.mrf.businessUnitHead.employeeName]
 |  |  |  +-BasicFetch [com.rts.tap.model.MRFVendor.mrf.businessUnitHead.employeeStatus]
 |  |  |  +-DelayedCollectionFetch [com.rts.tap.model.MRFVendor.mrf.businessUnitHead.experience]
 |  |  |  +-DelayedCollectionFetch [com.rts.tap.model.MRFVendor.mrf.businessUnitHead.familyDetails]
 |  |  |  +-BasicFetch [com.rts.tap.model.MRFVendor.mrf.businessUnitHead.managerId]
 |  |  |  +-EntityDelayedFetchImpl [com.rts.tap.model.MRFVendor.mrf.businessUnitHead.personalInfo]
 |  |  |  +-DelayedCollectionFetch [com.rts.tap.model.MRFVendor.mrf.businessUnitHead.qualification]
 |  |  |  +-EntityDelayedFetchImpl [com.rts.tap.model.MRFVendor.mrf.businessUnitHead.role]
 |  |  |  +-BasicFetch [com.rts.tap.model.MRFVendor.mrf.businessUnitHead.updatedDate]
 |  |  |  \-BasicFetch [com.rts.tap.model.MRFVendor.mrf.businessUnitHead.workLocation]
 |  |  +-EntityFetchJoinedImpl [com.rts.tap.model.MRFVendor.mrf.clientPartner]
 |  |  |  +-EntityDelayedFetchImpl [com.rts.tap.model.MRFVendor.mrf.clientPartner.businessUnit]
 |  |  |  +-BasicFetch [com.rts.tap.model.MRFVendor.mrf.clientPartner.candidateId]
 |  |  |  +-BasicFetch [com.rts.tap.model.MRFVendor.mrf.clientPartner.createdDate]
 |  |  |  +-DelayedCollectionFetch [com.rts.tap.model.MRFVendor.mrf.clientPartner.documents]
 |  |  |  +-BasicFetch [com.rts.tap.model.MRFVendor.mrf.clientPartner.employeeEmail]
 |  |  |  +-BasicFetch [com.rts.tap.model.MRFVendor.mrf.clientPartner.employeeName]
 |  |  |  +-BasicFetch [com.rts.tap.model.MRFVendor.mrf.clientPartner.employeeStatus]
 |  |  |  +-DelayedCollectionFetch [com.rts.tap.model.MRFVendor.mrf.clientPartner.experience]
 |  |  |  +-DelayedCollectionFetch [com.rts.tap.model.MRFVendor.mrf.clientPartner.familyDetails]
 |  |  |  +-BasicFetch [com.rts.tap.model.MRFVendor.mrf.clientPartner.managerId]
 |  |  |  +-EntityDelayedFetchImpl [com.rts.tap.model.MRFVendor.mrf.clientPartner.personalInfo]
 |  |  |  +-DelayedCollectionFetch [com.rts.tap.model.MRFVendor.mrf.clientPartner.qualification]
 |  |  |  +-EntityDelayedFetchImpl [com.rts.tap.model.MRFVendor.mrf.clientPartner.role]
 |  |  |  +-BasicFetch [com.rts.tap.model.MRFVendor.mrf.clientPartner.updatedDate]
 |  |  |  \-BasicFetch [com.rts.tap.model.MRFVendor.mrf.clientPartner.workLocation]
 |  |  +-BasicFetch [com.rts.tap.model.MRFVendor.mrf.createdAt]
 |  |  +-EntityFetchJoinedImpl [com.rts.tap.model.MRFVendor.mrf.mrfAgreement]
 |  |  |  +-BasicFetch [com.rts.tap.model.MRFVendor.mrf.mrfAgreement.billingCycle]
 |  |  |  +-BasicFetch [com.rts.tap.model.MRFVendor.mrf.mrfAgreement.mrfTemplate]
 |  |  |  +-BasicFetch [com.rts.tap.model.MRFVendor.mrf.mrfAgreement.negotiatedPricePoint]
 |  |  |  +-BasicFetch [com.rts.tap.model.MRFVendor.mrf.mrfAgreement.proposedBudget]
 |  |  |  \-BasicFetch [com.rts.tap.model.MRFVendor.mrf.mrfAgreement.serviceLevelAgreement]
 |  |  +-EntityFetchJoinedImpl [com.rts.tap.model.MRFVendor.mrf.mrfCriteria]
 |  |  |  +-BasicFetch [com.rts.tap.model.MRFVendor.mrf.mrfCriteria.IsCertificationNeeded]
 |  |  |  +-BasicFetch [com.rts.tap.model.MRFVendor.mrf.mrfCriteria.IsVisaRequired]
 |  |  |  +-BasicFetch [com.rts.tap.model.MRFVendor.mrf.mrfCriteria.certificate]
 |  |  |  +-BasicFetch [com.rts.tap.model.MRFVendor.mrf.mrfCriteria.closureDate]
 |  |  |  +-BasicFetch [com.rts.tap.model.MRFVendor.mrf.mrfCriteria.contractStartDate]
 |  |  |  +-BasicFetch [com.rts.tap.model.MRFVendor.mrf.mrfCriteria.educationalQualification]
 |  |  |  +-BasicFetch [com.rts.tap.model.MRFVendor.mrf.mrfCriteria.employmentMode]
 |  |  |  +-BasicFetch [com.rts.tap.model.MRFVendor.mrf.mrfCriteria.jobLocation]
 |  |  |  +-BasicFetch [com.rts.tap.model.MRFVendor.mrf.mrfCriteria.maximumCTC]
 |  |  |  +-BasicFetch [com.rts.tap.model.MRFVendor.mrf.mrfCriteria.minimumCTC]
 |  |  |  +-BasicFetch [com.rts.tap.model.MRFVendor.mrf.mrfCriteria.mrfLossOrProfit]
 |  |  |  +-BasicFetch [com.rts.tap.model.MRFVendor.mrf.mrfCriteria.visaType]
 |  |  |  \-BasicFetch [com.rts.tap.model.MRFVendor.mrf.mrfCriteria.yearsOfExperience]
 |  |  +-BasicFetch [com.rts.tap.model.MRFVendor.mrf.mrfDepartmentName]
 |  |  +-EntityFetchJoinedImpl [com.rts.tap.model.MRFVendor.mrf.mrfJd]
 |  |  |  +-BasicFetch [com.rts.tap.model.MRFVendor.mrf.mrfJd.jobParameter]
 |  |  |  +-BasicFetch [com.rts.tap.model.MRFVendor.mrf.mrfJd.jobTitle]
 |  |  |  \-BasicFetch [com.rts.tap.model.MRFVendor.mrf.mrfJd.rolesAndResponsibilities]
 |  |  +-BasicFetch [com.rts.tap.model.MRFVendor.mrf.mrfRequiredTechnology]
 |  |  +-EntityFetchJoinedImpl [com.rts.tap.model.MRFVendor.mrf.mrfStatus]
 |  |  |  +-BasicFetch [com.rts.tap.model.MRFVendor.mrf.mrfStatus.descriptionForChanges]
 |  |  |  +-BasicFetch [com.rts.tap.model.MRFVendor.mrf.mrfStatus.mrfApprovalStatus]
 |  |  |  +-BasicFetch [com.rts.tap.model.MRFVendor.mrf.mrfStatus.mrfStage]
 |  |  |  +-BasicFetch [com.rts.tap.model.MRFVendor.mrf.mrfStatus.mrfType]
 |  |  |  +-BasicFetch [com.rts.tap.model.MRFVendor.mrf.mrfStatus.reasonForLost]
 |  |  |  \-BasicFetch [com.rts.tap.model.MRFVendor.mrf.mrfStatus.requirementFilled]
 |  |  +-BasicFetch [com.rts.tap.model.MRFVendor.mrf.probableDesignation]
 |  |  +-BasicFetch [com.rts.tap.model.MRFVendor.mrf.requiredResourceCount]
 |  |  +-BasicFetch [com.rts.tap.model.MRFVendor.mrf.requiredSkills]
 |  |  +-EntityFetchJoinedImpl [com.rts.tap.model.MRFVendor.mrf.requirement]
 |  |  |  +-BasicFetch [com.rts.tap.model.MRFVendor.mrf.requirement.budget]
 |  |  |  +-EntityFetchSelectImpl [com.rts.tap.model.MRFVendor.mrf.requirement.client]
 |  |  |  +-BasicFetch [com.rts.tap.model.MRFVendor.mrf.requirement.createdAt]
 |  |  |  +-DelayedCollectionFetch [com.rts.tap.model.MRFVendor.mrf.requirement.subrequirement]
 |  |  |  +-BasicFetch [com.rts.tap.model.MRFVendor.mrf.requirement.timeline]
 |  |  |  \-BasicFetch [com.rts.tap.model.MRFVendor.mrf.requirement.totalRequiredResourceCount]
 |  |  +-EntityFetchJoinedImpl [com.rts.tap.model.MRFVendor.mrf.subRequirements]
 |  |  |  +-BasicFetch [com.rts.tap.model.MRFVendor.mrf.subRequirements.resourceCount]
 |  |  |  \-BasicFetch [com.rts.tap.model.MRFVendor.mrf.subRequirements.role]
 |  |  \-BasicFetch [com.rts.tap.model.MRFVendor.mrf.updatedAt]
 |  +-EntityFetchJoinedImpl [com.rts.tap.model.MRFVendor.recruitingManager]
 |  |  +-EntityDelayedFetchImpl [com.rts.tap.model.MRFVendor.recruitingManager.businessUnit]
 |  |  +-BasicFetch [com.rts.tap.model.MRFVendor.recruitingManager.candidateId]
 |  |  +-BasicFetch [com.rts.tap.model.MRFVendor.recruitingManager.createdDate]
 |  |  +-DelayedCollectionFetch [com.rts.tap.model.MRFVendor.recruitingManager.documents]
 |  |  +-BasicFetch [com.rts.tap.model.MRFVendor.recruitingManager.employeeEmail]
 |  |  +-BasicFetch [com.rts.tap.model.MRFVendor.recruitingManager.employeeName]
 |  |  +-BasicFetch [com.rts.tap.model.MRFVendor.recruitingManager.employeeStatus]
 |  |  +-DelayedCollectionFetch [com.rts.tap.model.MRFVendor.recruitingManager.experience]
 |  |  +-DelayedCollectionFetch [com.rts.tap.model.MRFVendor.recruitingManager.familyDetails]
 |  |  +-BasicFetch [com.rts.tap.model.MRFVendor.recruitingManager.managerId]
 |  |  +-EntityDelayedFetchImpl [com.rts.tap.model.MRFVendor.recruitingManager.personalInfo]
 |  |  +-DelayedCollectionFetch [com.rts.tap.model.MRFVendor.recruitingManager.qualification]
 |  |  +-EntityDelayedFetchImpl [com.rts.tap.model.MRFVendor.recruitingManager.role]
 |  |  +-BasicFetch [com.rts.tap.model.MRFVendor.recruitingManager.updatedDate]
 |  |  \-BasicFetch [com.rts.tap.model.MRFVendor.recruitingManager.workLocation]
 |  +-EntityFetchJoinedImpl [com.rts.tap.model.MRFVendor.vendor]
 |  |  +-BasicFetch [com.rts.tap.model.MRFVendor.vendor.address]
 |  |  +-BasicFetch [com.rts.tap.model.MRFVendor.vendor.contactName]
 |  |  +-BasicFetch [com.rts.tap.model.MRFVendor.vendor.contactNumber]
 |  |  +-BasicFetch [com.rts.tap.model.MRFVendor.vendor.isPasswordChanged]
 |  |  +-BasicFetch [com.rts.tap.model.MRFVendor.vendor.organizationName]
 |  |  +-BasicFetch [com.rts.tap.model.MRFVendor.vendor.taxIdentifyNumber]
 |  |  +-EntityFetchJoinedImpl [com.rts.tap.model.MRFVendor.vendor.thirdPartyCredentitals]
 |  |  |  +-BasicFetch [com.rts.tap.model.MRFVendor.vendor.thirdPartyCredentitals.email]
 |  |  |  +-BasicFetch [com.rts.tap.model.MRFVendor.vendor.thirdPartyCredentitals.expirationTime]
 |  |  |  +-BasicFetch [com.rts.tap.model.MRFVendor.vendor.thirdPartyCredentitals.isPasswordChanged]
 |  |  |  +-BasicFetch [com.rts.tap.model.MRFVendor.vendor.thirdPartyCredentitals.otp]
 |  |  |  +-BasicFetch [com.rts.tap.model.MRFVendor.vendor.thirdPartyCredentitals.password]
 |  |  |  +-EntityFetchSelectImpl [com.rts.tap.model.MRFVendor.vendor.thirdPartyCredentitals.role]
 |  |  |  \-BasicFetch [com.rts.tap.model.MRFVendor.vendor.thirdPartyCredentitals.username]
 |  |  +-BasicFetch [com.rts.tap.model.MRFVendor.vendor.vendorOrganizationLogo]
 |  |  \-BasicFetch [com.rts.tap.model.MRFVendor.vendor.websiteUrl]
 |  \-BasicFetch [com.rts.tap.model.MRFVendor.vendorAssignedStatus]

2025-02-03 12:08:31 [main] DEBUG org.hibernate.orm.sql.ast.tree - SQL AST Tree:
    SelectStatement {
      FromClause {
        StandardTableGroup (m1 : com.rts.tap.model.MRFVendor) {
          primaryTableReference : mrf_vendor_table as m1_0
          TableGroupJoins {
            left  join LazyTableGroup (m2 : com.rts.tap.model.MRFVendor.mrf) {
              primaryTableReference : mrf_table as m2_0
              TableGroupJoins {
                left  join LazyTableGroup (buh1 : com.rts.tap.model.MRFVendor.mrf.businessUnitHead) {
                  primaryTableReference : employees as buh1_0
                  TableGroupJoins {
                    left  join LazyTableGroup (bu1 : com.rts.tap.model.MRFVendor.mrf.businessUnitHead.businessUnit) {
                    }
                    left  join LazyTableGroup (pi1 : com.rts.tap.model.MRFVendor.mrf.businessUnitHead.personalInfo) {
                    }
                    left  join LazyTableGroup (r1 : com.rts.tap.model.MRFVendor.mrf.businessUnitHead.role) {
                    }
                  }
                }
                left  join LazyTableGroup (cp1 : com.rts.tap.model.MRFVendor.mrf.clientPartner) {
                  primaryTableReference : employees as cp1_0
                  TableGroupJoins {
                    left  join LazyTableGroup (bu2 : com.rts.tap.model.MRFVendor.mrf.clientPartner.businessUnit) {
                    }
                    left  join LazyTableGroup (pi2 : com.rts.tap.model.MRFVendor.mrf.clientPartner.personalInfo) {
                    }
                    left  join LazyTableGroup (r2 : com.rts.tap.model.MRFVendor.mrf.clientPartner.role) {
                    }
                  }
                }
                left  join LazyTableGroup (ma1 : com.rts.tap.model.MRFVendor.mrf.mrfAgreement) {
                  primaryTableReference : mrf_agreement_table as ma1_0
                }
                left  join LazyTableGroup (mc1 : com.rts.tap.model.MRFVendor.mrf.mrfCriteria) {
                  primaryTableReference : mrf_criteria_table as mc1_0
                }
                left  join LazyTableGroup (mj1 : com.rts.tap.model.MRFVendor.mrf.mrfJd) {
                  primaryTableReference : mrf_jd as mj1_0
                }
                left  join LazyTableGroup (ms1 : com.rts.tap.model.MRFVendor.mrf.mrfStatus) {
                  primaryTableReference : mrf_status_table as ms1_0
                }
                left  join LazyTableGroup (r3 : com.rts.tap.model.MRFVendor.mrf.requirement) {
                  primaryTableReference : requirements as r3_0
                  TableGroupJoins {
                    left  join LazyTableGroup (c1 : com.rts.tap.model.MRFVendor.mrf.requirement.client) {
                    }
                  }
                }
                left  join LazyTableGroup (sr1 : com.rts.tap.model.MRFVendor.mrf.subRequirements) {
                  primaryTableReference : sub_requirements as sr1_0
                }
              }
            }
            left  join LazyTableGroup (rm1 : com.rts.tap.model.MRFVendor.recruitingManager) {
              primaryTableReference : employees as rm1_0
              TableGroupJoins {
                left  join LazyTableGroup (bu3 : com.rts.tap.model.MRFVendor.recruitingManager.businessUnit) {
                }
                left  join LazyTableGroup (pi3 : com.rts.tap.model.MRFVendor.recruitingManager.personalInfo) {
                }
                left  join LazyTableGroup (r4 : com.rts.tap.model.MRFVendor.recruitingManager.role) {
                }
              }
            }
            left  join LazyTableGroup (v1 : com.rts.tap.model.MRFVendor.vendor) {
              primaryTableReference : vendors as v1_0
              TableGroupJoins {
                left  join LazyTableGroup (tpc1 : com.rts.tap.model.MRFVendor.vendor.thirdPartyCredentitals) {
                  primaryTableReference : third_party_credentials as tpc1_0
                  TableGroupJoins {
                    left  join LazyTableGroup (r5 : com.rts.tap.model.MRFVendor.vendor.thirdPartyCredentitals.role) {
                    }
                  }
                }
              }
            }
          }
        }
      }
    }

2025-02-03 12:08:31 [main] DEBUG o.h.p.entity.AbstractEntityPersister - Static SQL for entity: com.rts.tap.model.MRFVendor
2025-02-03 12:08:31 [main] DEBUG o.h.p.entity.AbstractEntityPersister -  Version select: select mrf_vendor_id from mrf_vendor_table where mrf_vendor_id=?
2025-02-03 12:08:31 [main] DEBUG o.h.p.entity.AbstractEntityPersister -  Insert (0): insert into mrf_vendor_table (achieved_count,assigned_count,assigned_date,mrf_id,recruiting_manager_id,vendor_id,vendor_assigned_status) values (?,?,?,?,?,?,?)
2025-02-03 12:08:31 [main] DEBUG o.h.p.entity.AbstractEntityPersister -  Update (0): update mrf_vendor_table set achieved_count=?,assigned_count=?,assigned_date=?,mrf_id=?,recruiting_manager_id=?,vendor_id=?,vendor_assigned_status=? where mrf_vendor_id=?
2025-02-03 12:08:31 [main] DEBUG o.h.p.entity.AbstractEntityPersister -  Delete (0): delete from mrf_vendor_table where mrf_vendor_id=?
2025-02-03 12:08:31 [main] DEBUG org.hibernate.orm.sql.ast.create - Created new SQL alias : n1_0
2025-02-03 12:08:31 [main] DEBUG org.hibernate.orm.sql.ast.create - Registration of TableGroup [StandardTableGroup(com.rts.tap.model.Notifications)] with identifierForTableGroup [com.rts.tap.model.Notifications] for NavigablePath [com.rts.tap.model.Notifications] 
2025-02-03 12:08:31 [main] DEBUG org.hibernate.orm.sql.ast.create - Registration of TableGroup [org.hibernate.sql.ast.tree.from.LazyTableGroup@6f014f27] with identifierForTableGroup [com.rts.tap.model.Notifications.candidate] for NavigablePath [com.rts.tap.model.Notifications.candidate] 
2025-02-03 12:08:31 [main] DEBUG org.hibernate.orm.sql.ast.create - Created new SQL alias : c1_0
2025-02-03 12:08:31 [main] DEBUG org.hibernate.orm.sql.ast.create - Registration of TableGroup [org.hibernate.sql.ast.tree.from.LazyTableGroup@185b998d] with identifierForTableGroup [com.rts.tap.model.Notifications.candidate.credentials] for NavigablePath [com.rts.tap.model.Notifications.candidate.credentials] 
2025-02-03 12:08:31 [main] DEBUG org.hibernate.orm.sql.ast.create - Created new SQL alias : c2_0
2025-02-03 12:08:31 [main] DEBUG org.hibernate.orm.sql.ast.create - Registration of TableGroup [org.hibernate.sql.ast.tree.from.LazyTableGroup@47c8c176] with identifierForTableGroup [com.rts.tap.model.Notifications.candidate.credentials.role] for NavigablePath [com.rts.tap.model.Notifications.candidate.credentials.role] 
2025-02-03 12:08:31 [main] DEBUG org.hibernate.orm.sql.ast.create - Registration of TableGroup [org.hibernate.sql.ast.tree.from.LazyTableGroup@5d9b79a2] with identifierForTableGroup [com.rts.tap.model.Notifications.candidate.documents] for NavigablePath [com.rts.tap.model.Notifications.candidate.documents] 
2025-02-03 12:08:31 [main] DEBUG org.hibernate.orm.sql.ast.create - Registration of TableGroup [org.hibernate.sql.ast.tree.from.LazyTableGroup@38067d41] with identifierForTableGroup [com.rts.tap.model.Notifications.client] for NavigablePath [com.rts.tap.model.Notifications.client] 
2025-02-03 12:08:31 [main] DEBUG org.hibernate.orm.sql.ast.create - Created new SQL alias : c3_0
2025-02-03 12:08:31 [main] DEBUG org.hibernate.orm.sql.ast.create - Registration of TableGroup [org.hibernate.sql.ast.tree.from.LazyTableGroup@7cd50c3d] with identifierForTableGroup [com.rts.tap.model.Notifications.client.clientOrganization] for NavigablePath [com.rts.tap.model.Notifications.client.clientOrganization] 
2025-02-03 12:08:31 [main] DEBUG org.hibernate.orm.sql.ast.create - Created new SQL alias : co1_0
2025-02-03 12:08:31 [main] DEBUG org.hibernate.orm.sql.ast.create - Registration of TableGroup [org.hibernate.sql.ast.tree.from.LazyTableGroup@7d97a1a0] with identifierForTableGroup [com.rts.tap.model.Notifications.client.clientPartner] for NavigablePath [com.rts.tap.model.Notifications.client.clientPartner] 
2025-02-03 12:08:31 [main] DEBUG org.hibernate.orm.sql.ast.create - Created new SQL alias : cp1_0
2025-02-03 12:08:31 [main] DEBUG org.hibernate.orm.sql.ast.create - Registration of TableGroup [org.hibernate.sql.ast.tree.from.LazyTableGroup@7b4791d9] with identifierForTableGroup [com.rts.tap.model.Notifications.client.clientPartner.businessUnit] for NavigablePath [com.rts.tap.model.Notifications.client.clientPartner.businessUnit] 
2025-02-03 12:08:31 [main] DEBUG org.hibernate.orm.sql.ast.create - Registration of TableGroup [org.hibernate.sql.ast.tree.from.LazyTableGroup@70201785] with identifierForTableGroup [com.rts.tap.model.Notifications.client.clientPartner.personalInfo] for NavigablePath [com.rts.tap.model.Notifications.client.clientPartner.personalInfo] 
2025-02-03 12:08:31 [main] DEBUG org.hibernate.orm.sql.ast.create - Registration of TableGroup [org.hibernate.sql.ast.tree.from.LazyTableGroup@24c04958] with identifierForTableGroup [com.rts.tap.model.Notifications.client.clientPartner.role] for NavigablePath [com.rts.tap.model.Notifications.client.clientPartner.role] 
2025-02-03 12:08:31 [main] DEBUG org.hibernate.orm.sql.ast.create - Registration of TableGroup [org.hibernate.sql.ast.tree.from.LazyTableGroup@649a76c1] with identifierForTableGroup [com.rts.tap.model.Notifications.client.thirdPartyCredentitals] for NavigablePath [com.rts.tap.model.Notifications.client.thirdPartyCredentitals] 
2025-02-03 12:08:31 [main] DEBUG org.hibernate.orm.sql.ast.create - Created new SQL alias : tpc1_0
2025-02-03 12:08:31 [main] DEBUG org.hibernate.orm.sql.ast.create - Registration of TableGroup [org.hibernate.sql.ast.tree.from.LazyTableGroup@2394fad2] with identifierForTableGroup [com.rts.tap.model.Notifications.client.thirdPartyCredentitals.role] for NavigablePath [com.rts.tap.model.Notifications.client.thirdPartyCredentitals.role] 
2025-02-03 12:08:31 [main] DEBUG org.hibernate.orm.sql.ast.create - Registration of TableGroup [org.hibernate.sql.ast.tree.from.LazyTableGroup@75d454a4] with identifierForTableGroup [com.rts.tap.model.Notifications.employee] for NavigablePath [com.rts.tap.model.Notifications.employee] 
2025-02-03 12:08:31 [main] DEBUG org.hibernate.orm.sql.ast.create - Created new SQL alias : e1_0
2025-02-03 12:08:31 [main] DEBUG org.hibernate.orm.sql.ast.create - Registration of TableGroup [org.hibernate.sql.ast.tree.from.LazyTableGroup@42cf08a1] with identifierForTableGroup [com.rts.tap.model.Notifications.employee.businessUnit] for NavigablePath [com.rts.tap.model.Notifications.employee.businessUnit] 
2025-02-03 12:08:31 [main] DEBUG org.hibernate.orm.sql.ast.create - Registration of TableGroup [org.hibernate.sql.ast.tree.from.LazyTableGroup@46092840] with identifierForTableGroup [com.rts.tap.model.Notifications.employee.personalInfo] for NavigablePath [com.rts.tap.model.Notifications.employee.personalInfo] 
2025-02-03 12:08:31 [main] DEBUG org.hibernate.orm.sql.ast.create - Registration of TableGroup [org.hibernate.sql.ast.tree.from.LazyTableGroup@57082d16] with identifierForTableGroup [com.rts.tap.model.Notifications.employee.role] for NavigablePath [com.rts.tap.model.Notifications.employee.role] 
2025-02-03 12:08:31 [main] DEBUG org.hibernate.orm.sql.ast.create - Registration of TableGroup [org.hibernate.sql.ast.tree.from.LazyTableGroup@ae2227] with identifierForTableGroup [com.rts.tap.model.Notifications.vendor] for NavigablePath [com.rts.tap.model.Notifications.vendor] 
2025-02-03 12:08:31 [main] DEBUG org.hibernate.orm.sql.ast.create - Created new SQL alias : v1_0
2025-02-03 12:08:31 [main] DEBUG org.hibernate.orm.sql.ast.create - Registration of TableGroup [org.hibernate.sql.ast.tree.from.LazyTableGroup@3a1eb893] with identifierForTableGroup [com.rts.tap.model.Notifications.vendor.thirdPartyCredentitals] for NavigablePath [com.rts.tap.model.Notifications.vendor.thirdPartyCredentitals] 
2025-02-03 12:08:31 [main] DEBUG org.hibernate.orm.sql.ast.create - Created new SQL alias : tpc2_0
2025-02-03 12:08:31 [main] DEBUG org.hibernate.orm.sql.ast.create - Registration of TableGroup [org.hibernate.sql.ast.tree.from.LazyTableGroup@35daccb8] with identifierForTableGroup [com.rts.tap.model.Notifications.vendor.thirdPartyCredentitals.role] for NavigablePath [com.rts.tap.model.Notifications.vendor.thirdPartyCredentitals.role] 
2025-02-03 12:08:31 [main] DEBUG org.hibernate.orm.results.graph.AST - DomainResult Graph:
 \-EntityResultImpl [com.rts.tap.model.Notifications]
 |  +-EntityFetchJoinedImpl [com.rts.tap.model.Notifications.candidate]
 |  |  +-BasicFetch [com.rts.tap.model.Notifications.candidate.Education]
 |  |  +-DelayedCollectionFetch [com.rts.tap.model.Notifications.candidate.MrfJd]
 |  |  +-BasicFetch [com.rts.tap.model.Notifications.candidate.assignedAt]
 |  |  +-BasicFetch [com.rts.tap.model.Notifications.candidate.candidate360Id]
 |  |  +-BasicFetch [com.rts.tap.model.Notifications.candidate.candidateProfileImage]
 |  |  +-DelayedCollectionFetch [com.rts.tap.model.Notifications.candidate.certifications]
 |  |  +-EntityFetchJoinedImpl [com.rts.tap.model.Notifications.candidate.credentials]
 |  |  |  +-BasicFetch [com.rts.tap.model.Notifications.candidate.credentials.email]
 |  |  |  +-BasicFetch [com.rts.tap.model.Notifications.candidate.credentials.expirationTime]
 |  |  |  +-BasicFetch [com.rts.tap.model.Notifications.candidate.credentials.isPasswordChanged]
 |  |  |  +-BasicFetch [com.rts.tap.model.Notifications.candidate.credentials.otp]
 |  |  |  +-BasicFetch [com.rts.tap.model.Notifications.candidate.credentials.password]
 |  |  |  +-EntityFetchSelectImpl [com.rts.tap.model.Notifications.candidate.credentials.role]
 |  |  |  \-BasicFetch [com.rts.tap.model.Notifications.candidate.credentials.username]
 |  |  +-BasicFetch [com.rts.tap.model.Notifications.candidate.currentCTC]
 |  |  +-BasicFetch [com.rts.tap.model.Notifications.candidate.currentCompany]
 |  |  +-BasicFetch [com.rts.tap.model.Notifications.candidate.currentLocation]
 |  |  +-EntityDelayedFetchImpl [com.rts.tap.model.Notifications.candidate.documents]
 |  |  +-BasicFetch [com.rts.tap.model.Notifications.candidate.email]
 |  |  +-BasicFetch [com.rts.tap.model.Notifications.candidate.employementMode]
 |  |  +-BasicFetch [com.rts.tap.model.Notifications.candidate.expectedCTC]
 |  |  +-BasicFetch [com.rts.tap.model.Notifications.candidate.firstName]
 |  |  +-BasicFetch [com.rts.tap.model.Notifications.candidate.gender]
 |  |  +-BasicFetch [com.rts.tap.model.Notifications.candidate.isMatchingMrf]
 |  |  +-BasicFetch [com.rts.tap.model.Notifications.candidate.isPasswordChanged]
 |  |  +-BasicFetch [com.rts.tap.model.Notifications.candidate.lastName]
 |  |  +-BasicFetch [com.rts.tap.model.Notifications.candidate.location]
 |  |  +-BasicFetch [com.rts.tap.model.Notifications.candidate.mobileNumber]
 |  |  +-BasicFetch [com.rts.tap.model.Notifications.candidate.noticePeriod]
 |  |  +-BasicFetch [com.rts.tap.model.Notifications.candidate.panNumber]
 |  |  +-BasicFetch [com.rts.tap.model.Notifications.candidate.password]
 |  |  +-BasicFetch [com.rts.tap.model.Notifications.candidate.previousRole]
 |  |  +-BasicFetch [com.rts.tap.model.Notifications.candidate.relevantExperience]
 |  |  +-BasicFetch [com.rts.tap.model.Notifications.candidate.relocate]
 |  |  +-BasicFetch [com.rts.tap.model.Notifications.candidate.resume]
 |  |  +-BasicFetch [com.rts.tap.model.Notifications.candidate.skill]
 |  |  +-BasicFetch [com.rts.tap.model.Notifications.candidate.source]
 |  |  +-BasicFetch [com.rts.tap.model.Notifications.candidate.sourceId]
 |  |  +-BasicFetch [com.rts.tap.model.Notifications.candidate.status]
 |  |  +-BasicFetch [com.rts.tap.model.Notifications.candidate.totalExperience]
 |  |  \-BasicFetch [com.rts.tap.model.Notifications.candidate.visaDetails]
 |  +-EntityFetchJoinedImpl [com.rts.tap.model.Notifications.client]
 |  |  +-BasicFetch [com.rts.tap.model.Notifications.client.activationStatus]
 |  |  +-BasicFetch [com.rts.tap.model.Notifications.client.clientEmail]
 |  |  +-BasicFetch [com.rts.tap.model.Notifications.client.clientMobile]
 |  |  +-BasicFetch [com.rts.tap.model.Notifications.client.clientName]
 |  |  +-EntityFetchJoinedImpl [com.rts.tap.model.Notifications.client.clientOrganization]
 |  |  |  +-BasicFetch [com.rts.tap.model.Notifications.client.clientOrganization.organizationAddress]
 |  |  |  +-BasicFetch [com.rts.tap.model.Notifications.client.clientOrganization.organizationContactNumber]
 |  |  |  +-BasicFetch [com.rts.tap.model.Notifications.client.clientOrganization.organizationEmail]
 |  |  |  +-BasicFetch [com.rts.tap.model.Notifications.client.clientOrganization.organizationIndustry]
 |  |  |  +-BasicFetch [com.rts.tap.model.Notifications.client.clientOrganization.organizationLogo]
 |  |  |  \-BasicFetch [com.rts.tap.model.Notifications.client.clientOrganization.organizationName]
 |  |  +-EntityFetchJoinedImpl [com.rts.tap.model.Notifications.client.clientPartner]
 |  |  |  +-EntityDelayedFetchImpl [com.rts.tap.model.Notifications.client.clientPartner.businessUnit]
 |  |  |  +-BasicFetch [com.rts.tap.model.Notifications.client.clientPartner.candidateId]
 |  |  |  +-BasicFetch [com.rts.tap.model.Notifications.client.clientPartner.createdDate]
 |  |  |  +-DelayedCollectionFetch [com.rts.tap.model.Notifications.client.clientPartner.documents]
 |  |  |  +-BasicFetch [com.rts.tap.model.Notifications.client.clientPartner.employeeEmail]
 |  |  |  +-BasicFetch [com.rts.tap.model.Notifications.client.clientPartner.employeeName]
 |  |  |  +-BasicFetch [com.rts.tap.model.Notifications.client.clientPartner.employeeStatus]
 |  |  |  +-DelayedCollectionFetch [com.rts.tap.model.Notifications.client.clientPartner.experience]
 |  |  |  +-DelayedCollectionFetch [com.rts.tap.model.Notifications.client.clientPartner.familyDetails]
 |  |  |  +-BasicFetch [com.rts.tap.model.Notifications.client.clientPartner.managerId]
 |  |  |  +-EntityDelayedFetchImpl [com.rts.tap.model.Notifications.client.clientPartner.personalInfo]
 |  |  |  +-DelayedCollectionFetch [com.rts.tap.model.Notifications.client.clientPartner.qualification]
 |  |  |  +-EntityDelayedFetchImpl [com.rts.tap.model.Notifications.client.clientPartner.role]
 |  |  |  +-BasicFetch [com.rts.tap.model.Notifications.client.clientPartner.updatedDate]
 |  |  |  \-BasicFetch [com.rts.tap.model.Notifications.client.clientPartner.workLocation]
 |  |  +-BasicFetch [com.rts.tap.model.Notifications.client.clientPosition]
 |  |  +-BasicFetch [com.rts.tap.model.Notifications.client.clientStatus]
 |  |  +-BasicFetch [com.rts.tap.model.Notifications.client.createdAt]
 |  |  +-BasicFetch [com.rts.tap.model.Notifications.client.expirationTime]
 |  |  +-BasicFetch [com.rts.tap.model.Notifications.client.otp]
 |  |  +-BasicFetch [com.rts.tap.model.Notifications.client.password]
 |  |  +-BasicFetch [com.rts.tap.model.Notifications.client.reason]
 |  |  \-EntityFetchJoinedImpl [com.rts.tap.model.Notifications.client.thirdPartyCredentitals]
 |  |  |  +-BasicFetch [com.rts.tap.model.Notifications.client.thirdPartyCredentitals.email]
 |  |  |  +-BasicFetch [com.rts.tap.model.Notifications.client.thirdPartyCredentitals.expirationTime]
 |  |  |  +-BasicFetch [com.rts.tap.model.Notifications.client.thirdPartyCredentitals.isPasswordChanged]
 |  |  |  +-BasicFetch [com.rts.tap.model.Notifications.client.thirdPartyCredentitals.otp]
 |  |  |  +-BasicFetch [com.rts.tap.model.Notifications.client.thirdPartyCredentitals.password]
 |  |  |  +-EntityFetchSelectImpl [com.rts.tap.model.Notifications.client.thirdPartyCredentitals.role]
 |  |  |  \-BasicFetch [com.rts.tap.model.Notifications.client.thirdPartyCredentitals.username]
 |  +-BasicFetch [com.rts.tap.model.Notifications.date]
 |  +-EntityFetchJoinedImpl [com.rts.tap.model.Notifications.employee]
 |  |  +-EntityDelayedFetchImpl [com.rts.tap.model.Notifications.employee.businessUnit]
 |  |  +-BasicFetch [com.rts.tap.model.Notifications.employee.candidateId]
 |  |  +-BasicFetch [com.rts.tap.model.Notifications.employee.createdDate]
 |  |  +-DelayedCollectionFetch [com.rts.tap.model.Notifications.employee.documents]
 |  |  +-BasicFetch [com.rts.tap.model.Notifications.employee.employeeEmail]
 |  |  +-BasicFetch [com.rts.tap.model.Notifications.employee.employeeName]
 |  |  +-BasicFetch [com.rts.tap.model.Notifications.employee.employeeStatus]
 |  |  +-DelayedCollectionFetch [com.rts.tap.model.Notifications.employee.experience]
 |  |  +-DelayedCollectionFetch [com.rts.tap.model.Notifications.employee.familyDetails]
 |  |  +-BasicFetch [com.rts.tap.model.Notifications.employee.managerId]
 |  |  +-EntityDelayedFetchImpl [com.rts.tap.model.Notifications.employee.personalInfo]
 |  |  +-DelayedCollectionFetch [com.rts.tap.model.Notifications.employee.qualification]
 |  |  +-EntityDelayedFetchImpl [com.rts.tap.model.Notifications.employee.role]
 |  |  +-BasicFetch [com.rts.tap.model.Notifications.employee.updatedDate]
 |  |  \-BasicFetch [com.rts.tap.model.Notifications.employee.workLocation]
 |  +-BasicFetch [com.rts.tap.model.Notifications.fromId]
 |  +-BasicFetch [com.rts.tap.model.Notifications.isSeen]
 |  +-BasicFetch [com.rts.tap.model.Notifications.message]
 |  +-BasicFetch [com.rts.tap.model.Notifications.source]
 |  \-EntityFetchJoinedImpl [com.rts.tap.model.Notifications.vendor]
 |  |  +-BasicFetch [com.rts.tap.model.Notifications.vendor.address]
 |  |  +-BasicFetch [com.rts.tap.model.Notifications.vendor.contactName]
 |  |  +-BasicFetch [com.rts.tap.model.Notifications.vendor.contactNumber]
 |  |  +-BasicFetch [com.rts.tap.model.Notifications.vendor.isPasswordChanged]
 |  |  +-BasicFetch [com.rts.tap.model.Notifications.vendor.organizationName]
 |  |  +-BasicFetch [com.rts.tap.model.Notifications.vendor.taxIdentifyNumber]
 |  |  +-EntityFetchJoinedImpl [com.rts.tap.model.Notifications.vendor.thirdPartyCredentitals]
 |  |  |  +-BasicFetch [com.rts.tap.model.Notifications.vendor.thirdPartyCredentitals.email]
 |  |  |  +-BasicFetch [com.rts.tap.model.Notifications.vendor.thirdPartyCredentitals.expirationTime]
 |  |  |  +-BasicFetch [com.rts.tap.model.Notifications.vendor.thirdPartyCredentitals.isPasswordChanged]
 |  |  |  +-BasicFetch [com.rts.tap.model.Notifications.vendor.thirdPartyCredentitals.otp]
 |  |  |  +-BasicFetch [com.rts.tap.model.Notifications.vendor.thirdPartyCredentitals.password]
 |  |  |  +-EntityFetchSelectImpl [com.rts.tap.model.Notifications.vendor.thirdPartyCredentitals.role]
 |  |  |  \-BasicFetch [com.rts.tap.model.Notifications.vendor.thirdPartyCredentitals.username]
 |  |  +-BasicFetch [com.rts.tap.model.Notifications.vendor.vendorOrganizationLogo]
 |  |  \-BasicFetch [com.rts.tap.model.Notifications.vendor.websiteUrl]

2025-02-03 12:08:31 [main] DEBUG org.hibernate.orm.sql.ast.tree - SQL AST Tree:
    SelectStatement {
      FromClause {
        StandardTableGroup (n1 : com.rts.tap.model.Notifications) {
          primaryTableReference : notifications as n1_0
          TableGroupJoins {
            left  join LazyTableGroup (c1 : com.rts.tap.model.Notifications.candidate) {
              primaryTableReference : candidate as c1_0
              TableGroupJoins {
                left  join LazyTableGroup (c2 : com.rts.tap.model.Notifications.candidate.credentials) {
                  primaryTableReference : third_party_credentials as c2_0
                  TableGroupJoins {
                    left  join LazyTableGroup (r1 : com.rts.tap.model.Notifications.candidate.credentials.role) {
                    }
                  }
                }
                left  join LazyTableGroup (d1 : com.rts.tap.model.Notifications.candidate.documents) {
                }
              }
            }
            left  join LazyTableGroup (c3 : com.rts.tap.model.Notifications.client) {
              primaryTableReference : client_tbl as c3_0
              TableGroupJoins {
                left  join LazyTableGroup (co1 : com.rts.tap.model.Notifications.client.clientOrganization) {
                  primaryTableReference : client_organization_tbl as co1_0
                }
                left  join LazyTableGroup (cp1 : com.rts.tap.model.Notifications.client.clientPartner) {
                  primaryTableReference : employees as cp1_0
                  TableGroupJoins {
                    left  join LazyTableGroup (bu1 : com.rts.tap.model.Notifications.client.clientPartner.businessUnit) {
                    }
                    left  join LazyTableGroup (pi1 : com.rts.tap.model.Notifications.client.clientPartner.personalInfo) {
                    }
                    left  join LazyTableGroup (r2 : com.rts.tap.model.Notifications.client.clientPartner.role) {
                    }
                  }
                }
                left  join LazyTableGroup (tpc1 : com.rts.tap.model.Notifications.client.thirdPartyCredentitals) {
                  primaryTableReference : third_party_credentials as tpc1_0
                  TableGroupJoins {
                    left  join LazyTableGroup (r3 : com.rts.tap.model.Notifications.client.thirdPartyCredentitals.role) {
                    }
                  }
                }
              }
            }
            left  join LazyTableGroup (e1 : com.rts.tap.model.Notifications.employee) {
              primaryTableReference : employees as e1_0
              TableGroupJoins {
                left  join LazyTableGroup (bu2 : com.rts.tap.model.Notifications.employee.businessUnit) {
                }
                left  join LazyTableGroup (pi2 : com.rts.tap.model.Notifications.employee.personalInfo) {
                }
                left  join LazyTableGroup (r4 : com.rts.tap.model.Notifications.employee.role) {
                }
              }
            }
            left  join LazyTableGroup (v1 : com.rts.tap.model.Notifications.vendor) {
              primaryTableReference : vendors as v1_0
              TableGroupJoins {
                left  join LazyTableGroup (tpc2 : com.rts.tap.model.Notifications.vendor.thirdPartyCredentitals) {
                  primaryTableReference : third_party_credentials as tpc2_0
                  TableGroupJoins {
                    left  join LazyTableGroup (r5 : com.rts.tap.model.Notifications.vendor.thirdPartyCredentitals.role) {
                    }
                  }
                }
              }
            }
          }
        }
      }
    }

2025-02-03 12:08:31 [main] DEBUG o.h.p.entity.AbstractEntityPersister - Static SQL for entity: com.rts.tap.model.Notifications
2025-02-03 12:08:31 [main] DEBUG o.h.p.entity.AbstractEntityPersister -  Version select: select notification_id from notifications where notification_id=?
2025-02-03 12:08:31 [main] DEBUG o.h.p.entity.AbstractEntityPersister -  Insert (0): insert into notifications (candidate_candidate_id,client_client_id,date,employee_employee_id,from_id,is_seen,message,source,vendor_vendor_id) values (?,?,?,?,?,?,?,?,?)
2025-02-03 12:08:31 [main] DEBUG o.h.p.entity.AbstractEntityPersister -  Update (0): update notifications set candidate_candidate_id=?,client_client_id=?,date=?,employee_employee_id=?,from_id=?,is_seen=?,message=?,source=?,vendor_vendor_id=? where notification_id=?
2025-02-03 12:08:31 [main] DEBUG o.h.p.entity.AbstractEntityPersister -  Delete (0): delete from notifications where notification_id=?
2025-02-03 12:08:31 [main] DEBUG org.hibernate.orm.sql.ast.create - Created new SQL alias : m1_0
2025-02-03 12:08:31 [main] DEBUG org.hibernate.orm.sql.ast.create - Registration of TableGroup [StandardTableGroup(com.rts.tap.model.MRFCriteria)] with identifierForTableGroup [com.rts.tap.model.MRFCriteria] for NavigablePath [com.rts.tap.model.MRFCriteria] 
2025-02-03 12:08:31 [main] DEBUG org.hibernate.orm.results.graph.AST - DomainResult Graph:
 \-EntityResultImpl [com.rts.tap.model.MRFCriteria]
 |  +-BasicFetch [com.rts.tap.model.MRFCriteria.IsCertificationNeeded]
 |  +-BasicFetch [com.rts.tap.model.MRFCriteria.IsVisaRequired]
 |  +-BasicFetch [com.rts.tap.model.MRFCriteria.certificate]
 |  +-BasicFetch [com.rts.tap.model.MRFCriteria.closureDate]
 |  +-BasicFetch [com.rts.tap.model.MRFCriteria.contractStartDate]
 |  +-BasicFetch [com.rts.tap.model.MRFCriteria.educationalQualification]
 |  +-BasicFetch [com.rts.tap.model.MRFCriteria.employmentMode]
 |  +-BasicFetch [com.rts.tap.model.MRFCriteria.jobLocation]
 |  +-BasicFetch [com.rts.tap.model.MRFCriteria.maximumCTC]
 |  +-BasicFetch [com.rts.tap.model.MRFCriteria.minimumCTC]
 |  +-BasicFetch [com.rts.tap.model.MRFCriteria.mrfLossOrProfit]
 |  +-BasicFetch [com.rts.tap.model.MRFCriteria.visaType]
 |  \-BasicFetch [com.rts.tap.model.MRFCriteria.yearsOfExperience]

2025-02-03 12:08:31 [main] DEBUG org.hibernate.orm.sql.ast.tree - SQL AST Tree:
    SelectStatement {
      FromClause {
        StandardTableGroup (m1 : com.rts.tap.model.MRFCriteria) {
          primaryTableReference : mrf_criteria_table as m1_0
        }
      }
    }

2025-02-03 12:08:31 [main] DEBUG o.h.p.entity.AbstractEntityPersister - Static SQL for entity: com.rts.tap.model.MRFCriteria
2025-02-03 12:08:31 [main] DEBUG o.h.p.entity.AbstractEntityPersister -  Version select: select mrf_criteria_id from mrf_criteria_table where mrf_criteria_id=?
2025-02-03 12:08:31 [main] DEBUG o.h.p.entity.AbstractEntityPersister -  Insert (0): insert into mrf_criteria_table (is_certification_needed,is_visa_required,certificate,closure_date,contract_start_date,educational_qualification,employment_mode,job_location,maximumctc,minimumctc,mrf_loss_or_profit,visa_type,years_of_experience) values (?,?,?,?,?,?,?,?,?,?,?,?,?)
2025-02-03 12:08:31 [main] DEBUG o.h.p.entity.AbstractEntityPersister -  Update (0): update mrf_criteria_table set is_certification_needed=?,is_visa_required=?,certificate=?,closure_date=?,contract_start_date=?,educational_qualification=?,employment_mode=?,job_location=?,maximumctc=?,minimumctc=?,mrf_loss_or_profit=?,visa_type=?,years_of_experience=? where mrf_criteria_id=?
2025-02-03 12:08:31 [main] DEBUG o.h.p.entity.AbstractEntityPersister -  Delete (0): delete from mrf_criteria_table where mrf_criteria_id=?
2025-02-03 12:08:31 [main] DEBUG org.hibernate.orm.sql.ast.create - Created new SQL alias : sr1_0
2025-02-03 12:08:31 [main] DEBUG org.hibernate.orm.sql.ast.create - Registration of TableGroup [StandardTableGroup(com.rts.tap.model.SubRequirements)] with identifierForTableGroup [com.rts.tap.model.SubRequirements] for NavigablePath [com.rts.tap.model.SubRequirements] 
2025-02-03 12:08:31 [main] DEBUG org.hibernate.orm.results.graph.AST - DomainResult Graph:
 \-EntityResultImpl [com.rts.tap.model.SubRequirements]
 |  +-BasicFetch [com.rts.tap.model.SubRequirements.resourceCount]
 |  \-BasicFetch [com.rts.tap.model.SubRequirements.role]

2025-02-03 12:08:31 [main] DEBUG org.hibernate.orm.sql.ast.tree - SQL AST Tree:
    SelectStatement {
      FromClause {
        StandardTableGroup (sr1 : com.rts.tap.model.SubRequirements) {
          primaryTableReference : sub_requirements as sr1_0
        }
      }
    }

2025-02-03 12:08:31 [main] DEBUG o.h.p.entity.AbstractEntityPersister - Static SQL for entity: com.rts.tap.model.SubRequirements
2025-02-03 12:08:31 [main] DEBUG o.h.p.entity.AbstractEntityPersister -  Version select: select sub_requirement_id from sub_requirements where sub_requirement_id=?
2025-02-03 12:08:31 [main] DEBUG o.h.p.entity.AbstractEntityPersister -  Insert (0): insert into sub_requirements (resource_count,role) values (?,?)
2025-02-03 12:08:31 [main] DEBUG o.h.p.entity.AbstractEntityPersister -  Update (0): update sub_requirements set resource_count=?,role=? where sub_requirement_id=?
2025-02-03 12:08:31 [main] DEBUG o.h.p.entity.AbstractEntityPersister -  Delete (0): delete from sub_requirements where sub_requirement_id=?
2025-02-03 12:08:31 [main] DEBUG org.hibernate.orm.sql.ast.create - Created new SQL alias : a1_0
2025-02-03 12:08:31 [main] DEBUG org.hibernate.orm.sql.ast.create - Registration of TableGroup [StandardTableGroup(com.rts.tap.model.Assessment)] with identifierForTableGroup [com.rts.tap.model.Assessment] for NavigablePath [com.rts.tap.model.Assessment] 
2025-02-03 12:08:31 [main] DEBUG org.hibernate.orm.sql.ast.create - Registration of TableGroup [org.hibernate.sql.ast.tree.from.LazyTableGroup@7e2bd635] with identifierForTableGroup [com.rts.tap.model.Assessment.recruitmentProcess] for NavigablePath [com.rts.tap.model.Assessment.recruitmentProcess] 
2025-02-03 12:08:31 [main] DEBUG org.hibernate.orm.sql.ast.create - Created new SQL alias : rp1_0
2025-02-03 12:08:31 [main] DEBUG org.hibernate.orm.sql.ast.create - Registration of TableGroup [org.hibernate.sql.ast.tree.from.LazyTableGroup@3c79be0f] with identifierForTableGroup [com.rts.tap.model.Assessment.recruitmentProcess.mrf] for NavigablePath [com.rts.tap.model.Assessment.recruitmentProcess.mrf] 
2025-02-03 12:08:31 [main] DEBUG org.hibernate.orm.sql.ast.create - Created new SQL alias : m1_0
2025-02-03 12:08:31 [main] DEBUG org.hibernate.orm.sql.ast.create - Registration of TableGroup [org.hibernate.sql.ast.tree.from.LazyTableGroup@7aeb7bd6] with identifierForTableGroup [com.rts.tap.model.Assessment.recruitmentProcess.mrf.businessUnitHead] for NavigablePath [com.rts.tap.model.Assessment.recruitmentProcess.mrf.businessUnitHead] 
2025-02-03 12:08:31 [main] DEBUG org.hibernate.orm.sql.ast.create - Registration of TableGroup [org.hibernate.sql.ast.tree.from.LazyTableGroup@5c0bacaa] with identifierForTableGroup [com.rts.tap.model.Assessment.recruitmentProcess.mrf.clientPartner] for NavigablePath [com.rts.tap.model.Assessment.recruitmentProcess.mrf.clientPartner] 
2025-02-03 12:08:31 [main] DEBUG org.hibernate.orm.sql.ast.create - Registration of TableGroup [org.hibernate.sql.ast.tree.from.LazyTableGroup@7cb15360] with identifierForTableGroup [com.rts.tap.model.Assessment.recruitmentProcess.mrf.mrfAgreement] for NavigablePath [com.rts.tap.model.Assessment.recruitmentProcess.mrf.mrfAgreement] 
2025-02-03 12:08:31 [main] DEBUG org.hibernate.orm.sql.ast.create - Registration of TableGroup [org.hibernate.sql.ast.tree.from.LazyTableGroup@dc9033f] with identifierForTableGroup [com.rts.tap.model.Assessment.recruitmentProcess.mrf.mrfCriteria] for NavigablePath [com.rts.tap.model.Assessment.recruitmentProcess.mrf.mrfCriteria] 
2025-02-03 12:08:31 [main] DEBUG org.hibernate.orm.sql.ast.create - Registration of TableGroup [org.hibernate.sql.ast.tree.from.LazyTableGroup@2c5dfc9b] with identifierForTableGroup [com.rts.tap.model.Assessment.recruitmentProcess.mrf.mrfJd] for NavigablePath [com.rts.tap.model.Assessment.recruitmentProcess.mrf.mrfJd] 
2025-02-03 12:08:31 [main] DEBUG org.hibernate.orm.sql.ast.create - Registration of TableGroup [org.hibernate.sql.ast.tree.from.LazyTableGroup@2db27b46] with identifierForTableGroup [com.rts.tap.model.Assessment.recruitmentProcess.mrf.mrfStatus] for NavigablePath [com.rts.tap.model.Assessment.recruitmentProcess.mrf.mrfStatus] 
2025-02-03 12:08:31 [main] DEBUG org.hibernate.orm.sql.ast.create - Registration of TableGroup [org.hibernate.sql.ast.tree.from.LazyTableGroup@5bee07c3] with identifierForTableGroup [com.rts.tap.model.Assessment.recruitmentProcess.mrf.requirement] for NavigablePath [com.rts.tap.model.Assessment.recruitmentProcess.mrf.requirement] 
2025-02-03 12:08:31 [main] DEBUG org.hibernate.orm.sql.ast.create - Registration of TableGroup [org.hibernate.sql.ast.tree.from.LazyTableGroup@1e7b277a] with identifierForTableGroup [com.rts.tap.model.Assessment.recruitmentProcess.mrf.subRequirements] for NavigablePath [com.rts.tap.model.Assessment.recruitmentProcess.mrf.subRequirements] 
2025-02-03 12:08:31 [main] DEBUG org.hibernate.orm.results.graph.AST - DomainResult Graph:
 \-EntityResultImpl [com.rts.tap.model.Assessment]
 |  +-BasicFetch [com.rts.tap.model.Assessment.assessmentEndDate]
 |  +-BasicFetch [com.rts.tap.model.Assessment.assessmentEndTime]
 |  +-BasicFetch [com.rts.tap.model.Assessment.assessmentLink]
 |  +-BasicFetch [com.rts.tap.model.Assessment.assessmentName]
 |  +-BasicFetch [com.rts.tap.model.Assessment.assessmentStartDate]
 |  +-BasicFetch [com.rts.tap.model.Assessment.assessmentStartTime]
 |  +-BasicFetch [com.rts.tap.model.Assessment.assessmentType]
 |  \-EntityFetchJoinedImpl [com.rts.tap.model.Assessment.recruitmentProcess]
 |  |  +-BasicFetch [com.rts.tap.model.Assessment.recruitmentProcess.completedStatus]
 |  |  +-DelayedCollectionFetch [com.rts.tap.model.Assessment.recruitmentProcess.interviewer]
 |  |  +-BasicFetch [com.rts.tap.model.Assessment.recruitmentProcess.level]
 |  |  +-EntityFetchJoinedImpl [com.rts.tap.model.Assessment.recruitmentProcess.mrf]
 |  |  |  +-EntityFetchSelectImpl [com.rts.tap.model.Assessment.recruitmentProcess.mrf.businessUnitHead]
 |  |  |  +-EntityFetchSelectImpl [com.rts.tap.model.Assessment.recruitmentProcess.mrf.clientPartner]
 |  |  |  +-BasicFetch [com.rts.tap.model.Assessment.recruitmentProcess.mrf.createdAt]
 |  |  |  +-EntityFetchSelectImpl [com.rts.tap.model.Assessment.recruitmentProcess.mrf.mrfAgreement]
 |  |  |  +-EntityFetchSelectImpl [com.rts.tap.model.Assessment.recruitmentProcess.mrf.mrfCriteria]
 |  |  |  +-BasicFetch [com.rts.tap.model.Assessment.recruitmentProcess.mrf.mrfDepartmentName]
 |  |  |  +-EntityFetchSelectImpl [com.rts.tap.model.Assessment.recruitmentProcess.mrf.mrfJd]
 |  |  |  +-BasicFetch [com.rts.tap.model.Assessment.recruitmentProcess.mrf.mrfRequiredTechnology]
 |  |  |  +-EntityFetchSelectImpl [com.rts.tap.model.Assessment.recruitmentProcess.mrf.mrfStatus]
 |  |  |  +-BasicFetch [com.rts.tap.model.Assessment.recruitmentProcess.mrf.probableDesignation]
 |  |  |  +-BasicFetch [com.rts.tap.model.Assessment.recruitmentProcess.mrf.requiredResourceCount]
 |  |  |  +-BasicFetch [com.rts.tap.model.Assessment.recruitmentProcess.mrf.requiredSkills]
 |  |  |  +-EntityFetchSelectImpl [com.rts.tap.model.Assessment.recruitmentProcess.mrf.requirement]
 |  |  |  +-EntityFetchSelectImpl [com.rts.tap.model.Assessment.recruitmentProcess.mrf.subRequirements]
 |  |  |  \-BasicFetch [com.rts.tap.model.Assessment.recruitmentProcess.mrf.updatedAt]
 |  |  +-BasicFetch [com.rts.tap.model.Assessment.recruitmentProcess.recruitmentProcessName]
 |  |  +-BasicFetch [com.rts.tap.model.Assessment.recruitmentProcess.recruitmentProcessType]
 |  |  \-BasicFetch [com.rts.tap.model.Assessment.recruitmentProcess.report]

2025-02-03 12:08:31 [main] DEBUG org.hibernate.orm.sql.ast.tree - SQL AST Tree:
    SelectStatement {
      FromClause {
        StandardTableGroup (a1 : com.rts.tap.model.Assessment) {
          primaryTableReference : assessment as a1_0
          TableGroupJoins {
            left  join LazyTableGroup (rp1 : com.rts.tap.model.Assessment.recruitmentProcess) {
              primaryTableReference : recruitment_process as rp1_0
              TableGroupJoins {
                left  join LazyTableGroup (m1 : com.rts.tap.model.Assessment.recruitmentProcess.mrf) {
                  primaryTableReference : mrf_table as m1_0
                  TableGroupJoins {
                    left  join LazyTableGroup (buh1 : com.rts.tap.model.Assessment.recruitmentProcess.mrf.businessUnitHead) {
                    }
                    left  join LazyTableGroup (cp1 : com.rts.tap.model.Assessment.recruitmentProcess.mrf.clientPartner) {
                    }
                    left  join LazyTableGroup (ma1 : com.rts.tap.model.Assessment.recruitmentProcess.mrf.mrfAgreement) {
                    }
                    left  join LazyTableGroup (mc1 : com.rts.tap.model.Assessment.recruitmentProcess.mrf.mrfCriteria) {
                    }
                    left  join LazyTableGroup (mj1 : com.rts.tap.model.Assessment.recruitmentProcess.mrf.mrfJd) {
                    }
                    left  join LazyTableGroup (ms1 : com.rts.tap.model.Assessment.recruitmentProcess.mrf.mrfStatus) {
                    }
                    left  join LazyTableGroup (r1 : com.rts.tap.model.Assessment.recruitmentProcess.mrf.requirement) {
                    }
                    left  join LazyTableGroup (sr1 : com.rts.tap.model.Assessment.recruitmentProcess.mrf.subRequirements) {
                    }
                  }
                }
              }
            }
          }
        }
      }
    }

2025-02-03 12:08:31 [main] DEBUG o.h.p.entity.AbstractEntityPersister - Static SQL for entity: com.rts.tap.model.Assessment
2025-02-03 12:08:31 [main] DEBUG o.h.p.entity.AbstractEntityPersister -  Version select: select assessment_id from assessment where assessment_id=?
2025-02-03 12:08:31 [main] DEBUG o.h.p.entity.AbstractEntityPersister -  Insert (0): insert into assessment (assessment_end_date,assessment_end_time,assessment_link,assessment_name,assessment_start_date,assessment_start_time,assessment_type,recruitment_process_recruitment_process_id) values (?,?,?,?,?,?,?,?)
2025-02-03 12:08:31 [main] DEBUG o.h.p.entity.AbstractEntityPersister -  Update (0): update assessment set assessment_end_date=?,assessment_end_time=?,assessment_link=?,assessment_name=?,assessment_start_date=?,assessment_start_time=?,assessment_type=?,recruitment_process_recruitment_process_id=? where assessment_id=?
2025-02-03 12:08:31 [main] DEBUG o.h.p.entity.AbstractEntityPersister -  Delete (0): delete from assessment where assessment_id=?
2025-02-03 12:08:31 [main] DEBUG org.hibernate.orm.sql.ast.create - Created new SQL alias : rp1_0
2025-02-03 12:08:31 [main] DEBUG org.hibernate.orm.sql.ast.create - Registration of TableGroup [StandardTableGroup(com.rts.tap.model.RecruitmentProcess)] with identifierForTableGroup [com.rts.tap.model.RecruitmentProcess] for NavigablePath [com.rts.tap.model.RecruitmentProcess] 
2025-02-03 12:08:31 [main] DEBUG org.hibernate.orm.sql.ast.create - Registration of TableGroup [org.hibernate.sql.ast.tree.from.LazyTableGroup@635791b7] with identifierForTableGroup [com.rts.tap.model.RecruitmentProcess.mrf] for NavigablePath [com.rts.tap.model.RecruitmentProcess.mrf] 
2025-02-03 12:08:31 [main] DEBUG org.hibernate.orm.sql.ast.create - Created new SQL alias : m1_0
2025-02-03 12:08:31 [main] DEBUG org.hibernate.orm.sql.ast.create - Registration of TableGroup [org.hibernate.sql.ast.tree.from.LazyTableGroup@48ac4201] with identifierForTableGroup [com.rts.tap.model.RecruitmentProcess.mrf.businessUnitHead] for NavigablePath [com.rts.tap.model.RecruitmentProcess.mrf.businessUnitHead] 
2025-02-03 12:08:31 [main] DEBUG org.hibernate.orm.sql.ast.create - Created new SQL alias : buh1_0
2025-02-03 12:08:31 [main] DEBUG org.hibernate.orm.sql.ast.create - Registration of TableGroup [org.hibernate.sql.ast.tree.from.LazyTableGroup@f2bec99] with identifierForTableGroup [com.rts.tap.model.RecruitmentProcess.mrf.businessUnitHead.businessUnit] for NavigablePath [com.rts.tap.model.RecruitmentProcess.mrf.businessUnitHead.businessUnit] 
2025-02-03 12:08:31 [main] DEBUG org.hibernate.orm.sql.ast.create - Registration of TableGroup [org.hibernate.sql.ast.tree.from.LazyTableGroup@5f324d9f] with identifierForTableGroup [com.rts.tap.model.RecruitmentProcess.mrf.businessUnitHead.personalInfo] for NavigablePath [com.rts.tap.model.RecruitmentProcess.mrf.businessUnitHead.personalInfo] 
2025-02-03 12:08:31 [main] DEBUG org.hibernate.orm.sql.ast.create - Registration of TableGroup [org.hibernate.sql.ast.tree.from.LazyTableGroup@b7b5e7] with identifierForTableGroup [com.rts.tap.model.RecruitmentProcess.mrf.businessUnitHead.role] for NavigablePath [com.rts.tap.model.RecruitmentProcess.mrf.businessUnitHead.role] 
2025-02-03 12:08:31 [main] DEBUG org.hibernate.orm.sql.ast.create - Registration of TableGroup [org.hibernate.sql.ast.tree.from.LazyTableGroup@2aa143ba] with identifierForTableGroup [com.rts.tap.model.RecruitmentProcess.mrf.clientPartner] for NavigablePath [com.rts.tap.model.RecruitmentProcess.mrf.clientPartner] 
2025-02-03 12:08:31 [main] DEBUG org.hibernate.orm.sql.ast.create - Created new SQL alias : cp1_0
2025-02-03 12:08:31 [main] DEBUG org.hibernate.orm.sql.ast.create - Registration of TableGroup [org.hibernate.sql.ast.tree.from.LazyTableGroup@7abe3d53] with identifierForTableGroup [com.rts.tap.model.RecruitmentProcess.mrf.clientPartner.businessUnit] for NavigablePath [com.rts.tap.model.RecruitmentProcess.mrf.clientPartner.businessUnit] 
2025-02-03 12:08:31 [main] DEBUG org.hibernate.orm.sql.ast.create - Registration of TableGroup [org.hibernate.sql.ast.tree.from.LazyTableGroup@372dc92e] with identifierForTableGroup [com.rts.tap.model.RecruitmentProcess.mrf.clientPartner.personalInfo] for NavigablePath [com.rts.tap.model.RecruitmentProcess.mrf.clientPartner.personalInfo] 
2025-02-03 12:08:31 [main] DEBUG org.hibernate.orm.sql.ast.create - Registration of TableGroup [org.hibernate.sql.ast.tree.from.LazyTableGroup@a885aa1] with identifierForTableGroup [com.rts.tap.model.RecruitmentProcess.mrf.clientPartner.role] for NavigablePath [com.rts.tap.model.RecruitmentProcess.mrf.clientPartner.role] 
2025-02-03 12:08:31 [main] DEBUG org.hibernate.orm.sql.ast.create - Registration of TableGroup [org.hibernate.sql.ast.tree.from.LazyTableGroup@2a9464d9] with identifierForTableGroup [com.rts.tap.model.RecruitmentProcess.mrf.mrfAgreement] for NavigablePath [com.rts.tap.model.RecruitmentProcess.mrf.mrfAgreement] 
2025-02-03 12:08:31 [main] DEBUG org.hibernate.orm.sql.ast.create - Created new SQL alias : ma1_0
2025-02-03 12:08:31 [main] DEBUG org.hibernate.orm.sql.ast.create - Registration of TableGroup [org.hibernate.sql.ast.tree.from.LazyTableGroup@21cb907d] with identifierForTableGroup [com.rts.tap.model.RecruitmentProcess.mrf.mrfCriteria] for NavigablePath [com.rts.tap.model.RecruitmentProcess.mrf.mrfCriteria] 
2025-02-03 12:08:31 [main] DEBUG org.hibernate.orm.sql.ast.create - Created new SQL alias : mc1_0
2025-02-03 12:08:31 [main] DEBUG org.hibernate.orm.sql.ast.create - Registration of TableGroup [org.hibernate.sql.ast.tree.from.LazyTableGroup@78f649d3] with identifierForTableGroup [com.rts.tap.model.RecruitmentProcess.mrf.mrfJd] for NavigablePath [com.rts.tap.model.RecruitmentProcess.mrf.mrfJd] 
2025-02-03 12:08:31 [main] DEBUG org.hibernate.orm.sql.ast.create - Created new SQL alias : mj1_0
2025-02-03 12:08:31 [main] DEBUG org.hibernate.orm.sql.ast.create - Registration of TableGroup [org.hibernate.sql.ast.tree.from.LazyTableGroup@3063493e] with identifierForTableGroup [com.rts.tap.model.RecruitmentProcess.mrf.mrfStatus] for NavigablePath [com.rts.tap.model.RecruitmentProcess.mrf.mrfStatus] 
2025-02-03 12:08:31 [main] DEBUG org.hibernate.orm.sql.ast.create - Created new SQL alias : ms1_0
2025-02-03 12:08:31 [main] DEBUG org.hibernate.orm.sql.ast.create - Registration of TableGroup [org.hibernate.sql.ast.tree.from.LazyTableGroup@39584147] with identifierForTableGroup [com.rts.tap.model.RecruitmentProcess.mrf.requirement] for NavigablePath [com.rts.tap.model.RecruitmentProcess.mrf.requirement] 
2025-02-03 12:08:31 [main] DEBUG org.hibernate.orm.sql.ast.create - Created new SQL alias : r3_0
2025-02-03 12:08:31 [main] DEBUG org.hibernate.orm.sql.ast.create - Registration of TableGroup [org.hibernate.sql.ast.tree.from.LazyTableGroup@446d7669] with identifierForTableGroup [com.rts.tap.model.RecruitmentProcess.mrf.requirement.client] for NavigablePath [com.rts.tap.model.RecruitmentProcess.mrf.requirement.client] 
2025-02-03 12:08:31 [main] DEBUG org.hibernate.orm.sql.ast.create - Registration of TableGroup [org.hibernate.sql.ast.tree.from.LazyTableGroup@e1f17e6] with identifierForTableGroup [com.rts.tap.model.RecruitmentProcess.mrf.subRequirements] for NavigablePath [com.rts.tap.model.RecruitmentProcess.mrf.subRequirements] 
2025-02-03 12:08:31 [main] DEBUG org.hibernate.orm.sql.ast.create - Created new SQL alias : sr1_0
2025-02-03 12:08:31 [main] DEBUG org.hibernate.orm.results.graph.AST - DomainResult Graph:
 \-EntityResultImpl [com.rts.tap.model.RecruitmentProcess]
 |  +-BasicFetch [com.rts.tap.model.RecruitmentProcess.completedStatus]
 |  +-DelayedCollectionFetch [com.rts.tap.model.RecruitmentProcess.interviewer]
 |  +-BasicFetch [com.rts.tap.model.RecruitmentProcess.level]
 |  +-EntityFetchJoinedImpl [com.rts.tap.model.RecruitmentProcess.mrf]
 |  |  +-EntityFetchJoinedImpl [com.rts.tap.model.RecruitmentProcess.mrf.businessUnitHead]
 |  |  |  +-EntityDelayedFetchImpl [com.rts.tap.model.RecruitmentProcess.mrf.businessUnitHead.businessUnit]
 |  |  |  +-BasicFetch [com.rts.tap.model.RecruitmentProcess.mrf.businessUnitHead.candidateId]
 |  |  |  +-BasicFetch [com.rts.tap.model.RecruitmentProcess.mrf.businessUnitHead.createdDate]
 |  |  |  +-DelayedCollectionFetch [com.rts.tap.model.RecruitmentProcess.mrf.businessUnitHead.documents]
 |  |  |  +-BasicFetch [com.rts.tap.model.RecruitmentProcess.mrf.businessUnitHead.employeeEmail]
 |  |  |  +-BasicFetch [com.rts.tap.model.RecruitmentProcess.mrf.businessUnitHead.employeeName]
 |  |  |  +-BasicFetch [com.rts.tap.model.RecruitmentProcess.mrf.businessUnitHead.employeeStatus]
 |  |  |  +-DelayedCollectionFetch [com.rts.tap.model.RecruitmentProcess.mrf.businessUnitHead.experience]
 |  |  |  +-DelayedCollectionFetch [com.rts.tap.model.RecruitmentProcess.mrf.businessUnitHead.familyDetails]
 |  |  |  +-BasicFetch [com.rts.tap.model.RecruitmentProcess.mrf.businessUnitHead.managerId]
 |  |  |  +-EntityDelayedFetchImpl [com.rts.tap.model.RecruitmentProcess.mrf.businessUnitHead.personalInfo]
 |  |  |  +-DelayedCollectionFetch [com.rts.tap.model.RecruitmentProcess.mrf.businessUnitHead.qualification]
 |  |  |  +-EntityDelayedFetchImpl [com.rts.tap.model.RecruitmentProcess.mrf.businessUnitHead.role]
 |  |  |  +-BasicFetch [com.rts.tap.model.RecruitmentProcess.mrf.businessUnitHead.updatedDate]
 |  |  |  \-BasicFetch [com.rts.tap.model.RecruitmentProcess.mrf.businessUnitHead.workLocation]
 |  |  +-EntityFetchJoinedImpl [com.rts.tap.model.RecruitmentProcess.mrf.clientPartner]
 |  |  |  +-EntityDelayedFetchImpl [com.rts.tap.model.RecruitmentProcess.mrf.clientPartner.businessUnit]
 |  |  |  +-BasicFetch [com.rts.tap.model.RecruitmentProcess.mrf.clientPartner.candidateId]
 |  |  |  +-BasicFetch [com.rts.tap.model.RecruitmentProcess.mrf.clientPartner.createdDate]
 |  |  |  +-DelayedCollectionFetch [com.rts.tap.model.RecruitmentProcess.mrf.clientPartner.documents]
 |  |  |  +-BasicFetch [com.rts.tap.model.RecruitmentProcess.mrf.clientPartner.employeeEmail]
 |  |  |  +-BasicFetch [com.rts.tap.model.RecruitmentProcess.mrf.clientPartner.employeeName]
 |  |  |  +-BasicFetch [com.rts.tap.model.RecruitmentProcess.mrf.clientPartner.employeeStatus]
 |  |  |  +-DelayedCollectionFetch [com.rts.tap.model.RecruitmentProcess.mrf.clientPartner.experience]
 |  |  |  +-DelayedCollectionFetch [com.rts.tap.model.RecruitmentProcess.mrf.clientPartner.familyDetails]
 |  |  |  +-BasicFetch [com.rts.tap.model.RecruitmentProcess.mrf.clientPartner.managerId]
 |  |  |  +-EntityDelayedFetchImpl [com.rts.tap.model.RecruitmentProcess.mrf.clientPartner.personalInfo]
 |  |  |  +-DelayedCollectionFetch [com.rts.tap.model.RecruitmentProcess.mrf.clientPartner.qualification]
 |  |  |  +-EntityDelayedFetchImpl [com.rts.tap.model.RecruitmentProcess.mrf.clientPartner.role]
 |  |  |  +-BasicFetch [com.rts.tap.model.RecruitmentProcess.mrf.clientPartner.updatedDate]
 |  |  |  \-BasicFetch [com.rts.tap.model.RecruitmentProcess.mrf.clientPartner.workLocation]
 |  |  +-BasicFetch [com.rts.tap.model.RecruitmentProcess.mrf.createdAt]
 |  |  +-EntityFetchJoinedImpl [com.rts.tap.model.RecruitmentProcess.mrf.mrfAgreement]
 |  |  |  +-BasicFetch [com.rts.tap.model.RecruitmentProcess.mrf.mrfAgreement.billingCycle]
 |  |  |  +-BasicFetch [com.rts.tap.model.RecruitmentProcess.mrf.mrfAgreement.mrfTemplate]
 |  |  |  +-BasicFetch [com.rts.tap.model.RecruitmentProcess.mrf.mrfAgreement.negotiatedPricePoint]
 |  |  |  +-BasicFetch [com.rts.tap.model.RecruitmentProcess.mrf.mrfAgreement.proposedBudget]
 |  |  |  \-BasicFetch [com.rts.tap.model.RecruitmentProcess.mrf.mrfAgreement.serviceLevelAgreement]
 |  |  +-EntityFetchJoinedImpl [com.rts.tap.model.RecruitmentProcess.mrf.mrfCriteria]
 |  |  |  +-BasicFetch [com.rts.tap.model.RecruitmentProcess.mrf.mrfCriteria.IsCertificationNeeded]
 |  |  |  +-BasicFetch [com.rts.tap.model.RecruitmentProcess.mrf.mrfCriteria.IsVisaRequired]
 |  |  |  +-BasicFetch [com.rts.tap.model.RecruitmentProcess.mrf.mrfCriteria.certificate]
 |  |  |  +-BasicFetch [com.rts.tap.model.RecruitmentProcess.mrf.mrfCriteria.closureDate]
 |  |  |  +-BasicFetch [com.rts.tap.model.RecruitmentProcess.mrf.mrfCriteria.contractStartDate]
 |  |  |  +-BasicFetch [com.rts.tap.model.RecruitmentProcess.mrf.mrfCriteria.educationalQualification]
 |  |  |  +-BasicFetch [com.rts.tap.model.RecruitmentProcess.mrf.mrfCriteria.employmentMode]
 |  |  |  +-BasicFetch [com.rts.tap.model.RecruitmentProcess.mrf.mrfCriteria.jobLocation]
 |  |  |  +-BasicFetch [com.rts.tap.model.RecruitmentProcess.mrf.mrfCriteria.maximumCTC]
 |  |  |  +-BasicFetch [com.rts.tap.model.RecruitmentProcess.mrf.mrfCriteria.minimumCTC]
 |  |  |  +-BasicFetch [com.rts.tap.model.RecruitmentProcess.mrf.mrfCriteria.mrfLossOrProfit]
 |  |  |  +-BasicFetch [com.rts.tap.model.RecruitmentProcess.mrf.mrfCriteria.visaType]
 |  |  |  \-BasicFetch [com.rts.tap.model.RecruitmentProcess.mrf.mrfCriteria.yearsOfExperience]
 |  |  +-BasicFetch [com.rts.tap.model.RecruitmentProcess.mrf.mrfDepartmentName]
 |  |  +-EntityFetchJoinedImpl [com.rts.tap.model.RecruitmentProcess.mrf.mrfJd]
 |  |  |  +-BasicFetch [com.rts.tap.model.RecruitmentProcess.mrf.mrfJd.jobParameter]
 |  |  |  +-BasicFetch [com.rts.tap.model.RecruitmentProcess.mrf.mrfJd.jobTitle]
 |  |  |  \-BasicFetch [com.rts.tap.model.RecruitmentProcess.mrf.mrfJd.rolesAndResponsibilities]
 |  |  +-BasicFetch [com.rts.tap.model.RecruitmentProcess.mrf.mrfRequiredTechnology]
 |  |  +-EntityFetchJoinedImpl [com.rts.tap.model.RecruitmentProcess.mrf.mrfStatus]
 |  |  |  +-BasicFetch [com.rts.tap.model.RecruitmentProcess.mrf.mrfStatus.descriptionForChanges]
 |  |  |  +-BasicFetch [com.rts.tap.model.RecruitmentProcess.mrf.mrfStatus.mrfApprovalStatus]
 |  |  |  +-BasicFetch [com.rts.tap.model.RecruitmentProcess.mrf.mrfStatus.mrfStage]
 |  |  |  +-BasicFetch [com.rts.tap.model.RecruitmentProcess.mrf.mrfStatus.mrfType]
 |  |  |  +-BasicFetch [com.rts.tap.model.RecruitmentProcess.mrf.mrfStatus.reasonForLost]
 |  |  |  \-BasicFetch [com.rts.tap.model.RecruitmentProcess.mrf.mrfStatus.requirementFilled]
 |  |  +-BasicFetch [com.rts.tap.model.RecruitmentProcess.mrf.probableDesignation]
 |  |  +-BasicFetch [com.rts.tap.model.RecruitmentProcess.mrf.requiredResourceCount]
 |  |  +-BasicFetch [com.rts.tap.model.RecruitmentProcess.mrf.requiredSkills]
 |  |  +-EntityFetchJoinedImpl [com.rts.tap.model.RecruitmentProcess.mrf.requirement]
 |  |  |  +-BasicFetch [com.rts.tap.model.RecruitmentProcess.mrf.requirement.budget]
 |  |  |  +-EntityFetchSelectImpl [com.rts.tap.model.RecruitmentProcess.mrf.requirement.client]
 |  |  |  +-BasicFetch [com.rts.tap.model.RecruitmentProcess.mrf.requirement.createdAt]
 |  |  |  +-DelayedCollectionFetch [com.rts.tap.model.RecruitmentProcess.mrf.requirement.subrequirement]
 |  |  |  +-BasicFetch [com.rts.tap.model.RecruitmentProcess.mrf.requirement.timeline]
 |  |  |  \-BasicFetch [com.rts.tap.model.RecruitmentProcess.mrf.requirement.totalRequiredResourceCount]
 |  |  +-EntityFetchJoinedImpl [com.rts.tap.model.RecruitmentProcess.mrf.subRequirements]
 |  |  |  +-BasicFetch [com.rts.tap.model.RecruitmentProcess.mrf.subRequirements.resourceCount]
 |  |  |  \-BasicFetch [com.rts.tap.model.RecruitmentProcess.mrf.subRequirements.role]
 |  |  \-BasicFetch [com.rts.tap.model.RecruitmentProcess.mrf.updatedAt]
 |  +-BasicFetch [com.rts.tap.model.RecruitmentProcess.recruitmentProcessName]
 |  +-BasicFetch [com.rts.tap.model.RecruitmentProcess.recruitmentProcessType]
 |  \-BasicFetch [com.rts.tap.model.RecruitmentProcess.report]

2025-02-03 12:08:31 [main] DEBUG org.hibernate.orm.sql.ast.tree - SQL AST Tree:
    SelectStatement {
      FromClause {
        StandardTableGroup (rp1 : com.rts.tap.model.RecruitmentProcess) {
          primaryTableReference : recruitment_process as rp1_0
          TableGroupJoins {
            left  join LazyTableGroup (m1 : com.rts.tap.model.RecruitmentProcess.mrf) {
              primaryTableReference : mrf_table as m1_0
              TableGroupJoins {
                left  join LazyTableGroup (buh1 : com.rts.tap.model.RecruitmentProcess.mrf.businessUnitHead) {
                  primaryTableReference : employees as buh1_0
                  TableGroupJoins {
                    left  join LazyTableGroup (bu1 : com.rts.tap.model.RecruitmentProcess.mrf.businessUnitHead.businessUnit) {
                    }
                    left  join LazyTableGroup (pi1 : com.rts.tap.model.RecruitmentProcess.mrf.businessUnitHead.personalInfo) {
                    }
                    left  join LazyTableGroup (r1 : com.rts.tap.model.RecruitmentProcess.mrf.businessUnitHead.role) {
                    }
                  }
                }
                left  join LazyTableGroup (cp1 : com.rts.tap.model.RecruitmentProcess.mrf.clientPartner) {
                  primaryTableReference : employees as cp1_0
                  TableGroupJoins {
                    left  join LazyTableGroup (bu2 : com.rts.tap.model.RecruitmentProcess.mrf.clientPartner.businessUnit) {
                    }
                    left  join LazyTableGroup (pi2 : com.rts.tap.model.RecruitmentProcess.mrf.clientPartner.personalInfo) {
                    }
                    left  join LazyTableGroup (r2 : com.rts.tap.model.RecruitmentProcess.mrf.clientPartner.role) {
                    }
                  }
                }
                left  join LazyTableGroup (ma1 : com.rts.tap.model.RecruitmentProcess.mrf.mrfAgreement) {
                  primaryTableReference : mrf_agreement_table as ma1_0
                }
                left  join LazyTableGroup (mc1 : com.rts.tap.model.RecruitmentProcess.mrf.mrfCriteria) {
                  primaryTableReference : mrf_criteria_table as mc1_0
                }
                left  join LazyTableGroup (mj1 : com.rts.tap.model.RecruitmentProcess.mrf.mrfJd) {
                  primaryTableReference : mrf_jd as mj1_0
                }
                left  join LazyTableGroup (ms1 : com.rts.tap.model.RecruitmentProcess.mrf.mrfStatus) {
                  primaryTableReference : mrf_status_table as ms1_0
                }
                left  join LazyTableGroup (r3 : com.rts.tap.model.RecruitmentProcess.mrf.requirement) {
                  primaryTableReference : requirements as r3_0
                  TableGroupJoins {
                    left  join LazyTableGroup (c1 : com.rts.tap.model.RecruitmentProcess.mrf.requirement.client) {
                    }
                  }
                }
                left  join LazyTableGroup (sr1 : com.rts.tap.model.RecruitmentProcess.mrf.subRequirements) {
                  primaryTableReference : sub_requirements as sr1_0
                }
              }
            }
          }
        }
      }
    }

2025-02-03 12:08:31 [main] DEBUG o.h.p.entity.AbstractEntityPersister - Static SQL for entity: com.rts.tap.model.RecruitmentProcess
2025-02-03 12:08:31 [main] DEBUG o.h.p.entity.AbstractEntityPersister -  Version select: select recruitment_process_id from recruitment_process where recruitment_process_id=?
2025-02-03 12:08:31 [main] DEBUG o.h.p.entity.AbstractEntityPersister -  Insert (0): insert into recruitment_process (completed_status,level,mrf_mrf_id,recruitment_process_name,recruitment_process_type,report) values (?,?,?,?,?,?)
2025-02-03 12:08:31 [main] DEBUG o.h.p.entity.AbstractEntityPersister -  Update (0): update recruitment_process set completed_status=?,level=?,mrf_mrf_id=?,recruitment_process_name=?,recruitment_process_type=?,report=? where recruitment_process_id=?
2025-02-03 12:08:31 [main] DEBUG o.h.p.entity.AbstractEntityPersister -  Delete (0): delete from recruitment_process where recruitment_process_id=?
2025-02-03 12:08:31 [main] DEBUG org.hibernate.orm.sql.ast.create - Created new SQL alias : rop1_0
2025-02-03 12:08:31 [main] DEBUG org.hibernate.orm.sql.ast.create - Registration of TableGroup [StandardTableGroup(com.rts.tap.model.RecruiterOverallPerformance)] with identifierForTableGroup [com.rts.tap.model.RecruiterOverallPerformance] for NavigablePath [com.rts.tap.model.RecruiterOverallPerformance] 
2025-02-03 12:08:31 [main] DEBUG org.hibernate.orm.sql.ast.create - Registration of TableGroup [org.hibernate.sql.ast.tree.from.LazyTableGroup@5f36ba0f] with identifierForTableGroup [com.rts.tap.model.RecruiterOverallPerformance.recruiter] for NavigablePath [com.rts.tap.model.RecruiterOverallPerformance.recruiter] 
2025-02-03 12:08:31 [main] DEBUG org.hibernate.orm.sql.ast.create - Created new SQL alias : r1_0
2025-02-03 12:08:31 [main] DEBUG org.hibernate.orm.sql.ast.create - Registration of TableGroup [org.hibernate.sql.ast.tree.from.LazyTableGroup@70c741be] with identifierForTableGroup [com.rts.tap.model.RecruiterOverallPerformance.recruiter.businessUnit] for NavigablePath [com.rts.tap.model.RecruiterOverallPerformance.recruiter.businessUnit] 
2025-02-03 12:08:31 [main] DEBUG org.hibernate.orm.sql.ast.create - Registration of TableGroup [org.hibernate.sql.ast.tree.from.LazyTableGroup@611d867] with identifierForTableGroup [com.rts.tap.model.RecruiterOverallPerformance.recruiter.personalInfo] for NavigablePath [com.rts.tap.model.RecruiterOverallPerformance.recruiter.personalInfo] 
2025-02-03 12:08:31 [main] DEBUG org.hibernate.orm.sql.ast.create - Registration of TableGroup [org.hibernate.sql.ast.tree.from.LazyTableGroup@5efb7f82] with identifierForTableGroup [com.rts.tap.model.RecruiterOverallPerformance.recruiter.role] for NavigablePath [com.rts.tap.model.RecruiterOverallPerformance.recruiter.role] 
2025-02-03 12:08:31 [main] DEBUG org.hibernate.orm.results.graph.AST - DomainResult Graph:
 \-EntityResultImpl [com.rts.tap.model.RecruiterOverallPerformance]
 |  +-BasicFetch [com.rts.tap.model.RecruiterOverallPerformance.grade]
 |  +-BasicFetch [com.rts.tap.model.RecruiterOverallPerformance.overallPerformance]
 |  \-EntityFetchJoinedImpl [com.rts.tap.model.RecruiterOverallPerformance.recruiter]
 |  |  +-EntityDelayedFetchImpl [com.rts.tap.model.RecruiterOverallPerformance.recruiter.businessUnit]
 |  |  +-BasicFetch [com.rts.tap.model.RecruiterOverallPerformance.recruiter.candidateId]
 |  |  +-BasicFetch [com.rts.tap.model.RecruiterOverallPerformance.recruiter.createdDate]
 |  |  +-DelayedCollectionFetch [com.rts.tap.model.RecruiterOverallPerformance.recruiter.documents]
 |  |  +-BasicFetch [com.rts.tap.model.RecruiterOverallPerformance.recruiter.employeeEmail]
 |  |  +-BasicFetch [com.rts.tap.model.RecruiterOverallPerformance.recruiter.employeeName]
 |  |  +-BasicFetch [com.rts.tap.model.RecruiterOverallPerformance.recruiter.employeeStatus]
 |  |  +-DelayedCollectionFetch [com.rts.tap.model.RecruiterOverallPerformance.recruiter.experience]
 |  |  +-DelayedCollectionFetch [com.rts.tap.model.RecruiterOverallPerformance.recruiter.familyDetails]
 |  |  +-BasicFetch [com.rts.tap.model.RecruiterOverallPerformance.recruiter.managerId]
 |  |  +-EntityDelayedFetchImpl [com.rts.tap.model.RecruiterOverallPerformance.recruiter.personalInfo]
 |  |  +-DelayedCollectionFetch [com.rts.tap.model.RecruiterOverallPerformance.recruiter.qualification]
 |  |  +-EntityDelayedFetchImpl [com.rts.tap.model.RecruiterOverallPerformance.recruiter.role]
 |  |  +-BasicFetch [com.rts.tap.model.RecruiterOverallPerformance.recruiter.updatedDate]
 |  |  \-BasicFetch [com.rts.tap.model.RecruiterOverallPerformance.recruiter.workLocation]

2025-02-03 12:08:31 [main] DEBUG org.hibernate.orm.sql.ast.tree - SQL AST Tree:
    SelectStatement {
      FromClause {
        StandardTableGroup (rop1 : com.rts.tap.model.RecruiterOverallPerformance) {
          primaryTableReference : recruiter_overall_performance as rop1_0
          TableGroupJoins {
            left  join LazyTableGroup (r1 : com.rts.tap.model.RecruiterOverallPerformance.recruiter) {
              primaryTableReference : employees as r1_0
              TableGroupJoins {
                left  join LazyTableGroup (bu1 : com.rts.tap.model.RecruiterOverallPerformance.recruiter.businessUnit) {
                }
                left  join LazyTableGroup (pi1 : com.rts.tap.model.RecruiterOverallPerformance.recruiter.personalInfo) {
                }
                left  join LazyTableGroup (r2 : com.rts.tap.model.RecruiterOverallPerformance.recruiter.role) {
                }
              }
            }
          }
        }
      }
    }

2025-02-03 12:08:31 [main] DEBUG o.h.p.entity.AbstractEntityPersister - Static SQL for entity: com.rts.tap.model.RecruiterOverallPerformance
2025-02-03 12:08:31 [main] DEBUG o.h.p.entity.AbstractEntityPersister -  Version select: select recruiter_overall_performance_id from recruiter_overall_performance where recruiter_overall_performance_id=?
2025-02-03 12:08:31 [main] DEBUG o.h.p.entity.AbstractEntityPersister -  Insert (0): insert into recruiter_overall_performance (grade,overall_performance,recruiter_id) values (?,?,?)
2025-02-03 12:08:31 [main] DEBUG o.h.p.entity.AbstractEntityPersister -  Update (0): update recruiter_overall_performance set grade=?,overall_performance=?,recruiter_id=? where recruiter_overall_performance_id=?
2025-02-03 12:08:31 [main] DEBUG o.h.p.entity.AbstractEntityPersister -  Delete (0): delete from recruiter_overall_performance where recruiter_overall_performance_id=?
2025-02-03 12:08:31 [main] DEBUG org.hibernate.orm.sql.ast.create - Created new SQL alias : m1_0
2025-02-03 12:08:31 [main] DEBUG org.hibernate.orm.sql.ast.create - Registration of TableGroup [StandardTableGroup(com.rts.tap.model.MRFAgreement)] with identifierForTableGroup [com.rts.tap.model.MRFAgreement] for NavigablePath [com.rts.tap.model.MRFAgreement] 
2025-02-03 12:08:31 [main] DEBUG org.hibernate.orm.results.graph.AST - DomainResult Graph:
 \-EntityResultImpl [com.rts.tap.model.MRFAgreement]
 |  +-BasicFetch [com.rts.tap.model.MRFAgreement.billingCycle]
 |  +-BasicFetch [com.rts.tap.model.MRFAgreement.mrfTemplate]
 |  +-BasicFetch [com.rts.tap.model.MRFAgreement.negotiatedPricePoint]
 |  +-BasicFetch [com.rts.tap.model.MRFAgreement.proposedBudget]
 |  \-BasicFetch [com.rts.tap.model.MRFAgreement.serviceLevelAgreement]

2025-02-03 12:08:31 [main] DEBUG org.hibernate.orm.sql.ast.tree - SQL AST Tree:
    SelectStatement {
      FromClause {
        StandardTableGroup (m1 : com.rts.tap.model.MRFAgreement) {
          primaryTableReference : mrf_agreement_table as m1_0
        }
      }
    }

2025-02-03 12:08:31 [main] DEBUG o.h.p.entity.AbstractEntityPersister - Static SQL for entity: com.rts.tap.model.MRFAgreement
2025-02-03 12:08:31 [main] DEBUG o.h.p.entity.AbstractEntityPersister -  Version select: select mrf_agreement_id from mrf_agreement_table where mrf_agreement_id=?
2025-02-03 12:08:31 [main] DEBUG o.h.p.entity.AbstractEntityPersister -  Insert (0): insert into mrf_agreement_table (billing_cycle,mrf_template,negotiated_price_point,proposed_budget,service_level_agreement) values (?,?,?,?,?)
2025-02-03 12:08:31 [main] DEBUG o.h.p.entity.AbstractEntityPersister -  Update (0): update mrf_agreement_table set billing_cycle=?,mrf_template=?,negotiated_price_point=?,proposed_budget=?,service_level_agreement=? where mrf_agreement_id=?
2025-02-03 12:08:31 [main] DEBUG o.h.p.entity.AbstractEntityPersister -  Delete (0): delete from mrf_agreement_table where mrf_agreement_id=?
2025-02-03 12:08:31 [main] DEBUG org.hibernate.orm.sql.ast.create - Created new SQL alias : m1_0
2025-02-03 12:08:31 [main] DEBUG org.hibernate.orm.sql.ast.create - Registration of TableGroup [StandardTableGroup(com.rts.tap.model.MRF)] with identifierForTableGroup [com.rts.tap.model.MRF] for NavigablePath [com.rts.tap.model.MRF] 
2025-02-03 12:08:31 [main] DEBUG org.hibernate.orm.sql.ast.create - Registration of TableGroup [org.hibernate.sql.ast.tree.from.LazyTableGroup@76ad0058] with identifierForTableGroup [com.rts.tap.model.MRF.businessUnitHead] for NavigablePath [com.rts.tap.model.MRF.businessUnitHead] 
2025-02-03 12:08:31 [main] DEBUG org.hibernate.orm.sql.ast.create - Created new SQL alias : buh1_0
2025-02-03 12:08:31 [main] DEBUG org.hibernate.orm.sql.ast.create - Registration of TableGroup [org.hibernate.sql.ast.tree.from.LazyTableGroup@732f7660] with identifierForTableGroup [com.rts.tap.model.MRF.businessUnitHead.businessUnit] for NavigablePath [com.rts.tap.model.MRF.businessUnitHead.businessUnit] 
2025-02-03 12:08:31 [main] DEBUG org.hibernate.orm.sql.ast.create - Registration of TableGroup [org.hibernate.sql.ast.tree.from.LazyTableGroup@7d525b45] with identifierForTableGroup [com.rts.tap.model.MRF.businessUnitHead.personalInfo] for NavigablePath [com.rts.tap.model.MRF.businessUnitHead.personalInfo] 
2025-02-03 12:08:31 [main] DEBUG org.hibernate.orm.sql.ast.create - Registration of TableGroup [org.hibernate.sql.ast.tree.from.LazyTableGroup@3a0afe5b] with identifierForTableGroup [com.rts.tap.model.MRF.businessUnitHead.role] for NavigablePath [com.rts.tap.model.MRF.businessUnitHead.role] 
2025-02-03 12:08:31 [main] DEBUG org.hibernate.orm.sql.ast.create - Registration of TableGroup [org.hibernate.sql.ast.tree.from.LazyTableGroup@243b8682] with identifierForTableGroup [com.rts.tap.model.MRF.clientPartner] for NavigablePath [com.rts.tap.model.MRF.clientPartner] 
2025-02-03 12:08:31 [main] DEBUG org.hibernate.orm.sql.ast.create - Created new SQL alias : cp1_0
2025-02-03 12:08:31 [main] DEBUG org.hibernate.orm.sql.ast.create - Registration of TableGroup [org.hibernate.sql.ast.tree.from.LazyTableGroup@2caf6813] with identifierForTableGroup [com.rts.tap.model.MRF.clientPartner.businessUnit] for NavigablePath [com.rts.tap.model.MRF.clientPartner.businessUnit] 
2025-02-03 12:08:31 [main] DEBUG org.hibernate.orm.sql.ast.create - Registration of TableGroup [org.hibernate.sql.ast.tree.from.LazyTableGroup@434896b0] with identifierForTableGroup [com.rts.tap.model.MRF.clientPartner.personalInfo] for NavigablePath [com.rts.tap.model.MRF.clientPartner.personalInfo] 
2025-02-03 12:08:31 [main] DEBUG org.hibernate.orm.sql.ast.create - Registration of TableGroup [org.hibernate.sql.ast.tree.from.LazyTableGroup@2e5d40a4] with identifierForTableGroup [com.rts.tap.model.MRF.clientPartner.role] for NavigablePath [com.rts.tap.model.MRF.clientPartner.role] 
2025-02-03 12:08:31 [main] DEBUG org.hibernate.orm.sql.ast.create - Registration of TableGroup [org.hibernate.sql.ast.tree.from.LazyTableGroup@56aacc7b] with identifierForTableGroup [com.rts.tap.model.MRF.mrfAgreement] for NavigablePath [com.rts.tap.model.MRF.mrfAgreement] 
2025-02-03 12:08:31 [main] DEBUG org.hibernate.orm.sql.ast.create - Created new SQL alias : ma1_0
2025-02-03 12:08:31 [main] DEBUG org.hibernate.orm.sql.ast.create - Registration of TableGroup [org.hibernate.sql.ast.tree.from.LazyTableGroup@112d94d] with identifierForTableGroup [com.rts.tap.model.MRF.mrfCriteria] for NavigablePath [com.rts.tap.model.MRF.mrfCriteria] 
2025-02-03 12:08:31 [main] DEBUG org.hibernate.orm.sql.ast.create - Created new SQL alias : mc1_0
2025-02-03 12:08:31 [main] DEBUG org.hibernate.orm.sql.ast.create - Registration of TableGroup [org.hibernate.sql.ast.tree.from.LazyTableGroup@6e832c9] with identifierForTableGroup [com.rts.tap.model.MRF.mrfJd] for NavigablePath [com.rts.tap.model.MRF.mrfJd] 
2025-02-03 12:08:31 [main] DEBUG org.hibernate.orm.sql.ast.create - Created new SQL alias : mj1_0
2025-02-03 12:08:31 [main] DEBUG org.hibernate.orm.sql.ast.create - Registration of TableGroup [org.hibernate.sql.ast.tree.from.LazyTableGroup@42f40ad0] with identifierForTableGroup [com.rts.tap.model.MRF.mrfStatus] for NavigablePath [com.rts.tap.model.MRF.mrfStatus] 
2025-02-03 12:08:31 [main] DEBUG org.hibernate.orm.sql.ast.create - Created new SQL alias : ms1_0
2025-02-03 12:08:31 [main] DEBUG org.hibernate.orm.sql.ast.create - Registration of TableGroup [org.hibernate.sql.ast.tree.from.LazyTableGroup@423ddfe1] with identifierForTableGroup [com.rts.tap.model.MRF.requirement] for NavigablePath [com.rts.tap.model.MRF.requirement] 
2025-02-03 12:08:31 [main] DEBUG org.hibernate.orm.sql.ast.create - Created new SQL alias : r3_0
2025-02-03 12:08:31 [main] DEBUG org.hibernate.orm.sql.ast.create - Registration of TableGroup [org.hibernate.sql.ast.tree.from.LazyTableGroup@5572be5a] with identifierForTableGroup [com.rts.tap.model.MRF.requirement.client] for NavigablePath [com.rts.tap.model.MRF.requirement.client] 
2025-02-03 12:08:31 [main] DEBUG org.hibernate.orm.sql.ast.create - Created new SQL alias : c1_0
2025-02-03 12:08:31 [main] DEBUG org.hibernate.orm.sql.ast.create - Registration of TableGroup [org.hibernate.sql.ast.tree.from.LazyTableGroup@124ba047] with identifierForTableGroup [com.rts.tap.model.MRF.requirement.client.clientOrganization] for NavigablePath [com.rts.tap.model.MRF.requirement.client.clientOrganization] 
2025-02-03 12:08:31 [main] DEBUG org.hibernate.orm.sql.ast.create - Registration of TableGroup [org.hibernate.sql.ast.tree.from.LazyTableGroup@700b9a54] with identifierForTableGroup [com.rts.tap.model.MRF.requirement.client.clientPartner] for NavigablePath [com.rts.tap.model.MRF.requirement.client.clientPartner] 
2025-02-03 12:08:31 [main] DEBUG org.hibernate.orm.sql.ast.create - Registration of TableGroup [org.hibernate.sql.ast.tree.from.LazyTableGroup@5c658163] with identifierForTableGroup [com.rts.tap.model.MRF.requirement.client.thirdPartyCredentitals] for NavigablePath [com.rts.tap.model.MRF.requirement.client.thirdPartyCredentitals] 
2025-02-03 12:08:31 [main] DEBUG org.hibernate.orm.sql.ast.create - Registration of TableGroup [org.hibernate.sql.ast.tree.from.LazyTableGroup@1ca574db] with identifierForTableGroup [com.rts.tap.model.MRF.subRequirements] for NavigablePath [com.rts.tap.model.MRF.subRequirements] 
2025-02-03 12:08:31 [main] DEBUG org.hibernate.orm.sql.ast.create - Created new SQL alias : sr1_0
2025-02-03 12:08:31 [main] DEBUG org.hibernate.orm.results.graph.AST - DomainResult Graph:
 \-EntityResultImpl [com.rts.tap.model.MRF]
 |  +-EntityFetchJoinedImpl [com.rts.tap.model.MRF.businessUnitHead]
 |  |  +-EntityDelayedFetchImpl [com.rts.tap.model.MRF.businessUnitHead.businessUnit]
 |  |  +-BasicFetch [com.rts.tap.model.MRF.businessUnitHead.candidateId]
 |  |  +-BasicFetch [com.rts.tap.model.MRF.businessUnitHead.createdDate]
 |  |  +-DelayedCollectionFetch [com.rts.tap.model.MRF.businessUnitHead.documents]
 |  |  +-BasicFetch [com.rts.tap.model.MRF.businessUnitHead.employeeEmail]
 |  |  +-BasicFetch [com.rts.tap.model.MRF.businessUnitHead.employeeName]
 |  |  +-BasicFetch [com.rts.tap.model.MRF.businessUnitHead.employeeStatus]
 |  |  +-DelayedCollectionFetch [com.rts.tap.model.MRF.businessUnitHead.experience]
 |  |  +-DelayedCollectionFetch [com.rts.tap.model.MRF.businessUnitHead.familyDetails]
 |  |  +-BasicFetch [com.rts.tap.model.MRF.businessUnitHead.managerId]
 |  |  +-EntityDelayedFetchImpl [com.rts.tap.model.MRF.businessUnitHead.personalInfo]
 |  |  +-DelayedCollectionFetch [com.rts.tap.model.MRF.businessUnitHead.qualification]
 |  |  +-EntityDelayedFetchImpl [com.rts.tap.model.MRF.businessUnitHead.role]
 |  |  +-BasicFetch [com.rts.tap.model.MRF.businessUnitHead.updatedDate]
 |  |  \-BasicFetch [com.rts.tap.model.MRF.businessUnitHead.workLocation]
 |  +-EntityFetchJoinedImpl [com.rts.tap.model.MRF.clientPartner]
 |  |  +-EntityDelayedFetchImpl [com.rts.tap.model.MRF.clientPartner.businessUnit]
 |  |  +-BasicFetch [com.rts.tap.model.MRF.clientPartner.candidateId]
 |  |  +-BasicFetch [com.rts.tap.model.MRF.clientPartner.createdDate]
 |  |  +-DelayedCollectionFetch [com.rts.tap.model.MRF.clientPartner.documents]
 |  |  +-BasicFetch [com.rts.tap.model.MRF.clientPartner.employeeEmail]
 |  |  +-BasicFetch [com.rts.tap.model.MRF.clientPartner.employeeName]
 |  |  +-BasicFetch [com.rts.tap.model.MRF.clientPartner.employeeStatus]
 |  |  +-DelayedCollectionFetch [com.rts.tap.model.MRF.clientPartner.experience]
 |  |  +-DelayedCollectionFetch [com.rts.tap.model.MRF.clientPartner.familyDetails]
 |  |  +-BasicFetch [com.rts.tap.model.MRF.clientPartner.managerId]
 |  |  +-EntityDelayedFetchImpl [com.rts.tap.model.MRF.clientPartner.personalInfo]
 |  |  +-DelayedCollectionFetch [com.rts.tap.model.MRF.clientPartner.qualification]
 |  |  +-EntityDelayedFetchImpl [com.rts.tap.model.MRF.clientPartner.role]
 |  |  +-BasicFetch [com.rts.tap.model.MRF.clientPartner.updatedDate]
 |  |  \-BasicFetch [com.rts.tap.model.MRF.clientPartner.workLocation]
 |  +-BasicFetch [com.rts.tap.model.MRF.createdAt]
 |  +-EntityFetchJoinedImpl [com.rts.tap.model.MRF.mrfAgreement]
 |  |  +-BasicFetch [com.rts.tap.model.MRF.mrfAgreement.billingCycle]
 |  |  +-BasicFetch [com.rts.tap.model.MRF.mrfAgreement.mrfTemplate]
 |  |  +-BasicFetch [com.rts.tap.model.MRF.mrfAgreement.negotiatedPricePoint]
 |  |  +-BasicFetch [com.rts.tap.model.MRF.mrfAgreement.proposedBudget]
 |  |  \-BasicFetch [com.rts.tap.model.MRF.mrfAgreement.serviceLevelAgreement]
 |  +-EntityFetchJoinedImpl [com.rts.tap.model.MRF.mrfCriteria]
 |  |  +-BasicFetch [com.rts.tap.model.MRF.mrfCriteria.IsCertificationNeeded]
 |  |  +-BasicFetch [com.rts.tap.model.MRF.mrfCriteria.IsVisaRequired]
 |  |  +-BasicFetch [com.rts.tap.model.MRF.mrfCriteria.certificate]
 |  |  +-BasicFetch [com.rts.tap.model.MRF.mrfCriteria.closureDate]
 |  |  +-BasicFetch [com.rts.tap.model.MRF.mrfCriteria.contractStartDate]
 |  |  +-BasicFetch [com.rts.tap.model.MRF.mrfCriteria.educationalQualification]
 |  |  +-BasicFetch [com.rts.tap.model.MRF.mrfCriteria.employmentMode]
 |  |  +-BasicFetch [com.rts.tap.model.MRF.mrfCriteria.jobLocation]
 |  |  +-BasicFetch [com.rts.tap.model.MRF.mrfCriteria.maximumCTC]
 |  |  +-BasicFetch [com.rts.tap.model.MRF.mrfCriteria.minimumCTC]
 |  |  +-BasicFetch [com.rts.tap.model.MRF.mrfCriteria.mrfLossOrProfit]
 |  |  +-BasicFetch [com.rts.tap.model.MRF.mrfCriteria.visaType]
 |  |  \-BasicFetch [com.rts.tap.model.MRF.mrfCriteria.yearsOfExperience]
 |  +-BasicFetch [com.rts.tap.model.MRF.mrfDepartmentName]
 |  +-EntityFetchJoinedImpl [com.rts.tap.model.MRF.mrfJd]
 |  |  +-BasicFetch [com.rts.tap.model.MRF.mrfJd.jobParameter]
 |  |  +-BasicFetch [com.rts.tap.model.MRF.mrfJd.jobTitle]
 |  |  \-BasicFetch [com.rts.tap.model.MRF.mrfJd.rolesAndResponsibilities]
 |  +-BasicFetch [com.rts.tap.model.MRF.mrfRequiredTechnology]
 |  +-EntityFetchJoinedImpl [com.rts.tap.model.MRF.mrfStatus]
 |  |  +-BasicFetch [com.rts.tap.model.MRF.mrfStatus.descriptionForChanges]
 |  |  +-BasicFetch [com.rts.tap.model.MRF.mrfStatus.mrfApprovalStatus]
 |  |  +-BasicFetch [com.rts.tap.model.MRF.mrfStatus.mrfStage]
 |  |  +-BasicFetch [com.rts.tap.model.MRF.mrfStatus.mrfType]
 |  |  +-BasicFetch [com.rts.tap.model.MRF.mrfStatus.reasonForLost]
 |  |  \-BasicFetch [com.rts.tap.model.MRF.mrfStatus.requirementFilled]
 |  +-BasicFetch [com.rts.tap.model.MRF.probableDesignation]
 |  +-BasicFetch [com.rts.tap.model.MRF.requiredResourceCount]
 |  +-BasicFetch [com.rts.tap.model.MRF.requiredSkills]
 |  +-EntityFetchJoinedImpl [com.rts.tap.model.MRF.requirement]
 |  |  +-BasicFetch [com.rts.tap.model.MRF.requirement.budget]
 |  |  +-EntityFetchJoinedImpl [com.rts.tap.model.MRF.requirement.client]
 |  |  |  +-BasicFetch [com.rts.tap.model.MRF.requirement.client.activationStatus]
 |  |  |  +-BasicFetch [com.rts.tap.model.MRF.requirement.client.clientEmail]
 |  |  |  +-BasicFetch [com.rts.tap.model.MRF.requirement.client.clientMobile]
 |  |  |  +-BasicFetch [com.rts.tap.model.MRF.requirement.client.clientName]
 |  |  |  +-EntityFetchSelectImpl [com.rts.tap.model.MRF.requirement.client.clientOrganization]
 |  |  |  +-EntityFetchSelectImpl [com.rts.tap.model.MRF.requirement.client.clientPartner]
 |  |  |  +-BasicFetch [com.rts.tap.model.MRF.requirement.client.clientPosition]
 |  |  |  +-BasicFetch [com.rts.tap.model.MRF.requirement.client.clientStatus]
 |  |  |  +-BasicFetch [com.rts.tap.model.MRF.requirement.client.createdAt]
 |  |  |  +-BasicFetch [com.rts.tap.model.MRF.requirement.client.expirationTime]
 |  |  |  +-BasicFetch [com.rts.tap.model.MRF.requirement.client.otp]
 |  |  |  +-BasicFetch [com.rts.tap.model.MRF.requirement.client.password]
 |  |  |  +-BasicFetch [com.rts.tap.model.MRF.requirement.client.reason]
 |  |  |  \-EntityFetchSelectImpl [com.rts.tap.model.MRF.requirement.client.thirdPartyCredentitals]
 |  |  +-BasicFetch [com.rts.tap.model.MRF.requirement.createdAt]
 |  |  +-DelayedCollectionFetch [com.rts.tap.model.MRF.requirement.subrequirement]
 |  |  +-BasicFetch [com.rts.tap.model.MRF.requirement.timeline]
 |  |  \-BasicFetch [com.rts.tap.model.MRF.requirement.totalRequiredResourceCount]
 |  +-EntityFetchJoinedImpl [com.rts.tap.model.MRF.subRequirements]
 |  |  +-BasicFetch [com.rts.tap.model.MRF.subRequirements.resourceCount]
 |  |  \-BasicFetch [com.rts.tap.model.MRF.subRequirements.role]
 |  \-BasicFetch [com.rts.tap.model.MRF.updatedAt]

2025-02-03 12:08:31 [main] DEBUG org.hibernate.orm.sql.ast.tree - SQL AST Tree:
    SelectStatement {
      FromClause {
        StandardTableGroup (m1 : com.rts.tap.model.MRF) {
          primaryTableReference : mrf_table as m1_0
          TableGroupJoins {
            left  join LazyTableGroup (buh1 : com.rts.tap.model.MRF.businessUnitHead) {
              primaryTableReference : employees as buh1_0
              TableGroupJoins {
                left  join LazyTableGroup (bu1 : com.rts.tap.model.MRF.businessUnitHead.businessUnit) {
                }
                left  join LazyTableGroup (pi1 : com.rts.tap.model.MRF.businessUnitHead.personalInfo) {
                }
                left  join LazyTableGroup (r1 : com.rts.tap.model.MRF.businessUnitHead.role) {
                }
              }
            }
            left  join LazyTableGroup (cp1 : com.rts.tap.model.MRF.clientPartner) {
              primaryTableReference : employees as cp1_0
              TableGroupJoins {
                left  join LazyTableGroup (bu2 : com.rts.tap.model.MRF.clientPartner.businessUnit) {
                }
                left  join LazyTableGroup (pi2 : com.rts.tap.model.MRF.clientPartner.personalInfo) {
                }
                left  join LazyTableGroup (r2 : com.rts.tap.model.MRF.clientPartner.role) {
                }
              }
            }
            left  join LazyTableGroup (ma1 : com.rts.tap.model.MRF.mrfAgreement) {
              primaryTableReference : mrf_agreement_table as ma1_0
            }
            left  join LazyTableGroup (mc1 : com.rts.tap.model.MRF.mrfCriteria) {
              primaryTableReference : mrf_criteria_table as mc1_0
            }
            left  join LazyTableGroup (mj1 : com.rts.tap.model.MRF.mrfJd) {
              primaryTableReference : mrf_jd as mj1_0
            }
            left  join LazyTableGroup (ms1 : com.rts.tap.model.MRF.mrfStatus) {
              primaryTableReference : mrf_status_table as ms1_0
            }
            left  join LazyTableGroup (r3 : com.rts.tap.model.MRF.requirement) {
              primaryTableReference : requirements as r3_0
              TableGroupJoins {
                left  join LazyTableGroup (c1 : com.rts.tap.model.MRF.requirement.client) {
                  primaryTableReference : client_tbl as c1_0
                  TableGroupJoins {
                    left  join LazyTableGroup (co1 : com.rts.tap.model.MRF.requirement.client.clientOrganization) {
                    }
                    left  join LazyTableGroup (cp2 : com.rts.tap.model.MRF.requirement.client.clientPartner) {
                    }
                    left  join LazyTableGroup (tpc1 : com.rts.tap.model.MRF.requirement.client.thirdPartyCredentitals) {
                    }
                  }
                }
              }
            }
            left  join LazyTableGroup (sr1 : com.rts.tap.model.MRF.subRequirements) {
              primaryTableReference : sub_requirements as sr1_0
            }
          }
        }
      }
    }

2025-02-03 12:08:31 [main] DEBUG o.h.p.entity.AbstractEntityPersister - Static SQL for entity: com.rts.tap.model.MRF
2025-02-03 12:08:31 [main] DEBUG o.h.p.entity.AbstractEntityPersister -  Version select: select mrf_id from mrf_table where mrf_id=?
2025-02-03 12:08:31 [main] DEBUG o.h.p.entity.AbstractEntityPersister -  Insert (0): insert into mrf_table (business_unit_head_id,client_partner_id,created_at,mrf_agreement_mrf_agreement_id,mrf_criteria_mrf_criteria_id,mrf_department_name,mrf_jd_mrf_jd_id,mrf_required_technology,mrf_status_mrf_status_id,probable_designation,required_resource_count,required_skills,requirement_id,sub_requirements_sub_requirement_id,updated_at) values (?,?,?,?,?,?,?,?,?,?,?,?,?,?,?)
2025-02-03 12:08:31 [main] DEBUG o.h.p.entity.AbstractEntityPersister -  Update (0): update mrf_table set business_unit_head_id=?,client_partner_id=?,created_at=?,mrf_agreement_mrf_agreement_id=?,mrf_criteria_mrf_criteria_id=?,mrf_department_name=?,mrf_jd_mrf_jd_id=?,mrf_required_technology=?,mrf_status_mrf_status_id=?,probable_designation=?,required_resource_count=?,required_skills=?,requirement_id=?,sub_requirements_sub_requirement_id=?,updated_at=? where mrf_id=?
2025-02-03 12:08:31 [main] DEBUG o.h.p.entity.AbstractEntityPersister -  Delete (0): delete from mrf_table where mrf_id=?
2025-02-03 12:08:31 [main] DEBUG org.hibernate.orm.sql.ast.create - Created new SQL alias : i1_0
2025-02-03 12:08:31 [main] DEBUG org.hibernate.orm.sql.ast.create - Registration of TableGroup [StandardTableGroup(com.rts.tap.model.Interview)] with identifierForTableGroup [com.rts.tap.model.Interview] for NavigablePath [com.rts.tap.model.Interview] 
2025-02-03 12:08:31 [main] DEBUG org.hibernate.orm.sql.ast.create - Registration of TableGroup [org.hibernate.sql.ast.tree.from.LazyTableGroup@7fd65f9a] with identifierForTableGroup [com.rts.tap.model.Interview.candidate] for NavigablePath [com.rts.tap.model.Interview.candidate] 
2025-02-03 12:08:31 [main] DEBUG org.hibernate.orm.sql.ast.create - Created new SQL alias : c1_0
2025-02-03 12:08:31 [main] DEBUG org.hibernate.orm.sql.ast.create - Registration of TableGroup [org.hibernate.sql.ast.tree.from.LazyTableGroup@f48a79a] with identifierForTableGroup [com.rts.tap.model.Interview.candidate.credentials] for NavigablePath [com.rts.tap.model.Interview.candidate.credentials] 
2025-02-03 12:08:31 [main] DEBUG org.hibernate.orm.sql.ast.create - Created new SQL alias : c2_0
2025-02-03 12:08:31 [main] DEBUG org.hibernate.orm.sql.ast.create - Registration of TableGroup [org.hibernate.sql.ast.tree.from.LazyTableGroup@38fc1904] with identifierForTableGroup [com.rts.tap.model.Interview.candidate.credentials.role] for NavigablePath [com.rts.tap.model.Interview.candidate.credentials.role] 
2025-02-03 12:08:31 [main] DEBUG org.hibernate.orm.sql.ast.create - Registration of TableGroup [org.hibernate.sql.ast.tree.from.LazyTableGroup@7625bfbd] with identifierForTableGroup [com.rts.tap.model.Interview.candidate.documents] for NavigablePath [com.rts.tap.model.Interview.candidate.documents] 
2025-02-03 12:08:31 [main] DEBUG org.hibernate.orm.sql.ast.create - Registration of TableGroup [org.hibernate.sql.ast.tree.from.LazyTableGroup@3bc2146c] with identifierForTableGroup [com.rts.tap.model.Interview.recruitmentProcess] for NavigablePath [com.rts.tap.model.Interview.recruitmentProcess] 
2025-02-03 12:08:31 [main] DEBUG org.hibernate.orm.sql.ast.create - Created new SQL alias : rp1_0
2025-02-03 12:08:31 [main] DEBUG org.hibernate.orm.sql.ast.create - Registration of TableGroup [org.hibernate.sql.ast.tree.from.LazyTableGroup@717c00f9] with identifierForTableGroup [com.rts.tap.model.Interview.recruitmentProcess.mrf] for NavigablePath [com.rts.tap.model.Interview.recruitmentProcess.mrf] 
2025-02-03 12:08:31 [main] DEBUG org.hibernate.orm.sql.ast.create - Created new SQL alias : m1_0
2025-02-03 12:08:31 [main] DEBUG org.hibernate.orm.sql.ast.create - Registration of TableGroup [org.hibernate.sql.ast.tree.from.LazyTableGroup@299003eb] with identifierForTableGroup [com.rts.tap.model.Interview.recruitmentProcess.mrf.businessUnitHead] for NavigablePath [com.rts.tap.model.Interview.recruitmentProcess.mrf.businessUnitHead] 
2025-02-03 12:08:31 [main] DEBUG org.hibernate.orm.sql.ast.create - Registration of TableGroup [org.hibernate.sql.ast.tree.from.LazyTableGroup@72139933] with identifierForTableGroup [com.rts.tap.model.Interview.recruitmentProcess.mrf.clientPartner] for NavigablePath [com.rts.tap.model.Interview.recruitmentProcess.mrf.clientPartner] 
2025-02-03 12:08:31 [main] DEBUG org.hibernate.orm.sql.ast.create - Registration of TableGroup [org.hibernate.sql.ast.tree.from.LazyTableGroup@59d99269] with identifierForTableGroup [com.rts.tap.model.Interview.recruitmentProcess.mrf.mrfAgreement] for NavigablePath [com.rts.tap.model.Interview.recruitmentProcess.mrf.mrfAgreement] 
2025-02-03 12:08:31 [main] DEBUG org.hibernate.orm.sql.ast.create - Registration of TableGroup [org.hibernate.sql.ast.tree.from.LazyTableGroup@48332a63] with identifierForTableGroup [com.rts.tap.model.Interview.recruitmentProcess.mrf.mrfCriteria] for NavigablePath [com.rts.tap.model.Interview.recruitmentProcess.mrf.mrfCriteria] 
2025-02-03 12:08:31 [main] DEBUG org.hibernate.orm.sql.ast.create - Registration of TableGroup [org.hibernate.sql.ast.tree.from.LazyTableGroup@6195e7d5] with identifierForTableGroup [com.rts.tap.model.Interview.recruitmentProcess.mrf.mrfJd] for NavigablePath [com.rts.tap.model.Interview.recruitmentProcess.mrf.mrfJd] 
2025-02-03 12:08:31 [main] DEBUG org.hibernate.orm.sql.ast.create - Registration of TableGroup [org.hibernate.sql.ast.tree.from.LazyTableGroup@f2120d5] with identifierForTableGroup [com.rts.tap.model.Interview.recruitmentProcess.mrf.mrfStatus] for NavigablePath [com.rts.tap.model.Interview.recruitmentProcess.mrf.mrfStatus] 
2025-02-03 12:08:31 [main] DEBUG org.hibernate.orm.sql.ast.create - Registration of TableGroup [org.hibernate.sql.ast.tree.from.LazyTableGroup@1afea182] with identifierForTableGroup [com.rts.tap.model.Interview.recruitmentProcess.mrf.requirement] for NavigablePath [com.rts.tap.model.Interview.recruitmentProcess.mrf.requirement] 
2025-02-03 12:08:31 [main] DEBUG org.hibernate.orm.sql.ast.create - Registration of TableGroup [org.hibernate.sql.ast.tree.from.LazyTableGroup@4bcff08c] with identifierForTableGroup [com.rts.tap.model.Interview.recruitmentProcess.mrf.subRequirements] for NavigablePath [com.rts.tap.model.Interview.recruitmentProcess.mrf.subRequirements] 
2025-02-03 12:08:31 [main] DEBUG org.hibernate.orm.results.graph.AST - DomainResult Graph:
 \-EntityResultImpl [com.rts.tap.model.Interview]
 |  +-BasicFetch [com.rts.tap.model.Interview.Others]
 |  +-EntityFetchJoinedImpl [com.rts.tap.model.Interview.candidate]
 |  |  +-BasicFetch [com.rts.tap.model.Interview.candidate.Education]
 |  |  +-DelayedCollectionFetch [com.rts.tap.model.Interview.candidate.MrfJd]
 |  |  +-BasicFetch [com.rts.tap.model.Interview.candidate.assignedAt]
 |  |  +-BasicFetch [com.rts.tap.model.Interview.candidate.candidate360Id]
 |  |  +-BasicFetch [com.rts.tap.model.Interview.candidate.candidateProfileImage]
 |  |  +-DelayedCollectionFetch [com.rts.tap.model.Interview.candidate.certifications]
 |  |  +-EntityFetchJoinedImpl [com.rts.tap.model.Interview.candidate.credentials]
 |  |  |  +-BasicFetch [com.rts.tap.model.Interview.candidate.credentials.email]
 |  |  |  +-BasicFetch [com.rts.tap.model.Interview.candidate.credentials.expirationTime]
 |  |  |  +-BasicFetch [com.rts.tap.model.Interview.candidate.credentials.isPasswordChanged]
 |  |  |  +-BasicFetch [com.rts.tap.model.Interview.candidate.credentials.otp]
 |  |  |  +-BasicFetch [com.rts.tap.model.Interview.candidate.credentials.password]
 |  |  |  +-EntityFetchSelectImpl [com.rts.tap.model.Interview.candidate.credentials.role]
 |  |  |  \-BasicFetch [com.rts.tap.model.Interview.candidate.credentials.username]
 |  |  +-BasicFetch [com.rts.tap.model.Interview.candidate.currentCTC]
 |  |  +-BasicFetch [com.rts.tap.model.Interview.candidate.currentCompany]
 |  |  +-BasicFetch [com.rts.tap.model.Interview.candidate.currentLocation]
 |  |  +-EntityDelayedFetchImpl [com.rts.tap.model.Interview.candidate.documents]
 |  |  +-BasicFetch [com.rts.tap.model.Interview.candidate.email]
 |  |  +-BasicFetch [com.rts.tap.model.Interview.candidate.employementMode]
 |  |  +-BasicFetch [com.rts.tap.model.Interview.candidate.expectedCTC]
 |  |  +-BasicFetch [com.rts.tap.model.Interview.candidate.firstName]
 |  |  +-BasicFetch [com.rts.tap.model.Interview.candidate.gender]
 |  |  +-BasicFetch [com.rts.tap.model.Interview.candidate.isMatchingMrf]
 |  |  +-BasicFetch [com.rts.tap.model.Interview.candidate.isPasswordChanged]
 |  |  +-BasicFetch [com.rts.tap.model.Interview.candidate.lastName]
 |  |  +-BasicFetch [com.rts.tap.model.Interview.candidate.location]
 |  |  +-BasicFetch [com.rts.tap.model.Interview.candidate.mobileNumber]
 |  |  +-BasicFetch [com.rts.tap.model.Interview.candidate.noticePeriod]
 |  |  +-BasicFetch [com.rts.tap.model.Interview.candidate.panNumber]
 |  |  +-BasicFetch [com.rts.tap.model.Interview.candidate.password]
 |  |  +-BasicFetch [com.rts.tap.model.Interview.candidate.previousRole]
 |  |  +-BasicFetch [com.rts.tap.model.Interview.candidate.relevantExperience]
 |  |  +-BasicFetch [com.rts.tap.model.Interview.candidate.relocate]
 |  |  +-BasicFetch [com.rts.tap.model.Interview.candidate.resume]
 |  |  +-BasicFetch [com.rts.tap.model.Interview.candidate.skill]
 |  |  +-BasicFetch [com.rts.tap.model.Interview.candidate.source]
 |  |  +-BasicFetch [com.rts.tap.model.Interview.candidate.sourceId]
 |  |  +-BasicFetch [com.rts.tap.model.Interview.candidate.status]
 |  |  +-BasicFetch [com.rts.tap.model.Interview.candidate.totalExperience]
 |  |  \-BasicFetch [com.rts.tap.model.Interview.candidate.visaDetails]
 |  +-BasicFetch [com.rts.tap.model.Interview.candidateInterviewRescheduleReason]
 |  +-BasicFetch [com.rts.tap.model.Interview.candidateStatus]
 |  +-BasicFetch [com.rts.tap.model.Interview.interviewDate]
 |  +-BasicFetch [com.rts.tap.model.Interview.interviewFromTime]
 |  +-BasicFetch [com.rts.tap.model.Interview.interviewTitle]
 |  +-BasicFetch [com.rts.tap.model.Interview.interviewToTime]
 |  +-BasicFetch [com.rts.tap.model.Interview.interviewerInterviewRescheduleReason]
 |  +-BasicFetch [com.rts.tap.model.Interview.meetingUrl]
 |  \-EntityFetchJoinedImpl [com.rts.tap.model.Interview.recruitmentProcess]
 |  |  +-BasicFetch [com.rts.tap.model.Interview.recruitmentProcess.completedStatus]
 |  |  +-DelayedCollectionFetch [com.rts.tap.model.Interview.recruitmentProcess.interviewer]
 |  |  +-BasicFetch [com.rts.tap.model.Interview.recruitmentProcess.level]
 |  |  +-EntityFetchJoinedImpl [com.rts.tap.model.Interview.recruitmentProcess.mrf]
 |  |  |  +-EntityFetchSelectImpl [com.rts.tap.model.Interview.recruitmentProcess.mrf.businessUnitHead]
 |  |  |  +-EntityFetchSelectImpl [com.rts.tap.model.Interview.recruitmentProcess.mrf.clientPartner]
 |  |  |  +-BasicFetch [com.rts.tap.model.Interview.recruitmentProcess.mrf.createdAt]
 |  |  |  +-EntityFetchSelectImpl [com.rts.tap.model.Interview.recruitmentProcess.mrf.mrfAgreement]
 |  |  |  +-EntityFetchSelectImpl [com.rts.tap.model.Interview.recruitmentProcess.mrf.mrfCriteria]
 |  |  |  +-BasicFetch [com.rts.tap.model.Interview.recruitmentProcess.mrf.mrfDepartmentName]
 |  |  |  +-EntityFetchSelectImpl [com.rts.tap.model.Interview.recruitmentProcess.mrf.mrfJd]
 |  |  |  +-BasicFetch [com.rts.tap.model.Interview.recruitmentProcess.mrf.mrfRequiredTechnology]
 |  |  |  +-EntityFetchSelectImpl [com.rts.tap.model.Interview.recruitmentProcess.mrf.mrfStatus]
 |  |  |  +-BasicFetch [com.rts.tap.model.Interview.recruitmentProcess.mrf.probableDesignation]
 |  |  |  +-BasicFetch [com.rts.tap.model.Interview.recruitmentProcess.mrf.requiredResourceCount]
 |  |  |  +-BasicFetch [com.rts.tap.model.Interview.recruitmentProcess.mrf.requiredSkills]
 |  |  |  +-EntityFetchSelectImpl [com.rts.tap.model.Interview.recruitmentProcess.mrf.requirement]
 |  |  |  +-EntityFetchSelectImpl [com.rts.tap.model.Interview.recruitmentProcess.mrf.subRequirements]
 |  |  |  \-BasicFetch [com.rts.tap.model.Interview.recruitmentProcess.mrf.updatedAt]
 |  |  +-BasicFetch [com.rts.tap.model.Interview.recruitmentProcess.recruitmentProcessName]
 |  |  +-BasicFetch [com.rts.tap.model.Interview.recruitmentProcess.recruitmentProcessType]
 |  |  \-BasicFetch [com.rts.tap.model.Interview.recruitmentProcess.report]

2025-02-03 12:08:31 [main] DEBUG org.hibernate.orm.sql.ast.tree - SQL AST Tree:
    SelectStatement {
      FromClause {
        StandardTableGroup (i1 : com.rts.tap.model.Interview) {
          primaryTableReference : interview as i1_0
          TableGroupJoins {
            left  join LazyTableGroup (c1 : com.rts.tap.model.Interview.candidate) {
              primaryTableReference : candidate as c1_0
              TableGroupJoins {
                left  join LazyTableGroup (c2 : com.rts.tap.model.Interview.candidate.credentials) {
                  primaryTableReference : third_party_credentials as c2_0
                  TableGroupJoins {
                    left  join LazyTableGroup (r1 : com.rts.tap.model.Interview.candidate.credentials.role) {
                    }
                  }
                }
                left  join LazyTableGroup (d1 : com.rts.tap.model.Interview.candidate.documents) {
                }
              }
            }
            left  join LazyTableGroup (rp1 : com.rts.tap.model.Interview.recruitmentProcess) {
              primaryTableReference : recruitment_process as rp1_0
              TableGroupJoins {
                left  join LazyTableGroup (m1 : com.rts.tap.model.Interview.recruitmentProcess.mrf) {
                  primaryTableReference : mrf_table as m1_0
                  TableGroupJoins {
                    left  join LazyTableGroup (buh1 : com.rts.tap.model.Interview.recruitmentProcess.mrf.businessUnitHead) {
                    }
                    left  join LazyTableGroup (cp1 : com.rts.tap.model.Interview.recruitmentProcess.mrf.clientPartner) {
                    }
                    left  join LazyTableGroup (ma1 : com.rts.tap.model.Interview.recruitmentProcess.mrf.mrfAgreement) {
                    }
                    left  join LazyTableGroup (mc1 : com.rts.tap.model.Interview.recruitmentProcess.mrf.mrfCriteria) {
                    }
                    left  join LazyTableGroup (mj1 : com.rts.tap.model.Interview.recruitmentProcess.mrf.mrfJd) {
                    }
                    left  join LazyTableGroup (ms1 : com.rts.tap.model.Interview.recruitmentProcess.mrf.mrfStatus) {
                    }
                    left  join LazyTableGroup (r2 : com.rts.tap.model.Interview.recruitmentProcess.mrf.requirement) {
                    }
                    left  join LazyTableGroup (sr1 : com.rts.tap.model.Interview.recruitmentProcess.mrf.subRequirements) {
                    }
                  }
                }
              }
            }
          }
        }
      }
    }

2025-02-03 12:08:31 [main] DEBUG o.h.p.entity.AbstractEntityPersister - Static SQL for entity: com.rts.tap.model.Interview
2025-02-03 12:08:31 [main] DEBUG o.h.p.entity.AbstractEntityPersister -  Version select: select interview_id from interview where interview_id=?
2025-02-03 12:08:31 [main] DEBUG o.h.p.entity.AbstractEntityPersister -  Insert (0): insert into interview (others,candidate_candidate_id,candidate_interview_reschedule_reason,candidate_status,interview_date,interview_from_time,interview_title,interview_to_time,interviewer_interview_reschedule_reason,meeting_url,recruitment_process_recruitment_process_id) values (?,?,?,?,?,?,?,?,?,?,?)
2025-02-03 12:08:31 [main] DEBUG o.h.p.entity.AbstractEntityPersister -  Update (0): update interview set others=?,candidate_candidate_id=?,candidate_interview_reschedule_reason=?,candidate_status=?,interview_date=?,interview_from_time=?,interview_title=?,interview_to_time=?,interviewer_interview_reschedule_reason=?,meeting_url=?,recruitment_process_recruitment_process_id=? where interview_id=?
2025-02-03 12:08:31 [main] DEBUG o.h.p.entity.AbstractEntityPersister -  Delete (0): delete from interview where interview_id=?
2025-02-03 12:08:31 [main] DEBUG org.hibernate.orm.sql.ast.create - Created new SQL alias : a1_0
2025-02-03 12:08:31 [main] DEBUG org.hibernate.orm.sql.ast.create - Registration of TableGroup [StandardTableGroup(com.rts.tap.model.Admin)] with identifierForTableGroup [com.rts.tap.model.Admin] for NavigablePath [com.rts.tap.model.Admin] 
2025-02-03 12:08:31 [main] DEBUG org.hibernate.orm.sql.ast.create - Registration of TableGroup [org.hibernate.sql.ast.tree.from.LazyTableGroup@38bb297] with identifierForTableGroup [com.rts.tap.model.Admin.organization] for NavigablePath [com.rts.tap.model.Admin.organization] 
2025-02-03 12:08:31 [main] DEBUG org.hibernate.orm.sql.ast.create - Created new SQL alias : o1_0
2025-02-03 12:08:31 [main] DEBUG org.hibernate.orm.results.graph.AST - DomainResult Graph:
 \-EntityResultImpl [com.rts.tap.model.Admin]
 |  +-BasicFetch [com.rts.tap.model.Admin.adminEmail]
 |  +-BasicFetch [com.rts.tap.model.Admin.createdDate]
 |  +-EntityFetchJoinedImpl [com.rts.tap.model.Admin.organization]
 |  |  +-BasicFetch [com.rts.tap.model.Admin.organization.contactPersonEmail]
 |  |  +-BasicFetch [com.rts.tap.model.Admin.organization.contactPersonName]
 |  |  +-BasicFetch [com.rts.tap.model.Admin.organization.contactPersonPhone]
 |  |  +-BasicFetch [com.rts.tap.model.Admin.organization.createdDate]
 |  |  +-BasicFetch [com.rts.tap.model.Admin.organization.industryType]
 |  |  +-BasicFetch [com.rts.tap.model.Admin.organization.logo]
 |  |  +-BasicFetch [com.rts.tap.model.Admin.organization.organizationAddress]
 |  |  +-BasicFetch [com.rts.tap.model.Admin.organization.organizationEstablishedDate]
 |  |  +-BasicFetch [com.rts.tap.model.Admin.organization.organizationName]
 |  |  +-BasicFetch [com.rts.tap.model.Admin.organization.organizationStatus]
 |  |  +-BasicFetch [com.rts.tap.model.Admin.organization.organizationWebsiteUrl]
 |  |  +-BasicFetch [com.rts.tap.model.Admin.organization.size]
 |  |  \-BasicFetch [com.rts.tap.model.Admin.organization.updatedDate]
 |  +-BasicFetch [com.rts.tap.model.Admin.passwordHash]
 |  +-BasicFetch [com.rts.tap.model.Admin.updatedDate]
 |  \-BasicFetch [com.rts.tap.model.Admin.username]

2025-02-03 12:08:31 [main] DEBUG org.hibernate.orm.sql.ast.tree - SQL AST Tree:
    SelectStatement {
      FromClause {
        StandardTableGroup (a1 : com.rts.tap.model.Admin) {
          primaryTableReference : admins as a1_0
          TableGroupJoins {
            left  join LazyTableGroup (o1 : com.rts.tap.model.Admin.organization) {
              primaryTableReference : organizations as o1_0
            }
          }
        }
      }
    }

2025-02-03 12:08:31 [main] DEBUG o.h.p.entity.AbstractEntityPersister - Static SQL for entity: com.rts.tap.model.Admin
2025-02-03 12:08:31 [main] DEBUG o.h.p.entity.AbstractEntityPersister -  Version select: select admin_id from admins where admin_id=?
2025-02-03 12:08:31 [main] DEBUG o.h.p.entity.AbstractEntityPersister -  Insert (0): insert into admins (admin_email,created_date,organization_id,password_hash,updated_date,username) values (?,?,?,?,?,?)
2025-02-03 12:08:31 [main] DEBUG o.h.p.entity.AbstractEntityPersister -  Update (0): update admins set admin_email=?,organization_id=?,password_hash=?,updated_date=?,username=? where admin_id=?
2025-02-03 12:08:31 [main] DEBUG o.h.p.entity.AbstractEntityPersister -  Delete (0): delete from admins where admin_id=?
2025-02-03 12:08:31 [main] DEBUG org.hibernate.orm.sql.ast.create - Created new SQL alias : cd1_0
2025-02-03 12:08:31 [main] DEBUG org.hibernate.orm.sql.ast.create - Registration of TableGroup [StandardTableGroup(com.rts.tap.model.CandidateDocument)] with identifierForTableGroup [com.rts.tap.model.CandidateDocument] for NavigablePath [com.rts.tap.model.CandidateDocument] 
2025-02-03 12:08:31 [main] DEBUG org.hibernate.orm.results.graph.AST - DomainResult Graph:
 \-EntityResultImpl [com.rts.tap.model.CandidateDocument]
 |  +-BasicFetch [com.rts.tap.model.CandidateDocument.aadhar]
 |  +-BasicFetch [com.rts.tap.model.CandidateDocument.aadharStatus]
 |  +-BasicFetch [com.rts.tap.model.CandidateDocument.degreeCertificate]
 |  +-BasicFetch [com.rts.tap.model.CandidateDocument.degreeCertificateStatus]
 |  +-BasicFetch [com.rts.tap.model.CandidateDocument.experienceLetter]
 |  +-BasicFetch [com.rts.tap.model.CandidateDocument.experienceLetterStatus]
 |  +-BasicFetch [com.rts.tap.model.CandidateDocument.panCard]
 |  +-BasicFetch [com.rts.tap.model.CandidateDocument.panCardStatus]
 |  +-BasicFetch [com.rts.tap.model.CandidateDocument.passport]
 |  +-BasicFetch [com.rts.tap.model.CandidateDocument.passportStatus]
 |  +-BasicFetch [com.rts.tap.model.CandidateDocument.payslip]
 |  +-BasicFetch [com.rts.tap.model.CandidateDocument.payslipStatus]
 |  +-BasicFetch [com.rts.tap.model.CandidateDocument.relievingLetter]
 |  \-BasicFetch [com.rts.tap.model.CandidateDocument.relievingLetterStatus]

2025-02-03 12:08:31 [main] DEBUG org.hibernate.orm.sql.ast.tree - SQL AST Tree:
    SelectStatement {
      FromClause {
        StandardTableGroup (cd1 : com.rts.tap.model.CandidateDocument) {
          primaryTableReference : candidate_documents as cd1_0
        }
      }
    }

2025-02-03 12:08:31 [main] DEBUG o.h.p.entity.AbstractEntityPersister - Static SQL for entity: com.rts.tap.model.CandidateDocument
2025-02-03 12:08:31 [main] DEBUG o.h.p.entity.AbstractEntityPersister -  Version select: select candidate_document_id from candidate_documents where candidate_document_id=?
2025-02-03 12:08:31 [main] DEBUG o.h.p.entity.AbstractEntityPersister -  Insert (0): insert into candidate_documents (aadhar,aadhar_status,degree_certificate,degree_certificate_status,experience_letter,experience_letter_status,pan_card,pan_card_status,passport,passport_status,payslip,payslip_status,relieving_letter,relieving_letter_status) values (?,?,?,?,?,?,?,?,?,?,?,?,?,?)
2025-02-03 12:08:31 [main] DEBUG o.h.p.entity.AbstractEntityPersister -  Update (0): update candidate_documents set aadhar=?,aadhar_status=?,degree_certificate=?,degree_certificate_status=?,experience_letter=?,experience_letter_status=?,pan_card=?,pan_card_status=?,passport=?,passport_status=?,payslip=?,payslip_status=?,relieving_letter=?,relieving_letter_status=? where candidate_document_id=?
2025-02-03 12:08:31 [main] DEBUG o.h.p.entity.AbstractEntityPersister -  Delete (0): delete from candidate_documents where candidate_document_id=?
2025-02-03 12:08:31 [main] DEBUG org.hibernate.orm.sql.ast.create - Created new SQL alias : d1_0
2025-02-03 12:08:31 [main] DEBUG org.hibernate.orm.sql.ast.create - Registration of TableGroup [StandardTableGroup(com.rts.tap.model.Department)] with identifierForTableGroup [com.rts.tap.model.Department] for NavigablePath [com.rts.tap.model.Department] 
2025-02-03 12:08:31 [main] DEBUG org.hibernate.orm.sql.ast.create - Registration of TableGroup [org.hibernate.sql.ast.tree.from.LazyTableGroup@d7d984c] with identifierForTableGroup [com.rts.tap.model.Department.organization] for NavigablePath [com.rts.tap.model.Department.organization] 
2025-02-03 12:08:31 [main] DEBUG org.hibernate.orm.sql.ast.create - Created new SQL alias : o1_0
2025-02-03 12:08:31 [main] DEBUG org.hibernate.orm.results.graph.AST - DomainResult Graph:
 \-EntityResultImpl [com.rts.tap.model.Department]
 |  +-BasicFetch [com.rts.tap.model.Department.createdDate]
 |  +-BasicFetch [com.rts.tap.model.Department.departmentName]
 |  +-BasicFetch [com.rts.tap.model.Department.description]
 |  +-EntityFetchJoinedImpl [com.rts.tap.model.Department.organization]
 |  |  +-BasicFetch [com.rts.tap.model.Department.organization.contactPersonEmail]
 |  |  +-BasicFetch [com.rts.tap.model.Department.organization.contactPersonName]
 |  |  +-BasicFetch [com.rts.tap.model.Department.organization.contactPersonPhone]
 |  |  +-BasicFetch [com.rts.tap.model.Department.organization.createdDate]
 |  |  +-BasicFetch [com.rts.tap.model.Department.organization.industryType]
 |  |  +-BasicFetch [com.rts.tap.model.Department.organization.logo]
 |  |  +-BasicFetch [com.rts.tap.model.Department.organization.organizationAddress]
 |  |  +-BasicFetch [com.rts.tap.model.Department.organization.organizationEstablishedDate]
 |  |  +-BasicFetch [com.rts.tap.model.Department.organization.organizationName]
 |  |  +-BasicFetch [com.rts.tap.model.Department.organization.organizationStatus]
 |  |  +-BasicFetch [com.rts.tap.model.Department.organization.organizationWebsiteUrl]
 |  |  +-BasicFetch [com.rts.tap.model.Department.organization.size]
 |  |  \-BasicFetch [com.rts.tap.model.Department.organization.updatedDate]
 |  \-BasicFetch [com.rts.tap.model.Department.updatedDate]

2025-02-03 12:08:31 [main] DEBUG org.hibernate.orm.sql.ast.tree - SQL AST Tree:
    SelectStatement {
      FromClause {
        StandardTableGroup (d1 : com.rts.tap.model.Department) {
          primaryTableReference : departments as d1_0
          TableGroupJoins {
            left  join LazyTableGroup (o1 : com.rts.tap.model.Department.organization) {
              primaryTableReference : organizations as o1_0
            }
          }
        }
      }
    }

2025-02-03 12:08:31 [main] DEBUG o.h.p.entity.AbstractEntityPersister - Static SQL for entity: com.rts.tap.model.Department
2025-02-03 12:08:31 [main] DEBUG o.h.p.entity.AbstractEntityPersister -  Version select: select department_id from departments where department_id=?
2025-02-03 12:08:31 [main] DEBUG o.h.p.entity.AbstractEntityPersister -  Insert (0): insert into departments (created_date,department_name,description,organization_id,updated_date) values (?,?,?,?,?)
2025-02-03 12:08:31 [main] DEBUG o.h.p.entity.AbstractEntityPersister -  Update (0): update departments set department_name=?,description=?,organization_id=?,updated_date=? where department_id=?
2025-02-03 12:08:31 [main] DEBUG o.h.p.entity.AbstractEntityPersister -  Delete (0): delete from departments where department_id=?
2025-02-03 12:08:31 [main] DEBUG org.hibernate.orm.sql.ast.create - Created new SQL alias : mj1_0
2025-02-03 12:08:31 [main] DEBUG org.hibernate.orm.sql.ast.create - Registration of TableGroup [StandardTableGroup(com.rts.tap.model.MrfJd)] with identifierForTableGroup [com.rts.tap.model.MrfJd] for NavigablePath [com.rts.tap.model.MrfJd] 
2025-02-03 12:08:31 [main] DEBUG org.hibernate.orm.results.graph.AST - DomainResult Graph:
 \-EntityResultImpl [com.rts.tap.model.MrfJd]
 |  +-BasicFetch [com.rts.tap.model.MrfJd.jobParameter]
 |  +-BasicFetch [com.rts.tap.model.MrfJd.jobTitle]
 |  \-BasicFetch [com.rts.tap.model.MrfJd.rolesAndResponsibilities]

2025-02-03 12:08:31 [main] DEBUG org.hibernate.orm.sql.ast.tree - SQL AST Tree:
    SelectStatement {
      FromClause {
        StandardTableGroup (mj1 : com.rts.tap.model.MrfJd) {
          primaryTableReference : mrf_jd as mj1_0
        }
      }
    }

2025-02-03 12:08:31 [main] DEBUG o.h.p.entity.AbstractEntityPersister - Static SQL for entity: com.rts.tap.model.MrfJd
2025-02-03 12:08:31 [main] DEBUG o.h.p.entity.AbstractEntityPersister -  Version select: select mrf_jd_id from mrf_jd where mrf_jd_id=?
2025-02-03 12:08:31 [main] DEBUG o.h.p.entity.AbstractEntityPersister -  Insert (0): insert into mrf_jd (job_parameter,job_title,roles_and_responsibilities) values (?,?,?)
2025-02-03 12:08:31 [main] DEBUG o.h.p.entity.AbstractEntityPersister -  Update (0): update mrf_jd set job_parameter=?,job_title=?,roles_and_responsibilities=? where mrf_jd_id=?
2025-02-03 12:08:31 [main] DEBUG o.h.p.entity.AbstractEntityPersister -  Delete (0): delete from mrf_jd where mrf_jd_id=?
2025-02-03 12:08:31 [main] DEBUG org.hibernate.orm.sql.ast.create - Created new SQL alias : co1_0
2025-02-03 12:08:31 [main] DEBUG org.hibernate.orm.sql.ast.create - Registration of TableGroup [StandardTableGroup(com.rts.tap.model.ClientOrganization)] with identifierForTableGroup [com.rts.tap.model.ClientOrganization] for NavigablePath [com.rts.tap.model.ClientOrganization] 
2025-02-03 12:08:31 [main] DEBUG org.hibernate.orm.results.graph.AST - DomainResult Graph:
 \-EntityResultImpl [com.rts.tap.model.ClientOrganization]
 |  +-BasicFetch [com.rts.tap.model.ClientOrganization.organizationAddress]
 |  +-BasicFetch [com.rts.tap.model.ClientOrganization.organizationContactNumber]
 |  +-BasicFetch [com.rts.tap.model.ClientOrganization.organizationEmail]
 |  +-BasicFetch [com.rts.tap.model.ClientOrganization.organizationIndustry]
 |  +-BasicFetch [com.rts.tap.model.ClientOrganization.organizationLogo]
 |  \-BasicFetch [com.rts.tap.model.ClientOrganization.organizationName]

2025-02-03 12:08:31 [main] DEBUG org.hibernate.orm.sql.ast.tree - SQL AST Tree:
    SelectStatement {
      FromClause {
        StandardTableGroup (co1 : com.rts.tap.model.ClientOrganization) {
          primaryTableReference : client_organization_tbl as co1_0
        }
      }
    }

2025-02-03 12:08:31 [main] DEBUG o.h.p.entity.AbstractEntityPersister - Static SQL for entity: com.rts.tap.model.ClientOrganization
2025-02-03 12:08:31 [main] DEBUG o.h.p.entity.AbstractEntityPersister -  Version select: select client_organization_id from client_organization_tbl where client_organization_id=?
2025-02-03 12:08:31 [main] DEBUG o.h.p.entity.AbstractEntityPersister -  Insert (0): insert into client_organization_tbl (organization_address,organization_contact_number,organization_email,organization_industry,organization_logo,organization_name) values (?,?,?,?,?,?)
2025-02-03 12:08:31 [main] DEBUG o.h.p.entity.AbstractEntityPersister -  Update (0): update client_organization_tbl set organization_address=?,organization_contact_number=?,organization_email=?,organization_industry=?,organization_logo=?,organization_name=? where client_organization_id=?
2025-02-03 12:08:31 [main] DEBUG o.h.p.entity.AbstractEntityPersister -  Delete (0): delete from client_organization_tbl where client_organization_id=?
2025-02-03 12:08:31 [main] DEBUG org.hibernate.orm.sql.ast.create - Created new SQL alias : q1_0
2025-02-03 12:08:31 [main] DEBUG org.hibernate.orm.sql.ast.create - Registration of TableGroup [StandardTableGroup(com.rts.tap.model.Qualification)] with identifierForTableGroup [com.rts.tap.model.Qualification] for NavigablePath [com.rts.tap.model.Qualification] 
2025-02-03 12:08:31 [main] DEBUG org.hibernate.orm.results.graph.AST - DomainResult Graph:
 \-EntityResultImpl [com.rts.tap.model.Qualification]
 |  +-BasicFetch [com.rts.tap.model.Qualification.certificates]
 |  +-BasicFetch [com.rts.tap.model.Qualification.createdDate]
 |  +-BasicFetch [com.rts.tap.model.Qualification.fromYear]
 |  +-BasicFetch [com.rts.tap.model.Qualification.grade]
 |  +-BasicFetch [com.rts.tap.model.Qualification.institutionName]
 |  +-BasicFetch [com.rts.tap.model.Qualification.specialization]
 |  +-BasicFetch [com.rts.tap.model.Qualification.typeOfEducation]
 |  +-BasicFetch [com.rts.tap.model.Qualification.updatedDate]
 |  \-BasicFetch [com.rts.tap.model.Qualification.yearOfCompletion]

2025-02-03 12:08:31 [main] DEBUG org.hibernate.orm.sql.ast.tree - SQL AST Tree:
    SelectStatement {
      FromClause {
        StandardTableGroup (q1 : com.rts.tap.model.Qualification) {
          primaryTableReference : qualifications as q1_0
        }
      }
    }

2025-02-03 12:08:31 [main] DEBUG o.h.p.entity.AbstractEntityPersister - Static SQL for entity: com.rts.tap.model.Qualification
2025-02-03 12:08:31 [main] DEBUG o.h.p.entity.AbstractEntityPersister -  Version select: select qualification_id from qualifications where qualification_id=?
2025-02-03 12:08:31 [main] DEBUG o.h.p.entity.AbstractEntityPersister -  Insert (0): insert into qualifications (certificates,created_date,from_year,grade,institution,specialization,type_of_education,updated_date,year_of_completion) values (?,?,?,?,?,?,?,?,?)
2025-02-03 12:08:31 [main] DEBUG o.h.p.entity.AbstractEntityPersister -  Update (0): update qualifications set certificates=?,from_year=?,grade=?,institution=?,specialization=?,type_of_education=?,updated_date=?,year_of_completion=? where qualification_id=?
2025-02-03 12:08:31 [main] DEBUG o.h.p.entity.AbstractEntityPersister -  Delete (0): delete from qualifications where qualification_id=?
2025-02-03 12:08:31 [main] DEBUG org.hibernate.orm.sql.ast.create - Created new SQL alias : tpr1_0
2025-02-03 12:08:31 [main] DEBUG org.hibernate.orm.sql.ast.create - Registration of TableGroup [StandardTableGroup(com.rts.tap.model.ThirdPartyRole)] with identifierForTableGroup [com.rts.tap.model.ThirdPartyRole] for NavigablePath [com.rts.tap.model.ThirdPartyRole] 
2025-02-03 12:08:31 [main] DEBUG org.hibernate.orm.results.graph.AST - DomainResult Graph:
 \-EntityResultImpl [com.rts.tap.model.ThirdPartyRole]
 |  \-BasicFetch [com.rts.tap.model.ThirdPartyRole.role]

2025-02-03 12:08:31 [main] DEBUG org.hibernate.orm.sql.ast.tree - SQL AST Tree:
    SelectStatement {
      FromClause {
        StandardTableGroup (tpr1 : com.rts.tap.model.ThirdPartyRole) {
          primaryTableReference : third_party_role as tpr1_0
        }
      }
    }

2025-02-03 12:08:31 [main] DEBUG o.h.p.entity.AbstractEntityPersister - Static SQL for entity: com.rts.tap.model.ThirdPartyRole
2025-02-03 12:08:31 [main] DEBUG o.h.p.entity.AbstractEntityPersister -  Version select: select third_party_role_id from third_party_role where third_party_role_id=?
2025-02-03 12:08:31 [main] DEBUG o.h.p.entity.AbstractEntityPersister -  Insert (0): insert into third_party_role (role) values (?)
2025-02-03 12:08:31 [main] DEBUG o.h.p.entity.AbstractEntityPersister -  Update (0): update third_party_role set role=? where third_party_role_id=?
2025-02-03 12:08:31 [main] DEBUG o.h.p.entity.AbstractEntityPersister -  Delete (0): delete from third_party_role where third_party_role_id=?
2025-02-03 12:08:31 [main] DEBUG org.hibernate.orm.sql.ast.create - Created new SQL alias : e1_0
2025-02-03 12:08:31 [main] DEBUG org.hibernate.orm.sql.ast.create - Registration of TableGroup [StandardTableGroup(com.rts.tap.model.Employee)] with identifierForTableGroup [com.rts.tap.model.Employee] for NavigablePath [com.rts.tap.model.Employee] 
2025-02-03 12:08:31 [main] DEBUG org.hibernate.orm.sql.ast.create - Registration of TableGroup [org.hibernate.sql.ast.tree.from.LazyTableGroup@3d3a3738] with identifierForTableGroup [com.rts.tap.model.Employee.businessUnit] for NavigablePath [com.rts.tap.model.Employee.businessUnit] 
2025-02-03 12:08:31 [main] DEBUG org.hibernate.orm.sql.ast.create - Registration of TableGroup [org.hibernate.sql.ast.tree.from.LazyTableGroup@4ba056ab] with identifierForTableGroup [com.rts.tap.model.Employee.personalInfo] for NavigablePath [com.rts.tap.model.Employee.personalInfo] 
2025-02-03 12:08:31 [main] DEBUG org.hibernate.orm.sql.ast.create - Registration of TableGroup [org.hibernate.sql.ast.tree.from.LazyTableGroup@2e530f34] with identifierForTableGroup [com.rts.tap.model.Employee.role] for NavigablePath [com.rts.tap.model.Employee.role] 
2025-02-03 12:08:31 [main] DEBUG org.hibernate.orm.results.graph.AST - DomainResult Graph:
 \-EntityResultImpl [com.rts.tap.model.Employee]
 |  +-EntityDelayedFetchImpl [com.rts.tap.model.Employee.businessUnit]
 |  +-BasicFetch [com.rts.tap.model.Employee.candidateId]
 |  +-BasicFetch [com.rts.tap.model.Employee.createdDate]
 |  +-DelayedCollectionFetch [com.rts.tap.model.Employee.documents]
 |  +-BasicFetch [com.rts.tap.model.Employee.employeeEmail]
 |  +-BasicFetch [com.rts.tap.model.Employee.employeeName]
 |  +-BasicFetch [com.rts.tap.model.Employee.employeeStatus]
 |  +-DelayedCollectionFetch [com.rts.tap.model.Employee.experience]
 |  +-DelayedCollectionFetch [com.rts.tap.model.Employee.familyDetails]
 |  +-BasicFetch [com.rts.tap.model.Employee.managerId]
 |  +-EntityDelayedFetchImpl [com.rts.tap.model.Employee.personalInfo]
 |  +-DelayedCollectionFetch [com.rts.tap.model.Employee.qualification]
 |  +-EntityDelayedFetchImpl [com.rts.tap.model.Employee.role]
 |  +-BasicFetch [com.rts.tap.model.Employee.updatedDate]
 |  \-BasicFetch [com.rts.tap.model.Employee.workLocation]

2025-02-03 12:08:31 [main] DEBUG org.hibernate.orm.sql.ast.tree - SQL AST Tree:
    SelectStatement {
      FromClause {
        StandardTableGroup (e1 : com.rts.tap.model.Employee) {
          primaryTableReference : employees as e1_0
          TableGroupJoins {
            left  join LazyTableGroup (bu1 : com.rts.tap.model.Employee.businessUnit) {
            }
            left  join LazyTableGroup (pi1 : com.rts.tap.model.Employee.personalInfo) {
            }
            left  join LazyTableGroup (r1 : com.rts.tap.model.Employee.role) {
            }
          }
        }
      }
    }

2025-02-03 12:08:31 [main] DEBUG o.h.p.entity.AbstractEntityPersister - Static SQL for entity: com.rts.tap.model.Employee
2025-02-03 12:08:31 [main] DEBUG o.h.p.entity.AbstractEntityPersister -  Version select: select employee_id from employees where employee_id=?
2025-02-03 12:08:31 [main] DEBUG o.h.p.entity.AbstractEntityPersister -  Insert (0): insert into employees (businessunit_id,candidate_id,created_date,employee_email,employee_name,employee_status,manager_id,personal_info_id,role_id,updated_date,work_location) values (?,?,?,?,?,?,?,?,?,?,?)
2025-02-03 12:08:31 [main] DEBUG o.h.p.entity.AbstractEntityPersister -  Update (0): update employees set businessunit_id=?,candidate_id=?,employee_email=?,employee_name=?,employee_status=?,manager_id=?,personal_info_id=?,role_id=?,updated_date=?,work_location=? where employee_id=?
2025-02-03 12:08:31 [main] DEBUG o.h.p.entity.AbstractEntityPersister -  Delete (0): delete from employees where employee_id=?
2025-02-03 12:08:31 [main] DEBUG org.hibernate.orm.sql.ast.create - Created new SQL alias : al1_0
2025-02-03 12:08:31 [main] DEBUG org.hibernate.orm.sql.ast.create - Registration of TableGroup [StandardTableGroup(com.rts.tap.model.ApproverLevel)] with identifierForTableGroup [com.rts.tap.model.ApproverLevel] for NavigablePath [com.rts.tap.model.ApproverLevel] 
2025-02-03 12:08:31 [main] DEBUG org.hibernate.orm.sql.ast.create - Registration of TableGroup [org.hibernate.sql.ast.tree.from.LazyTableGroup@55b56db3] with identifierForTableGroup [com.rts.tap.model.ApproverLevel.employee] for NavigablePath [com.rts.tap.model.ApproverLevel.employee] 
2025-02-03 12:08:31 [main] DEBUG org.hibernate.orm.sql.ast.create - Created new SQL alias : e1_0
2025-02-03 12:08:31 [main] DEBUG org.hibernate.orm.sql.ast.create - Registration of TableGroup [org.hibernate.sql.ast.tree.from.LazyTableGroup@1c697ca0] with identifierForTableGroup [com.rts.tap.model.ApproverLevel.employee.businessUnit] for NavigablePath [com.rts.tap.model.ApproverLevel.employee.businessUnit] 
2025-02-03 12:08:31 [main] DEBUG org.hibernate.orm.sql.ast.create - Registration of TableGroup [org.hibernate.sql.ast.tree.from.LazyTableGroup@2af5eab6] with identifierForTableGroup [com.rts.tap.model.ApproverLevel.employee.personalInfo] for NavigablePath [com.rts.tap.model.ApproverLevel.employee.personalInfo] 
2025-02-03 12:08:31 [main] DEBUG org.hibernate.orm.sql.ast.create - Registration of TableGroup [org.hibernate.sql.ast.tree.from.LazyTableGroup@43347199] with identifierForTableGroup [com.rts.tap.model.ApproverLevel.employee.role] for NavigablePath [com.rts.tap.model.ApproverLevel.employee.role] 
2025-02-03 12:08:31 [main] DEBUG org.hibernate.orm.sql.ast.create - Registration of TableGroup [org.hibernate.sql.ast.tree.from.LazyTableGroup@3d1254b9] with identifierForTableGroup [com.rts.tap.model.ApproverLevel.mrf] for NavigablePath [com.rts.tap.model.ApproverLevel.mrf] 
2025-02-03 12:08:31 [main] DEBUG org.hibernate.orm.sql.ast.create - Created new SQL alias : m1_0
2025-02-03 12:08:31 [main] DEBUG org.hibernate.orm.sql.ast.create - Registration of TableGroup [org.hibernate.sql.ast.tree.from.LazyTableGroup@6a49b3c7] with identifierForTableGroup [com.rts.tap.model.ApproverLevel.mrf.businessUnitHead] for NavigablePath [com.rts.tap.model.ApproverLevel.mrf.businessUnitHead] 
2025-02-03 12:08:31 [main] DEBUG org.hibernate.orm.sql.ast.create - Created new SQL alias : buh1_0
2025-02-03 12:08:31 [main] DEBUG org.hibernate.orm.sql.ast.create - Registration of TableGroup [org.hibernate.sql.ast.tree.from.LazyTableGroup@6f6c4462] with identifierForTableGroup [com.rts.tap.model.ApproverLevel.mrf.businessUnitHead.businessUnit] for NavigablePath [com.rts.tap.model.ApproverLevel.mrf.businessUnitHead.businessUnit] 
2025-02-03 12:08:31 [main] DEBUG org.hibernate.orm.sql.ast.create - Registration of TableGroup [org.hibernate.sql.ast.tree.from.LazyTableGroup@f3458af] with identifierForTableGroup [com.rts.tap.model.ApproverLevel.mrf.businessUnitHead.personalInfo] for NavigablePath [com.rts.tap.model.ApproverLevel.mrf.businessUnitHead.personalInfo] 
2025-02-03 12:08:31 [main] DEBUG org.hibernate.orm.sql.ast.create - Registration of TableGroup [org.hibernate.sql.ast.tree.from.LazyTableGroup@20ac726c] with identifierForTableGroup [com.rts.tap.model.ApproverLevel.mrf.businessUnitHead.role] for NavigablePath [com.rts.tap.model.ApproverLevel.mrf.businessUnitHead.role] 
2025-02-03 12:08:31 [main] DEBUG org.hibernate.orm.sql.ast.create - Registration of TableGroup [org.hibernate.sql.ast.tree.from.LazyTableGroup@75c2a35] with identifierForTableGroup [com.rts.tap.model.ApproverLevel.mrf.clientPartner] for NavigablePath [com.rts.tap.model.ApproverLevel.mrf.clientPartner] 
2025-02-03 12:08:31 [main] DEBUG org.hibernate.orm.sql.ast.create - Created new SQL alias : cp1_0
2025-02-03 12:08:31 [main] DEBUG org.hibernate.orm.sql.ast.create - Registration of TableGroup [org.hibernate.sql.ast.tree.from.LazyTableGroup@a9e31e8] with identifierForTableGroup [com.rts.tap.model.ApproverLevel.mrf.clientPartner.businessUnit] for NavigablePath [com.rts.tap.model.ApproverLevel.mrf.clientPartner.businessUnit] 
2025-02-03 12:08:31 [main] DEBUG org.hibernate.orm.sql.ast.create - Registration of TableGroup [org.hibernate.sql.ast.tree.from.LazyTableGroup@27c2f134] with identifierForTableGroup [com.rts.tap.model.ApproverLevel.mrf.clientPartner.personalInfo] for NavigablePath [com.rts.tap.model.ApproverLevel.mrf.clientPartner.personalInfo] 
2025-02-03 12:08:31 [main] DEBUG org.hibernate.orm.sql.ast.create - Registration of TableGroup [org.hibernate.sql.ast.tree.from.LazyTableGroup@64bed8b2] with identifierForTableGroup [com.rts.tap.model.ApproverLevel.mrf.clientPartner.role] for NavigablePath [com.rts.tap.model.ApproverLevel.mrf.clientPartner.role] 
2025-02-03 12:08:31 [main] DEBUG org.hibernate.orm.sql.ast.create - Registration of TableGroup [org.hibernate.sql.ast.tree.from.LazyTableGroup@2555b92] with identifierForTableGroup [com.rts.tap.model.ApproverLevel.mrf.mrfAgreement] for NavigablePath [com.rts.tap.model.ApproverLevel.mrf.mrfAgreement] 
2025-02-03 12:08:31 [main] DEBUG org.hibernate.orm.sql.ast.create - Created new SQL alias : ma1_0
2025-02-03 12:08:31 [main] DEBUG org.hibernate.orm.sql.ast.create - Registration of TableGroup [org.hibernate.sql.ast.tree.from.LazyTableGroup@793f2b41] with identifierForTableGroup [com.rts.tap.model.ApproverLevel.mrf.mrfCriteria] for NavigablePath [com.rts.tap.model.ApproverLevel.mrf.mrfCriteria] 
2025-02-03 12:08:31 [main] DEBUG org.hibernate.orm.sql.ast.create - Created new SQL alias : mc1_0
2025-02-03 12:08:31 [main] DEBUG org.hibernate.orm.sql.ast.create - Registration of TableGroup [org.hibernate.sql.ast.tree.from.LazyTableGroup@49442e03] with identifierForTableGroup [com.rts.tap.model.ApproverLevel.mrf.mrfJd] for NavigablePath [com.rts.tap.model.ApproverLevel.mrf.mrfJd] 
2025-02-03 12:08:31 [main] DEBUG org.hibernate.orm.sql.ast.create - Created new SQL alias : mj1_0
2025-02-03 12:08:31 [main] DEBUG org.hibernate.orm.sql.ast.create - Registration of TableGroup [org.hibernate.sql.ast.tree.from.LazyTableGroup@5bad04d1] with identifierForTableGroup [com.rts.tap.model.ApproverLevel.mrf.mrfStatus] for NavigablePath [com.rts.tap.model.ApproverLevel.mrf.mrfStatus] 
2025-02-03 12:08:31 [main] DEBUG org.hibernate.orm.sql.ast.create - Created new SQL alias : ms1_0
2025-02-03 12:08:31 [main] DEBUG org.hibernate.orm.sql.ast.create - Registration of TableGroup [org.hibernate.sql.ast.tree.from.LazyTableGroup@730c4dfd] with identifierForTableGroup [com.rts.tap.model.ApproverLevel.mrf.requirement] for NavigablePath [com.rts.tap.model.ApproverLevel.mrf.requirement] 
2025-02-03 12:08:31 [main] DEBUG org.hibernate.orm.sql.ast.create - Created new SQL alias : r4_0
2025-02-03 12:08:31 [main] DEBUG org.hibernate.orm.sql.ast.create - Registration of TableGroup [org.hibernate.sql.ast.tree.from.LazyTableGroup@736905fe] with identifierForTableGroup [com.rts.tap.model.ApproverLevel.mrf.requirement.client] for NavigablePath [com.rts.tap.model.ApproverLevel.mrf.requirement.client] 
2025-02-03 12:08:31 [main] DEBUG org.hibernate.orm.sql.ast.create - Registration of TableGroup [org.hibernate.sql.ast.tree.from.LazyTableGroup@1bb509a6] with identifierForTableGroup [com.rts.tap.model.ApproverLevel.mrf.subRequirements] for NavigablePath [com.rts.tap.model.ApproverLevel.mrf.subRequirements] 
2025-02-03 12:08:31 [main] DEBUG org.hibernate.orm.sql.ast.create - Created new SQL alias : sr1_0
2025-02-03 12:08:31 [main] DEBUG org.hibernate.orm.results.graph.AST - DomainResult Graph:
 \-EntityResultImpl [com.rts.tap.model.ApproverLevel]
 |  +-EntityFetchJoinedImpl [com.rts.tap.model.ApproverLevel.employee]
 |  |  +-EntityDelayedFetchImpl [com.rts.tap.model.ApproverLevel.employee.businessUnit]
 |  |  +-BasicFetch [com.rts.tap.model.ApproverLevel.employee.candidateId]
 |  |  +-BasicFetch [com.rts.tap.model.ApproverLevel.employee.createdDate]
 |  |  +-DelayedCollectionFetch [com.rts.tap.model.ApproverLevel.employee.documents]
 |  |  +-BasicFetch [com.rts.tap.model.ApproverLevel.employee.employeeEmail]
 |  |  +-BasicFetch [com.rts.tap.model.ApproverLevel.employee.employeeName]
 |  |  +-BasicFetch [com.rts.tap.model.ApproverLevel.employee.employeeStatus]
 |  |  +-DelayedCollectionFetch [com.rts.tap.model.ApproverLevel.employee.experience]
 |  |  +-DelayedCollectionFetch [com.rts.tap.model.ApproverLevel.employee.familyDetails]
 |  |  +-BasicFetch [com.rts.tap.model.ApproverLevel.employee.managerId]
 |  |  +-EntityDelayedFetchImpl [com.rts.tap.model.ApproverLevel.employee.personalInfo]
 |  |  +-DelayedCollectionFetch [com.rts.tap.model.ApproverLevel.employee.qualification]
 |  |  +-EntityDelayedFetchImpl [com.rts.tap.model.ApproverLevel.employee.role]
 |  |  +-BasicFetch [com.rts.tap.model.ApproverLevel.employee.updatedDate]
 |  |  \-BasicFetch [com.rts.tap.model.ApproverLevel.employee.workLocation]
 |  +-BasicFetch [com.rts.tap.model.ApproverLevel.level]
 |  \-EntityFetchJoinedImpl [com.rts.tap.model.ApproverLevel.mrf]
 |  |  +-EntityFetchJoinedImpl [com.rts.tap.model.ApproverLevel.mrf.businessUnitHead]
 |  |  |  +-EntityDelayedFetchImpl [com.rts.tap.model.ApproverLevel.mrf.businessUnitHead.businessUnit]
 |  |  |  +-BasicFetch [com.rts.tap.model.ApproverLevel.mrf.businessUnitHead.candidateId]
 |  |  |  +-BasicFetch [com.rts.tap.model.ApproverLevel.mrf.businessUnitHead.createdDate]
 |  |  |  +-DelayedCollectionFetch [com.rts.tap.model.ApproverLevel.mrf.businessUnitHead.documents]
 |  |  |  +-BasicFetch [com.rts.tap.model.ApproverLevel.mrf.businessUnitHead.employeeEmail]
 |  |  |  +-BasicFetch [com.rts.tap.model.ApproverLevel.mrf.businessUnitHead.employeeName]
 |  |  |  +-BasicFetch [com.rts.tap.model.ApproverLevel.mrf.businessUnitHead.employeeStatus]
 |  |  |  +-DelayedCollectionFetch [com.rts.tap.model.ApproverLevel.mrf.businessUnitHead.experience]
 |  |  |  +-DelayedCollectionFetch [com.rts.tap.model.ApproverLevel.mrf.businessUnitHead.familyDetails]
 |  |  |  +-BasicFetch [com.rts.tap.model.ApproverLevel.mrf.businessUnitHead.managerId]
 |  |  |  +-EntityDelayedFetchImpl [com.rts.tap.model.ApproverLevel.mrf.businessUnitHead.personalInfo]
 |  |  |  +-DelayedCollectionFetch [com.rts.tap.model.ApproverLevel.mrf.businessUnitHead.qualification]
 |  |  |  +-EntityDelayedFetchImpl [com.rts.tap.model.ApproverLevel.mrf.businessUnitHead.role]
 |  |  |  +-BasicFetch [com.rts.tap.model.ApproverLevel.mrf.businessUnitHead.updatedDate]
 |  |  |  \-BasicFetch [com.rts.tap.model.ApproverLevel.mrf.businessUnitHead.workLocation]
 |  |  +-EntityFetchJoinedImpl [com.rts.tap.model.ApproverLevel.mrf.clientPartner]
 |  |  |  +-EntityDelayedFetchImpl [com.rts.tap.model.ApproverLevel.mrf.clientPartner.businessUnit]
 |  |  |  +-BasicFetch [com.rts.tap.model.ApproverLevel.mrf.clientPartner.candidateId]
 |  |  |  +-BasicFetch [com.rts.tap.model.ApproverLevel.mrf.clientPartner.createdDate]
 |  |  |  +-DelayedCollectionFetch [com.rts.tap.model.ApproverLevel.mrf.clientPartner.documents]
 |  |  |  +-BasicFetch [com.rts.tap.model.ApproverLevel.mrf.clientPartner.employeeEmail]
 |  |  |  +-BasicFetch [com.rts.tap.model.ApproverLevel.mrf.clientPartner.employeeName]
 |  |  |  +-BasicFetch [com.rts.tap.model.ApproverLevel.mrf.clientPartner.employeeStatus]
 |  |  |  +-DelayedCollectionFetch [com.rts.tap.model.ApproverLevel.mrf.clientPartner.experience]
 |  |  |  +-DelayedCollectionFetch [com.rts.tap.model.ApproverLevel.mrf.clientPartner.familyDetails]
 |  |  |  +-BasicFetch [com.rts.tap.model.ApproverLevel.mrf.clientPartner.managerId]
 |  |  |  +-EntityDelayedFetchImpl [com.rts.tap.model.ApproverLevel.mrf.clientPartner.personalInfo]
 |  |  |  +-DelayedCollectionFetch [com.rts.tap.model.ApproverLevel.mrf.clientPartner.qualification]
 |  |  |  +-EntityDelayedFetchImpl [com.rts.tap.model.ApproverLevel.mrf.clientPartner.role]
 |  |  |  +-BasicFetch [com.rts.tap.model.ApproverLevel.mrf.clientPartner.updatedDate]
 |  |  |  \-BasicFetch [com.rts.tap.model.ApproverLevel.mrf.clientPartner.workLocation]
 |  |  +-BasicFetch [com.rts.tap.model.ApproverLevel.mrf.createdAt]
 |  |  +-EntityFetchJoinedImpl [com.rts.tap.model.ApproverLevel.mrf.mrfAgreement]
 |  |  |  +-BasicFetch [com.rts.tap.model.ApproverLevel.mrf.mrfAgreement.billingCycle]
 |  |  |  +-BasicFetch [com.rts.tap.model.ApproverLevel.mrf.mrfAgreement.mrfTemplate]
 |  |  |  +-BasicFetch [com.rts.tap.model.ApproverLevel.mrf.mrfAgreement.negotiatedPricePoint]
 |  |  |  +-BasicFetch [com.rts.tap.model.ApproverLevel.mrf.mrfAgreement.proposedBudget]
 |  |  |  \-BasicFetch [com.rts.tap.model.ApproverLevel.mrf.mrfAgreement.serviceLevelAgreement]
 |  |  +-EntityFetchJoinedImpl [com.rts.tap.model.ApproverLevel.mrf.mrfCriteria]
 |  |  |  +-BasicFetch [com.rts.tap.model.ApproverLevel.mrf.mrfCriteria.IsCertificationNeeded]
 |  |  |  +-BasicFetch [com.rts.tap.model.ApproverLevel.mrf.mrfCriteria.IsVisaRequired]
 |  |  |  +-BasicFetch [com.rts.tap.model.ApproverLevel.mrf.mrfCriteria.certificate]
 |  |  |  +-BasicFetch [com.rts.tap.model.ApproverLevel.mrf.mrfCriteria.closureDate]
 |  |  |  +-BasicFetch [com.rts.tap.model.ApproverLevel.mrf.mrfCriteria.contractStartDate]
 |  |  |  +-BasicFetch [com.rts.tap.model.ApproverLevel.mrf.mrfCriteria.educationalQualification]
 |  |  |  +-BasicFetch [com.rts.tap.model.ApproverLevel.mrf.mrfCriteria.employmentMode]
 |  |  |  +-BasicFetch [com.rts.tap.model.ApproverLevel.mrf.mrfCriteria.jobLocation]
 |  |  |  +-BasicFetch [com.rts.tap.model.ApproverLevel.mrf.mrfCriteria.maximumCTC]
 |  |  |  +-BasicFetch [com.rts.tap.model.ApproverLevel.mrf.mrfCriteria.minimumCTC]
 |  |  |  +-BasicFetch [com.rts.tap.model.ApproverLevel.mrf.mrfCriteria.mrfLossOrProfit]
 |  |  |  +-BasicFetch [com.rts.tap.model.ApproverLevel.mrf.mrfCriteria.visaType]
 |  |  |  \-BasicFetch [com.rts.tap.model.ApproverLevel.mrf.mrfCriteria.yearsOfExperience]
 |  |  +-BasicFetch [com.rts.tap.model.ApproverLevel.mrf.mrfDepartmentName]
 |  |  +-EntityFetchJoinedImpl [com.rts.tap.model.ApproverLevel.mrf.mrfJd]
 |  |  |  +-BasicFetch [com.rts.tap.model.ApproverLevel.mrf.mrfJd.jobParameter]
 |  |  |  +-BasicFetch [com.rts.tap.model.ApproverLevel.mrf.mrfJd.jobTitle]
 |  |  |  \-BasicFetch [com.rts.tap.model.ApproverLevel.mrf.mrfJd.rolesAndResponsibilities]
 |  |  +-BasicFetch [com.rts.tap.model.ApproverLevel.mrf.mrfRequiredTechnology]
 |  |  +-EntityFetchJoinedImpl [com.rts.tap.model.ApproverLevel.mrf.mrfStatus]
 |  |  |  +-BasicFetch [com.rts.tap.model.ApproverLevel.mrf.mrfStatus.descriptionForChanges]
 |  |  |  +-BasicFetch [com.rts.tap.model.ApproverLevel.mrf.mrfStatus.mrfApprovalStatus]
 |  |  |  +-BasicFetch [com.rts.tap.model.ApproverLevel.mrf.mrfStatus.mrfStage]
 |  |  |  +-BasicFetch [com.rts.tap.model.ApproverLevel.mrf.mrfStatus.mrfType]
 |  |  |  +-BasicFetch [com.rts.tap.model.ApproverLevel.mrf.mrfStatus.reasonForLost]
 |  |  |  \-BasicFetch [com.rts.tap.model.ApproverLevel.mrf.mrfStatus.requirementFilled]
 |  |  +-BasicFetch [com.rts.tap.model.ApproverLevel.mrf.probableDesignation]
 |  |  +-BasicFetch [com.rts.tap.model.ApproverLevel.mrf.requiredResourceCount]
 |  |  +-BasicFetch [com.rts.tap.model.ApproverLevel.mrf.requiredSkills]
 |  |  +-EntityFetchJoinedImpl [com.rts.tap.model.ApproverLevel.mrf.requirement]
 |  |  |  +-BasicFetch [com.rts.tap.model.ApproverLevel.mrf.requirement.budget]
 |  |  |  +-EntityFetchSelectImpl [com.rts.tap.model.ApproverLevel.mrf.requirement.client]
 |  |  |  +-BasicFetch [com.rts.tap.model.ApproverLevel.mrf.requirement.createdAt]
 |  |  |  +-DelayedCollectionFetch [com.rts.tap.model.ApproverLevel.mrf.requirement.subrequirement]
 |  |  |  +-BasicFetch [com.rts.tap.model.ApproverLevel.mrf.requirement.timeline]
 |  |  |  \-BasicFetch [com.rts.tap.model.ApproverLevel.mrf.requirement.totalRequiredResourceCount]
 |  |  +-EntityFetchJoinedImpl [com.rts.tap.model.ApproverLevel.mrf.subRequirements]
 |  |  |  +-BasicFetch [com.rts.tap.model.ApproverLevel.mrf.subRequirements.resourceCount]
 |  |  |  \-BasicFetch [com.rts.tap.model.ApproverLevel.mrf.subRequirements.role]
 |  |  \-BasicFetch [com.rts.tap.model.ApproverLevel.mrf.updatedAt]

2025-02-03 12:08:31 [main] DEBUG org.hibernate.orm.sql.ast.tree - SQL AST Tree:
    SelectStatement {
      FromClause {
        StandardTableGroup (al1 : com.rts.tap.model.ApproverLevel) {
          primaryTableReference : approver_level as al1_0
          TableGroupJoins {
            left  join LazyTableGroup (e1 : com.rts.tap.model.ApproverLevel.employee) {
              primaryTableReference : employees as e1_0
              TableGroupJoins {
                left  join LazyTableGroup (bu1 : com.rts.tap.model.ApproverLevel.employee.businessUnit) {
                }
                left  join LazyTableGroup (pi1 : com.rts.tap.model.ApproverLevel.employee.personalInfo) {
                }
                left  join LazyTableGroup (r1 : com.rts.tap.model.ApproverLevel.employee.role) {
                }
              }
            }
            left  join LazyTableGroup (m1 : com.rts.tap.model.ApproverLevel.mrf) {
              primaryTableReference : mrf_table as m1_0
              TableGroupJoins {
                left  join LazyTableGroup (buh1 : com.rts.tap.model.ApproverLevel.mrf.businessUnitHead) {
                  primaryTableReference : employees as buh1_0
                  TableGroupJoins {
                    left  join LazyTableGroup (bu2 : com.rts.tap.model.ApproverLevel.mrf.businessUnitHead.businessUnit) {
                    }
                    left  join LazyTableGroup (pi2 : com.rts.tap.model.ApproverLevel.mrf.businessUnitHead.personalInfo) {
                    }
                    left  join LazyTableGroup (r2 : com.rts.tap.model.ApproverLevel.mrf.businessUnitHead.role) {
                    }
                  }
                }
                left  join LazyTableGroup (cp1 : com.rts.tap.model.ApproverLevel.mrf.clientPartner) {
                  primaryTableReference : employees as cp1_0
                  TableGroupJoins {
                    left  join LazyTableGroup (bu3 : com.rts.tap.model.ApproverLevel.mrf.clientPartner.businessUnit) {
                    }
                    left  join LazyTableGroup (pi3 : com.rts.tap.model.ApproverLevel.mrf.clientPartner.personalInfo) {
                    }
                    left  join LazyTableGroup (r3 : com.rts.tap.model.ApproverLevel.mrf.clientPartner.role) {
                    }
                  }
                }
                left  join LazyTableGroup (ma1 : com.rts.tap.model.ApproverLevel.mrf.mrfAgreement) {
                  primaryTableReference : mrf_agreement_table as ma1_0
                }
                left  join LazyTableGroup (mc1 : com.rts.tap.model.ApproverLevel.mrf.mrfCriteria) {
                  primaryTableReference : mrf_criteria_table as mc1_0
                }
                left  join LazyTableGroup (mj1 : com.rts.tap.model.ApproverLevel.mrf.mrfJd) {
                  primaryTableReference : mrf_jd as mj1_0
                }
                left  join LazyTableGroup (ms1 : com.rts.tap.model.ApproverLevel.mrf.mrfStatus) {
                  primaryTableReference : mrf_status_table as ms1_0
                }
                left  join LazyTableGroup (r4 : com.rts.tap.model.ApproverLevel.mrf.requirement) {
                  primaryTableReference : requirements as r4_0
                  TableGroupJoins {
                    left  join LazyTableGroup (c1 : com.rts.tap.model.ApproverLevel.mrf.requirement.client) {
                    }
                  }
                }
                left  join LazyTableGroup (sr1 : com.rts.tap.model.ApproverLevel.mrf.subRequirements) {
                  primaryTableReference : sub_requirements as sr1_0
                }
              }
            }
          }
        }
      }
    }

2025-02-03 12:08:31 [main] DEBUG o.h.p.entity.AbstractEntityPersister - Static SQL for entity: com.rts.tap.model.ApproverLevel
2025-02-03 12:08:31 [main] DEBUG o.h.p.entity.AbstractEntityPersister -  Version select: select approver_id from approver_level where approver_id=?
2025-02-03 12:08:31 [main] DEBUG o.h.p.entity.AbstractEntityPersister -  Insert (0): insert into approver_level (employee_id,level,mrf_id) values (?,?,?)
2025-02-03 12:08:31 [main] DEBUG o.h.p.entity.AbstractEntityPersister -  Update (0): update approver_level set employee_id=?,level=?,mrf_id=? where approver_id=?
2025-02-03 12:08:31 [main] DEBUG o.h.p.entity.AbstractEntityPersister -  Delete (0): delete from approver_level where approver_id=?
2025-02-03 12:08:31 [main] DEBUG org.hibernate.orm.sql.ast.create - Created new SQL alias : i1_0
2025-02-03 12:08:31 [main] DEBUG org.hibernate.orm.sql.ast.create - Registration of TableGroup [StandardTableGroup(com.rts.tap.model.Interviewer)] with identifierForTableGroup [com.rts.tap.model.Interviewer] for NavigablePath [com.rts.tap.model.Interviewer] 
2025-02-03 12:08:31 [main] DEBUG org.hibernate.orm.sql.ast.create - Registration of TableGroup [org.hibernate.sql.ast.tree.from.LazyTableGroup@397fced4] with identifierForTableGroup [com.rts.tap.model.Interviewer.client] for NavigablePath [com.rts.tap.model.Interviewer.client] 
2025-02-03 12:08:31 [main] DEBUG org.hibernate.orm.sql.ast.create - Created new SQL alias : c1_0
2025-02-03 12:08:31 [main] DEBUG org.hibernate.orm.sql.ast.create - Registration of TableGroup [org.hibernate.sql.ast.tree.from.LazyTableGroup@2026af0] with identifierForTableGroup [com.rts.tap.model.Interviewer.client.clientOrganization] for NavigablePath [com.rts.tap.model.Interviewer.client.clientOrganization] 
2025-02-03 12:08:31 [main] DEBUG org.hibernate.orm.sql.ast.create - Created new SQL alias : co1_0
2025-02-03 12:08:31 [main] DEBUG org.hibernate.orm.sql.ast.create - Registration of TableGroup [org.hibernate.sql.ast.tree.from.LazyTableGroup@31c9bb2f] with identifierForTableGroup [com.rts.tap.model.Interviewer.client.clientPartner] for NavigablePath [com.rts.tap.model.Interviewer.client.clientPartner] 
2025-02-03 12:08:31 [main] DEBUG org.hibernate.orm.sql.ast.create - Created new SQL alias : cp1_0
2025-02-03 12:08:31 [main] DEBUG org.hibernate.orm.sql.ast.create - Registration of TableGroup [org.hibernate.sql.ast.tree.from.LazyTableGroup@71e839ee] with identifierForTableGroup [com.rts.tap.model.Interviewer.client.clientPartner.businessUnit] for NavigablePath [com.rts.tap.model.Interviewer.client.clientPartner.businessUnit] 
2025-02-03 12:08:31 [main] DEBUG org.hibernate.orm.sql.ast.create - Registration of TableGroup [org.hibernate.sql.ast.tree.from.LazyTableGroup@36a65069] with identifierForTableGroup [com.rts.tap.model.Interviewer.client.clientPartner.personalInfo] for NavigablePath [com.rts.tap.model.Interviewer.client.clientPartner.personalInfo] 
2025-02-03 12:08:31 [main] DEBUG org.hibernate.orm.sql.ast.create - Registration of TableGroup [org.hibernate.sql.ast.tree.from.LazyTableGroup@2762e9a7] with identifierForTableGroup [com.rts.tap.model.Interviewer.client.clientPartner.role] for NavigablePath [com.rts.tap.model.Interviewer.client.clientPartner.role] 
2025-02-03 12:08:31 [main] DEBUG org.hibernate.orm.sql.ast.create - Registration of TableGroup [org.hibernate.sql.ast.tree.from.LazyTableGroup@5b8e2ea7] with identifierForTableGroup [com.rts.tap.model.Interviewer.client.thirdPartyCredentitals] for NavigablePath [com.rts.tap.model.Interviewer.client.thirdPartyCredentitals] 
2025-02-03 12:08:31 [main] DEBUG org.hibernate.orm.sql.ast.create - Created new SQL alias : tpc1_0
2025-02-03 12:08:31 [main] DEBUG org.hibernate.orm.sql.ast.create - Registration of TableGroup [org.hibernate.sql.ast.tree.from.LazyTableGroup@6b994b71] with identifierForTableGroup [com.rts.tap.model.Interviewer.client.thirdPartyCredentitals.role] for NavigablePath [com.rts.tap.model.Interviewer.client.thirdPartyCredentitals.role] 
2025-02-03 12:08:31 [main] DEBUG org.hibernate.orm.sql.ast.create - Registration of TableGroup [org.hibernate.sql.ast.tree.from.LazyTableGroup@6fb87b73] with identifierForTableGroup [com.rts.tap.model.Interviewer.employee] for NavigablePath [com.rts.tap.model.Interviewer.employee] 
2025-02-03 12:08:31 [main] DEBUG org.hibernate.orm.sql.ast.create - Created new SQL alias : e1_0
2025-02-03 12:08:31 [main] DEBUG org.hibernate.orm.sql.ast.create - Registration of TableGroup [org.hibernate.sql.ast.tree.from.LazyTableGroup@5f2788f2] with identifierForTableGroup [com.rts.tap.model.Interviewer.employee.businessUnit] for NavigablePath [com.rts.tap.model.Interviewer.employee.businessUnit] 
2025-02-03 12:08:31 [main] DEBUG org.hibernate.orm.sql.ast.create - Registration of TableGroup [org.hibernate.sql.ast.tree.from.LazyTableGroup@75f67ea7] with identifierForTableGroup [com.rts.tap.model.Interviewer.employee.personalInfo] for NavigablePath [com.rts.tap.model.Interviewer.employee.personalInfo] 
2025-02-03 12:08:31 [main] DEBUG org.hibernate.orm.sql.ast.create - Registration of TableGroup [org.hibernate.sql.ast.tree.from.LazyTableGroup@549561ab] with identifierForTableGroup [com.rts.tap.model.Interviewer.employee.role] for NavigablePath [com.rts.tap.model.Interviewer.employee.role] 
2025-02-03 12:08:31 [main] DEBUG org.hibernate.orm.results.graph.AST - DomainResult Graph:
 \-EntityResultImpl [com.rts.tap.model.Interviewer]
 |  +-EntityFetchJoinedImpl [com.rts.tap.model.Interviewer.client]
 |  |  +-BasicFetch [com.rts.tap.model.Interviewer.client.activationStatus]
 |  |  +-BasicFetch [com.rts.tap.model.Interviewer.client.clientEmail]
 |  |  +-BasicFetch [com.rts.tap.model.Interviewer.client.clientMobile]
 |  |  +-BasicFetch [com.rts.tap.model.Interviewer.client.clientName]
 |  |  +-EntityFetchJoinedImpl [com.rts.tap.model.Interviewer.client.clientOrganization]
 |  |  |  +-BasicFetch [com.rts.tap.model.Interviewer.client.clientOrganization.organizationAddress]
 |  |  |  +-BasicFetch [com.rts.tap.model.Interviewer.client.clientOrganization.organizationContactNumber]
 |  |  |  +-BasicFetch [com.rts.tap.model.Interviewer.client.clientOrganization.organizationEmail]
 |  |  |  +-BasicFetch [com.rts.tap.model.Interviewer.client.clientOrganization.organizationIndustry]
 |  |  |  +-BasicFetch [com.rts.tap.model.Interviewer.client.clientOrganization.organizationLogo]
 |  |  |  \-BasicFetch [com.rts.tap.model.Interviewer.client.clientOrganization.organizationName]
 |  |  +-EntityFetchJoinedImpl [com.rts.tap.model.Interviewer.client.clientPartner]
 |  |  |  +-EntityDelayedFetchImpl [com.rts.tap.model.Interviewer.client.clientPartner.businessUnit]
 |  |  |  +-BasicFetch [com.rts.tap.model.Interviewer.client.clientPartner.candidateId]
 |  |  |  +-BasicFetch [com.rts.tap.model.Interviewer.client.clientPartner.createdDate]
 |  |  |  +-DelayedCollectionFetch [com.rts.tap.model.Interviewer.client.clientPartner.documents]
 |  |  |  +-BasicFetch [com.rts.tap.model.Interviewer.client.clientPartner.employeeEmail]
 |  |  |  +-BasicFetch [com.rts.tap.model.Interviewer.client.clientPartner.employeeName]
 |  |  |  +-BasicFetch [com.rts.tap.model.Interviewer.client.clientPartner.employeeStatus]
 |  |  |  +-DelayedCollectionFetch [com.rts.tap.model.Interviewer.client.clientPartner.experience]
 |  |  |  +-DelayedCollectionFetch [com.rts.tap.model.Interviewer.client.clientPartner.familyDetails]
 |  |  |  +-BasicFetch [com.rts.tap.model.Interviewer.client.clientPartner.managerId]
 |  |  |  +-EntityDelayedFetchImpl [com.rts.tap.model.Interviewer.client.clientPartner.personalInfo]
 |  |  |  +-DelayedCollectionFetch [com.rts.tap.model.Interviewer.client.clientPartner.qualification]
 |  |  |  +-EntityDelayedFetchImpl [com.rts.tap.model.Interviewer.client.clientPartner.role]
 |  |  |  +-BasicFetch [com.rts.tap.model.Interviewer.client.clientPartner.updatedDate]
 |  |  |  \-BasicFetch [com.rts.tap.model.Interviewer.client.clientPartner.workLocation]
 |  |  +-BasicFetch [com.rts.tap.model.Interviewer.client.clientPosition]
 |  |  +-BasicFetch [com.rts.tap.model.Interviewer.client.clientStatus]
 |  |  +-BasicFetch [com.rts.tap.model.Interviewer.client.createdAt]
 |  |  +-BasicFetch [com.rts.tap.model.Interviewer.client.expirationTime]
 |  |  +-BasicFetch [com.rts.tap.model.Interviewer.client.otp]
 |  |  +-BasicFetch [com.rts.tap.model.Interviewer.client.password]
 |  |  +-BasicFetch [com.rts.tap.model.Interviewer.client.reason]
 |  |  \-EntityFetchJoinedImpl [com.rts.tap.model.Interviewer.client.thirdPartyCredentitals]
 |  |  |  +-BasicFetch [com.rts.tap.model.Interviewer.client.thirdPartyCredentitals.email]
 |  |  |  +-BasicFetch [com.rts.tap.model.Interviewer.client.thirdPartyCredentitals.expirationTime]
 |  |  |  +-BasicFetch [com.rts.tap.model.Interviewer.client.thirdPartyCredentitals.isPasswordChanged]
 |  |  |  +-BasicFetch [com.rts.tap.model.Interviewer.client.thirdPartyCredentitals.otp]
 |  |  |  +-BasicFetch [com.rts.tap.model.Interviewer.client.thirdPartyCredentitals.password]
 |  |  |  +-EntityFetchSelectImpl [com.rts.tap.model.Interviewer.client.thirdPartyCredentitals.role]
 |  |  |  \-BasicFetch [com.rts.tap.model.Interviewer.client.thirdPartyCredentitals.username]
 |  +-EntityFetchJoinedImpl [com.rts.tap.model.Interviewer.employee]
 |  |  +-EntityDelayedFetchImpl [com.rts.tap.model.Interviewer.employee.businessUnit]
 |  |  +-BasicFetch [com.rts.tap.model.Interviewer.employee.candidateId]
 |  |  +-BasicFetch [com.rts.tap.model.Interviewer.employee.createdDate]
 |  |  +-DelayedCollectionFetch [com.rts.tap.model.Interviewer.employee.documents]
 |  |  +-BasicFetch [com.rts.tap.model.Interviewer.employee.employeeEmail]
 |  |  +-BasicFetch [com.rts.tap.model.Interviewer.employee.employeeName]
 |  |  +-BasicFetch [com.rts.tap.model.Interviewer.employee.employeeStatus]
 |  |  +-DelayedCollectionFetch [com.rts.tap.model.Interviewer.employee.experience]
 |  |  +-DelayedCollectionFetch [com.rts.tap.model.Interviewer.employee.familyDetails]
 |  |  +-BasicFetch [com.rts.tap.model.Interviewer.employee.managerId]
 |  |  +-EntityDelayedFetchImpl [com.rts.tap.model.Interviewer.employee.personalInfo]
 |  |  +-DelayedCollectionFetch [com.rts.tap.model.Interviewer.employee.qualification]
 |  |  +-EntityDelayedFetchImpl [com.rts.tap.model.Interviewer.employee.role]
 |  |  +-BasicFetch [com.rts.tap.model.Interviewer.employee.updatedDate]
 |  |  \-BasicFetch [com.rts.tap.model.Interviewer.employee.workLocation]
 |  \-BasicFetch [com.rts.tap.model.Interviewer.status]

2025-02-03 12:08:31 [main] DEBUG org.hibernate.orm.sql.ast.tree - SQL AST Tree:
    SelectStatement {
      FromClause {
        StandardTableGroup (i1 : com.rts.tap.model.Interviewer) {
          primaryTableReference : interviewer as i1_0
          TableGroupJoins {
            left  join LazyTableGroup (c1 : com.rts.tap.model.Interviewer.client) {
              primaryTableReference : client_tbl as c1_0
              TableGroupJoins {
                left  join LazyTableGroup (co1 : com.rts.tap.model.Interviewer.client.clientOrganization) {
                  primaryTableReference : client_organization_tbl as co1_0
                }
                left  join LazyTableGroup (cp1 : com.rts.tap.model.Interviewer.client.clientPartner) {
                  primaryTableReference : employees as cp1_0
                  TableGroupJoins {
                    left  join LazyTableGroup (bu1 : com.rts.tap.model.Interviewer.client.clientPartner.businessUnit) {
                    }
                    left  join LazyTableGroup (pi1 : com.rts.tap.model.Interviewer.client.clientPartner.personalInfo) {
                    }
                    left  join LazyTableGroup (r1 : com.rts.tap.model.Interviewer.client.clientPartner.role) {
                    }
                  }
                }
                left  join LazyTableGroup (tpc1 : com.rts.tap.model.Interviewer.client.thirdPartyCredentitals) {
                  primaryTableReference : third_party_credentials as tpc1_0
                  TableGroupJoins {
                    left  join LazyTableGroup (r2 : com.rts.tap.model.Interviewer.client.thirdPartyCredentitals.role) {
                    }
                  }
                }
              }
            }
            left  join LazyTableGroup (e1 : com.rts.tap.model.Interviewer.employee) {
              primaryTableReference : employees as e1_0
              TableGroupJoins {
                left  join LazyTableGroup (bu2 : com.rts.tap.model.Interviewer.employee.businessUnit) {
                }
                left  join LazyTableGroup (pi2 : com.rts.tap.model.Interviewer.employee.personalInfo) {
                }
                left  join LazyTableGroup (r3 : com.rts.tap.model.Interviewer.employee.role) {
                }
              }
            }
          }
        }
      }
    }

2025-02-03 12:08:31 [main] DEBUG o.h.p.entity.AbstractEntityPersister - Static SQL for entity: com.rts.tap.model.Interviewer
2025-02-03 12:08:31 [main] DEBUG o.h.p.entity.AbstractEntityPersister -  Version select: select interviewer_id from interviewer where interviewer_id=?
2025-02-03 12:08:31 [main] DEBUG o.h.p.entity.AbstractEntityPersister -  Insert (0): insert into interviewer (client_client_id,employee_employee_id,status) values (?,?,?)
2025-02-03 12:08:31 [main] DEBUG o.h.p.entity.AbstractEntityPersister -  Update (0): update interviewer set client_client_id=?,employee_employee_id=?,status=? where interviewer_id=?
2025-02-03 12:08:31 [main] DEBUG o.h.p.entity.AbstractEntityPersister -  Delete (0): delete from interviewer where interviewer_id=?
2025-02-03 12:08:31 [main] DEBUG org.hibernate.orm.sql.ast.create - Created new SQL alias : r1_0
2025-02-03 12:08:31 [main] DEBUG org.hibernate.orm.sql.ast.create - Registration of TableGroup [StandardTableGroup(com.rts.tap.model.Requirement)] with identifierForTableGroup [com.rts.tap.model.Requirement] for NavigablePath [com.rts.tap.model.Requirement] 
2025-02-03 12:08:31 [main] DEBUG org.hibernate.orm.sql.ast.create - Registration of TableGroup [org.hibernate.sql.ast.tree.from.LazyTableGroup@1bd98c48] with identifierForTableGroup [com.rts.tap.model.Requirement.client] for NavigablePath [com.rts.tap.model.Requirement.client] 
2025-02-03 12:08:31 [main] DEBUG org.hibernate.orm.sql.ast.create - Created new SQL alias : c1_0
2025-02-03 12:08:31 [main] DEBUG org.hibernate.orm.sql.ast.create - Registration of TableGroup [org.hibernate.sql.ast.tree.from.LazyTableGroup@5d9ccad2] with identifierForTableGroup [com.rts.tap.model.Requirement.client.clientOrganization] for NavigablePath [com.rts.tap.model.Requirement.client.clientOrganization] 
2025-02-03 12:08:31 [main] DEBUG org.hibernate.orm.sql.ast.create - Created new SQL alias : co1_0
2025-02-03 12:08:31 [main] DEBUG org.hibernate.orm.sql.ast.create - Registration of TableGroup [org.hibernate.sql.ast.tree.from.LazyTableGroup@22fb60f3] with identifierForTableGroup [com.rts.tap.model.Requirement.client.clientPartner] for NavigablePath [com.rts.tap.model.Requirement.client.clientPartner] 
2025-02-03 12:08:31 [main] DEBUG org.hibernate.orm.sql.ast.create - Created new SQL alias : cp1_0
2025-02-03 12:08:31 [main] DEBUG org.hibernate.orm.sql.ast.create - Registration of TableGroup [org.hibernate.sql.ast.tree.from.LazyTableGroup@dd3d0a6] with identifierForTableGroup [com.rts.tap.model.Requirement.client.clientPartner.businessUnit] for NavigablePath [com.rts.tap.model.Requirement.client.clientPartner.businessUnit] 
2025-02-03 12:08:31 [main] DEBUG org.hibernate.orm.sql.ast.create - Registration of TableGroup [org.hibernate.sql.ast.tree.from.LazyTableGroup@5abfb698] with identifierForTableGroup [com.rts.tap.model.Requirement.client.clientPartner.personalInfo] for NavigablePath [com.rts.tap.model.Requirement.client.clientPartner.personalInfo] 
2025-02-03 12:08:31 [main] DEBUG org.hibernate.orm.sql.ast.create - Registration of TableGroup [org.hibernate.sql.ast.tree.from.LazyTableGroup@61ce2d47] with identifierForTableGroup [com.rts.tap.model.Requirement.client.clientPartner.role] for NavigablePath [com.rts.tap.model.Requirement.client.clientPartner.role] 
2025-02-03 12:08:31 [main] DEBUG org.hibernate.orm.sql.ast.create - Registration of TableGroup [org.hibernate.sql.ast.tree.from.LazyTableGroup@184b3575] with identifierForTableGroup [com.rts.tap.model.Requirement.client.thirdPartyCredentitals] for NavigablePath [com.rts.tap.model.Requirement.client.thirdPartyCredentitals] 
2025-02-03 12:08:31 [main] DEBUG org.hibernate.orm.sql.ast.create - Created new SQL alias : tpc1_0
2025-02-03 12:08:31 [main] DEBUG org.hibernate.orm.sql.ast.create - Registration of TableGroup [org.hibernate.sql.ast.tree.from.LazyTableGroup@b0e903a] with identifierForTableGroup [com.rts.tap.model.Requirement.client.thirdPartyCredentitals.role] for NavigablePath [com.rts.tap.model.Requirement.client.thirdPartyCredentitals.role] 
2025-02-03 12:08:31 [main] DEBUG org.hibernate.orm.results.graph.AST - DomainResult Graph:
 \-EntityResultImpl [com.rts.tap.model.Requirement]
 |  +-BasicFetch [com.rts.tap.model.Requirement.budget]
 |  +-EntityFetchJoinedImpl [com.rts.tap.model.Requirement.client]
 |  |  +-BasicFetch [com.rts.tap.model.Requirement.client.activationStatus]
 |  |  +-BasicFetch [com.rts.tap.model.Requirement.client.clientEmail]
 |  |  +-BasicFetch [com.rts.tap.model.Requirement.client.clientMobile]
 |  |  +-BasicFetch [com.rts.tap.model.Requirement.client.clientName]
 |  |  +-EntityFetchJoinedImpl [com.rts.tap.model.Requirement.client.clientOrganization]
 |  |  |  +-BasicFetch [com.rts.tap.model.Requirement.client.clientOrganization.organizationAddress]
 |  |  |  +-BasicFetch [com.rts.tap.model.Requirement.client.clientOrganization.organizationContactNumber]
 |  |  |  +-BasicFetch [com.rts.tap.model.Requirement.client.clientOrganization.organizationEmail]
 |  |  |  +-BasicFetch [com.rts.tap.model.Requirement.client.clientOrganization.organizationIndustry]
 |  |  |  +-BasicFetch [com.rts.tap.model.Requirement.client.clientOrganization.organizationLogo]
 |  |  |  \-BasicFetch [com.rts.tap.model.Requirement.client.clientOrganization.organizationName]
 |  |  +-EntityFetchJoinedImpl [com.rts.tap.model.Requirement.client.clientPartner]
 |  |  |  +-EntityDelayedFetchImpl [com.rts.tap.model.Requirement.client.clientPartner.businessUnit]
 |  |  |  +-BasicFetch [com.rts.tap.model.Requirement.client.clientPartner.candidateId]
 |  |  |  +-BasicFetch [com.rts.tap.model.Requirement.client.clientPartner.createdDate]
 |  |  |  +-DelayedCollectionFetch [com.rts.tap.model.Requirement.client.clientPartner.documents]
 |  |  |  +-BasicFetch [com.rts.tap.model.Requirement.client.clientPartner.employeeEmail]
 |  |  |  +-BasicFetch [com.rts.tap.model.Requirement.client.clientPartner.employeeName]
 |  |  |  +-BasicFetch [com.rts.tap.model.Requirement.client.clientPartner.employeeStatus]
 |  |  |  +-DelayedCollectionFetch [com.rts.tap.model.Requirement.client.clientPartner.experience]
 |  |  |  +-DelayedCollectionFetch [com.rts.tap.model.Requirement.client.clientPartner.familyDetails]
 |  |  |  +-BasicFetch [com.rts.tap.model.Requirement.client.clientPartner.managerId]
 |  |  |  +-EntityDelayedFetchImpl [com.rts.tap.model.Requirement.client.clientPartner.personalInfo]
 |  |  |  +-DelayedCollectionFetch [com.rts.tap.model.Requirement.client.clientPartner.qualification]
 |  |  |  +-EntityDelayedFetchImpl [com.rts.tap.model.Requirement.client.clientPartner.role]
 |  |  |  +-BasicFetch [com.rts.tap.model.Requirement.client.clientPartner.updatedDate]
 |  |  |  \-BasicFetch [com.rts.tap.model.Requirement.client.clientPartner.workLocation]
 |  |  +-BasicFetch [com.rts.tap.model.Requirement.client.clientPosition]
 |  |  +-BasicFetch [com.rts.tap.model.Requirement.client.clientStatus]
 |  |  +-BasicFetch [com.rts.tap.model.Requirement.client.createdAt]
 |  |  +-BasicFetch [com.rts.tap.model.Requirement.client.expirationTime]
 |  |  +-BasicFetch [com.rts.tap.model.Requirement.client.otp]
 |  |  +-BasicFetch [com.rts.tap.model.Requirement.client.password]
 |  |  +-BasicFetch [com.rts.tap.model.Requirement.client.reason]
 |  |  \-EntityFetchJoinedImpl [com.rts.tap.model.Requirement.client.thirdPartyCredentitals]
 |  |  |  +-BasicFetch [com.rts.tap.model.Requirement.client.thirdPartyCredentitals.email]
 |  |  |  +-BasicFetch [com.rts.tap.model.Requirement.client.thirdPartyCredentitals.expirationTime]
 |  |  |  +-BasicFetch [com.rts.tap.model.Requirement.client.thirdPartyCredentitals.isPasswordChanged]
 |  |  |  +-BasicFetch [com.rts.tap.model.Requirement.client.thirdPartyCredentitals.otp]
 |  |  |  +-BasicFetch [com.rts.tap.model.Requirement.client.thirdPartyCredentitals.password]
 |  |  |  +-EntityFetchSelectImpl [com.rts.tap.model.Requirement.client.thirdPartyCredentitals.role]
 |  |  |  \-BasicFetch [com.rts.tap.model.Requirement.client.thirdPartyCredentitals.username]
 |  +-BasicFetch [com.rts.tap.model.Requirement.createdAt]
 |  +-DelayedCollectionFetch [com.rts.tap.model.Requirement.subrequirement]
 |  +-BasicFetch [com.rts.tap.model.Requirement.timeline]
 |  \-BasicFetch [com.rts.tap.model.Requirement.totalRequiredResourceCount]

2025-02-03 12:08:31 [main] DEBUG org.hibernate.orm.sql.ast.tree - SQL AST Tree:
    SelectStatement {
      FromClause {
        StandardTableGroup (r1 : com.rts.tap.model.Requirement) {
          primaryTableReference : requirements as r1_0
          TableGroupJoins {
            left  join LazyTableGroup (c1 : com.rts.tap.model.Requirement.client) {
              primaryTableReference : client_tbl as c1_0
              TableGroupJoins {
                left  join LazyTableGroup (co1 : com.rts.tap.model.Requirement.client.clientOrganization) {
                  primaryTableReference : client_organization_tbl as co1_0
                }
                left  join LazyTableGroup (cp1 : com.rts.tap.model.Requirement.client.clientPartner) {
                  primaryTableReference : employees as cp1_0
                  TableGroupJoins {
                    left  join LazyTableGroup (bu1 : com.rts.tap.model.Requirement.client.clientPartner.businessUnit) {
                    }
                    left  join LazyTableGroup (pi1 : com.rts.tap.model.Requirement.client.clientPartner.personalInfo) {
                    }
                    left  join LazyTableGroup (r2 : com.rts.tap.model.Requirement.client.clientPartner.role) {
                    }
                  }
                }
                left  join LazyTableGroup (tpc1 : com.rts.tap.model.Requirement.client.thirdPartyCredentitals) {
                  primaryTableReference : third_party_credentials as tpc1_0
                  TableGroupJoins {
                    left  join LazyTableGroup (r3 : com.rts.tap.model.Requirement.client.thirdPartyCredentitals.role) {
                    }
                  }
                }
              }
            }
          }
        }
      }
    }

2025-02-03 12:08:31 [main] DEBUG o.h.p.entity.AbstractEntityPersister - Static SQL for entity: com.rts.tap.model.Requirement
2025-02-03 12:08:31 [main] DEBUG o.h.p.entity.AbstractEntityPersister -  Version select: select requirement_id from requirements where requirement_id=?
2025-02-03 12:08:31 [main] DEBUG o.h.p.entity.AbstractEntityPersister -  Insert (0): insert into requirements (budget,client_client_id,created_at,timeline,total_required_resource_count) values (?,?,?,?,?)
2025-02-03 12:08:31 [main] DEBUG o.h.p.entity.AbstractEntityPersister -  Update (0): update requirements set budget=?,client_client_id=?,timeline=?,total_required_resource_count=? where requirement_id=?
2025-02-03 12:08:31 [main] DEBUG o.h.p.entity.AbstractEntityPersister -  Delete (0): delete from requirements where requirement_id=?
2025-02-03 12:08:31 [main] DEBUG org.hibernate.orm.sql.ast.create - Created new SQL alias : cqb1_0
2025-02-03 12:08:31 [main] DEBUG org.hibernate.orm.sql.ast.create - Registration of TableGroup [StandardTableGroup(com.rts.tap.model.Candidate360QuestionBank)] with identifierForTableGroup [com.rts.tap.model.Candidate360QuestionBank] for NavigablePath [com.rts.tap.model.Candidate360QuestionBank] 
2025-02-03 12:08:31 [main] DEBUG org.hibernate.orm.results.graph.AST - DomainResult Graph:
 \-EntityResultImpl [com.rts.tap.model.Candidate360QuestionBank]
 |  +-BasicFetch [com.rts.tap.model.Candidate360QuestionBank.question]
 |  \-BasicFetch [com.rts.tap.model.Candidate360QuestionBank.type]

2025-02-03 12:08:31 [main] DEBUG org.hibernate.orm.sql.ast.tree - SQL AST Tree:
    SelectStatement {
      FromClause {
        StandardTableGroup (cqb1 : com.rts.tap.model.Candidate360QuestionBank) {
          primaryTableReference : candidate360question_bank as cqb1_0
        }
      }
    }

2025-02-03 12:08:31 [main] DEBUG o.h.p.entity.AbstractEntityPersister - Static SQL for entity: com.rts.tap.model.Candidate360QuestionBank
2025-02-03 12:08:31 [main] DEBUG o.h.p.entity.AbstractEntityPersister -  Version select: select candidate360question_bank_id from candidate360question_bank where candidate360question_bank_id=?
2025-02-03 12:08:31 [main] DEBUG o.h.p.entity.AbstractEntityPersister -  Insert (0): insert into candidate360question_bank (question,type) values (?,?)
2025-02-03 12:08:31 [main] DEBUG o.h.p.entity.AbstractEntityPersister -  Update (0): update candidate360question_bank set question=?,type=? where candidate360question_bank_id=?
2025-02-03 12:08:31 [main] DEBUG o.h.p.entity.AbstractEntityPersister -  Delete (0): delete from candidate360question_bank where candidate360question_bank_id=?
2025-02-03 12:08:31 [main] DEBUG org.hibernate.orm.sql.ast.create - Created new SQL alias : j1_0
2025-02-03 12:08:31 [main] DEBUG org.hibernate.orm.sql.ast.create - Registration of TableGroup [StandardTableGroup(com.rts.tap.model.Jobs)] with identifierForTableGroup [com.rts.tap.model.Jobs] for NavigablePath [com.rts.tap.model.Jobs] 
2025-02-03 12:08:31 [main] DEBUG org.hibernate.orm.results.graph.AST - DomainResult Graph:
 \-EntityResultImpl [com.rts.tap.model.Jobs]
 |  \-BasicFetch [com.rts.tap.model.Jobs.jobTitle]

2025-02-03 12:08:31 [main] DEBUG org.hibernate.orm.sql.ast.tree - SQL AST Tree:
    SelectStatement {
      FromClause {
        StandardTableGroup (j1 : com.rts.tap.model.Jobs) {
          primaryTableReference : job_titles as j1_0
        }
      }
    }

2025-02-03 12:08:31 [main] DEBUG o.h.p.entity.AbstractEntityPersister - Static SQL for entity: com.rts.tap.model.Jobs
2025-02-03 12:08:31 [main] DEBUG o.h.p.entity.AbstractEntityPersister -  Version select: select job_id from job_titles where job_id=?
2025-02-03 12:08:31 [main] DEBUG o.h.p.entity.AbstractEntityPersister -  Insert (0): insert into job_titles (job_title) values (?)
2025-02-03 12:08:31 [main] DEBUG o.h.p.entity.AbstractEntityPersister -  Update (0): update job_titles set job_title=? where job_id=?
2025-02-03 12:08:31 [main] DEBUG o.h.p.entity.AbstractEntityPersister -  Delete (0): delete from job_titles where job_id=?
2025-02-03 12:08:31 [main] DEBUG org.hibernate.orm.sql.ast.create - Created new SQL alias : v1_0
2025-02-03 12:08:31 [main] DEBUG org.hibernate.orm.sql.ast.create - Registration of TableGroup [StandardTableGroup(com.rts.tap.model.Vendor)] with identifierForTableGroup [com.rts.tap.model.Vendor] for NavigablePath [com.rts.tap.model.Vendor] 
2025-02-03 12:08:31 [main] DEBUG org.hibernate.orm.sql.ast.create - Registration of TableGroup [org.hibernate.sql.ast.tree.from.LazyTableGroup@2c7e2c5] with identifierForTableGroup [com.rts.tap.model.Vendor.thirdPartyCredentitals] for NavigablePath [com.rts.tap.model.Vendor.thirdPartyCredentitals] 
2025-02-03 12:08:31 [main] DEBUG org.hibernate.orm.sql.ast.create - Created new SQL alias : tpc1_0
2025-02-03 12:08:31 [main] DEBUG org.hibernate.orm.sql.ast.create - Registration of TableGroup [org.hibernate.sql.ast.tree.from.LazyTableGroup@39bbe17c] with identifierForTableGroup [com.rts.tap.model.Vendor.thirdPartyCredentitals.role] for NavigablePath [com.rts.tap.model.Vendor.thirdPartyCredentitals.role] 
2025-02-03 12:08:31 [main] DEBUG org.hibernate.orm.sql.ast.create - Created new SQL alias : r1_0
2025-02-03 12:08:31 [main] DEBUG org.hibernate.orm.results.graph.AST - DomainResult Graph:
 \-EntityResultImpl [com.rts.tap.model.Vendor]
 |  +-BasicFetch [com.rts.tap.model.Vendor.address]
 |  +-BasicFetch [com.rts.tap.model.Vendor.contactName]
 |  +-BasicFetch [com.rts.tap.model.Vendor.contactNumber]
 |  +-BasicFetch [com.rts.tap.model.Vendor.isPasswordChanged]
 |  +-BasicFetch [com.rts.tap.model.Vendor.organizationName]
 |  +-BasicFetch [com.rts.tap.model.Vendor.taxIdentifyNumber]
 |  +-EntityFetchJoinedImpl [com.rts.tap.model.Vendor.thirdPartyCredentitals]
 |  |  +-BasicFetch [com.rts.tap.model.Vendor.thirdPartyCredentitals.email]
 |  |  +-BasicFetch [com.rts.tap.model.Vendor.thirdPartyCredentitals.expirationTime]
 |  |  +-BasicFetch [com.rts.tap.model.Vendor.thirdPartyCredentitals.isPasswordChanged]
 |  |  +-BasicFetch [com.rts.tap.model.Vendor.thirdPartyCredentitals.otp]
 |  |  +-BasicFetch [com.rts.tap.model.Vendor.thirdPartyCredentitals.password]
 |  |  +-EntityFetchJoinedImpl [com.rts.tap.model.Vendor.thirdPartyCredentitals.role]
 |  |  |  \-BasicFetch [com.rts.tap.model.Vendor.thirdPartyCredentitals.role.role]
 |  |  \-BasicFetch [com.rts.tap.model.Vendor.thirdPartyCredentitals.username]
 |  +-BasicFetch [com.rts.tap.model.Vendor.vendorOrganizationLogo]
 |  \-BasicFetch [com.rts.tap.model.Vendor.websiteUrl]

2025-02-03 12:08:31 [main] DEBUG org.hibernate.orm.sql.ast.tree - SQL AST Tree:
    SelectStatement {
      FromClause {
        StandardTableGroup (v1 : com.rts.tap.model.Vendor) {
          primaryTableReference : vendors as v1_0
          TableGroupJoins {
            left  join LazyTableGroup (tpc1 : com.rts.tap.model.Vendor.thirdPartyCredentitals) {
              primaryTableReference : third_party_credentials as tpc1_0
              TableGroupJoins {
                left  join LazyTableGroup (r1 : com.rts.tap.model.Vendor.thirdPartyCredentitals.role) {
                  primaryTableReference : third_party_role as r1_0
                }
              }
            }
          }
        }
      }
    }

2025-02-03 12:08:31 [main] DEBUG o.h.p.entity.AbstractEntityPersister - Static SQL for entity: com.rts.tap.model.Vendor
2025-02-03 12:08:31 [main] DEBUG o.h.p.entity.AbstractEntityPersister -  Version select: select vendor_id from vendors where vendor_id=?
2025-02-03 12:08:31 [main] DEBUG o.h.p.entity.AbstractEntityPersister -  Insert (0): insert into vendors (address,contact_name,contact_number,is_password_changed,organization_name,tax_identify_number,third_party_credentitals_third_party_credentials_id,vendor_organization_logo,website_url) values (?,?,?,?,?,?,?,?,?)
2025-02-03 12:08:31 [main] DEBUG o.h.p.entity.AbstractEntityPersister -  Update (0): update vendors set address=?,contact_name=?,contact_number=?,is_password_changed=?,organization_name=?,tax_identify_number=?,third_party_credentitals_third_party_credentials_id=?,vendor_organization_logo=?,website_url=? where vendor_id=?
2025-02-03 12:08:31 [main] DEBUG o.h.p.entity.AbstractEntityPersister -  Delete (0): delete from vendors where vendor_id=?
2025-02-03 12:08:31 [main] DEBUG org.hibernate.orm.sql.ast.create - Created new SQL alias : oa1_0
2025-02-03 12:08:31 [main] DEBUG org.hibernate.orm.sql.ast.create - Registration of TableGroup [StandardTableGroup(com.rts.tap.model.OfferApproval)] with identifierForTableGroup [com.rts.tap.model.OfferApproval] for NavigablePath [com.rts.tap.model.OfferApproval] 
2025-02-03 12:08:31 [main] DEBUG org.hibernate.orm.sql.ast.create - Registration of TableGroup [org.hibernate.sql.ast.tree.from.LazyTableGroup@73032867] with identifierForTableGroup [com.rts.tap.model.OfferApproval.approverLevel] for NavigablePath [com.rts.tap.model.OfferApproval.approverLevel] 
2025-02-03 12:08:31 [main] DEBUG org.hibernate.orm.sql.ast.create - Created new SQL alias : al1_0
2025-02-03 12:08:31 [main] DEBUG org.hibernate.orm.sql.ast.create - Registration of TableGroup [org.hibernate.sql.ast.tree.from.LazyTableGroup@4e6f3d08] with identifierForTableGroup [com.rts.tap.model.OfferApproval.approverLevel.employee] for NavigablePath [com.rts.tap.model.OfferApproval.approverLevel.employee] 
2025-02-03 12:08:31 [main] DEBUG org.hibernate.orm.sql.ast.create - Created new SQL alias : e1_0
2025-02-03 12:08:31 [main] DEBUG org.hibernate.orm.sql.ast.create - Registration of TableGroup [org.hibernate.sql.ast.tree.from.LazyTableGroup@28b995b8] with identifierForTableGroup [com.rts.tap.model.OfferApproval.approverLevel.employee.businessUnit] for NavigablePath [com.rts.tap.model.OfferApproval.approverLevel.employee.businessUnit] 
2025-02-03 12:08:31 [main] DEBUG org.hibernate.orm.sql.ast.create - Registration of TableGroup [org.hibernate.sql.ast.tree.from.LazyTableGroup@18f6ccf4] with identifierForTableGroup [com.rts.tap.model.OfferApproval.approverLevel.employee.personalInfo] for NavigablePath [com.rts.tap.model.OfferApproval.approverLevel.employee.personalInfo] 
2025-02-03 12:08:31 [main] DEBUG org.hibernate.orm.sql.ast.create - Registration of TableGroup [org.hibernate.sql.ast.tree.from.LazyTableGroup@72dc9f9d] with identifierForTableGroup [com.rts.tap.model.OfferApproval.approverLevel.employee.role] for NavigablePath [com.rts.tap.model.OfferApproval.approverLevel.employee.role] 
2025-02-03 12:08:31 [main] DEBUG org.hibernate.orm.sql.ast.create - Registration of TableGroup [org.hibernate.sql.ast.tree.from.LazyTableGroup@45ec6bb3] with identifierForTableGroup [com.rts.tap.model.OfferApproval.approverLevel.mrf] for NavigablePath [com.rts.tap.model.OfferApproval.approverLevel.mrf] 
2025-02-03 12:08:31 [main] DEBUG org.hibernate.orm.sql.ast.create - Created new SQL alias : m1_0
2025-02-03 12:08:31 [main] DEBUG org.hibernate.orm.sql.ast.create - Registration of TableGroup [org.hibernate.sql.ast.tree.from.LazyTableGroup@219c32e3] with identifierForTableGroup [com.rts.tap.model.OfferApproval.approverLevel.mrf.businessUnitHead] for NavigablePath [com.rts.tap.model.OfferApproval.approverLevel.mrf.businessUnitHead] 
2025-02-03 12:08:31 [main] DEBUG org.hibernate.orm.sql.ast.create - Registration of TableGroup [org.hibernate.sql.ast.tree.from.LazyTableGroup@fa3db48] with identifierForTableGroup [com.rts.tap.model.OfferApproval.approverLevel.mrf.clientPartner] for NavigablePath [com.rts.tap.model.OfferApproval.approverLevel.mrf.clientPartner] 
2025-02-03 12:08:31 [main] DEBUG org.hibernate.orm.sql.ast.create - Registration of TableGroup [org.hibernate.sql.ast.tree.from.LazyTableGroup@19158d56] with identifierForTableGroup [com.rts.tap.model.OfferApproval.approverLevel.mrf.mrfAgreement] for NavigablePath [com.rts.tap.model.OfferApproval.approverLevel.mrf.mrfAgreement] 
2025-02-03 12:08:31 [main] DEBUG org.hibernate.orm.sql.ast.create - Registration of TableGroup [org.hibernate.sql.ast.tree.from.LazyTableGroup@3f02dc34] with identifierForTableGroup [com.rts.tap.model.OfferApproval.approverLevel.mrf.mrfCriteria] for NavigablePath [com.rts.tap.model.OfferApproval.approverLevel.mrf.mrfCriteria] 
2025-02-03 12:08:31 [main] DEBUG org.hibernate.orm.sql.ast.create - Registration of TableGroup [org.hibernate.sql.ast.tree.from.LazyTableGroup@7f49fa1d] with identifierForTableGroup [com.rts.tap.model.OfferApproval.approverLevel.mrf.mrfJd] for NavigablePath [com.rts.tap.model.OfferApproval.approverLevel.mrf.mrfJd] 
2025-02-03 12:08:31 [main] DEBUG org.hibernate.orm.sql.ast.create - Registration of TableGroup [org.hibernate.sql.ast.tree.from.LazyTableGroup@6e211727] with identifierForTableGroup [com.rts.tap.model.OfferApproval.approverLevel.mrf.mrfStatus] for NavigablePath [com.rts.tap.model.OfferApproval.approverLevel.mrf.mrfStatus] 
2025-02-03 12:08:31 [main] DEBUG org.hibernate.orm.sql.ast.create - Registration of TableGroup [org.hibernate.sql.ast.tree.from.LazyTableGroup@5b6b5888] with identifierForTableGroup [com.rts.tap.model.OfferApproval.approverLevel.mrf.requirement] for NavigablePath [com.rts.tap.model.OfferApproval.approverLevel.mrf.requirement] 
2025-02-03 12:08:31 [main] DEBUG org.hibernate.orm.sql.ast.create - Registration of TableGroup [org.hibernate.sql.ast.tree.from.LazyTableGroup@72a1ccad] with identifierForTableGroup [com.rts.tap.model.OfferApproval.approverLevel.mrf.subRequirements] for NavigablePath [com.rts.tap.model.OfferApproval.approverLevel.mrf.subRequirements] 
2025-02-03 12:08:31 [main] DEBUG org.hibernate.orm.sql.ast.create - Registration of TableGroup [org.hibernate.sql.ast.tree.from.LazyTableGroup@420849f6] with identifierForTableGroup [com.rts.tap.model.OfferApproval.offer] for NavigablePath [com.rts.tap.model.OfferApproval.offer] 
2025-02-03 12:08:31 [main] DEBUG org.hibernate.orm.sql.ast.create - Created new SQL alias : o1_0
2025-02-03 12:08:31 [main] DEBUG org.hibernate.orm.sql.ast.create - Registration of TableGroup [org.hibernate.sql.ast.tree.from.LazyTableGroup@24f6f6bf] with identifierForTableGroup [com.rts.tap.model.OfferApproval.offer.candidate] for NavigablePath [com.rts.tap.model.OfferApproval.offer.candidate] 
2025-02-03 12:08:31 [main] DEBUG org.hibernate.orm.sql.ast.create - Created new SQL alias : c1_0
2025-02-03 12:08:31 [main] DEBUG org.hibernate.orm.sql.ast.create - Registration of TableGroup [org.hibernate.sql.ast.tree.from.LazyTableGroup@255845b1] with identifierForTableGroup [com.rts.tap.model.OfferApproval.offer.candidate.credentials] for NavigablePath [com.rts.tap.model.OfferApproval.offer.candidate.credentials] 
2025-02-03 12:08:31 [main] DEBUG org.hibernate.orm.sql.ast.create - Registration of TableGroup [org.hibernate.sql.ast.tree.from.LazyTableGroup@59e02113] with identifierForTableGroup [com.rts.tap.model.OfferApproval.offer.candidate.documents] for NavigablePath [com.rts.tap.model.OfferApproval.offer.candidate.documents] 
2025-02-03 12:08:31 [main] DEBUG org.hibernate.orm.sql.ast.create - Registration of TableGroup [org.hibernate.sql.ast.tree.from.LazyTableGroup@59a79420] with identifierForTableGroup [com.rts.tap.model.OfferApproval.offer.mrf] for NavigablePath [com.rts.tap.model.OfferApproval.offer.mrf] 
2025-02-03 12:08:31 [main] DEBUG org.hibernate.orm.sql.ast.create - Created new SQL alias : m2_0
2025-02-03 12:08:31 [main] DEBUG org.hibernate.orm.sql.ast.create - Registration of TableGroup [org.hibernate.sql.ast.tree.from.LazyTableGroup@4a77d2a5] with identifierForTableGroup [com.rts.tap.model.OfferApproval.offer.mrf.businessUnitHead] for NavigablePath [com.rts.tap.model.OfferApproval.offer.mrf.businessUnitHead] 
2025-02-03 12:08:31 [main] DEBUG org.hibernate.orm.sql.ast.create - Registration of TableGroup [org.hibernate.sql.ast.tree.from.LazyTableGroup@2de57397] with identifierForTableGroup [com.rts.tap.model.OfferApproval.offer.mrf.clientPartner] for NavigablePath [com.rts.tap.model.OfferApproval.offer.mrf.clientPartner] 
2025-02-03 12:08:31 [main] DEBUG org.hibernate.orm.sql.ast.create - Registration of TableGroup [org.hibernate.sql.ast.tree.from.LazyTableGroup@75552781] with identifierForTableGroup [com.rts.tap.model.OfferApproval.offer.mrf.mrfAgreement] for NavigablePath [com.rts.tap.model.OfferApproval.offer.mrf.mrfAgreement] 
2025-02-03 12:08:31 [main] DEBUG org.hibernate.orm.sql.ast.create - Registration of TableGroup [org.hibernate.sql.ast.tree.from.LazyTableGroup@1036bb9f] with identifierForTableGroup [com.rts.tap.model.OfferApproval.offer.mrf.mrfCriteria] for NavigablePath [com.rts.tap.model.OfferApproval.offer.mrf.mrfCriteria] 
2025-02-03 12:08:31 [main] DEBUG org.hibernate.orm.sql.ast.create - Registration of TableGroup [org.hibernate.sql.ast.tree.from.LazyTableGroup@64a0a1c6] with identifierForTableGroup [com.rts.tap.model.OfferApproval.offer.mrf.mrfJd] for NavigablePath [com.rts.tap.model.OfferApproval.offer.mrf.mrfJd] 
2025-02-03 12:08:31 [main] DEBUG org.hibernate.orm.sql.ast.create - Registration of TableGroup [org.hibernate.sql.ast.tree.from.LazyTableGroup@62df1f0e] with identifierForTableGroup [com.rts.tap.model.OfferApproval.offer.mrf.mrfStatus] for NavigablePath [com.rts.tap.model.OfferApproval.offer.mrf.mrfStatus] 
2025-02-03 12:08:31 [main] DEBUG org.hibernate.orm.sql.ast.create - Registration of TableGroup [org.hibernate.sql.ast.tree.from.LazyTableGroup@3e6a55fb] with identifierForTableGroup [com.rts.tap.model.OfferApproval.offer.mrf.requirement] for NavigablePath [com.rts.tap.model.OfferApproval.offer.mrf.requirement] 
2025-02-03 12:08:31 [main] DEBUG org.hibernate.orm.sql.ast.create - Registration of TableGroup [org.hibernate.sql.ast.tree.from.LazyTableGroup@1b25ebea] with identifierForTableGroup [com.rts.tap.model.OfferApproval.offer.mrf.subRequirements] for NavigablePath [com.rts.tap.model.OfferApproval.offer.mrf.subRequirements] 
2025-02-03 12:08:31 [main] DEBUG org.hibernate.orm.results.graph.AST - DomainResult Graph:
 \-EntityResultImpl [com.rts.tap.model.OfferApproval]
 |  +-BasicFetch [com.rts.tap.model.OfferApproval.Reason]
 |  +-EntityFetchJoinedImpl [com.rts.tap.model.OfferApproval.approverLevel]
 |  |  +-EntityFetchJoinedImpl [com.rts.tap.model.OfferApproval.approverLevel.employee]
 |  |  |  +-EntityDelayedFetchImpl [com.rts.tap.model.OfferApproval.approverLevel.employee.businessUnit]
 |  |  |  +-BasicFetch [com.rts.tap.model.OfferApproval.approverLevel.employee.candidateId]
 |  |  |  +-BasicFetch [com.rts.tap.model.OfferApproval.approverLevel.employee.createdDate]
 |  |  |  +-DelayedCollectionFetch [com.rts.tap.model.OfferApproval.approverLevel.employee.documents]
 |  |  |  +-BasicFetch [com.rts.tap.model.OfferApproval.approverLevel.employee.employeeEmail]
 |  |  |  +-BasicFetch [com.rts.tap.model.OfferApproval.approverLevel.employee.employeeName]
 |  |  |  +-BasicFetch [com.rts.tap.model.OfferApproval.approverLevel.employee.employeeStatus]
 |  |  |  +-DelayedCollectionFetch [com.rts.tap.model.OfferApproval.approverLevel.employee.experience]
 |  |  |  +-DelayedCollectionFetch [com.rts.tap.model.OfferApproval.approverLevel.employee.familyDetails]
 |  |  |  +-BasicFetch [com.rts.tap.model.OfferApproval.approverLevel.employee.managerId]
 |  |  |  +-EntityDelayedFetchImpl [com.rts.tap.model.OfferApproval.approverLevel.employee.personalInfo]
 |  |  |  +-DelayedCollectionFetch [com.rts.tap.model.OfferApproval.approverLevel.employee.qualification]
 |  |  |  +-EntityDelayedFetchImpl [com.rts.tap.model.OfferApproval.approverLevel.employee.role]
 |  |  |  +-BasicFetch [com.rts.tap.model.OfferApproval.approverLevel.employee.updatedDate]
 |  |  |  \-BasicFetch [com.rts.tap.model.OfferApproval.approverLevel.employee.workLocation]
 |  |  +-BasicFetch [com.rts.tap.model.OfferApproval.approverLevel.level]
 |  |  \-EntityFetchJoinedImpl [com.rts.tap.model.OfferApproval.approverLevel.mrf]
 |  |  |  +-EntityFetchSelectImpl [com.rts.tap.model.OfferApproval.approverLevel.mrf.businessUnitHead]
 |  |  |  +-EntityFetchSelectImpl [com.rts.tap.model.OfferApproval.approverLevel.mrf.clientPartner]
 |  |  |  +-BasicFetch [com.rts.tap.model.OfferApproval.approverLevel.mrf.createdAt]
 |  |  |  +-EntityFetchSelectImpl [com.rts.tap.model.OfferApproval.approverLevel.mrf.mrfAgreement]
 |  |  |  +-EntityFetchSelectImpl [com.rts.tap.model.OfferApproval.approverLevel.mrf.mrfCriteria]
 |  |  |  +-BasicFetch [com.rts.tap.model.OfferApproval.approverLevel.mrf.mrfDepartmentName]
 |  |  |  +-EntityFetchSelectImpl [com.rts.tap.model.OfferApproval.approverLevel.mrf.mrfJd]
 |  |  |  +-BasicFetch [com.rts.tap.model.OfferApproval.approverLevel.mrf.mrfRequiredTechnology]
 |  |  |  +-EntityFetchSelectImpl [com.rts.tap.model.OfferApproval.approverLevel.mrf.mrfStatus]
 |  |  |  +-BasicFetch [com.rts.tap.model.OfferApproval.approverLevel.mrf.probableDesignation]
 |  |  |  +-BasicFetch [com.rts.tap.model.OfferApproval.approverLevel.mrf.requiredResourceCount]
 |  |  |  +-BasicFetch [com.rts.tap.model.OfferApproval.approverLevel.mrf.requiredSkills]
 |  |  |  +-EntityFetchSelectImpl [com.rts.tap.model.OfferApproval.approverLevel.mrf.requirement]
 |  |  |  +-EntityFetchSelectImpl [com.rts.tap.model.OfferApproval.approverLevel.mrf.subRequirements]
 |  |  |  \-BasicFetch [com.rts.tap.model.OfferApproval.approverLevel.mrf.updatedAt]
 |  +-EntityFetchJoinedImpl [com.rts.tap.model.OfferApproval.offer]
 |  |  +-EntityFetchJoinedImpl [com.rts.tap.model.OfferApproval.offer.candidate]
 |  |  |  +-BasicFetch [com.rts.tap.model.OfferApproval.offer.candidate.Education]
 |  |  |  +-DelayedCollectionFetch [com.rts.tap.model.OfferApproval.offer.candidate.MrfJd]
 |  |  |  +-BasicFetch [com.rts.tap.model.OfferApproval.offer.candidate.assignedAt]
 |  |  |  +-BasicFetch [com.rts.tap.model.OfferApproval.offer.candidate.candidate360Id]
 |  |  |  +-BasicFetch [com.rts.tap.model.OfferApproval.offer.candidate.candidateProfileImage]
 |  |  |  +-DelayedCollectionFetch [com.rts.tap.model.OfferApproval.offer.candidate.certifications]
 |  |  |  +-EntityFetchSelectImpl [com.rts.tap.model.OfferApproval.offer.candidate.credentials]
 |  |  |  +-BasicFetch [com.rts.tap.model.OfferApproval.offer.candidate.currentCTC]
 |  |  |  +-BasicFetch [com.rts.tap.model.OfferApproval.offer.candidate.currentCompany]
 |  |  |  +-BasicFetch [com.rts.tap.model.OfferApproval.offer.candidate.currentLocation]
 |  |  |  +-EntityDelayedFetchImpl [com.rts.tap.model.OfferApproval.offer.candidate.documents]
 |  |  |  +-BasicFetch [com.rts.tap.model.OfferApproval.offer.candidate.email]
 |  |  |  +-BasicFetch [com.rts.tap.model.OfferApproval.offer.candidate.employementMode]
 |  |  |  +-BasicFetch [com.rts.tap.model.OfferApproval.offer.candidate.expectedCTC]
 |  |  |  +-BasicFetch [com.rts.tap.model.OfferApproval.offer.candidate.firstName]
 |  |  |  +-BasicFetch [com.rts.tap.model.OfferApproval.offer.candidate.gender]
 |  |  |  +-BasicFetch [com.rts.tap.model.OfferApproval.offer.candidate.isMatchingMrf]
 |  |  |  +-BasicFetch [com.rts.tap.model.OfferApproval.offer.candidate.isPasswordChanged]
 |  |  |  +-BasicFetch [com.rts.tap.model.OfferApproval.offer.candidate.lastName]
 |  |  |  +-BasicFetch [com.rts.tap.model.OfferApproval.offer.candidate.location]
 |  |  |  +-BasicFetch [com.rts.tap.model.OfferApproval.offer.candidate.mobileNumber]
 |  |  |  +-BasicFetch [com.rts.tap.model.OfferApproval.offer.candidate.noticePeriod]
 |  |  |  +-BasicFetch [com.rts.tap.model.OfferApproval.offer.candidate.panNumber]
 |  |  |  +-BasicFetch [com.rts.tap.model.OfferApproval.offer.candidate.password]
 |  |  |  +-BasicFetch [com.rts.tap.model.OfferApproval.offer.candidate.previousRole]
 |  |  |  +-BasicFetch [com.rts.tap.model.OfferApproval.offer.candidate.relevantExperience]
 |  |  |  +-BasicFetch [com.rts.tap.model.OfferApproval.offer.candidate.relocate]
 |  |  |  +-BasicFetch [com.rts.tap.model.OfferApproval.offer.candidate.resume]
 |  |  |  +-BasicFetch [com.rts.tap.model.OfferApproval.offer.candidate.skill]
 |  |  |  +-BasicFetch [com.rts.tap.model.OfferApproval.offer.candidate.source]
 |  |  |  +-BasicFetch [com.rts.tap.model.OfferApproval.offer.candidate.sourceId]
 |  |  |  +-BasicFetch [com.rts.tap.model.OfferApproval.offer.candidate.status]
 |  |  |  +-BasicFetch [com.rts.tap.model.OfferApproval.offer.candidate.totalExperience]
 |  |  |  \-BasicFetch [com.rts.tap.model.OfferApproval.offer.candidate.visaDetails]
 |  |  +-BasicFetch [com.rts.tap.model.OfferApproval.offer.candidateReason]
 |  |  +-BasicFetch [com.rts.tap.model.OfferApproval.offer.candidateStatus]
 |  |  +-BasicFetch [com.rts.tap.model.OfferApproval.offer.createDate]
 |  |  +-BasicFetch [com.rts.tap.model.OfferApproval.offer.isBuHeadApproved]
 |  |  +-BasicFetch [com.rts.tap.model.OfferApproval.offer.joiningDate]
 |  |  +-EntityFetchJoinedImpl [com.rts.tap.model.OfferApproval.offer.mrf]
 |  |  |  +-EntityFetchSelectImpl [com.rts.tap.model.OfferApproval.offer.mrf.businessUnitHead]
 |  |  |  +-EntityFetchSelectImpl [com.rts.tap.model.OfferApproval.offer.mrf.clientPartner]
 |  |  |  +-BasicFetch [com.rts.tap.model.OfferApproval.offer.mrf.createdAt]
 |  |  |  +-EntityFetchSelectImpl [com.rts.tap.model.OfferApproval.offer.mrf.mrfAgreement]
 |  |  |  +-EntityFetchSelectImpl [com.rts.tap.model.OfferApproval.offer.mrf.mrfCriteria]
 |  |  |  +-BasicFetch [com.rts.tap.model.OfferApproval.offer.mrf.mrfDepartmentName]
 |  |  |  +-EntityFetchSelectImpl [com.rts.tap.model.OfferApproval.offer.mrf.mrfJd]
 |  |  |  +-BasicFetch [com.rts.tap.model.OfferApproval.offer.mrf.mrfRequiredTechnology]
 |  |  |  +-EntityFetchSelectImpl [com.rts.tap.model.OfferApproval.offer.mrf.mrfStatus]
 |  |  |  +-BasicFetch [com.rts.tap.model.OfferApproval.offer.mrf.probableDesignation]
 |  |  |  +-BasicFetch [com.rts.tap.model.OfferApproval.offer.mrf.requiredResourceCount]
 |  |  |  +-BasicFetch [com.rts.tap.model.OfferApproval.offer.mrf.requiredSkills]
 |  |  |  +-EntityFetchSelectImpl [com.rts.tap.model.OfferApproval.offer.mrf.requirement]
 |  |  |  +-EntityFetchSelectImpl [com.rts.tap.model.OfferApproval.offer.mrf.subRequirements]
 |  |  |  \-BasicFetch [com.rts.tap.model.OfferApproval.offer.mrf.updatedAt]
 |  |  +-BasicFetch [com.rts.tap.model.OfferApproval.offer.offerLetter]
 |  |  \-BasicFetch [com.rts.tap.model.OfferApproval.offer.offerPackage]
 |  \-BasicFetch [com.rts.tap.model.OfferApproval.status]

2025-02-03 12:08:31 [main] DEBUG org.hibernate.orm.sql.ast.tree - SQL AST Tree:
    SelectStatement {
      FromClause {
        StandardTableGroup (oa1 : com.rts.tap.model.OfferApproval) {
          primaryTableReference : offer_approval as oa1_0
          TableGroupJoins {
            left  join LazyTableGroup (al1 : com.rts.tap.model.OfferApproval.approverLevel) {
              primaryTableReference : approver_level as al1_0
              TableGroupJoins {
                left  join LazyTableGroup (e1 : com.rts.tap.model.OfferApproval.approverLevel.employee) {
                  primaryTableReference : employees as e1_0
                  TableGroupJoins {
                    left  join LazyTableGroup (bu1 : com.rts.tap.model.OfferApproval.approverLevel.employee.businessUnit) {
                    }
                    left  join LazyTableGroup (pi1 : com.rts.tap.model.OfferApproval.approverLevel.employee.personalInfo) {
                    }
                    left  join LazyTableGroup (r1 : com.rts.tap.model.OfferApproval.approverLevel.employee.role) {
                    }
                  }
                }
                left  join LazyTableGroup (m1 : com.rts.tap.model.OfferApproval.approverLevel.mrf) {
                  primaryTableReference : mrf_table as m1_0
                  TableGroupJoins {
                    left  join LazyTableGroup (buh1 : com.rts.tap.model.OfferApproval.approverLevel.mrf.businessUnitHead) {
                    }
                    left  join LazyTableGroup (cp1 : com.rts.tap.model.OfferApproval.approverLevel.mrf.clientPartner) {
                    }
                    left  join LazyTableGroup (ma1 : com.rts.tap.model.OfferApproval.approverLevel.mrf.mrfAgreement) {
                    }
                    left  join LazyTableGroup (mc1 : com.rts.tap.model.OfferApproval.approverLevel.mrf.mrfCriteria) {
                    }
                    left  join LazyTableGroup (mj1 : com.rts.tap.model.OfferApproval.approverLevel.mrf.mrfJd) {
                    }
                    left  join LazyTableGroup (ms1 : com.rts.tap.model.OfferApproval.approverLevel.mrf.mrfStatus) {
                    }
                    left  join LazyTableGroup (r2 : com.rts.tap.model.OfferApproval.approverLevel.mrf.requirement) {
                    }
                    left  join LazyTableGroup (sr1 : com.rts.tap.model.OfferApproval.approverLevel.mrf.subRequirements) {
                    }
                  }
                }
              }
            }
            left  join LazyTableGroup (o1 : com.rts.tap.model.OfferApproval.offer) {
              primaryTableReference : offer as o1_0
              TableGroupJoins {
                left  join LazyTableGroup (c1 : com.rts.tap.model.OfferApproval.offer.candidate) {
                  primaryTableReference : candidate as c1_0
                  TableGroupJoins {
                    left  join LazyTableGroup (c2 : com.rts.tap.model.OfferApproval.offer.candidate.credentials) {
                    }
                    left  join LazyTableGroup (d1 : com.rts.tap.model.OfferApproval.offer.candidate.documents) {
                    }
                  }
                }
                left  join LazyTableGroup (m2 : com.rts.tap.model.OfferApproval.offer.mrf) {
                  primaryTableReference : mrf_table as m2_0
                  TableGroupJoins {
                    left  join LazyTableGroup (buh2 : com.rts.tap.model.OfferApproval.offer.mrf.businessUnitHead) {
                    }
                    left  join LazyTableGroup (cp2 : com.rts.tap.model.OfferApproval.offer.mrf.clientPartner) {
                    }
                    left  join LazyTableGroup (ma2 : com.rts.tap.model.OfferApproval.offer.mrf.mrfAgreement) {
                    }
                    left  join LazyTableGroup (mc2 : com.rts.tap.model.OfferApproval.offer.mrf.mrfCriteria) {
                    }
                    left  join LazyTableGroup (mj2 : com.rts.tap.model.OfferApproval.offer.mrf.mrfJd) {
                    }
                    left  join LazyTableGroup (ms2 : com.rts.tap.model.OfferApproval.offer.mrf.mrfStatus) {
                    }
                    left  join LazyTableGroup (r3 : com.rts.tap.model.OfferApproval.offer.mrf.requirement) {
                    }
                    left  join LazyTableGroup (sr2 : com.rts.tap.model.OfferApproval.offer.mrf.subRequirements) {
                    }
                  }
                }
              }
            }
          }
        }
      }
    }

2025-02-03 12:08:31 [main] DEBUG o.h.p.entity.AbstractEntityPersister - Static SQL for entity: com.rts.tap.model.OfferApproval
2025-02-03 12:08:31 [main] DEBUG o.h.p.entity.AbstractEntityPersister -  Version select: select offer_approval_id from offer_approval where offer_approval_id=?
2025-02-03 12:08:31 [main] DEBUG o.h.p.entity.AbstractEntityPersister -  Insert (0): insert into offer_approval (reason,approver_level_approver_id,offer_offer_id,status) values (?,?,?,?)
2025-02-03 12:08:31 [main] DEBUG o.h.p.entity.AbstractEntityPersister -  Update (0): update offer_approval set reason=?,approver_level_approver_id=?,offer_offer_id=?,status=? where offer_approval_id=?
2025-02-03 12:08:31 [main] DEBUG o.h.p.entity.AbstractEntityPersister -  Delete (0): delete from offer_approval where offer_approval_id=?
2025-02-03 12:08:31 [main] DEBUG org.hibernate.orm.sql.ast.create - Created new SQL alias : jd1_0
2025-02-03 12:08:31 [main] DEBUG org.hibernate.orm.sql.ast.create - Registration of TableGroup [StandardTableGroup(com.rts.tap.model.JobDescription)] with identifierForTableGroup [com.rts.tap.model.JobDescription] for NavigablePath [com.rts.tap.model.JobDescription] 
2025-02-03 12:08:31 [main] DEBUG org.hibernate.orm.results.graph.AST - DomainResult Graph:
 \-EntityResultImpl [com.rts.tap.model.JobDescription]
 |  +-BasicFetch [com.rts.tap.model.JobDescription.jobParameter]
 |  +-BasicFetch [com.rts.tap.model.JobDescription.jobTitle]
 |  \-BasicFetch [com.rts.tap.model.JobDescription.rolesAndResponsibilities]

2025-02-03 12:08:31 [main] DEBUG org.hibernate.orm.sql.ast.tree - SQL AST Tree:
    SelectStatement {
      FromClause {
        StandardTableGroup (jd1 : com.rts.tap.model.JobDescription) {
          primaryTableReference : job_description_table as jd1_0
        }
      }
    }

2025-02-03 12:08:31 [main] DEBUG o.h.p.entity.AbstractEntityPersister - Static SQL for entity: com.rts.tap.model.JobDescription
2025-02-03 12:08:31 [main] DEBUG o.h.p.entity.AbstractEntityPersister -  Version select: select job_description_id from job_description_table where job_description_id=?
2025-02-03 12:08:31 [main] DEBUG o.h.p.entity.AbstractEntityPersister -  Insert (0): insert into job_description_table (job_parameter,job_title,roles_and_responsibilities) values (?,?,?)
2025-02-03 12:08:31 [main] DEBUG o.h.p.entity.AbstractEntityPersister -  Update (0): update job_description_table set job_parameter=?,job_title=?,roles_and_responsibilities=? where job_description_id=?
2025-02-03 12:08:31 [main] DEBUG o.h.p.entity.AbstractEntityPersister -  Delete (0): delete from job_description_table where job_description_id=?
2025-02-03 12:08:31 [main] DEBUG org.hibernate.orm.sql.ast.create - Created new SQL alias : wf1_0
2025-02-03 12:08:31 [main] DEBUG org.hibernate.orm.sql.ast.create - Registration of TableGroup [StandardTableGroup(com.rts.tap.model.WorkFlow)] with identifierForTableGroup [com.rts.tap.model.WorkFlow] for NavigablePath [com.rts.tap.model.WorkFlow] 
2025-02-03 12:08:31 [main] DEBUG org.hibernate.orm.sql.ast.create - Registration of TableGroup [org.hibernate.sql.ast.tree.from.LazyTableGroup@c7ec499] with identifierForTableGroup [com.rts.tap.model.WorkFlow.employee] for NavigablePath [com.rts.tap.model.WorkFlow.employee] 
2025-02-03 12:08:31 [main] DEBUG org.hibernate.orm.sql.ast.create - Created new SQL alias : e1_0
2025-02-03 12:08:31 [main] DEBUG org.hibernate.orm.sql.ast.create - Registration of TableGroup [org.hibernate.sql.ast.tree.from.LazyTableGroup@38300447] with identifierForTableGroup [com.rts.tap.model.WorkFlow.employee.businessUnit] for NavigablePath [com.rts.tap.model.WorkFlow.employee.businessUnit] 
2025-02-03 12:08:31 [main] DEBUG org.hibernate.orm.sql.ast.create - Registration of TableGroup [org.hibernate.sql.ast.tree.from.LazyTableGroup@14484887] with identifierForTableGroup [com.rts.tap.model.WorkFlow.employee.personalInfo] for NavigablePath [com.rts.tap.model.WorkFlow.employee.personalInfo] 
2025-02-03 12:08:31 [main] DEBUG org.hibernate.orm.sql.ast.create - Registration of TableGroup [org.hibernate.sql.ast.tree.from.LazyTableGroup@48c42253] with identifierForTableGroup [com.rts.tap.model.WorkFlow.employee.role] for NavigablePath [com.rts.tap.model.WorkFlow.employee.role] 
2025-02-03 12:08:31 [main] DEBUG org.hibernate.orm.sql.ast.create - Registration of TableGroup [org.hibernate.sql.ast.tree.from.LazyTableGroup@32647dde] with identifierForTableGroup [com.rts.tap.model.WorkFlow.mrf] for NavigablePath [com.rts.tap.model.WorkFlow.mrf] 
2025-02-03 12:08:31 [main] DEBUG org.hibernate.orm.sql.ast.create - Created new SQL alias : m1_0
2025-02-03 12:08:31 [main] DEBUG org.hibernate.orm.sql.ast.create - Registration of TableGroup [org.hibernate.sql.ast.tree.from.LazyTableGroup@ace45e9] with identifierForTableGroup [com.rts.tap.model.WorkFlow.mrf.businessUnitHead] for NavigablePath [com.rts.tap.model.WorkFlow.mrf.businessUnitHead] 
2025-02-03 12:08:31 [main] DEBUG org.hibernate.orm.sql.ast.create - Created new SQL alias : buh1_0
2025-02-03 12:08:31 [main] DEBUG org.hibernate.orm.sql.ast.create - Registration of TableGroup [org.hibernate.sql.ast.tree.from.LazyTableGroup@5c943847] with identifierForTableGroup [com.rts.tap.model.WorkFlow.mrf.businessUnitHead.businessUnit] for NavigablePath [com.rts.tap.model.WorkFlow.mrf.businessUnitHead.businessUnit] 
2025-02-03 12:08:31 [main] DEBUG org.hibernate.orm.sql.ast.create - Registration of TableGroup [org.hibernate.sql.ast.tree.from.LazyTableGroup@352b5f3c] with identifierForTableGroup [com.rts.tap.model.WorkFlow.mrf.businessUnitHead.personalInfo] for NavigablePath [com.rts.tap.model.WorkFlow.mrf.businessUnitHead.personalInfo] 
2025-02-03 12:08:31 [main] DEBUG org.hibernate.orm.sql.ast.create - Registration of TableGroup [org.hibernate.sql.ast.tree.from.LazyTableGroup@24305eca] with identifierForTableGroup [com.rts.tap.model.WorkFlow.mrf.businessUnitHead.role] for NavigablePath [com.rts.tap.model.WorkFlow.mrf.businessUnitHead.role] 
2025-02-03 12:08:31 [main] DEBUG org.hibernate.orm.sql.ast.create - Registration of TableGroup [org.hibernate.sql.ast.tree.from.LazyTableGroup@5ca9a6a8] with identifierForTableGroup [com.rts.tap.model.WorkFlow.mrf.clientPartner] for NavigablePath [com.rts.tap.model.WorkFlow.mrf.clientPartner] 
2025-02-03 12:08:31 [main] DEBUG org.hibernate.orm.sql.ast.create - Created new SQL alias : cp1_0
2025-02-03 12:08:31 [main] DEBUG org.hibernate.orm.sql.ast.create - Registration of TableGroup [org.hibernate.sql.ast.tree.from.LazyTableGroup@2102eb7a] with identifierForTableGroup [com.rts.tap.model.WorkFlow.mrf.clientPartner.businessUnit] for NavigablePath [com.rts.tap.model.WorkFlow.mrf.clientPartner.businessUnit] 
2025-02-03 12:08:31 [main] DEBUG org.hibernate.orm.sql.ast.create - Registration of TableGroup [org.hibernate.sql.ast.tree.from.LazyTableGroup@4ebf82d9] with identifierForTableGroup [com.rts.tap.model.WorkFlow.mrf.clientPartner.personalInfo] for NavigablePath [com.rts.tap.model.WorkFlow.mrf.clientPartner.personalInfo] 
2025-02-03 12:08:31 [main] DEBUG org.hibernate.orm.sql.ast.create - Registration of TableGroup [org.hibernate.sql.ast.tree.from.LazyTableGroup@685f43ca] with identifierForTableGroup [com.rts.tap.model.WorkFlow.mrf.clientPartner.role] for NavigablePath [com.rts.tap.model.WorkFlow.mrf.clientPartner.role] 
2025-02-03 12:08:31 [main] DEBUG org.hibernate.orm.sql.ast.create - Registration of TableGroup [org.hibernate.sql.ast.tree.from.LazyTableGroup@7952348f] with identifierForTableGroup [com.rts.tap.model.WorkFlow.mrf.mrfAgreement] for NavigablePath [com.rts.tap.model.WorkFlow.mrf.mrfAgreement] 
2025-02-03 12:08:31 [main] DEBUG org.hibernate.orm.sql.ast.create - Created new SQL alias : ma1_0
2025-02-03 12:08:31 [main] DEBUG org.hibernate.orm.sql.ast.create - Registration of TableGroup [org.hibernate.sql.ast.tree.from.LazyTableGroup@4f3d49e4] with identifierForTableGroup [com.rts.tap.model.WorkFlow.mrf.mrfCriteria] for NavigablePath [com.rts.tap.model.WorkFlow.mrf.mrfCriteria] 
2025-02-03 12:08:31 [main] DEBUG org.hibernate.orm.sql.ast.create - Created new SQL alias : mc1_0
2025-02-03 12:08:31 [main] DEBUG org.hibernate.orm.sql.ast.create - Registration of TableGroup [org.hibernate.sql.ast.tree.from.LazyTableGroup@7d26b390] with identifierForTableGroup [com.rts.tap.model.WorkFlow.mrf.mrfJd] for NavigablePath [com.rts.tap.model.WorkFlow.mrf.mrfJd] 
2025-02-03 12:08:31 [main] DEBUG org.hibernate.orm.sql.ast.create - Created new SQL alias : mj1_0
2025-02-03 12:08:31 [main] DEBUG org.hibernate.orm.sql.ast.create - Registration of TableGroup [org.hibernate.sql.ast.tree.from.LazyTableGroup@6ff5eeed] with identifierForTableGroup [com.rts.tap.model.WorkFlow.mrf.mrfStatus] for NavigablePath [com.rts.tap.model.WorkFlow.mrf.mrfStatus] 
2025-02-03 12:08:31 [main] DEBUG org.hibernate.orm.sql.ast.create - Created new SQL alias : ms1_0
2025-02-03 12:08:31 [main] DEBUG org.hibernate.orm.sql.ast.create - Registration of TableGroup [org.hibernate.sql.ast.tree.from.LazyTableGroup@76b49d0] with identifierForTableGroup [com.rts.tap.model.WorkFlow.mrf.requirement] for NavigablePath [com.rts.tap.model.WorkFlow.mrf.requirement] 
2025-02-03 12:08:31 [main] DEBUG org.hibernate.orm.sql.ast.create - Created new SQL alias : r4_0
2025-02-03 12:08:31 [main] DEBUG org.hibernate.orm.sql.ast.create - Registration of TableGroup [org.hibernate.sql.ast.tree.from.LazyTableGroup@223c42b0] with identifierForTableGroup [com.rts.tap.model.WorkFlow.mrf.requirement.client] for NavigablePath [com.rts.tap.model.WorkFlow.mrf.requirement.client] 
2025-02-03 12:08:31 [main] DEBUG org.hibernate.orm.sql.ast.create - Registration of TableGroup [org.hibernate.sql.ast.tree.from.LazyTableGroup@6acedf54] with identifierForTableGroup [com.rts.tap.model.WorkFlow.mrf.subRequirements] for NavigablePath [com.rts.tap.model.WorkFlow.mrf.subRequirements] 
2025-02-03 12:08:31 [main] DEBUG org.hibernate.orm.sql.ast.create - Created new SQL alias : sr1_0
2025-02-03 12:08:31 [main] DEBUG org.hibernate.orm.sql.ast.create - Registration of TableGroup [org.hibernate.sql.ast.tree.from.LazyTableGroup@2a0cc666] with identifierForTableGroup [com.rts.tap.model.WorkFlow.recruiter] for NavigablePath [com.rts.tap.model.WorkFlow.recruiter] 
2025-02-03 12:08:31 [main] DEBUG org.hibernate.orm.sql.ast.create - Created new SQL alias : r5_0
2025-02-03 12:08:31 [main] DEBUG org.hibernate.orm.sql.ast.create - Registration of TableGroup [org.hibernate.sql.ast.tree.from.LazyTableGroup@77f43f3e] with identifierForTableGroup [com.rts.tap.model.WorkFlow.recruiter.businessUnit] for NavigablePath [com.rts.tap.model.WorkFlow.recruiter.businessUnit] 
2025-02-03 12:08:31 [main] DEBUG org.hibernate.orm.sql.ast.create - Registration of TableGroup [org.hibernate.sql.ast.tree.from.LazyTableGroup@379ddab2] with identifierForTableGroup [com.rts.tap.model.WorkFlow.recruiter.personalInfo] for NavigablePath [com.rts.tap.model.WorkFlow.recruiter.personalInfo] 
2025-02-03 12:08:31 [main] DEBUG org.hibernate.orm.sql.ast.create - Registration of TableGroup [org.hibernate.sql.ast.tree.from.LazyTableGroup@2b35976a] with identifierForTableGroup [com.rts.tap.model.WorkFlow.recruiter.role] for NavigablePath [com.rts.tap.model.WorkFlow.recruiter.role] 
2025-02-03 12:08:31 [main] DEBUG org.hibernate.orm.results.graph.AST - DomainResult Graph:
 \-EntityResultImpl [com.rts.tap.model.WorkFlow]
 |  +-BasicFetch [com.rts.tap.model.WorkFlow.count]
 |  +-EntityFetchJoinedImpl [com.rts.tap.model.WorkFlow.employee]
 |  |  +-EntityDelayedFetchImpl [com.rts.tap.model.WorkFlow.employee.businessUnit]
 |  |  +-BasicFetch [com.rts.tap.model.WorkFlow.employee.candidateId]
 |  |  +-BasicFetch [com.rts.tap.model.WorkFlow.employee.createdDate]
 |  |  +-DelayedCollectionFetch [com.rts.tap.model.WorkFlow.employee.documents]
 |  |  +-BasicFetch [com.rts.tap.model.WorkFlow.employee.employeeEmail]
 |  |  +-BasicFetch [com.rts.tap.model.WorkFlow.employee.employeeName]
 |  |  +-BasicFetch [com.rts.tap.model.WorkFlow.employee.employeeStatus]
 |  |  +-DelayedCollectionFetch [com.rts.tap.model.WorkFlow.employee.experience]
 |  |  +-DelayedCollectionFetch [com.rts.tap.model.WorkFlow.employee.familyDetails]
 |  |  +-BasicFetch [com.rts.tap.model.WorkFlow.employee.managerId]
 |  |  +-EntityDelayedFetchImpl [com.rts.tap.model.WorkFlow.employee.personalInfo]
 |  |  +-DelayedCollectionFetch [com.rts.tap.model.WorkFlow.employee.qualification]
 |  |  +-EntityDelayedFetchImpl [com.rts.tap.model.WorkFlow.employee.role]
 |  |  +-BasicFetch [com.rts.tap.model.WorkFlow.employee.updatedDate]
 |  |  \-BasicFetch [com.rts.tap.model.WorkFlow.employee.workLocation]
 |  +-EntityFetchJoinedImpl [com.rts.tap.model.WorkFlow.mrf]
 |  |  +-EntityFetchJoinedImpl [com.rts.tap.model.WorkFlow.mrf.businessUnitHead]
 |  |  |  +-EntityDelayedFetchImpl [com.rts.tap.model.WorkFlow.mrf.businessUnitHead.businessUnit]
 |  |  |  +-BasicFetch [com.rts.tap.model.WorkFlow.mrf.businessUnitHead.candidateId]
 |  |  |  +-BasicFetch [com.rts.tap.model.WorkFlow.mrf.businessUnitHead.createdDate]
 |  |  |  +-DelayedCollectionFetch [com.rts.tap.model.WorkFlow.mrf.businessUnitHead.documents]
 |  |  |  +-BasicFetch [com.rts.tap.model.WorkFlow.mrf.businessUnitHead.employeeEmail]
 |  |  |  +-BasicFetch [com.rts.tap.model.WorkFlow.mrf.businessUnitHead.employeeName]
 |  |  |  +-BasicFetch [com.rts.tap.model.WorkFlow.mrf.businessUnitHead.employeeStatus]
 |  |  |  +-DelayedCollectionFetch [com.rts.tap.model.WorkFlow.mrf.businessUnitHead.experience]
 |  |  |  +-DelayedCollectionFetch [com.rts.tap.model.WorkFlow.mrf.businessUnitHead.familyDetails]
 |  |  |  +-BasicFetch [com.rts.tap.model.WorkFlow.mrf.businessUnitHead.managerId]
 |  |  |  +-EntityDelayedFetchImpl [com.rts.tap.model.WorkFlow.mrf.businessUnitHead.personalInfo]
 |  |  |  +-DelayedCollectionFetch [com.rts.tap.model.WorkFlow.mrf.businessUnitHead.qualification]
 |  |  |  +-EntityDelayedFetchImpl [com.rts.tap.model.WorkFlow.mrf.businessUnitHead.role]
 |  |  |  +-BasicFetch [com.rts.tap.model.WorkFlow.mrf.businessUnitHead.updatedDate]
 |  |  |  \-BasicFetch [com.rts.tap.model.WorkFlow.mrf.businessUnitHead.workLocation]
 |  |  +-EntityFetchJoinedImpl [com.rts.tap.model.WorkFlow.mrf.clientPartner]
 |  |  |  +-EntityDelayedFetchImpl [com.rts.tap.model.WorkFlow.mrf.clientPartner.businessUnit]
 |  |  |  +-BasicFetch [com.rts.tap.model.WorkFlow.mrf.clientPartner.candidateId]
 |  |  |  +-BasicFetch [com.rts.tap.model.WorkFlow.mrf.clientPartner.createdDate]
 |  |  |  +-DelayedCollectionFetch [com.rts.tap.model.WorkFlow.mrf.clientPartner.documents]
 |  |  |  +-BasicFetch [com.rts.tap.model.WorkFlow.mrf.clientPartner.employeeEmail]
 |  |  |  +-BasicFetch [com.rts.tap.model.WorkFlow.mrf.clientPartner.employeeName]
 |  |  |  +-BasicFetch [com.rts.tap.model.WorkFlow.mrf.clientPartner.employeeStatus]
 |  |  |  +-DelayedCollectionFetch [com.rts.tap.model.WorkFlow.mrf.clientPartner.experience]
 |  |  |  +-DelayedCollectionFetch [com.rts.tap.model.WorkFlow.mrf.clientPartner.familyDetails]
 |  |  |  +-BasicFetch [com.rts.tap.model.WorkFlow.mrf.clientPartner.managerId]
 |  |  |  +-EntityDelayedFetchImpl [com.rts.tap.model.WorkFlow.mrf.clientPartner.personalInfo]
 |  |  |  +-DelayedCollectionFetch [com.rts.tap.model.WorkFlow.mrf.clientPartner.qualification]
 |  |  |  +-EntityDelayedFetchImpl [com.rts.tap.model.WorkFlow.mrf.clientPartner.role]
 |  |  |  +-BasicFetch [com.rts.tap.model.WorkFlow.mrf.clientPartner.updatedDate]
 |  |  |  \-BasicFetch [com.rts.tap.model.WorkFlow.mrf.clientPartner.workLocation]
 |  |  +-BasicFetch [com.rts.tap.model.WorkFlow.mrf.createdAt]
 |  |  +-EntityFetchJoinedImpl [com.rts.tap.model.WorkFlow.mrf.mrfAgreement]
 |  |  |  +-BasicFetch [com.rts.tap.model.WorkFlow.mrf.mrfAgreement.billingCycle]
 |  |  |  +-BasicFetch [com.rts.tap.model.WorkFlow.mrf.mrfAgreement.mrfTemplate]
 |  |  |  +-BasicFetch [com.rts.tap.model.WorkFlow.mrf.mrfAgreement.negotiatedPricePoint]
 |  |  |  +-BasicFetch [com.rts.tap.model.WorkFlow.mrf.mrfAgreement.proposedBudget]
 |  |  |  \-BasicFetch [com.rts.tap.model.WorkFlow.mrf.mrfAgreement.serviceLevelAgreement]
 |  |  +-EntityFetchJoinedImpl [com.rts.tap.model.WorkFlow.mrf.mrfCriteria]
 |  |  |  +-BasicFetch [com.rts.tap.model.WorkFlow.mrf.mrfCriteria.IsCertificationNeeded]
 |  |  |  +-BasicFetch [com.rts.tap.model.WorkFlow.mrf.mrfCriteria.IsVisaRequired]
 |  |  |  +-BasicFetch [com.rts.tap.model.WorkFlow.mrf.mrfCriteria.certificate]
 |  |  |  +-BasicFetch [com.rts.tap.model.WorkFlow.mrf.mrfCriteria.closureDate]
 |  |  |  +-BasicFetch [com.rts.tap.model.WorkFlow.mrf.mrfCriteria.contractStartDate]
 |  |  |  +-BasicFetch [com.rts.tap.model.WorkFlow.mrf.mrfCriteria.educationalQualification]
 |  |  |  +-BasicFetch [com.rts.tap.model.WorkFlow.mrf.mrfCriteria.employmentMode]
 |  |  |  +-BasicFetch [com.rts.tap.model.WorkFlow.mrf.mrfCriteria.jobLocation]
 |  |  |  +-BasicFetch [com.rts.tap.model.WorkFlow.mrf.mrfCriteria.maximumCTC]
 |  |  |  +-BasicFetch [com.rts.tap.model.WorkFlow.mrf.mrfCriteria.minimumCTC]
 |  |  |  +-BasicFetch [com.rts.tap.model.WorkFlow.mrf.mrfCriteria.mrfLossOrProfit]
 |  |  |  +-BasicFetch [com.rts.tap.model.WorkFlow.mrf.mrfCriteria.visaType]
 |  |  |  \-BasicFetch [com.rts.tap.model.WorkFlow.mrf.mrfCriteria.yearsOfExperience]
 |  |  +-BasicFetch [com.rts.tap.model.WorkFlow.mrf.mrfDepartmentName]
 |  |  +-EntityFetchJoinedImpl [com.rts.tap.model.WorkFlow.mrf.mrfJd]
 |  |  |  +-BasicFetch [com.rts.tap.model.WorkFlow.mrf.mrfJd.jobParameter]
 |  |  |  +-BasicFetch [com.rts.tap.model.WorkFlow.mrf.mrfJd.jobTitle]
 |  |  |  \-BasicFetch [com.rts.tap.model.WorkFlow.mrf.mrfJd.rolesAndResponsibilities]
 |  |  +-BasicFetch [com.rts.tap.model.WorkFlow.mrf.mrfRequiredTechnology]
 |  |  +-EntityFetchJoinedImpl [com.rts.tap.model.WorkFlow.mrf.mrfStatus]
 |  |  |  +-BasicFetch [com.rts.tap.model.WorkFlow.mrf.mrfStatus.descriptionForChanges]
 |  |  |  +-BasicFetch [com.rts.tap.model.WorkFlow.mrf.mrfStatus.mrfApprovalStatus]
 |  |  |  +-BasicFetch [com.rts.tap.model.WorkFlow.mrf.mrfStatus.mrfStage]
 |  |  |  +-BasicFetch [com.rts.tap.model.WorkFlow.mrf.mrfStatus.mrfType]
 |  |  |  +-BasicFetch [com.rts.tap.model.WorkFlow.mrf.mrfStatus.reasonForLost]
 |  |  |  \-BasicFetch [com.rts.tap.model.WorkFlow.mrf.mrfStatus.requirementFilled]
 |  |  +-BasicFetch [com.rts.tap.model.WorkFlow.mrf.probableDesignation]
 |  |  +-BasicFetch [com.rts.tap.model.WorkFlow.mrf.requiredResourceCount]
 |  |  +-BasicFetch [com.rts.tap.model.WorkFlow.mrf.requiredSkills]
 |  |  +-EntityFetchJoinedImpl [com.rts.tap.model.WorkFlow.mrf.requirement]
 |  |  |  +-BasicFetch [com.rts.tap.model.WorkFlow.mrf.requirement.budget]
 |  |  |  +-EntityFetchSelectImpl [com.rts.tap.model.WorkFlow.mrf.requirement.client]
 |  |  |  +-BasicFetch [com.rts.tap.model.WorkFlow.mrf.requirement.createdAt]
 |  |  |  +-DelayedCollectionFetch [com.rts.tap.model.WorkFlow.mrf.requirement.subrequirement]
 |  |  |  +-BasicFetch [com.rts.tap.model.WorkFlow.mrf.requirement.timeline]
 |  |  |  \-BasicFetch [com.rts.tap.model.WorkFlow.mrf.requirement.totalRequiredResourceCount]
 |  |  +-EntityFetchJoinedImpl [com.rts.tap.model.WorkFlow.mrf.subRequirements]
 |  |  |  +-BasicFetch [com.rts.tap.model.WorkFlow.mrf.subRequirements.resourceCount]
 |  |  |  \-BasicFetch [com.rts.tap.model.WorkFlow.mrf.subRequirements.role]
 |  |  \-BasicFetch [com.rts.tap.model.WorkFlow.mrf.updatedAt]
 |  +-BasicFetch [com.rts.tap.model.WorkFlow.reason]
 |  +-EntityFetchJoinedImpl [com.rts.tap.model.WorkFlow.recruiter]
 |  |  +-EntityDelayedFetchImpl [com.rts.tap.model.WorkFlow.recruiter.businessUnit]
 |  |  +-BasicFetch [com.rts.tap.model.WorkFlow.recruiter.candidateId]
 |  |  +-BasicFetch [com.rts.tap.model.WorkFlow.recruiter.createdDate]
 |  |  +-DelayedCollectionFetch [com.rts.tap.model.WorkFlow.recruiter.documents]
 |  |  +-BasicFetch [com.rts.tap.model.WorkFlow.recruiter.employeeEmail]
 |  |  +-BasicFetch [com.rts.tap.model.WorkFlow.recruiter.employeeName]
 |  |  +-BasicFetch [com.rts.tap.model.WorkFlow.recruiter.employeeStatus]
 |  |  +-DelayedCollectionFetch [com.rts.tap.model.WorkFlow.recruiter.experience]
 |  |  +-DelayedCollectionFetch [com.rts.tap.model.WorkFlow.recruiter.familyDetails]
 |  |  +-BasicFetch [com.rts.tap.model.WorkFlow.recruiter.managerId]
 |  |  +-EntityDelayedFetchImpl [com.rts.tap.model.WorkFlow.recruiter.personalInfo]
 |  |  +-DelayedCollectionFetch [com.rts.tap.model.WorkFlow.recruiter.qualification]
 |  |  +-EntityDelayedFetchImpl [com.rts.tap.model.WorkFlow.recruiter.role]
 |  |  +-BasicFetch [com.rts.tap.model.WorkFlow.recruiter.updatedDate]
 |  |  \-BasicFetch [com.rts.tap.model.WorkFlow.recruiter.workLocation]
 |  +-BasicFetch [com.rts.tap.model.WorkFlow.status]
 |  \-BasicFetch [com.rts.tap.model.WorkFlow.workFlowType]

2025-02-03 12:08:31 [main] DEBUG org.hibernate.orm.sql.ast.tree - SQL AST Tree:
    SelectStatement {
      FromClause {
        StandardTableGroup (wf1 : com.rts.tap.model.WorkFlow) {
          primaryTableReference : work_flow as wf1_0
          TableGroupJoins {
            left  join LazyTableGroup (e1 : com.rts.tap.model.WorkFlow.employee) {
              primaryTableReference : employees as e1_0
              TableGroupJoins {
                left  join LazyTableGroup (bu1 : com.rts.tap.model.WorkFlow.employee.businessUnit) {
                }
                left  join LazyTableGroup (pi1 : com.rts.tap.model.WorkFlow.employee.personalInfo) {
                }
                left  join LazyTableGroup (r1 : com.rts.tap.model.WorkFlow.employee.role) {
                }
              }
            }
            left  join LazyTableGroup (m1 : com.rts.tap.model.WorkFlow.mrf) {
              primaryTableReference : mrf_table as m1_0
              TableGroupJoins {
                left  join LazyTableGroup (buh1 : com.rts.tap.model.WorkFlow.mrf.businessUnitHead) {
                  primaryTableReference : employees as buh1_0
                  TableGroupJoins {
                    left  join LazyTableGroup (bu2 : com.rts.tap.model.WorkFlow.mrf.businessUnitHead.businessUnit) {
                    }
                    left  join LazyTableGroup (pi2 : com.rts.tap.model.WorkFlow.mrf.businessUnitHead.personalInfo) {
                    }
                    left  join LazyTableGroup (r2 : com.rts.tap.model.WorkFlow.mrf.businessUnitHead.role) {
                    }
                  }
                }
                left  join LazyTableGroup (cp1 : com.rts.tap.model.WorkFlow.mrf.clientPartner) {
                  primaryTableReference : employees as cp1_0
                  TableGroupJoins {
                    left  join LazyTableGroup (bu3 : com.rts.tap.model.WorkFlow.mrf.clientPartner.businessUnit) {
                    }
                    left  join LazyTableGroup (pi3 : com.rts.tap.model.WorkFlow.mrf.clientPartner.personalInfo) {
                    }
                    left  join LazyTableGroup (r3 : com.rts.tap.model.WorkFlow.mrf.clientPartner.role) {
                    }
                  }
                }
                left  join LazyTableGroup (ma1 : com.rts.tap.model.WorkFlow.mrf.mrfAgreement) {
                  primaryTableReference : mrf_agreement_table as ma1_0
                }
                left  join LazyTableGroup (mc1 : com.rts.tap.model.WorkFlow.mrf.mrfCriteria) {
                  primaryTableReference : mrf_criteria_table as mc1_0
                }
                left  join LazyTableGroup (mj1 : com.rts.tap.model.WorkFlow.mrf.mrfJd) {
                  primaryTableReference : mrf_jd as mj1_0
                }
                left  join LazyTableGroup (ms1 : com.rts.tap.model.WorkFlow.mrf.mrfStatus) {
                  primaryTableReference : mrf_status_table as ms1_0
                }
                left  join LazyTableGroup (r4 : com.rts.tap.model.WorkFlow.mrf.requirement) {
                  primaryTableReference : requirements as r4_0
                  TableGroupJoins {
                    left  join LazyTableGroup (c1 : com.rts.tap.model.WorkFlow.mrf.requirement.client) {
                    }
                  }
                }
                left  join LazyTableGroup (sr1 : com.rts.tap.model.WorkFlow.mrf.subRequirements) {
                  primaryTableReference : sub_requirements as sr1_0
                }
              }
            }
            left  join LazyTableGroup (r5 : com.rts.tap.model.WorkFlow.recruiter) {
              primaryTableReference : employees as r5_0
              TableGroupJoins {
                left  join LazyTableGroup (bu4 : com.rts.tap.model.WorkFlow.recruiter.businessUnit) {
                }
                left  join LazyTableGroup (pi4 : com.rts.tap.model.WorkFlow.recruiter.personalInfo) {
                }
                left  join LazyTableGroup (r6 : com.rts.tap.model.WorkFlow.recruiter.role) {
                }
              }
            }
          }
        }
      }
    }

2025-02-03 12:08:31 [main] DEBUG o.h.p.entity.AbstractEntityPersister - Static SQL for entity: com.rts.tap.model.WorkFlow
2025-02-03 12:08:31 [main] DEBUG o.h.p.entity.AbstractEntityPersister -  Version select: select workflow_id from work_flow where workflow_id=?
2025-02-03 12:08:31 [main] DEBUG o.h.p.entity.AbstractEntityPersister -  Insert (0): insert into work_flow (count,employee_employee_id,mrf_mrf_id,reason,recruiter_employee_id,status,work_flow_type) values (?,?,?,?,?,?,?)
2025-02-03 12:08:31 [main] DEBUG o.h.p.entity.AbstractEntityPersister -  Update (0): update work_flow set count=?,employee_employee_id=?,mrf_mrf_id=?,reason=?,recruiter_employee_id=?,status=?,work_flow_type=? where workflow_id=?
2025-02-03 12:08:31 [main] DEBUG o.h.p.entity.AbstractEntityPersister -  Delete (0): delete from work_flow where workflow_id=?
2025-02-03 12:08:31 [main] DEBUG org.hibernate.orm.sql.ast.create - Created new SQL alias : e1_0
2025-02-03 12:08:31 [main] DEBUG org.hibernate.orm.sql.ast.create - Registration of TableGroup [StandardTableGroup(com.rts.tap.model.Experience)] with identifierForTableGroup [com.rts.tap.model.Experience] for NavigablePath [com.rts.tap.model.Experience] 
2025-02-03 12:08:31 [main] DEBUG org.hibernate.orm.results.graph.AST - DomainResult Graph:
 \-EntityResultImpl [com.rts.tap.model.Experience]
 |  +-BasicFetch [com.rts.tap.model.Experience.companyName]
 |  +-BasicFetch [com.rts.tap.model.Experience.createdDate]
 |  +-BasicFetch [com.rts.tap.model.Experience.fromDate]
 |  +-BasicFetch [com.rts.tap.model.Experience.role]
 |  +-BasicFetch [com.rts.tap.model.Experience.toDate]
 |  \-BasicFetch [com.rts.tap.model.Experience.updatedDate]

2025-02-03 12:08:31 [main] DEBUG org.hibernate.orm.sql.ast.tree - SQL AST Tree:
    SelectStatement {
      FromClause {
        StandardTableGroup (e1 : com.rts.tap.model.Experience) {
          primaryTableReference : experience as e1_0
        }
      }
    }

2025-02-03 12:08:31 [main] DEBUG o.h.p.entity.AbstractEntityPersister - Static SQL for entity: com.rts.tap.model.Experience
2025-02-03 12:08:31 [main] DEBUG o.h.p.entity.AbstractEntityPersister -  Version select: select experience_id from experience where experience_id=?
2025-02-03 12:08:31 [main] DEBUG o.h.p.entity.AbstractEntityPersister -  Insert (0): insert into experience (company_name,created_date,from_date,role,to_date,updated_date) values (?,?,?,?,?,?)
2025-02-03 12:08:31 [main] DEBUG o.h.p.entity.AbstractEntityPersister -  Update (0): update experience set company_name=?,from_date=?,role=?,to_date=?,updated_date=? where experience_id=?
2025-02-03 12:08:31 [main] DEBUG o.h.p.entity.AbstractEntityPersister -  Delete (0): delete from experience where experience_id=?
2025-02-03 12:08:31 [main] DEBUG org.hibernate.orm.sql.ast.create - Created new SQL alias : o1_0
2025-02-03 12:08:31 [main] DEBUG org.hibernate.orm.sql.ast.create - Registration of TableGroup [StandardTableGroup(com.rts.tap.model.Organization)] with identifierForTableGroup [com.rts.tap.model.Organization] for NavigablePath [com.rts.tap.model.Organization] 
2025-02-03 12:08:31 [main] DEBUG org.hibernate.orm.results.graph.AST - DomainResult Graph:
 \-EntityResultImpl [com.rts.tap.model.Organization]
 |  +-BasicFetch [com.rts.tap.model.Organization.contactPersonEmail]
 |  +-BasicFetch [com.rts.tap.model.Organization.contactPersonName]
 |  +-BasicFetch [com.rts.tap.model.Organization.contactPersonPhone]
 |  +-BasicFetch [com.rts.tap.model.Organization.createdDate]
 |  +-BasicFetch [com.rts.tap.model.Organization.industryType]
 |  +-BasicFetch [com.rts.tap.model.Organization.logo]
 |  +-BasicFetch [com.rts.tap.model.Organization.organizationAddress]
 |  +-BasicFetch [com.rts.tap.model.Organization.organizationEstablishedDate]
 |  +-BasicFetch [com.rts.tap.model.Organization.organizationName]
 |  +-BasicFetch [com.rts.tap.model.Organization.organizationStatus]
 |  +-BasicFetch [com.rts.tap.model.Organization.organizationWebsiteUrl]
 |  +-BasicFetch [com.rts.tap.model.Organization.size]
 |  \-BasicFetch [com.rts.tap.model.Organization.updatedDate]

2025-02-03 12:08:31 [main] DEBUG org.hibernate.orm.sql.ast.tree - SQL AST Tree:
    SelectStatement {
      FromClause {
        StandardTableGroup (o1 : com.rts.tap.model.Organization) {
          primaryTableReference : organizations as o1_0
        }
      }
    }

2025-02-03 12:08:31 [main] DEBUG o.h.p.entity.AbstractEntityPersister - Static SQL for entity: com.rts.tap.model.Organization
2025-02-03 12:08:31 [main] DEBUG o.h.p.entity.AbstractEntityPersister -  Version select: select organization_id from organizations where organization_id=?
2025-02-03 12:08:31 [main] DEBUG o.h.p.entity.AbstractEntityPersister -  Insert (0): insert into organizations (contact_person_email,contact_person_name,contact_person_phone,created_date,industry_type,organization_logo,organization_address,organization_establisheddate,organization_name,organization_status,organization_websiteurl,organization_size,updated_date) values (?,?,?,?,?,?,?,?,?,?,?,?,?)
2025-02-03 12:08:31 [main] DEBUG o.h.p.entity.AbstractEntityPersister -  Update (0): update organizations set contact_person_email=?,contact_person_name=?,contact_person_phone=?,industry_type=?,organization_logo=?,organization_address=?,organization_establisheddate=?,organization_name=?,organization_status=?,organization_websiteurl=?,organization_size=?,updated_date=? where organization_id=?
2025-02-03 12:08:31 [main] DEBUG o.h.p.entity.AbstractEntityPersister -  Delete (0): delete from organizations where organization_id=?
2025-02-03 12:08:31 [main] DEBUG org.hibernate.orm.sql.ast.create - Created new SQL alias : d1_0
2025-02-03 12:08:31 [main] DEBUG org.hibernate.orm.sql.ast.create - Registration of TableGroup [StandardTableGroup(com.rts.tap.model.Documents)] with identifierForTableGroup [com.rts.tap.model.Documents] for NavigablePath [com.rts.tap.model.Documents] 
2025-02-03 12:08:31 [main] DEBUG org.hibernate.orm.results.graph.AST - DomainResult Graph:
 \-EntityResultImpl [com.rts.tap.model.Documents]
 |  +-BasicFetch [com.rts.tap.model.Documents.createdDate]
 |  +-BasicFetch [com.rts.tap.model.Documents.documentFile]
 |  +-BasicFetch [com.rts.tap.model.Documents.documentType]
 |  \-BasicFetch [com.rts.tap.model.Documents.updatedDate]

2025-02-03 12:08:31 [main] DEBUG org.hibernate.orm.sql.ast.tree - SQL AST Tree:
    SelectStatement {
      FromClause {
        StandardTableGroup (d1 : com.rts.tap.model.Documents) {
          primaryTableReference : documents_proof as d1_0
        }
      }
    }

2025-02-03 12:08:31 [main] DEBUG o.h.p.entity.AbstractEntityPersister - Static SQL for entity: com.rts.tap.model.Documents
2025-02-03 12:08:31 [main] DEBUG o.h.p.entity.AbstractEntityPersister -  Version select: select documents_id from documents_proof where documents_id=?
2025-02-03 12:08:31 [main] DEBUG o.h.p.entity.AbstractEntityPersister -  Insert (0): insert into documents_proof (created_date,document_file,document_type,updated_date) values (?,?,?,?)
2025-02-03 12:08:31 [main] DEBUG o.h.p.entity.AbstractEntityPersister -  Update (0): update documents_proof set document_file=?,document_type=?,updated_date=? where documents_id=?
2025-02-03 12:08:31 [main] DEBUG o.h.p.entity.AbstractEntityPersister -  Delete (0): delete from documents_proof where documents_id=?
2025-02-03 12:08:31 [main] DEBUG org.hibernate.orm.sql.ast.create - Created new SQL alias : e1_0
2025-02-03 12:08:31 [main] DEBUG org.hibernate.orm.sql.ast.create - Registration of TableGroup [CollectionTableGroup(com.rts.tap.model.Employee.experience)] with identifierForTableGroup [com.rts.tap.model.Employee.experience] for NavigablePath [com.rts.tap.model.Employee.experience] 
2025-02-03 12:08:31 [main] DEBUG org.hibernate.orm.sql.ast.create - Registration of TableGroup [org.hibernate.sql.ast.tree.from.LazyTableGroup@5410bbdf] with identifierForTableGroup [com.rts.tap.model.Employee.experience.{element}] for NavigablePath [com.rts.tap.model.Employee.experience.{element}] 
2025-02-03 12:08:31 [main] DEBUG org.hibernate.orm.sql.ast.create - Created new SQL alias : e1_1
2025-02-03 12:08:31 [main] DEBUG org.hibernate.orm.results.graph.AST - DomainResult Graph:
 \-CollectionDomainResult [com.rts.tap.model.Employee.experience]

2025-02-03 12:08:31 [main] DEBUG org.hibernate.orm.sql.ast.tree - SQL AST Tree:
    SelectStatement {
      FromClause {
        CollectionTableGroup (e1 : com.rts.tap.model.Employee.experience) {
          primaryTableReference : employees_experience as e1_0
          TableGroupJoins {
             join LazyTableGroup (e1 : com.rts.tap.model.Employee.experience.{element}) {
              primaryTableReference : experience as e1_1
            }
          }
        }
      }
    }

2025-02-03 12:08:31 [main] DEBUG org.hibernate.orm.jdbc.mutation - Static SQL for collection: com.rts.tap.model.Employee.experience
2025-02-03 12:08:31 [main] DEBUG org.hibernate.orm.jdbc.mutation -  Row insert: insert into employees_experience (employee_employee_id,experience_experience_id) values (?,?)
2025-02-03 12:08:31 [main] DEBUG org.hibernate.orm.jdbc.mutation -  Row delete: delete from employees_experience where employee_employee_id=? and experience_experience_id=?
2025-02-03 12:08:31 [main] DEBUG org.hibernate.orm.jdbc.mutation -  One-shot delete: delete from employees_experience where employee_employee_id=?
2025-02-03 12:08:31 [main] DEBUG org.hibernate.orm.sql.ast.create - Created new SQL alias : q1_0
2025-02-03 12:08:31 [main] DEBUG org.hibernate.orm.sql.ast.create - Registration of TableGroup [CollectionTableGroup(com.rts.tap.model.Employee.qualification)] with identifierForTableGroup [com.rts.tap.model.Employee.qualification] for NavigablePath [com.rts.tap.model.Employee.qualification] 
2025-02-03 12:08:31 [main] DEBUG org.hibernate.orm.sql.ast.create - Registration of TableGroup [org.hibernate.sql.ast.tree.from.LazyTableGroup@e18848d] with identifierForTableGroup [com.rts.tap.model.Employee.qualification.{element}] for NavigablePath [com.rts.tap.model.Employee.qualification.{element}] 
2025-02-03 12:08:31 [main] DEBUG org.hibernate.orm.sql.ast.create - Created new SQL alias : q1_1
2025-02-03 12:08:31 [main] DEBUG org.hibernate.orm.results.graph.AST - DomainResult Graph:
 \-CollectionDomainResult [com.rts.tap.model.Employee.qualification]

2025-02-03 12:08:31 [main] DEBUG org.hibernate.orm.sql.ast.tree - SQL AST Tree:
    SelectStatement {
      FromClause {
        CollectionTableGroup (q1 : com.rts.tap.model.Employee.qualification) {
          primaryTableReference : employees_qualification as q1_0
          TableGroupJoins {
             join LazyTableGroup (q1 : com.rts.tap.model.Employee.qualification.{element}) {
              primaryTableReference : qualifications as q1_1
            }
          }
        }
      }
    }

2025-02-03 12:08:31 [main] DEBUG org.hibernate.orm.jdbc.mutation - Static SQL for collection: com.rts.tap.model.Employee.qualification
2025-02-03 12:08:31 [main] DEBUG org.hibernate.orm.jdbc.mutation -  Row insert: insert into employees_qualification (employee_employee_id,qualification_qualification_id) values (?,?)
2025-02-03 12:08:31 [main] DEBUG org.hibernate.orm.jdbc.mutation -  Row delete: delete from employees_qualification where employee_employee_id=? and qualification_qualification_id=?
2025-02-03 12:08:31 [main] DEBUG org.hibernate.orm.jdbc.mutation -  One-shot delete: delete from employees_qualification where employee_employee_id=?
2025-02-03 12:08:31 [main] DEBUG org.hibernate.orm.sql.ast.create - Created new SQL alias : s1_0
2025-02-03 12:08:31 [main] DEBUG org.hibernate.orm.sql.ast.create - Registration of TableGroup [org.hibernate.sql.ast.tree.from.OneToManyTableGroup@3d45ea17] with identifierForTableGroup [com.rts.tap.model.Requirement.subrequirement] for NavigablePath [com.rts.tap.model.Requirement.subrequirement] 
2025-02-03 12:08:31 [main] DEBUG org.hibernate.orm.sql.ast.create - Registration of TableGroup [StandardTableGroup(com.rts.tap.model.Requirement.subrequirement.{element})] with identifierForTableGroup [com.rts.tap.model.Requirement.subrequirement.{element}] for NavigablePath [com.rts.tap.model.Requirement.subrequirement.{element}] 
2025-02-03 12:08:31 [main] DEBUG org.hibernate.orm.results.graph.AST - DomainResult Graph:
 \-CollectionDomainResult [com.rts.tap.model.Requirement.subrequirement]

2025-02-03 12:08:31 [main] DEBUG org.hibernate.orm.sql.ast.tree - SQL AST Tree:
    SelectStatement {
      FromClause {
        OneToManyTableGroup (s1 : com.rts.tap.model.Requirement.subrequirement) {
          primaryTableReference : sub_requirements as s1_0
        }
      }
    }

2025-02-03 12:08:31 [main] DEBUG org.hibernate.orm.jdbc.mutation - Static SQL for collection: com.rts.tap.model.Requirement.subrequirement
2025-02-03 12:08:31 [main] DEBUG org.hibernate.orm.jdbc.mutation -  Row insert: update sub_requirements set requirement_id=? where sub_requirement_id=?
2025-02-03 12:08:31 [main] DEBUG org.hibernate.orm.jdbc.mutation -  Row delete: update sub_requirements set requirement_id=null where requirement_id=? and sub_requirement_id=?
2025-02-03 12:08:31 [main] DEBUG org.hibernate.orm.jdbc.mutation -  One-shot delete: update sub_requirements set requirement_id=null where requirement_id=?
2025-02-03 12:08:31 [main] DEBUG org.hibernate.orm.sql.ast.create - Created new SQL alias : d1_0
2025-02-03 12:08:31 [main] DEBUG org.hibernate.orm.sql.ast.create - Registration of TableGroup [CollectionTableGroup(com.rts.tap.model.Employee.documents)] with identifierForTableGroup [com.rts.tap.model.Employee.documents] for NavigablePath [com.rts.tap.model.Employee.documents] 
2025-02-03 12:08:31 [main] DEBUG org.hibernate.orm.sql.ast.create - Registration of TableGroup [org.hibernate.sql.ast.tree.from.LazyTableGroup@439b893a] with identifierForTableGroup [com.rts.tap.model.Employee.documents.{element}] for NavigablePath [com.rts.tap.model.Employee.documents.{element}] 
2025-02-03 12:08:31 [main] DEBUG org.hibernate.orm.sql.ast.create - Created new SQL alias : d1_1
2025-02-03 12:08:31 [main] DEBUG org.hibernate.orm.results.graph.AST - DomainResult Graph:
 \-CollectionDomainResult [com.rts.tap.model.Employee.documents]

2025-02-03 12:08:31 [main] DEBUG org.hibernate.orm.sql.ast.tree - SQL AST Tree:
    SelectStatement {
      FromClause {
        CollectionTableGroup (d1 : com.rts.tap.model.Employee.documents) {
          primaryTableReference : employees_documents as d1_0
          TableGroupJoins {
             join LazyTableGroup (d1 : com.rts.tap.model.Employee.documents.{element}) {
              primaryTableReference : documents_proof as d1_1
            }
          }
        }
      }
    }

2025-02-03 12:08:31 [main] DEBUG org.hibernate.orm.jdbc.mutation - Static SQL for collection: com.rts.tap.model.Employee.documents
2025-02-03 12:08:31 [main] DEBUG org.hibernate.orm.jdbc.mutation -  Row insert: insert into employees_documents (employee_employee_id,documents_documents_id) values (?,?)
2025-02-03 12:08:31 [main] DEBUG org.hibernate.orm.jdbc.mutation -  Row delete: delete from employees_documents where employee_employee_id=? and documents_documents_id=?
2025-02-03 12:08:31 [main] DEBUG org.hibernate.orm.jdbc.mutation -  One-shot delete: delete from employees_documents where employee_employee_id=?
2025-02-03 12:08:31 [main] DEBUG org.hibernate.orm.sql.ast.create - Created new SQL alias : fd1_0
2025-02-03 12:08:31 [main] DEBUG org.hibernate.orm.sql.ast.create - Registration of TableGroup [CollectionTableGroup(com.rts.tap.model.Employee.familyDetails)] with identifierForTableGroup [com.rts.tap.model.Employee.familyDetails] for NavigablePath [com.rts.tap.model.Employee.familyDetails] 
2025-02-03 12:08:31 [main] DEBUG org.hibernate.orm.sql.ast.create - Registration of TableGroup [org.hibernate.sql.ast.tree.from.LazyTableGroup@4936dca9] with identifierForTableGroup [com.rts.tap.model.Employee.familyDetails.{element}] for NavigablePath [com.rts.tap.model.Employee.familyDetails.{element}] 
2025-02-03 12:08:31 [main] DEBUG org.hibernate.orm.sql.ast.create - Created new SQL alias : fd1_1
2025-02-03 12:08:31 [main] DEBUG org.hibernate.orm.results.graph.AST - DomainResult Graph:
 \-CollectionDomainResult [com.rts.tap.model.Employee.familyDetails]

2025-02-03 12:08:31 [main] DEBUG org.hibernate.orm.sql.ast.tree - SQL AST Tree:
    SelectStatement {
      FromClause {
        CollectionTableGroup (fd1 : com.rts.tap.model.Employee.familyDetails) {
          primaryTableReference : employees_family_details as fd1_0
          TableGroupJoins {
             join LazyTableGroup (fd1 : com.rts.tap.model.Employee.familyDetails.{element}) {
              primaryTableReference : familydetails as fd1_1
            }
          }
        }
      }
    }

2025-02-03 12:08:31 [main] DEBUG org.hibernate.orm.jdbc.mutation - Static SQL for collection: com.rts.tap.model.Employee.familyDetails
2025-02-03 12:08:31 [main] DEBUG org.hibernate.orm.jdbc.mutation -  Row insert: insert into employees_family_details (employee_employee_id,family_details_familydetails_id) values (?,?)
2025-02-03 12:08:31 [main] DEBUG org.hibernate.orm.jdbc.mutation -  Row delete: delete from employees_family_details where employee_employee_id=? and family_details_familydetails_id=?
2025-02-03 12:08:31 [main] DEBUG org.hibernate.orm.jdbc.mutation -  One-shot delete: delete from employees_family_details where employee_employee_id=?
2025-02-03 12:08:31 [main] DEBUG org.hibernate.orm.sql.ast.create - Created new SQL alias : mj1_0
2025-02-03 12:08:31 [main] DEBUG org.hibernate.orm.sql.ast.create - Registration of TableGroup [CollectionTableGroup(com.rts.tap.model.Candidate.MrfJd)] with identifierForTableGroup [com.rts.tap.model.Candidate.MrfJd] for NavigablePath [com.rts.tap.model.Candidate.MrfJd] 
2025-02-03 12:08:31 [main] DEBUG org.hibernate.orm.sql.ast.create - Registration of TableGroup [org.hibernate.sql.ast.tree.from.LazyTableGroup@f4deb35] with identifierForTableGroup [com.rts.tap.model.Candidate.MrfJd.{element}] for NavigablePath [com.rts.tap.model.Candidate.MrfJd.{element}] 
2025-02-03 12:08:31 [main] DEBUG org.hibernate.orm.sql.ast.create - Created new SQL alias : mj1_1
2025-02-03 12:08:31 [main] DEBUG org.hibernate.orm.results.graph.AST - DomainResult Graph:
 \-CollectionDomainResult [com.rts.tap.model.Candidate.MrfJd]

2025-02-03 12:08:31 [main] DEBUG org.hibernate.orm.sql.ast.tree - SQL AST Tree:
    SelectStatement {
      FromClause {
        CollectionTableGroup (mj1 : com.rts.tap.model.Candidate.MrfJd) {
          primaryTableReference : mrf_jd_candidate as mj1_0
          TableGroupJoins {
             join LazyTableGroup (mj1 : com.rts.tap.model.Candidate.MrfJd.{element}) {
              primaryTableReference : mrf_jd as mj1_1
            }
          }
        }
      }
    }

2025-02-03 12:08:31 [main] DEBUG org.hibernate.orm.jdbc.mutation - Static SQL for collection: com.rts.tap.model.Candidate.MrfJd
2025-02-03 12:08:31 [main] DEBUG org.hibernate.orm.jdbc.mutation -  Row insert: insert into mrf_jd_candidate (candidate_id,mrf_jd_id) values (?,?)
2025-02-03 12:08:31 [main] DEBUG org.hibernate.orm.jdbc.mutation -  Row delete: delete from mrf_jd_candidate where candidate_id=? and mrf_jd_id=?
2025-02-03 12:08:31 [main] DEBUG org.hibernate.orm.jdbc.mutation -  One-shot delete: delete from mrf_jd_candidate where candidate_id=?
2025-02-03 12:08:31 [main] DEBUG org.hibernate.orm.sql.ast.create - Created new SQL alias : i1_0
2025-02-03 12:08:31 [main] DEBUG org.hibernate.orm.sql.ast.create - Registration of TableGroup [CollectionTableGroup(com.rts.tap.model.RecruitmentProcess.interviewer)] with identifierForTableGroup [com.rts.tap.model.RecruitmentProcess.interviewer] for NavigablePath [com.rts.tap.model.RecruitmentProcess.interviewer] 
2025-02-03 12:08:31 [main] DEBUG org.hibernate.orm.sql.ast.create - Registration of TableGroup [org.hibernate.sql.ast.tree.from.LazyTableGroup@49f2994f] with identifierForTableGroup [com.rts.tap.model.RecruitmentProcess.interviewer.{element}] for NavigablePath [com.rts.tap.model.RecruitmentProcess.interviewer.{element}] 
2025-02-03 12:08:31 [main] DEBUG org.hibernate.orm.sql.ast.create - Created new SQL alias : i1_1
2025-02-03 12:08:31 [main] DEBUG org.hibernate.orm.sql.ast.create - Registration of TableGroup [org.hibernate.sql.ast.tree.from.LazyTableGroup@63dd81ee] with identifierForTableGroup [com.rts.tap.model.RecruitmentProcess.interviewer.{element}.client] for NavigablePath [com.rts.tap.model.RecruitmentProcess.interviewer.{element}.client] 
2025-02-03 12:08:31 [main] DEBUG org.hibernate.orm.sql.ast.create - Created new SQL alias : c1_0
2025-02-03 12:08:31 [main] DEBUG org.hibernate.orm.sql.ast.create - Registration of TableGroup [org.hibernate.sql.ast.tree.from.LazyTableGroup@9353d68] with identifierForTableGroup [com.rts.tap.model.RecruitmentProcess.interviewer.{element}.client.clientOrganization] for NavigablePath [com.rts.tap.model.RecruitmentProcess.interviewer.{element}.client.clientOrganization] 
2025-02-03 12:08:31 [main] DEBUG org.hibernate.orm.sql.ast.create - Created new SQL alias : co1_0
2025-02-03 12:08:31 [main] DEBUG org.hibernate.orm.sql.ast.create - Registration of TableGroup [org.hibernate.sql.ast.tree.from.LazyTableGroup@2a654f27] with identifierForTableGroup [com.rts.tap.model.RecruitmentProcess.interviewer.{element}.client.clientPartner] for NavigablePath [com.rts.tap.model.RecruitmentProcess.interviewer.{element}.client.clientPartner] 
2025-02-03 12:08:31 [main] DEBUG org.hibernate.orm.sql.ast.create - Created new SQL alias : cp1_0
2025-02-03 12:08:31 [main] DEBUG org.hibernate.orm.sql.ast.create - Registration of TableGroup [org.hibernate.sql.ast.tree.from.LazyTableGroup@770093c5] with identifierForTableGroup [com.rts.tap.model.RecruitmentProcess.interviewer.{element}.client.clientPartner.businessUnit] for NavigablePath [com.rts.tap.model.RecruitmentProcess.interviewer.{element}.client.clientPartner.businessUnit] 
2025-02-03 12:08:31 [main] DEBUG org.hibernate.orm.sql.ast.create - Registration of TableGroup [org.hibernate.sql.ast.tree.from.LazyTableGroup@785dbe3a] with identifierForTableGroup [com.rts.tap.model.RecruitmentProcess.interviewer.{element}.client.clientPartner.personalInfo] for NavigablePath [com.rts.tap.model.RecruitmentProcess.interviewer.{element}.client.clientPartner.personalInfo] 
2025-02-03 12:08:31 [main] DEBUG org.hibernate.orm.sql.ast.create - Registration of TableGroup [org.hibernate.sql.ast.tree.from.LazyTableGroup@58230224] with identifierForTableGroup [com.rts.tap.model.RecruitmentProcess.interviewer.{element}.client.clientPartner.role] for NavigablePath [com.rts.tap.model.RecruitmentProcess.interviewer.{element}.client.clientPartner.role] 
2025-02-03 12:08:31 [main] DEBUG org.hibernate.orm.sql.ast.create - Registration of TableGroup [org.hibernate.sql.ast.tree.from.LazyTableGroup@583f6270] with identifierForTableGroup [com.rts.tap.model.RecruitmentProcess.interviewer.{element}.client.thirdPartyCredentitals] for NavigablePath [com.rts.tap.model.RecruitmentProcess.interviewer.{element}.client.thirdPartyCredentitals] 
2025-02-03 12:08:31 [main] DEBUG org.hibernate.orm.sql.ast.create - Created new SQL alias : tpc1_0
2025-02-03 12:08:31 [main] DEBUG org.hibernate.orm.sql.ast.create - Registration of TableGroup [org.hibernate.sql.ast.tree.from.LazyTableGroup@2bd24c09] with identifierForTableGroup [com.rts.tap.model.RecruitmentProcess.interviewer.{element}.client.thirdPartyCredentitals.role] for NavigablePath [com.rts.tap.model.RecruitmentProcess.interviewer.{element}.client.thirdPartyCredentitals.role] 
2025-02-03 12:08:31 [main] DEBUG org.hibernate.orm.sql.ast.create - Registration of TableGroup [org.hibernate.sql.ast.tree.from.LazyTableGroup@3e6b8b27] with identifierForTableGroup [com.rts.tap.model.RecruitmentProcess.interviewer.{element}.employee] for NavigablePath [com.rts.tap.model.RecruitmentProcess.interviewer.{element}.employee] 
2025-02-03 12:08:31 [main] DEBUG org.hibernate.orm.sql.ast.create - Created new SQL alias : e1_0
2025-02-03 12:08:31 [main] DEBUG org.hibernate.orm.sql.ast.create - Registration of TableGroup [org.hibernate.sql.ast.tree.from.LazyTableGroup@7e199cec] with identifierForTableGroup [com.rts.tap.model.RecruitmentProcess.interviewer.{element}.employee.businessUnit] for NavigablePath [com.rts.tap.model.RecruitmentProcess.interviewer.{element}.employee.businessUnit] 
2025-02-03 12:08:31 [main] DEBUG org.hibernate.orm.sql.ast.create - Registration of TableGroup [org.hibernate.sql.ast.tree.from.LazyTableGroup@5d965dbd] with identifierForTableGroup [com.rts.tap.model.RecruitmentProcess.interviewer.{element}.employee.personalInfo] for NavigablePath [com.rts.tap.model.RecruitmentProcess.interviewer.{element}.employee.personalInfo] 
2025-02-03 12:08:31 [main] DEBUG org.hibernate.orm.sql.ast.create - Registration of TableGroup [org.hibernate.sql.ast.tree.from.LazyTableGroup@649df002] with identifierForTableGroup [com.rts.tap.model.RecruitmentProcess.interviewer.{element}.employee.role] for NavigablePath [com.rts.tap.model.RecruitmentProcess.interviewer.{element}.employee.role] 
2025-02-03 12:08:31 [main] DEBUG org.hibernate.orm.results.graph.AST - DomainResult Graph:
 \-CollectionDomainResult [com.rts.tap.model.RecruitmentProcess.interviewer]

2025-02-03 12:08:31 [main] DEBUG org.hibernate.orm.sql.ast.tree - SQL AST Tree:
    SelectStatement {
      FromClause {
        CollectionTableGroup (i1 : com.rts.tap.model.RecruitmentProcess.interviewer) {
          primaryTableReference : recruitment_process_interviewer as i1_0
          TableGroupJoins {
             join LazyTableGroup (i1 : com.rts.tap.model.RecruitmentProcess.interviewer.{element}) {
              primaryTableReference : interviewer as i1_1
              TableGroupJoins {
                left  join LazyTableGroup (c1 : com.rts.tap.model.RecruitmentProcess.interviewer.{element}.client) {
                  primaryTableReference : client_tbl as c1_0
                  TableGroupJoins {
                    left  join LazyTableGroup (co1 : com.rts.tap.model.RecruitmentProcess.interviewer.{element}.client.clientOrganization) {
                      primaryTableReference : client_organization_tbl as co1_0
                    }
                    left  join LazyTableGroup (cp1 : com.rts.tap.model.RecruitmentProcess.interviewer.{element}.client.clientPartner) {
                      primaryTableReference : employees as cp1_0
                      TableGroupJoins {
                        left  join LazyTableGroup (bu1 : com.rts.tap.model.RecruitmentProcess.interviewer.{element}.client.clientPartner.businessUnit) {
                        }
                        left  join LazyTableGroup (pi1 : com.rts.tap.model.RecruitmentProcess.interviewer.{element}.client.clientPartner.personalInfo) {
                        }
                        left  join LazyTableGroup (r1 : com.rts.tap.model.RecruitmentProcess.interviewer.{element}.client.clientPartner.role) {
                        }
                      }
                    }
                    left  join LazyTableGroup (tpc1 : com.rts.tap.model.RecruitmentProcess.interviewer.{element}.client.thirdPartyCredentitals) {
                      primaryTableReference : third_party_credentials as tpc1_0
                      TableGroupJoins {
                        left  join LazyTableGroup (r2 : com.rts.tap.model.RecruitmentProcess.interviewer.{element}.client.thirdPartyCredentitals.role) {
                        }
                      }
                    }
                  }
                }
                left  join LazyTableGroup (e1 : com.rts.tap.model.RecruitmentProcess.interviewer.{element}.employee) {
                  primaryTableReference : employees as e1_0
                  TableGroupJoins {
                    left  join LazyTableGroup (bu2 : com.rts.tap.model.RecruitmentProcess.interviewer.{element}.employee.businessUnit) {
                    }
                    left  join LazyTableGroup (pi2 : com.rts.tap.model.RecruitmentProcess.interviewer.{element}.employee.personalInfo) {
                    }
                    left  join LazyTableGroup (r3 : com.rts.tap.model.RecruitmentProcess.interviewer.{element}.employee.role) {
                    }
                  }
                }
              }
            }
          }
        }
      }
    }

2025-02-03 12:08:31 [main] DEBUG org.hibernate.orm.jdbc.mutation - Static SQL for collection: com.rts.tap.model.RecruitmentProcess.interviewer
2025-02-03 12:08:31 [main] DEBUG org.hibernate.orm.jdbc.mutation -  Row insert: insert into recruitment_process_interviewer (recruitment_process_recruitment_process_id,interviewer_interviewer_id) values (?,?)
2025-02-03 12:08:31 [main] DEBUG org.hibernate.orm.jdbc.mutation -  Row delete: delete from recruitment_process_interviewer where recruitment_process_recruitment_process_id=? and interviewer_interviewer_id=?
2025-02-03 12:08:31 [main] DEBUG org.hibernate.orm.jdbc.mutation -  One-shot delete: delete from recruitment_process_interviewer where recruitment_process_recruitment_process_id=?
2025-02-03 12:08:31 [main] DEBUG org.hibernate.orm.sql.ast.create - Created new SQL alias : c1_0
2025-02-03 12:08:31 [main] DEBUG org.hibernate.orm.sql.ast.create - Registration of TableGroup [CollectionTableGroup(com.rts.tap.model.Candidate.certifications)] with identifierForTableGroup [com.rts.tap.model.Candidate.certifications] for NavigablePath [com.rts.tap.model.Candidate.certifications] 
2025-02-03 12:08:31 [main] DEBUG org.hibernate.orm.results - Generating Fetch for collection-part : `com.rts.tap.model.Candidate.certifications` -> `{element}`
2025-02-03 12:08:31 [main] DEBUG org.hibernate.orm.results.graph.AST - DomainResult Graph:
 \-CollectionDomainResult [com.rts.tap.model.Candidate.certifications]

2025-02-03 12:08:31 [main] DEBUG org.hibernate.orm.sql.ast.tree - SQL AST Tree:
    SelectStatement {
      FromClause {
        CollectionTableGroup (c1 : com.rts.tap.model.Candidate.certifications) {
          primaryTableReference : candidate_certifications as c1_0
        }
      }
    }

2025-02-03 12:08:31 [main] DEBUG org.hibernate.orm.jdbc.mutation - Static SQL for collection: com.rts.tap.model.Candidate.certifications
2025-02-03 12:08:31 [main] DEBUG org.hibernate.orm.jdbc.mutation -  Row insert: insert into candidate_certifications (candidate_id,certification) values (?,?)
2025-02-03 12:08:31 [main] DEBUG org.hibernate.orm.jdbc.mutation -  Row delete: delete from candidate_certifications where candidate_id=? and certification=?
2025-02-03 12:08:31 [main] DEBUG org.hibernate.orm.jdbc.mutation -  One-shot delete: delete from candidate_certifications where candidate_id=?
2025-02-03 12:08:31 [main] DEBUG org.hibernate.orm.sql.ast.create - Created new SQL alias : c1_0
2025-02-03 12:08:31 [main] DEBUG org.hibernate.orm.sql.ast.create - Registration of TableGroup [CollectionTableGroup(com.rts.tap.model.MRFCandidate.candidate)] with identifierForTableGroup [com.rts.tap.model.MRFCandidate.candidate] for NavigablePath [com.rts.tap.model.MRFCandidate.candidate] 
2025-02-03 12:08:31 [main] DEBUG org.hibernate.orm.sql.ast.create - Registration of TableGroup [org.hibernate.sql.ast.tree.from.LazyTableGroup@2a71d430] with identifierForTableGroup [com.rts.tap.model.MRFCandidate.candidate.{element}] for NavigablePath [com.rts.tap.model.MRFCandidate.candidate.{element}] 
2025-02-03 12:08:31 [main] DEBUG org.hibernate.orm.sql.ast.create - Created new SQL alias : c1_1
2025-02-03 12:08:31 [main] DEBUG org.hibernate.orm.sql.ast.create - Registration of TableGroup [org.hibernate.sql.ast.tree.from.LazyTableGroup@b0c4670] with identifierForTableGroup [com.rts.tap.model.MRFCandidate.candidate.{element}.credentials] for NavigablePath [com.rts.tap.model.MRFCandidate.candidate.{element}.credentials] 
2025-02-03 12:08:31 [main] DEBUG org.hibernate.orm.sql.ast.create - Created new SQL alias : c2_0
2025-02-03 12:08:31 [main] DEBUG org.hibernate.orm.sql.ast.create - Registration of TableGroup [org.hibernate.sql.ast.tree.from.LazyTableGroup@5344b208] with identifierForTableGroup [com.rts.tap.model.MRFCandidate.candidate.{element}.credentials.role] for NavigablePath [com.rts.tap.model.MRFCandidate.candidate.{element}.credentials.role] 
2025-02-03 12:08:31 [main] DEBUG org.hibernate.orm.sql.ast.create - Created new SQL alias : r1_0
2025-02-03 12:08:31 [main] DEBUG org.hibernate.orm.sql.ast.create - Registration of TableGroup [org.hibernate.sql.ast.tree.from.LazyTableGroup@30769e7a] with identifierForTableGroup [com.rts.tap.model.MRFCandidate.candidate.{element}.documents] for NavigablePath [com.rts.tap.model.MRFCandidate.candidate.{element}.documents] 
2025-02-03 12:08:31 [main] DEBUG org.hibernate.orm.results.graph.AST - DomainResult Graph:
 \-CollectionDomainResult [com.rts.tap.model.MRFCandidate.candidate]

2025-02-03 12:08:31 [main] DEBUG org.hibernate.orm.sql.ast.tree - SQL AST Tree:
    SelectStatement {
      FromClause {
        CollectionTableGroup (c1 : com.rts.tap.model.MRFCandidate.candidate) {
          primaryTableReference : candidatemrf as c1_0
          TableGroupJoins {
             join LazyTableGroup (c1 : com.rts.tap.model.MRFCandidate.candidate.{element}) {
              primaryTableReference : candidate as c1_1
              TableGroupJoins {
                left  join LazyTableGroup (c2 : com.rts.tap.model.MRFCandidate.candidate.{element}.credentials) {
                  primaryTableReference : third_party_credentials as c2_0
                  TableGroupJoins {
                    left  join LazyTableGroup (r1 : com.rts.tap.model.MRFCandidate.candidate.{element}.credentials.role) {
                      primaryTableReference : third_party_role as r1_0
                    }
                  }
                }
                left  join LazyTableGroup (d1 : com.rts.tap.model.MRFCandidate.candidate.{element}.documents) {
                }
              }
            }
          }
        }
      }
    }

2025-02-03 12:08:31 [main] DEBUG org.hibernate.orm.jdbc.mutation - Static SQL for collection: com.rts.tap.model.MRFCandidate.candidate
2025-02-03 12:08:31 [main] DEBUG org.hibernate.orm.jdbc.mutation -  Row insert: insert into candidatemrf (mrf_candidate_id,candidate_id) values (?,?)
2025-02-03 12:08:31 [main] DEBUG org.hibernate.orm.jdbc.mutation -  Row delete: delete from candidatemrf where mrf_candidate_id=? and candidate_id=?
2025-02-03 12:08:31 [main] DEBUG org.hibernate.orm.jdbc.mutation -  One-shot delete: delete from candidatemrf where mrf_candidate_id=?
2025-02-03 12:08:31 [main] INFO  o.h.e.t.j.p.i.JtaPlatformInitiator - HHH000489: No JTA platform available (set 'hibernate.transaction.jta.platform' to enable JTA platform integration)
2025-02-03 12:08:31 [main] DEBUG o.h.type.spi.TypeConfiguration$Scope - Scoping TypeConfiguration [org.hibernate.type.spi.TypeConfiguration@25a2f432] to SessionFactoryImplementor [org.hibernate.internal.SessionFactoryImpl@4734a551]
2025-02-03 12:08:31 [main] DEBUG o.h.q.named.NamedObjectRepository - Checking 0 named HQL queries
2025-02-03 12:08:31 [main] DEBUG o.h.q.named.NamedObjectRepository - Checking 0 named SQL queries
2025-02-03 12:08:31 [main] INFO  com.zaxxer.hikari.HikariDataSource - HikariPool-1 - Starting...
2025-02-03 12:08:32 [main] DEBUG o.h.e.jdbc.spi.SqlExceptionHelper - Unable to open JDBC Connection for DDL execution [n/a]
java.sql.SQLException: Access denied for user 'root'@'localhost' (using password: YES)
	at com.mysql.cj.jdbc.exceptions.SQLError.createSQLException(SQLError.java:121)
	at com.mysql.cj.jdbc.exceptions.SQLExceptionsMapping.translateException(SQLExceptionsMapping.java:114)
	at com.mysql.cj.jdbc.ConnectionImpl.createNewIO(ConnectionImpl.java:837)
	at com.mysql.cj.jdbc.ConnectionImpl.<init>(ConnectionImpl.java:420)
	at com.mysql.cj.jdbc.ConnectionImpl.getInstance(ConnectionImpl.java:238)
	at com.mysql.cj.jdbc.NonRegisteringDriver.connect(NonRegisteringDriver.java:180)
	at com.zaxxer.hikari.util.DriverDataSource.getConnection(DriverDataSource.java:137)
	at com.zaxxer.hikari.pool.PoolBase.newConnection(PoolBase.java:360)
	at com.zaxxer.hikari.pool.PoolBase.newPoolEntry(PoolBase.java:202)
	at com.zaxxer.hikari.pool.HikariPool.createPoolEntry(HikariPool.java:461)
	at com.zaxxer.hikari.pool.HikariPool.checkFailFast(HikariPool.java:550)
	at com.zaxxer.hikari.pool.HikariPool.<init>(HikariPool.java:98)
	at com.zaxxer.hikari.HikariDataSource.getConnection(HikariDataSource.java:111)
	at org.hibernate.engine.jdbc.connections.internal.DatasourceConnectionProviderImpl.getConnection(DatasourceConnectionProviderImpl.java:126)
	at org.hibernate.engine.jdbc.env.internal.JdbcEnvironmentInitiator$ConnectionProviderJdbcConnectionAccess.obtainConnection(JdbcEnvironmentInitiator.java:467)
	at org.hibernate.resource.transaction.backend.jdbc.internal.DdlTransactionIsolatorNonJtaImpl.getIsolatedConnection(DdlTransactionIsolatorNonJtaImpl.java:46)
	at org.hibernate.resource.transaction.backend.jdbc.internal.DdlTransactionIsolatorNonJtaImpl.getIsolatedConnection(DdlTransactionIsolatorNonJtaImpl.java:39)
	at org.hibernate.tool.schema.internal.exec.ImprovedExtractionContextImpl.getJdbcConnection(ImprovedExtractionContextImpl.java:63)
	at org.hibernate.tool.schema.internal.exec.ImprovedExtractionContextImpl.getJdbcDatabaseMetaData(ImprovedExtractionContextImpl.java:70)
	at org.hibernate.tool.schema.extract.internal.InformationExtractorJdbcDatabaseMetaDataImpl.processTableResultSet(InformationExtractorJdbcDatabaseMetaDataImpl.java:65)
	at org.hibernate.tool.schema.extract.internal.AbstractInformationExtractorImpl.getTables(AbstractInformationExtractorImpl.java:570)
	at org.hibernate.tool.schema.extract.internal.DatabaseInformationImpl.getTablesInformation(DatabaseInformationImpl.java:122)
	at org.hibernate.tool.schema.internal.GroupedSchemaMigratorImpl.performTablesMigration(GroupedSchemaMigratorImpl.java:72)
	at org.hibernate.tool.schema.internal.AbstractSchemaMigrator.performMigration(AbstractSchemaMigrator.java:233)
	at org.hibernate.tool.schema.internal.AbstractSchemaMigrator.doMigration(AbstractSchemaMigrator.java:112)
	at org.hibernate.tool.schema.spi.SchemaManagementToolCoordinator.performDatabaseAction(SchemaManagementToolCoordinator.java:280)
	at org.hibernate.tool.schema.spi.SchemaManagementToolCoordinator.lambda$process$5(SchemaManagementToolCoordinator.java:144)
	at java.base/java.util.HashMap.forEach(HashMap.java:1421)
	at org.hibernate.tool.schema.spi.SchemaManagementToolCoordinator.process(SchemaManagementToolCoordinator.java:141)
	at org.hibernate.boot.internal.SessionFactoryObserverForSchemaExport.sessionFactoryCreated(SessionFactoryObserverForSchemaExport.java:37)
	at org.hibernate.internal.SessionFactoryObserverChain.sessionFactoryCreated(SessionFactoryObserverChain.java:35)
	at org.hibernate.internal.SessionFactoryImpl.<init>(SessionFactoryImpl.java:324)
	at org.hibernate.boot.internal.SessionFactoryBuilderImpl.build(SessionFactoryBuilderImpl.java:463)
	at org.hibernate.jpa.boot.internal.EntityManagerFactoryBuilderImpl.build(EntityManagerFactoryBuilderImpl.java:1506)
	at org.springframework.orm.jpa.vendor.SpringHibernateJpaPersistenceProvider.createContainerEntityManagerFactory(SpringHibernateJpaPersistenceProvider.java:66)
	at org.springframework.orm.jpa.LocalContainerEntityManagerFactoryBean.createNativeEntityManagerFactory(LocalContainerEntityManagerFactoryBean.java:390)
	at org.springframework.orm.jpa.AbstractEntityManagerFactoryBean.buildNativeEntityManagerFactory(AbstractEntityManagerFactoryBean.java:419)
	at org.springframework.orm.jpa.AbstractEntityManagerFactoryBean.afterPropertiesSet(AbstractEntityManagerFactoryBean.java:400)
	at org.springframework.orm.jpa.LocalContainerEntityManagerFactoryBean.afterPropertiesSet(LocalContainerEntityManagerFactoryBean.java:366)
	at org.springframework.beans.factory.support.AbstractAutowireCapableBeanFactory.invokeInitMethods(AbstractAutowireCapableBeanFactory.java:1855)
	at org.springframework.beans.factory.support.AbstractAutowireCapableBeanFactory.initializeBean(AbstractAutowireCapableBeanFactory.java:1804)
	at org.springframework.beans.factory.support.AbstractAutowireCapableBeanFactory.doCreateBean(AbstractAutowireCapableBeanFactory.java:601)
	at org.springframework.beans.factory.support.AbstractAutowireCapableBeanFactory.createBean(AbstractAutowireCapableBeanFactory.java:523)
	at org.springframework.beans.factory.support.AbstractBeanFactory.lambda$doGetBean$0(AbstractBeanFactory.java:336)
	at org.springframework.beans.factory.support.DefaultSingletonBeanRegistry.getSingleton(DefaultSingletonBeanRegistry.java:289)
	at org.springframework.beans.factory.support.AbstractBeanFactory.doGetBean(AbstractBeanFactory.java:334)
	at org.springframework.beans.factory.support.AbstractBeanFactory.getBean(AbstractBeanFactory.java:204)
	at org.springframework.context.support.AbstractApplicationContext.finishBeanFactoryInitialization(AbstractApplicationContext.java:970)
	at org.springframework.context.support.AbstractApplicationContext.refresh(AbstractApplicationContext.java:627)
	at org.springframework.boot.SpringApplication.refresh(SpringApplication.java:752)
	at org.springframework.boot.SpringApplication.refreshContext(SpringApplication.java:439)
	at org.springframework.boot.SpringApplication.run(SpringApplication.java:318)
	at org.springframework.boot.test.context.SpringBootContextLoader.lambda$loadContext$3(SpringBootContextLoader.java:137)
	at org.springframework.util.function.ThrowingSupplier.get(ThrowingSupplier.java:58)
	at org.springframework.util.function.ThrowingSupplier.get(ThrowingSupplier.java:46)
	at org.springframework.boot.SpringApplication.withHook(SpringApplication.java:1461)
	at org.springframework.boot.test.context.SpringBootContextLoader$ContextLoaderHook.run(SpringBootContextLoader.java:553)
	at org.springframework.boot.test.context.SpringBootContextLoader.loadContext(SpringBootContextLoader.java:137)
	at org.springframework.boot.test.context.SpringBootContextLoader.loadContext(SpringBootContextLoader.java:108)
	at org.springframework.test.context.cache.DefaultCacheAwareContextLoaderDelegate.loadContextInternal(DefaultCacheAwareContextLoaderDelegate.java:225)
	at org.springframework.test.context.cache.DefaultCacheAwareContextLoaderDelegate.loadContext(DefaultCacheAwareContextLoaderDelegate.java:152)
	at org.springframework.test.context.support.DefaultTestContext.getApplicationContext(DefaultTestContext.java:130)
	at org.springframework.test.context.web.ServletTestExecutionListener.setUpRequestContextIfNecessary(ServletTestExecutionListener.java:191)
	at org.springframework.test.context.web.ServletTestExecutionListener.prepareTestInstance(ServletTestExecutionListener.java:130)
	at org.springframework.test.context.TestContextManager.prepareTestInstance(TestContextManager.java:260)
	at org.springframework.test.context.junit.jupiter.SpringExtension.postProcessTestInstance(SpringExtension.java:160)
	at org.junit.jupiter.engine.descriptor.ClassBasedTestDescriptor.lambda$invokeTestInstancePostProcessors$11(ClassBasedTestDescriptor.java:378)
	at org.junit.jupiter.engine.descriptor.ClassBasedTestDescriptor.executeAndMaskThrowable(ClassBasedTestDescriptor.java:383)
	at org.junit.jupiter.engine.descriptor.ClassBasedTestDescriptor.lambda$invokeTestInstancePostProcessors$12(ClassBasedTestDescriptor.java:378)
	at java.base/java.util.stream.ForEachOps$ForEachOp$OfRef.accept(ForEachOps.java:183)
	at java.base/java.util.stream.ReferencePipeline$3$1.accept(ReferencePipeline.java:197)
	at java.base/java.util.stream.ReferencePipeline$2$1.accept(ReferencePipeline.java:179)
	at java.base/java.util.stream.ReferencePipeline$3$1.accept(ReferencePipeline.java:197)
	at java.base/java.util.ArrayList$ArrayListSpliterator.forEachRemaining(ArrayList.java:1625)
	at java.base/java.util.stream.AbstractPipeline.copyInto(AbstractPipeline.java:509)
	at java.base/java.util.stream.AbstractPipeline.wrapAndCopyInto(AbstractPipeline.java:499)
	at java.base/java.util.stream.ForEachOps$ForEachOp.evaluateSequential(ForEachOps.java:150)
	at java.base/java.util.stream.ForEachOps$ForEachOp$OfRef.evaluateSequential(ForEachOps.java:173)
	at java.base/java.util.stream.AbstractPipeline.evaluate(AbstractPipeline.java:234)
	at java.base/java.util.stream.ReferencePipeline.forEach(ReferencePipeline.java:596)
	at org.junit.jupiter.engine.descriptor.ClassBasedTestDescriptor.invokeTestInstancePostProcessors(ClassBasedTestDescriptor.java:377)
	at org.junit.jupiter.engine.descriptor.ClassBasedTestDescriptor.lambda$instantiateAndPostProcessTestInstance$7(ClassBasedTestDescriptor.java:290)
	at org.junit.platform.engine.support.hierarchical.ThrowableCollector.execute(ThrowableCollector.java:73)
	at org.junit.jupiter.engine.descriptor.ClassBasedTestDescriptor.instantiateAndPostProcessTestInstance(ClassBasedTestDescriptor.java:289)
	at org.junit.jupiter.engine.descriptor.ClassBasedTestDescriptor.lambda$testInstancesProvider$5(ClassBasedTestDescriptor.java:279)
	at java.base/java.util.Optional.orElseGet(Optional.java:364)
	at org.junit.jupiter.engine.descriptor.ClassBasedTestDescriptor.lambda$testInstancesProvider$6(ClassBasedTestDescriptor.java:278)
	at org.junit.jupiter.engine.execution.TestInstancesProvider.getTestInstances(TestInstancesProvider.java:31)
	at org.junit.jupiter.engine.descriptor.TestMethodTestDescriptor.lambda$prepare$1(TestMethodTestDescriptor.java:105)
	at org.junit.platform.engine.support.hierarchical.ThrowableCollector.execute(ThrowableCollector.java:73)
	at org.junit.jupiter.engine.descriptor.TestMethodTestDescriptor.prepare(TestMethodTestDescriptor.java:104)
	at org.junit.jupiter.engine.descriptor.TestMethodTestDescriptor.prepare(TestMethodTestDescriptor.java:68)
	at org.junit.platform.engine.support.hierarchical.NodeTestTask.lambda$prepare$2(NodeTestTask.java:128)
	at org.junit.platform.engine.support.hierarchical.ThrowableCollector.execute(ThrowableCollector.java:73)
	at org.junit.platform.engine.support.hierarchical.NodeTestTask.prepare(NodeTestTask.java:128)
	at org.junit.platform.engine.support.hierarchical.NodeTestTask.execute(NodeTestTask.java:95)
	at java.base/java.util.ArrayList.forEach(ArrayList.java:1511)
	at org.junit.platform.engine.support.hierarchical.SameThreadHierarchicalTestExecutorService.invokeAll(SameThreadHierarchicalTestExecutorService.java:41)
	at org.junit.platform.engine.support.hierarchical.NodeTestTask.lambda$executeRecursively$6(NodeTestTask.java:160)
	at org.junit.platform.engine.support.hierarchical.ThrowableCollector.execute(ThrowableCollector.java:73)
	at org.junit.platform.engine.support.hierarchical.NodeTestTask.lambda$executeRecursively$8(NodeTestTask.java:146)
	at org.junit.platform.engine.support.hierarchical.Node.around(Node.java:137)
	at org.junit.platform.engine.support.hierarchical.NodeTestTask.lambda$executeRecursively$9(NodeTestTask.java:144)
	at org.junit.platform.engine.support.hierarchical.ThrowableCollector.execute(ThrowableCollector.java:73)
	at org.junit.platform.engine.support.hierarchical.NodeTestTask.executeRecursively(NodeTestTask.java:143)
	at org.junit.platform.engine.support.hierarchical.NodeTestTask.execute(NodeTestTask.java:100)
	at java.base/java.util.ArrayList.forEach(ArrayList.java:1511)
	at org.junit.platform.engine.support.hierarchical.SameThreadHierarchicalTestExecutorService.invokeAll(SameThreadHierarchicalTestExecutorService.java:41)
	at org.junit.platform.engine.support.hierarchical.NodeTestTask.lambda$executeRecursively$6(NodeTestTask.java:160)
	at org.junit.platform.engine.support.hierarchical.ThrowableCollector.execute(ThrowableCollector.java:73)
	at org.junit.platform.engine.support.hierarchical.NodeTestTask.lambda$executeRecursively$8(NodeTestTask.java:146)
	at org.junit.platform.engine.support.hierarchical.Node.around(Node.java:137)
	at org.junit.platform.engine.support.hierarchical.NodeTestTask.lambda$executeRecursively$9(NodeTestTask.java:144)
	at org.junit.platform.engine.support.hierarchical.ThrowableCollector.execute(ThrowableCollector.java:73)
	at org.junit.platform.engine.support.hierarchical.NodeTestTask.executeRecursively(NodeTestTask.java:143)
	at org.junit.platform.engine.support.hierarchical.NodeTestTask.execute(NodeTestTask.java:100)
	at org.junit.platform.engine.support.hierarchical.SameThreadHierarchicalTestExecutorService.submit(SameThreadHierarchicalTestExecutorService.java:35)
	at org.junit.platform.engine.support.hierarchical.HierarchicalTestExecutor.execute(HierarchicalTestExecutor.java:57)
	at org.junit.platform.engine.support.hierarchical.HierarchicalTestEngine.execute(HierarchicalTestEngine.java:54)
	at org.junit.platform.launcher.core.EngineExecutionOrchestrator.execute(EngineExecutionOrchestrator.java:198)
	at org.junit.platform.launcher.core.EngineExecutionOrchestrator.execute(EngineExecutionOrchestrator.java:169)
	at org.junit.platform.launcher.core.EngineExecutionOrchestrator.execute(EngineExecutionOrchestrator.java:93)
	at org.junit.platform.launcher.core.EngineExecutionOrchestrator.lambda$execute$0(EngineExecutionOrchestrator.java:58)
	at org.junit.platform.launcher.core.EngineExecutionOrchestrator.withInterceptedStreams(EngineExecutionOrchestrator.java:141)
	at org.junit.platform.launcher.core.EngineExecutionOrchestrator.execute(EngineExecutionOrchestrator.java:57)
	at org.junit.platform.launcher.core.DefaultLauncher.execute(DefaultLauncher.java:103)
	at org.junit.platform.launcher.core.DefaultLauncher.execute(DefaultLauncher.java:85)
	at org.junit.platform.launcher.core.DelegatingLauncher.execute(DelegatingLauncher.java:47)
	at org.apache.maven.surefire.junitplatform.LazyLauncher.execute(LazyLauncher.java:56)
	at org.apache.maven.surefire.junitplatform.JUnitPlatformProvider.execute(JUnitPlatformProvider.java:184)
	at org.apache.maven.surefire.junitplatform.JUnitPlatformProvider.invokeAllTests(JUnitPlatformProvider.java:148)
	at org.apache.maven.surefire.junitplatform.JUnitPlatformProvider.invoke(JUnitPlatformProvider.java:122)
	at org.apache.maven.surefire.booter.ForkedBooter.runSuitesInProcess(ForkedBooter.java:385)
	at org.apache.maven.surefire.booter.ForkedBooter.execute(ForkedBooter.java:162)
	at org.apache.maven.surefire.booter.ForkedBooter.run(ForkedBooter.java:507)
	at org.apache.maven.surefire.booter.ForkedBooter.main(ForkedBooter.java:495)
2025-02-03 12:08:32 [main] WARN  o.h.e.jdbc.spi.SqlExceptionHelper - SQL Error: 1045, SQLState: 28000
2025-02-03 12:08:32 [main] ERROR o.h.e.jdbc.spi.SqlExceptionHelper - Access denied for user 'root'@'localhost' (using password: YES)
2025-02-03 12:08:32 [main] DEBUG o.h.internal.SessionFactoryImpl - HHH000031: Closing
2025-02-03 12:08:32 [main] DEBUG o.h.type.spi.TypeConfiguration$Scope - Un-scoping TypeConfiguration [org.hibernate.type.spi.TypeConfiguration$Scope@6fa73db5] from SessionFactory [org.hibernate.internal.SessionFactoryImpl@4734a551]
2025-02-03 12:08:32 [main] DEBUG o.h.s.i.AbstractServiceRegistryImpl - Implicitly destroying ServiceRegistry on de-registration of all child ServiceRegistries
2025-02-03 12:08:32 [main] DEBUG o.h.b.r.i.BootstrapServiceRegistryImpl - Implicitly destroying Boot-strap registry on de-registration of all child ServiceRegistries
2025-02-03 12:08:32 [main] DEBUG o.h.internal.SessionFactoryRegistry - Initializing SessionFactoryRegistry : org.hibernate.internal.SessionFactoryRegistry@161138c8
2025-02-03 12:08:32 [main] ERROR o.s.o.j.LocalContainerEntityManagerFactoryBean - Failed to initialize JPA EntityManagerFactory: [PersistenceUnit: default] Unable to build Hibernate SessionFactory; nested exception is org.hibernate.exception.GenericJDBCException: Unable to open JDBC Connection for DDL execution [Access denied for user 'root'@'localhost' (using password: YES)] [n/a]
2025-02-03 12:08:32 [main] WARN  o.s.w.c.s.GenericWebApplicationContext - Exception encountered during context initialization - cancelling refresh attempt: org.springframework.beans.factory.BeanCreationException: Error creating bean with name 'entityManagerFactory' defined in class path resource [org/springframework/boot/autoconfigure/orm/jpa/HibernateJpaConfiguration.class]: [PersistenceUnit: default] Unable to build Hibernate SessionFactory; nested exception is org.hibernate.exception.GenericJDBCException: Unable to open JDBC Connection for DDL execution [Access denied for user 'root'@'localhost' (using password: YES)] [n/a]
2025-02-03 12:08:32 [main] INFO  o.s.b.a.l.ConditionEvaluationReportLogger - 

Error starting ApplicationContext. To display the condition evaluation report re-run your application with 'debug' enabled.
2025-02-03 12:08:32 [main] ERROR o.s.boot.SpringApplication - Application run failed
org.springframework.beans.factory.BeanCreationException: Error creating bean with name 'entityManagerFactory' defined in class path resource [org/springframework/boot/autoconfigure/orm/jpa/HibernateJpaConfiguration.class]: [PersistenceUnit: default] Unable to build Hibernate SessionFactory; nested exception is org.hibernate.exception.GenericJDBCException: Unable to open JDBC Connection for DDL execution [Access denied for user 'root'@'localhost' (using password: YES)] [n/a]
	at org.springframework.beans.factory.support.AbstractAutowireCapableBeanFactory.initializeBean(AbstractAutowireCapableBeanFactory.java:1808)
	at org.springframework.beans.factory.support.AbstractAutowireCapableBeanFactory.doCreateBean(AbstractAutowireCapableBeanFactory.java:601)
	at org.springframework.beans.factory.support.AbstractAutowireCapableBeanFactory.createBean(AbstractAutowireCapableBeanFactory.java:523)
	at org.springframework.beans.factory.support.AbstractBeanFactory.lambda$doGetBean$0(AbstractBeanFactory.java:336)
	at org.springframework.beans.factory.support.DefaultSingletonBeanRegistry.getSingleton(DefaultSingletonBeanRegistry.java:289)
	at org.springframework.beans.factory.support.AbstractBeanFactory.doGetBean(AbstractBeanFactory.java:334)
	at org.springframework.beans.factory.support.AbstractBeanFactory.getBean(AbstractBeanFactory.java:204)
	at org.springframework.context.support.AbstractApplicationContext.finishBeanFactoryInitialization(AbstractApplicationContext.java:970)
	at org.springframework.context.support.AbstractApplicationContext.refresh(AbstractApplicationContext.java:627)
	at org.springframework.boot.SpringApplication.refresh(SpringApplication.java:752)
	at org.springframework.boot.SpringApplication.refreshContext(SpringApplication.java:439)
	at org.springframework.boot.SpringApplication.run(SpringApplication.java:318)
	at org.springframework.boot.test.context.SpringBootContextLoader.lambda$loadContext$3(SpringBootContextLoader.java:137)
	at org.springframework.util.function.ThrowingSupplier.get(ThrowingSupplier.java:58)
	at org.springframework.util.function.ThrowingSupplier.get(ThrowingSupplier.java:46)
	at org.springframework.boot.SpringApplication.withHook(SpringApplication.java:1461)
	at org.springframework.boot.test.context.SpringBootContextLoader$ContextLoaderHook.run(SpringBootContextLoader.java:553)
	at org.springframework.boot.test.context.SpringBootContextLoader.loadContext(SpringBootContextLoader.java:137)
	at org.springframework.boot.test.context.SpringBootContextLoader.loadContext(SpringBootContextLoader.java:108)
	at org.springframework.test.context.cache.DefaultCacheAwareContextLoaderDelegate.loadContextInternal(DefaultCacheAwareContextLoaderDelegate.java:225)
	at org.springframework.test.context.cache.DefaultCacheAwareContextLoaderDelegate.loadContext(DefaultCacheAwareContextLoaderDelegate.java:152)
	at org.springframework.test.context.support.DefaultTestContext.getApplicationContext(DefaultTestContext.java:130)
	at org.springframework.test.context.web.ServletTestExecutionListener.setUpRequestContextIfNecessary(ServletTestExecutionListener.java:191)
	at org.springframework.test.context.web.ServletTestExecutionListener.prepareTestInstance(ServletTestExecutionListener.java:130)
	at org.springframework.test.context.TestContextManager.prepareTestInstance(TestContextManager.java:260)
	at org.springframework.test.context.junit.jupiter.SpringExtension.postProcessTestInstance(SpringExtension.java:160)
	at org.junit.jupiter.engine.descriptor.ClassBasedTestDescriptor.lambda$invokeTestInstancePostProcessors$11(ClassBasedTestDescriptor.java:378)
	at org.junit.jupiter.engine.descriptor.ClassBasedTestDescriptor.executeAndMaskThrowable(ClassBasedTestDescriptor.java:383)
	at org.junit.jupiter.engine.descriptor.ClassBasedTestDescriptor.lambda$invokeTestInstancePostProcessors$12(ClassBasedTestDescriptor.java:378)
	at java.base/java.util.stream.ForEachOps$ForEachOp$OfRef.accept(ForEachOps.java:183)
	at java.base/java.util.stream.ReferencePipeline$3$1.accept(ReferencePipeline.java:197)
	at java.base/java.util.stream.ReferencePipeline$2$1.accept(ReferencePipeline.java:179)
	at java.base/java.util.stream.ReferencePipeline$3$1.accept(ReferencePipeline.java:197)
	at java.base/java.util.ArrayList$ArrayListSpliterator.forEachRemaining(ArrayList.java:1625)
	at java.base/java.util.stream.AbstractPipeline.copyInto(AbstractPipeline.java:509)
	at java.base/java.util.stream.AbstractPipeline.wrapAndCopyInto(AbstractPipeline.java:499)
	at java.base/java.util.stream.ForEachOps$ForEachOp.evaluateSequential(ForEachOps.java:150)
	at java.base/java.util.stream.ForEachOps$ForEachOp$OfRef.evaluateSequential(ForEachOps.java:173)
	at java.base/java.util.stream.AbstractPipeline.evaluate(AbstractPipeline.java:234)
	at java.base/java.util.stream.ReferencePipeline.forEach(ReferencePipeline.java:596)
	at org.junit.jupiter.engine.descriptor.ClassBasedTestDescriptor.invokeTestInstancePostProcessors(ClassBasedTestDescriptor.java:377)
	at org.junit.jupiter.engine.descriptor.ClassBasedTestDescriptor.lambda$instantiateAndPostProcessTestInstance$7(ClassBasedTestDescriptor.java:290)
	at org.junit.platform.engine.support.hierarchical.ThrowableCollector.execute(ThrowableCollector.java:73)
	at org.junit.jupiter.engine.descriptor.ClassBasedTestDescriptor.instantiateAndPostProcessTestInstance(ClassBasedTestDescriptor.java:289)
	at org.junit.jupiter.engine.descriptor.ClassBasedTestDescriptor.lambda$testInstancesProvider$5(ClassBasedTestDescriptor.java:279)
	at java.base/java.util.Optional.orElseGet(Optional.java:364)
	at org.junit.jupiter.engine.descriptor.ClassBasedTestDescriptor.lambda$testInstancesProvider$6(ClassBasedTestDescriptor.java:278)
	at org.junit.jupiter.engine.execution.TestInstancesProvider.getTestInstances(TestInstancesProvider.java:31)
	at org.junit.jupiter.engine.descriptor.TestMethodTestDescriptor.lambda$prepare$1(TestMethodTestDescriptor.java:105)
	at org.junit.platform.engine.support.hierarchical.ThrowableCollector.execute(ThrowableCollector.java:73)
	at org.junit.jupiter.engine.descriptor.TestMethodTestDescriptor.prepare(TestMethodTestDescriptor.java:104)
	at org.junit.jupiter.engine.descriptor.TestMethodTestDescriptor.prepare(TestMethodTestDescriptor.java:68)
	at org.junit.platform.engine.support.hierarchical.NodeTestTask.lambda$prepare$2(NodeTestTask.java:128)
	at org.junit.platform.engine.support.hierarchical.ThrowableCollector.execute(ThrowableCollector.java:73)
	at org.junit.platform.engine.support.hierarchical.NodeTestTask.prepare(NodeTestTask.java:128)
	at org.junit.platform.engine.support.hierarchical.NodeTestTask.execute(NodeTestTask.java:95)
	at java.base/java.util.ArrayList.forEach(ArrayList.java:1511)
	at org.junit.platform.engine.support.hierarchical.SameThreadHierarchicalTestExecutorService.invokeAll(SameThreadHierarchicalTestExecutorService.java:41)
	at org.junit.platform.engine.support.hierarchical.NodeTestTask.lambda$executeRecursively$6(NodeTestTask.java:160)
	at org.junit.platform.engine.support.hierarchical.ThrowableCollector.execute(ThrowableCollector.java:73)
	at org.junit.platform.engine.support.hierarchical.NodeTestTask.lambda$executeRecursively$8(NodeTestTask.java:146)
	at org.junit.platform.engine.support.hierarchical.Node.around(Node.java:137)
	at org.junit.platform.engine.support.hierarchical.NodeTestTask.lambda$executeRecursively$9(NodeTestTask.java:144)
	at org.junit.platform.engine.support.hierarchical.ThrowableCollector.execute(ThrowableCollector.java:73)
	at org.junit.platform.engine.support.hierarchical.NodeTestTask.executeRecursively(NodeTestTask.java:143)
	at org.junit.platform.engine.support.hierarchical.NodeTestTask.execute(NodeTestTask.java:100)
	at java.base/java.util.ArrayList.forEach(ArrayList.java:1511)
	at org.junit.platform.engine.support.hierarchical.SameThreadHierarchicalTestExecutorService.invokeAll(SameThreadHierarchicalTestExecutorService.java:41)
	at org.junit.platform.engine.support.hierarchical.NodeTestTask.lambda$executeRecursively$6(NodeTestTask.java:160)
	at org.junit.platform.engine.support.hierarchical.ThrowableCollector.execute(ThrowableCollector.java:73)
	at org.junit.platform.engine.support.hierarchical.NodeTestTask.lambda$executeRecursively$8(NodeTestTask.java:146)
	at org.junit.platform.engine.support.hierarchical.Node.around(Node.java:137)
	at org.junit.platform.engine.support.hierarchical.NodeTestTask.lambda$executeRecursively$9(NodeTestTask.java:144)
	at org.junit.platform.engine.support.hierarchical.ThrowableCollector.execute(ThrowableCollector.java:73)
	at org.junit.platform.engine.support.hierarchical.NodeTestTask.executeRecursively(NodeTestTask.java:143)
	at org.junit.platform.engine.support.hierarchical.NodeTestTask.execute(NodeTestTask.java:100)
	at org.junit.platform.engine.support.hierarchical.SameThreadHierarchicalTestExecutorService.submit(SameThreadHierarchicalTestExecutorService.java:35)
	at org.junit.platform.engine.support.hierarchical.HierarchicalTestExecutor.execute(HierarchicalTestExecutor.java:57)
	at org.junit.platform.engine.support.hierarchical.HierarchicalTestEngine.execute(HierarchicalTestEngine.java:54)
	at org.junit.platform.launcher.core.EngineExecutionOrchestrator.execute(EngineExecutionOrchestrator.java:198)
	at org.junit.platform.launcher.core.EngineExecutionOrchestrator.execute(EngineExecutionOrchestrator.java:169)
	at org.junit.platform.launcher.core.EngineExecutionOrchestrator.execute(EngineExecutionOrchestrator.java:93)
	at org.junit.platform.launcher.core.EngineExecutionOrchestrator.lambda$execute$0(EngineExecutionOrchestrator.java:58)
	at org.junit.platform.launcher.core.EngineExecutionOrchestrator.withInterceptedStreams(EngineExecutionOrchestrator.java:141)
	at org.junit.platform.launcher.core.EngineExecutionOrchestrator.execute(EngineExecutionOrchestrator.java:57)
	at org.junit.platform.launcher.core.DefaultLauncher.execute(DefaultLauncher.java:103)
	at org.junit.platform.launcher.core.DefaultLauncher.execute(DefaultLauncher.java:85)
	at org.junit.platform.launcher.core.DelegatingLauncher.execute(DelegatingLauncher.java:47)
	at org.apache.maven.surefire.junitplatform.LazyLauncher.execute(LazyLauncher.java:56)
	at org.apache.maven.surefire.junitplatform.JUnitPlatformProvider.execute(JUnitPlatformProvider.java:184)
	at org.apache.maven.surefire.junitplatform.JUnitPlatformProvider.invokeAllTests(JUnitPlatformProvider.java:148)
	at org.apache.maven.surefire.junitplatform.JUnitPlatformProvider.invoke(JUnitPlatformProvider.java:122)
	at org.apache.maven.surefire.booter.ForkedBooter.runSuitesInProcess(ForkedBooter.java:385)
	at org.apache.maven.surefire.booter.ForkedBooter.execute(ForkedBooter.java:162)
	at org.apache.maven.surefire.booter.ForkedBooter.run(ForkedBooter.java:507)
	at org.apache.maven.surefire.booter.ForkedBooter.main(ForkedBooter.java:495)
Caused by: jakarta.persistence.PersistenceException: [PersistenceUnit: default] Unable to build Hibernate SessionFactory; nested exception is org.hibernate.exception.GenericJDBCException: Unable to open JDBC Connection for DDL execution [Access denied for user 'root'@'localhost' (using password: YES)] [n/a]
	at org.springframework.orm.jpa.AbstractEntityManagerFactoryBean.buildNativeEntityManagerFactory(AbstractEntityManagerFactoryBean.java:431)
	at org.springframework.orm.jpa.AbstractEntityManagerFactoryBean.afterPropertiesSet(AbstractEntityManagerFactoryBean.java:400)
	at org.springframework.orm.jpa.LocalContainerEntityManagerFactoryBean.afterPropertiesSet(LocalContainerEntityManagerFactoryBean.java:366)
	at org.springframework.beans.factory.support.AbstractAutowireCapableBeanFactory.invokeInitMethods(AbstractAutowireCapableBeanFactory.java:1855)
	at org.springframework.beans.factory.support.AbstractAutowireCapableBeanFactory.initializeBean(AbstractAutowireCapableBeanFactory.java:1804)
	... 95 common frames omitted
Caused by: org.hibernate.exception.GenericJDBCException: Unable to open JDBC Connection for DDL execution [Access denied for user 'root'@'localhost' (using password: YES)] [n/a]
	at org.hibernate.exception.internal.StandardSQLExceptionConverter.convert(StandardSQLExceptionConverter.java:63)
	at org.hibernate.engine.jdbc.spi.SqlExceptionHelper.convert(SqlExceptionHelper.java:108)
	at org.hibernate.engine.jdbc.spi.SqlExceptionHelper.convert(SqlExceptionHelper.java:94)
	at org.hibernate.resource.transaction.backend.jdbc.internal.DdlTransactionIsolatorNonJtaImpl.getIsolatedConnection(DdlTransactionIsolatorNonJtaImpl.java:74)
	at org.hibernate.resource.transaction.backend.jdbc.internal.DdlTransactionIsolatorNonJtaImpl.getIsolatedConnection(DdlTransactionIsolatorNonJtaImpl.java:39)
	at org.hibernate.tool.schema.internal.exec.ImprovedExtractionContextImpl.getJdbcConnection(ImprovedExtractionContextImpl.java:63)
	at org.hibernate.tool.schema.internal.exec.ImprovedExtractionContextImpl.getJdbcDatabaseMetaData(ImprovedExtractionContextImpl.java:70)
	at org.hibernate.tool.schema.extract.internal.InformationExtractorJdbcDatabaseMetaDataImpl.processTableResultSet(InformationExtractorJdbcDatabaseMetaDataImpl.java:65)
	at org.hibernate.tool.schema.extract.internal.AbstractInformationExtractorImpl.getTables(AbstractInformationExtractorImpl.java:570)
	at org.hibernate.tool.schema.extract.internal.DatabaseInformationImpl.getTablesInformation(DatabaseInformationImpl.java:122)
	at org.hibernate.tool.schema.internal.GroupedSchemaMigratorImpl.performTablesMigration(GroupedSchemaMigratorImpl.java:72)
	at org.hibernate.tool.schema.internal.AbstractSchemaMigrator.performMigration(AbstractSchemaMigrator.java:233)
	at org.hibernate.tool.schema.internal.AbstractSchemaMigrator.doMigration(AbstractSchemaMigrator.java:112)
	at org.hibernate.tool.schema.spi.SchemaManagementToolCoordinator.performDatabaseAction(SchemaManagementToolCoordinator.java:280)
	at org.hibernate.tool.schema.spi.SchemaManagementToolCoordinator.lambda$process$5(SchemaManagementToolCoordinator.java:144)
	at java.base/java.util.HashMap.forEach(HashMap.java:1421)
	at org.hibernate.tool.schema.spi.SchemaManagementToolCoordinator.process(SchemaManagementToolCoordinator.java:141)
	at org.hibernate.boot.internal.SessionFactoryObserverForSchemaExport.sessionFactoryCreated(SessionFactoryObserverForSchemaExport.java:37)
	at org.hibernate.internal.SessionFactoryObserverChain.sessionFactoryCreated(SessionFactoryObserverChain.java:35)
	at org.hibernate.internal.SessionFactoryImpl.<init>(SessionFactoryImpl.java:324)
	at org.hibernate.boot.internal.SessionFactoryBuilderImpl.build(SessionFactoryBuilderImpl.java:463)
	at org.hibernate.jpa.boot.internal.EntityManagerFactoryBuilderImpl.build(EntityManagerFactoryBuilderImpl.java:1506)
	at org.springframework.orm.jpa.vendor.SpringHibernateJpaPersistenceProvider.createContainerEntityManagerFactory(SpringHibernateJpaPersistenceProvider.java:66)
	at org.springframework.orm.jpa.LocalContainerEntityManagerFactoryBean.createNativeEntityManagerFactory(LocalContainerEntityManagerFactoryBean.java:390)
	at org.springframework.orm.jpa.AbstractEntityManagerFactoryBean.buildNativeEntityManagerFactory(AbstractEntityManagerFactoryBean.java:419)
	... 99 common frames omitted
Caused by: java.sql.SQLException: Access denied for user 'root'@'localhost' (using password: YES)
	at com.mysql.cj.jdbc.exceptions.SQLError.createSQLException(SQLError.java:121)
	at com.mysql.cj.jdbc.exceptions.SQLExceptionsMapping.translateException(SQLExceptionsMapping.java:114)
	at com.mysql.cj.jdbc.ConnectionImpl.createNewIO(ConnectionImpl.java:837)
	at com.mysql.cj.jdbc.ConnectionImpl.<init>(ConnectionImpl.java:420)
	at com.mysql.cj.jdbc.ConnectionImpl.getInstance(ConnectionImpl.java:238)
	at com.mysql.cj.jdbc.NonRegisteringDriver.connect(NonRegisteringDriver.java:180)
	at com.zaxxer.hikari.util.DriverDataSource.getConnection(DriverDataSource.java:137)
	at com.zaxxer.hikari.pool.PoolBase.newConnection(PoolBase.java:360)
	at com.zaxxer.hikari.pool.PoolBase.newPoolEntry(PoolBase.java:202)
	at com.zaxxer.hikari.pool.HikariPool.createPoolEntry(HikariPool.java:461)
	at com.zaxxer.hikari.pool.HikariPool.checkFailFast(HikariPool.java:550)
	at com.zaxxer.hikari.pool.HikariPool.<init>(HikariPool.java:98)
	at com.zaxxer.hikari.HikariDataSource.getConnection(HikariDataSource.java:111)
	at org.hibernate.engine.jdbc.connections.internal.DatasourceConnectionProviderImpl.getConnection(DatasourceConnectionProviderImpl.java:126)
	at org.hibernate.engine.jdbc.env.internal.JdbcEnvironmentInitiator$ConnectionProviderJdbcConnectionAccess.obtainConnection(JdbcEnvironmentInitiator.java:467)
	at org.hibernate.resource.transaction.backend.jdbc.internal.DdlTransactionIsolatorNonJtaImpl.getIsolatedConnection(DdlTransactionIsolatorNonJtaImpl.java:46)
	... 120 common frames omitted
2025-02-03 12:08:32 [main] WARN  o.s.test.context.TestContextManager - Caught exception while allowing TestExecutionListener [org.springframework.test.context.web.ServletTestExecutionListener] to prepare test instance [com.rts.tap.BackendApiApplicationTests@21e5feb]
java.lang.IllegalStateException: Failed to load ApplicationContext for [WebMergedContextConfiguration@38f0de07 testClass = com.rts.tap.BackendApiApplicationTests, locations = [], classes = [com.rts.tap.MrfServiceApplication], contextInitializerClasses = [], activeProfiles = [], propertySourceDescriptors = [], propertySourceProperties = ["org.springframework.boot.test.context.SpringBootTestContextBootstrapper=true"], contextCustomizers = [org.springframework.boot.test.context.filter.ExcludeFilterContextCustomizer@64a8c844, org.springframework.boot.test.json.DuplicateJsonObjectContextCustomizerFactory$DuplicateJsonObjectContextCustomizer@68ad99fe, org.springframework.boot.test.mock.mockito.MockitoContextCustomizer@0, org.springframework.boot.test.web.client.TestRestTemplateContextCustomizer@85e6769, org.springframework.boot.test.web.reactive.server.WebTestClientContextCustomizer@4e858e0a, org.springframework.boot.test.web.reactor.netty.DisableReactorResourceFactoryGlobalResourcesContextCustomizerFactory$DisableReactorResourceFactoryGlobalResourcesContextCustomizerCustomizer@5a85c92, org.springframework.boot.test.autoconfigure.OnFailureConditionReportContextCustomizerFactory$OnFailureConditionReportContextCustomizer@53dacd14, org.springframework.boot.test.autoconfigure.actuate.observability.ObservabilityContextCustomizerFactory$DisableObservabilityContextCustomizer@1f, org.springframework.boot.test.autoconfigure.properties.PropertyMappingContextCustomizer@0, org.springframework.boot.test.autoconfigure.web.servlet.WebDriverContextCustomizer@6bea52d4, org.springframework.test.context.support.DynamicPropertiesContextCustomizer@0, org.springframework.boot.test.context.SpringBootTestAnnotation@87ccf24d], resourceBasePath = "src/main/webapp", contextLoader = org.springframework.boot.test.context.SpringBootContextLoader, parent = null]
	at org.springframework.test.context.cache.DefaultCacheAwareContextLoaderDelegate.loadContext(DefaultCacheAwareContextLoaderDelegate.java:180)
	at org.springframework.test.context.support.DefaultTestContext.getApplicationContext(DefaultTestContext.java:130)
	at org.springframework.test.context.web.ServletTestExecutionListener.setUpRequestContextIfNecessary(ServletTestExecutionListener.java:191)
	at org.springframework.test.context.web.ServletTestExecutionListener.prepareTestInstance(ServletTestExecutionListener.java:130)
	at org.springframework.test.context.TestContextManager.prepareTestInstance(TestContextManager.java:260)
	at org.springframework.test.context.junit.jupiter.SpringExtension.postProcessTestInstance(SpringExtension.java:160)
	at org.junit.jupiter.engine.descriptor.ClassBasedTestDescriptor.lambda$invokeTestInstancePostProcessors$11(ClassBasedTestDescriptor.java:378)
	at org.junit.jupiter.engine.descriptor.ClassBasedTestDescriptor.executeAndMaskThrowable(ClassBasedTestDescriptor.java:383)
	at org.junit.jupiter.engine.descriptor.ClassBasedTestDescriptor.lambda$invokeTestInstancePostProcessors$12(ClassBasedTestDescriptor.java:378)
	at java.base/java.util.stream.ForEachOps$ForEachOp$OfRef.accept(ForEachOps.java:183)
	at java.base/java.util.stream.ReferencePipeline$3$1.accept(ReferencePipeline.java:197)
	at java.base/java.util.stream.ReferencePipeline$2$1.accept(ReferencePipeline.java:179)
	at java.base/java.util.stream.ReferencePipeline$3$1.accept(ReferencePipeline.java:197)
	at java.base/java.util.ArrayList$ArrayListSpliterator.forEachRemaining(ArrayList.java:1625)
	at java.base/java.util.stream.AbstractPipeline.copyInto(AbstractPipeline.java:509)
	at java.base/java.util.stream.AbstractPipeline.wrapAndCopyInto(AbstractPipeline.java:499)
	at java.base/java.util.stream.ForEachOps$ForEachOp.evaluateSequential(ForEachOps.java:150)
	at java.base/java.util.stream.ForEachOps$ForEachOp$OfRef.evaluateSequential(ForEachOps.java:173)
	at java.base/java.util.stream.AbstractPipeline.evaluate(AbstractPipeline.java:234)
	at java.base/java.util.stream.ReferencePipeline.forEach(ReferencePipeline.java:596)
	at org.junit.jupiter.engine.descriptor.ClassBasedTestDescriptor.invokeTestInstancePostProcessors(ClassBasedTestDescriptor.java:377)
	at org.junit.jupiter.engine.descriptor.ClassBasedTestDescriptor.lambda$instantiateAndPostProcessTestInstance$7(ClassBasedTestDescriptor.java:290)
	at org.junit.platform.engine.support.hierarchical.ThrowableCollector.execute(ThrowableCollector.java:73)
	at org.junit.jupiter.engine.descriptor.ClassBasedTestDescriptor.instantiateAndPostProcessTestInstance(ClassBasedTestDescriptor.java:289)
	at org.junit.jupiter.engine.descriptor.ClassBasedTestDescriptor.lambda$testInstancesProvider$5(ClassBasedTestDescriptor.java:279)
	at java.base/java.util.Optional.orElseGet(Optional.java:364)
	at org.junit.jupiter.engine.descriptor.ClassBasedTestDescriptor.lambda$testInstancesProvider$6(ClassBasedTestDescriptor.java:278)
	at org.junit.jupiter.engine.execution.TestInstancesProvider.getTestInstances(TestInstancesProvider.java:31)
	at org.junit.jupiter.engine.descriptor.TestMethodTestDescriptor.lambda$prepare$1(TestMethodTestDescriptor.java:105)
	at org.junit.platform.engine.support.hierarchical.ThrowableCollector.execute(ThrowableCollector.java:73)
	at org.junit.jupiter.engine.descriptor.TestMethodTestDescriptor.prepare(TestMethodTestDescriptor.java:104)
	at org.junit.jupiter.engine.descriptor.TestMethodTestDescriptor.prepare(TestMethodTestDescriptor.java:68)
	at org.junit.platform.engine.support.hierarchical.NodeTestTask.lambda$prepare$2(NodeTestTask.java:128)
	at org.junit.platform.engine.support.hierarchical.ThrowableCollector.execute(ThrowableCollector.java:73)
	at org.junit.platform.engine.support.hierarchical.NodeTestTask.prepare(NodeTestTask.java:128)
	at org.junit.platform.engine.support.hierarchical.NodeTestTask.execute(NodeTestTask.java:95)
	at java.base/java.util.ArrayList.forEach(ArrayList.java:1511)
	at org.junit.platform.engine.support.hierarchical.SameThreadHierarchicalTestExecutorService.invokeAll(SameThreadHierarchicalTestExecutorService.java:41)
	at org.junit.platform.engine.support.hierarchical.NodeTestTask.lambda$executeRecursively$6(NodeTestTask.java:160)
	at org.junit.platform.engine.support.hierarchical.ThrowableCollector.execute(ThrowableCollector.java:73)
	at org.junit.platform.engine.support.hierarchical.NodeTestTask.lambda$executeRecursively$8(NodeTestTask.java:146)
	at org.junit.platform.engine.support.hierarchical.Node.around(Node.java:137)
	at org.junit.platform.engine.support.hierarchical.NodeTestTask.lambda$executeRecursively$9(NodeTestTask.java:144)
	at org.junit.platform.engine.support.hierarchical.ThrowableCollector.execute(ThrowableCollector.java:73)
	at org.junit.platform.engine.support.hierarchical.NodeTestTask.executeRecursively(NodeTestTask.java:143)
	at org.junit.platform.engine.support.hierarchical.NodeTestTask.execute(NodeTestTask.java:100)
	at java.base/java.util.ArrayList.forEach(ArrayList.java:1511)
	at org.junit.platform.engine.support.hierarchical.SameThreadHierarchicalTestExecutorService.invokeAll(SameThreadHierarchicalTestExecutorService.java:41)
	at org.junit.platform.engine.support.hierarchical.NodeTestTask.lambda$executeRecursively$6(NodeTestTask.java:160)
	at org.junit.platform.engine.support.hierarchical.ThrowableCollector.execute(ThrowableCollector.java:73)
	at org.junit.platform.engine.support.hierarchical.NodeTestTask.lambda$executeRecursively$8(NodeTestTask.java:146)
	at org.junit.platform.engine.support.hierarchical.Node.around(Node.java:137)
	at org.junit.platform.engine.support.hierarchical.NodeTestTask.lambda$executeRecursively$9(NodeTestTask.java:144)
	at org.junit.platform.engine.support.hierarchical.ThrowableCollector.execute(ThrowableCollector.java:73)
	at org.junit.platform.engine.support.hierarchical.NodeTestTask.executeRecursively(NodeTestTask.java:143)
	at org.junit.platform.engine.support.hierarchical.NodeTestTask.execute(NodeTestTask.java:100)
	at org.junit.platform.engine.support.hierarchical.SameThreadHierarchicalTestExecutorService.submit(SameThreadHierarchicalTestExecutorService.java:35)
	at org.junit.platform.engine.support.hierarchical.HierarchicalTestExecutor.execute(HierarchicalTestExecutor.java:57)
	at org.junit.platform.engine.support.hierarchical.HierarchicalTestEngine.execute(HierarchicalTestEngine.java:54)
	at org.junit.platform.launcher.core.EngineExecutionOrchestrator.execute(EngineExecutionOrchestrator.java:198)
	at org.junit.platform.launcher.core.EngineExecutionOrchestrator.execute(EngineExecutionOrchestrator.java:169)
	at org.junit.platform.launcher.core.EngineExecutionOrchestrator.execute(EngineExecutionOrchestrator.java:93)
	at org.junit.platform.launcher.core.EngineExecutionOrchestrator.lambda$execute$0(EngineExecutionOrchestrator.java:58)
	at org.junit.platform.launcher.core.EngineExecutionOrchestrator.withInterceptedStreams(EngineExecutionOrchestrator.java:141)
	at org.junit.platform.launcher.core.EngineExecutionOrchestrator.execute(EngineExecutionOrchestrator.java:57)
	at org.junit.platform.launcher.core.DefaultLauncher.execute(DefaultLauncher.java:103)
	at org.junit.platform.launcher.core.DefaultLauncher.execute(DefaultLauncher.java:85)
	at org.junit.platform.launcher.core.DelegatingLauncher.execute(DelegatingLauncher.java:47)
	at org.apache.maven.surefire.junitplatform.LazyLauncher.execute(LazyLauncher.java:56)
	at org.apache.maven.surefire.junitplatform.JUnitPlatformProvider.execute(JUnitPlatformProvider.java:184)
	at org.apache.maven.surefire.junitplatform.JUnitPlatformProvider.invokeAllTests(JUnitPlatformProvider.java:148)
	at org.apache.maven.surefire.junitplatform.JUnitPlatformProvider.invoke(JUnitPlatformProvider.java:122)
	at org.apache.maven.surefire.booter.ForkedBooter.runSuitesInProcess(ForkedBooter.java:385)
	at org.apache.maven.surefire.booter.ForkedBooter.execute(ForkedBooter.java:162)
	at org.apache.maven.surefire.booter.ForkedBooter.run(ForkedBooter.java:507)
	at org.apache.maven.surefire.booter.ForkedBooter.main(ForkedBooter.java:495)
Caused by: org.springframework.beans.factory.BeanCreationException: Error creating bean with name 'entityManagerFactory' defined in class path resource [org/springframework/boot/autoconfigure/orm/jpa/HibernateJpaConfiguration.class]: [PersistenceUnit: default] Unable to build Hibernate SessionFactory; nested exception is org.hibernate.exception.GenericJDBCException: Unable to open JDBC Connection for DDL execution [Access denied for user 'root'@'localhost' (using password: YES)] [n/a]
	at org.springframework.beans.factory.support.AbstractAutowireCapableBeanFactory.initializeBean(AbstractAutowireCapableBeanFactory.java:1808)
	at org.springframework.beans.factory.support.AbstractAutowireCapableBeanFactory.doCreateBean(AbstractAutowireCapableBeanFactory.java:601)
	at org.springframework.beans.factory.support.AbstractAutowireCapableBeanFactory.createBean(AbstractAutowireCapableBeanFactory.java:523)
	at org.springframework.beans.factory.support.AbstractBeanFactory.lambda$doGetBean$0(AbstractBeanFactory.java:336)
	at org.springframework.beans.factory.support.DefaultSingletonBeanRegistry.getSingleton(DefaultSingletonBeanRegistry.java:289)
	at org.springframework.beans.factory.support.AbstractBeanFactory.doGetBean(AbstractBeanFactory.java:334)
	at org.springframework.beans.factory.support.AbstractBeanFactory.getBean(AbstractBeanFactory.java:204)
	at org.springframework.context.support.AbstractApplicationContext.finishBeanFactoryInitialization(AbstractApplicationContext.java:970)
	at org.springframework.context.support.AbstractApplicationContext.refresh(AbstractApplicationContext.java:627)
	at org.springframework.boot.SpringApplication.refresh(SpringApplication.java:752)
	at org.springframework.boot.SpringApplication.refreshContext(SpringApplication.java:439)
	at org.springframework.boot.SpringApplication.run(SpringApplication.java:318)
	at org.springframework.boot.test.context.SpringBootContextLoader.lambda$loadContext$3(SpringBootContextLoader.java:137)
	at org.springframework.util.function.ThrowingSupplier.get(ThrowingSupplier.java:58)
	at org.springframework.util.function.ThrowingSupplier.get(ThrowingSupplier.java:46)
	at org.springframework.boot.SpringApplication.withHook(SpringApplication.java:1461)
	at org.springframework.boot.test.context.SpringBootContextLoader$ContextLoaderHook.run(SpringBootContextLoader.java:553)
	at org.springframework.boot.test.context.SpringBootContextLoader.loadContext(SpringBootContextLoader.java:137)
	at org.springframework.boot.test.context.SpringBootContextLoader.loadContext(SpringBootContextLoader.java:108)
	at org.springframework.test.context.cache.DefaultCacheAwareContextLoaderDelegate.loadContextInternal(DefaultCacheAwareContextLoaderDelegate.java:225)
	at org.springframework.test.context.cache.DefaultCacheAwareContextLoaderDelegate.loadContext(DefaultCacheAwareContextLoaderDelegate.java:152)
	... 75 common frames omitted
Caused by: jakarta.persistence.PersistenceException: [PersistenceUnit: default] Unable to build Hibernate SessionFactory; nested exception is org.hibernate.exception.GenericJDBCException: Unable to open JDBC Connection for DDL execution [Access denied for user 'root'@'localhost' (using password: YES)] [n/a]
	at org.springframework.orm.jpa.AbstractEntityManagerFactoryBean.buildNativeEntityManagerFactory(AbstractEntityManagerFactoryBean.java:431)
	at org.springframework.orm.jpa.AbstractEntityManagerFactoryBean.afterPropertiesSet(AbstractEntityManagerFactoryBean.java:400)
	at org.springframework.orm.jpa.LocalContainerEntityManagerFactoryBean.afterPropertiesSet(LocalContainerEntityManagerFactoryBean.java:366)
	at org.springframework.beans.factory.support.AbstractAutowireCapableBeanFactory.invokeInitMethods(AbstractAutowireCapableBeanFactory.java:1855)
	at org.springframework.beans.factory.support.AbstractAutowireCapableBeanFactory.initializeBean(AbstractAutowireCapableBeanFactory.java:1804)
	... 95 common frames omitted
Caused by: org.hibernate.exception.GenericJDBCException: Unable to open JDBC Connection for DDL execution [Access denied for user 'root'@'localhost' (using password: YES)] [n/a]
	at org.hibernate.exception.internal.StandardSQLExceptionConverter.convert(StandardSQLExceptionConverter.java:63)
	at org.hibernate.engine.jdbc.spi.SqlExceptionHelper.convert(SqlExceptionHelper.java:108)
	at org.hibernate.engine.jdbc.spi.SqlExceptionHelper.convert(SqlExceptionHelper.java:94)
	at org.hibernate.resource.transaction.backend.jdbc.internal.DdlTransactionIsolatorNonJtaImpl.getIsolatedConnection(DdlTransactionIsolatorNonJtaImpl.java:74)
	at org.hibernate.resource.transaction.backend.jdbc.internal.DdlTransactionIsolatorNonJtaImpl.getIsolatedConnection(DdlTransactionIsolatorNonJtaImpl.java:39)
	at org.hibernate.tool.schema.internal.exec.ImprovedExtractionContextImpl.getJdbcConnection(ImprovedExtractionContextImpl.java:63)
	at org.hibernate.tool.schema.internal.exec.ImprovedExtractionContextImpl.getJdbcDatabaseMetaData(ImprovedExtractionContextImpl.java:70)
	at org.hibernate.tool.schema.extract.internal.InformationExtractorJdbcDatabaseMetaDataImpl.processTableResultSet(InformationExtractorJdbcDatabaseMetaDataImpl.java:65)
	at org.hibernate.tool.schema.extract.internal.AbstractInformationExtractorImpl.getTables(AbstractInformationExtractorImpl.java:570)
	at org.hibernate.tool.schema.extract.internal.DatabaseInformationImpl.getTablesInformation(DatabaseInformationImpl.java:122)
	at org.hibernate.tool.schema.internal.GroupedSchemaMigratorImpl.performTablesMigration(GroupedSchemaMigratorImpl.java:72)
	at org.hibernate.tool.schema.internal.AbstractSchemaMigrator.performMigration(AbstractSchemaMigrator.java:233)
	at org.hibernate.tool.schema.internal.AbstractSchemaMigrator.doMigration(AbstractSchemaMigrator.java:112)
	at org.hibernate.tool.schema.spi.SchemaManagementToolCoordinator.performDatabaseAction(SchemaManagementToolCoordinator.java:280)
	at org.hibernate.tool.schema.spi.SchemaManagementToolCoordinator.lambda$process$5(SchemaManagementToolCoordinator.java:144)
	at java.base/java.util.HashMap.forEach(HashMap.java:1421)
	at org.hibernate.tool.schema.spi.SchemaManagementToolCoordinator.process(SchemaManagementToolCoordinator.java:141)
	at org.hibernate.boot.internal.SessionFactoryObserverForSchemaExport.sessionFactoryCreated(SessionFactoryObserverForSchemaExport.java:37)
	at org.hibernate.internal.SessionFactoryObserverChain.sessionFactoryCreated(SessionFactoryObserverChain.java:35)
	at org.hibernate.internal.SessionFactoryImpl.<init>(SessionFactoryImpl.java:324)
	at org.hibernate.boot.internal.SessionFactoryBuilderImpl.build(SessionFactoryBuilderImpl.java:463)
	at org.hibernate.jpa.boot.internal.EntityManagerFactoryBuilderImpl.build(EntityManagerFactoryBuilderImpl.java:1506)
	at org.springframework.orm.jpa.vendor.SpringHibernateJpaPersistenceProvider.createContainerEntityManagerFactory(SpringHibernateJpaPersistenceProvider.java:66)
	at org.springframework.orm.jpa.LocalContainerEntityManagerFactoryBean.createNativeEntityManagerFactory(LocalContainerEntityManagerFactoryBean.java:390)
	at org.springframework.orm.jpa.AbstractEntityManagerFactoryBean.buildNativeEntityManagerFactory(AbstractEntityManagerFactoryBean.java:419)
	... 99 common frames omitted
Caused by: java.sql.SQLException: Access denied for user 'root'@'localhost' (using password: YES)
	at com.mysql.cj.jdbc.exceptions.SQLError.createSQLException(SQLError.java:121)
	at com.mysql.cj.jdbc.exceptions.SQLExceptionsMapping.translateException(SQLExceptionsMapping.java:114)
	at com.mysql.cj.jdbc.ConnectionImpl.createNewIO(ConnectionImpl.java:837)
	at com.mysql.cj.jdbc.ConnectionImpl.<init>(ConnectionImpl.java:420)
	at com.mysql.cj.jdbc.ConnectionImpl.getInstance(ConnectionImpl.java:238)
	at com.mysql.cj.jdbc.NonRegisteringDriver.connect(NonRegisteringDriver.java:180)
	at com.zaxxer.hikari.util.DriverDataSource.getConnection(DriverDataSource.java:137)
	at com.zaxxer.hikari.pool.PoolBase.newConnection(PoolBase.java:360)
	at com.zaxxer.hikari.pool.PoolBase.newPoolEntry(PoolBase.java:202)
	at com.zaxxer.hikari.pool.HikariPool.createPoolEntry(HikariPool.java:461)
	at com.zaxxer.hikari.pool.HikariPool.checkFailFast(HikariPool.java:550)
	at com.zaxxer.hikari.pool.HikariPool.<init>(HikariPool.java:98)
	at com.zaxxer.hikari.HikariDataSource.getConnection(HikariDataSource.java:111)
	at org.hibernate.engine.jdbc.connections.internal.DatasourceConnectionProviderImpl.getConnection(DatasourceConnectionProviderImpl.java:126)
	at org.hibernate.engine.jdbc.env.internal.JdbcEnvironmentInitiator$ConnectionProviderJdbcConnectionAccess.obtainConnection(JdbcEnvironmentInitiator.java:467)
	at org.hibernate.resource.transaction.backend.jdbc.internal.DdlTransactionIsolatorNonJtaImpl.getIsolatedConnection(DdlTransactionIsolatorNonJtaImpl.java:46)
	... 120 common frames omitted
]]></system-out>
    <system-err><![CDATA[


============================
CONDITIONS EVALUATION REPORT
============================


Positive matches:
-----------------

   AopAutoConfiguration matched:
      - @ConditionalOnProperty (spring.aop.auto=true) matched (OnPropertyCondition)

   AopAutoConfiguration.AspectJAutoProxyingConfiguration matched:
      - @ConditionalOnClass found required class 'org.aspectj.weaver.Advice' (OnClassCondition)

   AopAutoConfiguration.AspectJAutoProxyingConfiguration.CglibAutoProxyConfiguration matched:
      - @ConditionalOnProperty (spring.aop.proxy-target-class=true) matched (OnPropertyCondition)

   ApplicationAvailabilityAutoConfiguration#applicationAvailability matched:
      - @ConditionalOnMissingBean (types: org.springframework.boot.availability.ApplicationAvailability; SearchStrategy: all) did not find any beans (OnBeanCondition)

   AutoServiceRegistrationAutoConfiguration matched:
      - @ConditionalOnProperty (spring.cloud.service-registry.auto-registration.enabled) matched (OnPropertyCondition)

   AutoServiceRegistrationConfiguration matched:
      - @ConditionalOnProperty (spring.cloud.service-registry.auto-registration.enabled) matched (OnPropertyCondition)

   BlockingLoadBalancerClientAutoConfiguration matched:
      - @ConditionalOnProperty (spring.cloud.loadbalancer.enabled=true) matched (OnPropertyCondition)
      - AnyNestedCondition 2 matched 0 did not; NestedCondition on BlockingRestClassesPresentCondition.RestClientPresent @ConditionalOnClass found required class 'org.springframework.web.client.RestClient'; NestedCondition on BlockingRestClassesPresentCondition.RestTemplatePresent @ConditionalOnClass found required class 'org.springframework.web.client.RestTemplate' (BlockingRestClassesPresentCondition)

   BlockingLoadBalancerClientAutoConfiguration#blockingLoadBalancerClient matched:
      - @ConditionalOnBean (types: org.springframework.cloud.loadbalancer.support.LoadBalancerClientFactory; SearchStrategy: all) found bean 'loadBalancerClientFactory'; @ConditionalOnMissingBean (types: org.springframework.cloud.client.loadbalancer.LoadBalancerClient; SearchStrategy: all) did not find any beans (OnBeanCondition)

   BlockingLoadBalancerClientAutoConfiguration#loadBalancerServiceInstanceCookieTransformer matched:
      - @ConditionalOnBean (types: org.springframework.cloud.loadbalancer.support.LoadBalancerClientFactory; SearchStrategy: all) found bean 'loadBalancerClientFactory'; @ConditionalOnMissingBean (types: org.springframework.cloud.loadbalancer.core.LoadBalancerServiceInstanceCookieTransformer; SearchStrategy: all) did not find any beans (OnBeanCondition)

   BlockingLoadBalancerClientAutoConfiguration#xForwarderHeadersTransformer matched:
      - @ConditionalOnBean (types: org.springframework.cloud.loadbalancer.support.LoadBalancerClientFactory; SearchStrategy: all) found bean 'loadBalancerClientFactory'; @ConditionalOnMissingBean (types: org.springframework.cloud.loadbalancer.blocking.XForwardedHeadersTransformer; SearchStrategy: all) did not find any beans (OnBeanCondition)

   ClientHttpConnectorAutoConfiguration matched:
      - @ConditionalOnClass found required class 'org.springframework.web.reactive.function.client.WebClient' (OnClassCondition)

   ClientHttpConnectorAutoConfiguration#webClientHttpConnector matched:
      - @ConditionalOnMissingBean (types: org.springframework.http.client.reactive.ClientHttpConnector; SearchStrategy: all) did not find any beans (OnBeanCondition)

   ClientHttpConnectorAutoConfiguration#webClientHttpConnectorCustomizer matched:
      - @ConditionalOnBean (types: org.springframework.http.client.reactive.ClientHttpConnector; SearchStrategy: all) found bean 'webClientHttpConnector' (OnBeanCondition)

   ClientHttpConnectorFactoryConfiguration.ReactorNetty matched:
      - @ConditionalOnClass found required class 'reactor.netty.http.client.HttpClient' (OnClassCondition)
      - @ConditionalOnMissingBean (types: org.springframework.boot.autoconfigure.web.reactive.function.client.ClientHttpConnectorFactory; SearchStrategy: all) did not find any beans (OnBeanCondition)

   CodecsAutoConfiguration matched:
      - @ConditionalOnClass found required classes 'org.springframework.http.codec.CodecConfigurer', 'org.springframework.web.reactive.function.client.WebClient' (OnClassCondition)

   CodecsAutoConfiguration.JacksonCodecConfiguration matched:
      - @ConditionalOnClass found required class 'com.fasterxml.jackson.databind.ObjectMapper' (OnClassCondition)

   CodecsAutoConfiguration.JacksonCodecConfiguration#jacksonCodecCustomizer matched:
      - @ConditionalOnBean (types: com.fasterxml.jackson.databind.ObjectMapper; SearchStrategy: all) found bean 'jacksonObjectMapper' (OnBeanCondition)

   CompatibilityVerifierAutoConfiguration matched:
      - @ConditionalOnProperty (spring.cloud.compatibility-verifier.enabled) matched (OnPropertyCondition)

   ConfigurationPropertiesRebinderAutoConfiguration matched:
      - @ConditionalOnBean (types: org.springframework.boot.context.properties.ConfigurationPropertiesBindingPostProcessor; SearchStrategy: all) found bean 'org.springframework.boot.context.properties.ConfigurationPropertiesBindingPostProcessor' (OnBeanCondition)

   ConfigurationPropertiesRebinderAutoConfiguration#configurationPropertiesBeans matched:
      - @ConditionalOnMissingBean (types: org.springframework.cloud.context.properties.ConfigurationPropertiesBeans; SearchStrategy: current) did not find any beans (OnBeanCondition)

   ConfigurationPropertiesRebinderAutoConfiguration#configurationPropertiesRebinder matched:
      - @ConditionalOnMissingBean (types: org.springframework.cloud.context.properties.ConfigurationPropertiesRebinder; SearchStrategy: current) did not find any beans (OnBeanCondition)

   DataSourceAutoConfiguration matched:
      - @ConditionalOnClass found required classes 'javax.sql.DataSource', 'org.springframework.jdbc.datasource.embedded.EmbeddedDatabaseType' (OnClassCondition)
      - @ConditionalOnMissingBean (types: io.r2dbc.spi.ConnectionFactory; SearchStrategy: all) did not find any beans (OnBeanCondition)

   DataSourceAutoConfiguration.PooledDataSourceConfiguration matched:
      - AnyNestedCondition 1 matched 1 did not; NestedCondition on DataSourceAutoConfiguration.PooledDataSourceCondition.PooledDataSourceAvailable PooledDataSource found supported DataSource; NestedCondition on DataSourceAutoConfiguration.PooledDataSourceCondition.ExplicitType @ConditionalOnProperty (spring.datasource.type) did not find property 'type' (DataSourceAutoConfiguration.PooledDataSourceCondition)
      - @ConditionalOnMissingBean (types: javax.sql.DataSource,javax.sql.XADataSource; SearchStrategy: all) did not find any beans (OnBeanCondition)

   DataSourceAutoConfiguration.PooledDataSourceConfiguration#jdbcConnectionDetails matched:
      - @ConditionalOnMissingBean (types: org.springframework.boot.autoconfigure.jdbc.JdbcConnectionDetails; SearchStrategy: all) did not find any beans (OnBeanCondition)

   DataSourceConfiguration.Hikari matched:
      - @ConditionalOnClass found required class 'com.zaxxer.hikari.HikariDataSource' (OnClassCondition)
      - @ConditionalOnProperty (spring.datasource.type=com.zaxxer.hikari.HikariDataSource) matched (OnPropertyCondition)
      - @ConditionalOnMissingBean (types: javax.sql.DataSource; SearchStrategy: all) did not find any beans (OnBeanCondition)

   DataSourceInitializationConfiguration matched:
      - @ConditionalOnClass found required class 'org.springframework.jdbc.datasource.init.DatabasePopulator' (OnClassCondition)
      - @ConditionalOnSingleCandidate (types: javax.sql.DataSource; SearchStrategy: all) found a single bean 'dataSource'; @ConditionalOnMissingBean (types: org.springframework.boot.autoconfigure.sql.init.SqlDataSourceScriptDatabaseInitializer,org.springframework.boot.autoconfigure.sql.init.SqlR2dbcScriptDatabaseInitializer; SearchStrategy: all) did not find any beans (OnBeanCondition)

   DataSourcePoolMetadataProvidersConfiguration.HikariPoolDataSourceMetadataProviderConfiguration matched:
      - @ConditionalOnClass found required class 'com.zaxxer.hikari.HikariDataSource' (OnClassCondition)

   DataSourceTransactionManagerAutoConfiguration matched:
      - @ConditionalOnClass found required classes 'javax.sql.DataSource', 'org.springframework.jdbc.core.JdbcTemplate', 'org.springframework.transaction.TransactionManager' (OnClassCondition)

   DataSourceTransactionManagerAutoConfiguration.JdbcTransactionManagerConfiguration matched:
      - @ConditionalOnSingleCandidate (types: javax.sql.DataSource; SearchStrategy: all) found a single bean 'dataSource' (OnBeanCondition)

   DefaultFeignLoadBalancerConfiguration#feignClient matched:
      - AnyNestedCondition 2 matched 1 did not; NestedCondition on OnRetryNotEnabledCondition.OnLoadBalancerRetryEnabledCondition @ConditionalOnProperty (spring.cloud.loadbalancer.retry.enabled=false) did not find property 'spring.cloud.loadbalancer.retry.enabled'; NestedCondition on OnRetryNotEnabledCondition.OnRetryFactoryCondition @ConditionalOnMissingBean (types: org.springframework.cloud.client.loadbalancer.LoadBalancedRetryFactory; SearchStrategy: all) did not find any beans; NestedCondition on OnRetryNotEnabledCondition.OnNoRetryTemplateCondition @ConditionalOnMissingClass did not find unwanted class 'org.springframework.retry.support.RetryTemplate' (OnRetryNotEnabledCondition)
      - @ConditionalOnMissingBean (types: feign.Client; SearchStrategy: all) did not find any beans (OnBeanCondition)

   DiscoveryClientOptionalArgsConfiguration.RestTemplateConfiguration matched:
      - AllNestedConditions 4 matched 0 did not; NestedCondition on DiscoveryClientOptionalArgsConfiguration.OnRestTemplatePresentAndEnabledCondition.OnRestClientDisabled @ConditionalOnProperty (eureka.client.restclient.enabled=false) matched; NestedCondition on DiscoveryClientOptionalArgsConfiguration.OnRestTemplatePresentAndEnabledCondition.OnWebClientDisabled @ConditionalOnProperty (eureka.client.webclient.enabled=false) matched; NestedCondition on DiscoveryClientOptionalArgsConfiguration.OnRestTemplatePresentAndEnabledCondition.OnJerseyClientNotPresentOrNotEnabled AnyNestedCondition 1 matched 1 did not; NestedCondition on DiscoveryClientOptionalArgsConfiguration.OnJerseyClientNotPresentOrNotEnabledCondition.OnJerseyClientDisabled @ConditionalOnProperty (eureka.client.jersey.enabled=false) did not find property 'eureka.client.jersey.enabled'; NestedCondition on DiscoveryClientOptionalArgsConfiguration.OnJerseyClientNotPresentOrNotEnabledCondition.OnJerseyClientMissing @ConditionalOnMissingClass did not find unwanted class 'org.glassfish.jersey.client.JerseyClient'; NestedCondition on DiscoveryClientOptionalArgsConfiguration.OnRestTemplatePresentAndEnabledCondition.OnRestTemplatePresent @ConditionalOnClass found required class 'org.springframework.web.client.RestTemplate' (DiscoveryClientOptionalArgsConfiguration.OnRestTemplatePresentAndEnabledCondition)

   DiscoveryClientOptionalArgsConfiguration.RestTemplateConfiguration#defaultEurekaClientHttpRequestFactorySupplier matched:
      - @ConditionalOnMissingBean (types: org.springframework.cloud.netflix.eureka.http.EurekaClientHttpRequestFactorySupplier; SearchStrategy: all) did not find any beans (OnBeanCondition)

   DiscoveryClientOptionalArgsConfiguration.RestTemplateConfiguration#restTemplateDiscoveryClientOptionalArgs matched:
      - @ConditionalOnMissingBean (types: com.netflix.discovery.AbstractDiscoveryClientOptionalArgs; SearchStrategy: current) did not find any beans (OnBeanCondition)

   DiscoveryClientOptionalArgsConfiguration.RestTemplateConfiguration#restTemplateTransportClientFactories matched:
      - @ConditionalOnMissingBean (types: com.netflix.discovery.shared.transport.jersey.TransportClientFactories; SearchStrategy: current) did not find any beans (OnBeanCondition)

   DispatcherServletAutoConfiguration matched:
      - @ConditionalOnClass found required class 'org.springframework.web.servlet.DispatcherServlet' (OnClassCondition)
      - found 'session' scope (OnWebApplicationCondition)

   DispatcherServletAutoConfiguration.DispatcherServletConfiguration matched:
      - @ConditionalOnClass found required class 'jakarta.servlet.ServletRegistration' (OnClassCondition)
      - Default DispatcherServlet did not find dispatcher servlet beans (DispatcherServletAutoConfiguration.DefaultDispatcherServletCondition)

   DispatcherServletAutoConfiguration.DispatcherServletRegistrationConfiguration matched:
      - @ConditionalOnClass found required class 'jakarta.servlet.ServletRegistration' (OnClassCondition)
      - DispatcherServlet Registration did not find servlet registration bean (DispatcherServletAutoConfiguration.DispatcherServletRegistrationCondition)

   DispatcherServletAutoConfiguration.DispatcherServletRegistrationConfiguration#dispatcherServletRegistration matched:
      - @ConditionalOnBean (names: dispatcherServlet types: org.springframework.web.servlet.DispatcherServlet; SearchStrategy: all) found bean 'dispatcherServlet' (OnBeanCondition)

   ErrorMvcAutoConfiguration matched:
      - @ConditionalOnClass found required classes 'jakarta.servlet.Servlet', 'org.springframework.web.servlet.DispatcherServlet' (OnClassCondition)
      - found 'session' scope (OnWebApplicationCondition)

   ErrorMvcAutoConfiguration#basicErrorController matched:
      - @ConditionalOnMissingBean (types: org.springframework.boot.web.servlet.error.ErrorController; SearchStrategy: current) did not find any beans (OnBeanCondition)

   ErrorMvcAutoConfiguration#errorAttributes matched:
      - @ConditionalOnMissingBean (types: org.springframework.boot.web.servlet.error.ErrorAttributes; SearchStrategy: current) did not find any beans (OnBeanCondition)

   ErrorMvcAutoConfiguration.DefaultErrorViewResolverConfiguration#conventionErrorViewResolver matched:
      - @ConditionalOnBean (types: org.springframework.web.servlet.DispatcherServlet; SearchStrategy: all) found bean 'dispatcherServlet'; @ConditionalOnMissingBean (types: org.springframework.boot.autoconfigure.web.servlet.error.ErrorViewResolver; SearchStrategy: all) did not find any beans (OnBeanCondition)

   ErrorMvcAutoConfiguration.WhitelabelErrorViewConfiguration matched:
      - @ConditionalOnProperty (server.error.whitelabel.enabled) matched (OnPropertyCondition)
      - ErrorTemplate Missing did not find error template view (ErrorMvcAutoConfiguration.ErrorTemplateMissingCondition)

   ErrorMvcAutoConfiguration.WhitelabelErrorViewConfiguration#beanNameViewResolver matched:
      - @ConditionalOnMissingBean (types: org.springframework.web.servlet.view.BeanNameViewResolver; SearchStrategy: all) did not find any beans (OnBeanCondition)

   ErrorMvcAutoConfiguration.WhitelabelErrorViewConfiguration#defaultErrorView matched:
      - @ConditionalOnMissingBean (names: error; SearchStrategy: all) did not find any beans (OnBeanCondition)

   EurekaClientAutoConfiguration matched:
      - @ConditionalOnClass found required class 'com.netflix.discovery.EurekaClientConfig' (OnClassCondition)
      - @ConditionalOnProperty (eureka.client.enabled) matched; @ConditionalOnProperty (spring.cloud.discovery.enabled) matched (OnPropertyCondition)

   EurekaClientAutoConfiguration#eurekaAutoServiceRegistration matched:
      - @ConditionalOnProperty (spring.cloud.service-registry.auto-registration.enabled) matched (OnPropertyCondition)
      - @ConditionalOnBean (types: org.springframework.cloud.client.serviceregistry.AutoServiceRegistrationProperties; SearchStrategy: all) found bean 'spring.cloud.service-registry.auto-registration-org.springframework.cloud.client.serviceregistry.AutoServiceRegistrationProperties' (OnBeanCondition)

   EurekaClientAutoConfiguration#eurekaClientConfigBean matched:
      - @ConditionalOnMissingBean (types: com.netflix.discovery.EurekaClientConfig; SearchStrategy: current) did not find any beans (OnBeanCondition)

   EurekaClientAutoConfiguration#eurekaInstanceConfigBean matched:
      - @ConditionalOnMissingBean (types: com.netflix.appinfo.EurekaInstanceConfig; SearchStrategy: current) did not find any beans (OnBeanCondition)

   EurekaClientAutoConfiguration#serviceManagementMetadataProvider matched:
      - @ConditionalOnMissingBean (types: org.springframework.cloud.netflix.eureka.metadata.ManagementMetadataProvider; SearchStrategy: all) did not find any beans (OnBeanCondition)

   EurekaClientAutoConfiguration.RefreshableEurekaClientConfiguration matched:
      - @ConditionalOnClass found required class 'org.springframework.cloud.context.scope.refresh.RefreshScope' (OnClassCondition)
      - @ConditionalOnProperty (eureka.client.refresh.enable=true) matched (OnPropertyCondition)
      - @ConditionalOnBean (types: org.springframework.cloud.autoconfigure.RefreshAutoConfiguration; SearchStrategy: all) found bean 'org.springframework.cloud.autoconfigure.RefreshAutoConfiguration' (OnBeanCondition)

   EurekaClientAutoConfiguration.RefreshableEurekaClientConfiguration#eurekaApplicationInfoManager matched:
      - @ConditionalOnMissingBean (types: com.netflix.appinfo.ApplicationInfoManager; SearchStrategy: current) did not find any beans (OnBeanCondition)

   EurekaClientAutoConfiguration.RefreshableEurekaClientConfiguration#eurekaClient matched:
      - @ConditionalOnMissingBean (types: com.netflix.discovery.EurekaClient; SearchStrategy: current) did not find any beans (OnBeanCondition)

   EurekaClientAutoConfiguration.RefreshableEurekaClientConfiguration#eurekaRegistration matched:
      - @ConditionalOnProperty (spring.cloud.service-registry.auto-registration.enabled) matched (OnPropertyCondition)
      - @ConditionalOnBean (types: org.springframework.cloud.client.serviceregistry.AutoServiceRegistrationProperties; SearchStrategy: all) found bean 'spring.cloud.service-registry.auto-registration-org.springframework.cloud.client.serviceregistry.AutoServiceRegistrationProperties' (OnBeanCondition)

   EurekaDiscoveryClientConfiguration matched:
      - @ConditionalOnClass found required class 'com.netflix.discovery.EurekaClientConfig' (OnClassCondition)
      - @ConditionalOnProperty (eureka.client.enabled) matched; @ConditionalOnProperty (spring.cloud.discovery.enabled) matched; @ConditionalOnProperty (spring.cloud.discovery.blocking.enabled) matched (OnPropertyCondition)

   EurekaDiscoveryClientConfiguration#discoveryClient matched:
      - @ConditionalOnMissingBean (types: org.springframework.cloud.netflix.eureka.EurekaDiscoveryClient; SearchStrategy: all) did not find any beans (OnBeanCondition)

   EurekaDiscoveryClientConfiguration.EurekaClientConfigurationRefresher matched:
      - @ConditionalOnClass found required class 'org.springframework.cloud.context.scope.refresh.RefreshScopeRefreshedEvent' (OnClassCondition)

   EurekaReactiveDiscoveryClientConfiguration matched:
      - @ConditionalOnClass found required classes 'com.netflix.discovery.EurekaClientConfig', 'org.springframework.web.reactive.function.client.WebClient' (OnClassCondition)
      - @ConditionalOnProperty (eureka.client.enabled) matched; @ConditionalOnProperty (spring.cloud.discovery.enabled) matched; @ConditionalOnProperty (spring.cloud.discovery.reactive.enabled) matched (OnPropertyCondition)

   EurekaReactiveDiscoveryClientConfiguration#eurekaReactiveDiscoveryClient matched:
      - @ConditionalOnMissingBean (types: org.springframework.cloud.netflix.eureka.reactive.EurekaReactiveDiscoveryClient; SearchStrategy: all) did not find any beans (OnBeanCondition)

   FeignAutoConfiguration matched:
      - @ConditionalOnClass found required class 'feign.Feign' (OnClassCondition)

   FeignAutoConfiguration.DefaultFeignTargeterConfiguration matched:
      - AnyNestedCondition 1 matched 1 did not; NestedCondition on FeignCircuitBreakerDisabledConditions.CircuitBreakerDisabled @ConditionalOnProperty (spring.cloud.openfeign.circuitbreaker.enabled=false) matched; NestedCondition on FeignCircuitBreakerDisabledConditions.CircuitBreakerClassMissing @ConditionalOnMissingClass found unwanted class 'org.springframework.cloud.client.circuitbreaker.CircuitBreaker' (FeignCircuitBreakerDisabledConditions)

   FeignAutoConfiguration.DefaultFeignTargeterConfiguration#feignTargeter matched:
      - @ConditionalOnMissingBean (types: org.springframework.cloud.openfeign.Targeter; SearchStrategy: all) did not find any beans (OnBeanCondition)

   FeignAutoConfiguration.FeignJacksonConfiguration matched:
      - @ConditionalOnClass found required classes 'com.fasterxml.jackson.databind.Module', 'org.springframework.data.domain.Page', 'org.springframework.data.domain.Sort' (OnClassCondition)
      - @ConditionalOnProperty (spring.cloud.openfeign.autoconfiguration.jackson.enabled=true) matched (OnPropertyCondition)

   FeignAutoConfiguration.FeignJacksonConfiguration#pageJacksonModule matched:
      - @ConditionalOnMissingBean (types: org.springframework.cloud.openfeign.support.PageJacksonModule; SearchStrategy: all) did not find any beans (OnBeanCondition)

   FeignAutoConfiguration.FeignJacksonConfiguration#sortModule matched:
      - @ConditionalOnMissingBean (types: org.springframework.cloud.openfeign.support.SortJacksonModule; SearchStrategy: all) did not find any beans (OnBeanCondition)

   FeignLoadBalancerAutoConfiguration matched:
      - @ConditionalOnClass found required class 'feign.Feign' (OnClassCondition)
      - @ConditionalOnBean (types: org.springframework.cloud.client.loadbalancer.LoadBalancerClient,org.springframework.cloud.loadbalancer.support.LoadBalancerClientFactory; SearchStrategy: all) found beans 'blockingLoadBalancerClient', 'loadBalancerClientFactory' (OnBeanCondition)

   FeignLoadBalancerAutoConfiguration#xForwarderHeadersFeignTransformer matched:
      - @ConditionalOnBean (types: org.springframework.cloud.loadbalancer.support.LoadBalancerClientFactory; SearchStrategy: all) found bean 'loadBalancerClientFactory'; @ConditionalOnMissingBean (types: org.springframework.cloud.openfeign.loadbalancer.XForwardedHeadersTransformer; SearchStrategy: all) did not find any beans (OnBeanCondition)

   GenericCacheConfiguration matched:
      - Cache org.springframework.boot.autoconfigure.cache.GenericCacheConfiguration automatic cache type (CacheCondition)

   GsonAutoConfiguration matched:
      - @ConditionalOnClass found required class 'com.google.gson.Gson' (OnClassCondition)

   GsonAutoConfiguration#gson matched:
      - @ConditionalOnMissingBean (types: com.google.gson.Gson; SearchStrategy: all) did not find any beans (OnBeanCondition)

   GsonAutoConfiguration#gsonBuilder matched:
      - @ConditionalOnMissingBean (types: com.google.gson.GsonBuilder; SearchStrategy: all) did not find any beans (OnBeanCondition)

   GsonHttpMessageConvertersConfiguration matched:
      - @ConditionalOnClass found required class 'com.google.gson.Gson' (OnClassCondition)

   HibernateJpaAutoConfiguration matched:
      - @ConditionalOnClass found required classes 'org.springframework.orm.jpa.LocalContainerEntityManagerFactoryBean', 'jakarta.persistence.EntityManager', 'org.hibernate.engine.spi.SessionImplementor' (OnClassCondition)

   HibernateJpaConfiguration matched:
      - @ConditionalOnSingleCandidate (types: javax.sql.DataSource; SearchStrategy: all) found a single bean 'dataSource' (OnBeanCondition)

   HttpClientAutoConfiguration matched:
      - @ConditionalOnClass found required class 'org.springframework.http.client.ClientHttpRequestFactory' (OnClassCondition)
      - NoneNestedConditions 0 matched 1 did not; NestedCondition on NotReactiveWebApplicationCondition.ReactiveWebApplication not a reactive web application (NotReactiveWebApplicationCondition)

   HttpClientAutoConfiguration#clientHttpRequestFactoryBuilder matched:
      - @ConditionalOnMissingBean (types: org.springframework.boot.http.client.ClientHttpRequestFactoryBuilder; SearchStrategy: all) did not find any beans (OnBeanCondition)

   HttpClientAutoConfiguration#clientHttpRequestFactorySettings matched:
      - @ConditionalOnMissingBean (types: org.springframework.boot.http.client.ClientHttpRequestFactorySettings; SearchStrategy: all) did not find any beans (OnBeanCondition)

   HttpEncodingAutoConfiguration matched:
      - @ConditionalOnClass found required class 'org.springframework.web.filter.CharacterEncodingFilter' (OnClassCondition)
      - found 'session' scope (OnWebApplicationCondition)
      - @ConditionalOnProperty (server.servlet.encoding.enabled) matched (OnPropertyCondition)

   HttpEncodingAutoConfiguration#characterEncodingFilter matched:
      - @ConditionalOnMissingBean (types: org.springframework.web.filter.CharacterEncodingFilter; SearchStrategy: all) did not find any beans (OnBeanCondition)

   HttpMessageConvertersAutoConfiguration matched:
      - @ConditionalOnClass found required class 'org.springframework.http.converter.HttpMessageConverter' (OnClassCondition)
      - NoneNestedConditions 0 matched 1 did not; NestedCondition on HttpMessageConvertersAutoConfiguration.NotReactiveWebApplicationCondition.ReactiveWebApplication not a reactive web application (HttpMessageConvertersAutoConfiguration.NotReactiveWebApplicationCondition)

   HttpMessageConvertersAutoConfiguration#messageConverters matched:
      - @ConditionalOnMissingBean (types: org.springframework.boot.autoconfigure.http.HttpMessageConverters; SearchStrategy: all) did not find any beans (OnBeanCondition)

   HttpMessageConvertersAutoConfiguration.StringHttpMessageConverterConfiguration matched:
      - @ConditionalOnClass found required class 'org.springframework.http.converter.StringHttpMessageConverter' (OnClassCondition)

   HttpMessageConvertersAutoConfiguration.StringHttpMessageConverterConfiguration#stringHttpMessageConverter matched:
      - @ConditionalOnMissingBean (types: org.springframework.http.converter.StringHttpMessageConverter; SearchStrategy: all) did not find any beans (OnBeanCondition)

   JacksonAutoConfiguration matched:
      - @ConditionalOnClass found required class 'com.fasterxml.jackson.databind.ObjectMapper' (OnClassCondition)

   JacksonAutoConfiguration.Jackson2ObjectMapperBuilderCustomizerConfiguration matched:
      - @ConditionalOnClass found required class 'org.springframework.http.converter.json.Jackson2ObjectMapperBuilder' (OnClassCondition)

   JacksonAutoConfiguration.JacksonObjectMapperBuilderConfiguration matched:
      - @ConditionalOnClass found required class 'org.springframework.http.converter.json.Jackson2ObjectMapperBuilder' (OnClassCondition)

   JacksonAutoConfiguration.JacksonObjectMapperBuilderConfiguration#jacksonObjectMapperBuilder matched:
      - @ConditionalOnMissingBean (types: org.springframework.http.converter.json.Jackson2ObjectMapperBuilder; SearchStrategy: all) did not find any beans (OnBeanCondition)

   JacksonAutoConfiguration.JacksonObjectMapperConfiguration matched:
      - @ConditionalOnClass found required class 'org.springframework.http.converter.json.Jackson2ObjectMapperBuilder' (OnClassCondition)

   JacksonAutoConfiguration.JacksonObjectMapperConfiguration#jacksonObjectMapper matched:
      - @ConditionalOnMissingBean (types: com.fasterxml.jackson.databind.ObjectMapper; SearchStrategy: all) did not find any beans (OnBeanCondition)

   JacksonAutoConfiguration.ParameterNamesModuleConfiguration matched:
      - @ConditionalOnClass found required class 'com.fasterxml.jackson.module.paramnames.ParameterNamesModule' (OnClassCondition)

   JacksonAutoConfiguration.ParameterNamesModuleConfiguration#parameterNamesModule matched:
      - @ConditionalOnMissingBean (types: com.fasterxml.jackson.module.paramnames.ParameterNamesModule; SearchStrategy: all) did not find any beans (OnBeanCondition)

   JacksonHttpMessageConvertersConfiguration.MappingJackson2HttpMessageConverterConfiguration matched:
      - @ConditionalOnClass found required class 'com.fasterxml.jackson.databind.ObjectMapper' (OnClassCondition)
      - @ConditionalOnProperty (spring.mvc.converters.preferred-json-mapper=jackson) matched (OnPropertyCondition)
      - @ConditionalOnBean (types: com.fasterxml.jackson.databind.ObjectMapper; SearchStrategy: all) found bean 'jacksonObjectMapper' (OnBeanCondition)

   JacksonHttpMessageConvertersConfiguration.MappingJackson2HttpMessageConverterConfiguration#mappingJackson2HttpMessageConverter matched:
      - @ConditionalOnMissingBean (types: org.springframework.http.converter.json.MappingJackson2HttpMessageConverter ignored: org.springframework.hateoas.server.mvc.TypeConstrainedMappingJackson2HttpMessageConverter,org.springframework.data.rest.webmvc.alps.AlpsJsonHttpMessageConverter; SearchStrategy: all) did not find any beans (OnBeanCondition)

   JdbcClientAutoConfiguration matched:
      - @ConditionalOnSingleCandidate (types: org.springframework.jdbc.core.namedparam.NamedParameterJdbcTemplate; SearchStrategy: all) found a single bean 'namedParameterJdbcTemplate'; @ConditionalOnMissingBean (types: org.springframework.jdbc.core.simple.JdbcClient; SearchStrategy: all) did not find any beans (OnBeanCondition)

   JdbcTemplateAutoConfiguration matched:
      - @ConditionalOnClass found required classes 'javax.sql.DataSource', 'org.springframework.jdbc.core.JdbcTemplate' (OnClassCondition)
      - @ConditionalOnSingleCandidate (types: javax.sql.DataSource; SearchStrategy: all) found a single bean 'dataSource' (OnBeanCondition)

   JdbcTemplateConfiguration matched:
      - @ConditionalOnMissingBean (types: org.springframework.jdbc.core.JdbcOperations; SearchStrategy: all) did not find any beans (OnBeanCondition)

   JpaBaseConfiguration#entityManagerFactory matched:
      - @ConditionalOnMissingBean (types: org.springframework.orm.jpa.LocalContainerEntityManagerFactoryBean,jakarta.persistence.EntityManagerFactory; SearchStrategy: all) did not find any beans (OnBeanCondition)

   JpaBaseConfiguration#entityManagerFactoryBuilder matched:
      - @ConditionalOnMissingBean (types: org.springframework.boot.orm.jpa.EntityManagerFactoryBuilder; SearchStrategy: all) did not find any beans (OnBeanCondition)

   JpaBaseConfiguration#jpaVendorAdapter matched:
      - @ConditionalOnMissingBean (types: org.springframework.orm.jpa.JpaVendorAdapter; SearchStrategy: all) did not find any beans (OnBeanCondition)

   JpaBaseConfiguration#transactionManager matched:
      - @ConditionalOnMissingBean (types: org.springframework.transaction.TransactionManager; SearchStrategy: all) did not find any beans (OnBeanCondition)

   JpaBaseConfiguration.JpaWebConfiguration matched:
      - @ConditionalOnClass found required class 'org.springframework.web.servlet.config.annotation.WebMvcConfigurer' (OnClassCondition)
      - found 'session' scope (OnWebApplicationCondition)
      - @ConditionalOnProperty (spring.jpa.open-in-view=true) matched (OnPropertyCondition)
      - @ConditionalOnMissingBean (types: org.springframework.orm.jpa.support.OpenEntityManagerInViewInterceptor,org.springframework.orm.jpa.support.OpenEntityManagerInViewFilter; SearchStrategy: all) did not find any beans (OnBeanCondition)

   JpaBaseConfiguration.PersistenceManagedTypesConfiguration matched:
      - @ConditionalOnMissingBean (types: org.springframework.orm.jpa.LocalContainerEntityManagerFactoryBean,jakarta.persistence.EntityManagerFactory; SearchStrategy: all) did not find any beans (OnBeanCondition)

   JpaBaseConfiguration.PersistenceManagedTypesConfiguration#persistenceManagedTypes matched:
      - @ConditionalOnMissingBean (types: org.springframework.orm.jpa.persistenceunit.PersistenceManagedTypes; SearchStrategy: all) did not find any beans (OnBeanCondition)

   JpaRepositoriesAutoConfiguration matched:
      - @ConditionalOnClass found required class 'org.springframework.data.jpa.repository.JpaRepository' (OnClassCondition)
      - @ConditionalOnProperty (spring.data.jpa.repositories.enabled=true) matched (OnPropertyCondition)
      - @ConditionalOnBean (types: javax.sql.DataSource; SearchStrategy: all) found bean 'dataSource'; @ConditionalOnMissingBean (types: org.springframework.data.jpa.repository.support.JpaRepositoryFactoryBean,org.springframework.data.jpa.repository.config.JpaRepositoryConfigExtension; SearchStrategy: all) did not find any beans (OnBeanCondition)

   JtaAutoConfiguration matched:
      - @ConditionalOnClass found required class 'jakarta.transaction.Transaction' (OnClassCondition)
      - @ConditionalOnProperty (spring.jta.enabled) matched (OnPropertyCondition)

   LifecycleAutoConfiguration#defaultLifecycleProcessor matched:
      - @ConditionalOnMissingBean (names: lifecycleProcessor; SearchStrategy: current) did not find any beans (OnBeanCondition)

   LifecycleMvcEndpointAutoConfiguration#environmentManager matched:
      - @ConditionalOnMissingBean (types: org.springframework.cloud.context.environment.EnvironmentManager; SearchStrategy: all) did not find any beans (OnBeanCondition)

   org.springframework.cloud.client.loadbalancer.LoadBalancerAutoConfiguration matched:
      - AnyNestedCondition 2 matched 0 did not; NestedCondition on BlockingRestClassesPresentCondition.RestClientPresent @ConditionalOnClass found required class 'org.springframework.web.client.RestClient'; NestedCondition on BlockingRestClassesPresentCondition.RestTemplatePresent @ConditionalOnClass found required class 'org.springframework.web.client.RestTemplate' (BlockingRestClassesPresentCondition)
      - @ConditionalOnBean (types: org.springframework.cloud.client.loadbalancer.LoadBalancerClient; SearchStrategy: all) found bean 'blockingLoadBalancerClient' (OnBeanCondition)

   org.springframework.cloud.loadbalancer.config.LoadBalancerAutoConfiguration matched:
      - @ConditionalOnProperty (spring.cloud.loadbalancer.enabled=true) matched (OnPropertyCondition)

   LoadBalancerAutoConfiguration#loadBalancerClientFactory matched:
      - @ConditionalOnMissingBean (types: org.springframework.cloud.loadbalancer.support.LoadBalancerClientFactory; SearchStrategy: all) did not find any beans (OnBeanCondition)

   LoadBalancerAutoConfiguration#loadBalancerRequestFactory matched:
      - @ConditionalOnMissingBean (types: org.springframework.cloud.client.loadbalancer.LoadBalancerRequestFactory; SearchStrategy: all) did not find any beans (OnBeanCondition)

   LoadBalancerAutoConfiguration#zoneConfig matched:
      - @ConditionalOnMissingBean (types: org.springframework.cloud.loadbalancer.config.LoadBalancerZoneConfig; SearchStrategy: all) did not find any beans (OnBeanCondition)

   LoadBalancerAutoConfiguration.DeferringLoadBalancerInterceptorConfig#deferringLoadBalancerInterceptor matched:
      - @ConditionalOnMissingBean (types: org.springframework.cloud.client.loadbalancer.DeferringLoadBalancerInterceptor; SearchStrategy: all) did not find any beans (OnBeanCondition)

   LoadBalancerAutoConfiguration.DeferringLoadBalancerInterceptorConfig#lbRestClientPostProcessor matched:
      - @ConditionalOnBean (types: org.springframework.cloud.client.loadbalancer.DeferringLoadBalancerInterceptor; SearchStrategy: all) found bean 'deferringLoadBalancerInterceptor'; @ConditionalOnMissingBean (types: org.springframework.cloud.client.loadbalancer.LoadBalancerRestClientBuilderBeanPostProcessor; SearchStrategy: all) did not find any beans (OnBeanCondition)

   LoadBalancerAutoConfiguration.DeferringLoadBalancerInterceptorConfig#lbRestTemplateBuilderPostProcessor matched:
      - @ConditionalOnBean (types: org.springframework.cloud.client.loadbalancer.DeferringLoadBalancerInterceptor; SearchStrategy: all) found bean 'deferringLoadBalancerInterceptor'; @ConditionalOnMissingBean (types: org.springframework.cloud.client.loadbalancer.LoadBalancerRestTemplateBuilderBeanPostProcessor; SearchStrategy: all) did not find any beans (OnBeanCondition)

   LoadBalancerAutoConfiguration.LoadBalancerInterceptorConfig matched:
      - AnyNestedCondition 1 matched 1 did not; NestedCondition on LoadBalancerAutoConfiguration.RetryMissingOrDisabledCondition.RetryDisabled @ConditionalOnProperty (spring.cloud.loadbalancer.retry.enabled=false) did not find property 'spring.cloud.loadbalancer.retry.enabled'; NestedCondition on LoadBalancerAutoConfiguration.RetryMissingOrDisabledCondition.RetryTemplateMissing @ConditionalOnMissingClass did not find unwanted class 'org.springframework.retry.support.RetryTemplate' (LoadBalancerAutoConfiguration.RetryMissingOrDisabledCondition)

   LoadBalancerAutoConfiguration.LoadBalancerInterceptorConfig#restTemplateCustomizer matched:
      - @ConditionalOnMissingBean (types: org.springframework.cloud.client.loadbalancer.RestTemplateCustomizer; SearchStrategy: all) did not find any beans (OnBeanCondition)

   LoadBalancerBeanPostProcessorAutoConfiguration matched:
      - @ConditionalOnClass found required class 'org.springframework.web.reactive.function.client.WebClient' (OnClassCondition)
      - AnyNestedCondition 2 matched 0 did not; NestedCondition on LoadBalancerBeanPostProcessorAutoConfiguration.OnAnyLoadBalancerImplementationPresentCondition.LoadBalancerClientPresent @ConditionalOnBean (types: org.springframework.cloud.client.loadbalancer.LoadBalancerClient; SearchStrategy: all) found bean 'blockingLoadBalancerClient'; NestedCondition on LoadBalancerBeanPostProcessorAutoConfiguration.OnAnyLoadBalancerImplementationPresentCondition.ReactiveLoadBalancerFactoryPresent @ConditionalOnBean (types: org.springframework.cloud.client.loadbalancer.reactive.ReactiveLoadBalancer$Factory; SearchStrategy: all) found bean 'loadBalancerClientFactory' (LoadBalancerBeanPostProcessorAutoConfiguration.OnAnyLoadBalancerImplementationPresentCondition)

   LoadBalancerBeanPostProcessorAutoConfiguration.ReactorDeferringLoadBalancerFilterConfig matched:
      - @ConditionalOnBean (types: org.springframework.cloud.client.loadbalancer.reactive.ReactiveLoadBalancer$Factory; SearchStrategy: all) found bean 'loadBalancerClientFactory' (OnBeanCondition)

   LoadBalancerCacheAutoConfiguration matched:
      - @ConditionalOnClass found required classes 'org.springframework.cache.CacheManager', 'org.springframework.boot.autoconfigure.cache.CacheAutoConfiguration' (OnClassCondition)
      - AllNestedConditions 2 matched 0 did not; NestedCondition on LoadBalancerCacheAutoConfiguration.OnLoadBalancerCachingEnabledCondition.LoadBalancerCacheEnabled @ConditionalOnProperty (spring.cloud.loadbalancer.cache.enabled) matched; NestedCondition on LoadBalancerCacheAutoConfiguration.OnLoadBalancerCachingEnabledCondition.LoadBalancerEnabled @ConditionalOnProperty (spring.cloud.loadbalancer.enabled=true) matched (LoadBalancerCacheAutoConfiguration.OnLoadBalancerCachingEnabledCondition)

   LoadBalancerCacheAutoConfiguration.DefaultLoadBalancerCacheManagerConfiguration matched:
      - @ConditionalOnClass found required class 'com.stoyanr.evictor.ConcurrentMapWithTimedEviction' (OnClassCondition)
      - AnyNestedCondition 1 matched 1 did not; NestedCondition on LoadBalancerCacheAutoConfiguration.OnCaffeineCacheMissingCondition.CaffeineCacheManagerClassMissing @ConditionalOnMissingClass found unwanted class 'org.springframework.cache.caffeine.CaffeineCacheManager'; NestedCondition on LoadBalancerCacheAutoConfiguration.OnCaffeineCacheMissingCondition.CaffeineClassMissing @ConditionalOnMissingClass did not find unwanted class 'com.github.benmanes.caffeine.cache.Caffeine' (LoadBalancerCacheAutoConfiguration.OnCaffeineCacheMissingCondition)

   LoadBalancerCacheAutoConfiguration.DefaultLoadBalancerCacheManagerConfiguration#defaultLoadBalancerCacheManager matched:
      - @ConditionalOnMissingBean (types: org.springframework.cloud.loadbalancer.cache.LoadBalancerCacheManager; SearchStrategy: all) did not find any beans (OnBeanCondition)

   LoadBalancerCacheAutoConfiguration.LoadBalancerCacheManagerWarnConfiguration matched:
      - AnyNestedCondition 1 matched 1 did not; NestedCondition on LoadBalancerCacheAutoConfiguration.OnCaffeineCacheMissingCondition.CaffeineCacheManagerClassMissing @ConditionalOnMissingClass found unwanted class 'org.springframework.cache.caffeine.CaffeineCacheManager'; NestedCondition on LoadBalancerCacheAutoConfiguration.OnCaffeineCacheMissingCondition.CaffeineClassMissing @ConditionalOnMissingClass did not find unwanted class 'com.github.benmanes.caffeine.cache.Caffeine' (LoadBalancerCacheAutoConfiguration.OnCaffeineCacheMissingCondition)

   LoadBalancerEurekaAutoConfiguration matched:
      - @ConditionalOnClass found required class 'org.springframework.cloud.loadbalancer.annotation.LoadBalancerClientConfigurationRegistrar' (OnClassCondition)
      - @ConditionalOnProperty (eureka.client.enabled) matched (OnPropertyCondition)

   LoadBalancerEurekaAutoConfiguration#eurekaLoadBalancerProperties matched:
      - @ConditionalOnMissingBean (types: org.springframework.cloud.netflix.eureka.loadbalancer.EurekaLoadBalancerProperties; SearchStrategy: all) did not find any beans (OnBeanCondition)

   MailSenderAutoConfiguration matched:
      - @ConditionalOnClass found required classes 'jakarta.mail.internet.MimeMessage', 'jakarta.activation.MimeType', 'org.springframework.mail.MailSender' (OnClassCondition)
      - AnyNestedCondition 1 matched 1 did not; NestedCondition on MailSenderAutoConfiguration.MailSenderCondition.JndiNameProperty @ConditionalOnProperty (spring.mail.jndi-name) did not find property 'jndi-name'; NestedCondition on MailSenderAutoConfiguration.MailSenderCondition.HostProperty @ConditionalOnProperty (spring.mail.host) matched (MailSenderAutoConfiguration.MailSenderCondition)
      - @ConditionalOnMissingBean (types: org.springframework.mail.MailSender; SearchStrategy: all) did not find any beans (OnBeanCondition)

   MailSenderPropertiesConfiguration matched:
      - @ConditionalOnProperty (spring.mail.host) matched (OnPropertyCondition)

   MailSenderPropertiesConfiguration#mailSender matched:
      - @ConditionalOnMissingBean (types: org.springframework.mail.javamail.JavaMailSender; SearchStrategy: all) did not find any beans (OnBeanCondition)

   MongoAutoConfiguration matched:
      - @ConditionalOnClass found required class 'com.mongodb.client.MongoClient' (OnClassCondition)
      - @ConditionalOnMissingBean (types: org.springframework.data.mongodb.MongoDatabaseFactory; SearchStrategy: all) did not find any beans (OnBeanCondition)

   MongoAutoConfiguration#mongo matched:
      - @ConditionalOnMissingBean (types: com.mongodb.client.MongoClient; SearchStrategy: all) did not find any beans (OnBeanCondition)

   MongoAutoConfiguration#mongoConnectionDetails matched:
      - @ConditionalOnMissingBean (types: org.springframework.boot.autoconfigure.mongo.MongoConnectionDetails; SearchStrategy: all) did not find any beans (OnBeanCondition)

   MongoAutoConfiguration.MongoClientSettingsConfiguration matched:
      - @ConditionalOnMissingBean (types: com.mongodb.MongoClientSettings; SearchStrategy: all) did not find any beans (OnBeanCondition)

   MongoDataAutoConfiguration matched:
      - @ConditionalOnClass found required classes 'com.mongodb.client.MongoClient', 'org.springframework.data.mongodb.core.MongoTemplate' (OnClassCondition)

   MongoDataConfiguration#mappingMongoConverter matched:
      - @ConditionalOnMissingBean (types: org.springframework.data.mongodb.core.convert.MongoConverter; SearchStrategy: all) did not find any beans (OnBeanCondition)

   MongoDataConfiguration#mongoCustomConversions matched:
      - @ConditionalOnMissingBean (types: org.springframework.data.mongodb.core.convert.MongoCustomConversions; SearchStrategy: all) did not find any beans (OnBeanCondition)

   MongoDataConfiguration#mongoManagedTypes matched:
      - @ConditionalOnMissingBean (types: org.springframework.data.mongodb.MongoManagedTypes; SearchStrategy: all) did not find any beans (OnBeanCondition)

   MongoDataConfiguration#mongoMappingContext matched:
      - @ConditionalOnMissingBean (types: org.springframework.data.mongodb.core.mapping.MongoMappingContext; SearchStrategy: all) did not find any beans (OnBeanCondition)

   MongoDatabaseFactoryConfiguration matched:
      - @ConditionalOnSingleCandidate (types: com.mongodb.client.MongoClient; SearchStrategy: all) found a single bean 'mongo'; @ConditionalOnMissingBean (types: org.springframework.data.mongodb.MongoDatabaseFactory; SearchStrategy: all) did not find any beans (OnBeanCondition)

   MongoDatabaseFactoryDependentConfiguration matched:
      - @ConditionalOnBean (types: org.springframework.data.mongodb.MongoDatabaseFactory; SearchStrategy: all) found bean 'mongoDatabaseFactory' (OnBeanCondition)

   MongoDatabaseFactoryDependentConfiguration#gridFsTemplate matched:
      - @ConditionalOnMissingBean (types: org.springframework.data.mongodb.gridfs.GridFsOperations; SearchStrategy: all) did not find any beans (OnBeanCondition)

   MongoDatabaseFactoryDependentConfiguration#mongoTemplate matched:
      - @ConditionalOnMissingBean (types: org.springframework.data.mongodb.core.MongoOperations; SearchStrategy: all) did not find any beans (OnBeanCondition)

   MongoRepositoriesAutoConfiguration matched:
      - @ConditionalOnClass found required classes 'com.mongodb.client.MongoClient', 'org.springframework.data.mongodb.repository.MongoRepository' (OnClassCondition)
      - @ConditionalOnRepositoryType configured type of 'AUTO' matched required type (OnRepositoryTypeCondition)
      - @ConditionalOnMissingBean (types: org.springframework.data.mongodb.repository.support.MongoRepositoryFactoryBean,org.springframework.data.mongodb.repository.config.MongoRepositoryConfigurationExtension; SearchStrategy: all) did not find any beans (OnBeanCondition)

   MultipartAutoConfiguration matched:
      - @ConditionalOnClass found required classes 'jakarta.servlet.Servlet', 'org.springframework.web.multipart.support.StandardServletMultipartResolver', 'jakarta.servlet.MultipartConfigElement' (OnClassCondition)
      - found 'session' scope (OnWebApplicationCondition)
      - @ConditionalOnProperty (spring.servlet.multipart.enabled) matched (OnPropertyCondition)

   MultipartAutoConfiguration#multipartConfigElement matched:
      - @ConditionalOnMissingBean (types: jakarta.servlet.MultipartConfigElement; SearchStrategy: all) did not find any beans (OnBeanCondition)

   MultipartAutoConfiguration#multipartResolver matched:
      - @ConditionalOnMissingBean (types: org.springframework.web.multipart.MultipartResolver; SearchStrategy: all) did not find any beans (OnBeanCondition)

   NamedParameterJdbcTemplateConfiguration matched:
      - @ConditionalOnSingleCandidate (types: org.springframework.jdbc.core.JdbcTemplate; SearchStrategy: all) found a single bean 'jdbcTemplate'; @ConditionalOnMissingBean (types: org.springframework.jdbc.core.namedparam.NamedParameterJdbcOperations; SearchStrategy: all) did not find any beans (OnBeanCondition)

   NettyAutoConfiguration matched:
      - @ConditionalOnClass found required class 'io.netty.util.NettyRuntime' (OnClassCondition)

   NoOpCacheConfiguration matched:
      - Cache org.springframework.boot.autoconfigure.cache.NoOpCacheConfiguration automatic cache type (CacheCondition)

   PersistenceExceptionTranslationAutoConfiguration matched:
      - @ConditionalOnClass found required class 'org.springframework.dao.annotation.PersistenceExceptionTranslationPostProcessor' (OnClassCondition)

   PersistenceExceptionTranslationAutoConfiguration#persistenceExceptionTranslationPostProcessor matched:
      - @ConditionalOnProperty (spring.dao.exceptiontranslation.enabled) matched (OnPropertyCondition)
      - @ConditionalOnMissingBean (types: org.springframework.dao.annotation.PersistenceExceptionTranslationPostProcessor; SearchStrategy: all) did not find any beans (OnBeanCondition)

   PropertyPlaceholderAutoConfiguration#propertySourcesPlaceholderConfigurer matched:
      - @ConditionalOnMissingBean (types: org.springframework.context.support.PropertySourcesPlaceholderConfigurer; SearchStrategy: current) did not find any beans (OnBeanCondition)

   ReactiveCompositeDiscoveryClientAutoConfiguration matched:
      - @ConditionalOnClass found required class 'org.springframework.web.reactive.function.client.WebClient' (OnClassCondition)
      - @ConditionalOnProperty (spring.cloud.discovery.enabled) matched; @ConditionalOnProperty (spring.cloud.discovery.reactive.enabled) matched (OnPropertyCondition)

   ReactiveSecurityAutoConfiguration matched:
      - @ConditionalOnClass found required classes 'reactor.core.publisher.Flux', 'org.springframework.security.config.annotation.web.reactive.EnableWebFluxSecurity', 'org.springframework.security.web.server.WebFilterChainProxy', 'org.springframework.web.reactive.config.WebFluxConfigurer' (OnClassCondition)

   ReactorAutoConfiguration matched:
      - @ConditionalOnClass found required class 'reactor.core.publisher.Hooks' (OnClassCondition)

   ReactorLoadBalancerClientAutoConfiguration matched:
      - @ConditionalOnClass found required class 'org.springframework.web.reactive.function.client.WebClient' (OnClassCondition)
      - @ConditionalOnBean (types: org.springframework.cloud.client.loadbalancer.reactive.ReactiveLoadBalancer$Factory; SearchStrategy: all) found bean 'loadBalancerClientFactory' (OnBeanCondition)

   ReactorLoadBalancerClientAutoConfiguration#loadBalancerExchangeFilterFunction matched:
      - @ConditionalOnProperty (spring.cloud.loadbalancer.retry.enabled=false) matched (OnPropertyCondition)
      - @ConditionalOnMissingBean (types: org.springframework.cloud.client.loadbalancer.reactive.ReactorLoadBalancerExchangeFilterFunction; SearchStrategy: all) did not find any beans (OnBeanCondition)

   ReactorNettyConfigurations.ReactorResourceFactoryConfiguration#reactorResourceFactory matched:
      - @ConditionalOnMissingBean (types: org.springframework.http.client.ReactorResourceFactory; SearchStrategy: all) did not find any beans (OnBeanCondition)

   RefreshAutoConfiguration matched:
      - @ConditionalOnClass found required class 'org.springframework.cloud.context.scope.refresh.RefreshScope' (OnClassCondition)
      - @ConditionalOnProperty (spring.cloud.refresh.enabled) matched (OnPropertyCondition)

   RefreshAutoConfiguration#configDataContextRefresher matched:
      - @ConditionalOnMissingBean (types: org.springframework.cloud.context.refresh.ConfigDataContextRefresher; SearchStrategy: all) did not find any beans (OnBeanCondition)
      - NoneNestedConditions 0 matched 3 did not; NestedCondition on ConditionalOnBootstrapDisabled.OnBootstrapDisabledCondition.OnBootstrapEnabled @ConditionalOnProperty (spring.cloud.bootstrap.enabled) did not find property 'spring.cloud.bootstrap.enabled'; NestedCondition on ConditionalOnBootstrapDisabled.OnBootstrapDisabledCondition.OnUseLegacyProcessingEnabled @ConditionalOnProperty (spring.config.use-legacy-processing) did not find property 'spring.config.use-legacy-processing'; NestedCondition on ConditionalOnBootstrapDisabled.OnBootstrapDisabledCondition.OnBootstrapMarkerClassPresent @ConditionalOnClass did not find required class 'org.springframework.cloud.bootstrap.marker.Marker' (ConditionalOnBootstrapDisabled.OnBootstrapDisabledCondition)

   RefreshAutoConfiguration#loggingRebinder matched:
      - @ConditionalOnMissingBean (types: org.springframework.cloud.logging.LoggingRebinder; SearchStrategy: all) did not find any beans (OnBeanCondition)

   RefreshAutoConfiguration#refreshScope matched:
      - @ConditionalOnMissingBean (types: org.springframework.cloud.context.scope.refresh.RefreshScope; SearchStrategy: all) did not find any beans (OnBeanCondition)

   RefreshAutoConfiguration#refreshScopeLifecycle matched:
      - @ConditionalOnProperty (spring.cloud.refresh.on-restart.enabled) matched (OnPropertyCondition)

   ResourceServerTokenRelayAutoConfiguration matched:
      - @ConditionalOnClass found required class 'org.springframework.web.servlet.config.annotation.WebMvcConfigurer' (OnClassCondition)
      - found 'session' scope (OnWebApplicationCondition)
      - @ConditionalOnProperty (spring.cloud.mvc.token-relay.enabled) matched (OnPropertyCondition)

   RestClientAutoConfiguration matched:
      - @ConditionalOnClass found required class 'org.springframework.web.client.RestClient' (OnClassCondition)
      - NoneNestedConditions 0 matched 1 did not; NestedCondition on NotReactiveWebApplicationCondition.ReactiveWebApplication not a reactive web application (NotReactiveWebApplicationCondition)

   RestClientAutoConfiguration#httpMessageConvertersRestClientCustomizer matched:
      - @ConditionalOnMissingBean (types: org.springframework.boot.autoconfigure.web.client.HttpMessageConvertersRestClientCustomizer; SearchStrategy: all) did not find any beans (OnBeanCondition)

   RestClientAutoConfiguration#restClientBuilder matched:
      - @ConditionalOnMissingBean (types: org.springframework.web.client.RestClient$Builder; SearchStrategy: all) did not find any beans (OnBeanCondition)

   RestClientAutoConfiguration#restClientBuilderConfigurer matched:
      - @ConditionalOnMissingBean (types: org.springframework.boot.autoconfigure.web.client.RestClientBuilderConfigurer; SearchStrategy: all) did not find any beans (OnBeanCondition)

   RestClientAutoConfiguration#restClientSsl matched:
      - @ConditionalOnBean (types: org.springframework.boot.ssl.SslBundles; SearchStrategy: all) found bean 'sslBundleRegistry'; @ConditionalOnMissingBean (types: org.springframework.boot.autoconfigure.web.client.RestClientSsl; SearchStrategy: all) did not find any beans (OnBeanCondition)

   RestTemplateAutoConfiguration matched:
      - @ConditionalOnClass found required class 'org.springframework.web.client.RestTemplate' (OnClassCondition)
      - NoneNestedConditions 0 matched 1 did not; NestedCondition on NotReactiveWebApplicationCondition.ReactiveWebApplication not a reactive web application (NotReactiveWebApplicationCondition)

   RestTemplateAutoConfiguration#restTemplateBuilder matched:
      - @ConditionalOnMissingBean (types: org.springframework.boot.web.client.RestTemplateBuilder; SearchStrategy: all) did not find any beans (OnBeanCondition)

   SecurityAutoConfiguration matched:
      - @ConditionalOnClass found required class 'org.springframework.security.authentication.DefaultAuthenticationEventPublisher' (OnClassCondition)

   SecurityAutoConfiguration#authenticationEventPublisher matched:
      - @ConditionalOnMissingBean (types: org.springframework.security.authentication.AuthenticationEventPublisher; SearchStrategy: all) did not find any beans (OnBeanCondition)

   SecurityFilterAutoConfiguration matched:
      - @ConditionalOnClass found required classes 'org.springframework.security.web.context.AbstractSecurityWebApplicationInitializer', 'org.springframework.security.config.http.SessionCreationPolicy' (OnClassCondition)
      - found 'session' scope (OnWebApplicationCondition)

   SecurityFilterAutoConfiguration#securityFilterChainRegistration matched:
      - @ConditionalOnBean (names: springSecurityFilterChain; SearchStrategy: all) found bean 'springSecurityFilterChain' (OnBeanCondition)

   ServletWebServerFactoryAutoConfiguration matched:
      - @ConditionalOnClass found required class 'jakarta.servlet.ServletRequest' (OnClassCondition)
      - found 'session' scope (OnWebApplicationCondition)

   ServletWebServerFactoryAutoConfiguration#tomcatServletWebServerFactoryCustomizer matched:
      - @ConditionalOnClass found required class 'org.apache.catalina.startup.Tomcat' (OnClassCondition)

   ServletWebServerFactoryConfiguration.EmbeddedTomcat matched:
      - @ConditionalOnClass found required classes 'jakarta.servlet.Servlet', 'org.apache.catalina.startup.Tomcat', 'org.apache.coyote.UpgradeProtocol' (OnClassCondition)
      - @ConditionalOnMissingBean (types: org.springframework.boot.web.servlet.server.ServletWebServerFactory; SearchStrategy: current) did not find any beans (OnBeanCondition)

   SimpleCacheConfiguration matched:
      - Cache org.springframework.boot.autoconfigure.cache.SimpleCacheConfiguration automatic cache type (CacheCondition)

   SimpleDiscoveryClientAutoConfiguration#simpleDiscoveryProperties matched:
      - @ConditionalOnMissingBean (types: org.springframework.cloud.client.discovery.simple.SimpleDiscoveryProperties; SearchStrategy: all) did not find any beans (OnBeanCondition)

   SimpleReactiveDiscoveryClientAutoConfiguration matched:
      - @ConditionalOnClass found required class 'org.springframework.web.reactive.function.client.WebClient' (OnClassCondition)
      - @ConditionalOnProperty (spring.cloud.discovery.enabled) matched; @ConditionalOnProperty (spring.cloud.discovery.reactive.enabled) matched (OnPropertyCondition)

   SpringBootWebSecurityConfiguration matched:
      - found 'session' scope (OnWebApplicationCondition)

   SpringBootWebSecurityConfiguration.SecurityFilterChainConfiguration matched:
      - AllNestedConditions 2 matched 0 did not; NestedCondition on DefaultWebSecurityCondition.Beans @ConditionalOnMissingBean (types: org.springframework.security.web.SecurityFilterChain; SearchStrategy: all) did not find any beans; NestedCondition on DefaultWebSecurityCondition.Classes @ConditionalOnClass found required classes 'org.springframework.security.web.SecurityFilterChain', 'org.springframework.security.config.annotation.web.builders.HttpSecurity' (DefaultWebSecurityCondition)

   SpringBootWebSecurityConfiguration.WebSecurityEnablerConfiguration matched:
      - @ConditionalOnClass found required class 'org.springframework.security.config.annotation.web.configuration.EnableWebSecurity' (OnClassCondition)
      - @ConditionalOnMissingBean (names: springSecurityFilterChain; SearchStrategy: all) did not find any beans (OnBeanCondition)

   SpringDataWebAutoConfiguration matched:
      - @ConditionalOnClass found required classes 'org.springframework.data.web.PageableHandlerMethodArgumentResolver', 'org.springframework.web.servlet.config.annotation.WebMvcConfigurer' (OnClassCondition)
      - found 'session' scope (OnWebApplicationCondition)
      - @ConditionalOnMissingBean (types: org.springframework.data.web.PageableHandlerMethodArgumentResolver; SearchStrategy: all) did not find any beans (OnBeanCondition)

   SpringDataWebAutoConfiguration#pageableCustomizer matched:
      - @ConditionalOnMissingBean (types: org.springframework.data.web.config.PageableHandlerMethodArgumentResolverCustomizer; SearchStrategy: all) did not find any beans (OnBeanCondition)

   SpringDataWebAutoConfiguration#sortCustomizer matched:
      - @ConditionalOnMissingBean (types: org.springframework.data.web.config.SortHandlerMethodArgumentResolverCustomizer; SearchStrategy: all) did not find any beans (OnBeanCondition)

   SpringDataWebAutoConfiguration#springDataWebSettings matched:
      - @ConditionalOnMissingBean (types: org.springframework.data.web.config.SpringDataWebSettings; SearchStrategy: all) did not find any beans (OnBeanCondition)

   SpringDocConfigProperties matched:
      - @ConditionalOnProperty (springdoc.api-docs.enabled) matched (OnPropertyCondition)
      - @ConditionalOnBean (types: org.springdoc.core.configuration.SpringDocConfiguration; SearchStrategy: all) found bean 'org.springdoc.core.configuration.SpringDocConfiguration' (OnBeanCondition)

   SpringDocConfiguration matched:
      - @ConditionalOnWebApplication (required) found 'session' scope (OnWebApplicationCondition)
      - @ConditionalOnProperty (springdoc.api-docs.enabled) matched (OnPropertyCondition)

   SpringDocConfiguration#fileSupportConverter matched:
      - @ConditionalOnMissingBean (types: org.springdoc.core.converters.FileSupportConverter; SearchStrategy: all) did not find any beans (OnBeanCondition)

   SpringDocConfiguration#openAPIBuilder matched:
      - @ConditionalOnMissingBean (types: org.springdoc.core.service.OpenAPIService; SearchStrategy: all) did not find any beans (OnBeanCondition)

   SpringDocConfiguration#operationBuilder matched:
      - @ConditionalOnMissingBean (types: org.springdoc.core.service.OperationService; SearchStrategy: all) did not find any beans (OnBeanCondition)

   SpringDocConfiguration#parameterBuilder matched:
      - @ConditionalOnMissingBean (types: org.springdoc.core.service.GenericParameterService; SearchStrategy: all) did not find any beans (OnBeanCondition)

   SpringDocConfiguration#polymorphicModelConverter matched:
      - @ConditionalOnProperty (springdoc.model-converters.polymorphic-converter.enabled) matched (OnPropertyCondition)
      - @ConditionalOnMissingBean (types: org.springdoc.core.converters.PolymorphicModelConverter; SearchStrategy: all) did not find any beans (OnBeanCondition)

   SpringDocConfiguration#requestBodyBuilder matched:
      - @ConditionalOnMissingBean (types: org.springdoc.core.service.RequestBodyService; SearchStrategy: all) did not find any beans (OnBeanCondition)

   SpringDocConfiguration#responseSupportConverter matched:
      - @ConditionalOnMissingBean (types: org.springdoc.core.converters.ResponseSupportConverter; SearchStrategy: all) did not find any beans (OnBeanCondition)

   SpringDocConfiguration#schemaPropertyDeprecatingConverter matched:
      - @ConditionalOnProperty (springdoc.model-converters.deprecating-converter.enabled) matched (OnPropertyCondition)
      - @ConditionalOnMissingBean (types: org.springdoc.core.converters.SchemaPropertyDeprecatingConverter; SearchStrategy: all) did not find any beans (OnBeanCondition)

   SpringDocConfiguration#securityParser matched:
      - @ConditionalOnMissingBean (types: org.springdoc.core.service.SecurityService; SearchStrategy: all) did not find any beans (OnBeanCondition)

   SpringDocConfiguration#springDocCustomizers matched:
      - @ConditionalOnMissingBean (types: org.springdoc.core.customizers.SpringDocCustomizers; SearchStrategy: all) did not find any beans (OnBeanCondition)

   SpringDocConfiguration#springDocProviders matched:
      - @ConditionalOnMissingBean (types: org.springdoc.core.providers.SpringDocProviders; SearchStrategy: all) did not find any beans (OnBeanCondition)

   SpringDocConfiguration#springdocObjectMapperProvider matched:
      - @ConditionalOnMissingBean (types: org.springdoc.core.providers.ObjectMapperProvider; SearchStrategy: all) did not find any beans (OnBeanCondition)

   SpringDocConfiguration.QuerydslProvider matched:
      - @ConditionalOnClass found required class 'org.springframework.data.querydsl.binding.QuerydslBindingsFactory' (OnClassCondition)

   SpringDocConfiguration.QuerydslProvider#queryDslQuerydslPredicateOperationCustomizer matched:
      - @ConditionalOnMissingBean (types: org.springdoc.core.customizers.QuerydslPredicateOperationCustomizer; SearchStrategy: all) did not find any beans (OnBeanCondition)

   SpringDocConfiguration.SpringDocSpringDataWebPropertiesProvider matched:
      - @ConditionalOnClass found required class 'org.springframework.boot.autoconfigure.data.web.SpringDataWebProperties' (OnClassCondition)

   SpringDocConfiguration.SpringDocSpringDataWebPropertiesProvider#springDataWebPropertiesProvider matched:
      - @ConditionalOnMissingBean (types: org.springdoc.core.providers.SpringDataWebPropertiesProvider; SearchStrategy: all) did not find any beans (OnBeanCondition)

   SpringDocConfiguration.SpringDocWebFluxSupportConfiguration matched:
      - @ConditionalOnClass found required class 'reactor.core.publisher.Flux' (OnClassCondition)

   SpringDocConfiguration.SpringDocWebFluxSupportConfiguration#webFluxSupportConverter matched:
      - @ConditionalOnMissingBean (types: org.springdoc.core.converters.WebFluxSupportConverter; SearchStrategy: all) did not find any beans (OnBeanCondition)

   SpringDocConfiguration.WebConversionServiceConfiguration matched:
      - @ConditionalOnClass found required class 'org.springframework.boot.autoconfigure.web.format.WebConversionService' (OnClassCondition)

   SpringDocPageableConfiguration matched:
      - @ConditionalOnClass found required class 'org.springframework.data.domain.Pageable' (OnClassCondition)
      - @ConditionalOnWebApplication (required) found 'session' scope (OnWebApplicationCondition)
      - @ConditionalOnProperty (springdoc.api-docs.enabled) matched (OnPropertyCondition)
      - @ConditionalOnBean (types: org.springdoc.core.configuration.SpringDocConfiguration; SearchStrategy: all) found bean 'org.springdoc.core.configuration.SpringDocConfiguration' (OnBeanCondition)

   SpringDocPageableConfiguration#delegatingMethodParameterCustomizer matched:
      - @ConditionalOnMissingBean (types: org.springdoc.core.customizers.DelegatingMethodParameterCustomizer; SearchStrategy: all) did not find any beans (OnBeanCondition)

   SpringDocPageableConfiguration#pageableOpenAPIConverter matched:
      - @ConditionalOnProperty (springdoc.model-converters.pageable-converter.enabled) matched (OnPropertyCondition)
      - @ConditionalOnMissingBean (types: org.springdoc.core.converters.PageableOpenAPIConverter; SearchStrategy: all) did not find any beans (OnBeanCondition)

   SpringDocSecurityConfiguration matched:
      - @ConditionalOnClass found required class 'org.springframework.security.web.SecurityFilterChain' (OnClassCondition)
      - @ConditionalOnWebApplication (required) found 'session' scope (OnWebApplicationCondition)
      - @ConditionalOnExpression (#{${springdoc.api-docs.enabled:true} and ${springdoc.enable-spring-security:true}}) resulted in true (OnExpressionCondition)
      - @ConditionalOnBean (types: org.springdoc.core.configuration.SpringDocConfiguration; SearchStrategy: all) found bean 'org.springdoc.core.configuration.SpringDocConfiguration' (OnBeanCondition)

   SpringDocSecurityConfiguration.SpringSecurityLoginEndpointConfiguration matched:
      - @ConditionalOnClass found required class 'jakarta.servlet.Filter' (OnClassCondition)

   SpringDocSortConfiguration matched:
      - @ConditionalOnClass found required class 'org.springframework.data.domain.Sort' (OnClassCondition)
      - @ConditionalOnWebApplication (required) found 'session' scope (OnWebApplicationCondition)
      - @ConditionalOnProperty (springdoc.api-docs.enabled) matched (OnPropertyCondition)
      - @ConditionalOnBean (types: org.springdoc.core.configuration.SpringDocConfiguration; SearchStrategy: all) found bean 'org.springdoc.core.configuration.SpringDocConfiguration' (OnBeanCondition)

   SpringDocSortConfiguration#sortOpenAPIConverter matched:
      - @ConditionalOnProperty (springdoc.sort-converter.enabled) matched (OnPropertyCondition)
      - @ConditionalOnMissingBean (types: org.springdoc.core.converters.SortOpenAPIConverter; SearchStrategy: all) did not find any beans (OnBeanCondition)

   SpringDocUIConfiguration matched:
      - @ConditionalOnWebApplication (required) found 'session' scope (OnWebApplicationCondition)
      - @ConditionalOnBean (types: org.springdoc.core.configuration.SpringDocConfiguration; SearchStrategy: all) found bean 'org.springdoc.core.configuration.SpringDocConfiguration' (OnBeanCondition)

   SpringDocWebMvcConfiguration matched:
      - found 'session' scope (OnWebApplicationCondition)
      - @ConditionalOnProperty (springdoc.api-docs.enabled) matched (OnPropertyCondition)
      - @ConditionalOnBean (types: org.springdoc.core.configuration.SpringDocConfiguration; SearchStrategy: all) found bean 'org.springdoc.core.configuration.SpringDocConfiguration' (OnBeanCondition)

   SpringDocWebMvcConfiguration#openApiResource matched:
      - @ConditionalOnExpression (#{(${springdoc.use-management-port:false} == false ) and ${springdoc.enable-default-api-docs:true}}) resulted in true (OnExpressionCondition)
      - @ConditionalOnMissingBean (types: org.springdoc.webmvc.api.OpenApiWebMvcResource; SearchStrategy: all) did not find any beans (OnBeanCondition)

   SpringDocWebMvcConfiguration#requestBuilder matched:
      - @ConditionalOnMissingBean (types: org.springdoc.webmvc.core.service.RequestService; SearchStrategy: all) did not find any beans (OnBeanCondition)

   SpringDocWebMvcConfiguration#responseBuilder matched:
      - @ConditionalOnMissingBean (types: org.springdoc.core.service.GenericResponseService; SearchStrategy: all) did not find any beans (OnBeanCondition)

   SpringDocWebMvcConfiguration#springWebProvider matched:
      - @ConditionalOnMissingBean (types: org.springdoc.core.providers.SpringWebProvider; SearchStrategy: all) did not find any beans (OnBeanCondition)

   SpringDocWebMvcConfiguration.SpringDocWebMvcRouterConfiguration matched:
      - @ConditionalOnClass found required class 'org.springframework.web.servlet.function.RouterFunction' (OnClassCondition)

   SpringDocWebMvcConfiguration.SpringDocWebMvcRouterConfiguration#routerFunctionProvider matched:
      - @ConditionalOnMissingBean (types: org.springdoc.webmvc.core.providers.RouterFunctionWebMvcProvider; SearchStrategy: all) did not find any beans (OnBeanCondition)

   SqlInitializationAutoConfiguration matched:
      - @ConditionalOnProperty (spring.sql.init.enabled) matched (OnPropertyCondition)
      - NoneNestedConditions 0 matched 1 did not; NestedCondition on SqlInitializationAutoConfiguration.SqlInitializationModeCondition.ModeIsNever @ConditionalOnProperty (spring.sql.init.mode=never) did not find property 'mode' (SqlInitializationAutoConfiguration.SqlInitializationModeCondition)

   SslAutoConfiguration#sslBundleRegistry matched:
      - @ConditionalOnMissingBean (types: org.springframework.boot.ssl.SslBundleRegistry,org.springframework.boot.ssl.SslBundles; SearchStrategy: all) did not find any beans (OnBeanCondition)

   SwaggerConfig matched:
      - found 'session' scope (OnWebApplicationCondition)
      - @ConditionalOnProperty (springdoc.swagger-ui.enabled) matched (OnPropertyCondition)
      - @ConditionalOnBean (types: org.springdoc.core.configuration.SpringDocConfiguration; SearchStrategy: all) found bean 'org.springdoc.core.configuration.SpringDocConfiguration' (OnBeanCondition)

   SwaggerConfig#indexPageTransformer matched:
      - @ConditionalOnMissingBean (types: org.springdoc.webmvc.ui.SwaggerIndexTransformer; SearchStrategy: all) did not find any beans (OnBeanCondition)

   SwaggerConfig#swaggerConfigResource matched:
      - @ConditionalOnProperty (springdoc.use-management-port=false) matched (OnPropertyCondition)
      - @ConditionalOnMissingBean (types: org.springdoc.webmvc.ui.SwaggerConfigResource; SearchStrategy: all) did not find any beans (OnBeanCondition)

   SwaggerConfig#swaggerResourceResolver matched:
      - @ConditionalOnMissingBean (types: org.springdoc.webmvc.ui.SwaggerResourceResolver; SearchStrategy: all) did not find any beans (OnBeanCondition)

   SwaggerConfig#swaggerWebMvcConfigurer matched:
      - @ConditionalOnMissingBean (types: org.springdoc.webmvc.ui.SwaggerWebMvcConfigurer; SearchStrategy: all) did not find any beans (OnBeanCondition)

   SwaggerConfig#swaggerWelcome matched:
      - @ConditionalOnProperty (springdoc.use-management-port=false) matched (OnPropertyCondition)
      - @ConditionalOnMissingBean (types: org.springdoc.webmvc.ui.SwaggerWelcomeWebMvc; SearchStrategy: all) did not find any beans (OnBeanCondition)

   SwaggerUiConfigParameters matched:
      - @ConditionalOnProperty (springdoc.swagger-ui.enabled) matched (OnPropertyCondition)
      - @ConditionalOnBean (types: org.springdoc.core.configuration.SpringDocConfiguration; SearchStrategy: all) found bean 'org.springdoc.core.configuration.SpringDocConfiguration' (OnBeanCondition)

   SwaggerUiConfigProperties matched:
      - @ConditionalOnProperty (springdoc.swagger-ui.enabled) matched (OnPropertyCondition)
      - @ConditionalOnBean (types: org.springdoc.core.configuration.SpringDocConfiguration; SearchStrategy: all) found bean 'org.springdoc.core.configuration.SpringDocConfiguration' (OnBeanCondition)

   SwaggerUiOAuthProperties matched:
      - @ConditionalOnProperty (springdoc.swagger-ui.enabled) matched (OnPropertyCondition)
      - @ConditionalOnBean (types: org.springdoc.core.configuration.SpringDocConfiguration; SearchStrategy: all) found bean 'org.springdoc.core.configuration.SpringDocConfiguration' (OnBeanCondition)

   TaskExecutionAutoConfiguration matched:
      - @ConditionalOnClass found required class 'org.springframework.scheduling.concurrent.ThreadPoolTaskExecutor' (OnClassCondition)

   TaskExecutorConfigurations.SimpleAsyncTaskExecutorBuilderConfiguration#simpleAsyncTaskExecutorBuilder matched:
      - @ConditionalOnMissingBean (types: org.springframework.boot.task.SimpleAsyncTaskExecutorBuilder; SearchStrategy: all) did not find any beans (OnBeanCondition)
      - @ConditionalOnThreading found PLATFORM (OnThreadingCondition)

   TaskExecutorConfigurations.TaskExecutorConfiguration matched:
      - @ConditionalOnMissingBean (types: java.util.concurrent.Executor; SearchStrategy: all) did not find any beans (OnBeanCondition)

   TaskExecutorConfigurations.TaskExecutorConfiguration#applicationTaskExecutor matched:
      - @ConditionalOnThreading found PLATFORM (OnThreadingCondition)

   TaskExecutorConfigurations.ThreadPoolTaskExecutorBuilderConfiguration#threadPoolTaskExecutorBuilder matched:
      - @ConditionalOnMissingBean (types: org.springframework.boot.task.ThreadPoolTaskExecutorBuilder; SearchStrategy: all) did not find any beans (OnBeanCondition)

   TaskSchedulingAutoConfiguration matched:
      - @ConditionalOnClass found required class 'org.springframework.scheduling.concurrent.ThreadPoolTaskScheduler' (OnClassCondition)

   TaskSchedulingConfigurations.SimpleAsyncTaskSchedulerBuilderConfiguration#simpleAsyncTaskSchedulerBuilder matched:
      - @ConditionalOnMissingBean (types: org.springframework.boot.task.SimpleAsyncTaskSchedulerBuilder; SearchStrategy: all) did not find any beans (OnBeanCondition)
      - @ConditionalOnThreading found PLATFORM (OnThreadingCondition)

   TaskSchedulingConfigurations.ThreadPoolTaskSchedulerBuilderConfiguration#threadPoolTaskSchedulerBuilder matched:
      - @ConditionalOnMissingBean (types: org.springframework.boot.task.ThreadPoolTaskSchedulerBuilder; SearchStrategy: all) did not find any beans (OnBeanCondition)

   TransactionAutoConfiguration matched:
      - @ConditionalOnClass found required class 'org.springframework.transaction.PlatformTransactionManager' (OnClassCondition)

   TransactionAutoConfiguration.EnableTransactionManagementConfiguration matched:
      - @ConditionalOnBean (types: org.springframework.transaction.TransactionManager; SearchStrategy: all) found bean 'transactionManager'; @ConditionalOnMissingBean (types: org.springframework.transaction.annotation.AbstractTransactionManagementConfiguration; SearchStrategy: all) did not find any beans (OnBeanCondition)

   TransactionAutoConfiguration.EnableTransactionManagementConfiguration.CglibAutoProxyConfiguration matched:
      - @ConditionalOnProperty (spring.aop.proxy-target-class=true) matched (OnPropertyCondition)

   TransactionAutoConfiguration.TransactionTemplateConfiguration matched:
      - @ConditionalOnSingleCandidate (types: org.springframework.transaction.PlatformTransactionManager; SearchStrategy: all) found a single bean 'transactionManager' (OnBeanCondition)

   TransactionAutoConfiguration.TransactionTemplateConfiguration#transactionTemplate matched:
      - @ConditionalOnMissingBean (types: org.springframework.transaction.support.TransactionOperations; SearchStrategy: all) did not find any beans (OnBeanCondition)

   TransactionManagerCustomizationAutoConfiguration matched:
      - @ConditionalOnClass found required class 'org.springframework.transaction.PlatformTransactionManager' (OnClassCondition)

   TransactionManagerCustomizationAutoConfiguration#platformTransactionManagerCustomizers matched:
      - @ConditionalOnMissingBean (types: org.springframework.boot.autoconfigure.transaction.TransactionManagerCustomizers; SearchStrategy: all) did not find any beans (OnBeanCondition)

   UserDetailsServiceAutoConfiguration matched:
      - @ConditionalOnClass found required class 'org.springframework.security.authentication.AuthenticationManager' (OnClassCondition)
      - found 'session' scope (OnWebApplicationCondition)
      - AnyNestedCondition 1 matched 2 did not; NestedCondition on UserDetailsServiceAutoConfiguration.MissingAlternativeOrUserPropertiesConfigured.PasswordConfigured @ConditionalOnProperty (spring.security.user.password) did not find property 'password'; NestedCondition on UserDetailsServiceAutoConfiguration.MissingAlternativeOrUserPropertiesConfigured.NameConfigured @ConditionalOnProperty (spring.security.user.name) did not find property 'name'; NestedCondition on UserDetailsServiceAutoConfiguration.MissingAlternativeOrUserPropertiesConfigured.MissingAlternative @ConditionalOnMissingClass did not find unwanted classes 'org.springframework.security.oauth2.client.registration.ClientRegistrationRepository', 'org.springframework.security.oauth2.server.resource.introspection.OpaqueTokenIntrospector', 'org.springframework.security.saml2.provider.service.registration.RelyingPartyRegistrationRepository' (UserDetailsServiceAutoConfiguration.MissingAlternativeOrUserPropertiesConfigured)
      - @ConditionalOnBean (types: org.springframework.security.config.ObjectPostProcessor; SearchStrategy: all) found beans 'objectPostProcessor', 'webAuthorizationManagerPostProcessor', 'filterChainDecoratorPostProcessor', 'authenticationManagerPostProcessor'; @ConditionalOnMissingBean (types: org.springframework.security.authentication.AuthenticationManager,org.springframework.security.authentication.AuthenticationProvider,org.springframework.security.core.userdetails.UserDetailsService,org.springframework.security.authentication.AuthenticationManagerResolver,org.springframework.security.oauth2.jwt.JwtDecoder; SearchStrategy: all) did not find any beans (OnBeanCondition)

   UtilAutoConfiguration matched:
      - @ConditionalOnProperty (spring.cloud.util.enabled) matched (OnPropertyCondition)

   UtilAutoConfiguration#inetUtils matched:
      - @ConditionalOnMissingBean (types: org.springframework.cloud.commons.util.InetUtils; SearchStrategy: all) did not find any beans (OnBeanCondition)

   WebClientAutoConfiguration matched:
      - @ConditionalOnClass found required class 'org.springframework.web.reactive.function.client.WebClient' (OnClassCondition)

   WebClientAutoConfiguration#webClientBuilder matched:
      - @ConditionalOnMissingBean (types: org.springframework.web.reactive.function.client.WebClient$Builder; SearchStrategy: all) did not find any beans (OnBeanCondition)

   WebClientAutoConfiguration#webClientSsl matched:
      - @ConditionalOnBean (types: org.springframework.boot.ssl.SslBundles; SearchStrategy: all) found bean 'sslBundleRegistry'; @ConditionalOnMissingBean (types: org.springframework.boot.autoconfigure.web.reactive.function.client.WebClientSsl; SearchStrategy: all) did not find any beans (OnBeanCondition)

   WebClientAutoConfiguration.WebClientCodecsConfiguration matched:
      - @ConditionalOnBean (types: org.springframework.boot.web.codec.CodecCustomizer; SearchStrategy: all) found beans 'jacksonCodecCustomizer', 'defaultCodecCustomizer' (OnBeanCondition)

   WebClientAutoConfiguration.WebClientCodecsConfiguration#exchangeStrategiesCustomizer matched:
      - @ConditionalOnMissingBean (types: org.springframework.boot.autoconfigure.web.reactive.function.client.WebClientCodecCustomizer; SearchStrategy: all) did not find any beans (OnBeanCondition)

   WebMvcAutoConfiguration matched:
      - @ConditionalOnClass found required classes 'jakarta.servlet.Servlet', 'org.springframework.web.servlet.DispatcherServlet', 'org.springframework.web.servlet.config.annotation.WebMvcConfigurer' (OnClassCondition)
      - found 'session' scope (OnWebApplicationCondition)
      - @ConditionalOnMissingBean (types: org.springframework.web.servlet.config.annotation.WebMvcConfigurationSupport; SearchStrategy: all) did not find any beans (OnBeanCondition)

   WebMvcAutoConfiguration#formContentFilter matched:
      - @ConditionalOnProperty (spring.mvc.formcontent.filter.enabled) matched (OnPropertyCondition)
      - @ConditionalOnMissingBean (types: org.springframework.web.filter.FormContentFilter; SearchStrategy: all) did not find any beans (OnBeanCondition)

   WebMvcAutoConfiguration.EnableWebMvcConfiguration#flashMapManager matched:
      - @ConditionalOnMissingBean (names: flashMapManager; SearchStrategy: all) did not find any beans (OnBeanCondition)

   WebMvcAutoConfiguration.EnableWebMvcConfiguration#localeResolver matched:
      - @ConditionalOnMissingBean (names: localeResolver; SearchStrategy: all) did not find any beans (OnBeanCondition)

   WebMvcAutoConfiguration.EnableWebMvcConfiguration#themeResolver matched:
      - @ConditionalOnMissingBean (names: themeResolver; SearchStrategy: all) did not find any beans (OnBeanCondition)

   WebMvcAutoConfiguration.EnableWebMvcConfiguration#viewNameTranslator matched:
      - @ConditionalOnMissingBean (names: viewNameTranslator; SearchStrategy: all) did not find any beans (OnBeanCondition)

   WebMvcAutoConfiguration.WebMvcAutoConfigurationAdapter#defaultViewResolver matched:
      - @ConditionalOnMissingBean (types: org.springframework.web.servlet.view.InternalResourceViewResolver; SearchStrategy: all) did not find any beans (OnBeanCondition)

   WebMvcAutoConfiguration.WebMvcAutoConfigurationAdapter#requestContextFilter matched:
      - @ConditionalOnMissingBean (types: org.springframework.web.context.request.RequestContextListener,org.springframework.web.filter.RequestContextFilter; SearchStrategy: all) did not find any beans (OnBeanCondition)

   WebMvcAutoConfiguration.WebMvcAutoConfigurationAdapter#viewResolver matched:
      - @ConditionalOnBean (types: org.springframework.web.servlet.ViewResolver; SearchStrategy: all) found beans 'defaultViewResolver', 'beanNameViewResolver', 'mvcViewResolver'; @ConditionalOnMissingBean (names: viewResolver types: org.springframework.web.servlet.view.ContentNegotiatingViewResolver; SearchStrategy: all) did not find any beans (OnBeanCondition)

   WebServiceTemplateAutoConfiguration matched:
      - @ConditionalOnClass found required classes 'org.springframework.ws.client.core.WebServiceTemplate', 'org.springframework.oxm.Unmarshaller', 'org.springframework.oxm.Marshaller' (OnClassCondition)

   WebServiceTemplateAutoConfiguration#webServiceHttpMessageSenderFactory matched:
      - @ConditionalOnMissingBean (types: org.springframework.boot.webservices.client.WebServiceMessageSenderFactory; SearchStrategy: all) did not find any beans (OnBeanCondition)

   WebServiceTemplateAutoConfiguration#webServiceTemplateBuilder matched:
      - @ConditionalOnMissingBean (types: org.springframework.boot.webservices.client.WebServiceTemplateBuilder; SearchStrategy: all) did not find any beans (OnBeanCondition)

   WebServicesAutoConfiguration matched:
      - @ConditionalOnClass found required class 'org.springframework.ws.transport.http.MessageDispatcherServlet' (OnClassCondition)
      - found 'session' scope (OnWebApplicationCondition)
      - @ConditionalOnMissingBean (types: org.springframework.ws.config.annotation.WsConfigurationSupport; SearchStrategy: all) did not find any beans (OnBeanCondition)

   WebSocketServletAutoConfiguration matched:
      - @ConditionalOnClass found required classes 'jakarta.servlet.Servlet', 'jakarta.websocket.server.ServerContainer' (OnClassCondition)
      - found 'session' scope (OnWebApplicationCondition)

   WebSocketServletAutoConfiguration.TomcatWebSocketConfiguration matched:
      - @ConditionalOnClass found required classes 'org.apache.catalina.startup.Tomcat', 'org.apache.tomcat.websocket.server.WsSci' (OnClassCondition)

   WebSocketServletAutoConfiguration.TomcatWebSocketConfiguration#websocketServletWebServerCustomizer matched:
      - @ConditionalOnMissingBean (names: websocketServletWebServerCustomizer; SearchStrategy: all) did not find any beans (OnBeanCondition)


Negative matches:
-----------------

   ActiveMQAutoConfiguration:
      Did not match:
         - @ConditionalOnClass did not find required class 'jakarta.jms.ConnectionFactory' (OnClassCondition)

   AopAutoConfiguration.AspectJAutoProxyingConfiguration.JdkDynamicAutoProxyConfiguration:
      Did not match:
         - @ConditionalOnProperty (spring.aop.proxy-target-class=false) did not find property 'proxy-target-class' (OnPropertyCondition)

   AopAutoConfiguration.ClassProxyingConfiguration:
      Did not match:
         - @ConditionalOnMissingClass found unwanted class 'org.aspectj.weaver.Advice' (OnClassCondition)

   ArtemisAutoConfiguration:
      Did not match:
         - @ConditionalOnClass did not find required class 'jakarta.jms.ConnectionFactory' (OnClassCondition)

   BatchAutoConfiguration:
      Did not match:
         - @ConditionalOnClass did not find required class 'org.springframework.batch.core.launch.JobLauncher' (OnClassCondition)

   BlockingLoadBalancerClientAutoConfiguration.BlockingLoadBalancerRetryConfig:
      Did not match:
         - @ConditionalOnClass did not find required class 'org.springframework.retry.support.RetryTemplate' (OnClassCondition)

   Cache2kCacheConfiguration:
      Did not match:
         - @ConditionalOnClass did not find required class 'org.cache2k.Cache2kBuilder' (OnClassCondition)

   CacheAutoConfiguration:
      Did not match:
         - @ConditionalOnBean (types: org.springframework.cache.interceptor.CacheAspectSupport; SearchStrategy: all) did not find any beans of type org.springframework.cache.interceptor.CacheAspectSupport (OnBeanCondition)
      Matched:
         - @ConditionalOnClass found required class 'org.springframework.cache.CacheManager' (OnClassCondition)

   CacheAutoConfiguration.CacheManagerEntityManagerFactoryDependsOnPostProcessor:
      Did not match:
         - Ancestor org.springframework.boot.autoconfigure.cache.CacheAutoConfiguration did not match (ConditionEvaluationReport.AncestorsMatchedCondition)
      Matched:
         - @ConditionalOnClass found required class 'org.springframework.orm.jpa.LocalContainerEntityManagerFactoryBean' (OnClassCondition)

   CaffeineCacheConfiguration:
      Did not match:
         - @ConditionalOnClass did not find required class 'com.github.benmanes.caffeine.cache.Caffeine' (OnClassCondition)

   CassandraAutoConfiguration:
      Did not match:
         - @ConditionalOnClass did not find required class 'com.datastax.oss.driver.api.core.CqlSession' (OnClassCondition)

   CassandraDataAutoConfiguration:
      Did not match:
         - @ConditionalOnClass did not find required class 'com.datastax.oss.driver.api.core.CqlSession' (OnClassCondition)

   CassandraReactiveDataAutoConfiguration:
      Did not match:
         - @ConditionalOnClass did not find required class 'com.datastax.oss.driver.api.core.CqlSession' (OnClassCondition)

   CassandraReactiveRepositoriesAutoConfiguration:
      Did not match:
         - @ConditionalOnClass did not find required class 'org.springframework.data.cassandra.ReactiveSession' (OnClassCondition)

   CassandraRepositoriesAutoConfiguration:
      Did not match:
         - @ConditionalOnClass did not find required class 'com.datastax.oss.driver.api.core.CqlSession' (OnClassCondition)

   ClientHttpConnectorFactoryConfiguration.HttpClient5:
      Did not match:
         - @ConditionalOnClass did not find required class 'org.apache.hc.core5.reactive.ReactiveResponseConsumer' (OnClassCondition)

   ClientHttpConnectorFactoryConfiguration.JdkClient:
      Did not match:
         - @ConditionalOnMissingBean (types: org.springframework.boot.autoconfigure.web.reactive.function.client.ClientHttpConnectorFactory; SearchStrategy: all) found beans of type 'org.springframework.boot.autoconfigure.web.reactive.function.client.ClientHttpConnectorFactory' reactorClientHttpConnectorFactory (OnBeanCondition)
      Matched:
         - @ConditionalOnClass found required class 'java.net.http.HttpClient' (OnClassCondition)

   CloudHypermediaAutoConfiguration:
      Did not match:
         - @ConditionalOnClass did not find required class 'org.springframework.hateoas.Link' (OnClassCondition)

   CommonsClientAutoConfiguration.ActuatorConfiguration:
      Did not match:
         - @ConditionalOnClass did not find required class 'org.springframework.boot.actuate.endpoint.annotation.Endpoint' (OnClassCondition)

   CommonsClientAutoConfiguration.DiscoveryLoadBalancerConfiguration:
      Did not match:
         - @ConditionalOnClass did not find required class 'org.springframework.boot.actuate.health.HealthIndicator' (OnClassCondition)

   CouchbaseAutoConfiguration:
      Did not match:
         - @ConditionalOnClass did not find required class 'com.couchbase.client.java.Cluster' (OnClassCondition)

   CouchbaseCacheConfiguration:
      Did not match:
         - @ConditionalOnClass did not find required class 'com.couchbase.client.java.Cluster' (OnClassCondition)

   CouchbaseDataAutoConfiguration:
      Did not match:
         - @ConditionalOnClass did not find required class 'com.couchbase.client.java.Bucket' (OnClassCondition)

   CouchbaseReactiveDataAutoConfiguration:
      Did not match:
         - @ConditionalOnClass did not find required class 'com.couchbase.client.java.Cluster' (OnClassCondition)

   CouchbaseReactiveRepositoriesAutoConfiguration:
      Did not match:
         - @ConditionalOnClass did not find required class 'com.couchbase.client.java.Cluster' (OnClassCondition)

   CouchbaseRepositoriesAutoConfiguration:
      Did not match:
         - @ConditionalOnClass did not find required class 'com.couchbase.client.java.Bucket' (OnClassCondition)

   DataSourceAutoConfiguration.EmbeddedDatabaseConfiguration:
      Did not match:
         - EmbeddedDataSource spring.datasource.url is set (DataSourceAutoConfiguration.EmbeddedDatabaseCondition)

   DataSourceCheckpointRestoreConfiguration:
      Did not match:
         - @ConditionalOnClass did not find required class 'org.crac.Resource' (OnClassCondition)

   DataSourceConfiguration.Dbcp2:
      Did not match:
         - @ConditionalOnClass did not find required class 'org.apache.commons.dbcp2.BasicDataSource' (OnClassCondition)

   DataSourceConfiguration.Generic:
      Did not match:
         - @ConditionalOnProperty (spring.datasource.type) did not find property 'spring.datasource.type' (OnPropertyCondition)

   DataSourceConfiguration.OracleUcp:
      Did not match:
         - @ConditionalOnClass did not find required classes 'oracle.ucp.jdbc.PoolDataSourceImpl', 'oracle.jdbc.OracleConnection' (OnClassCondition)

   DataSourceConfiguration.Tomcat:
      Did not match:
         - @ConditionalOnClass did not find required class 'org.apache.tomcat.jdbc.pool.DataSource' (OnClassCondition)

   DataSourceJmxConfiguration:
      Did not match:
         - @ConditionalOnProperty (spring.jmx.enabled=true) found different value in property 'enabled' (OnPropertyCondition)

   DataSourcePoolMetadataProvidersConfiguration.CommonsDbcp2PoolDataSourceMetadataProviderConfiguration:
      Did not match:
         - @ConditionalOnClass did not find required class 'org.apache.commons.dbcp2.BasicDataSource' (OnClassCondition)

   DataSourcePoolMetadataProvidersConfiguration.OracleUcpPoolDataSourceMetadataProviderConfiguration:
      Did not match:
         - @ConditionalOnClass did not find required classes 'oracle.ucp.jdbc.PoolDataSource', 'oracle.jdbc.OracleConnection' (OnClassCondition)

   DataSourcePoolMetadataProvidersConfiguration.TomcatDataSourcePoolMetadataProviderConfiguration:
      Did not match:
         - @ConditionalOnClass did not find required class 'org.apache.tomcat.jdbc.pool.DataSource' (OnClassCondition)

   DataSourceTransactionManagerAutoConfiguration.JdbcTransactionManagerConfiguration#transactionManager:
      Did not match:
         - @ConditionalOnMissingBean (types: org.springframework.transaction.TransactionManager; SearchStrategy: all) found beans of type 'org.springframework.transaction.TransactionManager' transactionManager (OnBeanCondition)

   DefaultFeignLoadBalancerConfiguration#feignRetryClient:
      Did not match:
         - @ConditionalOnClass did not find required class 'org.springframework.retry.support.RetryTemplate' (OnClassCondition)

   DiscoveryClientOptionalArgsConfiguration.DiscoveryClientOptionalArgsTlsConfiguration:
      Did not match:
         - AllNestedConditions 1 matched 1 did not; NestedCondition on DiscoveryClientOptionalArgsConfiguration.OnJerseyClientPresentAndEnabledCondition.OnJerseyClientEnabled @ConditionalOnProperty (eureka.client.jersey.enabled) matched; NestedCondition on DiscoveryClientOptionalArgsConfiguration.OnJerseyClientPresentAndEnabledCondition.OnJerseyClientPresent @ConditionalOnClass did not find required class 'org.glassfish.jersey.client.JerseyClient' (DiscoveryClientOptionalArgsConfiguration.OnJerseyClientPresentAndEnabledCondition)

   DiscoveryClientOptionalArgsConfiguration.RestClientConfiguration:
      Did not match:
         - AllNestedConditions 3 matched 1 did not; NestedCondition on DiscoveryClientOptionalArgsConfiguration.OnRestClientPresentAndEnabledCondition.OnRestClientEnabled @ConditionalOnProperty (eureka.client.restclient.enabled=true) did not find property 'restclient.enabled'; NestedCondition on DiscoveryClientOptionalArgsConfiguration.OnRestClientPresentAndEnabledCondition.OnWebClientDisabled @ConditionalOnProperty (eureka.client.webclient.enabled=false) matched; NestedCondition on DiscoveryClientOptionalArgsConfiguration.OnRestClientPresentAndEnabledCondition.OnJerseyClientNotPresentOrNotEnabled AnyNestedCondition 1 matched 1 did not; NestedCondition on DiscoveryClientOptionalArgsConfiguration.OnJerseyClientNotPresentOrNotEnabledCondition.OnJerseyClientDisabled @ConditionalOnProperty (eureka.client.jersey.enabled=false) did not find property 'eureka.client.jersey.enabled'; NestedCondition on DiscoveryClientOptionalArgsConfiguration.OnJerseyClientNotPresentOrNotEnabledCondition.OnJerseyClientMissing @ConditionalOnMissingClass did not find unwanted class 'org.glassfish.jersey.client.JerseyClient'; NestedCondition on DiscoveryClientOptionalArgsConfiguration.OnRestClientPresentAndEnabledCondition.OnRestClientPresent @ConditionalOnClass found required class 'org.springframework.web.client.RestClient' (DiscoveryClientOptionalArgsConfiguration.OnRestClientPresentAndEnabledCondition)

   DiscoveryClientOptionalArgsConfiguration.WebClientConfiguration:
      Did not match:
         - @ConditionalOnProperty (eureka.client.webclient.enabled=true) did not find property 'webclient.enabled' (OnPropertyCondition)
      Matched:
         - @ConditionalOnClass found required class 'org.springframework.web.reactive.function.client.WebClient' (OnClassCondition)

   DiscoveryClientOptionalArgsConfiguration.WebClientNotFoundConfiguration:
      Did not match:
         - @ConditionalOnMissingClass found unwanted class 'org.springframework.web.reactive.function.client.WebClient' (OnClassCondition)

   DispatcherServletAutoConfiguration.DispatcherServletConfiguration#multipartResolver:
      Did not match:
         - @ConditionalOnBean (types: org.springframework.web.multipart.MultipartResolver; SearchStrategy: all) did not find any beans of type org.springframework.web.multipart.MultipartResolver (OnBeanCondition)

   ElasticsearchClientAutoConfiguration:
      Did not match:
         - @ConditionalOnClass did not find required class 'co.elastic.clients.elasticsearch.ElasticsearchClient' (OnClassCondition)

   ElasticsearchDataAutoConfiguration:
      Did not match:
         - @ConditionalOnClass did not find required class 'org.springframework.data.elasticsearch.client.elc.ElasticsearchTemplate' (OnClassCondition)

   ElasticsearchRepositoriesAutoConfiguration:
      Did not match:
         - @ConditionalOnClass did not find required class 'org.springframework.data.elasticsearch.repository.ElasticsearchRepository' (OnClassCondition)

   ElasticsearchRestClientAutoConfiguration:
      Did not match:
         - @ConditionalOnClass did not find required class 'org.elasticsearch.client.RestClientBuilder' (OnClassCondition)

   EmbeddedLdapAutoConfiguration:
      Did not match:
         - @ConditionalOnClass did not find required class 'com.unboundid.ldap.listener.InMemoryDirectoryServer' (OnClassCondition)

   EmbeddedWebServerFactoryCustomizerAutoConfiguration:
      Did not match:
         - Application is deployed as a WAR file. (OnWarDeploymentCondition)
      Matched:
         - @ConditionalOnWebApplication (required) found 'session' scope (OnWebApplicationCondition)

   ErrorWebFluxAutoConfiguration:
      Did not match:
         - not a reactive web application (OnWebApplicationCondition)
      Matched:
         - @ConditionalOnClass found required class 'org.springframework.web.reactive.config.WebFluxConfigurer' (OnClassCondition)

   EurekaClientAutoConfiguration.EurekaClientConfiguration:
      Did not match:
         - AnyNestedCondition 0 matched 3 did not; NestedCondition on EurekaClientAutoConfiguration.OnMissingRefreshScopeCondition.OnPropertyDisabled @ConditionalOnProperty (eureka.client.refresh.enable=false) did not find property 'eureka.client.refresh.enable'; NestedCondition on EurekaClientAutoConfiguration.OnMissingRefreshScopeCondition.MissingScope @ConditionalOnMissingBean (types: org.springframework.cloud.autoconfigure.RefreshAutoConfiguration; SearchStrategy: all) found beans of type 'org.springframework.cloud.autoconfigure.RefreshAutoConfiguration' org.springframework.cloud.autoconfigure.RefreshAutoConfiguration; NestedCondition on EurekaClientAutoConfiguration.OnMissingRefreshScopeCondition.MissingClass @ConditionalOnMissingClass found unwanted class 'org.springframework.cloud.context.scope.refresh.RefreshScope' (EurekaClientAutoConfiguration.OnMissingRefreshScopeCondition)

   EurekaClientAutoConfiguration.EurekaHealthIndicatorConfiguration:
      Did not match:
         - @ConditionalOnClass did not find required class 'org.springframework.boot.actuate.health.Health' (OnClassCondition)

   EurekaClientConfigServerAutoConfiguration:
      Did not match:
         - @ConditionalOnClass did not find required class 'org.springframework.cloud.config.server.config.ConfigServerProperties' (OnClassCondition)

   EurekaDiscoveryClientConfiguration.EurekaHealthCheckHandlerConfiguration:
      Did not match:
         - @ConditionalOnProperty (eureka.client.healthcheck.enabled) did not find property 'eureka.client.healthcheck.enabled' (OnPropertyCondition)

   EurekaReactiveDiscoveryClientConfiguration#eurekaReactiveDiscoveryClientHealthIndicator:
      Did not match:
         - @ConditionalOnClass did not find required class 'org.springframework.boot.actuate.health.ReactiveHealthIndicator' (OnClassCondition)

   FeignAcceptGzipEncodingAutoConfiguration:
      Did not match:
         - @ConditionalOnProperty (spring.cloud.openfeign.compression.response.enabled) did not find property 'spring.cloud.openfeign.compression.response.enabled' (OnPropertyCondition)
      Matched:
         - @ConditionalOnClass found required class 'feign.Feign' (OnClassCondition)

   FeignAutoConfiguration#cachingCapability:
      Did not match:
         - @ConditionalOnBean (types: org.springframework.cache.interceptor.CacheInterceptor; SearchStrategy: all) did not find any beans of type org.springframework.cache.interceptor.CacheInterceptor (OnBeanCondition)
      Matched:
         - @ConditionalOnProperty (spring.cloud.openfeign.cache.enabled) matched (OnPropertyCondition)

   FeignAutoConfiguration.CircuitBreakerPresentFeignTargeterConfiguration:
      Did not match:
         - @ConditionalOnProperty (spring.cloud.openfeign.circuitbreaker.enabled=true) did not find property 'spring.cloud.openfeign.circuitbreaker.enabled' (OnPropertyCondition)
      Matched:
         - @ConditionalOnClass found required class 'org.springframework.cloud.client.circuitbreaker.CircuitBreaker' (OnClassCondition)

   FeignAutoConfiguration.Http2ClientFeignConfiguration:
      Did not match:
         - @ConditionalOnClass did not find required class 'feign.http2client.Http2Client' (OnClassCondition)

   FeignAutoConfiguration.HttpClient5FeignConfiguration:
      Did not match:
         - @ConditionalOnClass did not find required class 'feign.hc5.ApacheHttp5Client' (OnClassCondition)

   FeignAutoConfiguration.Oauth2FeignConfiguration:
      Did not match:
         - @ConditionalOnClass did not find required class 'org.springframework.security.oauth2.client.OAuth2AuthorizedClientManager' (OnClassCondition)

   FeignAutoConfiguration.OkHttpFeignConfiguration:
      Did not match:
         - @ConditionalOnClass did not find required class 'feign.okhttp.OkHttpClient' (OnClassCondition)

   FeignContentGzipEncodingAutoConfiguration:
      Did not match:
         - @ConditionalOnProperty (spring.cloud.openfeign.compression.request.enabled) did not find property 'spring.cloud.openfeign.compression.request.enabled' (OnPropertyCondition)
      Matched:
         - @ConditionalOnClass found required class 'feign.Feign' (OnClassCondition)

   FeignHalAutoConfiguration:
      Did not match:
         - @ConditionalOnClass did not find required class 'org.springframework.hateoas.config.WebConverters' (OnClassCondition)

   FlywayAutoConfiguration:
      Did not match:
         - @ConditionalOnClass did not find required class 'org.flywaydb.core.Flyway' (OnClassCondition)

   FreeMarkerAutoConfiguration:
      Did not match:
         - @ConditionalOnClass did not find required class 'freemarker.template.Configuration' (OnClassCondition)

   GraphQlAutoConfiguration:
      Did not match:
         - @ConditionalOnClass did not find required class 'graphql.GraphQL' (OnClassCondition)

   GraphQlQueryByExampleAutoConfiguration:
      Did not match:
         - @ConditionalOnClass did not find required class 'graphql.GraphQL' (OnClassCondition)

   GraphQlQuerydslAutoConfiguration:
      Did not match:
         - @ConditionalOnClass did not find required class 'com.querydsl.core.Query' (OnClassCondition)

   GraphQlRSocketAutoConfiguration:
      Did not match:
         - @ConditionalOnClass did not find required class 'graphql.GraphQL' (OnClassCondition)

   GraphQlReactiveQueryByExampleAutoConfiguration:
      Did not match:
         - @ConditionalOnClass did not find required class 'graphql.GraphQL' (OnClassCondition)

   GraphQlReactiveQuerydslAutoConfiguration:
      Did not match:
         - @ConditionalOnClass did not find required class 'com.querydsl.core.Query' (OnClassCondition)

   GraphQlWebFluxAutoConfiguration:
      Did not match:
         - @ConditionalOnClass did not find required class 'graphql.GraphQL' (OnClassCondition)

   GraphQlWebFluxSecurityAutoConfiguration:
      Did not match:
         - @ConditionalOnClass did not find required class 'graphql.GraphQL' (OnClassCondition)

   GraphQlWebMvcAutoConfiguration:
      Did not match:
         - @ConditionalOnClass did not find required class 'graphql.GraphQL' (OnClassCondition)

   GraphQlWebMvcSecurityAutoConfiguration:
      Did not match:
         - @ConditionalOnClass did not find required class 'graphql.GraphQL' (OnClassCondition)

   GroovyTemplateAutoConfiguration:
      Did not match:
         - @ConditionalOnClass did not find required class 'groovy.text.markup.MarkupTemplateEngine' (OnClassCondition)

   GsonHttpMessageConvertersConfiguration.GsonHttpMessageConverterConfiguration:
      Did not match:
         - AnyNestedCondition 0 matched 2 did not; NestedCondition on GsonHttpMessageConvertersConfiguration.PreferGsonOrJacksonAndJsonbUnavailableCondition.JacksonJsonbUnavailable NoneNestedConditions 1 matched 1 did not; NestedCondition on GsonHttpMessageConvertersConfiguration.JacksonAndJsonbUnavailableCondition.JsonbPreferred @ConditionalOnProperty (spring.mvc.converters.preferred-json-mapper=jsonb) did not find property 'spring.mvc.converters.preferred-json-mapper'; NestedCondition on GsonHttpMessageConvertersConfiguration.JacksonAndJsonbUnavailableCondition.JacksonAvailable @ConditionalOnBean (types: org.springframework.http.converter.json.MappingJackson2HttpMessageConverter; SearchStrategy: all) found bean 'mappingJackson2HttpMessageConverter'; NestedCondition on GsonHttpMessageConvertersConfiguration.PreferGsonOrJacksonAndJsonbUnavailableCondition.GsonPreferred @ConditionalOnProperty (spring.mvc.converters.preferred-json-mapper=gson) did not find property 'spring.mvc.converters.preferred-json-mapper' (GsonHttpMessageConvertersConfiguration.PreferGsonOrJacksonAndJsonbUnavailableCondition)

   H2ConsoleAutoConfiguration:
      Did not match:
         - @ConditionalOnProperty (spring.h2.console.enabled=true) did not find property 'enabled' (OnPropertyCondition)
      Matched:
         - @ConditionalOnClass found required class 'org.h2.server.web.JakartaWebServlet' (OnClassCondition)
         - found 'session' scope (OnWebApplicationCondition)

   HazelcastAutoConfiguration:
      Did not match:
         - @ConditionalOnClass did not find required class 'com.hazelcast.core.HazelcastInstance' (OnClassCondition)

   HazelcastCacheConfiguration:
      Did not match:
         - @ConditionalOnClass did not find required class 'com.hazelcast.core.HazelcastInstance' (OnClassCondition)

   HazelcastJpaDependencyAutoConfiguration:
      Did not match:
         - @ConditionalOnClass did not find required class 'com.hazelcast.core.HazelcastInstance' (OnClassCondition)

   Http2ClientFeignLoadBalancerConfiguration:
      Did not match:
         - @ConditionalOnClass did not find required class 'feign.http2client.Http2Client' (OnClassCondition)

   HttpClient5FeignLoadBalancerConfiguration:
      Did not match:
         - @ConditionalOnClass did not find required class 'feign.hc5.ApacheHttp5Client' (OnClassCondition)

   HttpHandlerAutoConfiguration:
      Did not match:
         - not a reactive web application (OnWebApplicationCondition)
      Matched:
         - @ConditionalOnClass found required classes 'org.springframework.web.reactive.DispatcherHandler', 'org.springframework.http.server.reactive.HttpHandler' (OnClassCondition)

   HypermediaAutoConfiguration:
      Did not match:
         - @ConditionalOnClass did not find required class 'org.springframework.hateoas.EntityModel' (OnClassCondition)

   InfinispanCacheConfiguration:
      Did not match:
         - @ConditionalOnClass did not find required class 'org.infinispan.spring.embedded.provider.SpringEmbeddedCacheManager' (OnClassCondition)

   IntegrationAutoConfiguration:
      Did not match:
         - @ConditionalOnClass did not find required class 'org.springframework.integration.config.EnableIntegration' (OnClassCondition)

   JCacheCacheConfiguration:
      Did not match:
         - @ConditionalOnClass did not find required class 'javax.cache.Caching' (OnClassCondition)

   JacksonHttpMessageConvertersConfiguration.MappingJackson2XmlHttpMessageConverterConfiguration:
      Did not match:
         - @ConditionalOnClass did not find required class 'com.fasterxml.jackson.dataformat.xml.XmlMapper' (OnClassCondition)

   JdbcRepositoriesAutoConfiguration:
      Did not match:
         - @ConditionalOnClass did not find required class 'org.springframework.data.jdbc.repository.config.AbstractJdbcConfiguration' (OnClassCondition)

   JerseyAutoConfiguration:
      Did not match:
         - @ConditionalOnClass did not find required class 'org.glassfish.jersey.server.spring.SpringComponentProvider' (OnClassCondition)

   JmsAutoConfiguration:
      Did not match:
         - @ConditionalOnClass did not find required class 'jakarta.jms.Message' (OnClassCondition)

   JmxAutoConfiguration:
      Did not match:
         - @ConditionalOnProperty (spring.jmx.enabled=true) found different value in property 'enabled' (OnPropertyCondition)
      Matched:
         - @ConditionalOnClass found required class 'org.springframework.jmx.export.MBeanExporter' (OnClassCondition)

   JndiConnectionFactoryAutoConfiguration:
      Did not match:
         - @ConditionalOnClass did not find required class 'org.springframework.jms.core.JmsTemplate' (OnClassCondition)

   JndiDataSourceAutoConfiguration:
      Did not match:
         - @ConditionalOnProperty (spring.datasource.jndi-name) did not find property 'jndi-name' (OnPropertyCondition)
      Matched:
         - @ConditionalOnClass found required classes 'javax.sql.DataSource', 'org.springframework.jdbc.datasource.embedded.EmbeddedDatabaseType' (OnClassCondition)

   JndiJtaConfiguration:
      Did not match:
         - @ConditionalOnJndi JNDI environment is not available (OnJndiCondition)
      Matched:
         - @ConditionalOnClass found required class 'org.springframework.transaction.jta.JtaTransactionManager' (OnClassCondition)

   JooqAutoConfiguration:
      Did not match:
         - @ConditionalOnClass did not find required class 'org.jooq.DSLContext' (OnClassCondition)

   JpaRepositoriesAutoConfiguration#entityManagerFactoryBootstrapExecutorCustomizer:
      Did not match:
         - AnyNestedCondition 0 matched 2 did not; NestedCondition on JpaRepositoriesAutoConfiguration.BootstrapExecutorCondition.LazyBootstrapMode @ConditionalOnProperty (spring.data.jpa.repositories.bootstrap-mode=lazy) did not find property 'bootstrap-mode'; NestedCondition on JpaRepositoriesAutoConfiguration.BootstrapExecutorCondition.DeferredBootstrapMode @ConditionalOnProperty (spring.data.jpa.repositories.bootstrap-mode=deferred) did not find property 'bootstrap-mode' (JpaRepositoriesAutoConfiguration.BootstrapExecutorCondition)

   JsonbAutoConfiguration:
      Did not match:
         - @ConditionalOnClass did not find required class 'jakarta.json.bind.Jsonb' (OnClassCondition)

   JsonbHttpMessageConvertersConfiguration:
      Did not match:
         - @ConditionalOnClass did not find required class 'jakarta.json.bind.Jsonb' (OnClassCondition)

   KafkaAutoConfiguration:
      Did not match:
         - @ConditionalOnClass did not find required class 'org.springframework.kafka.core.KafkaTemplate' (OnClassCondition)

   LdapAutoConfiguration:
      Did not match:
         - @ConditionalOnClass did not find required class 'org.springframework.ldap.core.ContextSource' (OnClassCondition)

   LdapRepositoriesAutoConfiguration:
      Did not match:
         - @ConditionalOnClass did not find required class 'org.springframework.data.ldap.repository.LdapRepository' (OnClassCondition)

   LiquibaseAutoConfiguration:
      Did not match:
         - @ConditionalOnClass did not find required class 'liquibase.change.DatabaseChange' (OnClassCondition)

   LoadBalancerAutoConfiguration.RetryAutoConfiguration:
      Did not match:
         - @ConditionalOnClass did not find required class 'org.springframework.retry.support.RetryTemplate' (OnClassCondition)

   LoadBalancerAutoConfiguration.RetryInterceptorAutoConfiguration:
      Did not match:
         - @ConditionalOnClass did not find required class 'org.springframework.retry.support.RetryTemplate' (OnClassCondition)

   LoadBalancerCacheAutoConfiguration.CaffeineLoadBalancerCacheManagerConfiguration:
      Did not match:
         - @ConditionalOnClass did not find required class 'com.github.benmanes.caffeine.cache.Caffeine' (OnClassCondition)

   LoadBalancerEurekaAutoConfiguration#zoneConfig:
      Did not match:
         - @ConditionalOnMissingBean (types: org.springframework.cloud.loadbalancer.config.LoadBalancerZoneConfig; SearchStrategy: all) found beans of type 'org.springframework.cloud.loadbalancer.config.LoadBalancerZoneConfig' zoneConfig (OnBeanCondition)

   LoadBalancerStatsAutoConfiguration:
      Did not match:
         - @ConditionalOnClass did not find required class 'io.micrometer.core.instrument.MeterRegistry' (OnClassCondition)

   MailSenderJndiConfiguration:
      Did not match:
         - @ConditionalOnProperty (spring.mail.jndi-name) did not find property 'jndi-name' (OnPropertyCondition)
      Matched:
         - @ConditionalOnClass found required class 'jakarta.mail.Session' (OnClassCondition)

   MailSenderValidatorAutoConfiguration:
      Did not match:
         - @ConditionalOnProperty (spring.mail.test-connection) did not find property 'test-connection' (OnPropertyCondition)

   MessageSourceAutoConfiguration:
      Did not match:
         - ResourceBundle did not find bundle with basename messages (MessageSourceAutoConfiguration.ResourceBundleCondition)

   MongoDataAutoConfiguration#mongoConnectionDetails:
      Did not match:
         - @ConditionalOnMissingBean (types: org.springframework.boot.autoconfigure.mongo.MongoConnectionDetails; SearchStrategy: all) found beans of type 'org.springframework.boot.autoconfigure.mongo.MongoConnectionDetails' mongoConnectionDetails (OnBeanCondition)

   MongoReactiveAutoConfiguration:
      Did not match:
         - @ConditionalOnClass did not find required class 'com.mongodb.reactivestreams.client.MongoClient' (OnClassCondition)

   MongoReactiveDataAutoConfiguration:
      Did not match:
         - @ConditionalOnClass did not find required class 'com.mongodb.reactivestreams.client.MongoClient' (OnClassCondition)

   MongoReactiveRepositoriesAutoConfiguration:
      Did not match:
         - @ConditionalOnClass did not find required class 'com.mongodb.reactivestreams.client.MongoClient' (OnClassCondition)

   MultipleOpenApiSupportConfiguration:
      Did not match:
         - AnyNestedCondition 0 matched 2 did not; NestedCondition on MultipleOpenApiSupportCondition.OnActuatorDifferentPort @ConditionalOnProperty (springdoc.show-actuator) did not find property 'springdoc.show-actuator'; NestedCondition on MultipleOpenApiSupportCondition.OnMultipleOpenApiSupportCondition AnyNestedCondition 0 matched 2 did not; NestedCondition on MultipleOpenApiGroupsCondition.OnGroupConfigProperty @ConditionalOnProperty (springdoc.group-configs[0].group) did not find property 'springdoc.group-configs[0].group'; NestedCondition on MultipleOpenApiGroupsCondition.OnGroupedOpenApiBean @ConditionalOnBean (types: org.springdoc.core.models.GroupedOpenApi; SearchStrategy: all) did not find any beans of type org.springdoc.core.models.GroupedOpenApi (MultipleOpenApiSupportCondition)
      Matched:
         - found 'session' scope (OnWebApplicationCondition)
         - @ConditionalOnProperty (springdoc.api-docs.enabled) matched (OnPropertyCondition)

   MultipleOpenApiSupportConfiguration.SpringDocWebMvcActuatorDifferentConfiguration:
      Did not match:
         - @ConditionalOnClass did not find required class 'org.springframework.boot.actuate.endpoint.web.servlet.WebMvcEndpointHandlerMapping' (OnClassCondition)
         - Ancestor org.springdoc.webmvc.core.configuration.MultipleOpenApiSupportConfiguration did not match (ConditionEvaluationReport.AncestorsMatchedCondition)

   MustacheAutoConfiguration:
      Did not match:
         - @ConditionalOnClass did not find required class 'com.samskivert.mustache.Mustache' (OnClassCondition)

   Neo4jAutoConfiguration:
      Did not match:
         - @ConditionalOnClass did not find required class 'org.neo4j.driver.Driver' (OnClassCondition)

   Neo4jDataAutoConfiguration:
      Did not match:
         - @ConditionalOnClass did not find required class 'org.neo4j.driver.Driver' (OnClassCondition)

   Neo4jReactiveDataAutoConfiguration:
      Did not match:
         - @ConditionalOnClass did not find required class 'org.neo4j.driver.Driver' (OnClassCondition)

   Neo4jReactiveRepositoriesAutoConfiguration:
      Did not match:
         - @ConditionalOnClass did not find required class 'org.neo4j.driver.Driver' (OnClassCondition)

   Neo4jRepositoriesAutoConfiguration:
      Did not match:
         - @ConditionalOnClass did not find required class 'org.neo4j.driver.Driver' (OnClassCondition)

   OAuth2AuthorizationServerAutoConfiguration:
      Did not match:
         - @ConditionalOnClass did not find required class 'org.springframework.security.oauth2.server.authorization.OAuth2Authorization' (OnClassCondition)

   OAuth2AuthorizationServerJwtAutoConfiguration:
      Did not match:
         - @ConditionalOnClass did not find required class 'org.springframework.security.oauth2.server.authorization.OAuth2Authorization' (OnClassCondition)

   OAuth2ClientAutoConfiguration:
      Did not match:
         - @ConditionalOnClass did not find required class 'org.springframework.security.oauth2.client.registration.ClientRegistration' (OnClassCondition)

   OAuth2LoadBalancerClientAutoConfiguration:
      Did not match:
         - @ConditionalOnProperty (spring.cloud.oauth2.load-balanced.enabled) did not find property 'spring.cloud.oauth2.load-balanced.enabled' (OnPropertyCondition)

   OAuth2ResourceServerAutoConfiguration:
      Did not match:
         - @ConditionalOnClass did not find required class 'org.springframework.security.oauth2.server.resource.authentication.BearerTokenAuthenticationToken' (OnClassCondition)

   OkHttpFeignLoadBalancerConfiguration:
      Did not match:
         - @ConditionalOnClass did not find required class 'feign.okhttp.OkHttpClient' (OnClassCondition)

   ProjectInfoAutoConfiguration#buildProperties:
      Did not match:
         - @ConditionalOnResource did not find resource '${spring.info.build.location:classpath:META-INF/build-info.properties}' (OnResourceCondition)

   ProjectInfoAutoConfiguration#gitProperties:
      Did not match:
         - GitResource did not find git info at classpath:git.properties (ProjectInfoAutoConfiguration.GitResourceAvailableCondition)

   PulsarAutoConfiguration:
      Did not match:
         - @ConditionalOnClass did not find required class 'org.apache.pulsar.client.api.PulsarClient' (OnClassCondition)

   PulsarReactiveAutoConfiguration:
      Did not match:
         - @ConditionalOnClass did not find required class 'org.apache.pulsar.client.api.PulsarClient' (OnClassCondition)

   QuartzAutoConfiguration:
      Did not match:
         - @ConditionalOnClass did not find required class 'org.quartz.Scheduler' (OnClassCondition)

   R2dbcAutoConfiguration:
      Did not match:
         - @ConditionalOnClass did not find required class 'io.r2dbc.spi.ConnectionFactory' (OnClassCondition)

   R2dbcDataAutoConfiguration:
      Did not match:
         - @ConditionalOnClass did not find required class 'org.springframework.data.r2dbc.core.R2dbcEntityTemplate' (OnClassCondition)

   R2dbcInitializationConfiguration:
      Did not match:
         - @ConditionalOnClass did not find required classes 'io.r2dbc.spi.ConnectionFactory', 'org.springframework.r2dbc.connection.init.DatabasePopulator' (OnClassCondition)

   R2dbcProxyAutoConfiguration:
      Did not match:
         - @ConditionalOnClass did not find required class 'io.r2dbc.proxy.ProxyConnectionFactory' (OnClassCondition)

   R2dbcRepositoriesAutoConfiguration:
      Did not match:
         - @ConditionalOnClass did not find required class 'io.r2dbc.spi.ConnectionFactory' (OnClassCondition)

   R2dbcTransactionManagerAutoConfiguration:
      Did not match:
         - @ConditionalOnClass did not find required class 'org.springframework.r2dbc.connection.R2dbcTransactionManager' (OnClassCondition)

   RSocketGraphQlClientAutoConfiguration:
      Did not match:
         - @ConditionalOnClass did not find required class 'graphql.GraphQL' (OnClassCondition)

   RSocketMessagingAutoConfiguration:
      Did not match:
         - @ConditionalOnClass did not find required class 'io.rsocket.RSocket' (OnClassCondition)

   RSocketRequesterAutoConfiguration:
      Did not match:
         - @ConditionalOnClass did not find required class 'io.rsocket.RSocket' (OnClassCondition)

   RSocketSecurityAutoConfiguration:
      Did not match:
         - @ConditionalOnClass did not find required class 'org.springframework.security.rsocket.core.SecuritySocketAcceptorInterceptor' (OnClassCondition)

   RSocketServerAutoConfiguration:
      Did not match:
         - @ConditionalOnClass did not find required class 'io.rsocket.core.RSocketServer' (OnClassCondition)

   RSocketStrategiesAutoConfiguration:
      Did not match:
         - @ConditionalOnClass did not find required class 'io.rsocket.RSocket' (OnClassCondition)

   RabbitAutoConfiguration:
      Did not match:
         - @ConditionalOnClass did not find required class 'com.rabbitmq.client.Channel' (OnClassCondition)

   ReactiveCommonsClientAutoConfiguration.ReactiveDiscoveryLoadBalancerConfiguration:
      Did not match:
         - @ConditionalOnClass did not find required class 'org.springframework.boot.actuate.health.ReactiveHealthIndicator' (OnClassCondition)

   ReactiveElasticsearchClientAutoConfiguration:
      Did not match:
         - @ConditionalOnClass did not find required class 'co.elastic.clients.transport.ElasticsearchTransport' (OnClassCondition)

   ReactiveElasticsearchRepositoriesAutoConfiguration:
      Did not match:
         - @ConditionalOnClass did not find required class 'org.springframework.data.elasticsearch.client.elc.ReactiveElasticsearchClient' (OnClassCondition)

   ReactiveMultipartAutoConfiguration:
      Did not match:
         - not a reactive web application (OnWebApplicationCondition)
      Matched:
         - @ConditionalOnClass found required classes 'org.springframework.http.codec.multipart.DefaultPartHttpMessageReader', 'org.springframework.web.reactive.config.WebFluxConfigurer' (OnClassCondition)

   ReactiveOAuth2ClientAutoConfiguration:
      Did not match:
         - @ConditionalOnClass did not find required class 'org.springframework.security.oauth2.client.registration.ClientRegistration' (OnClassCondition)

   ReactiveOAuth2ResourceServerAutoConfiguration:
      Did not match:
         - not a reactive web application (OnWebApplicationCondition)
      Matched:
         - @ConditionalOnClass found required class 'org.springframework.security.config.annotation.web.reactive.EnableWebFluxSecurity' (OnClassCondition)

   ReactiveSecurityAutoConfiguration.SpringBootWebFluxSecurityConfiguration:
      Did not match:
         - not a reactive web application (OnWebApplicationCondition)

   ReactiveUserDetailsServiceAutoConfiguration:
      Did not match:
         - AnyNestedCondition 0 matched 2 did not; NestedCondition on ReactiveUserDetailsServiceAutoConfiguration.RSocketEnabledOrReactiveWebApplication.ReactiveWebApplicationCondition not a reactive web application; NestedCondition on ReactiveUserDetailsServiceAutoConfiguration.RSocketEnabledOrReactiveWebApplication.RSocketSecurityEnabledCondition @ConditionalOnBean (types: org.springframework.messaging.rsocket.annotation.support.RSocketMessageHandler; SearchStrategy: all) did not find any beans of type org.springframework.messaging.rsocket.annotation.support.RSocketMessageHandler (ReactiveUserDetailsServiceAutoConfiguration.RSocketEnabledOrReactiveWebApplication)
      Matched:
         - @ConditionalOnClass found required class 'org.springframework.security.authentication.ReactiveAuthenticationManager' (OnClassCondition)
         - AnyNestedCondition 1 matched 2 did not; NestedCondition on ReactiveUserDetailsServiceAutoConfiguration.MissingAlternativeOrUserPropertiesConfigured.PasswordConfigured @ConditionalOnProperty (spring.security.user.password) did not find property 'password'; NestedCondition on ReactiveUserDetailsServiceAutoConfiguration.MissingAlternativeOrUserPropertiesConfigured.NameConfigured @ConditionalOnProperty (spring.security.user.name) did not find property 'name'; NestedCondition on ReactiveUserDetailsServiceAutoConfiguration.MissingAlternativeOrUserPropertiesConfigured.MissingAlternative @ConditionalOnMissingClass did not find unwanted classes 'org.springframework.security.oauth2.client.registration.ClientRegistrationRepository', 'org.springframework.security.oauth2.server.resource.introspection.ReactiveOpaqueTokenIntrospector' (ReactiveUserDetailsServiceAutoConfiguration.MissingAlternativeOrUserPropertiesConfigured)

   ReactiveWebServerFactoryAutoConfiguration:
      Did not match:
         - not a reactive web application (OnWebApplicationCondition)
      Matched:
         - @ConditionalOnClass found required class 'org.springframework.http.ReactiveHttpInputMessage' (OnClassCondition)

   ReactorLoadBalancerClientAutoConfiguration#loadBalancerRetryPolicy:
      Did not match:
         - @ConditionalOnProperty (spring.cloud.loadbalancer.retry.enabled=true) did not find property 'spring.cloud.loadbalancer.retry.enabled' (OnPropertyCondition)

   ReactorLoadBalancerClientAutoConfiguration#retryableLoadBalancerExchangeFilterFunction:
      Did not match:
         - @ConditionalOnProperty (spring.cloud.loadbalancer.retry.enabled=true) did not find property 'spring.cloud.loadbalancer.retry.enabled' (OnPropertyCondition)

   RedisAutoConfiguration:
      Did not match:
         - @ConditionalOnClass did not find required class 'org.springframework.data.redis.core.RedisOperations' (OnClassCondition)

   RedisCacheConfiguration:
      Did not match:
         - @ConditionalOnClass did not find required class 'org.springframework.data.redis.connection.RedisConnectionFactory' (OnClassCondition)

   RedisReactiveAutoConfiguration:
      Did not match:
         - @ConditionalOnClass did not find required class 'org.springframework.data.redis.connection.ReactiveRedisConnectionFactory' (OnClassCondition)

   RedisRepositoriesAutoConfiguration:
      Did not match:
         - @ConditionalOnClass did not find required class 'org.springframework.data.redis.repository.configuration.EnableRedisRepositories' (OnClassCondition)

   RefreshAutoConfiguration#legacyContextRefresher:
      Did not match:
         - AnyNestedCondition 0 matched 3 did not; NestedCondition on ConditionalOnBootstrapEnabled.OnBootstrapEnabledCondition.OnBootstrapEnabled @ConditionalOnProperty (spring.cloud.bootstrap.enabled) did not find property 'spring.cloud.bootstrap.enabled'; NestedCondition on ConditionalOnBootstrapEnabled.OnBootstrapEnabledCondition.OnUseLegacyProcessingEnabled @ConditionalOnProperty (spring.config.use-legacy-processing) did not find property 'spring.config.use-legacy-processing'; NestedCondition on ConditionalOnBootstrapEnabled.OnBootstrapEnabledCondition.OnBootstrapMarkerClassPresent @ConditionalOnClass did not find required class 'org.springframework.cloud.bootstrap.marker.Marker' (ConditionalOnBootstrapEnabled.OnBootstrapEnabledCondition)

   RefreshAutoConfiguration.JpaInvokerConfiguration:
      Did not match:
         - @ConditionalOnClass did not find required class 'javax.persistence.EntityManagerFactory' (OnClassCondition)

   RefreshEndpointAutoConfiguration:
      Did not match:
         - @ConditionalOnClass did not find required class 'org.springframework.boot.actuate.autoconfigure.endpoint.EndpointAutoConfiguration' (OnClassCondition)

   RepositoryRestMvcAutoConfiguration:
      Did not match:
         - @ConditionalOnClass did not find required class 'org.springframework.data.rest.webmvc.config.RepositoryRestMvcConfiguration' (OnClassCondition)

   Saml2RelyingPartyAutoConfiguration:
      Did not match:
         - @ConditionalOnClass did not find required class 'org.springframework.security.saml2.provider.service.registration.RelyingPartyRegistrationRepository' (OnClassCondition)

   SecurityDataConfiguration:
      Did not match:
         - @ConditionalOnClass did not find required class 'org.springframework.security.data.repository.query.SecurityEvaluationContextExtension' (OnClassCondition)

   SendGridAutoConfiguration:
      Did not match:
         - @ConditionalOnClass did not find required class 'com.sendgrid.SendGrid' (OnClassCondition)

   ServiceRegistryAutoConfiguration.ServiceRegistryEndpointConfiguration:
      Did not match:
         - @ConditionalOnClass did not find required class 'org.springframework.boot.actuate.endpoint.annotation.Endpoint' (OnClassCondition)

   ServletWebServerFactoryAutoConfiguration.ForwardedHeaderFilterConfiguration:
      Did not match:
         - @ConditionalOnProperty (server.forward-headers-strategy=framework) did not find property 'server.forward-headers-strategy' (OnPropertyCondition)

   ServletWebServerFactoryConfiguration.EmbeddedJetty:
      Did not match:
         - @ConditionalOnClass did not find required classes 'org.eclipse.jetty.server.Server', 'org.eclipse.jetty.util.Loader', 'org.eclipse.jetty.ee10.webapp.WebAppContext' (OnClassCondition)

   ServletWebServerFactoryConfiguration.EmbeddedUndertow:
      Did not match:
         - @ConditionalOnClass did not find required classes 'io.undertow.Undertow', 'org.xnio.SslClientAuthMode' (OnClassCondition)

   SessionAutoConfiguration:
      Did not match:
         - @ConditionalOnClass did not find required class 'org.springframework.session.Session' (OnClassCondition)

   SimpleReactiveDiscoveryClientAutoConfiguration.HealthConfiguration:
      Did not match:
         - @ConditionalOnClass did not find required class 'org.springframework.boot.actuate.health.ReactiveHealthIndicator' (OnClassCondition)

   SpringApplicationAdminJmxAutoConfiguration:
      Did not match:
         - @ConditionalOnProperty (spring.application.admin.enabled=true) did not find property 'enabled' (OnPropertyCondition)

   SpringDocConfiguration#propertiesResolverForSchema:
      Did not match:
         - @ConditionalOnProperty (springdoc.api-docs.resolve-schema-properties) did not find property 'springdoc.api-docs.resolve-schema-properties' (OnPropertyCondition)

   SpringDocConfiguration#propertyCustomizingConverter:
      Did not match:
         - @ConditionalOnBean (types: org.springdoc.core.customizers.PropertyCustomizer; SearchStrategy: all) did not find any beans of type org.springdoc.core.customizers.PropertyCustomizer (OnBeanCondition)

   SpringDocConfiguration#springdocBeanFactoryPostProcessor:
      Did not match:
         - AnyNestedCondition 0 matched 2 did not; NestedCondition on CacheOrGroupedOpenApiCondition.OnCacheDisabled found non-matching nested conditions @ConditionalOnProperty (springdoc.cache.disabled) did not find property 'springdoc.cache.disabled'; NestedCondition on CacheOrGroupedOpenApiCondition.OnMultipleOpenApiSupportCondition AnyNestedCondition 0 matched 2 did not; NestedCondition on MultipleOpenApiSupportCondition.OnActuatorDifferentPort @ConditionalOnProperty (springdoc.show-actuator) did not find property 'springdoc.show-actuator'; NestedCondition on MultipleOpenApiSupportCondition.OnMultipleOpenApiSupportCondition AnyNestedCondition 0 matched 2 did not; NestedCondition on MultipleOpenApiGroupsCondition.OnGroupConfigProperty @ConditionalOnProperty (springdoc.group-configs[0].group) did not find property 'springdoc.group-configs[0].group'; NestedCondition on MultipleOpenApiGroupsCondition.OnGroupedOpenApiBean @ConditionalOnBean (types: org.springdoc.core.models.GroupedOpenApi; SearchStrategy: all) did not find any beans of type org.springdoc.core.models.GroupedOpenApi (CacheOrGroupedOpenApiCondition)
      Matched:
         - @ConditionalOnClass found required class 'org.springframework.boot.context.properties.bind.BindResult' (OnClassCondition)

   SpringDocConfiguration#springdocBeanFactoryPostProcessor2:
      Did not match:
         - @ConditionalOnMissingClass found unwanted class 'org.springframework.boot.context.properties.bind.BindResult' (OnClassCondition)

   SpringDocConfiguration.SpringDocActuatorConfiguration:
      Did not match:
         - @ConditionalOnClass did not find required class 'org.springframework.boot.actuate.autoconfigure.endpoint.web.WebEndpointProperties' (OnClassCondition)

   SpringDocConfiguration.SpringDocRepositoryRestConfiguration:
      Did not match:
         - @ConditionalOnClass did not find required class 'org.springframework.data.rest.core.config.RepositoryRestConfiguration' (OnClassCondition)

   SpringDocDataRestConfiguration:
      Did not match:
         - @ConditionalOnClass did not find required class 'org.springframework.data.rest.core.config.RepositoryRestConfiguration' (OnClassCondition)

   SpringDocFunctionCatalogConfiguration:
      Did not match:
         - @ConditionalOnClass did not find required class 'org.springframework.cloud.function.web.function.FunctionEndpointInitializer' (OnClassCondition)

   SpringDocGroovyConfiguration:
      Did not match:
         - @ConditionalOnClass did not find required class 'groovy.lang.MetaClass' (OnClassCondition)

   SpringDocHateoasConfiguration:
      Did not match:
         - @ConditionalOnClass did not find required class 'org.springframework.hateoas.server.LinkRelationProvider' (OnClassCondition)

   SpringDocJacksonKotlinModuleConfiguration:
      Did not match:
         - @ConditionalOnClass did not find required class 'com.fasterxml.jackson.module.kotlin.KotlinModule' (OnClassCondition)

   SpringDocJavadocConfiguration:
      Did not match:
         - @ConditionalOnClass did not find required class 'com.github.therapi.runtimejavadoc.CommentFormatter' (OnClassCondition)

   SpringDocKotlinConfiguration:
      Did not match:
         - @ConditionalOnClass did not find required class 'kotlin.coroutines.Continuation' (OnClassCondition)

   SpringDocKotlinxConfiguration:
      Did not match:
         - @ConditionalOnClass did not find required class 'kotlinx.coroutines.flow.Flow' (OnClassCondition)

   SpringDocSecurityConfiguration.SpringDocSecurityOAuth2Configuration:
      Did not match:
         - @ConditionalOnClass did not find required class 'org.springframework.security.oauth2.server.authorization.OAuth2AuthorizationService' (OnClassCondition)

   SpringDocSecurityConfiguration.SpringSecurityLoginEndpointConfiguration#springSecurityLoginEndpointCustomiser:
      Did not match:
         - @ConditionalOnProperty (springdoc.show-login-endpoint) did not find property 'springdoc.show-login-endpoint' (OnPropertyCondition)

   SpringDocSortConfiguration#delegatingMethodParameterCustomizer:
      Did not match:
         - @ConditionalOnMissingBean (types: org.springdoc.core.customizers.DelegatingMethodParameterCustomizer; SearchStrategy: all) found beans of type 'org.springdoc.core.customizers.DelegatingMethodParameterCustomizer' delegatingMethodParameterCustomizer (OnBeanCondition)

   SpringDocWebMvcConfiguration.SpringDocWebMvcActuatorConfiguration:
      Did not match:
         - @ConditionalOnClass did not find required class 'org.springframework.boot.actuate.endpoint.web.servlet.WebMvcEndpointHandlerMapping' (OnClassCondition)

   SwaggerConfig#springWebProvider:
      Did not match:
         - @ConditionalOnMissingBean (types: org.springdoc.core.providers.SpringWebProvider; SearchStrategy: all) found beans of type 'org.springdoc.core.providers.SpringWebProvider' springWebProvider (OnBeanCondition)

   SwaggerConfig#swaggerUiConfigParameters:
      Did not match:
         - @ConditionalOnMissingBean (types: org.springdoc.core.properties.SwaggerUiConfigParameters; SearchStrategy: all) found beans of type 'org.springdoc.core.properties.SwaggerUiConfigParameters' org.springdoc.core.properties.SwaggerUiConfigParameters (OnBeanCondition)

   SwaggerConfig#swaggerUiHome:
      Did not match:
         - @ConditionalOnProperty (springdoc.swagger-ui.use-root-path=true) did not find property 'springdoc.swagger-ui.use-root-path' (OnPropertyCondition)

   SwaggerConfig.SwaggerActuatorWelcomeConfiguration:
      Did not match:
         - @ConditionalOnClass did not find required class 'org.springframework.boot.actuate.endpoint.web.servlet.WebMvcEndpointHandlerMapping' (OnClassCondition)

   TaskExecutorConfigurations.SimpleAsyncTaskExecutorBuilderConfiguration#simpleAsyncTaskExecutorBuilderVirtualThreads:
      Did not match:
         - @ConditionalOnMissingBean (types: org.springframework.boot.task.SimpleAsyncTaskExecutorBuilder; SearchStrategy: all) found beans of type 'org.springframework.boot.task.SimpleAsyncTaskExecutorBuilder' simpleAsyncTaskExecutorBuilder (OnBeanCondition)

   TaskExecutorConfigurations.TaskExecutorConfiguration#applicationTaskExecutorVirtualThreads:
      Did not match:
         - @ConditionalOnThreading did not find VIRTUAL (OnThreadingCondition)

   TaskSchedulingAutoConfiguration#scheduledBeanLazyInitializationExcludeFilter:
      Did not match:
         - @ConditionalOnBean (names: org.springframework.context.annotation.internalScheduledAnnotationProcessor; SearchStrategy: all) did not find any beans named org.springframework.context.annotation.internalScheduledAnnotationProcessor (OnBeanCondition)

   TaskSchedulingConfigurations.SimpleAsyncTaskSchedulerBuilderConfiguration#simpleAsyncTaskSchedulerBuilderVirtualThreads:
      Did not match:
         - @ConditionalOnMissingBean (types: org.springframework.boot.task.SimpleAsyncTaskSchedulerBuilder; SearchStrategy: all) found beans of type 'org.springframework.boot.task.SimpleAsyncTaskSchedulerBuilder' simpleAsyncTaskSchedulerBuilder (OnBeanCondition)

   TaskSchedulingConfigurations.TaskSchedulerConfiguration:
      Did not match:
         - @ConditionalOnBean (names: org.springframework.context.annotation.internalScheduledAnnotationProcessor; SearchStrategy: all) did not find any beans named org.springframework.context.annotation.internalScheduledAnnotationProcessor (OnBeanCondition)

   ThymeleafAutoConfiguration:
      Did not match:
         - @ConditionalOnClass did not find required class 'org.thymeleaf.spring6.SpringTemplateEngine' (OnClassCondition)

   TransactionAutoConfiguration#transactionalOperator:
      Did not match:
         - @ConditionalOnSingleCandidate (types: org.springframework.transaction.ReactiveTransactionManager; SearchStrategy: all) did not find any beans (OnBeanCondition)

   TransactionAutoConfiguration.AspectJTransactionManagementConfiguration:
      Did not match:
         - @ConditionalOnBean (types: org.springframework.transaction.aspectj.AbstractTransactionAspect; SearchStrategy: all) did not find any beans of type org.springframework.transaction.aspectj.AbstractTransactionAspect (OnBeanCondition)

   TransactionAutoConfiguration.EnableTransactionManagementConfiguration.JdkDynamicAutoProxyConfiguration:
      Did not match:
         - @ConditionalOnProperty (spring.aop.proxy-target-class=false) did not find property 'proxy-target-class' (OnPropertyCondition)

   ValidationAutoConfiguration:
      Did not match:
         - @ConditionalOnResource did not find resource 'classpath:META-INF/services/jakarta.validation.spi.ValidationProvider' (OnResourceCondition)
      Matched:
         - @ConditionalOnClass found required class 'jakarta.validation.executable.ExecutableValidator' (OnClassCondition)

   WebFluxAutoConfiguration:
      Did not match:
         - not a reactive web application (OnWebApplicationCondition)
      Matched:
         - @ConditionalOnClass found required class 'org.springframework.web.reactive.config.WebFluxConfigurer' (OnClassCondition)

   WebMvcAutoConfiguration#hiddenHttpMethodFilter:
      Did not match:
         - @ConditionalOnProperty (spring.mvc.hiddenmethod.filter.enabled) did not find property 'enabled' (OnPropertyCondition)

   WebMvcAutoConfiguration.ProblemDetailsErrorHandlingConfiguration:
      Did not match:
         - @ConditionalOnProperty (spring.mvc.problemdetails.enabled=true) did not find property 'enabled' (OnPropertyCondition)

   WebMvcAutoConfiguration.ResourceChainCustomizerConfiguration:
      Did not match:
         - @ConditionalOnEnabledResourceChain did not find class org.webjars.WebJarVersionLocator (OnEnabledResourceChainCondition)

   WebMvcAutoConfiguration.WebMvcAutoConfigurationAdapter#beanNameViewResolver:
      Did not match:
         - @ConditionalOnMissingBean (types: org.springframework.web.servlet.view.BeanNameViewResolver; SearchStrategy: all) found beans of type 'org.springframework.web.servlet.view.BeanNameViewResolver' beanNameViewResolver (OnBeanCondition)

   WebServicesAutoConfiguration#wsdlDefinitionBeanFactoryPostProcessor:
      Did not match:
         - WSDL locations did not find property spring.webservices.wsdl-locations (OnWsdlLocationsCondition)

   WebSessionIdResolverAutoConfiguration:
      Did not match:
         - not a reactive web application (OnWebApplicationCondition)
      Matched:
         - @ConditionalOnClass found required classes 'org.springframework.web.server.session.WebSessionManager', 'reactor.core.publisher.Mono' (OnClassCondition)

   WebSocketMessagingAutoConfiguration:
      Did not match:
         - @ConditionalOnClass did not find required class 'org.springframework.web.socket.config.annotation.WebSocketMessageBrokerConfigurer' (OnClassCondition)

   WebSocketReactiveAutoConfiguration:
      Did not match:
         - not a reactive web application (OnWebApplicationCondition)
      Matched:
         - @ConditionalOnClass found required classes 'jakarta.servlet.Servlet', 'jakarta.websocket.server.ServerContainer' (OnClassCondition)

   WebSocketServletAutoConfiguration.JettyWebSocketConfiguration:
      Did not match:
         - @ConditionalOnClass did not find required class 'org.eclipse.jetty.ee10.websocket.jakarta.server.config.JakartaWebSocketServletContainerInitializer' (OnClassCondition)

   WebSocketServletAutoConfiguration.UndertowWebSocketConfiguration:
      Did not match:
         - @ConditionalOnClass did not find required class 'io.undertow.websockets.jsr.Bootstrap' (OnClassCondition)

   WritableEnvironmentEndpointAutoConfiguration:
      Did not match:
         - @ConditionalOnClass did not find required class 'org.springframework.boot.actuate.autoconfigure.env.EnvironmentEndpointProperties' (OnClassCondition)

   XADataSourceAutoConfiguration:
      Did not match:
         - @ConditionalOnBean (types: org.springframework.boot.jdbc.XADataSourceWrapper; SearchStrategy: all) did not find any beans of type org.springframework.boot.jdbc.XADataSourceWrapper (OnBeanCondition)
      Matched:
         - @ConditionalOnClass found required classes 'javax.sql.DataSource', 'jakarta.transaction.TransactionManager', 'org.springframework.jdbc.datasource.embedded.EmbeddedDatabaseType' (OnClassCondition)


Exclusions:
-----------

    None


Unconditional classes:
----------------------

    org.springframework.boot.autoconfigure.context.ConfigurationPropertiesAutoConfiguration

    org.springframework.cloud.client.ReactiveCommonsClientAutoConfiguration

    org.springframework.boot.autoconfigure.ssl.SslAutoConfiguration

    org.springframework.cloud.client.discovery.simple.SimpleDiscoveryClientAutoConfiguration

    org.springframework.boot.autoconfigure.context.PropertyPlaceholderAutoConfiguration

    org.springframework.boot.autoconfigure.context.LifecycleAutoConfiguration

    org.springframework.cloud.client.CommonsClientAutoConfiguration

    org.springframework.cloud.commons.config.CommonsConfigAutoConfiguration

    org.springframework.cloud.netflix.eureka.config.DiscoveryClientOptionalArgsConfiguration

    org.springframework.cloud.client.loadbalancer.LoadBalancerDefaultMappingsProviderAutoConfiguration

    org.springframework.cloud.client.discovery.composite.CompositeDiscoveryClientAutoConfiguration

    org.springframework.cloud.client.serviceregistry.ServiceRegistryAutoConfiguration

    org.springframework.cloud.autoconfigure.LifecycleMvcEndpointAutoConfiguration

    org.springdoc.core.configuration.SpringDocSpecPropertiesConfiguration

    org.springframework.boot.autoconfigure.availability.ApplicationAvailabilityAutoConfiguration

    org.springframework.boot.autoconfigure.info.ProjectInfoAutoConfiguration



]]></system-err>
  </testcase>
</testsuite>